Fri 31 Oct 2025 09:49:17 INFO  
General Hyper Parameters:
gpu_id = 0
use_gpu = True
seed = 212
state = INFO
reproducibility = True
data_path = ./recbole/data/dataset/Amazon_Sports_and_Outdoors
show_progress = True
save_dataset = False
save_dataloaders = False
benchmark_filename = None

Training Hyper Parameters:
checkpoint_dir = saved
epochs = 200
train_batch_size = 512
learner = adam
learning_rate = 0.0001
eval_step = 2
stopping_step = 10
clip_grad_norm = None
weight_decay = 0.0
loss_decimal_place = 4

Evaluation Hyper Parameters:
eval_args = {'split': {'LS': 'valid_and_test'}, 'group_by': 'user', 'order': 'TO', 'mode': 'full'}
metrics = ['Recall', 'NDCG']
topk = [3, 5, 10, 20]
valid_metric = Recall@10
valid_metric_bigger = True
eval_batch_size = 256
metric_decimal_place = 4

Dataset Hyper Parameters:
field_separator = 	
seq_separator =  
USER_ID_FIELD = user_id
ITEM_ID_FIELD = item_id
RATING_FIELD = rating
TIME_FIELD = timestamp
seq_len = None
LABEL_FIELD = label
threshold = None
NEG_PREFIX = neg_
load_col = {'inter': ['user_id', 'item_id', 'rating', 'timestamp'], 'item': ['item_id', 'title', 'sales_rank', 'price', 'brand', 'categories', 'sales_type'], 'title_original': ['ent_id', 'ent_emb'], 'image_original': ['img_id', 'img_emb']}
unload_col = None
unused_col = None
additional_feat_suffix = ['title_original', 'image_original']
rm_dup_inter = None
val_interval = None
filter_inter_by_user_or_item = True
user_inter_num_interval = [5,inf)
item_inter_num_interval = [5,inf)
alias_of_user_id = None
alias_of_item_id = ['ent_id', 'img_id']
alias_of_entity_id = None
alias_of_relation_id = None
preload_weight = {'ent_id': 'ent_emb', 'img_id': 'img_emb'}
normalize_field = None
normalize_all = None
ITEM_LIST_LENGTH_FIELD = item_length
LIST_SUFFIX = _list
MAX_ITEM_LIST_LENGTH = 50
POSITION_FIELD = position_id
HEAD_ENTITY_ID_FIELD = head_id
TAIL_ENTITY_ID_FIELD = tail_id
RELATION_ID_FIELD = relation_id
ENTITY_ID_FIELD = entity_id

Other Hyper Parameters: 
neg_sampling = None
multi_gpus = False
repeatable = True
n_layers = 3
n_heads = 8
hidden_size = 256
attribute_hidden_size = [128, 128]
inner_size = 256
hidden_dropout_prob = 0.5
attn_dropout_prob = 0.3
hidden_act = gelu
layer_norm_eps = 1e-12
initializer_range = 0.02
selected_features = ['ent_emb', 'img_emb']
pooling_mode = sum
loss_type = CE
weight_sharing = not
fusion_type = gate
lamdas = [5, 5]
attribute_predictor = ['cos_sim', 'cos_sim']
MODEL_TYPE = ModelType.SEQUENTIAL
orig_attribute_hidden_size = [1024, 4096]
feature_type = ['static', 'static']
wandb_run_name = log_mlp_titles_images
annealing = False
MODEL_INPUT_TYPE = InputType.POINTWISE
eval_type = EvaluatorType.RANKING
device = cuda
train_neg_sample_args = {'strategy': 'none'}
eval_neg_sample_args = {'strategy': 'full', 'distribution': 'uniform'}


Fri 31 Oct 2025 09:49:35 INFO  Amazon_Sports_and_Outdoors
The number of users: 35599
Average actions of users: 8.324540704533963
The number of items: 18358
Average actions of items: 16.142997221768262
The number of inters: 296337
The sparsity of the dataset: 99.95465569853714%
Remain Fields: ['user_id', 'item_id', 'rating', 'timestamp', 'title', 'price', 'brand', 'categories', 'sales_type', 'sales_rank', 'ent_id', 'ent_emb', 'img_id', 'img_emb']
Fri 31 Oct 2025 09:49:39 INFO  [Training]: train_batch_size = [512] negative sampling: [None]
Fri 31 Oct 2025 09:49:39 INFO  [Evaluation]: eval_batch_size = [256] eval_args: [{'split': {'LS': 'valid_and_test'}, 'group_by': 'user', 'order': 'TO', 'mode': 'full'}]
Fri 31 Oct 2025 09:49:42 INFO  SASRecD(
  (item_embedding): Embedding(18358, 256, padding_idx=0)
  (position_embedding): Embedding(50, 256)
  (feature_embed_layer_list): ModuleList(
    (0): Embedding(
      18358, 1024
      (mlp): MLP(
        (net): Sequential(
          (0): Linear(in_features=1024, out_features=512, bias=True)
          (1): ReLU()
          (2): Dropout(p=0.1, inplace=False)
          (3): Linear(in_features=512, out_features=256, bias=True)
          (4): ReLU()
          (5): Dropout(p=0.1, inplace=False)
          (6): Linear(in_features=256, out_features=128, bias=True)
          (7): LayerNorm((128,), eps=1e-05, elementwise_affine=True)
        )
      )
    )
    (1): Embedding(
      18358, 4096
      (mlp): MLP(
        (net): Sequential(
          (0): Linear(in_features=4096, out_features=2048, bias=True)
          (1): ReLU()
          (2): Dropout(p=0.1, inplace=False)
          (3): Linear(in_features=2048, out_features=1024, bias=True)
          (4): ReLU()
          (5): Dropout(p=0.1, inplace=False)
          (6): Linear(in_features=1024, out_features=512, bias=True)
          (7): ReLU()
          (8): Dropout(p=0.1, inplace=False)
          (9): Linear(in_features=512, out_features=256, bias=True)
          (10): ReLU()
          (11): Dropout(p=0.1, inplace=False)
          (12): Linear(in_features=256, out_features=128, bias=True)
          (13): LayerNorm((128,), eps=1e-05, elementwise_affine=True)
        )
      )
    )
  )
  (trm_encoder): DIFTransformerEncoder(
    (layer): ModuleList(
      (0-2): 3 x DIFTransformerLayer(
        (multi_head_attention): DIFMultiHeadAttention(
          (query): Linear(in_features=256, out_features=256, bias=True)
          (key): Linear(in_features=256, out_features=256, bias=True)
          (value): Linear(in_features=256, out_features=256, bias=True)
          (query_p): Linear(in_features=256, out_features=256, bias=True)
          (key_p): Linear(in_features=256, out_features=256, bias=True)
          (query_layers): ModuleList(
            (0-1): 2 x Linear(in_features=128, out_features=128, bias=True)
          )
          (key_layers): ModuleList(
            (0-1): 2 x Linear(in_features=128, out_features=128, bias=True)
          )
          (fusion_layer): VanillaAttention(
            (projection): Sequential(
              (0): Linear(in_features=50, out_features=50, bias=True)
              (1): ReLU(inplace=True)
              (2): Linear(in_features=50, out_features=1, bias=True)
            )
          )
          (attn_dropout): Dropout(p=0.3, inplace=False)
          (dense): Linear(in_features=256, out_features=256, bias=True)
          (LayerNorm): LayerNorm((256,), eps=1e-12, elementwise_affine=True)
          (out_dropout): Dropout(p=0.5, inplace=False)
        )
        (feed_forward): FeedForward(
          (dense_1): Linear(in_features=256, out_features=256, bias=True)
          (dense_2): Linear(in_features=256, out_features=256, bias=True)
          (LayerNorm): LayerNorm((256,), eps=1e-12, elementwise_affine=True)
          (dropout): Dropout(p=0.5, inplace=False)
        )
      )
    )
  )
  (ap): ModuleList(
    (0): Linear(in_features=256, out_features=1024, bias=True)
    (1): Linear(in_features=256, out_features=4096, bias=True)
  )
  (LayerNorm): LayerNorm((256,), eps=1e-12, elementwise_affine=True)
  (dropout): Dropout(p=0.5, inplace=False)
  (loss_fct): CrossEntropyLoss()
  (attribute_loss_fct): BCEWithLogitsLoss()
)
Trainable parameters: 19684219
Fri 31 Oct 2025 09:50:43 INFO  epoch 0 training [time: 60.92s, train loss: 4449.9180]
Fri 31 Oct 2025 09:51:44 INFO  epoch 1 training [time: 60.24s, train loss: 4200.0452]
Fri 31 Oct 2025 09:51:49 INFO  epoch 1 evaluating [time: 4.98s, valid_score: 0.012900]
Fri 31 Oct 2025 09:51:49 INFO  valid result: 
recall@3 : 0.006    recall@5 : 0.0082    recall@10 : 0.0129    recall@20 : 0.0224    ndcg@3 : 0.0044    ndcg@5 : 0.0053    ndcg@10 : 0.0068    ndcg@20 : 0.0092    
Fri 31 Oct 2025 09:51:50 INFO  Saving current best: saved/SASRecD-Oct-31-2025_09-49-42.pth
Fri 31 Oct 2025 09:52:49 INFO  epoch 2 training [time: 59.38s, train loss: 4183.6360]
Fri 31 Oct 2025 09:53:49 INFO  epoch 3 training [time: 59.42s, train loss: 4146.1129]
Fri 31 Oct 2025 09:53:54 INFO  epoch 3 evaluating [time: 4.89s, valid_score: 0.017300]
Fri 31 Oct 2025 09:53:54 INFO  valid result: 
recall@3 : 0.0067    recall@5 : 0.0097    recall@10 : 0.0173    recall@20 : 0.0319    ndcg@3 : 0.0049    ndcg@5 : 0.0061    ndcg@10 : 0.0085    ndcg@20 : 0.0122    
Fri 31 Oct 2025 09:53:55 INFO  Saving current best: saved/SASRecD-Oct-31-2025_09-49-42.pth
Fri 31 Oct 2025 09:54:54 INFO  epoch 4 training [time: 59.30s, train loss: 4060.5170]
Fri 31 Oct 2025 09:55:53 INFO  epoch 5 training [time: 59.63s, train loss: 3991.4464]
Fri 31 Oct 2025 09:55:58 INFO  epoch 5 evaluating [time: 4.89s, valid_score: 0.024800]
Fri 31 Oct 2025 09:55:58 INFO  valid result: 
recall@3 : 0.0088    recall@5 : 0.0141    recall@10 : 0.0248    recall@20 : 0.0417    ndcg@3 : 0.0062    ndcg@5 : 0.0084    ndcg@10 : 0.0117    ndcg@20 : 0.016    
Fri 31 Oct 2025 09:55:59 INFO  Saving current best: saved/SASRecD-Oct-31-2025_09-49-42.pth
Fri 31 Oct 2025 09:56:58 INFO  epoch 6 training [time: 59.28s, train loss: 3930.8301]
Fri 31 Oct 2025 09:57:58 INFO  epoch 7 training [time: 59.55s, train loss: 3872.8130]
Fri 31 Oct 2025 09:58:03 INFO  epoch 7 evaluating [time: 4.89s, valid_score: 0.033200]
Fri 31 Oct 2025 09:58:03 INFO  valid result: 
recall@3 : 0.0127    recall@5 : 0.0195    recall@10 : 0.0332    recall@20 : 0.0548    ndcg@3 : 0.0083    ndcg@5 : 0.0111    ndcg@10 : 0.0155    ndcg@20 : 0.0209    
Fri 31 Oct 2025 09:58:04 INFO  Saving current best: saved/SASRecD-Oct-31-2025_09-49-42.pth
Fri 31 Oct 2025 09:59:03 INFO  epoch 8 training [time: 59.64s, train loss: 3815.4784]
Fri 31 Oct 2025 10:00:04 INFO  epoch 9 training [time: 60.53s, train loss: 3761.4695]
Fri 31 Oct 2025 10:00:08 INFO  epoch 9 evaluating [time: 4.06s, valid_score: 0.042200]
Fri 31 Oct 2025 10:00:08 INFO  valid result: 
recall@3 : 0.0182    recall@5 : 0.0268    recall@10 : 0.0422    recall@20 : 0.0666    ndcg@3 : 0.0116    ndcg@5 : 0.0151    ndcg@10 : 0.02    ndcg@20 : 0.0262    
Fri 31 Oct 2025 10:00:09 INFO  Saving current best: saved/SASRecD-Oct-31-2025_09-49-42.pth
Fri 31 Oct 2025 10:01:08 INFO  epoch 10 training [time: 59.48s, train loss: 3709.1246]
Fri 31 Oct 2025 10:02:08 INFO  epoch 11 training [time: 60.04s, train loss: 3659.8280]
Fri 31 Oct 2025 10:02:12 INFO  epoch 11 evaluating [time: 4.18s, valid_score: 0.049800]
Fri 31 Oct 2025 10:02:12 INFO  valid result: 
recall@3 : 0.0211    recall@5 : 0.0301    recall@10 : 0.0498    recall@20 : 0.0755    ndcg@3 : 0.0133    ndcg@5 : 0.017    ndcg@10 : 0.0233    ndcg@20 : 0.0297    
Fri 31 Oct 2025 10:02:13 INFO  Saving current best: saved/SASRecD-Oct-31-2025_09-49-42.pth
Fri 31 Oct 2025 10:03:13 INFO  epoch 12 training [time: 59.44s, train loss: 3614.5754]
Fri 31 Oct 2025 10:04:13 INFO  epoch 13 training [time: 60.44s, train loss: 3571.6682]
Fri 31 Oct 2025 10:04:17 INFO  epoch 13 evaluating [time: 4.14s, valid_score: 0.055100]
Fri 31 Oct 2025 10:04:17 INFO  valid result: 
recall@3 : 0.0238    recall@5 : 0.0347    recall@10 : 0.0551    recall@20 : 0.0821    ndcg@3 : 0.0147    ndcg@5 : 0.0192    ndcg@10 : 0.0257    ndcg@20 : 0.0325    
Fri 31 Oct 2025 10:04:18 INFO  Saving current best: saved/SASRecD-Oct-31-2025_09-49-42.pth
Fri 31 Oct 2025 10:05:18 INFO  epoch 14 training [time: 60.16s, train loss: 3530.8349]
Fri 31 Oct 2025 10:06:18 INFO  epoch 15 training [time: 59.31s, train loss: 3494.2093]
Fri 31 Oct 2025 10:06:22 INFO  epoch 15 evaluating [time: 4.05s, valid_score: 0.058400]
Fri 31 Oct 2025 10:06:22 INFO  valid result: 
recall@3 : 0.0254    recall@5 : 0.0377    recall@10 : 0.0584    recall@20 : 0.0862    ndcg@3 : 0.0155    ndcg@5 : 0.0206    ndcg@10 : 0.0272    ndcg@20 : 0.0342    
Fri 31 Oct 2025 10:06:23 INFO  Saving current best: saved/SASRecD-Oct-31-2025_09-49-42.pth
Fri 31 Oct 2025 10:07:23 INFO  epoch 16 training [time: 60.12s, train loss: 3459.9181]
Fri 31 Oct 2025 10:08:22 INFO  epoch 17 training [time: 59.17s, train loss: 3426.3588]
Fri 31 Oct 2025 10:08:27 INFO  epoch 17 evaluating [time: 4.91s, valid_score: 0.060500]
Fri 31 Oct 2025 10:08:27 INFO  valid result: 
recall@3 : 0.0266    recall@5 : 0.0395    recall@10 : 0.0605    recall@20 : 0.0899    ndcg@3 : 0.0161    ndcg@5 : 0.0214    ndcg@10 : 0.0282    ndcg@20 : 0.0355    
Fri 31 Oct 2025 10:08:28 INFO  Saving current best: saved/SASRecD-Oct-31-2025_09-49-42.pth
Fri 31 Oct 2025 10:09:27 INFO  epoch 18 training [time: 59.67s, train loss: 3395.8409]
Fri 31 Oct 2025 10:10:27 INFO  epoch 19 training [time: 59.49s, train loss: 3366.3351]
Fri 31 Oct 2025 10:10:32 INFO  epoch 19 evaluating [time: 4.91s, valid_score: 0.062200]
Fri 31 Oct 2025 10:10:32 INFO  valid result: 
recall@3 : 0.0271    recall@5 : 0.0406    recall@10 : 0.0622    recall@20 : 0.0914    ndcg@3 : 0.0161    ndcg@5 : 0.0217    ndcg@10 : 0.0286    ndcg@20 : 0.036    
Fri 31 Oct 2025 10:10:33 INFO  Saving current best: saved/SASRecD-Oct-31-2025_09-49-42.pth
Fri 31 Oct 2025 10:11:32 INFO  epoch 20 training [time: 59.25s, train loss: 3339.1758]
Fri 31 Oct 2025 10:12:31 INFO  epoch 21 training [time: 59.66s, train loss: 3312.9653]
Fri 31 Oct 2025 10:12:36 INFO  epoch 21 evaluating [time: 4.93s, valid_score: 0.064100]
Fri 31 Oct 2025 10:12:36 INFO  valid result: 
recall@3 : 0.028    recall@5 : 0.0416    recall@10 : 0.0641    recall@20 : 0.0937    ndcg@3 : 0.0166    ndcg@5 : 0.0222    ndcg@10 : 0.0295    ndcg@20 : 0.037    
Fri 31 Oct 2025 10:12:37 INFO  Saving current best: saved/SASRecD-Oct-31-2025_09-49-42.pth
Fri 31 Oct 2025 10:13:37 INFO  epoch 22 training [time: 59.33s, train loss: 3288.8523]
Fri 31 Oct 2025 10:14:36 INFO  epoch 23 training [time: 59.53s, train loss: 3266.4192]
Fri 31 Oct 2025 10:14:41 INFO  epoch 23 evaluating [time: 4.91s, valid_score: 0.064100]
Fri 31 Oct 2025 10:14:41 INFO  valid result: 
recall@3 : 0.0286    recall@5 : 0.0422    recall@10 : 0.0641    recall@20 : 0.095    ndcg@3 : 0.017    ndcg@5 : 0.0226    ndcg@10 : 0.0296    ndcg@20 : 0.0374    
Fri 31 Oct 2025 10:15:41 INFO  epoch 24 training [time: 59.55s, train loss: 3246.7169]
Fri 31 Oct 2025 10:16:40 INFO  epoch 25 training [time: 59.47s, train loss: 3225.7731]
Fri 31 Oct 2025 10:16:45 INFO  epoch 25 evaluating [time: 4.93s, valid_score: 0.064900]
Fri 31 Oct 2025 10:16:45 INFO  valid result: 
recall@3 : 0.0281    recall@5 : 0.0419    recall@10 : 0.0649    recall@20 : 0.0948    ndcg@3 : 0.0169    ndcg@5 : 0.0225    ndcg@10 : 0.03    ndcg@20 : 0.0375    
Fri 31 Oct 2025 10:16:46 INFO  Saving current best: saved/SASRecD-Oct-31-2025_09-49-42.pth
Fri 31 Oct 2025 10:17:46 INFO  epoch 26 training [time: 59.81s, train loss: 3207.0541]
Fri 31 Oct 2025 10:18:45 INFO  epoch 27 training [time: 59.63s, train loss: 3189.7851]
Fri 31 Oct 2025 10:18:50 INFO  epoch 27 evaluating [time: 4.93s, valid_score: 0.066200]
Fri 31 Oct 2025 10:18:50 INFO  valid result: 
recall@3 : 0.0281    recall@5 : 0.0423    recall@10 : 0.0662    recall@20 : 0.0958    ndcg@3 : 0.0169    ndcg@5 : 0.0227    ndcg@10 : 0.0304    ndcg@20 : 0.0378    
Fri 31 Oct 2025 10:18:51 INFO  Saving current best: saved/SASRecD-Oct-31-2025_09-49-42.pth
Fri 31 Oct 2025 10:19:50 INFO  epoch 28 training [time: 59.24s, train loss: 3172.1356]
Fri 31 Oct 2025 10:20:50 INFO  epoch 29 training [time: 59.79s, train loss: 3156.8827]
Fri 31 Oct 2025 10:20:55 INFO  epoch 29 evaluating [time: 4.94s, valid_score: 0.066100]
Fri 31 Oct 2025 10:20:55 INFO  valid result: 
recall@3 : 0.028    recall@5 : 0.0428    recall@10 : 0.0661    recall@20 : 0.0962    ndcg@3 : 0.0169    ndcg@5 : 0.023    ndcg@10 : 0.0305    ndcg@20 : 0.0381    
Fri 31 Oct 2025 10:21:55 INFO  epoch 30 training [time: 59.54s, train loss: 3141.6634]
Fri 31 Oct 2025 10:22:54 INFO  epoch 31 training [time: 59.83s, train loss: 3126.4247]
Fri 31 Oct 2025 10:22:59 INFO  epoch 31 evaluating [time: 4.95s, valid_score: 0.065400]
Fri 31 Oct 2025 10:22:59 INFO  valid result: 
recall@3 : 0.0281    recall@5 : 0.0419    recall@10 : 0.0654    recall@20 : 0.0966    ndcg@3 : 0.017    ndcg@5 : 0.0227    ndcg@10 : 0.0303    ndcg@20 : 0.0382    
Fri 31 Oct 2025 10:23:59 INFO  epoch 32 training [time: 59.53s, train loss: 3112.9717]
Fri 31 Oct 2025 10:24:59 INFO  epoch 33 training [time: 59.69s, train loss: 3099.0986]
Fri 31 Oct 2025 10:25:03 INFO  epoch 33 evaluating [time: 4.92s, valid_score: 0.066500]
Fri 31 Oct 2025 10:25:03 INFO  valid result: 
recall@3 : 0.028    recall@5 : 0.0419    recall@10 : 0.0665    recall@20 : 0.0965    ndcg@3 : 0.0171    ndcg@5 : 0.0228    ndcg@10 : 0.0307    ndcg@20 : 0.0382    
Fri 31 Oct 2025 10:25:04 INFO  Saving current best: saved/SASRecD-Oct-31-2025_09-49-42.pth
Fri 31 Oct 2025 10:26:04 INFO  epoch 34 training [time: 59.57s, train loss: 3085.9668]
Fri 31 Oct 2025 10:27:05 INFO  epoch 35 training [time: 61.22s, train loss: 3073.7452]
Fri 31 Oct 2025 10:27:10 INFO  epoch 35 evaluating [time: 4.92s, valid_score: 0.065400]
Fri 31 Oct 2025 10:27:10 INFO  valid result: 
recall@3 : 0.0279    recall@5 : 0.0424    recall@10 : 0.0654    recall@20 : 0.0956    ndcg@3 : 0.0172    ndcg@5 : 0.0232    ndcg@10 : 0.0306    ndcg@20 : 0.0382    
Fri 31 Oct 2025 10:28:10 INFO  epoch 36 training [time: 59.69s, train loss: 3060.6675]
Fri 31 Oct 2025 10:29:09 INFO  epoch 37 training [time: 59.46s, train loss: 3049.2187]
Fri 31 Oct 2025 10:29:14 INFO  epoch 37 evaluating [time: 4.92s, valid_score: 0.065300]
Fri 31 Oct 2025 10:29:14 INFO  valid result: 
recall@3 : 0.0283    recall@5 : 0.0423    recall@10 : 0.0653    recall@20 : 0.0957    ndcg@3 : 0.0175    ndcg@5 : 0.0232    ndcg@10 : 0.0306    ndcg@20 : 0.0383    
Fri 31 Oct 2025 10:30:14 INFO  epoch 38 training [time: 59.82s, train loss: 3037.0219]
Fri 31 Oct 2025 10:31:14 INFO  epoch 39 training [time: 59.84s, train loss: 3027.3328]
Fri 31 Oct 2025 10:31:19 INFO  epoch 39 evaluating [time: 4.93s, valid_score: 0.064800]
Fri 31 Oct 2025 10:31:19 INFO  valid result: 
recall@3 : 0.0288    recall@5 : 0.0422    recall@10 : 0.0648    recall@20 : 0.0952    ndcg@3 : 0.0177    ndcg@5 : 0.0233    ndcg@10 : 0.0305    ndcg@20 : 0.0381    
Fri 31 Oct 2025 10:32:18 INFO  epoch 40 training [time: 59.67s, train loss: 3013.3426]
Fri 31 Oct 2025 10:33:18 INFO  epoch 41 training [time: 59.63s, train loss: 3002.5233]
Fri 31 Oct 2025 10:33:23 INFO  epoch 41 evaluating [time: 4.91s, valid_score: 0.063400]
Fri 31 Oct 2025 10:33:23 INFO  valid result: 
recall@3 : 0.0282    recall@5 : 0.0422    recall@10 : 0.0634    recall@20 : 0.0942    ndcg@3 : 0.0174    ndcg@5 : 0.0232    ndcg@10 : 0.03    ndcg@20 : 0.0378    
Fri 31 Oct 2025 10:34:24 INFO  epoch 42 training [time: 60.99s, train loss: 2993.5537]
Fri 31 Oct 2025 10:35:23 INFO  epoch 43 training [time: 59.46s, train loss: 2981.2992]
Fri 31 Oct 2025 10:35:28 INFO  epoch 43 evaluating [time: 4.86s, valid_score: 0.063600]
Fri 31 Oct 2025 10:35:28 INFO  valid result: 
recall@3 : 0.0282    recall@5 : 0.0418    recall@10 : 0.0636    recall@20 : 0.0941    ndcg@3 : 0.0175    ndcg@5 : 0.0231    ndcg@10 : 0.0301    ndcg@20 : 0.0378    
Fri 31 Oct 2025 10:36:27 INFO  epoch 44 training [time: 59.05s, train loss: 2970.6416]
Fri 31 Oct 2025 10:37:26 INFO  epoch 45 training [time: 59.06s, train loss: 2961.0936]
Fri 31 Oct 2025 10:37:31 INFO  epoch 45 evaluating [time: 4.86s, valid_score: 0.063800]
Fri 31 Oct 2025 10:37:31 INFO  valid result: 
recall@3 : 0.0277    recall@5 : 0.0415    recall@10 : 0.0638    recall@20 : 0.0929    ndcg@3 : 0.0172    ndcg@5 : 0.0229    ndcg@10 : 0.0301    ndcg@20 : 0.0374    
Fri 31 Oct 2025 10:38:31 INFO  epoch 46 training [time: 59.39s, train loss: 2950.7267]
Fri 31 Oct 2025 10:39:32 INFO  epoch 47 training [time: 61.20s, train loss: 2940.4141]
Fri 31 Oct 2025 10:39:37 INFO  epoch 47 evaluating [time: 5.14s, valid_score: 0.062600]
Fri 31 Oct 2025 10:39:37 INFO  valid result: 
recall@3 : 0.028    recall@5 : 0.0411    recall@10 : 0.0626    recall@20 : 0.0923    ndcg@3 : 0.0174    ndcg@5 : 0.0228    ndcg@10 : 0.0298    ndcg@20 : 0.0372    
Fri 31 Oct 2025 10:40:37 INFO  epoch 48 training [time: 60.33s, train loss: 2931.4170]
Fri 31 Oct 2025 10:41:37 INFO  epoch 49 training [time: 59.25s, train loss: 2921.8840]
Fri 31 Oct 2025 10:41:42 INFO  epoch 49 evaluating [time: 4.92s, valid_score: 0.062600]
Fri 31 Oct 2025 10:41:42 INFO  valid result: 
recall@3 : 0.0278    recall@5 : 0.0408    recall@10 : 0.0626    recall@20 : 0.0914    ndcg@3 : 0.0174    ndcg@5 : 0.0227    ndcg@10 : 0.0298    ndcg@20 : 0.037    
Fri 31 Oct 2025 10:42:41 INFO  epoch 50 training [time: 59.81s, train loss: 2911.0530]
Fri 31 Oct 2025 10:43:41 INFO  epoch 51 training [time: 59.52s, train loss: 2899.8322]
Fri 31 Oct 2025 10:43:46 INFO  epoch 51 evaluating [time: 4.95s, valid_score: 0.061900]
Fri 31 Oct 2025 10:43:46 INFO  valid result: 
recall@3 : 0.0276    recall@5 : 0.0405    recall@10 : 0.0619    recall@20 : 0.0903    ndcg@3 : 0.0173    ndcg@5 : 0.0226    ndcg@10 : 0.0295    ndcg@20 : 0.0366    
Fri 31 Oct 2025 10:44:45 INFO  epoch 52 training [time: 59.45s, train loss: 2891.3317]
Fri 31 Oct 2025 10:45:45 INFO  epoch 53 training [time: 59.40s, train loss: 2882.7872]
Fri 31 Oct 2025 10:45:50 INFO  epoch 53 evaluating [time: 5.01s, valid_score: 0.062200]
Fri 31 Oct 2025 10:45:50 INFO  valid result: 
recall@3 : 0.0277    recall@5 : 0.0401    recall@10 : 0.0622    recall@20 : 0.0897    ndcg@3 : 0.0174    ndcg@5 : 0.0225    ndcg@10 : 0.0296    ndcg@20 : 0.0365    
Fri 31 Oct 2025 10:46:49 INFO  epoch 54 training [time: 59.45s, train loss: 2873.4198]
Fri 31 Oct 2025 10:47:49 INFO  epoch 55 training [time: 59.52s, train loss: 2862.4144]
Fri 31 Oct 2025 10:47:54 INFO  epoch 55 evaluating [time: 4.96s, valid_score: 0.061600]
Fri 31 Oct 2025 10:47:54 INFO  valid result: 
recall@3 : 0.027    recall@5 : 0.0395    recall@10 : 0.0616    recall@20 : 0.0895    ndcg@3 : 0.0171    ndcg@5 : 0.0222    ndcg@10 : 0.0293    ndcg@20 : 0.0363    
Fri 31 Oct 2025 10:47:54 INFO  Finished training, best eval result in epoch 33
Fri 31 Oct 2025 10:47:54 INFO  Loading model structure and parameters from saved/SASRecD-Oct-31-2025_09-49-42.pth
Fri 31 Oct 2025 10:47:59 INFO  best valid : {'recall@3': np.float64(0.028), 'recall@5': np.float64(0.0419), 'recall@10': np.float64(0.0665), 'recall@20': np.float64(0.0965), 'ndcg@3': np.float64(0.0171), 'ndcg@5': np.float64(0.0228), 'ndcg@10': np.float64(0.0307), 'ndcg@20': np.float64(0.0382)}
Fri 31 Oct 2025 10:47:59 INFO  test result: {'recall@3': np.float64(0.0232), 'recall@5': np.float64(0.0343), 'recall@10': np.float64(0.0533), 'recall@20': np.float64(0.0772), 'ndcg@3': np.float64(0.014), 'ndcg@5': np.float64(0.0185), 'ndcg@10': np.float64(0.0247), 'ndcg@20': np.float64(0.0307)}
