Tue 14 Oct 2025 01:01:11 INFO  
General Hyper Parameters:
gpu_id = 0
use_gpu = True
seed = 212
state = INFO
reproducibility = True
data_path = ./recbole/data/dataset/Amazon_Sports_and_Outdoors
show_progress = True
save_dataset = False
save_dataloaders = False
benchmark_filename = None

Training Hyper Parameters:
checkpoint_dir = saved
epochs = 200
train_batch_size = 1024
learner = adam
learning_rate = 0.0001
eval_step = 2
stopping_step = 10
clip_grad_norm = None
weight_decay = 0.0
loss_decimal_place = 4

Evaluation Hyper Parameters:
eval_args = {'split': {'LS': 'valid_and_test'}, 'group_by': 'user', 'order': 'TO', 'mode': 'full'}
metrics = ['Recall', 'NDCG']
topk = [3, 5, 10, 20]
valid_metric = Recall@10
valid_metric_bigger = True
eval_batch_size = 256
metric_decimal_place = 4

Dataset Hyper Parameters:
field_separator = 	
seq_separator =  
USER_ID_FIELD = user_id
ITEM_ID_FIELD = item_id
RATING_FIELD = rating
TIME_FIELD = timestamp
seq_len = None
LABEL_FIELD = label
threshold = None
NEG_PREFIX = neg_
load_col = {'inter': ['user_id', 'item_id', 'rating', 'timestamp'], 'item': ['item_id', 'title', 'sales_rank', 'price', 'brand', 'categories', 'sales_type'], 'zero': ['ent_id', 'ent_emb']}
unload_col = None
unused_col = None
additional_feat_suffix = ['zero']
rm_dup_inter = None
val_interval = None
filter_inter_by_user_or_item = True
user_inter_num_interval = [5,inf)
item_inter_num_interval = [5,inf)
alias_of_user_id = None
alias_of_item_id = ['ent_id']
alias_of_entity_id = None
alias_of_relation_id = None
preload_weight = {'ent_id': 'ent_emb'}
normalize_field = None
normalize_all = None
ITEM_LIST_LENGTH_FIELD = item_length
LIST_SUFFIX = _list
MAX_ITEM_LIST_LENGTH = 50
POSITION_FIELD = position_id
HEAD_ENTITY_ID_FIELD = head_id
TAIL_ENTITY_ID_FIELD = tail_id
RELATION_ID_FIELD = relation_id
ENTITY_ID_FIELD = entity_id

Other Hyper Parameters: 
neg_sampling = None
multi_gpus = False
repeatable = True
n_layers = 3
n_heads = 8
hidden_size = 256
attribute_hidden_size = [128]
inner_size = 256
hidden_dropout_prob = 0.5
attn_dropout_prob = 0.3
hidden_act = gelu
layer_norm_eps = 1e-12
initializer_range = 0.02
selected_features = ['ent_emb']
pooling_mode = sum
loss_type = CE
weight_sharing = not
fusion_type = gate
lamdas = [5]
attribute_predictor = ['not']
MODEL_TYPE = ModelType.SEQUENTIAL
feature_type = ['static']
annealing = False
MODEL_INPUT_TYPE = InputType.POINTWISE
eval_type = EvaluatorType.RANKING
device = cuda
train_neg_sample_args = {'strategy': 'none'}
eval_neg_sample_args = {'strategy': 'full', 'distribution': 'uniform'}


Tue 14 Oct 2025 01:01:12 INFO  Amazon_Sports_and_Outdoors
The number of users: 35599
Average actions of users: 8.324540704533963
The number of items: 18358
Average actions of items: 16.142997221768262
The number of inters: 296337
The sparsity of the dataset: 99.95465569853714%
Remain Fields: ['user_id', 'item_id', 'rating', 'timestamp', 'title', 'price', 'brand', 'categories', 'sales_type', 'sales_rank', 'ent_id', 'ent_emb']
Tue 14 Oct 2025 01:01:14 INFO  [Training]: train_batch_size = [1024] negative sampling: [None]
Tue 14 Oct 2025 01:01:14 INFO  [Evaluation]: eval_batch_size = [256] eval_args: [{'split': {'LS': 'valid_and_test'}, 'group_by': 'user', 'order': 'TO', 'mode': 'full'}]
Tue 14 Oct 2025 01:01:15 INFO  SASRecD(
  (item_embedding): Embedding(18358, 256, padding_idx=0)
  (position_embedding): Embedding(50, 256)
  (feature_embed_layer_list): ModuleList(
    (0): Embedding(18358, 128)
  )
  (trm_encoder): DIFTransformerEncoder(
    (layer): ModuleList(
      (0-2): 3 x DIFTransformerLayer(
        (multi_head_attention): DIFMultiHeadAttention(
          (query): Linear(in_features=256, out_features=256, bias=True)
          (key): Linear(in_features=256, out_features=256, bias=True)
          (value): Linear(in_features=256, out_features=256, bias=True)
          (query_p): Linear(in_features=256, out_features=256, bias=True)
          (key_p): Linear(in_features=256, out_features=256, bias=True)
          (query_layers): ModuleList(
            (0): Linear(in_features=128, out_features=128, bias=True)
          )
          (key_layers): ModuleList(
            (0): Linear(in_features=128, out_features=128, bias=True)
          )
          (fusion_layer): VanillaAttention(
            (projection): Sequential(
              (0): Linear(in_features=50, out_features=50, bias=True)
              (1): ReLU(inplace=True)
              (2): Linear(in_features=50, out_features=1, bias=True)
            )
          )
          (attn_dropout): Dropout(p=0.3, inplace=False)
          (dense): Linear(in_features=256, out_features=256, bias=True)
          (LayerNorm): LayerNorm((256,), eps=1e-12, elementwise_affine=True)
          (out_dropout): Dropout(p=0.5, inplace=False)
        )
        (feed_forward): FeedForward(
          (dense_1): Linear(in_features=256, out_features=256, bias=True)
          (dense_2): Linear(in_features=256, out_features=256, bias=True)
          (LayerNorm): LayerNorm((256,), eps=1e-12, elementwise_affine=True)
          (dropout): Dropout(p=0.5, inplace=False)
        )
      )
    )
  )
  (ap): ModuleList(
    (0): None
  )
  (LayerNorm): LayerNorm((256,), eps=1e-12, elementwise_affine=True)
  (dropout): Dropout(p=0.5, inplace=False)
  (loss_fct): CrossEntropyLoss()
  (attribute_loss_fct): BCEWithLogitsLoss()
)
Trainable parameters: 6401915
Tue 14 Oct 2025 01:01:41 INFO  epoch 0 training [time: 26.15s, train loss: 1826.1127]
Tue 14 Oct 2025 01:02:07 INFO  epoch 1 training [time: 25.66s, train loss: 1749.5781]
Tue 14 Oct 2025 01:02:09 INFO  epoch 1 evaluating [time: 1.77s, valid_score: 0.012600]
Tue 14 Oct 2025 01:02:09 INFO  valid result: 
recall@3 : 0.006    recall@5 : 0.0082    recall@10 : 0.0126    recall@20 : 0.0221    ndcg@3 : 0.0044    ndcg@5 : 0.0053    ndcg@10 : 0.0067    ndcg@20 : 0.0091    
Tue 14 Oct 2025 01:02:09 INFO  Saving current best: saved/SASRecD-Oct-14-2025_01-01-15.pth
Tue 14 Oct 2025 01:02:35 INFO  epoch 2 training [time: 25.64s, train loss: 1716.9701]
Tue 14 Oct 2025 01:03:00 INFO  epoch 3 training [time: 25.63s, train loss: 1704.5936]
Tue 14 Oct 2025 01:03:02 INFO  epoch 3 evaluating [time: 1.70s, valid_score: 0.013100]
Tue 14 Oct 2025 01:03:02 INFO  valid result: 
recall@3 : 0.0054    recall@5 : 0.0078    recall@10 : 0.0131    recall@20 : 0.0229    ndcg@3 : 0.0038    ndcg@5 : 0.0049    ndcg@10 : 0.0065    ndcg@20 : 0.009    
Tue 14 Oct 2025 01:03:02 INFO  Saving current best: saved/SASRecD-Oct-14-2025_01-01-15.pth
Tue 14 Oct 2025 01:03:28 INFO  epoch 4 training [time: 26.14s, train loss: 1691.8321]
Tue 14 Oct 2025 01:03:54 INFO  epoch 5 training [time: 26.13s, train loss: 1670.6364]
Tue 14 Oct 2025 01:03:56 INFO  epoch 5 evaluating [time: 1.73s, valid_score: 0.020000]
Tue 14 Oct 2025 01:03:56 INFO  valid result: 
recall@3 : 0.0069    recall@5 : 0.0112    recall@10 : 0.02    recall@20 : 0.0344    ndcg@3 : 0.0047    ndcg@5 : 0.0065    ndcg@10 : 0.0093    ndcg@20 : 0.0129    
Tue 14 Oct 2025 01:03:56 INFO  Saving current best: saved/SASRecD-Oct-14-2025_01-01-15.pth
Tue 14 Oct 2025 01:04:22 INFO  epoch 6 training [time: 25.66s, train loss: 1639.7733]
Tue 14 Oct 2025 01:04:47 INFO  epoch 7 training [time: 25.68s, train loss: 1611.5834]
Tue 14 Oct 2025 01:04:49 INFO  epoch 7 evaluating [time: 1.77s, valid_score: 0.027100]
Tue 14 Oct 2025 01:04:49 INFO  valid result: 
recall@3 : 0.0096    recall@5 : 0.0155    recall@10 : 0.0271    recall@20 : 0.0461    ndcg@3 : 0.0065    ndcg@5 : 0.0089    ndcg@10 : 0.0126    ndcg@20 : 0.0174    
Tue 14 Oct 2025 01:04:49 INFO  Saving current best: saved/SASRecD-Oct-14-2025_01-01-15.pth
Tue 14 Oct 2025 01:05:15 INFO  epoch 8 training [time: 25.65s, train loss: 1586.5975]
Tue 14 Oct 2025 01:05:41 INFO  epoch 9 training [time: 25.66s, train loss: 1563.4264]
Tue 14 Oct 2025 01:05:42 INFO  epoch 9 evaluating [time: 1.70s, valid_score: 0.033900]
Tue 14 Oct 2025 01:05:42 INFO  valid result: 
recall@3 : 0.0139    recall@5 : 0.0209    recall@10 : 0.0339    recall@20 : 0.0555    ndcg@3 : 0.009    ndcg@5 : 0.0118    ndcg@10 : 0.016    ndcg@20 : 0.0214    
Tue 14 Oct 2025 01:05:42 INFO  Saving current best: saved/SASRecD-Oct-14-2025_01-01-15.pth
Tue 14 Oct 2025 01:06:08 INFO  epoch 10 training [time: 25.72s, train loss: 1542.7745]
Tue 14 Oct 2025 01:06:34 INFO  epoch 11 training [time: 25.67s, train loss: 1523.0532]
Tue 14 Oct 2025 01:06:36 INFO  epoch 11 evaluating [time: 1.80s, valid_score: 0.042200]
Tue 14 Oct 2025 01:06:36 INFO  valid result: 
recall@3 : 0.0171    recall@5 : 0.0261    recall@10 : 0.0422    recall@20 : 0.0637    ndcg@3 : 0.0108    ndcg@5 : 0.0145    ndcg@10 : 0.0197    ndcg@20 : 0.0251    
Tue 14 Oct 2025 01:06:36 INFO  Saving current best: saved/SASRecD-Oct-14-2025_01-01-15.pth
Tue 14 Oct 2025 01:07:01 INFO  epoch 12 training [time: 25.67s, train loss: 1505.1423]
Tue 14 Oct 2025 01:07:27 INFO  epoch 13 training [time: 25.68s, train loss: 1488.0943]
Tue 14 Oct 2025 01:07:29 INFO  epoch 13 evaluating [time: 1.73s, valid_score: 0.047400]
Tue 14 Oct 2025 01:07:29 INFO  valid result: 
recall@3 : 0.0199    recall@5 : 0.0294    recall@10 : 0.0474    recall@20 : 0.0701    ndcg@3 : 0.0125    ndcg@5 : 0.0164    ndcg@10 : 0.0222    ndcg@20 : 0.0279    
Tue 14 Oct 2025 01:07:29 INFO  Saving current best: saved/SASRecD-Oct-14-2025_01-01-15.pth
Tue 14 Oct 2025 01:07:55 INFO  epoch 14 training [time: 25.65s, train loss: 1471.2945]
Tue 14 Oct 2025 01:08:20 INFO  epoch 15 training [time: 25.71s, train loss: 1455.2333]
Tue 14 Oct 2025 01:08:22 INFO  epoch 15 evaluating [time: 1.74s, valid_score: 0.050400]
Tue 14 Oct 2025 01:08:22 INFO  valid result: 
recall@3 : 0.0216    recall@5 : 0.0326    recall@10 : 0.0504    recall@20 : 0.0762    ndcg@3 : 0.0135    ndcg@5 : 0.018    ndcg@10 : 0.0238    ndcg@20 : 0.0303    
Tue 14 Oct 2025 01:08:22 INFO  Saving current best: saved/SASRecD-Oct-14-2025_01-01-15.pth
Tue 14 Oct 2025 01:08:48 INFO  epoch 16 training [time: 25.76s, train loss: 1440.3701]
Tue 14 Oct 2025 01:09:14 INFO  epoch 17 training [time: 25.81s, train loss: 1426.3146]
Tue 14 Oct 2025 01:09:15 INFO  epoch 17 evaluating [time: 1.74s, valid_score: 0.054800]
Tue 14 Oct 2025 01:09:15 INFO  valid result: 
recall@3 : 0.0235    recall@5 : 0.0355    recall@10 : 0.0548    recall@20 : 0.0801    ndcg@3 : 0.0145    ndcg@5 : 0.0194    ndcg@10 : 0.0256    ndcg@20 : 0.032    
Tue 14 Oct 2025 01:09:15 INFO  Saving current best: saved/SASRecD-Oct-14-2025_01-01-15.pth
Tue 14 Oct 2025 01:09:41 INFO  epoch 18 training [time: 25.72s, train loss: 1412.2566]
Tue 14 Oct 2025 01:10:07 INFO  epoch 19 training [time: 25.69s, train loss: 1399.2812]
Tue 14 Oct 2025 01:10:09 INFO  epoch 19 evaluating [time: 1.77s, valid_score: 0.056700]
Tue 14 Oct 2025 01:10:09 INFO  valid result: 
recall@3 : 0.0245    recall@5 : 0.037    recall@10 : 0.0567    recall@20 : 0.0823    ndcg@3 : 0.015    ndcg@5 : 0.0201    ndcg@10 : 0.0265    ndcg@20 : 0.0329    
Tue 14 Oct 2025 01:10:09 INFO  Saving current best: saved/SASRecD-Oct-14-2025_01-01-15.pth
Tue 14 Oct 2025 01:10:34 INFO  epoch 20 training [time: 25.65s, train loss: 1386.3276]
Tue 14 Oct 2025 01:11:00 INFO  epoch 21 training [time: 25.70s, train loss: 1374.4515]
Tue 14 Oct 2025 01:11:02 INFO  epoch 21 evaluating [time: 1.74s, valid_score: 0.058300]
Tue 14 Oct 2025 01:11:02 INFO  valid result: 
recall@3 : 0.0264    recall@5 : 0.038    recall@10 : 0.0583    recall@20 : 0.085    ndcg@3 : 0.0159    ndcg@5 : 0.0207    ndcg@10 : 0.0272    ndcg@20 : 0.034    
Tue 14 Oct 2025 01:11:02 INFO  Saving current best: saved/SASRecD-Oct-14-2025_01-01-15.pth
Tue 14 Oct 2025 01:11:28 INFO  epoch 22 training [time: 25.68s, train loss: 1362.5374]
Tue 14 Oct 2025 01:11:53 INFO  epoch 23 training [time: 25.69s, train loss: 1351.2380]
Tue 14 Oct 2025 01:11:55 INFO  epoch 23 evaluating [time: 1.72s, valid_score: 0.060100]
Tue 14 Oct 2025 01:11:55 INFO  valid result: 
recall@3 : 0.0269    recall@5 : 0.0394    recall@10 : 0.0601    recall@20 : 0.0874    ndcg@3 : 0.0162    ndcg@5 : 0.0214    ndcg@10 : 0.028    ndcg@20 : 0.0349    
Tue 14 Oct 2025 01:11:55 INFO  Saving current best: saved/SASRecD-Oct-14-2025_01-01-15.pth
Tue 14 Oct 2025 01:12:21 INFO  epoch 24 training [time: 25.68s, train loss: 1340.4430]
Tue 14 Oct 2025 01:12:46 INFO  epoch 25 training [time: 25.63s, train loss: 1330.1082]
Tue 14 Oct 2025 01:12:48 INFO  epoch 25 evaluating [time: 1.73s, valid_score: 0.061000]
Tue 14 Oct 2025 01:12:48 INFO  valid result: 
recall@3 : 0.0277    recall@5 : 0.0404    recall@10 : 0.061    recall@20 : 0.089    ndcg@3 : 0.0167    ndcg@5 : 0.0219    ndcg@10 : 0.0285    ndcg@20 : 0.0356    
Tue 14 Oct 2025 01:12:48 INFO  Saving current best: saved/SASRecD-Oct-14-2025_01-01-15.pth
Tue 14 Oct 2025 01:13:14 INFO  epoch 26 training [time: 25.64s, train loss: 1320.2174]
Tue 14 Oct 2025 01:13:39 INFO  epoch 27 training [time: 25.70s, train loss: 1310.6501]
Tue 14 Oct 2025 01:13:41 INFO  epoch 27 evaluating [time: 1.71s, valid_score: 0.062400]
Tue 14 Oct 2025 01:13:41 INFO  valid result: 
recall@3 : 0.0282    recall@5 : 0.0409    recall@10 : 0.0624    recall@20 : 0.0898    ndcg@3 : 0.017    ndcg@5 : 0.0222    ndcg@10 : 0.0291    ndcg@20 : 0.036    
Tue 14 Oct 2025 01:13:41 INFO  Saving current best: saved/SASRecD-Oct-14-2025_01-01-15.pth
Tue 14 Oct 2025 01:14:07 INFO  epoch 28 training [time: 25.74s, train loss: 1301.6709]
Tue 14 Oct 2025 01:14:33 INFO  epoch 29 training [time: 25.70s, train loss: 1292.9218]
Tue 14 Oct 2025 01:14:34 INFO  epoch 29 evaluating [time: 1.72s, valid_score: 0.063100]
Tue 14 Oct 2025 01:14:34 INFO  valid result: 
recall@3 : 0.028    recall@5 : 0.0411    recall@10 : 0.0631    recall@20 : 0.0915    ndcg@3 : 0.0169    ndcg@5 : 0.0223    ndcg@10 : 0.0294    ndcg@20 : 0.0365    
Tue 14 Oct 2025 01:14:35 INFO  Saving current best: saved/SASRecD-Oct-14-2025_01-01-15.pth
Tue 14 Oct 2025 01:15:00 INFO  epoch 30 training [time: 25.69s, train loss: 1284.9636]
Tue 14 Oct 2025 01:15:26 INFO  epoch 31 training [time: 25.65s, train loss: 1276.9982]
Tue 14 Oct 2025 01:15:28 INFO  epoch 31 evaluating [time: 1.71s, valid_score: 0.063400]
Tue 14 Oct 2025 01:15:28 INFO  valid result: 
recall@3 : 0.0282    recall@5 : 0.0418    recall@10 : 0.0634    recall@20 : 0.0921    ndcg@3 : 0.017    ndcg@5 : 0.0226    ndcg@10 : 0.0296    ndcg@20 : 0.0368    
Tue 14 Oct 2025 01:15:28 INFO  Saving current best: saved/SASRecD-Oct-14-2025_01-01-15.pth
Tue 14 Oct 2025 01:15:53 INFO  epoch 32 training [time: 25.66s, train loss: 1268.5405]
Tue 14 Oct 2025 01:16:19 INFO  epoch 33 training [time: 25.73s, train loss: 1261.1738]
Tue 14 Oct 2025 01:16:21 INFO  epoch 33 evaluating [time: 1.70s, valid_score: 0.063900]
Tue 14 Oct 2025 01:16:21 INFO  valid result: 
recall@3 : 0.0286    recall@5 : 0.0421    recall@10 : 0.0639    recall@20 : 0.0928    ndcg@3 : 0.0172    ndcg@5 : 0.0228    ndcg@10 : 0.0298    ndcg@20 : 0.0371    
Tue 14 Oct 2025 01:16:21 INFO  Saving current best: saved/SASRecD-Oct-14-2025_01-01-15.pth
Tue 14 Oct 2025 01:16:47 INFO  epoch 34 training [time: 25.74s, train loss: 1254.1396]
Tue 14 Oct 2025 01:17:12 INFO  epoch 35 training [time: 25.71s, train loss: 1247.7098]
Tue 14 Oct 2025 01:17:14 INFO  epoch 35 evaluating [time: 1.75s, valid_score: 0.063900]
Tue 14 Oct 2025 01:17:14 INFO  valid result: 
recall@3 : 0.0285    recall@5 : 0.0422    recall@10 : 0.0639    recall@20 : 0.0928    ndcg@3 : 0.0172    ndcg@5 : 0.0228    ndcg@10 : 0.0298    ndcg@20 : 0.0372    
Tue 14 Oct 2025 01:17:40 INFO  epoch 36 training [time: 25.65s, train loss: 1241.2210]
Tue 14 Oct 2025 01:18:05 INFO  epoch 37 training [time: 25.66s, train loss: 1234.8919]
Tue 14 Oct 2025 01:18:07 INFO  epoch 37 evaluating [time: 1.75s, valid_score: 0.063900]
Tue 14 Oct 2025 01:18:07 INFO  valid result: 
recall@3 : 0.0283    recall@5 : 0.0426    recall@10 : 0.0639    recall@20 : 0.093    ndcg@3 : 0.0171    ndcg@5 : 0.023    ndcg@10 : 0.0298    ndcg@20 : 0.0372    
Tue 14 Oct 2025 01:18:33 INFO  epoch 38 training [time: 25.73s, train loss: 1228.5862]
Tue 14 Oct 2025 01:18:59 INFO  epoch 39 training [time: 25.69s, train loss: 1222.8568]
Tue 14 Oct 2025 01:19:00 INFO  epoch 39 evaluating [time: 1.77s, valid_score: 0.064200]
Tue 14 Oct 2025 01:19:00 INFO  valid result: 
recall@3 : 0.0284    recall@5 : 0.0425    recall@10 : 0.0642    recall@20 : 0.0933    ndcg@3 : 0.0174    ndcg@5 : 0.0232    ndcg@10 : 0.0302    ndcg@20 : 0.0375    
Tue 14 Oct 2025 01:19:00 INFO  Saving current best: saved/SASRecD-Oct-14-2025_01-01-15.pth
Tue 14 Oct 2025 01:19:26 INFO  epoch 40 training [time: 25.75s, train loss: 1217.2278]
Tue 14 Oct 2025 01:19:52 INFO  epoch 41 training [time: 25.72s, train loss: 1211.7658]
Tue 14 Oct 2025 01:19:54 INFO  epoch 41 evaluating [time: 1.75s, valid_score: 0.064300]
Tue 14 Oct 2025 01:19:54 INFO  valid result: 
recall@3 : 0.0281    recall@5 : 0.0422    recall@10 : 0.0643    recall@20 : 0.0932    ndcg@3 : 0.0174    ndcg@5 : 0.0232    ndcg@10 : 0.0304    ndcg@20 : 0.0376    
Tue 14 Oct 2025 01:19:54 INFO  Saving current best: saved/SASRecD-Oct-14-2025_01-01-15.pth
Tue 14 Oct 2025 01:20:19 INFO  epoch 42 training [time: 25.67s, train loss: 1206.9516]
Tue 14 Oct 2025 01:20:45 INFO  epoch 43 training [time: 25.64s, train loss: 1201.4059]
Tue 14 Oct 2025 01:20:47 INFO  epoch 43 evaluating [time: 1.71s, valid_score: 0.064900]
Tue 14 Oct 2025 01:20:47 INFO  valid result: 
recall@3 : 0.0283    recall@5 : 0.0424    recall@10 : 0.0649    recall@20 : 0.0935    ndcg@3 : 0.0174    ndcg@5 : 0.0232    ndcg@10 : 0.0304    ndcg@20 : 0.0376    
Tue 14 Oct 2025 01:20:47 INFO  Saving current best: saved/SASRecD-Oct-14-2025_01-01-15.pth
Tue 14 Oct 2025 01:21:12 INFO  epoch 44 training [time: 25.69s, train loss: 1196.6314]
Tue 14 Oct 2025 01:21:38 INFO  epoch 45 training [time: 25.70s, train loss: 1191.6707]
Tue 14 Oct 2025 01:21:40 INFO  epoch 45 evaluating [time: 1.75s, valid_score: 0.064400]
Tue 14 Oct 2025 01:21:40 INFO  valid result: 
recall@3 : 0.0281    recall@5 : 0.0424    recall@10 : 0.0644    recall@20 : 0.0939    ndcg@3 : 0.0173    ndcg@5 : 0.0232    ndcg@10 : 0.0303    ndcg@20 : 0.0377    
Tue 14 Oct 2025 01:22:06 INFO  epoch 46 training [time: 25.74s, train loss: 1187.2455]
Tue 14 Oct 2025 01:22:31 INFO  epoch 47 training [time: 25.72s, train loss: 1182.1477]
Tue 14 Oct 2025 01:22:33 INFO  epoch 47 evaluating [time: 1.77s, valid_score: 0.064400]
Tue 14 Oct 2025 01:22:33 INFO  valid result: 
recall@3 : 0.0278    recall@5 : 0.0422    recall@10 : 0.0644    recall@20 : 0.0947    ndcg@3 : 0.0172    ndcg@5 : 0.0231    ndcg@10 : 0.0303    ndcg@20 : 0.0379    
Tue 14 Oct 2025 01:22:59 INFO  epoch 48 training [time: 25.67s, train loss: 1177.9837]
Tue 14 Oct 2025 01:23:25 INFO  epoch 49 training [time: 25.71s, train loss: 1173.4367]
Tue 14 Oct 2025 01:23:26 INFO  epoch 49 evaluating [time: 1.69s, valid_score: 0.065100]
Tue 14 Oct 2025 01:23:26 INFO  valid result: 
recall@3 : 0.0282    recall@5 : 0.0421    recall@10 : 0.0651    recall@20 : 0.0948    ndcg@3 : 0.0174    ndcg@5 : 0.0232    ndcg@10 : 0.0306    ndcg@20 : 0.0381    
Tue 14 Oct 2025 01:23:26 INFO  Saving current best: saved/SASRecD-Oct-14-2025_01-01-15.pth
Tue 14 Oct 2025 01:23:52 INFO  epoch 50 training [time: 25.74s, train loss: 1168.8179]
Tue 14 Oct 2025 01:24:18 INFO  epoch 51 training [time: 25.73s, train loss: 1165.6450]
Tue 14 Oct 2025 01:24:20 INFO  epoch 51 evaluating [time: 1.76s, valid_score: 0.064900]
Tue 14 Oct 2025 01:24:20 INFO  valid result: 
recall@3 : 0.028    recall@5 : 0.0425    recall@10 : 0.0649    recall@20 : 0.095    ndcg@3 : 0.0174    ndcg@5 : 0.0233    ndcg@10 : 0.0306    ndcg@20 : 0.0381    
Tue 14 Oct 2025 01:24:45 INFO  epoch 52 training [time: 25.67s, train loss: 1160.6610]
Tue 14 Oct 2025 01:25:11 INFO  epoch 53 training [time: 25.69s, train loss: 1156.8514]
Tue 14 Oct 2025 01:25:13 INFO  epoch 53 evaluating [time: 1.72s, valid_score: 0.064800]
Tue 14 Oct 2025 01:25:13 INFO  valid result: 
recall@3 : 0.0275    recall@5 : 0.0419    recall@10 : 0.0648    recall@20 : 0.0948    ndcg@3 : 0.0171    ndcg@5 : 0.023    ndcg@10 : 0.0304    ndcg@20 : 0.038    
Tue 14 Oct 2025 01:25:38 INFO  epoch 54 training [time: 25.63s, train loss: 1152.9689]
Tue 14 Oct 2025 01:26:04 INFO  epoch 55 training [time: 25.72s, train loss: 1148.6289]
Tue 14 Oct 2025 01:26:06 INFO  epoch 55 evaluating [time: 1.70s, valid_score: 0.064100]
Tue 14 Oct 2025 01:26:06 INFO  valid result: 
recall@3 : 0.0278    recall@5 : 0.042    recall@10 : 0.0641    recall@20 : 0.0951    ndcg@3 : 0.0173    ndcg@5 : 0.0232    ndcg@10 : 0.0303    ndcg@20 : 0.0381    
Tue 14 Oct 2025 01:26:31 INFO  epoch 56 training [time: 25.69s, train loss: 1144.8904]
Tue 14 Oct 2025 01:26:57 INFO  epoch 57 training [time: 25.72s, train loss: 1140.7190]
Tue 14 Oct 2025 01:26:59 INFO  epoch 57 evaluating [time: 1.69s, valid_score: 0.064400]
Tue 14 Oct 2025 01:26:59 INFO  valid result: 
recall@3 : 0.0276    recall@5 : 0.0419    recall@10 : 0.0644    recall@20 : 0.0942    ndcg@3 : 0.0172    ndcg@5 : 0.0231    ndcg@10 : 0.0303    ndcg@20 : 0.0378    
Tue 14 Oct 2025 01:27:24 INFO  epoch 58 training [time: 25.72s, train loss: 1137.1567]
Tue 14 Oct 2025 01:27:50 INFO  epoch 59 training [time: 25.67s, train loss: 1133.3864]
Tue 14 Oct 2025 01:27:52 INFO  epoch 59 evaluating [time: 1.75s, valid_score: 0.063300]
Tue 14 Oct 2025 01:27:52 INFO  valid result: 
recall@3 : 0.0277    recall@5 : 0.0417    recall@10 : 0.0633    recall@20 : 0.0936    ndcg@3 : 0.0173    ndcg@5 : 0.023    ndcg@10 : 0.03    ndcg@20 : 0.0376    
Tue 14 Oct 2025 01:28:18 INFO  epoch 60 training [time: 25.67s, train loss: 1130.0945]
Tue 14 Oct 2025 01:28:43 INFO  epoch 61 training [time: 25.72s, train loss: 1126.2776]
Tue 14 Oct 2025 01:28:45 INFO  epoch 61 evaluating [time: 1.71s, valid_score: 0.064100]
Tue 14 Oct 2025 01:28:45 INFO  valid result: 
recall@3 : 0.0278    recall@5 : 0.0415    recall@10 : 0.0641    recall@20 : 0.094    ndcg@3 : 0.0173    ndcg@5 : 0.023    ndcg@10 : 0.0302    ndcg@20 : 0.0378    
Tue 14 Oct 2025 01:29:11 INFO  epoch 62 training [time: 25.71s, train loss: 1122.4968]
Tue 14 Oct 2025 01:29:36 INFO  epoch 63 training [time: 25.66s, train loss: 1118.9420]
Tue 14 Oct 2025 01:29:38 INFO  epoch 63 evaluating [time: 1.73s, valid_score: 0.063800]
Tue 14 Oct 2025 01:29:38 INFO  valid result: 
recall@3 : 0.0278    recall@5 : 0.0417    recall@10 : 0.0638    recall@20 : 0.0935    ndcg@3 : 0.0174    ndcg@5 : 0.0231    ndcg@10 : 0.0302    ndcg@20 : 0.0377    
Tue 14 Oct 2025 01:30:04 INFO  epoch 64 training [time: 25.70s, train loss: 1114.9838]
Tue 14 Oct 2025 01:30:29 INFO  epoch 65 training [time: 25.68s, train loss: 1111.4448]
Tue 14 Oct 2025 01:30:31 INFO  epoch 65 evaluating [time: 1.71s, valid_score: 0.063900]
Tue 14 Oct 2025 01:30:31 INFO  valid result: 
recall@3 : 0.0276    recall@5 : 0.0419    recall@10 : 0.0639    recall@20 : 0.0941    ndcg@3 : 0.0173    ndcg@5 : 0.0231    ndcg@10 : 0.0303    ndcg@20 : 0.0378    
Tue 14 Oct 2025 01:30:57 INFO  epoch 66 training [time: 25.73s, train loss: 1108.1597]
Tue 14 Oct 2025 01:31:23 INFO  epoch 67 training [time: 25.77s, train loss: 1105.0540]
Tue 14 Oct 2025 01:31:24 INFO  epoch 67 evaluating [time: 1.74s, valid_score: 0.063000]
Tue 14 Oct 2025 01:31:24 INFO  valid result: 
recall@3 : 0.028    recall@5 : 0.0411    recall@10 : 0.063    recall@20 : 0.0923    ndcg@3 : 0.0175    ndcg@5 : 0.0228    ndcg@10 : 0.0299    ndcg@20 : 0.0373    
Tue 14 Oct 2025 01:31:50 INFO  epoch 68 training [time: 25.75s, train loss: 1100.6478]
Tue 14 Oct 2025 01:32:16 INFO  epoch 69 training [time: 25.73s, train loss: 1098.2015]
Tue 14 Oct 2025 01:32:18 INFO  epoch 69 evaluating [time: 1.77s, valid_score: 0.062100]
Tue 14 Oct 2025 01:32:18 INFO  valid result: 
recall@3 : 0.0275    recall@5 : 0.0408    recall@10 : 0.0621    recall@20 : 0.0916    ndcg@3 : 0.0172    ndcg@5 : 0.0227    ndcg@10 : 0.0295    ndcg@20 : 0.037    
Tue 14 Oct 2025 01:32:43 INFO  epoch 70 training [time: 25.72s, train loss: 1094.5368]
Tue 14 Oct 2025 01:33:09 INFO  epoch 71 training [time: 25.69s, train loss: 1091.1105]
Tue 14 Oct 2025 01:33:11 INFO  epoch 71 evaluating [time: 1.77s, valid_score: 0.062600]
Tue 14 Oct 2025 01:33:11 INFO  valid result: 
recall@3 : 0.0277    recall@5 : 0.041    recall@10 : 0.0626    recall@20 : 0.0908    ndcg@3 : 0.0173    ndcg@5 : 0.0228    ndcg@10 : 0.0297    ndcg@20 : 0.0368    
Tue 14 Oct 2025 01:33:11 INFO  Finished training, best eval result in epoch 49
Tue 14 Oct 2025 01:33:11 INFO  Loading model structure and parameters from saved/SASRecD-Oct-14-2025_01-01-15.pth
Tue 14 Oct 2025 01:33:13 INFO  best valid : {'recall@3': np.float64(0.0282), 'recall@5': np.float64(0.0421), 'recall@10': np.float64(0.0651), 'recall@20': np.float64(0.0948), 'ndcg@3': np.float64(0.0174), 'ndcg@5': np.float64(0.0232), 'ndcg@10': np.float64(0.0306), 'ndcg@20': np.float64(0.0381)}
Tue 14 Oct 2025 01:33:13 INFO  test result: {'recall@3': np.float64(0.0225), 'recall@5': np.float64(0.0345), 'recall@10': np.float64(0.0515), 'recall@20': np.float64(0.0765), 'ndcg@3': np.float64(0.0137), 'ndcg@5': np.float64(0.0186), 'ndcg@10': np.float64(0.024), 'ndcg@20': np.float64(0.0304)}
