Thu 23 Oct 2025 22:32:04 INFO  
General Hyper Parameters:
gpu_id = 0
use_gpu = True
seed = 212
state = INFO
reproducibility = True
data_path = ./recbole/data/dataset/Amazon_Sports_and_Outdoors
show_progress = True
save_dataset = False
save_dataloaders = False
benchmark_filename = None

Training Hyper Parameters:
checkpoint_dir = saved
epochs = 200
train_batch_size = 1024
learner = adam
learning_rate = 0.0001
eval_step = 2
stopping_step = 10
clip_grad_norm = None
weight_decay = 0.0
loss_decimal_place = 4

Evaluation Hyper Parameters:
eval_args = {'split': {'LS': 'valid_and_test'}, 'group_by': 'user', 'order': 'TO', 'mode': 'full'}
metrics = ['Recall', 'NDCG']
topk = [3, 5, 10, 20]
valid_metric = Recall@10
valid_metric_bigger = True
eval_batch_size = 256
metric_decimal_place = 4

Dataset Hyper Parameters:
field_separator = 	
seq_separator =  
USER_ID_FIELD = user_id
ITEM_ID_FIELD = item_id
RATING_FIELD = rating
TIME_FIELD = timestamp
seq_len = None
LABEL_FIELD = label
threshold = None
NEG_PREFIX = neg_
load_col = {'inter': ['user_id', 'item_id', 'rating', 'timestamp'], 'item': ['item_id', 'title', 'sales_rank', 'price', 'brand', 'categories', 'sales_type'], 'noise': ['ent_id', 'ent_emb']}
unload_col = None
unused_col = None
additional_feat_suffix = ['noise']
rm_dup_inter = None
val_interval = None
filter_inter_by_user_or_item = True
user_inter_num_interval = [5,inf)
item_inter_num_interval = [5,inf)
alias_of_user_id = None
alias_of_item_id = ['ent_id']
alias_of_entity_id = None
alias_of_relation_id = None
preload_weight = {'ent_id': 'ent_emb'}
normalize_field = None
normalize_all = None
ITEM_LIST_LENGTH_FIELD = item_length
LIST_SUFFIX = _list
MAX_ITEM_LIST_LENGTH = 50
POSITION_FIELD = position_id
HEAD_ENTITY_ID_FIELD = head_id
TAIL_ENTITY_ID_FIELD = tail_id
RELATION_ID_FIELD = relation_id
ENTITY_ID_FIELD = entity_id

Other Hyper Parameters: 
neg_sampling = None
multi_gpus = False
repeatable = True
n_layers = 3
n_heads = 8
hidden_size = 256
attribute_hidden_size = [128, 64]
inner_size = 256
hidden_dropout_prob = 0.5
attn_dropout_prob = 0.3
hidden_act = gelu
layer_norm_eps = 1e-12
initializer_range = 0.02
selected_features = ['ent_emb', 'categories']
pooling_mode = sum
loss_type = CE
weight_sharing = not
fusion_type = gate
lamdas = [5, 5]
attribute_predictor = ['cos_sim', 'linear']
MODEL_TYPE = ModelType.SEQUENTIAL
feature_type = ['static', 'categorical']
annealing = False
MODEL_INPUT_TYPE = InputType.POINTWISE
eval_type = EvaluatorType.RANKING
device = cuda
train_neg_sample_args = {'strategy': 'none'}
eval_neg_sample_args = {'strategy': 'full', 'distribution': 'uniform'}


Thu 23 Oct 2025 22:32:05 INFO  Amazon_Sports_and_Outdoors
The number of users: 35599
Average actions of users: 8.324540704533963
The number of items: 18358
Average actions of items: 16.142997221768262
The number of inters: 296337
The sparsity of the dataset: 99.95465569853714%
Remain Fields: ['user_id', 'item_id', 'rating', 'timestamp', 'title', 'price', 'brand', 'categories', 'sales_type', 'sales_rank', 'ent_id', 'ent_emb']
Thu 23 Oct 2025 22:32:08 INFO  [Training]: train_batch_size = [1024] negative sampling: [None]
Thu 23 Oct 2025 22:32:08 INFO  [Evaluation]: eval_batch_size = [256] eval_args: [{'split': {'LS': 'valid_and_test'}, 'group_by': 'user', 'order': 'TO', 'mode': 'full'}]
Thu 23 Oct 2025 22:32:08 INFO  SASRecD(
  (item_embedding): Embedding(18358, 256, padding_idx=0)
  (position_embedding): Embedding(50, 256)
  (feature_embed_layer_list): ModuleList(
    (0): Embedding(18358, 128)
    (1): FeatureSeqEmbLayer()
  )
  (trm_encoder): DIFTransformerEncoder(
    (layer): ModuleList(
      (0-2): 3 x DIFTransformerLayer(
        (multi_head_attention): DIFMultiHeadAttention(
          (query): Linear(in_features=256, out_features=256, bias=True)
          (key): Linear(in_features=256, out_features=256, bias=True)
          (value): Linear(in_features=256, out_features=256, bias=True)
          (query_p): Linear(in_features=256, out_features=256, bias=True)
          (key_p): Linear(in_features=256, out_features=256, bias=True)
          (query_layers): ModuleList(
            (0): Linear(in_features=128, out_features=128, bias=True)
            (1): Linear(in_features=64, out_features=64, bias=True)
          )
          (key_layers): ModuleList(
            (0): Linear(in_features=128, out_features=128, bias=True)
            (1): Linear(in_features=64, out_features=64, bias=True)
          )
          (fusion_layer): VanillaAttention(
            (projection): Sequential(
              (0): Linear(in_features=50, out_features=50, bias=True)
              (1): ReLU(inplace=True)
              (2): Linear(in_features=50, out_features=1, bias=True)
            )
          )
          (attn_dropout): Dropout(p=0.3, inplace=False)
          (dense): Linear(in_features=256, out_features=256, bias=True)
          (LayerNorm): LayerNorm((256,), eps=1e-12, elementwise_affine=True)
          (out_dropout): Dropout(p=0.5, inplace=False)
        )
        (feed_forward): FeedForward(
          (dense_1): Linear(in_features=256, out_features=256, bias=True)
          (dense_2): Linear(in_features=256, out_features=256, bias=True)
          (LayerNorm): LayerNorm((256,), eps=1e-12, elementwise_affine=True)
          (dropout): Dropout(p=0.5, inplace=False)
        )
      )
    )
  )
  (ap): ModuleList(
    (0): Linear(in_features=256, out_features=128, bias=True)
    (1): Linear(in_features=256, out_features=1876, bias=True)
  )
  (LayerNorm): LayerNorm((256,), eps=1e-12, elementwise_affine=True)
  (dropout): Dropout(p=0.5, inplace=False)
  (loss_fct): CrossEntropyLoss()
  (attribute_loss_fct): BCEWithLogitsLoss()
)
Trainable parameters: 6941903
Thu 23 Oct 2025 22:32:46 INFO  epoch 0 training [time: 37.60s, train loss: 2403.8129]
Thu 23 Oct 2025 22:33:24 INFO  epoch 1 training [time: 37.55s, train loss: 2199.6304]
Thu 23 Oct 2025 22:33:26 INFO  epoch 1 evaluating [time: 2.58s, valid_score: 0.012800]
Thu 23 Oct 2025 22:33:26 INFO  valid result: 
recall@3 : 0.006    recall@5 : 0.0081    recall@10 : 0.0128    recall@20 : 0.0236    ndcg@3 : 0.0044    ndcg@5 : 0.0053    ndcg@10 : 0.0068    ndcg@20 : 0.0094    
Thu 23 Oct 2025 22:33:28 INFO  Saving current best: saved/SASRecD-Oct-23-2025_22-32-08.pth
Thu 23 Oct 2025 22:34:18 INFO  epoch 2 training [time: 50.42s, train loss: 2182.0123]
Thu 23 Oct 2025 22:34:58 INFO  epoch 3 training [time: 39.92s, train loss: 2173.4870]
Thu 23 Oct 2025 22:35:01 INFO  epoch 3 evaluating [time: 2.89s, valid_score: 0.012300]
Thu 23 Oct 2025 22:35:01 INFO  valid result: 
recall@3 : 0.0058    recall@5 : 0.0079    recall@10 : 0.0123    recall@20 : 0.023    ndcg@3 : 0.0042    ndcg@5 : 0.0051    ndcg@10 : 0.0065    ndcg@20 : 0.0091    
Thu 23 Oct 2025 22:35:45 INFO  epoch 4 training [time: 43.89s, train loss: 2163.5687]
Thu 23 Oct 2025 22:36:21 INFO  epoch 5 training [time: 36.67s, train loss: 2150.3374]
Thu 23 Oct 2025 22:36:24 INFO  epoch 5 evaluating [time: 2.31s, valid_score: 0.014700]
Thu 23 Oct 2025 22:36:24 INFO  valid result: 
recall@3 : 0.0055    recall@5 : 0.0088    recall@10 : 0.0147    recall@20 : 0.0252    ndcg@3 : 0.0038    ndcg@5 : 0.0051    ndcg@10 : 0.007    ndcg@20 : 0.0096    
Thu 23 Oct 2025 22:36:25 INFO  Saving current best: saved/SASRecD-Oct-23-2025_22-32-08.pth
Thu 23 Oct 2025 22:37:01 INFO  epoch 6 training [time: 36.49s, train loss: 2127.3127]
Thu 23 Oct 2025 22:37:37 INFO  epoch 7 training [time: 36.04s, train loss: 2096.3205]
Thu 23 Oct 2025 22:37:40 INFO  epoch 7 evaluating [time: 2.44s, valid_score: 0.022300]
Thu 23 Oct 2025 22:37:40 INFO  valid result: 
recall@3 : 0.0086    recall@5 : 0.0132    recall@10 : 0.0223    recall@20 : 0.0385    ndcg@3 : 0.0059    ndcg@5 : 0.0078    ndcg@10 : 0.0107    ndcg@20 : 0.0148    
Thu 23 Oct 2025 22:37:41 INFO  Saving current best: saved/SASRecD-Oct-23-2025_22-32-08.pth
Thu 23 Oct 2025 22:38:18 INFO  epoch 8 training [time: 36.94s, train loss: 2067.7313]
Thu 23 Oct 2025 22:38:55 INFO  epoch 9 training [time: 36.80s, train loss: 2041.7062]
Thu 23 Oct 2025 22:38:57 INFO  epoch 9 evaluating [time: 2.30s, valid_score: 0.029700]
Thu 23 Oct 2025 22:38:57 INFO  valid result: 
recall@3 : 0.0107    recall@5 : 0.0163    recall@10 : 0.0297    recall@20 : 0.0491    ndcg@3 : 0.0071    ndcg@5 : 0.0094    ndcg@10 : 0.0137    ndcg@20 : 0.0185    
Thu 23 Oct 2025 22:38:58 INFO  Saving current best: saved/SASRecD-Oct-23-2025_22-32-08.pth
Thu 23 Oct 2025 22:39:35 INFO  epoch 10 training [time: 37.10s, train loss: 2017.4116]
Thu 23 Oct 2025 22:40:13 INFO  epoch 11 training [time: 37.62s, train loss: 1994.0441]
Thu 23 Oct 2025 22:40:15 INFO  epoch 11 evaluating [time: 2.31s, valid_score: 0.036500]
Thu 23 Oct 2025 22:40:15 INFO  valid result: 
recall@3 : 0.0137    recall@5 : 0.0216    recall@10 : 0.0365    recall@20 : 0.0581    ndcg@3 : 0.0089    ndcg@5 : 0.0121    ndcg@10 : 0.0169    ndcg@20 : 0.0223    
Thu 23 Oct 2025 22:40:16 INFO  Saving current best: saved/SASRecD-Oct-23-2025_22-32-08.pth
Thu 23 Oct 2025 22:40:54 INFO  epoch 12 training [time: 37.57s, train loss: 1972.2959]
Thu 23 Oct 2025 22:41:30 INFO  epoch 13 training [time: 36.71s, train loss: 1951.4973]
Thu 23 Oct 2025 22:41:33 INFO  epoch 13 evaluating [time: 2.37s, valid_score: 0.042600]
Thu 23 Oct 2025 22:41:33 INFO  valid result: 
recall@3 : 0.0174    recall@5 : 0.0261    recall@10 : 0.0426    recall@20 : 0.0642    ndcg@3 : 0.0111    ndcg@5 : 0.0147    ndcg@10 : 0.02    ndcg@20 : 0.0254    
Thu 23 Oct 2025 22:41:34 INFO  Saving current best: saved/SASRecD-Oct-23-2025_22-32-08.pth
Thu 23 Oct 2025 22:42:11 INFO  epoch 14 training [time: 36.93s, train loss: 1931.9931]
Thu 23 Oct 2025 22:42:47 INFO  epoch 15 training [time: 36.52s, train loss: 1913.7096]
Thu 23 Oct 2025 22:42:49 INFO  epoch 15 evaluating [time: 2.32s, valid_score: 0.047000]
Thu 23 Oct 2025 22:42:49 INFO  valid result: 
recall@3 : 0.0203    recall@5 : 0.0296    recall@10 : 0.047    recall@20 : 0.0709    ndcg@3 : 0.0128    ndcg@5 : 0.0166    ndcg@10 : 0.0223    ndcg@20 : 0.0283    
Thu 23 Oct 2025 22:42:50 INFO  Saving current best: saved/SASRecD-Oct-23-2025_22-32-08.pth
Thu 23 Oct 2025 22:43:27 INFO  epoch 16 training [time: 36.38s, train loss: 1895.4850]
Thu 23 Oct 2025 22:44:04 INFO  epoch 17 training [time: 37.40s, train loss: 1878.7971]
Thu 23 Oct 2025 22:44:07 INFO  epoch 17 evaluating [time: 2.33s, valid_score: 0.051200]
Thu 23 Oct 2025 22:44:07 INFO  valid result: 
recall@3 : 0.0218    recall@5 : 0.0327    recall@10 : 0.0512    recall@20 : 0.076    ndcg@3 : 0.0135    ndcg@5 : 0.018    ndcg@10 : 0.0239    ndcg@20 : 0.0302    
Thu 23 Oct 2025 22:44:08 INFO  Saving current best: saved/SASRecD-Oct-23-2025_22-32-08.pth
Thu 23 Oct 2025 22:44:44 INFO  epoch 18 training [time: 36.78s, train loss: 1862.3372]
Thu 23 Oct 2025 22:45:21 INFO  epoch 19 training [time: 36.68s, train loss: 1846.1924]
Thu 23 Oct 2025 22:45:23 INFO  epoch 19 evaluating [time: 2.28s, valid_score: 0.053800]
Thu 23 Oct 2025 22:45:23 INFO  valid result: 
recall@3 : 0.0226    recall@5 : 0.0344    recall@10 : 0.0538    recall@20 : 0.081    ndcg@3 : 0.0141    ndcg@5 : 0.0189    ndcg@10 : 0.0252    ndcg@20 : 0.032    
Thu 23 Oct 2025 22:45:24 INFO  Saving current best: saved/SASRecD-Oct-23-2025_22-32-08.pth
Thu 23 Oct 2025 22:46:01 INFO  epoch 20 training [time: 37.06s, train loss: 1831.2583]
Thu 23 Oct 2025 22:46:38 INFO  epoch 21 training [time: 36.30s, train loss: 1816.1709]
Thu 23 Oct 2025 22:46:40 INFO  epoch 21 evaluating [time: 2.34s, valid_score: 0.056400]
Thu 23 Oct 2025 22:46:40 INFO  valid result: 
recall@3 : 0.0249    recall@5 : 0.0366    recall@10 : 0.0564    recall@20 : 0.0839    ndcg@3 : 0.0152    ndcg@5 : 0.02    ndcg@10 : 0.0264    ndcg@20 : 0.0333    
Thu 23 Oct 2025 22:46:41 INFO  Saving current best: saved/SASRecD-Oct-23-2025_22-32-08.pth
Thu 23 Oct 2025 22:47:18 INFO  epoch 22 training [time: 37.04s, train loss: 1802.2999]
Thu 23 Oct 2025 22:47:55 INFO  epoch 23 training [time: 36.45s, train loss: 1788.3834]
Thu 23 Oct 2025 22:47:57 INFO  epoch 23 evaluating [time: 2.35s, valid_score: 0.058600]
Thu 23 Oct 2025 22:47:57 INFO  valid result: 
recall@3 : 0.0261    recall@5 : 0.0382    recall@10 : 0.0586    recall@20 : 0.0862    ndcg@3 : 0.0158    ndcg@5 : 0.0208    ndcg@10 : 0.0273    ndcg@20 : 0.0343    
Thu 23 Oct 2025 22:47:58 INFO  Saving current best: saved/SASRecD-Oct-23-2025_22-32-08.pth
Thu 23 Oct 2025 22:48:35 INFO  epoch 24 training [time: 37.03s, train loss: 1775.0747]
Thu 23 Oct 2025 22:49:12 INFO  epoch 25 training [time: 37.29s, train loss: 1762.4381]
Thu 23 Oct 2025 22:49:15 INFO  epoch 25 evaluating [time: 2.32s, valid_score: 0.060000]
Thu 23 Oct 2025 22:49:15 INFO  valid result: 
recall@3 : 0.0271    recall@5 : 0.0392    recall@10 : 0.06    recall@20 : 0.0882    ndcg@3 : 0.0163    ndcg@5 : 0.0213    ndcg@10 : 0.028    ndcg@20 : 0.035    
Thu 23 Oct 2025 22:49:16 INFO  Saving current best: saved/SASRecD-Oct-23-2025_22-32-08.pth
Thu 23 Oct 2025 22:49:53 INFO  epoch 26 training [time: 37.03s, train loss: 1749.5781]
Thu 23 Oct 2025 22:50:30 INFO  epoch 27 training [time: 37.76s, train loss: 1737.5889]
Thu 23 Oct 2025 22:50:33 INFO  epoch 27 evaluating [time: 2.35s, valid_score: 0.061300]
Thu 23 Oct 2025 22:50:33 INFO  valid result: 
recall@3 : 0.0274    recall@5 : 0.0404    recall@10 : 0.0613    recall@20 : 0.0892    ndcg@3 : 0.0165    ndcg@5 : 0.0218    ndcg@10 : 0.0285    ndcg@20 : 0.0355    
Thu 23 Oct 2025 22:50:34 INFO  Saving current best: saved/SASRecD-Oct-23-2025_22-32-08.pth
Thu 23 Oct 2025 22:51:11 INFO  epoch 28 training [time: 37.05s, train loss: 1725.7532]
Thu 23 Oct 2025 22:51:51 INFO  epoch 29 training [time: 39.10s, train loss: 1714.1202]
Thu 23 Oct 2025 22:51:53 INFO  epoch 29 evaluating [time: 2.83s, valid_score: 0.061800]
Thu 23 Oct 2025 22:51:53 INFO  valid result: 
recall@3 : 0.0279    recall@5 : 0.0408    recall@10 : 0.0618    recall@20 : 0.0911    ndcg@3 : 0.0167    ndcg@5 : 0.0219    ndcg@10 : 0.0287    ndcg@20 : 0.0361    
Thu 23 Oct 2025 22:51:54 INFO  Saving current best: saved/SASRecD-Oct-23-2025_22-32-08.pth
Thu 23 Oct 2025 22:52:34 INFO  epoch 30 training [time: 39.58s, train loss: 1702.0308]
Thu 23 Oct 2025 22:53:10 INFO  epoch 31 training [time: 36.40s, train loss: 1691.5604]
Thu 23 Oct 2025 22:53:13 INFO  epoch 31 evaluating [time: 2.34s, valid_score: 0.063600]
Thu 23 Oct 2025 22:53:13 INFO  valid result: 
recall@3 : 0.0281    recall@5 : 0.041    recall@10 : 0.0636    recall@20 : 0.092    ndcg@3 : 0.0168    ndcg@5 : 0.0222    ndcg@10 : 0.0295    ndcg@20 : 0.0366    
Thu 23 Oct 2025 22:53:14 INFO  Saving current best: saved/SASRecD-Oct-23-2025_22-32-08.pth
Thu 23 Oct 2025 22:53:55 INFO  epoch 32 training [time: 40.83s, train loss: 1679.8211]
Thu 23 Oct 2025 22:54:31 INFO  epoch 33 training [time: 36.23s, train loss: 1669.1297]
Thu 23 Oct 2025 22:54:33 INFO  epoch 33 evaluating [time: 2.38s, valid_score: 0.063900]
Thu 23 Oct 2025 22:54:33 INFO  valid result: 
recall@3 : 0.0285    recall@5 : 0.0417    recall@10 : 0.0639    recall@20 : 0.0926    ndcg@3 : 0.0171    ndcg@5 : 0.0225    ndcg@10 : 0.0297    ndcg@20 : 0.0369    
Thu 23 Oct 2025 22:54:34 INFO  Saving current best: saved/SASRecD-Oct-23-2025_22-32-08.pth
Thu 23 Oct 2025 22:55:11 INFO  epoch 34 training [time: 36.77s, train loss: 1658.7597]
Thu 23 Oct 2025 22:55:48 INFO  epoch 35 training [time: 37.01s, train loss: 1648.0108]
Thu 23 Oct 2025 22:55:51 INFO  epoch 35 evaluating [time: 2.39s, valid_score: 0.064400]
Thu 23 Oct 2025 22:55:51 INFO  valid result: 
recall@3 : 0.0287    recall@5 : 0.0421    recall@10 : 0.0644    recall@20 : 0.0931    ndcg@3 : 0.0172    ndcg@5 : 0.0227    ndcg@10 : 0.0299    ndcg@20 : 0.0371    
Thu 23 Oct 2025 22:55:52 INFO  Saving current best: saved/SASRecD-Oct-23-2025_22-32-08.pth
Thu 23 Oct 2025 22:56:32 INFO  epoch 36 training [time: 39.98s, train loss: 1637.5527]
Thu 23 Oct 2025 22:57:08 INFO  epoch 37 training [time: 36.65s, train loss: 1627.8401]
Thu 23 Oct 2025 22:57:11 INFO  epoch 37 evaluating [time: 2.46s, valid_score: 0.065400]
Thu 23 Oct 2025 22:57:11 INFO  valid result: 
recall@3 : 0.0286    recall@5 : 0.0424    recall@10 : 0.0654    recall@20 : 0.094    ndcg@3 : 0.0172    ndcg@5 : 0.0229    ndcg@10 : 0.0303    ndcg@20 : 0.0375    
Thu 23 Oct 2025 22:57:12 INFO  Saving current best: saved/SASRecD-Oct-23-2025_22-32-08.pth
Thu 23 Oct 2025 22:57:47 INFO  epoch 38 training [time: 35.28s, train loss: 1617.4276]
Thu 23 Oct 2025 22:58:22 INFO  epoch 39 training [time: 34.99s, train loss: 1606.9598]
Thu 23 Oct 2025 22:58:24 INFO  epoch 39 evaluating [time: 2.19s, valid_score: 0.065500]
Thu 23 Oct 2025 22:58:24 INFO  valid result: 
recall@3 : 0.0287    recall@5 : 0.0428    recall@10 : 0.0655    recall@20 : 0.0944    ndcg@3 : 0.0172    ndcg@5 : 0.023    ndcg@10 : 0.0303    ndcg@20 : 0.0376    
Thu 23 Oct 2025 22:58:25 INFO  Saving current best: saved/SASRecD-Oct-23-2025_22-32-08.pth
Thu 23 Oct 2025 22:59:00 INFO  epoch 40 training [time: 34.92s, train loss: 1596.6400]
Thu 23 Oct 2025 22:59:35 INFO  epoch 41 training [time: 34.96s, train loss: 1586.6428]
Thu 23 Oct 2025 22:59:37 INFO  epoch 41 evaluating [time: 2.23s, valid_score: 0.065200]
Thu 23 Oct 2025 22:59:37 INFO  valid result: 
recall@3 : 0.0289    recall@5 : 0.0428    recall@10 : 0.0652    recall@20 : 0.0949    ndcg@3 : 0.0174    ndcg@5 : 0.0231    ndcg@10 : 0.0303    ndcg@20 : 0.0378    
Thu 23 Oct 2025 23:00:12 INFO  epoch 42 training [time: 34.89s, train loss: 1576.2407]
Thu 23 Oct 2025 23:00:47 INFO  epoch 43 training [time: 34.99s, train loss: 1566.5408]
Thu 23 Oct 2025 23:00:49 INFO  epoch 43 evaluating [time: 2.19s, valid_score: 0.065600]
Thu 23 Oct 2025 23:00:49 INFO  valid result: 
recall@3 : 0.0288    recall@5 : 0.0427    recall@10 : 0.0656    recall@20 : 0.0947    ndcg@3 : 0.0174    ndcg@5 : 0.0231    ndcg@10 : 0.0305    ndcg@20 : 0.0378    
Thu 23 Oct 2025 23:00:50 INFO  Saving current best: saved/SASRecD-Oct-23-2025_22-32-08.pth
Thu 23 Oct 2025 23:01:25 INFO  epoch 44 training [time: 34.94s, train loss: 1556.7291]
Thu 23 Oct 2025 23:02:00 INFO  epoch 45 training [time: 34.91s, train loss: 1547.1494]
Thu 23 Oct 2025 23:02:02 INFO  epoch 45 evaluating [time: 2.25s, valid_score: 0.066000]
Thu 23 Oct 2025 23:02:02 INFO  valid result: 
recall@3 : 0.0288    recall@5 : 0.0439    recall@10 : 0.066    recall@20 : 0.0958    ndcg@3 : 0.0175    ndcg@5 : 0.0237    ndcg@10 : 0.0308    ndcg@20 : 0.0383    
Thu 23 Oct 2025 23:02:04 INFO  Saving current best: saved/SASRecD-Oct-23-2025_22-32-08.pth
Thu 23 Oct 2025 23:02:38 INFO  epoch 46 training [time: 34.90s, train loss: 1536.8328]
Thu 23 Oct 2025 23:03:13 INFO  epoch 47 training [time: 34.93s, train loss: 1527.0019]
Thu 23 Oct 2025 23:03:16 INFO  epoch 47 evaluating [time: 2.24s, valid_score: 0.066400]
Thu 23 Oct 2025 23:03:16 INFO  valid result: 
recall@3 : 0.0294    recall@5 : 0.0436    recall@10 : 0.0664    recall@20 : 0.0953    ndcg@3 : 0.0177    ndcg@5 : 0.0235    ndcg@10 : 0.0309    ndcg@20 : 0.0381    
Thu 23 Oct 2025 23:03:17 INFO  Saving current best: saved/SASRecD-Oct-23-2025_22-32-08.pth
Thu 23 Oct 2025 23:03:52 INFO  epoch 48 training [time: 34.97s, train loss: 1516.7663]
Thu 23 Oct 2025 23:04:27 INFO  epoch 49 training [time: 35.01s, train loss: 1506.5845]
Thu 23 Oct 2025 23:04:29 INFO  epoch 49 evaluating [time: 2.23s, valid_score: 0.066400]
Thu 23 Oct 2025 23:04:29 INFO  valid result: 
recall@3 : 0.0296    recall@5 : 0.0435    recall@10 : 0.0664    recall@20 : 0.0964    ndcg@3 : 0.0178    ndcg@5 : 0.0235    ndcg@10 : 0.0309    ndcg@20 : 0.0384    
Thu 23 Oct 2025 23:05:04 INFO  epoch 50 training [time: 34.82s, train loss: 1496.7992]
Thu 23 Oct 2025 23:05:39 INFO  epoch 51 training [time: 34.95s, train loss: 1486.8227]
Thu 23 Oct 2025 23:05:41 INFO  epoch 51 evaluating [time: 2.23s, valid_score: 0.066000]
Thu 23 Oct 2025 23:05:41 INFO  valid result: 
recall@3 : 0.0295    recall@5 : 0.0442    recall@10 : 0.066    recall@20 : 0.096    ndcg@3 : 0.0178    ndcg@5 : 0.0238    ndcg@10 : 0.0309    ndcg@20 : 0.0384    
Thu 23 Oct 2025 23:06:16 INFO  epoch 52 training [time: 34.93s, train loss: 1476.3838]
Thu 23 Oct 2025 23:06:51 INFO  epoch 53 training [time: 34.85s, train loss: 1466.5046]
Thu 23 Oct 2025 23:06:53 INFO  epoch 53 evaluating [time: 2.24s, valid_score: 0.066500]
Thu 23 Oct 2025 23:06:53 INFO  valid result: 
recall@3 : 0.0302    recall@5 : 0.0442    recall@10 : 0.0665    recall@20 : 0.0962    ndcg@3 : 0.0181    ndcg@5 : 0.0238    ndcg@10 : 0.031    ndcg@20 : 0.0385    
Thu 23 Oct 2025 23:06:54 INFO  Saving current best: saved/SASRecD-Oct-23-2025_22-32-08.pth
Thu 23 Oct 2025 23:07:29 INFO  epoch 54 training [time: 34.85s, train loss: 1455.8152]
Thu 23 Oct 2025 23:08:04 INFO  epoch 55 training [time: 34.81s, train loss: 1445.2611]
Thu 23 Oct 2025 23:08:06 INFO  epoch 55 evaluating [time: 2.19s, valid_score: 0.067300]
Thu 23 Oct 2025 23:08:06 INFO  valid result: 
recall@3 : 0.0303    recall@5 : 0.0446    recall@10 : 0.0673    recall@20 : 0.0968    ndcg@3 : 0.0183    ndcg@5 : 0.0242    ndcg@10 : 0.0315    ndcg@20 : 0.0389    
Thu 23 Oct 2025 23:08:09 INFO  Saving current best: saved/SASRecD-Oct-23-2025_22-32-08.pth
Thu 23 Oct 2025 23:08:44 INFO  epoch 56 training [time: 34.96s, train loss: 1435.0081]
Thu 23 Oct 2025 23:09:19 INFO  epoch 57 training [time: 34.85s, train loss: 1424.4760]
Thu 23 Oct 2025 23:09:21 INFO  epoch 57 evaluating [time: 2.19s, valid_score: 0.066000]
Thu 23 Oct 2025 23:09:21 INFO  valid result: 
recall@3 : 0.0295    recall@5 : 0.0442    recall@10 : 0.066    recall@20 : 0.0976    ndcg@3 : 0.0179    ndcg@5 : 0.0239    ndcg@10 : 0.031    ndcg@20 : 0.0389    
Thu 23 Oct 2025 23:09:56 INFO  epoch 58 training [time: 34.77s, train loss: 1413.7357]
Thu 23 Oct 2025 23:10:31 INFO  epoch 59 training [time: 34.91s, train loss: 1402.5758]
Thu 23 Oct 2025 23:10:33 INFO  epoch 59 evaluating [time: 2.23s, valid_score: 0.066400]
Thu 23 Oct 2025 23:10:33 INFO  valid result: 
recall@3 : 0.0295    recall@5 : 0.0437    recall@10 : 0.0664    recall@20 : 0.097    ndcg@3 : 0.0178    ndcg@5 : 0.0237    ndcg@10 : 0.031    ndcg@20 : 0.0387    
Thu 23 Oct 2025 23:11:08 INFO  epoch 60 training [time: 34.87s, train loss: 1392.6606]
Thu 23 Oct 2025 23:11:43 INFO  epoch 61 training [time: 34.82s, train loss: 1381.2675]
Thu 23 Oct 2025 23:11:45 INFO  epoch 61 evaluating [time: 2.21s, valid_score: 0.065800]
Thu 23 Oct 2025 23:11:45 INFO  valid result: 
recall@3 : 0.0295    recall@5 : 0.0439    recall@10 : 0.0658    recall@20 : 0.0961    ndcg@3 : 0.0178    ndcg@5 : 0.0238    ndcg@10 : 0.0308    ndcg@20 : 0.0385    
Thu 23 Oct 2025 23:12:20 INFO  epoch 62 training [time: 34.87s, train loss: 1370.1916]
Thu 23 Oct 2025 23:12:55 INFO  epoch 63 training [time: 34.90s, train loss: 1359.3016]
Thu 23 Oct 2025 23:12:57 INFO  epoch 63 evaluating [time: 2.20s, valid_score: 0.066500]
Thu 23 Oct 2025 23:12:57 INFO  valid result: 
recall@3 : 0.0297    recall@5 : 0.0434    recall@10 : 0.0665    recall@20 : 0.0975    ndcg@3 : 0.018    ndcg@5 : 0.0236    ndcg@10 : 0.0311    ndcg@20 : 0.0389    
Thu 23 Oct 2025 23:13:32 INFO  epoch 64 training [time: 34.97s, train loss: 1348.3625]
Thu 23 Oct 2025 23:14:07 INFO  epoch 65 training [time: 34.89s, train loss: 1337.5258]
Thu 23 Oct 2025 23:14:09 INFO  epoch 65 evaluating [time: 2.21s, valid_score: 0.066900]
Thu 23 Oct 2025 23:14:09 INFO  valid result: 
recall@3 : 0.0297    recall@5 : 0.0443    recall@10 : 0.0669    recall@20 : 0.0968    ndcg@3 : 0.0182    ndcg@5 : 0.0242    ndcg@10 : 0.0314    ndcg@20 : 0.0389    
Thu 23 Oct 2025 23:14:44 INFO  epoch 66 training [time: 34.88s, train loss: 1325.9275]
Thu 23 Oct 2025 23:15:19 INFO  epoch 67 training [time: 34.84s, train loss: 1315.2759]
Thu 23 Oct 2025 23:15:21 INFO  epoch 67 evaluating [time: 2.21s, valid_score: 0.066500]
Thu 23 Oct 2025 23:15:21 INFO  valid result: 
recall@3 : 0.0299    recall@5 : 0.0436    recall@10 : 0.0665    recall@20 : 0.096    ndcg@3 : 0.0183    ndcg@5 : 0.024    ndcg@10 : 0.0313    ndcg@20 : 0.0388    
Thu 23 Oct 2025 23:15:56 INFO  epoch 68 training [time: 34.78s, train loss: 1302.5959]
Thu 23 Oct 2025 23:16:31 INFO  epoch 69 training [time: 34.97s, train loss: 1291.3737]
Thu 23 Oct 2025 23:16:33 INFO  epoch 69 evaluating [time: 2.20s, valid_score: 0.066900]
Thu 23 Oct 2025 23:16:33 INFO  valid result: 
recall@3 : 0.0298    recall@5 : 0.044    recall@10 : 0.0669    recall@20 : 0.0968    ndcg@3 : 0.0182    ndcg@5 : 0.024    ndcg@10 : 0.0313    ndcg@20 : 0.0389    
Thu 23 Oct 2025 23:17:08 INFO  epoch 70 training [time: 34.85s, train loss: 1279.7181]
Thu 23 Oct 2025 23:17:43 INFO  epoch 71 training [time: 34.97s, train loss: 1268.6394]
Thu 23 Oct 2025 23:17:45 INFO  epoch 71 evaluating [time: 2.23s, valid_score: 0.066600]
Thu 23 Oct 2025 23:17:45 INFO  valid result: 
recall@3 : 0.0293    recall@5 : 0.0439    recall@10 : 0.0666    recall@20 : 0.0966    ndcg@3 : 0.018    ndcg@5 : 0.0239    ndcg@10 : 0.0313    ndcg@20 : 0.0388    
Thu 23 Oct 2025 23:18:20 INFO  epoch 72 training [time: 34.88s, train loss: 1256.4588]
Thu 23 Oct 2025 23:18:55 INFO  epoch 73 training [time: 34.93s, train loss: 1244.2510]
Thu 23 Oct 2025 23:18:57 INFO  epoch 73 evaluating [time: 2.20s, valid_score: 0.067400]
Thu 23 Oct 2025 23:18:57 INFO  valid result: 
recall@3 : 0.03    recall@5 : 0.044    recall@10 : 0.0674    recall@20 : 0.0962    ndcg@3 : 0.0181    ndcg@5 : 0.0239    ndcg@10 : 0.0315    ndcg@20 : 0.0387    
Thu 23 Oct 2025 23:18:58 INFO  Saving current best: saved/SASRecD-Oct-23-2025_22-32-08.pth
Thu 23 Oct 2025 23:19:33 INFO  epoch 74 training [time: 34.94s, train loss: 1231.9071]
Thu 23 Oct 2025 23:20:08 INFO  epoch 75 training [time: 34.94s, train loss: 1219.5541]
Thu 23 Oct 2025 23:20:10 INFO  epoch 75 evaluating [time: 2.19s, valid_score: 0.066200]
Thu 23 Oct 2025 23:20:10 INFO  valid result: 
recall@3 : 0.0293    recall@5 : 0.044    recall@10 : 0.0662    recall@20 : 0.0961    ndcg@3 : 0.0178    ndcg@5 : 0.0238    ndcg@10 : 0.031    ndcg@20 : 0.0385    
Thu 23 Oct 2025 23:20:45 INFO  epoch 76 training [time: 34.86s, train loss: 1207.9794]
Thu 23 Oct 2025 23:21:20 INFO  epoch 77 training [time: 34.84s, train loss: 1195.5736]
Thu 23 Oct 2025 23:21:22 INFO  epoch 77 evaluating [time: 2.21s, valid_score: 0.066900]
Thu 23 Oct 2025 23:21:22 INFO  valid result: 
recall@3 : 0.0292    recall@5 : 0.044    recall@10 : 0.0669    recall@20 : 0.0957    ndcg@3 : 0.018    ndcg@5 : 0.0241    ndcg@10 : 0.0314    ndcg@20 : 0.0387    
Thu 23 Oct 2025 23:21:57 INFO  epoch 78 training [time: 34.79s, train loss: 1182.6951]
Thu 23 Oct 2025 23:22:32 INFO  epoch 79 training [time: 34.82s, train loss: 1169.9300]
Thu 23 Oct 2025 23:22:34 INFO  epoch 79 evaluating [time: 2.22s, valid_score: 0.066300]
Thu 23 Oct 2025 23:22:34 INFO  valid result: 
recall@3 : 0.0292    recall@5 : 0.0438    recall@10 : 0.0663    recall@20 : 0.0967    ndcg@3 : 0.018    ndcg@5 : 0.0239    ndcg@10 : 0.0312    ndcg@20 : 0.0388    
Thu 23 Oct 2025 23:23:09 INFO  epoch 80 training [time: 34.90s, train loss: 1157.9774]
Thu 23 Oct 2025 23:23:44 INFO  epoch 81 training [time: 34.80s, train loss: 1144.9968]
Thu 23 Oct 2025 23:23:46 INFO  epoch 81 evaluating [time: 2.23s, valid_score: 0.065900]
Thu 23 Oct 2025 23:23:46 INFO  valid result: 
recall@3 : 0.0293    recall@5 : 0.0435    recall@10 : 0.0659    recall@20 : 0.0968    ndcg@3 : 0.0182    ndcg@5 : 0.024    ndcg@10 : 0.0312    ndcg@20 : 0.039    
Thu 23 Oct 2025 23:24:21 INFO  epoch 82 training [time: 34.82s, train loss: 1132.0999]
Thu 23 Oct 2025 23:24:56 INFO  epoch 83 training [time: 34.92s, train loss: 1119.4302]
Thu 23 Oct 2025 23:24:58 INFO  epoch 83 evaluating [time: 2.20s, valid_score: 0.065400]
Thu 23 Oct 2025 23:24:58 INFO  valid result: 
recall@3 : 0.0291    recall@5 : 0.0433    recall@10 : 0.0654    recall@20 : 0.0953    ndcg@3 : 0.018    ndcg@5 : 0.0238    ndcg@10 : 0.031    ndcg@20 : 0.0385    
Thu 23 Oct 2025 23:25:33 INFO  epoch 84 training [time: 34.90s, train loss: 1105.7655]
Thu 23 Oct 2025 23:26:07 INFO  epoch 85 training [time: 34.81s, train loss: 1092.5509]
Thu 23 Oct 2025 23:26:10 INFO  epoch 85 evaluating [time: 2.21s, valid_score: 0.066300]
Thu 23 Oct 2025 23:26:10 INFO  valid result: 
recall@3 : 0.0294    recall@5 : 0.0434    recall@10 : 0.0663    recall@20 : 0.0951    ndcg@3 : 0.0181    ndcg@5 : 0.0238    ndcg@10 : 0.0312    ndcg@20 : 0.0384    
Thu 23 Oct 2025 23:26:45 INFO  epoch 86 training [time: 34.82s, train loss: 1079.7775]
Thu 23 Oct 2025 23:27:19 INFO  epoch 87 training [time: 34.85s, train loss: 1066.2357]
Thu 23 Oct 2025 23:27:22 INFO  epoch 87 evaluating [time: 2.21s, valid_score: 0.065400]
Thu 23 Oct 2025 23:27:22 INFO  valid result: 
recall@3 : 0.029    recall@5 : 0.0437    recall@10 : 0.0654    recall@20 : 0.0958    ndcg@3 : 0.0178    ndcg@5 : 0.0239    ndcg@10 : 0.0308    ndcg@20 : 0.0385    
Thu 23 Oct 2025 23:27:56 INFO  epoch 88 training [time: 34.87s, train loss: 1052.3550]
Thu 23 Oct 2025 23:28:31 INFO  epoch 89 training [time: 34.84s, train loss: 1039.8010]
Thu 23 Oct 2025 23:28:34 INFO  epoch 89 evaluating [time: 2.21s, valid_score: 0.065700]
Thu 23 Oct 2025 23:28:34 INFO  valid result: 
recall@3 : 0.0294    recall@5 : 0.0438    recall@10 : 0.0657    recall@20 : 0.0956    ndcg@3 : 0.0184    ndcg@5 : 0.0243    ndcg@10 : 0.0314    ndcg@20 : 0.0389    
Thu 23 Oct 2025 23:29:08 INFO  epoch 90 training [time: 34.94s, train loss: 1025.6981]
Thu 23 Oct 2025 23:29:43 INFO  epoch 91 training [time: 35.00s, train loss: 1012.1713]
Thu 23 Oct 2025 23:29:46 INFO  epoch 91 evaluating [time: 2.21s, valid_score: 0.065600]
Thu 23 Oct 2025 23:29:46 INFO  valid result: 
recall@3 : 0.0294    recall@5 : 0.0432    recall@10 : 0.0656    recall@20 : 0.0948    ndcg@3 : 0.0183    ndcg@5 : 0.0239    ndcg@10 : 0.0312    ndcg@20 : 0.0385    
Thu 23 Oct 2025 23:30:21 INFO  epoch 92 training [time: 34.85s, train loss: 997.7368]
Thu 23 Oct 2025 23:30:55 INFO  epoch 93 training [time: 34.93s, train loss: 983.9660]
Thu 23 Oct 2025 23:30:58 INFO  epoch 93 evaluating [time: 2.19s, valid_score: 0.065800]
Thu 23 Oct 2025 23:30:58 INFO  valid result: 
recall@3 : 0.0296    recall@5 : 0.043    recall@10 : 0.0658    recall@20 : 0.0946    ndcg@3 : 0.0184    ndcg@5 : 0.0239    ndcg@10 : 0.0312    ndcg@20 : 0.0385    
Thu 23 Oct 2025 23:31:32 INFO  epoch 94 training [time: 34.80s, train loss: 970.3722]
Thu 23 Oct 2025 23:32:07 INFO  epoch 95 training [time: 34.86s, train loss: 955.2674]
Thu 23 Oct 2025 23:32:09 INFO  epoch 95 evaluating [time: 2.20s, valid_score: 0.066500]
Thu 23 Oct 2025 23:32:09 INFO  valid result: 
recall@3 : 0.029    recall@5 : 0.0437    recall@10 : 0.0665    recall@20 : 0.096    ndcg@3 : 0.018    ndcg@5 : 0.024    ndcg@10 : 0.0313    ndcg@20 : 0.0388    
Thu 23 Oct 2025 23:32:09 INFO  Finished training, best eval result in epoch 73
Thu 23 Oct 2025 23:32:10 INFO  Loading model structure and parameters from saved/SASRecD-Oct-23-2025_22-32-08.pth
Thu 23 Oct 2025 23:32:13 INFO  best valid : {'recall@3': np.float64(0.03), 'recall@5': np.float64(0.044), 'recall@10': np.float64(0.0674), 'recall@20': np.float64(0.0962), 'ndcg@3': np.float64(0.0181), 'ndcg@5': np.float64(0.0239), 'ndcg@10': np.float64(0.0315), 'ndcg@20': np.float64(0.0387)}
Thu 23 Oct 2025 23:32:13 INFO  test result: {'recall@3': np.float64(0.0237), 'recall@5': np.float64(0.0356), 'recall@10': np.float64(0.0538), 'recall@20': np.float64(0.0785), 'ndcg@3': np.float64(0.0144), 'ndcg@5': np.float64(0.0193), 'ndcg@10': np.float64(0.0251), 'ndcg@20': np.float64(0.0314)}
