Wed 22 Oct 2025 00:04:39 INFO  
General Hyper Parameters:
gpu_id = 0
use_gpu = True
seed = 212
state = INFO
reproducibility = True
data_path = ./recbole/data/dataset/Amazon_Sports_and_Outdoors
show_progress = True
save_dataset = False
save_dataloaders = False
benchmark_filename = None

Training Hyper Parameters:
checkpoint_dir = saved
epochs = 200
train_batch_size = 1024
learner = adam
learning_rate = 0.0001
eval_step = 2
stopping_step = 10
clip_grad_norm = None
weight_decay = 0.0
loss_decimal_place = 4

Evaluation Hyper Parameters:
eval_args = {'split': {'LS': 'valid_and_test'}, 'group_by': 'user', 'order': 'TO', 'mode': 'full'}
metrics = ['Recall', 'NDCG']
topk = [3, 5, 10, 20]
valid_metric = Recall@10
valid_metric_bigger = True
eval_batch_size = 256
metric_decimal_place = 4

Dataset Hyper Parameters:
field_separator = 	
seq_separator =  
USER_ID_FIELD = user_id
ITEM_ID_FIELD = item_id
RATING_FIELD = rating
TIME_FIELD = timestamp
seq_len = None
LABEL_FIELD = label
threshold = None
NEG_PREFIX = neg_
load_col = {'inter': ['user_id', 'item_id', 'rating', 'timestamp'], 'item': ['item_id', 'title', 'sales_rank', 'price', 'brand', 'categories', 'sales_type'], 'noise': ['ent_id', 'ent_emb'], 'noise2': ['ent_id2', 'ent_emb2']}
unload_col = None
unused_col = None
additional_feat_suffix = ['noise', 'noise2']
rm_dup_inter = None
val_interval = None
filter_inter_by_user_or_item = True
user_inter_num_interval = [5,inf)
item_inter_num_interval = [5,inf)
alias_of_user_id = None
alias_of_item_id = ['ent_id', 'ent_id2']
alias_of_entity_id = None
alias_of_relation_id = None
preload_weight = {'ent_id': 'ent_emb', 'ent_id2': 'ent_emb2'}
normalize_field = None
normalize_all = None
ITEM_LIST_LENGTH_FIELD = item_length
LIST_SUFFIX = _list
MAX_ITEM_LIST_LENGTH = 50
POSITION_FIELD = position_id
HEAD_ENTITY_ID_FIELD = head_id
TAIL_ENTITY_ID_FIELD = tail_id
RELATION_ID_FIELD = relation_id
ENTITY_ID_FIELD = entity_id

Other Hyper Parameters: 
neg_sampling = None
multi_gpus = False
repeatable = True
n_layers = 3
n_heads = 8
hidden_size = 256
attribute_hidden_size = [128, 128]
inner_size = 256
hidden_dropout_prob = 0.5
attn_dropout_prob = 0.3
hidden_act = gelu
layer_norm_eps = 1e-12
initializer_range = 0.02
selected_features = ['ent_emb', 'ent_emb2']
pooling_mode = sum
loss_type = CE
weight_sharing = not
fusion_type = gate
lamdas = [5, 5]
attribute_predictor = ['cos_sim', 'cos_sim']
MODEL_TYPE = ModelType.SEQUENTIAL
feature_type = ['static', 'static']
annealing = False
MODEL_INPUT_TYPE = InputType.POINTWISE
eval_type = EvaluatorType.RANKING
device = cuda
train_neg_sample_args = {'strategy': 'none'}
eval_neg_sample_args = {'strategy': 'full', 'distribution': 'uniform'}


Wed 22 Oct 2025 00:04:41 INFO  Amazon_Sports_and_Outdoors
The number of users: 35599
Average actions of users: 8.324540704533963
The number of items: 18358
Average actions of items: 16.142997221768262
The number of inters: 296337
The sparsity of the dataset: 99.95465569853714%
Remain Fields: ['user_id', 'item_id', 'rating', 'timestamp', 'title', 'price', 'brand', 'categories', 'sales_type', 'sales_rank', 'ent_id', 'ent_emb', 'ent_id2', 'ent_emb2']
Wed 22 Oct 2025 00:04:44 INFO  [Training]: train_batch_size = [1024] negative sampling: [None]
Wed 22 Oct 2025 00:04:44 INFO  [Evaluation]: eval_batch_size = [256] eval_args: [{'split': {'LS': 'valid_and_test'}, 'group_by': 'user', 'order': 'TO', 'mode': 'full'}]
Wed 22 Oct 2025 00:04:45 INFO  SASRecD(
  (item_embedding): Embedding(18358, 256, padding_idx=0)
  (position_embedding): Embedding(50, 256)
  (feature_embed_layer_list): ModuleList(
    (0-1): 2 x Embedding(18358, 128)
  )
  (trm_encoder): DIFTransformerEncoder(
    (layer): ModuleList(
      (0-2): 3 x DIFTransformerLayer(
        (multi_head_attention): DIFMultiHeadAttention(
          (query): Linear(in_features=256, out_features=256, bias=True)
          (key): Linear(in_features=256, out_features=256, bias=True)
          (value): Linear(in_features=256, out_features=256, bias=True)
          (query_p): Linear(in_features=256, out_features=256, bias=True)
          (key_p): Linear(in_features=256, out_features=256, bias=True)
          (query_layers): ModuleList(
            (0-1): 2 x Linear(in_features=128, out_features=128, bias=True)
          )
          (key_layers): ModuleList(
            (0-1): 2 x Linear(in_features=128, out_features=128, bias=True)
          )
          (fusion_layer): VanillaAttention(
            (projection): Sequential(
              (0): Linear(in_features=50, out_features=50, bias=True)
              (1): ReLU(inplace=True)
              (2): Linear(in_features=50, out_features=1, bias=True)
            )
          )
          (attn_dropout): Dropout(p=0.3, inplace=False)
          (dense): Linear(in_features=256, out_features=256, bias=True)
          (LayerNorm): LayerNorm((256,), eps=1e-12, elementwise_affine=True)
          (out_dropout): Dropout(p=0.5, inplace=False)
        )
        (feed_forward): FeedForward(
          (dense_1): Linear(in_features=256, out_features=256, bias=True)
          (dense_2): Linear(in_features=256, out_features=256, bias=True)
          (LayerNorm): LayerNorm((256,), eps=1e-12, elementwise_affine=True)
          (dropout): Dropout(p=0.5, inplace=False)
        )
      )
    )
  )
  (ap): ModuleList(
    (0-1): 2 x Linear(in_features=256, out_features=128, bias=True)
  )
  (LayerNorm): LayerNorm((256,), eps=1e-12, elementwise_affine=True)
  (dropout): Dropout(p=0.5, inplace=False)
  (loss_fct): CrossEntropyLoss()
  (attribute_loss_fct): BCEWithLogitsLoss()
)
Trainable parameters: 6566779
Wed 22 Oct 2025 00:05:17 INFO  epoch 0 training [time: 31.96s, train loss: 2757.6996]
Wed 22 Oct 2025 00:05:49 INFO  epoch 1 training [time: 31.39s, train loss: 2680.0284]
Wed 22 Oct 2025 00:05:51 INFO  epoch 1 evaluating [time: 2.33s, valid_score: 0.012200]
Wed 22 Oct 2025 00:05:51 INFO  valid result: 
recall@3 : 0.006    recall@5 : 0.008    recall@10 : 0.0122    recall@20 : 0.0227    ndcg@3 : 0.0044    ndcg@5 : 0.0052    ndcg@10 : 0.0066    ndcg@20 : 0.0092    
Wed 22 Oct 2025 00:05:51 INFO  Saving current best: saved/SASRecD-Oct-22-2025_00-04-45.pth
Wed 22 Oct 2025 00:06:24 INFO  epoch 2 training [time: 32.74s, train loss: 2637.4370]
Wed 22 Oct 2025 00:06:56 INFO  epoch 3 training [time: 32.17s, train loss: 2621.2351]
Wed 22 Oct 2025 00:06:58 INFO  epoch 3 evaluating [time: 2.38s, valid_score: 0.012700]
Wed 22 Oct 2025 00:06:58 INFO  valid result: 
recall@3 : 0.0056    recall@5 : 0.0079    recall@10 : 0.0127    recall@20 : 0.0231    ndcg@3 : 0.004    ndcg@5 : 0.005    ndcg@10 : 0.0065    ndcg@20 : 0.0091    
Wed 22 Oct 2025 00:06:58 INFO  Saving current best: saved/SASRecD-Oct-22-2025_00-04-45.pth
Wed 22 Oct 2025 00:07:30 INFO  epoch 4 training [time: 31.52s, train loss: 2606.3139]
Wed 22 Oct 2025 00:08:01 INFO  epoch 5 training [time: 31.33s, train loss: 2585.8426]
Wed 22 Oct 2025 00:08:03 INFO  epoch 5 evaluating [time: 2.14s, valid_score: 0.017600]
Wed 22 Oct 2025 00:08:03 INFO  valid result: 
recall@3 : 0.0066    recall@5 : 0.0104    recall@10 : 0.0176    recall@20 : 0.0324    ndcg@3 : 0.0044    ndcg@5 : 0.0059    ndcg@10 : 0.0082    ndcg@20 : 0.012    
Wed 22 Oct 2025 00:08:03 INFO  Saving current best: saved/SASRecD-Oct-22-2025_00-04-45.pth
Wed 22 Oct 2025 00:08:35 INFO  epoch 6 training [time: 31.38s, train loss: 2553.6446]
Wed 22 Oct 2025 00:09:06 INFO  epoch 7 training [time: 31.44s, train loss: 2519.9099]
Wed 22 Oct 2025 00:09:09 INFO  epoch 7 evaluating [time: 2.23s, valid_score: 0.026000]
Wed 22 Oct 2025 00:09:09 INFO  valid result: 
recall@3 : 0.0085    recall@5 : 0.0133    recall@10 : 0.026    recall@20 : 0.0439    ndcg@3 : 0.0059    ndcg@5 : 0.0078    ndcg@10 : 0.0119    ndcg@20 : 0.0164    
Wed 22 Oct 2025 00:09:09 INFO  Saving current best: saved/SASRecD-Oct-22-2025_00-04-45.pth
Wed 22 Oct 2025 00:09:40 INFO  epoch 8 training [time: 31.42s, train loss: 2490.0987]
Wed 22 Oct 2025 00:10:12 INFO  epoch 9 training [time: 31.48s, train loss: 2463.5484]
Wed 22 Oct 2025 00:10:14 INFO  epoch 9 evaluating [time: 2.21s, valid_score: 0.032200]
Wed 22 Oct 2025 00:10:14 INFO  valid result: 
recall@3 : 0.0116    recall@5 : 0.0183    recall@10 : 0.0322    recall@20 : 0.0527    ndcg@3 : 0.0077    ndcg@5 : 0.0105    ndcg@10 : 0.0149    ndcg@20 : 0.02    
Wed 22 Oct 2025 00:10:14 INFO  Saving current best: saved/SASRecD-Oct-22-2025_00-04-45.pth
Wed 22 Oct 2025 00:10:45 INFO  epoch 10 training [time: 31.39s, train loss: 2438.8039]
Wed 22 Oct 2025 00:11:17 INFO  epoch 11 training [time: 31.37s, train loss: 2416.3120]
Wed 22 Oct 2025 00:11:19 INFO  epoch 11 evaluating [time: 2.21s, valid_score: 0.037800]
Wed 22 Oct 2025 00:11:19 INFO  valid result: 
recall@3 : 0.0153    recall@5 : 0.0224    recall@10 : 0.0378    recall@20 : 0.0599    ndcg@3 : 0.0098    ndcg@5 : 0.0128    ndcg@10 : 0.0177    ndcg@20 : 0.0233    
Wed 22 Oct 2025 00:11:19 INFO  Saving current best: saved/SASRecD-Oct-22-2025_00-04-45.pth
Wed 22 Oct 2025 00:11:50 INFO  epoch 12 training [time: 31.41s, train loss: 2395.1618]
Wed 22 Oct 2025 00:12:22 INFO  epoch 13 training [time: 31.59s, train loss: 2375.1716]
Wed 22 Oct 2025 00:12:24 INFO  epoch 13 evaluating [time: 2.11s, valid_score: 0.042900]
Wed 22 Oct 2025 00:12:24 INFO  valid result: 
recall@3 : 0.018    recall@5 : 0.0269    recall@10 : 0.0429    recall@20 : 0.0665    ndcg@3 : 0.0114    ndcg@5 : 0.015    ndcg@10 : 0.0202    ndcg@20 : 0.0261    
Wed 22 Oct 2025 00:12:24 INFO  Saving current best: saved/SASRecD-Oct-22-2025_00-04-45.pth
Wed 22 Oct 2025 00:12:55 INFO  epoch 14 training [time: 31.19s, train loss: 2355.9314]
Wed 22 Oct 2025 00:13:27 INFO  epoch 15 training [time: 31.66s, train loss: 2338.3645]
Wed 22 Oct 2025 00:13:29 INFO  epoch 15 evaluating [time: 2.21s, valid_score: 0.046400]
Wed 22 Oct 2025 00:13:29 INFO  valid result: 
recall@3 : 0.0195    recall@5 : 0.0299    recall@10 : 0.0464    recall@20 : 0.0722    ndcg@3 : 0.0123    ndcg@5 : 0.0165    ndcg@10 : 0.0218    ndcg@20 : 0.0283    
Wed 22 Oct 2025 00:13:29 INFO  Saving current best: saved/SASRecD-Oct-22-2025_00-04-45.pth
Wed 22 Oct 2025 00:14:02 INFO  epoch 16 training [time: 32.72s, train loss: 2321.1321]
Wed 22 Oct 2025 00:14:34 INFO  epoch 17 training [time: 32.26s, train loss: 2305.7058]
Wed 22 Oct 2025 00:14:37 INFO  epoch 17 evaluating [time: 2.23s, valid_score: 0.049500]
Wed 22 Oct 2025 00:14:37 INFO  valid result: 
recall@3 : 0.0213    recall@5 : 0.0318    recall@10 : 0.0495    recall@20 : 0.0755    ndcg@3 : 0.0132    ndcg@5 : 0.0175    ndcg@10 : 0.0232    ndcg@20 : 0.0297    
Wed 22 Oct 2025 00:14:37 INFO  Saving current best: saved/SASRecD-Oct-22-2025_00-04-45.pth
Wed 22 Oct 2025 00:15:09 INFO  epoch 18 training [time: 32.23s, train loss: 2290.3612]
Wed 22 Oct 2025 00:15:41 INFO  epoch 19 training [time: 31.73s, train loss: 2276.1680]
Wed 22 Oct 2025 00:15:43 INFO  epoch 19 evaluating [time: 2.11s, valid_score: 0.052500]
Wed 22 Oct 2025 00:15:43 INFO  valid result: 
recall@3 : 0.0238    recall@5 : 0.0339    recall@10 : 0.0525    recall@20 : 0.0785    ndcg@3 : 0.0146    ndcg@5 : 0.0187    ndcg@10 : 0.0247    ndcg@20 : 0.0312    
Wed 22 Oct 2025 00:15:43 INFO  Saving current best: saved/SASRecD-Oct-22-2025_00-04-45.pth
Wed 22 Oct 2025 00:16:14 INFO  epoch 20 training [time: 31.28s, train loss: 2262.4941]
Wed 22 Oct 2025 00:16:45 INFO  epoch 21 training [time: 31.29s, train loss: 2249.0712]
Wed 22 Oct 2025 00:16:47 INFO  epoch 21 evaluating [time: 2.11s, valid_score: 0.054500]
Wed 22 Oct 2025 00:16:47 INFO  valid result: 
recall@3 : 0.0249    recall@5 : 0.0351    recall@10 : 0.0545    recall@20 : 0.0811    ndcg@3 : 0.0152    ndcg@5 : 0.0194    ndcg@10 : 0.0256    ndcg@20 : 0.0323    
Wed 22 Oct 2025 00:16:48 INFO  Saving current best: saved/SASRecD-Oct-22-2025_00-04-45.pth
Wed 22 Oct 2025 00:17:19 INFO  epoch 22 training [time: 31.40s, train loss: 2236.2026]
Wed 22 Oct 2025 00:17:50 INFO  epoch 23 training [time: 31.41s, train loss: 2224.3239]
Wed 22 Oct 2025 00:17:53 INFO  epoch 23 evaluating [time: 2.20s, valid_score: 0.056100]
Wed 22 Oct 2025 00:17:53 INFO  valid result: 
recall@3 : 0.0254    recall@5 : 0.0367    recall@10 : 0.0561    recall@20 : 0.0829    ndcg@3 : 0.0154    ndcg@5 : 0.0201    ndcg@10 : 0.0263    ndcg@20 : 0.033    
Wed 22 Oct 2025 00:17:53 INFO  Saving current best: saved/SASRecD-Oct-22-2025_00-04-45.pth
Wed 22 Oct 2025 00:18:24 INFO  epoch 24 training [time: 31.34s, train loss: 2212.2031]
Wed 22 Oct 2025 00:18:55 INFO  epoch 25 training [time: 31.23s, train loss: 2201.7313]
Wed 22 Oct 2025 00:18:57 INFO  epoch 25 evaluating [time: 2.21s, valid_score: 0.057400]
Wed 22 Oct 2025 00:18:57 INFO  valid result: 
recall@3 : 0.026    recall@5 : 0.0383    recall@10 : 0.0574    recall@20 : 0.0849    ndcg@3 : 0.0157    ndcg@5 : 0.0208    ndcg@10 : 0.0269    ndcg@20 : 0.0338    
Wed 22 Oct 2025 00:18:58 INFO  Saving current best: saved/SASRecD-Oct-22-2025_00-04-45.pth
Wed 22 Oct 2025 00:19:29 INFO  epoch 26 training [time: 31.36s, train loss: 2190.7831]
Wed 22 Oct 2025 00:20:00 INFO  epoch 27 training [time: 31.40s, train loss: 2181.0054]
Wed 22 Oct 2025 00:20:02 INFO  epoch 27 evaluating [time: 2.10s, valid_score: 0.058700]
Wed 22 Oct 2025 00:20:02 INFO  valid result: 
recall@3 : 0.0264    recall@5 : 0.0393    recall@10 : 0.0587    recall@20 : 0.0865    ndcg@3 : 0.0159    ndcg@5 : 0.0212    ndcg@10 : 0.0274    ndcg@20 : 0.0344    
Wed 22 Oct 2025 00:20:02 INFO  Saving current best: saved/SASRecD-Oct-22-2025_00-04-45.pth
Wed 22 Oct 2025 00:20:34 INFO  epoch 28 training [time: 31.42s, train loss: 2170.6792]
Wed 22 Oct 2025 00:21:05 INFO  epoch 29 training [time: 31.29s, train loss: 2161.8550]
Wed 22 Oct 2025 00:21:07 INFO  epoch 29 evaluating [time: 2.13s, valid_score: 0.059400]
Wed 22 Oct 2025 00:21:07 INFO  valid result: 
recall@3 : 0.0272    recall@5 : 0.0397    recall@10 : 0.0594    recall@20 : 0.0871    ndcg@3 : 0.0163    ndcg@5 : 0.0215    ndcg@10 : 0.0278    ndcg@20 : 0.0348    
Wed 22 Oct 2025 00:21:07 INFO  Saving current best: saved/SASRecD-Oct-22-2025_00-04-45.pth
Wed 22 Oct 2025 00:21:39 INFO  epoch 30 training [time: 31.21s, train loss: 2152.6974]
Wed 22 Oct 2025 00:22:10 INFO  epoch 31 training [time: 31.27s, train loss: 2144.1868]
Wed 22 Oct 2025 00:22:12 INFO  epoch 31 evaluating [time: 2.19s, valid_score: 0.060700]
Wed 22 Oct 2025 00:22:12 INFO  valid result: 
recall@3 : 0.0276    recall@5 : 0.04    recall@10 : 0.0607    recall@20 : 0.0882    ndcg@3 : 0.0166    ndcg@5 : 0.0217    ndcg@10 : 0.0283    ndcg@20 : 0.0352    
Wed 22 Oct 2025 00:22:12 INFO  Saving current best: saved/SASRecD-Oct-22-2025_00-04-45.pth
Wed 22 Oct 2025 00:22:43 INFO  epoch 32 training [time: 31.22s, train loss: 2136.0133]
Wed 22 Oct 2025 00:23:15 INFO  epoch 33 training [time: 31.36s, train loss: 2127.3113]
Wed 22 Oct 2025 00:23:17 INFO  epoch 33 evaluating [time: 2.12s, valid_score: 0.060900]
Wed 22 Oct 2025 00:23:17 INFO  valid result: 
recall@3 : 0.0276    recall@5 : 0.0406    recall@10 : 0.0609    recall@20 : 0.0894    ndcg@3 : 0.0166    ndcg@5 : 0.022    ndcg@10 : 0.0285    ndcg@20 : 0.0357    
Wed 22 Oct 2025 00:23:17 INFO  Saving current best: saved/SASRecD-Oct-22-2025_00-04-45.pth
Wed 22 Oct 2025 00:23:48 INFO  epoch 34 training [time: 31.38s, train loss: 2120.3032]
Wed 22 Oct 2025 00:24:20 INFO  epoch 35 training [time: 31.30s, train loss: 2112.8603]
Wed 22 Oct 2025 00:24:22 INFO  epoch 35 evaluating [time: 2.18s, valid_score: 0.061300]
Wed 22 Oct 2025 00:24:22 INFO  valid result: 
recall@3 : 0.0276    recall@5 : 0.0405    recall@10 : 0.0613    recall@20 : 0.0902    ndcg@3 : 0.0166    ndcg@5 : 0.0219    ndcg@10 : 0.0287    ndcg@20 : 0.0359    
Wed 22 Oct 2025 00:24:22 INFO  Saving current best: saved/SASRecD-Oct-22-2025_00-04-45.pth
Wed 22 Oct 2025 00:24:53 INFO  epoch 36 training [time: 31.33s, train loss: 2105.8691]
Wed 22 Oct 2025 00:25:25 INFO  epoch 37 training [time: 31.28s, train loss: 2099.0945]
Wed 22 Oct 2025 00:25:27 INFO  epoch 37 evaluating [time: 2.11s, valid_score: 0.061500]
Wed 22 Oct 2025 00:25:27 INFO  valid result: 
recall@3 : 0.0282    recall@5 : 0.0411    recall@10 : 0.0615    recall@20 : 0.091    ndcg@3 : 0.017    ndcg@5 : 0.0223    ndcg@10 : 0.0288    ndcg@20 : 0.0363    
Wed 22 Oct 2025 00:25:27 INFO  Saving current best: saved/SASRecD-Oct-22-2025_00-04-45.pth
Wed 22 Oct 2025 00:25:58 INFO  epoch 38 training [time: 31.46s, train loss: 2092.6105]
Wed 22 Oct 2025 00:26:30 INFO  epoch 39 training [time: 31.39s, train loss: 2085.9892]
Wed 22 Oct 2025 00:26:32 INFO  epoch 39 evaluating [time: 2.19s, valid_score: 0.062300]
Wed 22 Oct 2025 00:26:32 INFO  valid result: 
recall@3 : 0.0277    recall@5 : 0.041    recall@10 : 0.0623    recall@20 : 0.0909    ndcg@3 : 0.0167    ndcg@5 : 0.0222    ndcg@10 : 0.029    ndcg@20 : 0.0362    
Wed 22 Oct 2025 00:26:32 INFO  Saving current best: saved/SASRecD-Oct-22-2025_00-04-45.pth
Wed 22 Oct 2025 00:27:03 INFO  epoch 40 training [time: 31.29s, train loss: 2079.8314]
Wed 22 Oct 2025 00:27:34 INFO  epoch 41 training [time: 31.18s, train loss: 2074.4568]
Wed 22 Oct 2025 00:27:37 INFO  epoch 41 evaluating [time: 2.20s, valid_score: 0.063100]
Wed 22 Oct 2025 00:27:37 INFO  valid result: 
recall@3 : 0.0277    recall@5 : 0.041    recall@10 : 0.0631    recall@20 : 0.0911    ndcg@3 : 0.0167    ndcg@5 : 0.0222    ndcg@10 : 0.0293    ndcg@20 : 0.0363    
Wed 22 Oct 2025 00:27:37 INFO  Saving current best: saved/SASRecD-Oct-22-2025_00-04-45.pth
Wed 22 Oct 2025 00:28:08 INFO  epoch 42 training [time: 31.33s, train loss: 2068.9472]
Wed 22 Oct 2025 00:28:39 INFO  epoch 43 training [time: 31.23s, train loss: 2063.0978]
Wed 22 Oct 2025 00:28:41 INFO  epoch 43 evaluating [time: 2.25s, valid_score: 0.063100]
Wed 22 Oct 2025 00:28:41 INFO  valid result: 
recall@3 : 0.0276    recall@5 : 0.0416    recall@10 : 0.0631    recall@20 : 0.091    ndcg@3 : 0.0166    ndcg@5 : 0.0224    ndcg@10 : 0.0293    ndcg@20 : 0.0363    
Wed 22 Oct 2025 00:29:13 INFO  epoch 44 training [time: 31.79s, train loss: 2057.9598]
Wed 22 Oct 2025 00:29:45 INFO  epoch 45 training [time: 31.35s, train loss: 2053.3986]
Wed 22 Oct 2025 00:29:47 INFO  epoch 45 evaluating [time: 2.11s, valid_score: 0.063400]
Wed 22 Oct 2025 00:29:47 INFO  valid result: 
recall@3 : 0.0276    recall@5 : 0.0414    recall@10 : 0.0634    recall@20 : 0.0914    ndcg@3 : 0.0169    ndcg@5 : 0.0225    ndcg@10 : 0.0297    ndcg@20 : 0.0367    
Wed 22 Oct 2025 00:29:47 INFO  Saving current best: saved/SASRecD-Oct-22-2025_00-04-45.pth
Wed 22 Oct 2025 00:30:19 INFO  epoch 46 training [time: 32.60s, train loss: 2048.9508]
Wed 22 Oct 2025 00:30:53 INFO  epoch 47 training [time: 33.80s, train loss: 2043.8761]
Wed 22 Oct 2025 00:30:55 INFO  epoch 47 evaluating [time: 2.21s, valid_score: 0.063200]
Wed 22 Oct 2025 00:30:55 INFO  valid result: 
recall@3 : 0.0281    recall@5 : 0.0419    recall@10 : 0.0632    recall@20 : 0.0914    ndcg@3 : 0.0171    ndcg@5 : 0.0228    ndcg@10 : 0.0296    ndcg@20 : 0.0367    
Wed 22 Oct 2025 00:31:27 INFO  epoch 48 training [time: 31.71s, train loss: 2039.5248]
Wed 22 Oct 2025 00:31:59 INFO  epoch 49 training [time: 31.41s, train loss: 2034.8145]
Wed 22 Oct 2025 00:32:01 INFO  epoch 49 evaluating [time: 2.19s, valid_score: 0.063400]
Wed 22 Oct 2025 00:32:01 INFO  valid result: 
recall@3 : 0.0277    recall@5 : 0.0417    recall@10 : 0.0634    recall@20 : 0.0919    ndcg@3 : 0.017    ndcg@5 : 0.0228    ndcg@10 : 0.0298    ndcg@20 : 0.0369    
Wed 22 Oct 2025 00:32:34 INFO  epoch 50 training [time: 33.21s, train loss: 2030.4275]
Wed 22 Oct 2025 00:33:08 INFO  epoch 51 training [time: 33.80s, train loss: 2026.2480]
Wed 22 Oct 2025 00:33:10 INFO  epoch 51 evaluating [time: 2.37s, valid_score: 0.063100]
Wed 22 Oct 2025 00:33:10 INFO  valid result: 
recall@3 : 0.0275    recall@5 : 0.0415    recall@10 : 0.0631    recall@20 : 0.0915    ndcg@3 : 0.0169    ndcg@5 : 0.0226    ndcg@10 : 0.0296    ndcg@20 : 0.0367    
Wed 22 Oct 2025 00:33:44 INFO  epoch 52 training [time: 33.69s, train loss: 2021.4994]
Wed 22 Oct 2025 00:34:16 INFO  epoch 53 training [time: 32.24s, train loss: 2017.6957]
Wed 22 Oct 2025 00:34:18 INFO  epoch 53 evaluating [time: 2.23s, valid_score: 0.062500]
Wed 22 Oct 2025 00:34:18 INFO  valid result: 
recall@3 : 0.0277    recall@5 : 0.0417    recall@10 : 0.0625    recall@20 : 0.091    ndcg@3 : 0.0171    ndcg@5 : 0.0228    ndcg@10 : 0.0295    ndcg@20 : 0.0367    
Wed 22 Oct 2025 00:34:50 INFO  epoch 54 training [time: 31.68s, train loss: 2013.6167]
Wed 22 Oct 2025 00:35:22 INFO  epoch 55 training [time: 31.73s, train loss: 2009.3195]
Wed 22 Oct 2025 00:35:24 INFO  epoch 55 evaluating [time: 2.21s, valid_score: 0.063500]
Wed 22 Oct 2025 00:35:24 INFO  valid result: 
recall@3 : 0.0281    recall@5 : 0.0418    recall@10 : 0.0635    recall@20 : 0.0913    ndcg@3 : 0.0172    ndcg@5 : 0.0229    ndcg@10 : 0.0298    ndcg@20 : 0.0368    
Wed 22 Oct 2025 00:35:24 INFO  Saving current best: saved/SASRecD-Oct-22-2025_00-04-45.pth
Wed 22 Oct 2025 00:35:56 INFO  epoch 56 training [time: 32.15s, train loss: 2005.4473]
Wed 22 Oct 2025 00:36:28 INFO  epoch 57 training [time: 31.59s, train loss: 2001.7364]
Wed 22 Oct 2025 00:36:30 INFO  epoch 57 evaluating [time: 2.23s, valid_score: 0.063000]
Wed 22 Oct 2025 00:36:30 INFO  valid result: 
recall@3 : 0.028    recall@5 : 0.0425    recall@10 : 0.063    recall@20 : 0.0911    ndcg@3 : 0.0172    ndcg@5 : 0.0232    ndcg@10 : 0.0298    ndcg@20 : 0.0368    
Wed 22 Oct 2025 00:37:01 INFO  epoch 58 training [time: 31.49s, train loss: 1998.0300]
Wed 22 Oct 2025 00:37:33 INFO  epoch 59 training [time: 31.36s, train loss: 1994.2904]
Wed 22 Oct 2025 00:37:35 INFO  epoch 59 evaluating [time: 2.19s, valid_score: 0.062800]
Wed 22 Oct 2025 00:37:35 INFO  valid result: 
recall@3 : 0.0281    recall@5 : 0.0422    recall@10 : 0.0628    recall@20 : 0.0902    ndcg@3 : 0.0173    ndcg@5 : 0.0231    ndcg@10 : 0.0297    ndcg@20 : 0.0367    
Wed 22 Oct 2025 00:38:06 INFO  epoch 60 training [time: 31.26s, train loss: 1991.0188]
Wed 22 Oct 2025 00:38:38 INFO  epoch 61 training [time: 31.33s, train loss: 1987.3055]
Wed 22 Oct 2025 00:38:40 INFO  epoch 61 evaluating [time: 2.17s, valid_score: 0.062400]
Wed 22 Oct 2025 00:38:40 INFO  valid result: 
recall@3 : 0.028    recall@5 : 0.0421    recall@10 : 0.0624    recall@20 : 0.0898    ndcg@3 : 0.0173    ndcg@5 : 0.0231    ndcg@10 : 0.0297    ndcg@20 : 0.0365    
Wed 22 Oct 2025 00:39:11 INFO  epoch 62 training [time: 31.24s, train loss: 1983.3595]
Wed 22 Oct 2025 00:39:42 INFO  epoch 63 training [time: 31.21s, train loss: 1980.5716]
Wed 22 Oct 2025 00:39:44 INFO  epoch 63 evaluating [time: 2.14s, valid_score: 0.062500]
Wed 22 Oct 2025 00:39:44 INFO  valid result: 
recall@3 : 0.0282    recall@5 : 0.042    recall@10 : 0.0625    recall@20 : 0.0901    ndcg@3 : 0.0175    ndcg@5 : 0.0232    ndcg@10 : 0.0298    ndcg@20 : 0.0368    
Wed 22 Oct 2025 00:40:16 INFO  epoch 64 training [time: 31.39s, train loss: 1976.4306]
Wed 22 Oct 2025 00:40:47 INFO  epoch 65 training [time: 31.39s, train loss: 1973.1618]
Wed 22 Oct 2025 00:40:49 INFO  epoch 65 evaluating [time: 2.20s, valid_score: 0.062600]
Wed 22 Oct 2025 00:40:49 INFO  valid result: 
recall@3 : 0.0283    recall@5 : 0.0425    recall@10 : 0.0626    recall@20 : 0.0898    ndcg@3 : 0.0176    ndcg@5 : 0.0234    ndcg@10 : 0.0299    ndcg@20 : 0.0367    
Wed 22 Oct 2025 00:41:21 INFO  epoch 66 training [time: 31.45s, train loss: 1969.8240]
Wed 22 Oct 2025 00:41:52 INFO  epoch 67 training [time: 31.22s, train loss: 1966.3857]
Wed 22 Oct 2025 00:41:54 INFO  epoch 67 evaluating [time: 2.13s, valid_score: 0.062200]
Wed 22 Oct 2025 00:41:54 INFO  valid result: 
recall@3 : 0.0282    recall@5 : 0.0416    recall@10 : 0.0622    recall@20 : 0.0895    ndcg@3 : 0.0177    ndcg@5 : 0.0232    ndcg@10 : 0.0298    ndcg@20 : 0.0367    
Wed 22 Oct 2025 00:42:25 INFO  epoch 68 training [time: 31.28s, train loss: 1963.3739]
Wed 22 Oct 2025 00:42:57 INFO  epoch 69 training [time: 31.42s, train loss: 1959.4922]
Wed 22 Oct 2025 00:42:59 INFO  epoch 69 evaluating [time: 2.12s, valid_score: 0.062000]
Wed 22 Oct 2025 00:42:59 INFO  valid result: 
recall@3 : 0.0283    recall@5 : 0.0413    recall@10 : 0.062    recall@20 : 0.0889    ndcg@3 : 0.0176    ndcg@5 : 0.023    ndcg@10 : 0.0296    ndcg@20 : 0.0364    
Wed 22 Oct 2025 00:43:30 INFO  epoch 70 training [time: 31.24s, train loss: 1956.8367]
Wed 22 Oct 2025 00:44:01 INFO  epoch 71 training [time: 31.31s, train loss: 1953.0151]
Wed 22 Oct 2025 00:44:04 INFO  epoch 71 evaluating [time: 2.13s, valid_score: 0.062300]
Wed 22 Oct 2025 00:44:04 INFO  valid result: 
recall@3 : 0.0286    recall@5 : 0.0411    recall@10 : 0.0623    recall@20 : 0.0891    ndcg@3 : 0.0178    ndcg@5 : 0.023    ndcg@10 : 0.0298    ndcg@20 : 0.0365    
Wed 22 Oct 2025 00:44:35 INFO  epoch 72 training [time: 31.30s, train loss: 1949.8742]
Wed 22 Oct 2025 00:45:06 INFO  epoch 73 training [time: 31.28s, train loss: 1947.2009]
Wed 22 Oct 2025 00:45:08 INFO  epoch 73 evaluating [time: 2.17s, valid_score: 0.061200]
Wed 22 Oct 2025 00:45:08 INFO  valid result: 
recall@3 : 0.0281    recall@5 : 0.0412    recall@10 : 0.0612    recall@20 : 0.089    ndcg@3 : 0.0176    ndcg@5 : 0.023    ndcg@10 : 0.0295    ndcg@20 : 0.0364    
Wed 22 Oct 2025 00:45:40 INFO  epoch 74 training [time: 31.29s, train loss: 1943.7156]
Wed 22 Oct 2025 00:46:11 INFO  epoch 75 training [time: 31.29s, train loss: 1940.5147]
Wed 22 Oct 2025 00:46:13 INFO  epoch 75 evaluating [time: 2.10s, valid_score: 0.061200]
Wed 22 Oct 2025 00:46:13 INFO  valid result: 
recall@3 : 0.028    recall@5 : 0.0415    recall@10 : 0.0612    recall@20 : 0.0876    ndcg@3 : 0.0176    ndcg@5 : 0.0231    ndcg@10 : 0.0294    ndcg@20 : 0.0361    
Wed 22 Oct 2025 00:46:44 INFO  epoch 76 training [time: 31.37s, train loss: 1937.1514]
Wed 22 Oct 2025 00:47:16 INFO  epoch 77 training [time: 31.48s, train loss: 1933.9417]
Wed 22 Oct 2025 00:47:18 INFO  epoch 77 evaluating [time: 2.11s, valid_score: 0.061900]
Wed 22 Oct 2025 00:47:18 INFO  valid result: 
recall@3 : 0.0278    recall@5 : 0.0418    recall@10 : 0.0619    recall@20 : 0.0886    ndcg@3 : 0.0175    ndcg@5 : 0.0233    ndcg@10 : 0.0297    ndcg@20 : 0.0364    
Wed 22 Oct 2025 00:47:18 INFO  Finished training, best eval result in epoch 55
Wed 22 Oct 2025 00:47:18 INFO  Loading model structure and parameters from saved/SASRecD-Oct-22-2025_00-04-45.pth
Wed 22 Oct 2025 00:47:20 INFO  best valid : {'recall@3': np.float64(0.0281), 'recall@5': np.float64(0.0418), 'recall@10': np.float64(0.0635), 'recall@20': np.float64(0.0913), 'ndcg@3': np.float64(0.0172), 'ndcg@5': np.float64(0.0229), 'ndcg@10': np.float64(0.0298), 'ndcg@20': np.float64(0.0368)}
Wed 22 Oct 2025 00:47:20 INFO  test result: {'recall@3': np.float64(0.0219), 'recall@5': np.float64(0.0333), 'recall@10': np.float64(0.051), 'recall@20': np.float64(0.0748), 'ndcg@3': np.float64(0.0133), 'ndcg@5': np.float64(0.018), 'ndcg@10': np.float64(0.0237), 'ndcg@20': np.float64(0.0297)}
