Tue 21 Oct 2025 23:22:20 INFO  
General Hyper Parameters:
gpu_id = 0
use_gpu = True
seed = 212
state = INFO
reproducibility = True
data_path = ./recbole/data/dataset/Amazon_Sports_and_Outdoors
show_progress = True
save_dataset = False
save_dataloaders = False
benchmark_filename = None

Training Hyper Parameters:
checkpoint_dir = saved
epochs = 200
train_batch_size = 1024
learner = adam
learning_rate = 0.0001
eval_step = 2
stopping_step = 10
clip_grad_norm = None
weight_decay = 0.0
loss_decimal_place = 4

Evaluation Hyper Parameters:
eval_args = {'split': {'LS': 'valid_and_test'}, 'group_by': 'user', 'order': 'TO', 'mode': 'full'}
metrics = ['Recall', 'NDCG']
topk = [3, 5, 10, 20]
valid_metric = Recall@10
valid_metric_bigger = True
eval_batch_size = 256
metric_decimal_place = 4

Dataset Hyper Parameters:
field_separator = 	
seq_separator =  
USER_ID_FIELD = user_id
ITEM_ID_FIELD = item_id
RATING_FIELD = rating
TIME_FIELD = timestamp
seq_len = None
LABEL_FIELD = label
threshold = None
NEG_PREFIX = neg_
load_col = {'inter': ['user_id', 'item_id', 'rating', 'timestamp'], 'item': ['item_id', 'title', 'sales_rank', 'price', 'brand', 'categories', 'sales_type'], 'title': ['ent_id', 'ent_emb'], 'noise2': ['ent_id2', 'ent_emb2']}
unload_col = None
unused_col = None
additional_feat_suffix = ['title', 'noise2']
rm_dup_inter = None
val_interval = None
filter_inter_by_user_or_item = True
user_inter_num_interval = [5,inf)
item_inter_num_interval = [5,inf)
alias_of_user_id = None
alias_of_item_id = ['ent_id', 'ent_id2']
alias_of_entity_id = None
alias_of_relation_id = None
preload_weight = {'ent_id': 'ent_emb', 'ent_id2': 'ent_emb2'}
normalize_field = None
normalize_all = None
ITEM_LIST_LENGTH_FIELD = item_length
LIST_SUFFIX = _list
MAX_ITEM_LIST_LENGTH = 50
POSITION_FIELD = position_id
HEAD_ENTITY_ID_FIELD = head_id
TAIL_ENTITY_ID_FIELD = tail_id
RELATION_ID_FIELD = relation_id
ENTITY_ID_FIELD = entity_id

Other Hyper Parameters: 
neg_sampling = None
multi_gpus = False
repeatable = True
n_layers = 3
n_heads = 8
hidden_size = 256
attribute_hidden_size = [128, 128]
inner_size = 256
hidden_dropout_prob = 0.5
attn_dropout_prob = 0.3
hidden_act = gelu
layer_norm_eps = 1e-12
initializer_range = 0.02
selected_features = ['ent_emb', 'ent_emb2']
pooling_mode = sum
loss_type = CE
weight_sharing = not
fusion_type = gate
lamdas = [5, 5]
attribute_predictor = ['cos_sim', 'cos_sim']
MODEL_TYPE = ModelType.SEQUENTIAL
feature_type = ['static', 'static']
annealing = False
MODEL_INPUT_TYPE = InputType.POINTWISE
eval_type = EvaluatorType.RANKING
device = cuda
train_neg_sample_args = {'strategy': 'none'}
eval_neg_sample_args = {'strategy': 'full', 'distribution': 'uniform'}


Tue 21 Oct 2025 23:22:22 INFO  Amazon_Sports_and_Outdoors
The number of users: 35599
Average actions of users: 8.324540704533963
The number of items: 18358
Average actions of items: 16.142997221768262
The number of inters: 296337
The sparsity of the dataset: 99.95465569853714%
Remain Fields: ['user_id', 'item_id', 'rating', 'timestamp', 'title', 'price', 'brand', 'categories', 'sales_type', 'sales_rank', 'ent_id', 'ent_emb', 'ent_id2', 'ent_emb2']
Tue 21 Oct 2025 23:22:25 INFO  [Training]: train_batch_size = [1024] negative sampling: [None]
Tue 21 Oct 2025 23:22:25 INFO  [Evaluation]: eval_batch_size = [256] eval_args: [{'split': {'LS': 'valid_and_test'}, 'group_by': 'user', 'order': 'TO', 'mode': 'full'}]
Tue 21 Oct 2025 23:22:25 INFO  SASRecD(
  (item_embedding): Embedding(18358, 256, padding_idx=0)
  (position_embedding): Embedding(50, 256)
  (feature_embed_layer_list): ModuleList(
    (0-1): 2 x Embedding(18358, 128)
  )
  (trm_encoder): DIFTransformerEncoder(
    (layer): ModuleList(
      (0-2): 3 x DIFTransformerLayer(
        (multi_head_attention): DIFMultiHeadAttention(
          (query): Linear(in_features=256, out_features=256, bias=True)
          (key): Linear(in_features=256, out_features=256, bias=True)
          (value): Linear(in_features=256, out_features=256, bias=True)
          (query_p): Linear(in_features=256, out_features=256, bias=True)
          (key_p): Linear(in_features=256, out_features=256, bias=True)
          (query_layers): ModuleList(
            (0-1): 2 x Linear(in_features=128, out_features=128, bias=True)
          )
          (key_layers): ModuleList(
            (0-1): 2 x Linear(in_features=128, out_features=128, bias=True)
          )
          (fusion_layer): VanillaAttention(
            (projection): Sequential(
              (0): Linear(in_features=50, out_features=50, bias=True)
              (1): ReLU(inplace=True)
              (2): Linear(in_features=50, out_features=1, bias=True)
            )
          )
          (attn_dropout): Dropout(p=0.3, inplace=False)
          (dense): Linear(in_features=256, out_features=256, bias=True)
          (LayerNorm): LayerNorm((256,), eps=1e-12, elementwise_affine=True)
          (out_dropout): Dropout(p=0.5, inplace=False)
        )
        (feed_forward): FeedForward(
          (dense_1): Linear(in_features=256, out_features=256, bias=True)
          (dense_2): Linear(in_features=256, out_features=256, bias=True)
          (LayerNorm): LayerNorm((256,), eps=1e-12, elementwise_affine=True)
          (dropout): Dropout(p=0.5, inplace=False)
        )
      )
    )
  )
  (ap): ModuleList(
    (0-1): 2 x Linear(in_features=256, out_features=128, bias=True)
  )
  (LayerNorm): LayerNorm((256,), eps=1e-12, elementwise_affine=True)
  (dropout): Dropout(p=0.5, inplace=False)
  (loss_fct): CrossEntropyLoss()
  (attribute_loss_fct): BCEWithLogitsLoss()
)
Trainable parameters: 6566779
Tue 21 Oct 2025 23:23:00 INFO  epoch 0 training [time: 34.68s, train loss: 2090.9499]
Tue 21 Oct 2025 23:23:36 INFO  epoch 1 training [time: 35.67s, train loss: 1905.3765]
Tue 21 Oct 2025 23:23:38 INFO  epoch 1 evaluating [time: 2.33s, valid_score: 0.012200]
Tue 21 Oct 2025 23:23:38 INFO  valid result: 
recall@3 : 0.006    recall@5 : 0.0081    recall@10 : 0.0122    recall@20 : 0.0232    ndcg@3 : 0.0044    ndcg@5 : 0.0053    ndcg@10 : 0.0066    ndcg@20 : 0.0094    
Tue 21 Oct 2025 23:23:38 INFO  Saving current best: saved/SASRecD-Oct-21-2025_23-22-25.pth
Tue 21 Oct 2025 23:24:13 INFO  epoch 2 training [time: 34.95s, train loss: 1893.6260]
Tue 21 Oct 2025 23:24:48 INFO  epoch 3 training [time: 34.67s, train loss: 1888.7228]
Tue 21 Oct 2025 23:24:50 INFO  epoch 3 evaluating [time: 2.51s, valid_score: 0.012600]
Tue 21 Oct 2025 23:24:50 INFO  valid result: 
recall@3 : 0.0058    recall@5 : 0.0078    recall@10 : 0.0126    recall@20 : 0.0235    ndcg@3 : 0.0043    ndcg@5 : 0.0051    ndcg@10 : 0.0066    ndcg@20 : 0.0093    
Tue 21 Oct 2025 23:24:51 INFO  Saving current best: saved/SASRecD-Oct-21-2025_23-22-25.pth
Tue 21 Oct 2025 23:25:25 INFO  epoch 4 training [time: 34.62s, train loss: 1882.1104]
Tue 21 Oct 2025 23:26:00 INFO  epoch 5 training [time: 34.48s, train loss: 1871.7043]
Tue 21 Oct 2025 23:26:02 INFO  epoch 5 evaluating [time: 2.38s, valid_score: 0.013600]
Tue 21 Oct 2025 23:26:02 INFO  valid result: 
recall@3 : 0.0058    recall@5 : 0.0086    recall@10 : 0.0136    recall@20 : 0.025    ndcg@3 : 0.0041    ndcg@5 : 0.0053    ndcg@10 : 0.0069    ndcg@20 : 0.0097    
Tue 21 Oct 2025 23:26:02 INFO  Saving current best: saved/SASRecD-Oct-21-2025_23-22-25.pth
Tue 21 Oct 2025 23:26:37 INFO  epoch 6 training [time: 34.95s, train loss: 1844.2971]
Tue 21 Oct 2025 23:27:12 INFO  epoch 7 training [time: 34.73s, train loss: 1812.8458]
Tue 21 Oct 2025 23:27:14 INFO  epoch 7 evaluating [time: 2.42s, valid_score: 0.021200]
Tue 21 Oct 2025 23:27:14 INFO  valid result: 
recall@3 : 0.0077    recall@5 : 0.0122    recall@10 : 0.0212    recall@20 : 0.0371    ndcg@3 : 0.0055    ndcg@5 : 0.0073    ndcg@10 : 0.0102    ndcg@20 : 0.0142    
Tue 21 Oct 2025 23:27:14 INFO  Saving current best: saved/SASRecD-Oct-21-2025_23-22-25.pth
Tue 21 Oct 2025 23:27:49 INFO  epoch 8 training [time: 34.32s, train loss: 1787.2268]
Tue 21 Oct 2025 23:28:22 INFO  epoch 9 training [time: 33.67s, train loss: 1764.6198]
Tue 21 Oct 2025 23:28:25 INFO  epoch 9 evaluating [time: 2.29s, valid_score: 0.026900]
Tue 21 Oct 2025 23:28:25 INFO  valid result: 
recall@3 : 0.0091    recall@5 : 0.0145    recall@10 : 0.0269    recall@20 : 0.0453    ndcg@3 : 0.0063    ndcg@5 : 0.0085    ndcg@10 : 0.0125    ndcg@20 : 0.0171    
Tue 21 Oct 2025 23:28:25 INFO  Saving current best: saved/SASRecD-Oct-21-2025_23-22-25.pth
Tue 21 Oct 2025 23:28:59 INFO  epoch 10 training [time: 33.70s, train loss: 1742.2909]
Tue 21 Oct 2025 23:29:33 INFO  epoch 11 training [time: 34.59s, train loss: 1721.1852]
Tue 21 Oct 2025 23:29:35 INFO  epoch 11 evaluating [time: 2.40s, valid_score: 0.033400]
Tue 21 Oct 2025 23:29:35 INFO  valid result: 
recall@3 : 0.0128    recall@5 : 0.0196    recall@10 : 0.0334    recall@20 : 0.0539    ndcg@3 : 0.0085    ndcg@5 : 0.0113    ndcg@10 : 0.0157    ndcg@20 : 0.0209    
Tue 21 Oct 2025 23:29:36 INFO  Saving current best: saved/SASRecD-Oct-21-2025_23-22-25.pth
Tue 21 Oct 2025 23:30:09 INFO  epoch 12 training [time: 33.86s, train loss: 1700.7217]
Tue 21 Oct 2025 23:30:44 INFO  epoch 13 training [time: 34.51s, train loss: 1680.7064]
Tue 21 Oct 2025 23:30:46 INFO  epoch 13 evaluating [time: 2.44s, valid_score: 0.040100]
Tue 21 Oct 2025 23:30:46 INFO  valid result: 
recall@3 : 0.0167    recall@5 : 0.0243    recall@10 : 0.0401    recall@20 : 0.0634    ndcg@3 : 0.0107    ndcg@5 : 0.0138    ndcg@10 : 0.0189    ndcg@20 : 0.0247    
Tue 21 Oct 2025 23:30:47 INFO  Saving current best: saved/SASRecD-Oct-21-2025_23-22-25.pth
Tue 21 Oct 2025 23:31:21 INFO  epoch 14 training [time: 34.38s, train loss: 1661.8859]
Tue 21 Oct 2025 23:31:56 INFO  epoch 15 training [time: 34.74s, train loss: 1643.4619]
Tue 21 Oct 2025 23:31:58 INFO  epoch 15 evaluating [time: 2.39s, valid_score: 0.045400]
Tue 21 Oct 2025 23:31:58 INFO  valid result: 
recall@3 : 0.0195    recall@5 : 0.0288    recall@10 : 0.0454    recall@20 : 0.07    ndcg@3 : 0.0124    ndcg@5 : 0.0162    ndcg@10 : 0.0216    ndcg@20 : 0.0277    
Tue 21 Oct 2025 23:31:58 INFO  Saving current best: saved/SASRecD-Oct-21-2025_23-22-25.pth
Tue 21 Oct 2025 23:32:32 INFO  epoch 16 training [time: 33.89s, train loss: 1625.8782]
Tue 21 Oct 2025 23:33:06 INFO  epoch 17 training [time: 33.94s, train loss: 1609.8904]
Tue 21 Oct 2025 23:33:08 INFO  epoch 17 evaluating [time: 2.40s, valid_score: 0.050400]
Tue 21 Oct 2025 23:33:08 INFO  valid result: 
recall@3 : 0.0212    recall@5 : 0.0317    recall@10 : 0.0504    recall@20 : 0.0751    ndcg@3 : 0.0132    ndcg@5 : 0.0175    ndcg@10 : 0.0235    ndcg@20 : 0.0297    
Tue 21 Oct 2025 23:33:08 INFO  Saving current best: saved/SASRecD-Oct-21-2025_23-22-25.pth
Tue 21 Oct 2025 23:33:43 INFO  epoch 18 training [time: 34.16s, train loss: 1594.4092]
Tue 21 Oct 2025 23:34:16 INFO  epoch 19 training [time: 33.84s, train loss: 1579.8762]
Tue 21 Oct 2025 23:34:19 INFO  epoch 19 evaluating [time: 2.48s, valid_score: 0.053700]
Tue 21 Oct 2025 23:34:19 INFO  valid result: 
recall@3 : 0.0228    recall@5 : 0.0344    recall@10 : 0.0537    recall@20 : 0.0793    ndcg@3 : 0.0141    ndcg@5 : 0.0189    ndcg@10 : 0.025    ndcg@20 : 0.0315    
Tue 21 Oct 2025 23:34:19 INFO  Saving current best: saved/SASRecD-Oct-21-2025_23-22-25.pth
Tue 21 Oct 2025 23:34:54 INFO  epoch 20 training [time: 34.54s, train loss: 1565.7159]
Tue 21 Oct 2025 23:35:27 INFO  epoch 21 training [time: 33.83s, train loss: 1552.2719]
Tue 21 Oct 2025 23:35:30 INFO  epoch 21 evaluating [time: 2.50s, valid_score: 0.056500]
Tue 21 Oct 2025 23:35:30 INFO  valid result: 
recall@3 : 0.0247    recall@5 : 0.0358    recall@10 : 0.0565    recall@20 : 0.0828    ndcg@3 : 0.0152    ndcg@5 : 0.0197    ndcg@10 : 0.0264    ndcg@20 : 0.033    
Tue 21 Oct 2025 23:35:30 INFO  Saving current best: saved/SASRecD-Oct-21-2025_23-22-25.pth
Tue 21 Oct 2025 23:36:05 INFO  epoch 22 training [time: 34.98s, train loss: 1539.3443]
Tue 21 Oct 2025 23:36:39 INFO  epoch 23 training [time: 33.89s, train loss: 1527.2593]
Tue 21 Oct 2025 23:36:41 INFO  epoch 23 evaluating [time: 2.35s, valid_score: 0.058300]
Tue 21 Oct 2025 23:36:41 INFO  valid result: 
recall@3 : 0.0258    recall@5 : 0.0379    recall@10 : 0.0583    recall@20 : 0.0857    ndcg@3 : 0.0157    ndcg@5 : 0.0207    ndcg@10 : 0.0273    ndcg@20 : 0.0342    
Tue 21 Oct 2025 23:36:41 INFO  Saving current best: saved/SASRecD-Oct-21-2025_23-22-25.pth
Tue 21 Oct 2025 23:37:15 INFO  epoch 24 training [time: 33.90s, train loss: 1514.9122]
Tue 21 Oct 2025 23:37:49 INFO  epoch 25 training [time: 34.27s, train loss: 1503.9508]
Tue 21 Oct 2025 23:37:52 INFO  epoch 25 evaluating [time: 2.28s, valid_score: 0.060200]
Tue 21 Oct 2025 23:37:52 INFO  valid result: 
recall@3 : 0.0266    recall@5 : 0.0394    recall@10 : 0.0602    recall@20 : 0.0884    ndcg@3 : 0.0161    ndcg@5 : 0.0214    ndcg@10 : 0.0281    ndcg@20 : 0.0352    
Tue 21 Oct 2025 23:37:52 INFO  Saving current best: saved/SASRecD-Oct-21-2025_23-22-25.pth
Tue 21 Oct 2025 23:38:27 INFO  epoch 26 training [time: 34.79s, train loss: 1493.4229]
Tue 21 Oct 2025 23:39:02 INFO  epoch 27 training [time: 35.51s, train loss: 1483.4960]
Tue 21 Oct 2025 23:39:05 INFO  epoch 27 evaluating [time: 2.51s, valid_score: 0.060600]
Tue 21 Oct 2025 23:39:05 INFO  valid result: 
recall@3 : 0.0269    recall@5 : 0.0405    recall@10 : 0.0606    recall@20 : 0.0895    ndcg@3 : 0.0162    ndcg@5 : 0.0218    ndcg@10 : 0.0282    ndcg@20 : 0.0355    
Tue 21 Oct 2025 23:39:05 INFO  Saving current best: saved/SASRecD-Oct-21-2025_23-22-25.pth
Tue 21 Oct 2025 23:39:40 INFO  epoch 28 training [time: 35.01s, train loss: 1473.4353]
Tue 21 Oct 2025 23:40:15 INFO  epoch 29 training [time: 34.92s, train loss: 1464.6272]
Tue 21 Oct 2025 23:40:17 INFO  epoch 29 evaluating [time: 2.44s, valid_score: 0.061900]
Tue 21 Oct 2025 23:40:17 INFO  valid result: 
recall@3 : 0.0272    recall@5 : 0.0407    recall@10 : 0.0619    recall@20 : 0.0907    ndcg@3 : 0.0163    ndcg@5 : 0.0219    ndcg@10 : 0.0287    ndcg@20 : 0.0359    
Tue 21 Oct 2025 23:40:17 INFO  Saving current best: saved/SASRecD-Oct-21-2025_23-22-25.pth
Tue 21 Oct 2025 23:40:52 INFO  epoch 30 training [time: 34.56s, train loss: 1455.0122]
Tue 21 Oct 2025 23:41:26 INFO  epoch 31 training [time: 34.23s, train loss: 1446.8224]
Tue 21 Oct 2025 23:41:28 INFO  epoch 31 evaluating [time: 2.34s, valid_score: 0.062800]
Tue 21 Oct 2025 23:41:28 INFO  valid result: 
recall@3 : 0.027    recall@5 : 0.0415    recall@10 : 0.0628    recall@20 : 0.0919    ndcg@3 : 0.0162    ndcg@5 : 0.0222    ndcg@10 : 0.029    ndcg@20 : 0.0363    
Tue 21 Oct 2025 23:41:29 INFO  Saving current best: saved/SASRecD-Oct-21-2025_23-22-25.pth
Tue 21 Oct 2025 23:42:01 INFO  epoch 32 training [time: 32.61s, train loss: 1438.3308]
Tue 21 Oct 2025 23:42:33 INFO  epoch 33 training [time: 31.67s, train loss: 1430.3840]
Tue 21 Oct 2025 23:42:35 INFO  epoch 33 evaluating [time: 2.26s, valid_score: 0.063000]
Tue 21 Oct 2025 23:42:35 INFO  valid result: 
recall@3 : 0.0278    recall@5 : 0.0415    recall@10 : 0.063    recall@20 : 0.0927    ndcg@3 : 0.0166    ndcg@5 : 0.0222    ndcg@10 : 0.0292    ndcg@20 : 0.0367    
Tue 21 Oct 2025 23:42:35 INFO  Saving current best: saved/SASRecD-Oct-21-2025_23-22-25.pth
Tue 21 Oct 2025 23:43:07 INFO  epoch 34 training [time: 31.73s, train loss: 1422.8806]
Tue 21 Oct 2025 23:43:38 INFO  epoch 35 training [time: 31.55s, train loss: 1415.7098]
Tue 21 Oct 2025 23:43:41 INFO  epoch 35 evaluating [time: 2.23s, valid_score: 0.064000]
Tue 21 Oct 2025 23:43:41 INFO  valid result: 
recall@3 : 0.0278    recall@5 : 0.0411    recall@10 : 0.064    recall@20 : 0.0937    ndcg@3 : 0.0166    ndcg@5 : 0.0222    ndcg@10 : 0.0295    ndcg@20 : 0.037    
Tue 21 Oct 2025 23:43:41 INFO  Saving current best: saved/SASRecD-Oct-21-2025_23-22-25.pth
Tue 21 Oct 2025 23:44:12 INFO  epoch 36 training [time: 31.36s, train loss: 1408.9664]
Tue 21 Oct 2025 23:44:44 INFO  epoch 37 training [time: 31.37s, train loss: 1402.5040]
Tue 21 Oct 2025 23:44:46 INFO  epoch 37 evaluating [time: 2.25s, valid_score: 0.064800]
Tue 21 Oct 2025 23:44:46 INFO  valid result: 
recall@3 : 0.0286    recall@5 : 0.0414    recall@10 : 0.0648    recall@20 : 0.0945    ndcg@3 : 0.0172    ndcg@5 : 0.0224    ndcg@10 : 0.03    ndcg@20 : 0.0374    
Tue 21 Oct 2025 23:44:46 INFO  Saving current best: saved/SASRecD-Oct-21-2025_23-22-25.pth
Tue 21 Oct 2025 23:45:18 INFO  epoch 38 training [time: 32.25s, train loss: 1395.9693]
Tue 21 Oct 2025 23:45:52 INFO  epoch 39 training [time: 33.78s, train loss: 1389.4053]
Tue 21 Oct 2025 23:45:54 INFO  epoch 39 evaluating [time: 2.30s, valid_score: 0.065300]
Tue 21 Oct 2025 23:45:54 INFO  valid result: 
recall@3 : 0.0284    recall@5 : 0.0414    recall@10 : 0.0653    recall@20 : 0.0948    ndcg@3 : 0.0171    ndcg@5 : 0.0225    ndcg@10 : 0.0302    ndcg@20 : 0.0376    
Tue 21 Oct 2025 23:45:54 INFO  Saving current best: saved/SASRecD-Oct-21-2025_23-22-25.pth
Tue 21 Oct 2025 23:46:28 INFO  epoch 40 training [time: 33.58s, train loss: 1383.3202]
Tue 21 Oct 2025 23:47:01 INFO  epoch 41 training [time: 33.37s, train loss: 1378.5159]
Tue 21 Oct 2025 23:47:04 INFO  epoch 41 evaluating [time: 2.38s, valid_score: 0.064800]
Tue 21 Oct 2025 23:47:04 INFO  valid result: 
recall@3 : 0.0288    recall@5 : 0.0409    recall@10 : 0.0648    recall@20 : 0.095    ndcg@3 : 0.0173    ndcg@5 : 0.0223    ndcg@10 : 0.03    ndcg@20 : 0.0376    
Tue 21 Oct 2025 23:47:37 INFO  epoch 42 training [time: 33.59s, train loss: 1373.0576]
Tue 21 Oct 2025 23:48:09 INFO  epoch 43 training [time: 32.23s, train loss: 1367.4218]
Tue 21 Oct 2025 23:48:12 INFO  epoch 43 evaluating [time: 2.18s, valid_score: 0.064700]
Tue 21 Oct 2025 23:48:12 INFO  valid result: 
recall@3 : 0.0285    recall@5 : 0.0418    recall@10 : 0.0647    recall@20 : 0.0947    ndcg@3 : 0.0174    ndcg@5 : 0.0229    ndcg@10 : 0.0303    ndcg@20 : 0.0379    
Tue 21 Oct 2025 23:48:43 INFO  epoch 44 training [time: 31.29s, train loss: 1362.1769]
Tue 21 Oct 2025 23:49:14 INFO  epoch 45 training [time: 31.37s, train loss: 1357.5333]
Tue 21 Oct 2025 23:49:17 INFO  epoch 45 evaluating [time: 2.24s, valid_score: 0.065300]
Tue 21 Oct 2025 23:49:17 INFO  valid result: 
recall@3 : 0.0287    recall@5 : 0.0419    recall@10 : 0.0653    recall@20 : 0.0955    ndcg@3 : 0.0175    ndcg@5 : 0.023    ndcg@10 : 0.0305    ndcg@20 : 0.0381    
Tue 21 Oct 2025 23:49:49 INFO  epoch 46 training [time: 32.06s, train loss: 1352.9459]
Tue 21 Oct 2025 23:50:21 INFO  epoch 47 training [time: 32.55s, train loss: 1348.4933]
Tue 21 Oct 2025 23:50:23 INFO  epoch 47 evaluating [time: 2.31s, valid_score: 0.065000]
Tue 21 Oct 2025 23:50:23 INFO  valid result: 
recall@3 : 0.0285    recall@5 : 0.0418    recall@10 : 0.065    recall@20 : 0.095    ndcg@3 : 0.0175    ndcg@5 : 0.0229    ndcg@10 : 0.0304    ndcg@20 : 0.0379    
Tue 21 Oct 2025 23:50:58 INFO  epoch 48 training [time: 34.26s, train loss: 1343.7580]
Tue 21 Oct 2025 23:51:30 INFO  epoch 49 training [time: 32.57s, train loss: 1339.1586]
Tue 21 Oct 2025 23:51:32 INFO  epoch 49 evaluating [time: 2.14s, valid_score: 0.065600]
Tue 21 Oct 2025 23:51:32 INFO  valid result: 
recall@3 : 0.0287    recall@5 : 0.0419    recall@10 : 0.0656    recall@20 : 0.0944    ndcg@3 : 0.0175    ndcg@5 : 0.0229    ndcg@10 : 0.0306    ndcg@20 : 0.0378    
Tue 21 Oct 2025 23:51:33 INFO  Saving current best: saved/SASRecD-Oct-21-2025_23-22-25.pth
Tue 21 Oct 2025 23:52:05 INFO  epoch 50 training [time: 32.71s, train loss: 1334.9323]
Tue 21 Oct 2025 23:52:38 INFO  epoch 51 training [time: 32.61s, train loss: 1331.0722]
Tue 21 Oct 2025 23:52:40 INFO  epoch 51 evaluating [time: 2.27s, valid_score: 0.064600]
Tue 21 Oct 2025 23:52:40 INFO  valid result: 
recall@3 : 0.0287    recall@5 : 0.0423    recall@10 : 0.0646    recall@20 : 0.0942    ndcg@3 : 0.0176    ndcg@5 : 0.0232    ndcg@10 : 0.0303    ndcg@20 : 0.0378    
Tue 21 Oct 2025 23:53:13 INFO  epoch 52 training [time: 33.01s, train loss: 1326.0287]
Tue 21 Oct 2025 23:53:46 INFO  epoch 53 training [time: 33.21s, train loss: 1322.0157]
Tue 21 Oct 2025 23:53:49 INFO  epoch 53 evaluating [time: 2.26s, valid_score: 0.064800]
Tue 21 Oct 2025 23:53:49 INFO  valid result: 
recall@3 : 0.0285    recall@5 : 0.0426    recall@10 : 0.0648    recall@20 : 0.0933    ndcg@3 : 0.0175    ndcg@5 : 0.0233    ndcg@10 : 0.0304    ndcg@20 : 0.0376    
Tue 21 Oct 2025 23:54:21 INFO  epoch 54 training [time: 32.77s, train loss: 1318.6514]
Tue 21 Oct 2025 23:54:54 INFO  epoch 55 training [time: 32.76s, train loss: 1313.6049]
Tue 21 Oct 2025 23:54:57 INFO  epoch 55 evaluating [time: 2.41s, valid_score: 0.064800]
Tue 21 Oct 2025 23:54:57 INFO  valid result: 
recall@3 : 0.0283    recall@5 : 0.0425    recall@10 : 0.0648    recall@20 : 0.0937    ndcg@3 : 0.0174    ndcg@5 : 0.0232    ndcg@10 : 0.0304    ndcg@20 : 0.0377    
Tue 21 Oct 2025 23:55:29 INFO  epoch 56 training [time: 32.84s, train loss: 1309.8346]
Tue 21 Oct 2025 23:56:03 INFO  epoch 57 training [time: 33.18s, train loss: 1306.9560]
Tue 21 Oct 2025 23:56:05 INFO  epoch 57 evaluating [time: 2.15s, valid_score: 0.064800]
Tue 21 Oct 2025 23:56:05 INFO  valid result: 
recall@3 : 0.0276    recall@5 : 0.0424    recall@10 : 0.0648    recall@20 : 0.0925    ndcg@3 : 0.017    ndcg@5 : 0.0232    ndcg@10 : 0.0303    ndcg@20 : 0.0373    
Tue 21 Oct 2025 23:56:37 INFO  epoch 58 training [time: 32.50s, train loss: 1302.8922]
Tue 21 Oct 2025 23:57:09 INFO  epoch 59 training [time: 31.90s, train loss: 1299.3755]
Tue 21 Oct 2025 23:57:11 INFO  epoch 59 evaluating [time: 2.20s, valid_score: 0.064700]
Tue 21 Oct 2025 23:57:11 INFO  valid result: 
recall@3 : 0.028    recall@5 : 0.0417    recall@10 : 0.0647    recall@20 : 0.0928    ndcg@3 : 0.0173    ndcg@5 : 0.0229    ndcg@10 : 0.0304    ndcg@20 : 0.0374    
Tue 21 Oct 2025 23:57:43 INFO  epoch 60 training [time: 32.07s, train loss: 1295.5942]
Tue 21 Oct 2025 23:58:15 INFO  epoch 61 training [time: 31.82s, train loss: 1291.9735]
Tue 21 Oct 2025 23:58:17 INFO  epoch 61 evaluating [time: 2.14s, valid_score: 0.064100]
Tue 21 Oct 2025 23:58:17 INFO  valid result: 
recall@3 : 0.0276    recall@5 : 0.0422    recall@10 : 0.0641    recall@20 : 0.0923    ndcg@3 : 0.0171    ndcg@5 : 0.0231    ndcg@10 : 0.0301    ndcg@20 : 0.0372    
Tue 21 Oct 2025 23:58:50 INFO  epoch 62 training [time: 32.19s, train loss: 1287.7880]
Tue 21 Oct 2025 23:59:21 INFO  epoch 63 training [time: 31.84s, train loss: 1285.3740]
Tue 21 Oct 2025 23:59:24 INFO  epoch 63 evaluating [time: 2.21s, valid_score: 0.064300]
Tue 21 Oct 2025 23:59:24 INFO  valid result: 
recall@3 : 0.0283    recall@5 : 0.0423    recall@10 : 0.0643    recall@20 : 0.0923    ndcg@3 : 0.0174    ndcg@5 : 0.0232    ndcg@10 : 0.0303    ndcg@20 : 0.0373    
Tue 21 Oct 2025 23:59:55 INFO  epoch 64 training [time: 31.24s, train loss: 1281.4484]
Wed 22 Oct 2025 00:00:26 INFO  epoch 65 training [time: 31.30s, train loss: 1277.1567]
Wed 22 Oct 2025 00:00:28 INFO  epoch 65 evaluating [time: 2.07s, valid_score: 0.063900]
Wed 22 Oct 2025 00:00:28 INFO  valid result: 
recall@3 : 0.028    recall@5 : 0.0421    recall@10 : 0.0639    recall@20 : 0.092    ndcg@3 : 0.0172    ndcg@5 : 0.0231    ndcg@10 : 0.0301    ndcg@20 : 0.0372    
Wed 22 Oct 2025 00:01:00 INFO  epoch 66 training [time: 31.57s, train loss: 1274.2908]
Wed 22 Oct 2025 00:01:31 INFO  epoch 67 training [time: 31.37s, train loss: 1271.6830]
Wed 22 Oct 2025 00:01:33 INFO  epoch 67 evaluating [time: 2.12s, valid_score: 0.063500]
Wed 22 Oct 2025 00:01:33 INFO  valid result: 
recall@3 : 0.0278    recall@5 : 0.0421    recall@10 : 0.0635    recall@20 : 0.0921    ndcg@3 : 0.0172    ndcg@5 : 0.0231    ndcg@10 : 0.03    ndcg@20 : 0.0372    
Wed 22 Oct 2025 00:02:05 INFO  epoch 68 training [time: 31.26s, train loss: 1267.4910]
Wed 22 Oct 2025 00:02:36 INFO  epoch 69 training [time: 31.37s, train loss: 1264.0918]
Wed 22 Oct 2025 00:02:38 INFO  epoch 69 evaluating [time: 2.12s, valid_score: 0.063400]
Wed 22 Oct 2025 00:02:38 INFO  valid result: 
recall@3 : 0.0275    recall@5 : 0.0419    recall@10 : 0.0634    recall@20 : 0.0917    ndcg@3 : 0.0171    ndcg@5 : 0.023    ndcg@10 : 0.0299    ndcg@20 : 0.0371    
Wed 22 Oct 2025 00:03:09 INFO  epoch 70 training [time: 31.21s, train loss: 1261.0803]
Wed 22 Oct 2025 00:03:40 INFO  epoch 71 training [time: 31.25s, train loss: 1257.8920]
Wed 22 Oct 2025 00:03:43 INFO  epoch 71 evaluating [time: 2.13s, valid_score: 0.063400]
Wed 22 Oct 2025 00:03:43 INFO  valid result: 
recall@3 : 0.0273    recall@5 : 0.0418    recall@10 : 0.0634    recall@20 : 0.0912    ndcg@3 : 0.0169    ndcg@5 : 0.0228    ndcg@10 : 0.0298    ndcg@20 : 0.0368    
Wed 22 Oct 2025 00:03:43 INFO  Finished training, best eval result in epoch 49
Wed 22 Oct 2025 00:03:43 INFO  Loading model structure and parameters from saved/SASRecD-Oct-21-2025_23-22-25.pth
Wed 22 Oct 2025 00:03:45 INFO  best valid : {'recall@3': np.float64(0.0287), 'recall@5': np.float64(0.0419), 'recall@10': np.float64(0.0656), 'recall@20': np.float64(0.0944), 'ndcg@3': np.float64(0.0175), 'ndcg@5': np.float64(0.0229), 'ndcg@10': np.float64(0.0306), 'ndcg@20': np.float64(0.0378)}
Wed 22 Oct 2025 00:03:45 INFO  test result: {'recall@3': np.float64(0.0224), 'recall@5': np.float64(0.0349), 'recall@10': np.float64(0.0524), 'recall@20': np.float64(0.0778), 'ndcg@3': np.float64(0.0136), 'ndcg@5': np.float64(0.0187), 'ndcg@10': np.float64(0.0243), 'ndcg@20': np.float64(0.0307)}
