Wed 15 Oct 2025 17:38:02 INFO  
General Hyper Parameters:
gpu_id = 0
use_gpu = True
seed = 212
state = INFO
reproducibility = True
data_path = ./recbole/data/dataset/Amazon_Sports_and_Outdoors
show_progress = True
save_dataset = False
save_dataloaders = False
benchmark_filename = None

Training Hyper Parameters:
checkpoint_dir = saved
epochs = 200
train_batch_size = 1024
learner = adam
learning_rate = 0.0001
eval_step = 2
stopping_step = 10
clip_grad_norm = None
weight_decay = 0.0
loss_decimal_place = 4

Evaluation Hyper Parameters:
eval_args = {'split': {'LS': 'valid_and_test'}, 'group_by': 'user', 'order': 'TO', 'mode': 'full'}
metrics = ['Recall', 'NDCG']
topk = [3, 5, 10, 20]
valid_metric = Recall@10
valid_metric_bigger = True
eval_batch_size = 256
metric_decimal_place = 4

Dataset Hyper Parameters:
field_separator = 	
seq_separator =  
USER_ID_FIELD = user_id
ITEM_ID_FIELD = item_id
RATING_FIELD = rating
TIME_FIELD = timestamp
seq_len = None
LABEL_FIELD = label
threshold = None
NEG_PREFIX = neg_
load_col = {'inter': ['user_id', 'item_id', 'rating', 'timestamp'], 'item': ['item_id', 'title', 'sales_rank', 'price', 'brand', 'categories', 'sales_type']}
unload_col = None
unused_col = None
additional_feat_suffix = None
rm_dup_inter = None
val_interval = None
filter_inter_by_user_or_item = True
user_inter_num_interval = [5,inf)
item_inter_num_interval = [5,inf)
alias_of_user_id = None
alias_of_item_id = None
alias_of_entity_id = None
alias_of_relation_id = None
preload_weight = None
normalize_field = None
normalize_all = None
ITEM_LIST_LENGTH_FIELD = item_length
LIST_SUFFIX = _list
MAX_ITEM_LIST_LENGTH = 50
POSITION_FIELD = position_id
HEAD_ENTITY_ID_FIELD = head_id
TAIL_ENTITY_ID_FIELD = tail_id
RELATION_ID_FIELD = relation_id
ENTITY_ID_FIELD = entity_id

Other Hyper Parameters: 
neg_sampling = None
multi_gpus = False
repeatable = True
n_layers = 3
n_heads = 8
hidden_size = 256
attribute_hidden_size = [64]
inner_size = 256
hidden_dropout_prob = 0.5
attn_dropout_prob = 0.3
hidden_act = gelu
layer_norm_eps = 1e-12
initializer_range = 0.02
selected_features = ['categories']
pooling_mode = sum
loss_type = CE
weight_sharing = not
fusion_type = gate
lamdas = [5]
attribute_predictor = ['not']
MODEL_TYPE = ModelType.SEQUENTIAL
feature_type = ['categorical']
annealing = False
MODEL_INPUT_TYPE = InputType.POINTWISE
eval_type = EvaluatorType.RANKING
device = cuda
train_neg_sample_args = {'strategy': 'none'}
eval_neg_sample_args = {'strategy': 'full', 'distribution': 'uniform'}


Wed 15 Oct 2025 17:38:03 INFO  Amazon_Sports_and_Outdoors
The number of users: 35599
Average actions of users: 8.324540704533963
The number of items: 18358
Average actions of items: 16.142997221768262
The number of inters: 296337
The sparsity of the dataset: 99.95465569853714%
Remain Fields: ['user_id', 'item_id', 'rating', 'timestamp', 'title', 'price', 'brand', 'categories', 'sales_type', 'sales_rank']
Wed 15 Oct 2025 17:38:05 INFO  [Training]: train_batch_size = [1024] negative sampling: [None]
Wed 15 Oct 2025 17:38:05 INFO  [Evaluation]: eval_batch_size = [256] eval_args: [{'split': {'LS': 'valid_and_test'}, 'group_by': 'user', 'order': 'TO', 'mode': 'full'}]
Wed 15 Oct 2025 17:38:06 INFO  SASRecD(
  (item_embedding): Embedding(18358, 256, padding_idx=0)
  (position_embedding): Embedding(50, 256)
  (feature_embed_layer_list): ModuleList(
    (0): FeatureSeqEmbLayer()
  )
  (trm_encoder): DIFTransformerEncoder(
    (layer): ModuleList(
      (0-2): 3 x DIFTransformerLayer(
        (multi_head_attention): DIFMultiHeadAttention(
          (query): Linear(in_features=256, out_features=256, bias=True)
          (key): Linear(in_features=256, out_features=256, bias=True)
          (value): Linear(in_features=256, out_features=256, bias=True)
          (query_p): Linear(in_features=256, out_features=256, bias=True)
          (key_p): Linear(in_features=256, out_features=256, bias=True)
          (query_layers): ModuleList(
            (0): Linear(in_features=64, out_features=64, bias=True)
          )
          (key_layers): ModuleList(
            (0): Linear(in_features=64, out_features=64, bias=True)
          )
          (fusion_layer): VanillaAttention(
            (projection): Sequential(
              (0): Linear(in_features=50, out_features=50, bias=True)
              (1): ReLU(inplace=True)
              (2): Linear(in_features=50, out_features=1, bias=True)
            )
          )
          (attn_dropout): Dropout(p=0.3, inplace=False)
          (dense): Linear(in_features=256, out_features=256, bias=True)
          (LayerNorm): LayerNorm((256,), eps=1e-12, elementwise_affine=True)
          (out_dropout): Dropout(p=0.5, inplace=False)
        )
        (feed_forward): FeedForward(
          (dense_1): Linear(in_features=256, out_features=256, bias=True)
          (dense_2): Linear(in_features=256, out_features=256, bias=True)
          (LayerNorm): LayerNorm((256,), eps=1e-12, elementwise_affine=True)
          (dropout): Dropout(p=0.5, inplace=False)
        )
      )
    )
  )
  (ap): ModuleList(
    (0): None
  )
  (LayerNorm): LayerNorm((256,), eps=1e-12, elementwise_affine=True)
  (dropout): Dropout(p=0.5, inplace=False)
  (loss_fct): CrossEntropyLoss()
  (attribute_loss_fct): BCEWithLogitsLoss()
)
Trainable parameters: 6327803
Wed 15 Oct 2025 17:38:36 INFO  epoch 0 training [time: 29.96s, train loss: 1825.1659]
Wed 15 Oct 2025 17:39:06 INFO  epoch 1 training [time: 29.63s, train loss: 1747.3649]
Wed 15 Oct 2025 17:39:08 INFO  epoch 1 evaluating [time: 1.97s, valid_score: 0.012500]
Wed 15 Oct 2025 17:39:08 INFO  valid result: 
recall@3 : 0.0059    recall@5 : 0.008    recall@10 : 0.0125    recall@20 : 0.0222    ndcg@3 : 0.0044    ndcg@5 : 0.0053    ndcg@10 : 0.0067    ndcg@20 : 0.0091    
Wed 15 Oct 2025 17:39:09 INFO  Saving current best: saved/SASRecD-Oct-15-2025_17-38-06.pth
Wed 15 Oct 2025 17:39:38 INFO  epoch 2 training [time: 29.59s, train loss: 1716.5896]
Wed 15 Oct 2025 17:40:08 INFO  epoch 3 training [time: 29.62s, train loss: 1704.5182]
Wed 15 Oct 2025 17:40:10 INFO  epoch 3 evaluating [time: 1.89s, valid_score: 0.012500]
Wed 15 Oct 2025 17:40:10 INFO  valid result: 
recall@3 : 0.0053    recall@5 : 0.0078    recall@10 : 0.0125    recall@20 : 0.0231    ndcg@3 : 0.0038    ndcg@5 : 0.0048    ndcg@10 : 0.0063    ndcg@20 : 0.009    
Wed 15 Oct 2025 17:40:40 INFO  epoch 4 training [time: 29.61s, train loss: 1692.6523]
Wed 15 Oct 2025 17:41:09 INFO  epoch 5 training [time: 29.64s, train loss: 1674.6545]
Wed 15 Oct 2025 17:41:11 INFO  epoch 5 evaluating [time: 1.89s, valid_score: 0.018800]
Wed 15 Oct 2025 17:41:11 INFO  valid result: 
recall@3 : 0.0071    recall@5 : 0.0114    recall@10 : 0.0188    recall@20 : 0.0328    ndcg@3 : 0.0048    ndcg@5 : 0.0066    ndcg@10 : 0.009    ndcg@20 : 0.0125    
Wed 15 Oct 2025 17:41:12 INFO  Saving current best: saved/SASRecD-Oct-15-2025_17-38-06.pth
Wed 15 Oct 2025 17:41:41 INFO  epoch 6 training [time: 29.52s, train loss: 1645.4042]
Wed 15 Oct 2025 17:42:11 INFO  epoch 7 training [time: 29.51s, train loss: 1615.8873]
Wed 15 Oct 2025 17:42:13 INFO  epoch 7 evaluating [time: 1.87s, valid_score: 0.026300]
Wed 15 Oct 2025 17:42:13 INFO  valid result: 
recall@3 : 0.0096    recall@5 : 0.0149    recall@10 : 0.0263    recall@20 : 0.0468    ndcg@3 : 0.0064    ndcg@5 : 0.0086    ndcg@10 : 0.0122    ndcg@20 : 0.0174    
Wed 15 Oct 2025 17:42:14 INFO  Saving current best: saved/SASRecD-Oct-15-2025_17-38-06.pth
Wed 15 Oct 2025 17:42:43 INFO  epoch 8 training [time: 29.62s, train loss: 1589.7808]
Wed 15 Oct 2025 17:43:13 INFO  epoch 9 training [time: 29.65s, train loss: 1565.8063]
Wed 15 Oct 2025 17:43:15 INFO  epoch 9 evaluating [time: 1.92s, valid_score: 0.034600]
Wed 15 Oct 2025 17:43:15 INFO  valid result: 
recall@3 : 0.014    recall@5 : 0.021    recall@10 : 0.0346    recall@20 : 0.0568    ndcg@3 : 0.009    ndcg@5 : 0.0119    ndcg@10 : 0.0162    ndcg@20 : 0.0218    
Wed 15 Oct 2025 17:43:16 INFO  Saving current best: saved/SASRecD-Oct-15-2025_17-38-06.pth
Wed 15 Oct 2025 17:43:45 INFO  epoch 10 training [time: 29.60s, train loss: 1544.3544]
Wed 15 Oct 2025 17:44:15 INFO  epoch 11 training [time: 29.63s, train loss: 1524.0946]
Wed 15 Oct 2025 17:44:17 INFO  epoch 11 evaluating [time: 1.92s, valid_score: 0.041600]
Wed 15 Oct 2025 17:44:17 INFO  valid result: 
recall@3 : 0.0174    recall@5 : 0.0264    recall@10 : 0.0416    recall@20 : 0.0645    ndcg@3 : 0.0111    ndcg@5 : 0.0148    ndcg@10 : 0.0197    ndcg@20 : 0.0255    
Wed 15 Oct 2025 17:44:18 INFO  Saving current best: saved/SASRecD-Oct-15-2025_17-38-06.pth
Wed 15 Oct 2025 17:44:47 INFO  epoch 12 training [time: 29.54s, train loss: 1505.4913]
Wed 15 Oct 2025 17:45:17 INFO  epoch 13 training [time: 29.64s, train loss: 1487.2511]
Wed 15 Oct 2025 17:45:19 INFO  epoch 13 evaluating [time: 1.91s, valid_score: 0.047500]
Wed 15 Oct 2025 17:45:19 INFO  valid result: 
recall@3 : 0.0197    recall@5 : 0.0299    recall@10 : 0.0475    recall@20 : 0.0707    ndcg@3 : 0.0124    ndcg@5 : 0.0166    ndcg@10 : 0.0223    ndcg@20 : 0.0281    
Wed 15 Oct 2025 17:45:20 INFO  Saving current best: saved/SASRecD-Oct-15-2025_17-38-06.pth
Wed 15 Oct 2025 17:45:49 INFO  epoch 14 training [time: 29.60s, train loss: 1470.4506]
Wed 15 Oct 2025 17:46:19 INFO  epoch 15 training [time: 29.58s, train loss: 1454.5468]
Wed 15 Oct 2025 17:46:21 INFO  epoch 15 evaluating [time: 1.91s, valid_score: 0.051600]
Wed 15 Oct 2025 17:46:21 INFO  valid result: 
recall@3 : 0.0222    recall@5 : 0.0339    recall@10 : 0.0516    recall@20 : 0.0761    ndcg@3 : 0.0138    ndcg@5 : 0.0187    ndcg@10 : 0.0243    ndcg@20 : 0.0305    
Wed 15 Oct 2025 17:46:22 INFO  Saving current best: saved/SASRecD-Oct-15-2025_17-38-06.pth
Wed 15 Oct 2025 17:46:51 INFO  epoch 16 training [time: 29.61s, train loss: 1438.8774]
Wed 15 Oct 2025 17:47:21 INFO  epoch 17 training [time: 29.64s, train loss: 1424.5689]
Wed 15 Oct 2025 17:47:23 INFO  epoch 17 evaluating [time: 1.90s, valid_score: 0.055100]
Wed 15 Oct 2025 17:47:23 INFO  valid result: 
recall@3 : 0.0237    recall@5 : 0.0362    recall@10 : 0.0551    recall@20 : 0.0796    ndcg@3 : 0.0146    ndcg@5 : 0.0197    ndcg@10 : 0.0258    ndcg@20 : 0.032    
Wed 15 Oct 2025 17:47:24 INFO  Saving current best: saved/SASRecD-Oct-15-2025_17-38-06.pth
Wed 15 Oct 2025 17:47:53 INFO  epoch 18 training [time: 29.53s, train loss: 1410.6403]
Wed 15 Oct 2025 17:48:23 INFO  epoch 19 training [time: 29.63s, train loss: 1396.6944]
Wed 15 Oct 2025 17:48:25 INFO  epoch 19 evaluating [time: 1.96s, valid_score: 0.057500]
Wed 15 Oct 2025 17:48:25 INFO  valid result: 
recall@3 : 0.0244    recall@5 : 0.0374    recall@10 : 0.0575    recall@20 : 0.0824    ndcg@3 : 0.015    ndcg@5 : 0.0203    ndcg@10 : 0.0268    ndcg@20 : 0.0331    
Wed 15 Oct 2025 17:48:26 INFO  Saving current best: saved/SASRecD-Oct-15-2025_17-38-06.pth
Wed 15 Oct 2025 17:48:55 INFO  epoch 20 training [time: 29.60s, train loss: 1384.1522]
Wed 15 Oct 2025 17:49:26 INFO  epoch 21 training [time: 30.30s, train loss: 1372.6808]
Wed 15 Oct 2025 17:49:27 INFO  epoch 21 evaluating [time: 1.26s, valid_score: 0.059200]
Wed 15 Oct 2025 17:49:27 INFO  valid result: 
recall@3 : 0.0258    recall@5 : 0.0391    recall@10 : 0.0592    recall@20 : 0.0854    ndcg@3 : 0.0158    ndcg@5 : 0.0213    ndcg@10 : 0.0277    ndcg@20 : 0.0343    
Wed 15 Oct 2025 17:49:28 INFO  Saving current best: saved/SASRecD-Oct-15-2025_17-38-06.pth
Wed 15 Oct 2025 17:49:58 INFO  epoch 22 training [time: 30.24s, train loss: 1360.3351]
Wed 15 Oct 2025 17:50:28 INFO  epoch 23 training [time: 29.65s, train loss: 1349.8081]
Wed 15 Oct 2025 17:50:30 INFO  epoch 23 evaluating [time: 1.91s, valid_score: 0.060600]
Wed 15 Oct 2025 17:50:30 INFO  valid result: 
recall@3 : 0.0266    recall@5 : 0.0396    recall@10 : 0.0606    recall@20 : 0.0877    ndcg@3 : 0.0161    ndcg@5 : 0.0215    ndcg@10 : 0.0283    ndcg@20 : 0.0351    
Wed 15 Oct 2025 17:50:30 INFO  Saving current best: saved/SASRecD-Oct-15-2025_17-38-06.pth
Wed 15 Oct 2025 17:51:00 INFO  epoch 24 training [time: 30.29s, train loss: 1338.7754]
Wed 15 Oct 2025 17:51:30 INFO  epoch 25 training [time: 29.68s, train loss: 1328.4492]
Wed 15 Oct 2025 17:51:32 INFO  epoch 25 evaluating [time: 1.92s, valid_score: 0.061600]
Wed 15 Oct 2025 17:51:32 INFO  valid result: 
recall@3 : 0.0269    recall@5 : 0.0407    recall@10 : 0.0616    recall@20 : 0.0887    ndcg@3 : 0.0163    ndcg@5 : 0.022    ndcg@10 : 0.0287    ndcg@20 : 0.0355    
Wed 15 Oct 2025 17:51:33 INFO  Saving current best: saved/SASRecD-Oct-15-2025_17-38-06.pth
Wed 15 Oct 2025 17:52:02 INFO  epoch 26 training [time: 29.61s, train loss: 1318.5658]
Wed 15 Oct 2025 17:52:32 INFO  epoch 27 training [time: 29.63s, train loss: 1309.1926]
Wed 15 Oct 2025 17:52:34 INFO  epoch 27 evaluating [time: 1.92s, valid_score: 0.062600]
Wed 15 Oct 2025 17:52:34 INFO  valid result: 
recall@3 : 0.0273    recall@5 : 0.0413    recall@10 : 0.0626    recall@20 : 0.0902    ndcg@3 : 0.0164    ndcg@5 : 0.0222    ndcg@10 : 0.0291    ndcg@20 : 0.036    
Wed 15 Oct 2025 17:52:35 INFO  Saving current best: saved/SASRecD-Oct-15-2025_17-38-06.pth
Wed 15 Oct 2025 17:53:04 INFO  epoch 28 training [time: 29.54s, train loss: 1300.3813]
Wed 15 Oct 2025 17:53:34 INFO  epoch 29 training [time: 29.60s, train loss: 1291.2912]
Wed 15 Oct 2025 17:53:36 INFO  epoch 29 evaluating [time: 1.93s, valid_score: 0.063000]
Wed 15 Oct 2025 17:53:36 INFO  valid result: 
recall@3 : 0.0281    recall@5 : 0.0419    recall@10 : 0.063    recall@20 : 0.0919    ndcg@3 : 0.0169    ndcg@5 : 0.0226    ndcg@10 : 0.0294    ndcg@20 : 0.0366    
Wed 15 Oct 2025 17:53:36 INFO  Saving current best: saved/SASRecD-Oct-15-2025_17-38-06.pth
Wed 15 Oct 2025 17:54:06 INFO  epoch 30 training [time: 29.56s, train loss: 1283.5076]
Wed 15 Oct 2025 17:54:36 INFO  epoch 31 training [time: 29.66s, train loss: 1275.2233]
Wed 15 Oct 2025 17:54:38 INFO  epoch 31 evaluating [time: 1.89s, valid_score: 0.063000]
Wed 15 Oct 2025 17:54:38 INFO  valid result: 
recall@3 : 0.0283    recall@5 : 0.0419    recall@10 : 0.063    recall@20 : 0.0921    ndcg@3 : 0.017    ndcg@5 : 0.0226    ndcg@10 : 0.0294    ndcg@20 : 0.0368    
Wed 15 Oct 2025 17:55:07 INFO  epoch 32 training [time: 29.53s, train loss: 1267.5820]
Wed 15 Oct 2025 17:55:37 INFO  epoch 33 training [time: 29.62s, train loss: 1259.8951]
Wed 15 Oct 2025 17:55:39 INFO  epoch 33 evaluating [time: 1.91s, valid_score: 0.063200]
Wed 15 Oct 2025 17:55:39 INFO  valid result: 
recall@3 : 0.0285    recall@5 : 0.0424    recall@10 : 0.0632    recall@20 : 0.0917    ndcg@3 : 0.0172    ndcg@5 : 0.0229    ndcg@10 : 0.0296    ndcg@20 : 0.0368    
Wed 15 Oct 2025 17:55:39 INFO  Saving current best: saved/SASRecD-Oct-15-2025_17-38-06.pth
Wed 15 Oct 2025 17:56:09 INFO  epoch 34 training [time: 29.56s, train loss: 1253.1711]
Wed 15 Oct 2025 17:56:39 INFO  epoch 35 training [time: 29.60s, train loss: 1246.0602]
Wed 15 Oct 2025 17:56:41 INFO  epoch 35 evaluating [time: 1.97s, valid_score: 0.064000]
Wed 15 Oct 2025 17:56:41 INFO  valid result: 
recall@3 : 0.0284    recall@5 : 0.0422    recall@10 : 0.064    recall@20 : 0.093    ndcg@3 : 0.0171    ndcg@5 : 0.0228    ndcg@10 : 0.0298    ndcg@20 : 0.0371    
Wed 15 Oct 2025 17:56:41 INFO  Saving current best: saved/SASRecD-Oct-15-2025_17-38-06.pth
Wed 15 Oct 2025 17:57:11 INFO  epoch 36 training [time: 29.61s, train loss: 1240.1029]
Wed 15 Oct 2025 17:57:41 INFO  epoch 37 training [time: 29.63s, train loss: 1232.9679]
Wed 15 Oct 2025 17:57:43 INFO  epoch 37 evaluating [time: 1.92s, valid_score: 0.063900]
Wed 15 Oct 2025 17:57:43 INFO  valid result: 
recall@3 : 0.0284    recall@5 : 0.0427    recall@10 : 0.0639    recall@20 : 0.0923    ndcg@3 : 0.0171    ndcg@5 : 0.023    ndcg@10 : 0.0298    ndcg@20 : 0.0369    
Wed 15 Oct 2025 17:58:12 INFO  epoch 38 training [time: 29.57s, train loss: 1227.8201]
Wed 15 Oct 2025 17:58:42 INFO  epoch 39 training [time: 29.63s, train loss: 1222.0162]
Wed 15 Oct 2025 17:58:44 INFO  epoch 39 evaluating [time: 1.91s, valid_score: 0.064300]
Wed 15 Oct 2025 17:58:44 INFO  valid result: 
recall@3 : 0.0288    recall@5 : 0.0432    recall@10 : 0.0643    recall@20 : 0.093    ndcg@3 : 0.0173    ndcg@5 : 0.0232    ndcg@10 : 0.03    ndcg@20 : 0.0372    
Wed 15 Oct 2025 17:58:45 INFO  Saving current best: saved/SASRecD-Oct-15-2025_17-38-06.pth
Wed 15 Oct 2025 17:59:14 INFO  epoch 40 training [time: 29.56s, train loss: 1216.1618]
Wed 15 Oct 2025 17:59:44 INFO  epoch 41 training [time: 29.65s, train loss: 1210.3703]
Wed 15 Oct 2025 17:59:46 INFO  epoch 41 evaluating [time: 1.92s, valid_score: 0.063200]
Wed 15 Oct 2025 17:59:46 INFO  valid result: 
recall@3 : 0.0283    recall@5 : 0.0428    recall@10 : 0.0632    recall@20 : 0.0925    ndcg@3 : 0.0173    ndcg@5 : 0.0232    ndcg@10 : 0.0298    ndcg@20 : 0.0372    
Wed 15 Oct 2025 18:00:15 INFO  epoch 42 training [time: 29.60s, train loss: 1205.7053]
Wed 15 Oct 2025 18:00:45 INFO  epoch 43 training [time: 29.64s, train loss: 1201.1562]
Wed 15 Oct 2025 18:00:47 INFO  epoch 43 evaluating [time: 1.92s, valid_score: 0.063300]
Wed 15 Oct 2025 18:00:47 INFO  valid result: 
recall@3 : 0.0287    recall@5 : 0.0438    recall@10 : 0.0633    recall@20 : 0.0931    ndcg@3 : 0.0173    ndcg@5 : 0.0235    ndcg@10 : 0.0298    ndcg@20 : 0.0373    
Wed 15 Oct 2025 18:01:16 INFO  epoch 44 training [time: 29.57s, train loss: 1196.4165]
Wed 15 Oct 2025 18:01:46 INFO  epoch 45 training [time: 29.54s, train loss: 1191.3110]
Wed 15 Oct 2025 18:01:48 INFO  epoch 45 evaluating [time: 1.91s, valid_score: 0.063600]
Wed 15 Oct 2025 18:01:48 INFO  valid result: 
recall@3 : 0.0288    recall@5 : 0.0437    recall@10 : 0.0636    recall@20 : 0.0935    ndcg@3 : 0.0177    ndcg@5 : 0.0238    ndcg@10 : 0.0302    ndcg@20 : 0.0377    
Wed 15 Oct 2025 18:02:17 INFO  epoch 46 training [time: 29.58s, train loss: 1186.4347]
Wed 15 Oct 2025 18:02:47 INFO  epoch 47 training [time: 29.57s, train loss: 1181.9377]
Wed 15 Oct 2025 18:02:49 INFO  epoch 47 evaluating [time: 1.90s, valid_score: 0.063500]
Wed 15 Oct 2025 18:02:49 INFO  valid result: 
recall@3 : 0.0284    recall@5 : 0.0435    recall@10 : 0.0635    recall@20 : 0.0931    ndcg@3 : 0.0174    ndcg@5 : 0.0237    ndcg@10 : 0.0301    ndcg@20 : 0.0375    
Wed 15 Oct 2025 18:03:19 INFO  epoch 48 training [time: 29.60s, train loss: 1177.5965]
Wed 15 Oct 2025 18:03:48 INFO  epoch 49 training [time: 29.64s, train loss: 1173.5467]
Wed 15 Oct 2025 18:03:50 INFO  epoch 49 evaluating [time: 1.89s, valid_score: 0.063400]
Wed 15 Oct 2025 18:03:50 INFO  valid result: 
recall@3 : 0.0283    recall@5 : 0.043    recall@10 : 0.0634    recall@20 : 0.0927    ndcg@3 : 0.0175    ndcg@5 : 0.0236    ndcg@10 : 0.0301    ndcg@20 : 0.0375    
Wed 15 Oct 2025 18:04:20 INFO  epoch 50 training [time: 29.49s, train loss: 1168.6809]
Wed 15 Oct 2025 18:04:49 INFO  epoch 51 training [time: 29.58s, train loss: 1164.9535]
Wed 15 Oct 2025 18:04:51 INFO  epoch 51 evaluating [time: 1.91s, valid_score: 0.063400]
Wed 15 Oct 2025 18:04:51 INFO  valid result: 
recall@3 : 0.0282    recall@5 : 0.0431    recall@10 : 0.0634    recall@20 : 0.0929    ndcg@3 : 0.0175    ndcg@5 : 0.0236    ndcg@10 : 0.0301    ndcg@20 : 0.0375    
Wed 15 Oct 2025 18:05:21 INFO  epoch 52 training [time: 29.59s, train loss: 1160.7145]
Wed 15 Oct 2025 18:05:50 INFO  epoch 53 training [time: 29.64s, train loss: 1156.7831]
Wed 15 Oct 2025 18:05:52 INFO  epoch 53 evaluating [time: 1.91s, valid_score: 0.063500]
Wed 15 Oct 2025 18:05:52 INFO  valid result: 
recall@3 : 0.0282    recall@5 : 0.0429    recall@10 : 0.0635    recall@20 : 0.0925    ndcg@3 : 0.0175    ndcg@5 : 0.0236    ndcg@10 : 0.0302    ndcg@20 : 0.0375    
Wed 15 Oct 2025 18:06:22 INFO  epoch 54 training [time: 29.58s, train loss: 1152.3028]
Wed 15 Oct 2025 18:06:51 INFO  epoch 55 training [time: 29.49s, train loss: 1148.3698]
Wed 15 Oct 2025 18:06:53 INFO  epoch 55 evaluating [time: 1.88s, valid_score: 0.063200]
Wed 15 Oct 2025 18:06:53 INFO  valid result: 
recall@3 : 0.0283    recall@5 : 0.0429    recall@10 : 0.0632    recall@20 : 0.0923    ndcg@3 : 0.0176    ndcg@5 : 0.0236    ndcg@10 : 0.0301    ndcg@20 : 0.0374    
Wed 15 Oct 2025 18:07:23 INFO  epoch 56 training [time: 29.68s, train loss: 1144.8494]
Wed 15 Oct 2025 18:07:52 INFO  epoch 57 training [time: 29.64s, train loss: 1141.0020]
Wed 15 Oct 2025 18:07:54 INFO  epoch 57 evaluating [time: 1.92s, valid_score: 0.062800]
Wed 15 Oct 2025 18:07:54 INFO  valid result: 
recall@3 : 0.0281    recall@5 : 0.0427    recall@10 : 0.0628    recall@20 : 0.0925    ndcg@3 : 0.0175    ndcg@5 : 0.0236    ndcg@10 : 0.03    ndcg@20 : 0.0375    
Wed 15 Oct 2025 18:08:24 INFO  epoch 58 training [time: 29.60s, train loss: 1136.8121]
Wed 15 Oct 2025 18:08:53 INFO  epoch 59 training [time: 29.51s, train loss: 1133.7147]
Wed 15 Oct 2025 18:08:55 INFO  epoch 59 evaluating [time: 1.90s, valid_score: 0.062800]
Wed 15 Oct 2025 18:08:55 INFO  valid result: 
recall@3 : 0.0277    recall@5 : 0.0427    recall@10 : 0.0628    recall@20 : 0.0918    ndcg@3 : 0.0174    ndcg@5 : 0.0235    ndcg@10 : 0.03    ndcg@20 : 0.0372    
Wed 15 Oct 2025 18:09:25 INFO  epoch 60 training [time: 29.64s, train loss: 1129.0612]
Wed 15 Oct 2025 18:09:55 INFO  epoch 61 training [time: 30.38s, train loss: 1125.9032]
Wed 15 Oct 2025 18:09:57 INFO  epoch 61 evaluating [time: 1.19s, valid_score: 0.062600]
Wed 15 Oct 2025 18:09:57 INFO  valid result: 
recall@3 : 0.028    recall@5 : 0.0427    recall@10 : 0.0626    recall@20 : 0.0914    ndcg@3 : 0.0174    ndcg@5 : 0.0235    ndcg@10 : 0.0298    ndcg@20 : 0.0371    
Wed 15 Oct 2025 18:09:57 INFO  Finished training, best eval result in epoch 39
Wed 15 Oct 2025 18:09:57 INFO  Loading model structure and parameters from saved/SASRecD-Oct-15-2025_17-38-06.pth
Wed 15 Oct 2025 18:09:59 INFO  best valid : {'recall@3': np.float64(0.0288), 'recall@5': np.float64(0.0432), 'recall@10': np.float64(0.0643), 'recall@20': np.float64(0.093), 'ndcg@3': np.float64(0.0173), 'ndcg@5': np.float64(0.0232), 'ndcg@10': np.float64(0.03), 'ndcg@20': np.float64(0.0372)}
Wed 15 Oct 2025 18:09:59 INFO  test result: {'recall@3': np.float64(0.0226), 'recall@5': np.float64(0.0337), 'recall@10': np.float64(0.0523), 'recall@20': np.float64(0.0772), 'ndcg@3': np.float64(0.0137), 'ndcg@5': np.float64(0.0182), 'ndcg@10': np.float64(0.0242), 'ndcg@20': np.float64(0.0305)}
