Wed 15 Oct 2025 20:11:52 INFO  
General Hyper Parameters:
gpu_id = 0
use_gpu = True
seed = 212
state = INFO
reproducibility = True
data_path = ./recbole/data/dataset/Amazon_Sports_and_Outdoors
show_progress = True
save_dataset = False
save_dataloaders = False
benchmark_filename = None

Training Hyper Parameters:
checkpoint_dir = saved
epochs = 200
train_batch_size = 1024
learner = adam
learning_rate = 0.0001
eval_step = 2
stopping_step = 10
clip_grad_norm = None
weight_decay = 0.0
loss_decimal_place = 4

Evaluation Hyper Parameters:
eval_args = {'split': {'LS': 'valid_and_test'}, 'group_by': 'user', 'order': 'TO', 'mode': 'full'}
metrics = ['Recall', 'NDCG']
topk = [3, 5, 10, 20]
valid_metric = Recall@10
valid_metric_bigger = True
eval_batch_size = 256
metric_decimal_place = 4

Dataset Hyper Parameters:
field_separator = 	
seq_separator =  
USER_ID_FIELD = user_id
ITEM_ID_FIELD = item_id
RATING_FIELD = rating
TIME_FIELD = timestamp
seq_len = None
LABEL_FIELD = label
threshold = None
NEG_PREFIX = neg_
load_col = {'inter': ['user_id', 'item_id', 'rating', 'timestamp'], 'item': ['item_id', 'title', 'sales_rank', 'price', 'brand', 'categories', 'sales_type'], 'image': ['img_id', 'img_emb']}
unload_col = None
unused_col = None
additional_feat_suffix = ['image']
rm_dup_inter = None
val_interval = None
filter_inter_by_user_or_item = True
user_inter_num_interval = [5,inf)
item_inter_num_interval = [5,inf)
alias_of_user_id = None
alias_of_item_id = ['img_id']
alias_of_entity_id = None
alias_of_relation_id = None
preload_weight = {'img_id': 'img_emb'}
normalize_field = None
normalize_all = None
ITEM_LIST_LENGTH_FIELD = item_length
LIST_SUFFIX = _list
MAX_ITEM_LIST_LENGTH = 50
POSITION_FIELD = position_id
HEAD_ENTITY_ID_FIELD = head_id
TAIL_ENTITY_ID_FIELD = tail_id
RELATION_ID_FIELD = relation_id
ENTITY_ID_FIELD = entity_id

Other Hyper Parameters: 
neg_sampling = None
multi_gpus = False
repeatable = True
n_layers = 3
n_heads = 8
hidden_size = 256
attribute_hidden_size = [128, 64]
inner_size = 256
hidden_dropout_prob = 0.5
attn_dropout_prob = 0.3
hidden_act = gelu
layer_norm_eps = 1e-12
initializer_range = 0.02
selected_features = ['img_emb', 'categories']
pooling_mode = sum
loss_type = CE
weight_sharing = not
fusion_type = gate
lamdas = [5, 5]
attribute_predictor = ['not', 'not']
MODEL_TYPE = ModelType.SEQUENTIAL
feature_type = ['static', 'categorical']
annealing = False
MODEL_INPUT_TYPE = InputType.POINTWISE
eval_type = EvaluatorType.RANKING
device = cuda
train_neg_sample_args = {'strategy': 'none'}
eval_neg_sample_args = {'strategy': 'full', 'distribution': 'uniform'}


Wed 15 Oct 2025 20:11:52 INFO  Amazon_Sports_and_Outdoors
The number of users: 35599
Average actions of users: 8.324540704533963
The number of items: 18358
Average actions of items: 16.142997221768262
The number of inters: 296337
The sparsity of the dataset: 99.95465569853714%
Remain Fields: ['user_id', 'item_id', 'rating', 'timestamp', 'title', 'price', 'brand', 'categories', 'sales_type', 'sales_rank', 'img_id', 'img_emb']
Wed 15 Oct 2025 20:11:55 INFO  [Training]: train_batch_size = [1024] negative sampling: [None]
Wed 15 Oct 2025 20:11:55 INFO  [Evaluation]: eval_batch_size = [256] eval_args: [{'split': {'LS': 'valid_and_test'}, 'group_by': 'user', 'order': 'TO', 'mode': 'full'}]
Wed 15 Oct 2025 20:11:56 INFO  SASRecD(
  (item_embedding): Embedding(18358, 256, padding_idx=0)
  (position_embedding): Embedding(50, 256)
  (feature_embed_layer_list): ModuleList(
    (0): Embedding(18358, 128)
    (1): FeatureSeqEmbLayer()
  )
  (trm_encoder): DIFTransformerEncoder(
    (layer): ModuleList(
      (0-2): 3 x DIFTransformerLayer(
        (multi_head_attention): DIFMultiHeadAttention(
          (query): Linear(in_features=256, out_features=256, bias=True)
          (key): Linear(in_features=256, out_features=256, bias=True)
          (value): Linear(in_features=256, out_features=256, bias=True)
          (query_p): Linear(in_features=256, out_features=256, bias=True)
          (key_p): Linear(in_features=256, out_features=256, bias=True)
          (query_layers): ModuleList(
            (0): Linear(in_features=128, out_features=128, bias=True)
            (1): Linear(in_features=64, out_features=64, bias=True)
          )
          (key_layers): ModuleList(
            (0): Linear(in_features=128, out_features=128, bias=True)
            (1): Linear(in_features=64, out_features=64, bias=True)
          )
          (fusion_layer): VanillaAttention(
            (projection): Sequential(
              (0): Linear(in_features=50, out_features=50, bias=True)
              (1): ReLU(inplace=True)
              (2): Linear(in_features=50, out_features=1, bias=True)
            )
          )
          (attn_dropout): Dropout(p=0.3, inplace=False)
          (dense): Linear(in_features=256, out_features=256, bias=True)
          (LayerNorm): LayerNorm((256,), eps=1e-12, elementwise_affine=True)
          (out_dropout): Dropout(p=0.5, inplace=False)
        )
        (feed_forward): FeedForward(
          (dense_1): Linear(in_features=256, out_features=256, bias=True)
          (dense_2): Linear(in_features=256, out_features=256, bias=True)
          (LayerNorm): LayerNorm((256,), eps=1e-12, elementwise_affine=True)
          (dropout): Dropout(p=0.5, inplace=False)
        )
      )
    )
  )
  (ap): ModuleList(
    (0-1): 2 x None
  )
  (LayerNorm): LayerNorm((256,), eps=1e-12, elementwise_affine=True)
  (dropout): Dropout(p=0.5, inplace=False)
  (loss_fct): CrossEntropyLoss()
  (attribute_loss_fct): BCEWithLogitsLoss()
)
Trainable parameters: 6426875
Wed 15 Oct 2025 20:12:31 INFO  epoch 0 training [time: 34.91s, train loss: 1826.6190]
Wed 15 Oct 2025 20:13:07 INFO  epoch 1 training [time: 35.53s, train loss: 1749.9617]
Wed 15 Oct 2025 20:13:09 INFO  epoch 1 evaluating [time: 2.53s, valid_score: 0.012800]
Wed 15 Oct 2025 20:13:09 INFO  valid result: 
recall@3 : 0.006    recall@5 : 0.0082    recall@10 : 0.0128    recall@20 : 0.0225    ndcg@3 : 0.0044    ndcg@5 : 0.0053    ndcg@10 : 0.0068    ndcg@20 : 0.0092    
Wed 15 Oct 2025 20:13:10 INFO  Saving current best: saved/SASRecD-Oct-15-2025_20-11-56.pth
Wed 15 Oct 2025 20:13:46 INFO  epoch 2 training [time: 35.43s, train loss: 1716.8233]
Wed 15 Oct 2025 20:14:21 INFO  epoch 3 training [time: 35.47s, train loss: 1704.5947]
Wed 15 Oct 2025 20:14:24 INFO  epoch 3 evaluating [time: 2.39s, valid_score: 0.013000]
Wed 15 Oct 2025 20:14:24 INFO  valid result: 
recall@3 : 0.0053    recall@5 : 0.0079    recall@10 : 0.013    recall@20 : 0.0231    ndcg@3 : 0.0038    ndcg@5 : 0.0048    ndcg@10 : 0.0065    ndcg@20 : 0.009    
Wed 15 Oct 2025 20:14:25 INFO  Saving current best: saved/SASRecD-Oct-15-2025_20-11-56.pth
Wed 15 Oct 2025 20:15:00 INFO  epoch 4 training [time: 35.49s, train loss: 1691.9679]
Wed 15 Oct 2025 20:15:36 INFO  epoch 5 training [time: 35.64s, train loss: 1671.2214]
Wed 15 Oct 2025 20:15:38 INFO  epoch 5 evaluating [time: 2.43s, valid_score: 0.020500]
Wed 15 Oct 2025 20:15:38 INFO  valid result: 
recall@3 : 0.0075    recall@5 : 0.0111    recall@10 : 0.0205    recall@20 : 0.0339    ndcg@3 : 0.0051    ndcg@5 : 0.0066    ndcg@10 : 0.0096    ndcg@20 : 0.0129    
Wed 15 Oct 2025 20:15:39 INFO  Saving current best: saved/SASRecD-Oct-15-2025_20-11-56.pth
Wed 15 Oct 2025 20:16:15 INFO  epoch 6 training [time: 35.41s, train loss: 1640.8718]
Wed 15 Oct 2025 20:16:51 INFO  epoch 7 training [time: 36.33s, train loss: 1613.0595]
Wed 15 Oct 2025 20:16:53 INFO  epoch 7 evaluating [time: 2.46s, valid_score: 0.027000]
Wed 15 Oct 2025 20:16:53 INFO  valid result: 
recall@3 : 0.0097    recall@5 : 0.0154    recall@10 : 0.027    recall@20 : 0.0458    ndcg@3 : 0.0066    ndcg@5 : 0.0089    ndcg@10 : 0.0126    ndcg@20 : 0.0174    
Wed 15 Oct 2025 20:16:54 INFO  Saving current best: saved/SASRecD-Oct-15-2025_20-11-56.pth
Wed 15 Oct 2025 20:17:31 INFO  epoch 8 training [time: 36.58s, train loss: 1587.9411]
Wed 15 Oct 2025 20:18:07 INFO  epoch 9 training [time: 35.50s, train loss: 1564.9037]
Wed 15 Oct 2025 20:18:09 INFO  epoch 9 evaluating [time: 2.46s, valid_score: 0.034300]
Wed 15 Oct 2025 20:18:09 INFO  valid result: 
recall@3 : 0.0135    recall@5 : 0.0202    recall@10 : 0.0343    recall@20 : 0.0554    ndcg@3 : 0.0086    ndcg@5 : 0.0114    ndcg@10 : 0.0159    ndcg@20 : 0.0212    
Wed 15 Oct 2025 20:18:10 INFO  Saving current best: saved/SASRecD-Oct-15-2025_20-11-56.pth
Wed 15 Oct 2025 20:18:47 INFO  epoch 10 training [time: 36.57s, train loss: 1543.8298]
Wed 15 Oct 2025 20:19:24 INFO  epoch 11 training [time: 36.81s, train loss: 1524.0804]
Wed 15 Oct 2025 20:19:26 INFO  epoch 11 evaluating [time: 2.44s, valid_score: 0.041300]
Wed 15 Oct 2025 20:19:26 INFO  valid result: 
recall@3 : 0.0173    recall@5 : 0.0257    recall@10 : 0.0413    recall@20 : 0.0637    ndcg@3 : 0.0109    ndcg@5 : 0.0144    ndcg@10 : 0.0194    ndcg@20 : 0.025    
Wed 15 Oct 2025 20:19:27 INFO  Saving current best: saved/SASRecD-Oct-15-2025_20-11-56.pth
Wed 15 Oct 2025 20:20:03 INFO  epoch 12 training [time: 36.24s, train loss: 1504.8880]
Wed 15 Oct 2025 20:20:40 INFO  epoch 13 training [time: 36.19s, train loss: 1487.5656]
Wed 15 Oct 2025 20:20:41 INFO  epoch 13 evaluating [time: 1.51s, valid_score: 0.046600]
Wed 15 Oct 2025 20:20:41 INFO  valid result: 
recall@3 : 0.0204    recall@5 : 0.0298    recall@10 : 0.0466    recall@20 : 0.07    ndcg@3 : 0.0127    ndcg@5 : 0.0166    ndcg@10 : 0.022    ndcg@20 : 0.0278    
Wed 15 Oct 2025 20:20:42 INFO  Saving current best: saved/SASRecD-Oct-15-2025_20-11-56.pth
Wed 15 Oct 2025 20:21:18 INFO  epoch 14 training [time: 36.20s, train loss: 1470.9732]
Wed 15 Oct 2025 20:21:55 INFO  epoch 15 training [time: 36.22s, train loss: 1454.9705]
Wed 15 Oct 2025 20:21:57 INFO  epoch 15 evaluating [time: 2.46s, valid_score: 0.050800]
Wed 15 Oct 2025 20:21:57 INFO  valid result: 
recall@3 : 0.0225    recall@5 : 0.0324    recall@10 : 0.0508    recall@20 : 0.0753    ndcg@3 : 0.0139    ndcg@5 : 0.018    ndcg@10 : 0.0239    ndcg@20 : 0.0301    
Wed 15 Oct 2025 20:21:58 INFO  Saving current best: saved/SASRecD-Oct-15-2025_20-11-56.pth
Wed 15 Oct 2025 20:22:34 INFO  epoch 16 training [time: 36.22s, train loss: 1439.7325]
Wed 15 Oct 2025 20:23:10 INFO  epoch 17 training [time: 36.14s, train loss: 1425.6467]
Wed 15 Oct 2025 20:23:13 INFO  epoch 17 evaluating [time: 2.45s, valid_score: 0.053700]
Wed 15 Oct 2025 20:23:13 INFO  valid result: 
recall@3 : 0.024    recall@5 : 0.0355    recall@10 : 0.0537    recall@20 : 0.0791    ndcg@3 : 0.0147    ndcg@5 : 0.0194    ndcg@10 : 0.0253    ndcg@20 : 0.0316    
Wed 15 Oct 2025 20:23:14 INFO  Saving current best: saved/SASRecD-Oct-15-2025_20-11-56.pth
Wed 15 Oct 2025 20:23:49 INFO  epoch 18 training [time: 35.39s, train loss: 1411.4908]
Wed 15 Oct 2025 20:24:26 INFO  epoch 19 training [time: 36.25s, train loss: 1398.2367]
Wed 15 Oct 2025 20:24:28 INFO  epoch 19 evaluating [time: 2.46s, valid_score: 0.055800]
Wed 15 Oct 2025 20:24:28 INFO  valid result: 
recall@3 : 0.0251    recall@5 : 0.0369    recall@10 : 0.0558    recall@20 : 0.0822    ndcg@3 : 0.0153    ndcg@5 : 0.0201    ndcg@10 : 0.0262    ndcg@20 : 0.0328    
Wed 15 Oct 2025 20:24:29 INFO  Saving current best: saved/SASRecD-Oct-15-2025_20-11-56.pth
Wed 15 Oct 2025 20:25:05 INFO  epoch 20 training [time: 36.20s, train loss: 1385.7181]
Wed 15 Oct 2025 20:25:41 INFO  epoch 21 training [time: 36.19s, train loss: 1373.4159]
Wed 15 Oct 2025 20:25:44 INFO  epoch 21 evaluating [time: 2.45s, valid_score: 0.057900]
Wed 15 Oct 2025 20:25:44 INFO  valid result: 
recall@3 : 0.0261    recall@5 : 0.0381    recall@10 : 0.0579    recall@20 : 0.0853    ndcg@3 : 0.0158    ndcg@5 : 0.0208    ndcg@10 : 0.0271    ndcg@20 : 0.034    
Wed 15 Oct 2025 20:25:45 INFO  Saving current best: saved/SASRecD-Oct-15-2025_20-11-56.pth
Wed 15 Oct 2025 20:26:21 INFO  epoch 22 training [time: 36.22s, train loss: 1361.9287]
Wed 15 Oct 2025 20:26:56 INFO  epoch 23 training [time: 35.07s, train loss: 1350.5399]
Wed 15 Oct 2025 20:26:59 INFO  epoch 23 evaluating [time: 2.48s, valid_score: 0.058900]
Wed 15 Oct 2025 20:26:59 INFO  valid result: 
recall@3 : 0.0272    recall@5 : 0.0395    recall@10 : 0.0589    recall@20 : 0.0877    ndcg@3 : 0.0165    ndcg@5 : 0.0215    ndcg@10 : 0.0277    ndcg@20 : 0.035    
Wed 15 Oct 2025 20:27:00 INFO  Saving current best: saved/SASRecD-Oct-15-2025_20-11-56.pth
Wed 15 Oct 2025 20:27:36 INFO  epoch 24 training [time: 36.14s, train loss: 1339.8293]
Wed 15 Oct 2025 20:28:12 INFO  epoch 25 training [time: 36.24s, train loss: 1329.8104]
Wed 15 Oct 2025 20:28:15 INFO  epoch 25 evaluating [time: 2.48s, valid_score: 0.060600]
Wed 15 Oct 2025 20:28:15 INFO  valid result: 
recall@3 : 0.0274    recall@5 : 0.04    recall@10 : 0.0606    recall@20 : 0.0896    ndcg@3 : 0.0165    ndcg@5 : 0.0217    ndcg@10 : 0.0283    ndcg@20 : 0.0356    
Wed 15 Oct 2025 20:28:16 INFO  Saving current best: saved/SASRecD-Oct-15-2025_20-11-56.pth
Wed 15 Oct 2025 20:28:52 INFO  epoch 26 training [time: 36.28s, train loss: 1320.0007]
Wed 15 Oct 2025 20:29:28 INFO  epoch 27 training [time: 36.55s, train loss: 1310.1719]
Wed 15 Oct 2025 20:29:31 INFO  epoch 27 evaluating [time: 2.48s, valid_score: 0.062100]
Wed 15 Oct 2025 20:29:31 INFO  valid result: 
recall@3 : 0.0271    recall@5 : 0.0399    recall@10 : 0.0621    recall@20 : 0.0907    ndcg@3 : 0.0163    ndcg@5 : 0.0216    ndcg@10 : 0.0287    ndcg@20 : 0.0359    
Wed 15 Oct 2025 20:29:31 INFO  Saving current best: saved/SASRecD-Oct-15-2025_20-11-56.pth
Wed 15 Oct 2025 20:30:07 INFO  epoch 28 training [time: 36.39s, train loss: 1301.3178]
Wed 15 Oct 2025 20:30:43 INFO  epoch 29 training [time: 36.24s, train loss: 1292.6631]
Wed 15 Oct 2025 20:30:46 INFO  epoch 29 evaluating [time: 2.46s, valid_score: 0.063100]
Wed 15 Oct 2025 20:30:46 INFO  valid result: 
recall@3 : 0.0276    recall@5 : 0.0402    recall@10 : 0.0631    recall@20 : 0.092    ndcg@3 : 0.0166    ndcg@5 : 0.0218    ndcg@10 : 0.0292    ndcg@20 : 0.0364    
Wed 15 Oct 2025 20:30:47 INFO  Saving current best: saved/SASRecD-Oct-15-2025_20-11-56.pth
Wed 15 Oct 2025 20:31:24 INFO  epoch 30 training [time: 36.54s, train loss: 1284.4418]
Wed 15 Oct 2025 20:32:00 INFO  epoch 31 training [time: 36.76s, train loss: 1276.7923]
Wed 15 Oct 2025 20:32:03 INFO  epoch 31 evaluating [time: 2.52s, valid_score: 0.063600]
Wed 15 Oct 2025 20:32:03 INFO  valid result: 
recall@3 : 0.0276    recall@5 : 0.0411    recall@10 : 0.0636    recall@20 : 0.0927    ndcg@3 : 0.0165    ndcg@5 : 0.0221    ndcg@10 : 0.0293    ndcg@20 : 0.0367    
Wed 15 Oct 2025 20:32:04 INFO  Saving current best: saved/SASRecD-Oct-15-2025_20-11-56.pth
Wed 15 Oct 2025 20:32:39 INFO  epoch 32 training [time: 34.91s, train loss: 1268.7836]
Wed 15 Oct 2025 20:33:15 INFO  epoch 33 training [time: 36.15s, train loss: 1261.4015]
Wed 15 Oct 2025 20:33:18 INFO  epoch 33 evaluating [time: 2.54s, valid_score: 0.063800]
Wed 15 Oct 2025 20:33:18 INFO  valid result: 
recall@3 : 0.0278    recall@5 : 0.0415    recall@10 : 0.0638    recall@20 : 0.0933    ndcg@3 : 0.0167    ndcg@5 : 0.0223    ndcg@10 : 0.0295    ndcg@20 : 0.037    
Wed 15 Oct 2025 20:33:19 INFO  Saving current best: saved/SASRecD-Oct-15-2025_20-11-56.pth
Wed 15 Oct 2025 20:33:55 INFO  epoch 34 training [time: 36.31s, train loss: 1254.5284]
Wed 15 Oct 2025 20:34:31 INFO  epoch 35 training [time: 36.16s, train loss: 1247.7297]
Wed 15 Oct 2025 20:34:33 INFO  epoch 35 evaluating [time: 2.45s, valid_score: 0.063900]
Wed 15 Oct 2025 20:34:33 INFO  valid result: 
recall@3 : 0.028    recall@5 : 0.0418    recall@10 : 0.0639    recall@20 : 0.0937    ndcg@3 : 0.0168    ndcg@5 : 0.0225    ndcg@10 : 0.0296    ndcg@20 : 0.0371    
Wed 15 Oct 2025 20:34:35 INFO  Saving current best: saved/SASRecD-Oct-15-2025_20-11-56.pth
Wed 15 Oct 2025 20:35:10 INFO  epoch 36 training [time: 34.98s, train loss: 1240.6843]
Wed 15 Oct 2025 20:35:46 INFO  epoch 37 training [time: 36.32s, train loss: 1235.3208]
Wed 15 Oct 2025 20:35:47 INFO  epoch 37 evaluating [time: 1.48s, valid_score: 0.063600]
Wed 15 Oct 2025 20:35:47 INFO  valid result: 
recall@3 : 0.0283    recall@5 : 0.0418    recall@10 : 0.0636    recall@20 : 0.0946    ndcg@3 : 0.0169    ndcg@5 : 0.0225    ndcg@10 : 0.0295    ndcg@20 : 0.0373    
Wed 15 Oct 2025 20:36:24 INFO  epoch 38 training [time: 36.56s, train loss: 1229.0011]
Wed 15 Oct 2025 20:37:00 INFO  epoch 39 training [time: 36.46s, train loss: 1223.4535]
Wed 15 Oct 2025 20:37:03 INFO  epoch 39 evaluating [time: 2.50s, valid_score: 0.063600]
Wed 15 Oct 2025 20:37:03 INFO  valid result: 
recall@3 : 0.028    recall@5 : 0.0415    recall@10 : 0.0636    recall@20 : 0.0945    ndcg@3 : 0.0169    ndcg@5 : 0.0225    ndcg@10 : 0.0296    ndcg@20 : 0.0374    
Wed 15 Oct 2025 20:37:39 INFO  epoch 40 training [time: 36.53s, train loss: 1217.2556]
Wed 15 Oct 2025 20:38:16 INFO  epoch 41 training [time: 36.54s, train loss: 1212.4148]
Wed 15 Oct 2025 20:38:18 INFO  epoch 41 evaluating [time: 2.47s, valid_score: 0.063700]
Wed 15 Oct 2025 20:38:18 INFO  valid result: 
recall@3 : 0.028    recall@5 : 0.0418    recall@10 : 0.0637    recall@20 : 0.0948    ndcg@3 : 0.0171    ndcg@5 : 0.0228    ndcg@10 : 0.0299    ndcg@20 : 0.0377    
Wed 15 Oct 2025 20:38:54 INFO  epoch 42 training [time: 35.57s, train loss: 1207.0545]
Wed 15 Oct 2025 20:39:31 INFO  epoch 43 training [time: 36.69s, train loss: 1202.3451]
Wed 15 Oct 2025 20:39:33 INFO  epoch 43 evaluating [time: 2.46s, valid_score: 0.063500]
Wed 15 Oct 2025 20:39:33 INFO  valid result: 
recall@3 : 0.0282    recall@5 : 0.0422    recall@10 : 0.0635    recall@20 : 0.0953    ndcg@3 : 0.0173    ndcg@5 : 0.023    ndcg@10 : 0.0299    ndcg@20 : 0.0379    
Wed 15 Oct 2025 20:40:10 INFO  epoch 44 training [time: 36.64s, train loss: 1196.9425]
Wed 15 Oct 2025 20:40:47 INFO  epoch 45 training [time: 36.74s, train loss: 1192.0568]
Wed 15 Oct 2025 20:40:49 INFO  epoch 45 evaluating [time: 2.53s, valid_score: 0.063800]
Wed 15 Oct 2025 20:40:49 INFO  valid result: 
recall@3 : 0.0279    recall@5 : 0.042    recall@10 : 0.0638    recall@20 : 0.0946    ndcg@3 : 0.0172    ndcg@5 : 0.0229    ndcg@10 : 0.0299    ndcg@20 : 0.0377    
Wed 15 Oct 2025 20:41:26 INFO  epoch 46 training [time: 36.68s, train loss: 1187.4189]
Wed 15 Oct 2025 20:42:02 INFO  epoch 47 training [time: 35.82s, train loss: 1183.3054]
Wed 15 Oct 2025 20:42:04 INFO  epoch 47 evaluating [time: 2.55s, valid_score: 0.063200]
Wed 15 Oct 2025 20:42:04 INFO  valid result: 
recall@3 : 0.0275    recall@5 : 0.0419    recall@10 : 0.0632    recall@20 : 0.0948    ndcg@3 : 0.0169    ndcg@5 : 0.0228    ndcg@10 : 0.0297    ndcg@20 : 0.0376    
Wed 15 Oct 2025 20:42:40 INFO  epoch 48 training [time: 35.67s, train loss: 1177.9446]
Wed 15 Oct 2025 20:43:17 INFO  epoch 49 training [time: 36.69s, train loss: 1174.2232]
Wed 15 Oct 2025 20:43:19 INFO  epoch 49 evaluating [time: 2.48s, valid_score: 0.063600]
Wed 15 Oct 2025 20:43:19 INFO  valid result: 
recall@3 : 0.0276    recall@5 : 0.0412    recall@10 : 0.0636    recall@20 : 0.0952    ndcg@3 : 0.017    ndcg@5 : 0.0226    ndcg@10 : 0.0298    ndcg@20 : 0.0378    
Wed 15 Oct 2025 20:43:55 INFO  epoch 50 training [time: 36.32s, train loss: 1169.7912]
Wed 15 Oct 2025 20:44:32 INFO  epoch 51 training [time: 36.29s, train loss: 1165.6489]
Wed 15 Oct 2025 20:44:34 INFO  epoch 51 evaluating [time: 2.43s, valid_score: 0.063500]
Wed 15 Oct 2025 20:44:34 INFO  valid result: 
recall@3 : 0.0276    recall@5 : 0.041    recall@10 : 0.0635    recall@20 : 0.0942    ndcg@3 : 0.0171    ndcg@5 : 0.0226    ndcg@10 : 0.0299    ndcg@20 : 0.0376    
Wed 15 Oct 2025 20:45:09 INFO  epoch 52 training [time: 35.20s, train loss: 1161.5548]
Wed 15 Oct 2025 20:45:46 INFO  epoch 53 training [time: 36.26s, train loss: 1157.2387]
Wed 15 Oct 2025 20:45:48 INFO  epoch 53 evaluating [time: 2.43s, valid_score: 0.063500]
Wed 15 Oct 2025 20:45:48 INFO  valid result: 
recall@3 : 0.0276    recall@5 : 0.0415    recall@10 : 0.0635    recall@20 : 0.0948    ndcg@3 : 0.017    ndcg@5 : 0.0228    ndcg@10 : 0.0299    ndcg@20 : 0.0378    
Wed 15 Oct 2025 20:46:24 INFO  epoch 54 training [time: 36.17s, train loss: 1153.2132]
Wed 15 Oct 2025 20:47:00 INFO  epoch 55 training [time: 35.73s, train loss: 1149.8457]
Wed 15 Oct 2025 20:47:02 INFO  epoch 55 evaluating [time: 2.43s, valid_score: 0.063300]
Wed 15 Oct 2025 20:47:02 INFO  valid result: 
recall@3 : 0.0276    recall@5 : 0.0411    recall@10 : 0.0633    recall@20 : 0.0939    ndcg@3 : 0.0171    ndcg@5 : 0.0227    ndcg@10 : 0.0298    ndcg@20 : 0.0375    
Wed 15 Oct 2025 20:47:38 INFO  epoch 56 training [time: 35.90s, train loss: 1145.4980]
Wed 15 Oct 2025 20:48:14 INFO  epoch 57 training [time: 35.89s, train loss: 1141.5799]
Wed 15 Oct 2025 20:48:15 INFO  epoch 57 evaluating [time: 1.41s, valid_score: 0.063800]
Wed 15 Oct 2025 20:48:15 INFO  valid result: 
recall@3 : 0.0275    recall@5 : 0.041    recall@10 : 0.0638    recall@20 : 0.0937    ndcg@3 : 0.017    ndcg@5 : 0.0226    ndcg@10 : 0.0299    ndcg@20 : 0.0374    
Wed 15 Oct 2025 20:48:15 INFO  Finished training, best eval result in epoch 35
Wed 15 Oct 2025 20:48:16 INFO  Loading model structure and parameters from saved/SASRecD-Oct-15-2025_20-11-56.pth
Wed 15 Oct 2025 20:48:19 INFO  best valid : {'recall@3': np.float64(0.028), 'recall@5': np.float64(0.0418), 'recall@10': np.float64(0.0639), 'recall@20': np.float64(0.0937), 'ndcg@3': np.float64(0.0168), 'ndcg@5': np.float64(0.0225), 'ndcg@10': np.float64(0.0296), 'ndcg@20': np.float64(0.0371)}
Wed 15 Oct 2025 20:48:19 INFO  test result: {'recall@3': np.float64(0.0224), 'recall@5': np.float64(0.0332), 'recall@10': np.float64(0.0509), 'recall@20': np.float64(0.0746), 'ndcg@3': np.float64(0.0135), 'ndcg@5': np.float64(0.0179), 'ndcg@10': np.float64(0.0236), 'ndcg@20': np.float64(0.0295)}
