Wed 15 Oct 2025 19:35:27 INFO  
General Hyper Parameters:
gpu_id = 0
use_gpu = True
seed = 212
state = INFO
reproducibility = True
data_path = ./recbole/data/dataset/Amazon_Sports_and_Outdoors
show_progress = True
save_dataset = False
save_dataloaders = False
benchmark_filename = None

Training Hyper Parameters:
checkpoint_dir = saved
epochs = 200
train_batch_size = 1024
learner = adam
learning_rate = 0.0001
eval_step = 2
stopping_step = 10
clip_grad_norm = None
weight_decay = 0.0
loss_decimal_place = 4

Evaluation Hyper Parameters:
eval_args = {'split': {'LS': 'valid_and_test'}, 'group_by': 'user', 'order': 'TO', 'mode': 'full'}
metrics = ['Recall', 'NDCG']
topk = [3, 5, 10, 20]
valid_metric = Recall@10
valid_metric_bigger = True
eval_batch_size = 256
metric_decimal_place = 4

Dataset Hyper Parameters:
field_separator = 	
seq_separator =  
USER_ID_FIELD = user_id
ITEM_ID_FIELD = item_id
RATING_FIELD = rating
TIME_FIELD = timestamp
seq_len = None
LABEL_FIELD = label
threshold = None
NEG_PREFIX = neg_
load_col = {'inter': ['user_id', 'item_id', 'rating', 'timestamp'], 'item': ['item_id', 'title', 'sales_rank', 'price', 'brand', 'categories', 'sales_type'], 'image': ['img_id', 'img_emb']}
unload_col = None
unused_col = None
additional_feat_suffix = ['image']
rm_dup_inter = None
val_interval = None
filter_inter_by_user_or_item = True
user_inter_num_interval = [5,inf)
item_inter_num_interval = [5,inf)
alias_of_user_id = None
alias_of_item_id = ['img_id']
alias_of_entity_id = None
alias_of_relation_id = None
preload_weight = {'img_id': 'img_emb'}
normalize_field = None
normalize_all = None
ITEM_LIST_LENGTH_FIELD = item_length
LIST_SUFFIX = _list
MAX_ITEM_LIST_LENGTH = 50
POSITION_FIELD = position_id
HEAD_ENTITY_ID_FIELD = head_id
TAIL_ENTITY_ID_FIELD = tail_id
RELATION_ID_FIELD = relation_id
ENTITY_ID_FIELD = entity_id

Other Hyper Parameters: 
neg_sampling = None
multi_gpus = False
repeatable = True
n_layers = 3
n_heads = 8
hidden_size = 256
attribute_hidden_size = [128]
inner_size = 256
hidden_dropout_prob = 0.5
attn_dropout_prob = 0.3
hidden_act = gelu
layer_norm_eps = 1e-12
initializer_range = 0.02
selected_features = ['img_emb']
pooling_mode = sum
loss_type = CE
weight_sharing = not
fusion_type = gate
lamdas = [5]
attribute_predictor = ['not']
MODEL_TYPE = ModelType.SEQUENTIAL
feature_type = ['static']
annealing = False
MODEL_INPUT_TYPE = InputType.POINTWISE
eval_type = EvaluatorType.RANKING
device = cuda
train_neg_sample_args = {'strategy': 'none'}
eval_neg_sample_args = {'strategy': 'full', 'distribution': 'uniform'}


Wed 15 Oct 2025 19:35:28 INFO  Amazon_Sports_and_Outdoors
The number of users: 35599
Average actions of users: 8.324540704533963
The number of items: 18358
Average actions of items: 16.142997221768262
The number of inters: 296337
The sparsity of the dataset: 99.95465569853714%
Remain Fields: ['user_id', 'item_id', 'rating', 'timestamp', 'title', 'price', 'brand', 'categories', 'sales_type', 'sales_rank', 'img_id', 'img_emb']
Wed 15 Oct 2025 19:35:30 INFO  [Training]: train_batch_size = [1024] negative sampling: [None]
Wed 15 Oct 2025 19:35:30 INFO  [Evaluation]: eval_batch_size = [256] eval_args: [{'split': {'LS': 'valid_and_test'}, 'group_by': 'user', 'order': 'TO', 'mode': 'full'}]
Wed 15 Oct 2025 19:35:31 INFO  SASRecD(
  (item_embedding): Embedding(18358, 256, padding_idx=0)
  (position_embedding): Embedding(50, 256)
  (feature_embed_layer_list): ModuleList(
    (0): Embedding(18358, 128)
  )
  (trm_encoder): DIFTransformerEncoder(
    (layer): ModuleList(
      (0-2): 3 x DIFTransformerLayer(
        (multi_head_attention): DIFMultiHeadAttention(
          (query): Linear(in_features=256, out_features=256, bias=True)
          (key): Linear(in_features=256, out_features=256, bias=True)
          (value): Linear(in_features=256, out_features=256, bias=True)
          (query_p): Linear(in_features=256, out_features=256, bias=True)
          (key_p): Linear(in_features=256, out_features=256, bias=True)
          (query_layers): ModuleList(
            (0): Linear(in_features=128, out_features=128, bias=True)
          )
          (key_layers): ModuleList(
            (0): Linear(in_features=128, out_features=128, bias=True)
          )
          (fusion_layer): VanillaAttention(
            (projection): Sequential(
              (0): Linear(in_features=50, out_features=50, bias=True)
              (1): ReLU(inplace=True)
              (2): Linear(in_features=50, out_features=1, bias=True)
            )
          )
          (attn_dropout): Dropout(p=0.3, inplace=False)
          (dense): Linear(in_features=256, out_features=256, bias=True)
          (LayerNorm): LayerNorm((256,), eps=1e-12, elementwise_affine=True)
          (out_dropout): Dropout(p=0.5, inplace=False)
        )
        (feed_forward): FeedForward(
          (dense_1): Linear(in_features=256, out_features=256, bias=True)
          (dense_2): Linear(in_features=256, out_features=256, bias=True)
          (LayerNorm): LayerNorm((256,), eps=1e-12, elementwise_affine=True)
          (dropout): Dropout(p=0.5, inplace=False)
        )
      )
    )
  )
  (ap): ModuleList(
    (0): None
  )
  (LayerNorm): LayerNorm((256,), eps=1e-12, elementwise_affine=True)
  (dropout): Dropout(p=0.5, inplace=False)
  (loss_fct): CrossEntropyLoss()
  (attribute_loss_fct): BCEWithLogitsLoss()
)
Trainable parameters: 6401915
Wed 15 Oct 2025 19:35:58 INFO  epoch 0 training [time: 26.98s, train loss: 1826.1127]
Wed 15 Oct 2025 19:36:25 INFO  epoch 1 training [time: 26.87s, train loss: 1749.5781]
Wed 15 Oct 2025 19:36:27 INFO  epoch 1 evaluating [time: 2.05s, valid_score: 0.012600]
Wed 15 Oct 2025 19:36:27 INFO  valid result: 
recall@3 : 0.006    recall@5 : 0.0082    recall@10 : 0.0126    recall@20 : 0.0221    ndcg@3 : 0.0044    ndcg@5 : 0.0053    ndcg@10 : 0.0067    ndcg@20 : 0.0091    
Wed 15 Oct 2025 19:36:27 INFO  Saving current best: saved/SASRecD-Oct-15-2025_19-35-31.pth
Wed 15 Oct 2025 19:36:55 INFO  epoch 2 training [time: 27.50s, train loss: 1716.9701]
Wed 15 Oct 2025 19:37:23 INFO  epoch 3 training [time: 27.96s, train loss: 1704.5936]
Wed 15 Oct 2025 19:37:25 INFO  epoch 3 evaluating [time: 1.95s, valid_score: 0.013100]
Wed 15 Oct 2025 19:37:25 INFO  valid result: 
recall@3 : 0.0054    recall@5 : 0.0078    recall@10 : 0.0131    recall@20 : 0.0229    ndcg@3 : 0.0038    ndcg@5 : 0.0049    ndcg@10 : 0.0065    ndcg@20 : 0.009    
Wed 15 Oct 2025 19:37:25 INFO  Saving current best: saved/SASRecD-Oct-15-2025_19-35-31.pth
Wed 15 Oct 2025 19:37:53 INFO  epoch 4 training [time: 28.56s, train loss: 1691.8320]
Wed 15 Oct 2025 19:38:20 INFO  epoch 5 training [time: 27.20s, train loss: 1670.6352]
Wed 15 Oct 2025 19:38:22 INFO  epoch 5 evaluating [time: 1.91s, valid_score: 0.020000]
Wed 15 Oct 2025 19:38:22 INFO  valid result: 
recall@3 : 0.0069    recall@5 : 0.0112    recall@10 : 0.02    recall@20 : 0.0344    ndcg@3 : 0.0047    ndcg@5 : 0.0065    ndcg@10 : 0.0093    ndcg@20 : 0.0129    
Wed 15 Oct 2025 19:38:22 INFO  Saving current best: saved/SASRecD-Oct-15-2025_19-35-31.pth
Wed 15 Oct 2025 19:38:50 INFO  epoch 6 training [time: 27.46s, train loss: 1639.7727]
Wed 15 Oct 2025 19:39:17 INFO  epoch 7 training [time: 26.71s, train loss: 1611.5830]
Wed 15 Oct 2025 19:39:18 INFO  epoch 7 evaluating [time: 1.86s, valid_score: 0.027100]
Wed 15 Oct 2025 19:39:18 INFO  valid result: 
recall@3 : 0.0096    recall@5 : 0.0155    recall@10 : 0.0271    recall@20 : 0.0461    ndcg@3 : 0.0065    ndcg@5 : 0.0089    ndcg@10 : 0.0126    ndcg@20 : 0.0174    
Wed 15 Oct 2025 19:39:19 INFO  Saving current best: saved/SASRecD-Oct-15-2025_19-35-31.pth
Wed 15 Oct 2025 19:39:44 INFO  epoch 8 training [time: 25.92s, train loss: 1586.5973]
Wed 15 Oct 2025 19:40:11 INFO  epoch 9 training [time: 26.59s, train loss: 1563.4254]
Wed 15 Oct 2025 19:40:13 INFO  epoch 9 evaluating [time: 1.97s, valid_score: 0.034000]
Wed 15 Oct 2025 19:40:13 INFO  valid result: 
recall@3 : 0.0139    recall@5 : 0.0209    recall@10 : 0.034    recall@20 : 0.0555    ndcg@3 : 0.009    ndcg@5 : 0.0119    ndcg@10 : 0.016    ndcg@20 : 0.0214    
Wed 15 Oct 2025 19:40:13 INFO  Saving current best: saved/SASRecD-Oct-15-2025_19-35-31.pth
Wed 15 Oct 2025 19:40:40 INFO  epoch 10 training [time: 27.18s, train loss: 1542.7728]
Wed 15 Oct 2025 19:41:08 INFO  epoch 11 training [time: 27.62s, train loss: 1523.0491]
Wed 15 Oct 2025 19:41:10 INFO  epoch 11 evaluating [time: 1.93s, valid_score: 0.042200]
Wed 15 Oct 2025 19:41:10 INFO  valid result: 
recall@3 : 0.0172    recall@5 : 0.0261    recall@10 : 0.0422    recall@20 : 0.0637    ndcg@3 : 0.0109    ndcg@5 : 0.0145    ndcg@10 : 0.0197    ndcg@20 : 0.0251    
Wed 15 Oct 2025 19:41:10 INFO  Saving current best: saved/SASRecD-Oct-15-2025_19-35-31.pth
Wed 15 Oct 2025 19:41:38 INFO  epoch 12 training [time: 27.73s, train loss: 1505.1396]
Wed 15 Oct 2025 19:42:05 INFO  epoch 13 training [time: 27.72s, train loss: 1488.0944]
Wed 15 Oct 2025 19:42:07 INFO  epoch 13 evaluating [time: 2.02s, valid_score: 0.047500]
Wed 15 Oct 2025 19:42:07 INFO  valid result: 
recall@3 : 0.0199    recall@5 : 0.0294    recall@10 : 0.0475    recall@20 : 0.0703    ndcg@3 : 0.0125    ndcg@5 : 0.0164    ndcg@10 : 0.0222    ndcg@20 : 0.0279    
Wed 15 Oct 2025 19:42:07 INFO  Saving current best: saved/SASRecD-Oct-15-2025_19-35-31.pth
Wed 15 Oct 2025 19:42:35 INFO  epoch 14 training [time: 28.06s, train loss: 1471.2978]
Wed 15 Oct 2025 19:43:04 INFO  epoch 15 training [time: 29.00s, train loss: 1455.2444]
Wed 15 Oct 2025 19:43:06 INFO  epoch 15 evaluating [time: 2.00s, valid_score: 0.050700]
Wed 15 Oct 2025 19:43:06 INFO  valid result: 
recall@3 : 0.0215    recall@5 : 0.0328    recall@10 : 0.0507    recall@20 : 0.0764    ndcg@3 : 0.0135    ndcg@5 : 0.0181    ndcg@10 : 0.0239    ndcg@20 : 0.0303    
Wed 15 Oct 2025 19:43:07 INFO  Saving current best: saved/SASRecD-Oct-15-2025_19-35-31.pth
Wed 15 Oct 2025 19:43:34 INFO  epoch 16 training [time: 27.84s, train loss: 1440.3716]
Wed 15 Oct 2025 19:44:02 INFO  epoch 17 training [time: 27.37s, train loss: 1426.3240]
Wed 15 Oct 2025 19:44:04 INFO  epoch 17 evaluating [time: 1.96s, valid_score: 0.054700]
Wed 15 Oct 2025 19:44:04 INFO  valid result: 
recall@3 : 0.0234    recall@5 : 0.0354    recall@10 : 0.0547    recall@20 : 0.0803    ndcg@3 : 0.0145    ndcg@5 : 0.0194    ndcg@10 : 0.0256    ndcg@20 : 0.032    
Wed 15 Oct 2025 19:44:04 INFO  Saving current best: saved/SASRecD-Oct-15-2025_19-35-31.pth
Wed 15 Oct 2025 19:44:31 INFO  epoch 18 training [time: 27.57s, train loss: 1412.2633]
Wed 15 Oct 2025 19:44:59 INFO  epoch 19 training [time: 27.56s, train loss: 1399.3055]
Wed 15 Oct 2025 19:45:01 INFO  epoch 19 evaluating [time: 1.94s, valid_score: 0.056600]
Wed 15 Oct 2025 19:45:01 INFO  valid result: 
recall@3 : 0.0246    recall@5 : 0.037    recall@10 : 0.0566    recall@20 : 0.0822    ndcg@3 : 0.015    ndcg@5 : 0.0201    ndcg@10 : 0.0264    ndcg@20 : 0.0329    
Wed 15 Oct 2025 19:45:01 INFO  Saving current best: saved/SASRecD-Oct-15-2025_19-35-31.pth
Wed 15 Oct 2025 19:45:28 INFO  epoch 20 training [time: 27.47s, train loss: 1386.3431]
Wed 15 Oct 2025 19:45:56 INFO  epoch 21 training [time: 27.27s, train loss: 1374.4649]
Wed 15 Oct 2025 19:45:58 INFO  epoch 21 evaluating [time: 1.97s, valid_score: 0.058400]
Wed 15 Oct 2025 19:45:58 INFO  valid result: 
recall@3 : 0.0262    recall@5 : 0.0382    recall@10 : 0.0584    recall@20 : 0.085    ndcg@3 : 0.0158    ndcg@5 : 0.0207    ndcg@10 : 0.0273    ndcg@20 : 0.034    
Wed 15 Oct 2025 19:45:58 INFO  Saving current best: saved/SASRecD-Oct-15-2025_19-35-31.pth
Wed 15 Oct 2025 19:46:26 INFO  epoch 22 training [time: 28.03s, train loss: 1362.5568]
Wed 15 Oct 2025 19:46:53 INFO  epoch 23 training [time: 27.38s, train loss: 1351.2480]
Wed 15 Oct 2025 19:46:55 INFO  epoch 23 evaluating [time: 1.94s, valid_score: 0.060300]
Wed 15 Oct 2025 19:46:55 INFO  valid result: 
recall@3 : 0.0269    recall@5 : 0.0393    recall@10 : 0.0603    recall@20 : 0.0871    ndcg@3 : 0.0162    ndcg@5 : 0.0213    ndcg@10 : 0.028    ndcg@20 : 0.0348    
Wed 15 Oct 2025 19:46:55 INFO  Saving current best: saved/SASRecD-Oct-15-2025_19-35-31.pth
Wed 15 Oct 2025 19:47:23 INFO  epoch 24 training [time: 27.92s, train loss: 1340.4592]
Wed 15 Oct 2025 19:47:51 INFO  epoch 25 training [time: 27.44s, train loss: 1330.1337]
Wed 15 Oct 2025 19:47:53 INFO  epoch 25 evaluating [time: 1.90s, valid_score: 0.061000]
Wed 15 Oct 2025 19:47:53 INFO  valid result: 
recall@3 : 0.0277    recall@5 : 0.0404    recall@10 : 0.061    recall@20 : 0.0891    ndcg@3 : 0.0167    ndcg@5 : 0.0219    ndcg@10 : 0.0285    ndcg@20 : 0.0356    
Wed 15 Oct 2025 19:47:53 INFO  Saving current best: saved/SASRecD-Oct-15-2025_19-35-31.pth
Wed 15 Oct 2025 19:48:20 INFO  epoch 26 training [time: 27.71s, train loss: 1320.2381]
Wed 15 Oct 2025 19:48:49 INFO  epoch 27 training [time: 28.68s, train loss: 1310.6708]
Wed 15 Oct 2025 19:48:51 INFO  epoch 27 evaluating [time: 1.90s, valid_score: 0.062600]
Wed 15 Oct 2025 19:48:51 INFO  valid result: 
recall@3 : 0.0281    recall@5 : 0.041    recall@10 : 0.0626    recall@20 : 0.0901    ndcg@3 : 0.0169    ndcg@5 : 0.0221    ndcg@10 : 0.0291    ndcg@20 : 0.036    
Wed 15 Oct 2025 19:48:51 INFO  Saving current best: saved/SASRecD-Oct-15-2025_19-35-31.pth
Wed 15 Oct 2025 19:49:18 INFO  epoch 28 training [time: 26.95s, train loss: 1301.7189]
Wed 15 Oct 2025 19:49:44 INFO  epoch 29 training [time: 26.04s, train loss: 1292.9431]
Wed 15 Oct 2025 19:49:46 INFO  epoch 29 evaluating [time: 1.88s, valid_score: 0.062900]
Wed 15 Oct 2025 19:49:46 INFO  valid result: 
recall@3 : 0.0282    recall@5 : 0.041    recall@10 : 0.0629    recall@20 : 0.0914    ndcg@3 : 0.017    ndcg@5 : 0.0223    ndcg@10 : 0.0293    ndcg@20 : 0.0365    
Wed 15 Oct 2025 19:49:46 INFO  Saving current best: saved/SASRecD-Oct-15-2025_19-35-31.pth
Wed 15 Oct 2025 19:50:12 INFO  epoch 30 training [time: 25.88s, train loss: 1284.9899]
Wed 15 Oct 2025 19:50:39 INFO  epoch 31 training [time: 27.60s, train loss: 1277.0243]
Wed 15 Oct 2025 19:50:41 INFO  epoch 31 evaluating [time: 1.94s, valid_score: 0.063300]
Wed 15 Oct 2025 19:50:41 INFO  valid result: 
recall@3 : 0.0285    recall@5 : 0.0419    recall@10 : 0.0633    recall@20 : 0.0924    ndcg@3 : 0.0172    ndcg@5 : 0.0227    ndcg@10 : 0.0296    ndcg@20 : 0.0369    
Wed 15 Oct 2025 19:50:41 INFO  Saving current best: saved/SASRecD-Oct-15-2025_19-35-31.pth
Wed 15 Oct 2025 19:51:09 INFO  epoch 32 training [time: 27.44s, train loss: 1268.5673]
Wed 15 Oct 2025 19:51:36 INFO  epoch 33 training [time: 27.45s, train loss: 1261.1952]
Wed 15 Oct 2025 19:51:38 INFO  epoch 33 evaluating [time: 1.98s, valid_score: 0.063900]
Wed 15 Oct 2025 19:51:38 INFO  valid result: 
recall@3 : 0.0284    recall@5 : 0.0419    recall@10 : 0.0639    recall@20 : 0.093    ndcg@3 : 0.0171    ndcg@5 : 0.0227    ndcg@10 : 0.0298    ndcg@20 : 0.0371    
Wed 15 Oct 2025 19:51:38 INFO  Saving current best: saved/SASRecD-Oct-15-2025_19-35-31.pth
Wed 15 Oct 2025 19:52:06 INFO  epoch 34 training [time: 27.57s, train loss: 1254.1406]
Wed 15 Oct 2025 19:52:33 INFO  epoch 35 training [time: 27.41s, train loss: 1247.7165]
Wed 15 Oct 2025 19:52:35 INFO  epoch 35 evaluating [time: 1.96s, valid_score: 0.063700]
Wed 15 Oct 2025 19:52:35 INFO  valid result: 
recall@3 : 0.0284    recall@5 : 0.0422    recall@10 : 0.0637    recall@20 : 0.0927    ndcg@3 : 0.0172    ndcg@5 : 0.0229    ndcg@10 : 0.0298    ndcg@20 : 0.0372    
Wed 15 Oct 2025 19:53:03 INFO  epoch 36 training [time: 27.42s, train loss: 1241.2127]
Wed 15 Oct 2025 19:53:31 INFO  epoch 37 training [time: 28.39s, train loss: 1234.8799]
Wed 15 Oct 2025 19:53:32 INFO  epoch 37 evaluating [time: 1.03s, valid_score: 0.064100]
Wed 15 Oct 2025 19:53:32 INFO  valid result: 
recall@3 : 0.0282    recall@5 : 0.0423    recall@10 : 0.0641    recall@20 : 0.0928    ndcg@3 : 0.0171    ndcg@5 : 0.0229    ndcg@10 : 0.0299    ndcg@20 : 0.0372    
Wed 15 Oct 2025 19:53:32 INFO  Saving current best: saved/SASRecD-Oct-15-2025_19-35-31.pth
Wed 15 Oct 2025 19:54:01 INFO  epoch 38 training [time: 28.37s, train loss: 1228.6051]
Wed 15 Oct 2025 19:54:28 INFO  epoch 39 training [time: 27.17s, train loss: 1222.8441]
Wed 15 Oct 2025 19:54:30 INFO  epoch 39 evaluating [time: 2.00s, valid_score: 0.064400]
Wed 15 Oct 2025 19:54:30 INFO  valid result: 
recall@3 : 0.0285    recall@5 : 0.0425    recall@10 : 0.0644    recall@20 : 0.0931    ndcg@3 : 0.0175    ndcg@5 : 0.0232    ndcg@10 : 0.0303    ndcg@20 : 0.0375    
Wed 15 Oct 2025 19:54:30 INFO  Saving current best: saved/SASRecD-Oct-15-2025_19-35-31.pth
Wed 15 Oct 2025 19:54:57 INFO  epoch 40 training [time: 27.25s, train loss: 1217.1983]
Wed 15 Oct 2025 19:55:23 INFO  epoch 41 training [time: 25.78s, train loss: 1211.7400]
Wed 15 Oct 2025 19:55:25 INFO  epoch 41 evaluating [time: 1.83s, valid_score: 0.064800]
Wed 15 Oct 2025 19:55:25 INFO  valid result: 
recall@3 : 0.0282    recall@5 : 0.0423    recall@10 : 0.0648    recall@20 : 0.0933    ndcg@3 : 0.0174    ndcg@5 : 0.0232    ndcg@10 : 0.0305    ndcg@20 : 0.0377    
Wed 15 Oct 2025 19:55:25 INFO  Saving current best: saved/SASRecD-Oct-15-2025_19-35-31.pth
Wed 15 Oct 2025 19:55:50 INFO  epoch 42 training [time: 25.61s, train loss: 1206.9020]
Wed 15 Oct 2025 19:56:17 INFO  epoch 43 training [time: 26.60s, train loss: 1201.4068]
Wed 15 Oct 2025 19:56:19 INFO  epoch 43 evaluating [time: 1.96s, valid_score: 0.064800]
Wed 15 Oct 2025 19:56:19 INFO  valid result: 
recall@3 : 0.0284    recall@5 : 0.0422    recall@10 : 0.0648    recall@20 : 0.0936    ndcg@3 : 0.0175    ndcg@5 : 0.0232    ndcg@10 : 0.0305    ndcg@20 : 0.0377    
Wed 15 Oct 2025 19:56:46 INFO  epoch 44 training [time: 27.27s, train loss: 1196.6430]
Wed 15 Oct 2025 19:57:14 INFO  epoch 45 training [time: 27.28s, train loss: 1191.6192]
Wed 15 Oct 2025 19:57:15 INFO  epoch 45 evaluating [time: 1.90s, valid_score: 0.064500]
Wed 15 Oct 2025 19:57:15 INFO  valid result: 
recall@3 : 0.0281    recall@5 : 0.0423    recall@10 : 0.0645    recall@20 : 0.0938    ndcg@3 : 0.0174    ndcg@5 : 0.0232    ndcg@10 : 0.0304    ndcg@20 : 0.0377    
Wed 15 Oct 2025 19:57:43 INFO  epoch 46 training [time: 27.27s, train loss: 1187.1951]
Wed 15 Oct 2025 19:58:11 INFO  epoch 47 training [time: 28.20s, train loss: 1182.0575]
Wed 15 Oct 2025 19:58:13 INFO  epoch 47 evaluating [time: 1.94s, valid_score: 0.064600]
Wed 15 Oct 2025 19:58:13 INFO  valid result: 
recall@3 : 0.028    recall@5 : 0.0422    recall@10 : 0.0646    recall@20 : 0.0948    ndcg@3 : 0.0172    ndcg@5 : 0.0231    ndcg@10 : 0.0304    ndcg@20 : 0.0379    
Wed 15 Oct 2025 19:58:40 INFO  epoch 48 training [time: 27.18s, train loss: 1177.9126]
Wed 15 Oct 2025 19:59:07 INFO  epoch 49 training [time: 27.10s, train loss: 1173.2854]
Wed 15 Oct 2025 19:59:09 INFO  epoch 49 evaluating [time: 1.95s, valid_score: 0.064800]
Wed 15 Oct 2025 19:59:09 INFO  valid result: 
recall@3 : 0.0281    recall@5 : 0.042    recall@10 : 0.0648    recall@20 : 0.0949    ndcg@3 : 0.0173    ndcg@5 : 0.0231    ndcg@10 : 0.0304    ndcg@20 : 0.038    
Wed 15 Oct 2025 19:59:36 INFO  epoch 50 training [time: 26.41s, train loss: 1168.7634]
Wed 15 Oct 2025 20:00:01 INFO  epoch 51 training [time: 25.87s, train loss: 1165.5712]
Wed 15 Oct 2025 20:00:03 INFO  epoch 51 evaluating [time: 1.92s, valid_score: 0.064900]
Wed 15 Oct 2025 20:00:03 INFO  valid result: 
recall@3 : 0.028    recall@5 : 0.0424    recall@10 : 0.0649    recall@20 : 0.0951    ndcg@3 : 0.0174    ndcg@5 : 0.0233    ndcg@10 : 0.0306    ndcg@20 : 0.0382    
Wed 15 Oct 2025 20:00:03 INFO  Saving current best: saved/SASRecD-Oct-15-2025_19-35-31.pth
Wed 15 Oct 2025 20:00:29 INFO  epoch 52 training [time: 25.90s, train loss: 1160.5253]
Wed 15 Oct 2025 20:00:55 INFO  epoch 53 training [time: 26.15s, train loss: 1156.7454]
Wed 15 Oct 2025 20:00:57 INFO  epoch 53 evaluating [time: 1.86s, valid_score: 0.064900]
Wed 15 Oct 2025 20:00:57 INFO  valid result: 
recall@3 : 0.0278    recall@5 : 0.0417    recall@10 : 0.0649    recall@20 : 0.0949    ndcg@3 : 0.0173    ndcg@5 : 0.023    ndcg@10 : 0.0305    ndcg@20 : 0.038    
Wed 15 Oct 2025 20:01:23 INFO  epoch 54 training [time: 25.88s, train loss: 1152.8846]
Wed 15 Oct 2025 20:01:50 INFO  epoch 55 training [time: 26.79s, train loss: 1148.5100]
Wed 15 Oct 2025 20:01:52 INFO  epoch 55 evaluating [time: 1.89s, valid_score: 0.064200]
Wed 15 Oct 2025 20:01:52 INFO  valid result: 
recall@3 : 0.0279    recall@5 : 0.0421    recall@10 : 0.0642    recall@20 : 0.0947    ndcg@3 : 0.0174    ndcg@5 : 0.0232    ndcg@10 : 0.0304    ndcg@20 : 0.038    
Wed 15 Oct 2025 20:02:18 INFO  epoch 56 training [time: 25.89s, train loss: 1144.7345]
Wed 15 Oct 2025 20:02:44 INFO  epoch 57 training [time: 25.88s, train loss: 1140.5953]
Wed 15 Oct 2025 20:02:46 INFO  epoch 57 evaluating [time: 1.90s, valid_score: 0.064500]
Wed 15 Oct 2025 20:02:46 INFO  valid result: 
recall@3 : 0.0278    recall@5 : 0.0419    recall@10 : 0.0645    recall@20 : 0.0942    ndcg@3 : 0.0173    ndcg@5 : 0.0231    ndcg@10 : 0.0304    ndcg@20 : 0.0378    
Wed 15 Oct 2025 20:03:11 INFO  epoch 58 training [time: 25.87s, train loss: 1137.0858]
Wed 15 Oct 2025 20:03:37 INFO  epoch 59 training [time: 25.89s, train loss: 1133.2430]
Wed 15 Oct 2025 20:03:39 INFO  epoch 59 evaluating [time: 1.91s, valid_score: 0.063600]
Wed 15 Oct 2025 20:03:39 INFO  valid result: 
recall@3 : 0.0275    recall@5 : 0.0417    recall@10 : 0.0636    recall@20 : 0.0934    ndcg@3 : 0.0172    ndcg@5 : 0.023    ndcg@10 : 0.0301    ndcg@20 : 0.0376    
Wed 15 Oct 2025 20:04:05 INFO  epoch 60 training [time: 25.88s, train loss: 1129.9004]
Wed 15 Oct 2025 20:04:31 INFO  epoch 61 training [time: 26.06s, train loss: 1126.1413]
Wed 15 Oct 2025 20:04:33 INFO  epoch 61 evaluating [time: 1.95s, valid_score: 0.063900]
Wed 15 Oct 2025 20:04:33 INFO  valid result: 
recall@3 : 0.0278    recall@5 : 0.0415    recall@10 : 0.0639    recall@20 : 0.094    ndcg@3 : 0.0174    ndcg@5 : 0.023    ndcg@10 : 0.0302    ndcg@20 : 0.0378    
Wed 15 Oct 2025 20:05:01 INFO  epoch 62 training [time: 28.17s, train loss: 1122.2929]
Wed 15 Oct 2025 20:05:28 INFO  epoch 63 training [time: 27.24s, train loss: 1118.7662]
Wed 15 Oct 2025 20:05:30 INFO  epoch 63 evaluating [time: 1.94s, valid_score: 0.063800]
Wed 15 Oct 2025 20:05:30 INFO  valid result: 
recall@3 : 0.0279    recall@5 : 0.0419    recall@10 : 0.0638    recall@20 : 0.0937    ndcg@3 : 0.0174    ndcg@5 : 0.0232    ndcg@10 : 0.0302    ndcg@20 : 0.0377    
Wed 15 Oct 2025 20:05:58 INFO  epoch 64 training [time: 27.27s, train loss: 1114.7001]
Wed 15 Oct 2025 20:06:25 INFO  epoch 65 training [time: 27.24s, train loss: 1111.2820]
Wed 15 Oct 2025 20:06:27 INFO  epoch 65 evaluating [time: 1.96s, valid_score: 0.063600]
Wed 15 Oct 2025 20:06:27 INFO  valid result: 
recall@3 : 0.0274    recall@5 : 0.042    recall@10 : 0.0636    recall@20 : 0.0942    ndcg@3 : 0.0172    ndcg@5 : 0.0232    ndcg@10 : 0.0301    ndcg@20 : 0.0379    
Wed 15 Oct 2025 20:06:54 INFO  epoch 66 training [time: 27.47s, train loss: 1107.9150]
Wed 15 Oct 2025 20:07:22 INFO  epoch 67 training [time: 27.42s, train loss: 1104.8626]
Wed 15 Oct 2025 20:07:24 INFO  epoch 67 evaluating [time: 1.98s, valid_score: 0.063300]
Wed 15 Oct 2025 20:07:24 INFO  valid result: 
recall@3 : 0.0276    recall@5 : 0.0414    recall@10 : 0.0633    recall@20 : 0.0927    ndcg@3 : 0.0173    ndcg@5 : 0.023    ndcg@10 : 0.03    ndcg@20 : 0.0374    
Wed 15 Oct 2025 20:07:51 INFO  epoch 68 training [time: 27.37s, train loss: 1100.4476]
Wed 15 Oct 2025 20:08:18 INFO  epoch 69 training [time: 27.27s, train loss: 1097.9285]
Wed 15 Oct 2025 20:08:20 INFO  epoch 69 evaluating [time: 1.94s, valid_score: 0.062300]
Wed 15 Oct 2025 20:08:20 INFO  valid result: 
recall@3 : 0.0276    recall@5 : 0.0407    recall@10 : 0.0623    recall@20 : 0.0911    ndcg@3 : 0.0172    ndcg@5 : 0.0226    ndcg@10 : 0.0296    ndcg@20 : 0.0369    
Wed 15 Oct 2025 20:08:48 INFO  epoch 70 training [time: 27.95s, train loss: 1094.3214]
Wed 15 Oct 2025 20:09:16 INFO  epoch 71 training [time: 27.68s, train loss: 1090.8136]
Wed 15 Oct 2025 20:09:18 INFO  epoch 71 evaluating [time: 1.94s, valid_score: 0.062700]
Wed 15 Oct 2025 20:09:18 INFO  valid result: 
recall@3 : 0.0278    recall@5 : 0.041    recall@10 : 0.0627    recall@20 : 0.0907    ndcg@3 : 0.0174    ndcg@5 : 0.0228    ndcg@10 : 0.0298    ndcg@20 : 0.0368    
Wed 15 Oct 2025 20:09:46 INFO  epoch 72 training [time: 27.83s, train loss: 1087.4192]
Wed 15 Oct 2025 20:10:14 INFO  epoch 73 training [time: 27.99s, train loss: 1083.9728]
Wed 15 Oct 2025 20:10:16 INFO  epoch 73 evaluating [time: 1.99s, valid_score: 0.062800]
Wed 15 Oct 2025 20:10:16 INFO  valid result: 
recall@3 : 0.0277    recall@5 : 0.0403    recall@10 : 0.0628    recall@20 : 0.0908    ndcg@3 : 0.0173    ndcg@5 : 0.0225    ndcg@10 : 0.0297    ndcg@20 : 0.0368    
Wed 15 Oct 2025 20:10:16 INFO  Finished training, best eval result in epoch 51
Wed 15 Oct 2025 20:10:16 INFO  Loading model structure and parameters from saved/SASRecD-Oct-15-2025_19-35-31.pth
Wed 15 Oct 2025 20:10:18 INFO  best valid : {'recall@3': np.float64(0.028), 'recall@5': np.float64(0.0424), 'recall@10': np.float64(0.0649), 'recall@20': np.float64(0.0951), 'ndcg@3': np.float64(0.0174), 'ndcg@5': np.float64(0.0233), 'ndcg@10': np.float64(0.0306), 'ndcg@20': np.float64(0.0382)}
Wed 15 Oct 2025 20:10:18 INFO  test result: {'recall@3': np.float64(0.0221), 'recall@5': np.float64(0.034), 'recall@10': np.float64(0.0515), 'recall@20': np.float64(0.0757), 'ndcg@3': np.float64(0.0135), 'ndcg@5': np.float64(0.0184), 'ndcg@10': np.float64(0.024), 'ndcg@20': np.float64(0.0301)}
