Wed 15 Oct 2025 21:29:46 INFO  
General Hyper Parameters:
gpu_id = 0
use_gpu = True
seed = 212
state = INFO
reproducibility = True
data_path = ./recbole/data/dataset/Amazon_Sports_and_Outdoors
show_progress = True
save_dataset = False
save_dataloaders = False
benchmark_filename = None

Training Hyper Parameters:
checkpoint_dir = saved
epochs = 200
train_batch_size = 1024
learner = adam
learning_rate = 0.0001
eval_step = 2
stopping_step = 10
clip_grad_norm = None
weight_decay = 0.0
loss_decimal_place = 4

Evaluation Hyper Parameters:
eval_args = {'split': {'LS': 'valid_and_test'}, 'group_by': 'user', 'order': 'TO', 'mode': 'full'}
metrics = ['Recall', 'NDCG']
topk = [3, 5, 10, 20]
valid_metric = Recall@10
valid_metric_bigger = True
eval_batch_size = 256
metric_decimal_place = 4

Dataset Hyper Parameters:
field_separator = 	
seq_separator =  
USER_ID_FIELD = user_id
ITEM_ID_FIELD = item_id
RATING_FIELD = rating
TIME_FIELD = timestamp
seq_len = None
LABEL_FIELD = label
threshold = None
NEG_PREFIX = neg_
load_col = {'inter': ['user_id', 'item_id', 'rating', 'timestamp'], 'item': ['item_id', 'title', 'sales_rank', 'price', 'brand', 'categories', 'sales_type'], 'title': ['ent_id', 'ent_emb']}
unload_col = None
unused_col = None
additional_feat_suffix = ['title']
rm_dup_inter = None
val_interval = None
filter_inter_by_user_or_item = True
user_inter_num_interval = [5,inf)
item_inter_num_interval = [5,inf)
alias_of_user_id = None
alias_of_item_id = ['ent_id']
alias_of_entity_id = None
alias_of_relation_id = None
preload_weight = {'ent_id': 'ent_emb'}
normalize_field = None
normalize_all = None
ITEM_LIST_LENGTH_FIELD = item_length
LIST_SUFFIX = _list
MAX_ITEM_LIST_LENGTH = 50
POSITION_FIELD = position_id
HEAD_ENTITY_ID_FIELD = head_id
TAIL_ENTITY_ID_FIELD = tail_id
RELATION_ID_FIELD = relation_id
ENTITY_ID_FIELD = entity_id

Other Hyper Parameters: 
neg_sampling = None
multi_gpus = False
repeatable = True
n_layers = 3
n_heads = 8
hidden_size = 256
attribute_hidden_size = [128, 64]
inner_size = 256
hidden_dropout_prob = 0.5
attn_dropout_prob = 0.3
hidden_act = gelu
layer_norm_eps = 1e-12
initializer_range = 0.02
selected_features = ['ent_emb', 'categories']
pooling_mode = sum
loss_type = CE
weight_sharing = not
fusion_type = gate
lamdas = [5, 5]
attribute_predictor = ['not', 'not']
MODEL_TYPE = ModelType.SEQUENTIAL
feature_type = ['static', 'categorical']
annealing = False
MODEL_INPUT_TYPE = InputType.POINTWISE
eval_type = EvaluatorType.RANKING
device = cuda
train_neg_sample_args = {'strategy': 'none'}
eval_neg_sample_args = {'strategy': 'full', 'distribution': 'uniform'}


Wed 15 Oct 2025 21:29:47 INFO  Amazon_Sports_and_Outdoors
The number of users: 35599
Average actions of users: 8.324540704533963
The number of items: 18358
Average actions of items: 16.142997221768262
The number of inters: 296337
The sparsity of the dataset: 99.95465569853714%
Remain Fields: ['user_id', 'item_id', 'rating', 'timestamp', 'title', 'price', 'brand', 'categories', 'sales_type', 'sales_rank', 'ent_id', 'ent_emb']
Wed 15 Oct 2025 21:29:49 INFO  [Training]: train_batch_size = [1024] negative sampling: [None]
Wed 15 Oct 2025 21:29:49 INFO  [Evaluation]: eval_batch_size = [256] eval_args: [{'split': {'LS': 'valid_and_test'}, 'group_by': 'user', 'order': 'TO', 'mode': 'full'}]
Wed 15 Oct 2025 21:29:49 INFO  SASRecD(
  (item_embedding): Embedding(18358, 256, padding_idx=0)
  (position_embedding): Embedding(50, 256)
  (feature_embed_layer_list): ModuleList(
    (0): Embedding(18358, 128)
    (1): FeatureSeqEmbLayer()
  )
  (trm_encoder): DIFTransformerEncoder(
    (layer): ModuleList(
      (0-2): 3 x DIFTransformerLayer(
        (multi_head_attention): DIFMultiHeadAttention(
          (query): Linear(in_features=256, out_features=256, bias=True)
          (key): Linear(in_features=256, out_features=256, bias=True)
          (value): Linear(in_features=256, out_features=256, bias=True)
          (query_p): Linear(in_features=256, out_features=256, bias=True)
          (key_p): Linear(in_features=256, out_features=256, bias=True)
          (query_layers): ModuleList(
            (0): Linear(in_features=128, out_features=128, bias=True)
            (1): Linear(in_features=64, out_features=64, bias=True)
          )
          (key_layers): ModuleList(
            (0): Linear(in_features=128, out_features=128, bias=True)
            (1): Linear(in_features=64, out_features=64, bias=True)
          )
          (fusion_layer): VanillaAttention(
            (projection): Sequential(
              (0): Linear(in_features=50, out_features=50, bias=True)
              (1): ReLU(inplace=True)
              (2): Linear(in_features=50, out_features=1, bias=True)
            )
          )
          (attn_dropout): Dropout(p=0.3, inplace=False)
          (dense): Linear(in_features=256, out_features=256, bias=True)
          (LayerNorm): LayerNorm((256,), eps=1e-12, elementwise_affine=True)
          (out_dropout): Dropout(p=0.5, inplace=False)
        )
        (feed_forward): FeedForward(
          (dense_1): Linear(in_features=256, out_features=256, bias=True)
          (dense_2): Linear(in_features=256, out_features=256, bias=True)
          (LayerNorm): LayerNorm((256,), eps=1e-12, elementwise_affine=True)
          (dropout): Dropout(p=0.5, inplace=False)
        )
      )
    )
  )
  (ap): ModuleList(
    (0-1): 2 x None
  )
  (LayerNorm): LayerNorm((256,), eps=1e-12, elementwise_affine=True)
  (dropout): Dropout(p=0.5, inplace=False)
  (loss_fct): CrossEntropyLoss()
  (attribute_loss_fct): BCEWithLogitsLoss()
)
Trainable parameters: 6426875
Wed 15 Oct 2025 21:30:24 INFO  epoch 0 training [time: 34.68s, train loss: 1826.6190]
Wed 15 Oct 2025 21:30:59 INFO  epoch 1 training [time: 34.24s, train loss: 1749.9617]
Wed 15 Oct 2025 21:31:01 INFO  epoch 1 evaluating [time: 2.35s, valid_score: 0.012800]
Wed 15 Oct 2025 21:31:01 INFO  valid result: 
recall@3 : 0.006    recall@5 : 0.0082    recall@10 : 0.0128    recall@20 : 0.0225    ndcg@3 : 0.0044    ndcg@5 : 0.0053    ndcg@10 : 0.0068    ndcg@20 : 0.0092    
Wed 15 Oct 2025 21:31:02 INFO  Saving current best: saved/SASRecD-Oct-15-2025_21-29-49.pth
Wed 15 Oct 2025 21:31:36 INFO  epoch 2 training [time: 34.21s, train loss: 1716.8233]
Wed 15 Oct 2025 21:32:11 INFO  epoch 3 training [time: 34.27s, train loss: 1704.5947]
Wed 15 Oct 2025 21:32:13 INFO  epoch 3 evaluating [time: 2.29s, valid_score: 0.013000]
Wed 15 Oct 2025 21:32:13 INFO  valid result: 
recall@3 : 0.0053    recall@5 : 0.0079    recall@10 : 0.013    recall@20 : 0.0231    ndcg@3 : 0.0038    ndcg@5 : 0.0048    ndcg@10 : 0.0065    ndcg@20 : 0.009    
Wed 15 Oct 2025 21:32:14 INFO  Saving current best: saved/SASRecD-Oct-15-2025_21-29-49.pth
Wed 15 Oct 2025 21:32:48 INFO  epoch 4 training [time: 34.27s, train loss: 1691.9679]
Wed 15 Oct 2025 21:33:23 INFO  epoch 5 training [time: 34.28s, train loss: 1671.2213]
Wed 15 Oct 2025 21:33:25 INFO  epoch 5 evaluating [time: 2.27s, valid_score: 0.020500]
Wed 15 Oct 2025 21:33:25 INFO  valid result: 
recall@3 : 0.0075    recall@5 : 0.0111    recall@10 : 0.0205    recall@20 : 0.0339    ndcg@3 : 0.0051    ndcg@5 : 0.0066    ndcg@10 : 0.0096    ndcg@20 : 0.0129    
Wed 15 Oct 2025 21:33:26 INFO  Saving current best: saved/SASRecD-Oct-15-2025_21-29-49.pth
Wed 15 Oct 2025 21:33:59 INFO  epoch 6 training [time: 33.12s, train loss: 1640.8715]
Wed 15 Oct 2025 21:34:33 INFO  epoch 7 training [time: 34.26s, train loss: 1613.0598]
Wed 15 Oct 2025 21:34:36 INFO  epoch 7 evaluating [time: 2.29s, valid_score: 0.027000]
Wed 15 Oct 2025 21:34:36 INFO  valid result: 
recall@3 : 0.0097    recall@5 : 0.0155    recall@10 : 0.027    recall@20 : 0.0458    ndcg@3 : 0.0066    ndcg@5 : 0.009    ndcg@10 : 0.0126    ndcg@20 : 0.0174    
Wed 15 Oct 2025 21:34:37 INFO  Saving current best: saved/SASRecD-Oct-15-2025_21-29-49.pth
Wed 15 Oct 2025 21:35:11 INFO  epoch 8 training [time: 34.26s, train loss: 1587.9412]
Wed 15 Oct 2025 21:35:45 INFO  epoch 9 training [time: 34.31s, train loss: 1564.9038]
Wed 15 Oct 2025 21:35:48 INFO  epoch 9 evaluating [time: 2.31s, valid_score: 0.034300]
Wed 15 Oct 2025 21:35:48 INFO  valid result: 
recall@3 : 0.0135    recall@5 : 0.0202    recall@10 : 0.0343    recall@20 : 0.0554    ndcg@3 : 0.0086    ndcg@5 : 0.0114    ndcg@10 : 0.0159    ndcg@20 : 0.0212    
Wed 15 Oct 2025 21:35:49 INFO  Saving current best: saved/SASRecD-Oct-15-2025_21-29-49.pth
Wed 15 Oct 2025 21:36:23 INFO  epoch 10 training [time: 34.86s, train loss: 1543.8314]
Wed 15 Oct 2025 21:36:58 INFO  epoch 11 training [time: 34.24s, train loss: 1524.0820]
Wed 15 Oct 2025 21:37:00 INFO  epoch 11 evaluating [time: 2.25s, valid_score: 0.041200]
Wed 15 Oct 2025 21:37:00 INFO  valid result: 
recall@3 : 0.0173    recall@5 : 0.0256    recall@10 : 0.0412    recall@20 : 0.0636    ndcg@3 : 0.0109    ndcg@5 : 0.0144    ndcg@10 : 0.0194    ndcg@20 : 0.025    
Wed 15 Oct 2025 21:37:01 INFO  Saving current best: saved/SASRecD-Oct-15-2025_21-29-49.pth
Wed 15 Oct 2025 21:37:34 INFO  epoch 12 training [time: 33.10s, train loss: 1504.8891]
Wed 15 Oct 2025 21:38:08 INFO  epoch 13 training [time: 34.30s, train loss: 1487.5605]
Wed 15 Oct 2025 21:38:11 INFO  epoch 13 evaluating [time: 2.26s, valid_score: 0.046800]
Wed 15 Oct 2025 21:38:11 INFO  valid result: 
recall@3 : 0.0203    recall@5 : 0.0299    recall@10 : 0.0468    recall@20 : 0.0703    ndcg@3 : 0.0126    ndcg@5 : 0.0166    ndcg@10 : 0.022    ndcg@20 : 0.0279    
Wed 15 Oct 2025 21:38:12 INFO  Saving current best: saved/SASRecD-Oct-15-2025_21-29-49.pth
Wed 15 Oct 2025 21:38:46 INFO  epoch 14 training [time: 34.25s, train loss: 1470.9682]
Wed 15 Oct 2025 21:39:20 INFO  epoch 15 training [time: 34.31s, train loss: 1454.9536]
Wed 15 Oct 2025 21:39:22 INFO  epoch 15 evaluating [time: 2.25s, valid_score: 0.050800]
Wed 15 Oct 2025 21:39:22 INFO  valid result: 
recall@3 : 0.0225    recall@5 : 0.0324    recall@10 : 0.0508    recall@20 : 0.0752    ndcg@3 : 0.0139    ndcg@5 : 0.018    ndcg@10 : 0.0239    ndcg@20 : 0.03    
Wed 15 Oct 2025 21:39:23 INFO  Saving current best: saved/SASRecD-Oct-15-2025_21-29-49.pth
Wed 15 Oct 2025 21:39:58 INFO  epoch 16 training [time: 34.29s, train loss: 1439.7167]
Wed 15 Oct 2025 21:40:32 INFO  epoch 17 training [time: 34.33s, train loss: 1425.6287]
Wed 15 Oct 2025 21:40:34 INFO  epoch 17 evaluating [time: 2.27s, valid_score: 0.053700]
Wed 15 Oct 2025 21:40:34 INFO  valid result: 
recall@3 : 0.0241    recall@5 : 0.0355    recall@10 : 0.0537    recall@20 : 0.079    ndcg@3 : 0.0148    ndcg@5 : 0.0195    ndcg@10 : 0.0253    ndcg@20 : 0.0317    
Wed 15 Oct 2025 21:40:35 INFO  Saving current best: saved/SASRecD-Oct-15-2025_21-29-49.pth
Wed 15 Oct 2025 21:41:10 INFO  epoch 18 training [time: 34.29s, train loss: 1411.4754]
Wed 15 Oct 2025 21:41:44 INFO  epoch 19 training [time: 34.27s, train loss: 1398.2248]
Wed 15 Oct 2025 21:41:45 INFO  epoch 19 evaluating [time: 1.13s, valid_score: 0.056000]
Wed 15 Oct 2025 21:41:45 INFO  valid result: 
recall@3 : 0.0251    recall@5 : 0.037    recall@10 : 0.056    recall@20 : 0.0824    ndcg@3 : 0.0153    ndcg@5 : 0.0202    ndcg@10 : 0.0263    ndcg@20 : 0.0329    
Wed 15 Oct 2025 21:41:46 INFO  Saving current best: saved/SASRecD-Oct-15-2025_21-29-49.pth
Wed 15 Oct 2025 21:42:20 INFO  epoch 20 training [time: 34.27s, train loss: 1385.7090]
Wed 15 Oct 2025 21:42:55 INFO  epoch 21 training [time: 34.30s, train loss: 1373.3934]
Wed 15 Oct 2025 21:42:57 INFO  epoch 21 evaluating [time: 2.26s, valid_score: 0.058200]
Wed 15 Oct 2025 21:42:57 INFO  valid result: 
recall@3 : 0.0262    recall@5 : 0.0382    recall@10 : 0.0582    recall@20 : 0.0854    ndcg@3 : 0.0159    ndcg@5 : 0.0208    ndcg@10 : 0.0273    ndcg@20 : 0.0341    
Wed 15 Oct 2025 21:42:58 INFO  Saving current best: saved/SASRecD-Oct-15-2025_21-29-49.pth
Wed 15 Oct 2025 21:43:32 INFO  epoch 22 training [time: 34.32s, train loss: 1361.9135]
Wed 15 Oct 2025 21:44:06 INFO  epoch 23 training [time: 34.31s, train loss: 1350.5333]
Wed 15 Oct 2025 21:44:09 INFO  epoch 23 evaluating [time: 2.26s, valid_score: 0.059200]
Wed 15 Oct 2025 21:44:09 INFO  valid result: 
recall@3 : 0.0273    recall@5 : 0.0395    recall@10 : 0.0592    recall@20 : 0.0876    ndcg@3 : 0.0165    ndcg@5 : 0.0215    ndcg@10 : 0.0278    ndcg@20 : 0.035    
Wed 15 Oct 2025 21:44:10 INFO  Saving current best: saved/SASRecD-Oct-15-2025_21-29-49.pth
Wed 15 Oct 2025 21:44:44 INFO  epoch 24 training [time: 34.29s, train loss: 1339.8114]
Wed 15 Oct 2025 21:45:18 INFO  epoch 25 training [time: 34.26s, train loss: 1329.7707]
Wed 15 Oct 2025 21:45:20 INFO  epoch 25 evaluating [time: 2.29s, valid_score: 0.061000]
Wed 15 Oct 2025 21:45:20 INFO  valid result: 
recall@3 : 0.0274    recall@5 : 0.04    recall@10 : 0.061    recall@20 : 0.0896    ndcg@3 : 0.0165    ndcg@5 : 0.0217    ndcg@10 : 0.0284    ndcg@20 : 0.0356    
Wed 15 Oct 2025 21:45:22 INFO  Saving current best: saved/SASRecD-Oct-15-2025_21-29-49.pth
Wed 15 Oct 2025 21:45:55 INFO  epoch 26 training [time: 33.12s, train loss: 1319.9647]
Wed 15 Oct 2025 21:46:29 INFO  epoch 27 training [time: 34.30s, train loss: 1310.1408]
Wed 15 Oct 2025 21:46:31 INFO  epoch 27 evaluating [time: 2.30s, valid_score: 0.062300]
Wed 15 Oct 2025 21:46:31 INFO  valid result: 
recall@3 : 0.0275    recall@5 : 0.04    recall@10 : 0.0623    recall@20 : 0.0908    ndcg@3 : 0.0165    ndcg@5 : 0.0217    ndcg@10 : 0.0288    ndcg@20 : 0.036    
Wed 15 Oct 2025 21:46:32 INFO  Saving current best: saved/SASRecD-Oct-15-2025_21-29-49.pth
Wed 15 Oct 2025 21:47:07 INFO  epoch 28 training [time: 34.29s, train loss: 1301.2952]
Wed 15 Oct 2025 21:47:41 INFO  epoch 29 training [time: 34.31s, train loss: 1292.6146]
Wed 15 Oct 2025 21:47:43 INFO  epoch 29 evaluating [time: 2.29s, valid_score: 0.063200]
Wed 15 Oct 2025 21:47:43 INFO  valid result: 
recall@3 : 0.0278    recall@5 : 0.0403    recall@10 : 0.0632    recall@20 : 0.0918    ndcg@3 : 0.0167    ndcg@5 : 0.0219    ndcg@10 : 0.0292    ndcg@20 : 0.0364    
Wed 15 Oct 2025 21:47:44 INFO  Saving current best: saved/SASRecD-Oct-15-2025_21-29-49.pth
Wed 15 Oct 2025 21:48:18 INFO  epoch 30 training [time: 34.24s, train loss: 1284.3942]
Wed 15 Oct 2025 21:48:53 INFO  epoch 31 training [time: 34.31s, train loss: 1276.7557]
Wed 15 Oct 2025 21:48:55 INFO  epoch 31 evaluating [time: 2.28s, valid_score: 0.063500]
Wed 15 Oct 2025 21:48:55 INFO  valid result: 
recall@3 : 0.0275    recall@5 : 0.0411    recall@10 : 0.0635    recall@20 : 0.0928    ndcg@3 : 0.0165    ndcg@5 : 0.0221    ndcg@10 : 0.0293    ndcg@20 : 0.0367    
Wed 15 Oct 2025 21:48:56 INFO  Saving current best: saved/SASRecD-Oct-15-2025_21-29-49.pth
Wed 15 Oct 2025 21:49:30 INFO  epoch 32 training [time: 34.28s, train loss: 1268.7608]
Wed 15 Oct 2025 21:50:03 INFO  epoch 33 training [time: 33.15s, train loss: 1261.3912]
Wed 15 Oct 2025 21:50:06 INFO  epoch 33 evaluating [time: 2.28s, valid_score: 0.064300]
Wed 15 Oct 2025 21:50:06 INFO  valid result: 
recall@3 : 0.0279    recall@5 : 0.0414    recall@10 : 0.0643    recall@20 : 0.0935    ndcg@3 : 0.0167    ndcg@5 : 0.0223    ndcg@10 : 0.0296    ndcg@20 : 0.037    
Wed 15 Oct 2025 21:50:07 INFO  Saving current best: saved/SASRecD-Oct-15-2025_21-29-49.pth
Wed 15 Oct 2025 21:50:41 INFO  epoch 34 training [time: 34.24s, train loss: 1254.5051]
Wed 15 Oct 2025 21:51:15 INFO  epoch 35 training [time: 34.33s, train loss: 1247.6834]
Wed 15 Oct 2025 21:51:17 INFO  epoch 35 evaluating [time: 2.29s, valid_score: 0.063800]
Wed 15 Oct 2025 21:51:17 INFO  valid result: 
recall@3 : 0.028    recall@5 : 0.0421    recall@10 : 0.0638    recall@20 : 0.0938    ndcg@3 : 0.0168    ndcg@5 : 0.0226    ndcg@10 : 0.0296    ndcg@20 : 0.0371    
Wed 15 Oct 2025 21:51:52 INFO  epoch 36 training [time: 34.30s, train loss: 1240.6611]
Wed 15 Oct 2025 21:52:26 INFO  epoch 37 training [time: 34.30s, train loss: 1235.2978]
Wed 15 Oct 2025 21:52:28 INFO  epoch 37 evaluating [time: 2.25s, valid_score: 0.063500]
Wed 15 Oct 2025 21:52:28 INFO  valid result: 
recall@3 : 0.0282    recall@5 : 0.0415    recall@10 : 0.0635    recall@20 : 0.0944    ndcg@3 : 0.0169    ndcg@5 : 0.0224    ndcg@10 : 0.0295    ndcg@20 : 0.0372    
Wed 15 Oct 2025 21:53:03 INFO  epoch 38 training [time: 34.26s, train loss: 1228.9965]
Wed 15 Oct 2025 21:53:37 INFO  epoch 39 training [time: 34.34s, train loss: 1223.4490]
Wed 15 Oct 2025 21:53:38 INFO  epoch 39 evaluating [time: 1.08s, valid_score: 0.063600]
Wed 15 Oct 2025 21:53:38 INFO  valid result: 
recall@3 : 0.0281    recall@5 : 0.0413    recall@10 : 0.0636    recall@20 : 0.0945    ndcg@3 : 0.017    ndcg@5 : 0.0224    ndcg@10 : 0.0296    ndcg@20 : 0.0374    
Wed 15 Oct 2025 21:54:12 INFO  epoch 40 training [time: 34.26s, train loss: 1217.2043]
Wed 15 Oct 2025 21:54:47 INFO  epoch 41 training [time: 34.31s, train loss: 1212.3790]
Wed 15 Oct 2025 21:54:49 INFO  epoch 41 evaluating [time: 2.27s, valid_score: 0.063700]
Wed 15 Oct 2025 21:54:49 INFO  valid result: 
recall@3 : 0.0282    recall@5 : 0.0417    recall@10 : 0.0637    recall@20 : 0.0949    ndcg@3 : 0.0172    ndcg@5 : 0.0228    ndcg@10 : 0.0299    ndcg@20 : 0.0377    
Wed 15 Oct 2025 21:55:24 INFO  epoch 42 training [time: 35.02s, train loss: 1206.9990]
Wed 15 Oct 2025 21:55:58 INFO  epoch 43 training [time: 34.24s, train loss: 1202.2858]
Wed 15 Oct 2025 21:56:01 INFO  epoch 43 evaluating [time: 2.46s, valid_score: 0.064300]
Wed 15 Oct 2025 21:56:01 INFO  valid result: 
recall@3 : 0.0285    recall@5 : 0.0422    recall@10 : 0.0643    recall@20 : 0.0954    ndcg@3 : 0.0174    ndcg@5 : 0.0231    ndcg@10 : 0.0301    ndcg@20 : 0.038    
Wed 15 Oct 2025 21:56:36 INFO  epoch 44 training [time: 35.84s, train loss: 1196.8744]
Wed 15 Oct 2025 21:57:12 INFO  epoch 45 training [time: 35.28s, train loss: 1192.0326]
Wed 15 Oct 2025 21:57:14 INFO  epoch 45 evaluating [time: 2.40s, valid_score: 0.063800]
Wed 15 Oct 2025 21:57:14 INFO  valid result: 
recall@3 : 0.0277    recall@5 : 0.0422    recall@10 : 0.0638    recall@20 : 0.0949    ndcg@3 : 0.0171    ndcg@5 : 0.023    ndcg@10 : 0.03    ndcg@20 : 0.0378    
Wed 15 Oct 2025 21:57:48 INFO  epoch 46 training [time: 34.28s, train loss: 1187.3794]
Wed 15 Oct 2025 21:58:25 INFO  epoch 47 training [time: 36.31s, train loss: 1183.2736]
Wed 15 Oct 2025 21:58:27 INFO  epoch 47 evaluating [time: 2.46s, valid_score: 0.063300]
Wed 15 Oct 2025 21:58:27 INFO  valid result: 
recall@3 : 0.0277    recall@5 : 0.0418    recall@10 : 0.0633    recall@20 : 0.0949    ndcg@3 : 0.017    ndcg@5 : 0.0228    ndcg@10 : 0.0297    ndcg@20 : 0.0377    
Wed 15 Oct 2025 21:59:04 INFO  epoch 48 training [time: 36.53s, train loss: 1177.8451]
Wed 15 Oct 2025 21:59:39 INFO  epoch 49 training [time: 35.64s, train loss: 1174.1281]
Wed 15 Oct 2025 21:59:42 INFO  epoch 49 evaluating [time: 2.56s, valid_score: 0.063700]
Wed 15 Oct 2025 21:59:42 INFO  valid result: 
recall@3 : 0.0279    recall@5 : 0.0414    recall@10 : 0.0637    recall@20 : 0.0954    ndcg@3 : 0.0171    ndcg@5 : 0.0227    ndcg@10 : 0.0299    ndcg@20 : 0.0379    
Wed 15 Oct 2025 22:00:19 INFO  epoch 50 training [time: 37.09s, train loss: 1169.7460]
Wed 15 Oct 2025 22:00:54 INFO  epoch 51 training [time: 34.77s, train loss: 1165.5499]
Wed 15 Oct 2025 22:00:56 INFO  epoch 51 evaluating [time: 2.52s, valid_score: 0.063500]
Wed 15 Oct 2025 22:00:56 INFO  valid result: 
recall@3 : 0.0276    recall@5 : 0.0411    recall@10 : 0.0635    recall@20 : 0.0948    ndcg@3 : 0.0171    ndcg@5 : 0.0226    ndcg@10 : 0.0298    ndcg@20 : 0.0377    
Wed 15 Oct 2025 22:01:34 INFO  epoch 52 training [time: 38.09s, train loss: 1161.4349]
Wed 15 Oct 2025 22:02:12 INFO  epoch 53 training [time: 37.22s, train loss: 1157.1131]
Wed 15 Oct 2025 22:02:14 INFO  epoch 53 evaluating [time: 2.53s, valid_score: 0.064000]
Wed 15 Oct 2025 22:02:14 INFO  valid result: 
recall@3 : 0.0275    recall@5 : 0.0415    recall@10 : 0.064    recall@20 : 0.0949    ndcg@3 : 0.017    ndcg@5 : 0.0228    ndcg@10 : 0.03    ndcg@20 : 0.0378    
Wed 15 Oct 2025 22:02:51 INFO  epoch 54 training [time: 36.63s, train loss: 1153.0579]
Wed 15 Oct 2025 22:03:28 INFO  epoch 55 training [time: 37.07s, train loss: 1149.7626]
Wed 15 Oct 2025 22:03:29 INFO  epoch 55 evaluating [time: 1.24s, valid_score: 0.063200]
Wed 15 Oct 2025 22:03:29 INFO  valid result: 
recall@3 : 0.0277    recall@5 : 0.041    recall@10 : 0.0632    recall@20 : 0.0936    ndcg@3 : 0.0171    ndcg@5 : 0.0226    ndcg@10 : 0.0298    ndcg@20 : 0.0375    
Wed 15 Oct 2025 22:03:29 INFO  Finished training, best eval result in epoch 33
Wed 15 Oct 2025 22:03:30 INFO  Loading model structure and parameters from saved/SASRecD-Oct-15-2025_21-29-49.pth
Wed 15 Oct 2025 22:03:32 INFO  best valid : {'recall@3': np.float64(0.0279), 'recall@5': np.float64(0.0414), 'recall@10': np.float64(0.0643), 'recall@20': np.float64(0.0935), 'ndcg@3': np.float64(0.0167), 'ndcg@5': np.float64(0.0223), 'ndcg@10': np.float64(0.0296), 'ndcg@20': np.float64(0.037)}
Wed 15 Oct 2025 22:03:32 INFO  test result: {'recall@3': np.float64(0.0223), 'recall@5': np.float64(0.0327), 'recall@10': np.float64(0.051), 'recall@20': np.float64(0.0745), 'ndcg@3': np.float64(0.0134), 'ndcg@5': np.float64(0.0177), 'ndcg@10': np.float64(0.0236), 'ndcg@20': np.float64(0.0295)}
