Wed 15 Oct 2025 19:00:29 INFO  
General Hyper Parameters:
gpu_id = 0
use_gpu = True
seed = 212
state = INFO
reproducibility = True
data_path = ./recbole/data/dataset/Amazon_Sports_and_Outdoors
show_progress = True
save_dataset = False
save_dataloaders = False
benchmark_filename = None

Training Hyper Parameters:
checkpoint_dir = saved
epochs = 200
train_batch_size = 1024
learner = adam
learning_rate = 0.0001
eval_step = 2
stopping_step = 10
clip_grad_norm = None
weight_decay = 0.0
loss_decimal_place = 4

Evaluation Hyper Parameters:
eval_args = {'split': {'LS': 'valid_and_test'}, 'group_by': 'user', 'order': 'TO', 'mode': 'full'}
metrics = ['Recall', 'NDCG']
topk = [3, 5, 10, 20]
valid_metric = Recall@10
valid_metric_bigger = True
eval_batch_size = 256
metric_decimal_place = 4

Dataset Hyper Parameters:
field_separator = 	
seq_separator =  
USER_ID_FIELD = user_id
ITEM_ID_FIELD = item_id
RATING_FIELD = rating
TIME_FIELD = timestamp
seq_len = None
LABEL_FIELD = label
threshold = None
NEG_PREFIX = neg_
load_col = {'inter': ['user_id', 'item_id', 'rating', 'timestamp'], 'item': ['item_id', 'title', 'sales_rank', 'price', 'brand', 'categories', 'sales_type'], 'title': ['ent_id', 'ent_emb']}
unload_col = None
unused_col = None
additional_feat_suffix = ['title']
rm_dup_inter = None
val_interval = None
filter_inter_by_user_or_item = True
user_inter_num_interval = [5,inf)
item_inter_num_interval = [5,inf)
alias_of_user_id = None
alias_of_item_id = ['ent_id']
alias_of_entity_id = None
alias_of_relation_id = None
preload_weight = {'ent_id': 'ent_emb'}
normalize_field = None
normalize_all = None
ITEM_LIST_LENGTH_FIELD = item_length
LIST_SUFFIX = _list
MAX_ITEM_LIST_LENGTH = 50
POSITION_FIELD = position_id
HEAD_ENTITY_ID_FIELD = head_id
TAIL_ENTITY_ID_FIELD = tail_id
RELATION_ID_FIELD = relation_id
ENTITY_ID_FIELD = entity_id

Other Hyper Parameters: 
neg_sampling = None
multi_gpus = False
repeatable = True
n_layers = 3
n_heads = 8
hidden_size = 256
attribute_hidden_size = [128]
inner_size = 256
hidden_dropout_prob = 0.5
attn_dropout_prob = 0.3
hidden_act = gelu
layer_norm_eps = 1e-12
initializer_range = 0.02
selected_features = ['ent_emb']
pooling_mode = sum
loss_type = CE
weight_sharing = not
fusion_type = gate
lamdas = [5]
attribute_predictor = ['not']
MODEL_TYPE = ModelType.SEQUENTIAL
feature_type = ['static']
annealing = False
MODEL_INPUT_TYPE = InputType.POINTWISE
eval_type = EvaluatorType.RANKING
device = cuda
train_neg_sample_args = {'strategy': 'none'}
eval_neg_sample_args = {'strategy': 'full', 'distribution': 'uniform'}


Wed 15 Oct 2025 19:00:30 INFO  Amazon_Sports_and_Outdoors
The number of users: 35599
Average actions of users: 8.324540704533963
The number of items: 18358
Average actions of items: 16.142997221768262
The number of inters: 296337
The sparsity of the dataset: 99.95465569853714%
Remain Fields: ['user_id', 'item_id', 'rating', 'timestamp', 'title', 'price', 'brand', 'categories', 'sales_type', 'sales_rank', 'ent_id', 'ent_emb']
Wed 15 Oct 2025 19:00:33 INFO  [Training]: train_batch_size = [1024] negative sampling: [None]
Wed 15 Oct 2025 19:00:33 INFO  [Evaluation]: eval_batch_size = [256] eval_args: [{'split': {'LS': 'valid_and_test'}, 'group_by': 'user', 'order': 'TO', 'mode': 'full'}]
Wed 15 Oct 2025 19:00:33 INFO  SASRecD(
  (item_embedding): Embedding(18358, 256, padding_idx=0)
  (position_embedding): Embedding(50, 256)
  (feature_embed_layer_list): ModuleList(
    (0): Embedding(18358, 128)
  )
  (trm_encoder): DIFTransformerEncoder(
    (layer): ModuleList(
      (0-2): 3 x DIFTransformerLayer(
        (multi_head_attention): DIFMultiHeadAttention(
          (query): Linear(in_features=256, out_features=256, bias=True)
          (key): Linear(in_features=256, out_features=256, bias=True)
          (value): Linear(in_features=256, out_features=256, bias=True)
          (query_p): Linear(in_features=256, out_features=256, bias=True)
          (key_p): Linear(in_features=256, out_features=256, bias=True)
          (query_layers): ModuleList(
            (0): Linear(in_features=128, out_features=128, bias=True)
          )
          (key_layers): ModuleList(
            (0): Linear(in_features=128, out_features=128, bias=True)
          )
          (fusion_layer): VanillaAttention(
            (projection): Sequential(
              (0): Linear(in_features=50, out_features=50, bias=True)
              (1): ReLU(inplace=True)
              (2): Linear(in_features=50, out_features=1, bias=True)
            )
          )
          (attn_dropout): Dropout(p=0.3, inplace=False)
          (dense): Linear(in_features=256, out_features=256, bias=True)
          (LayerNorm): LayerNorm((256,), eps=1e-12, elementwise_affine=True)
          (out_dropout): Dropout(p=0.5, inplace=False)
        )
        (feed_forward): FeedForward(
          (dense_1): Linear(in_features=256, out_features=256, bias=True)
          (dense_2): Linear(in_features=256, out_features=256, bias=True)
          (LayerNorm): LayerNorm((256,), eps=1e-12, elementwise_affine=True)
          (dropout): Dropout(p=0.5, inplace=False)
        )
      )
    )
  )
  (ap): ModuleList(
    (0): None
  )
  (LayerNorm): LayerNorm((256,), eps=1e-12, elementwise_affine=True)
  (dropout): Dropout(p=0.5, inplace=False)
  (loss_fct): CrossEntropyLoss()
  (attribute_loss_fct): BCEWithLogitsLoss()
)
Trainable parameters: 6401915
Wed 15 Oct 2025 19:00:59 INFO  epoch 0 training [time: 26.09s, train loss: 1826.1127]
Wed 15 Oct 2025 19:01:25 INFO  epoch 1 training [time: 25.57s, train loss: 1749.5781]
Wed 15 Oct 2025 19:01:27 INFO  epoch 1 evaluating [time: 1.80s, valid_score: 0.012600]
Wed 15 Oct 2025 19:01:27 INFO  valid result: 
recall@3 : 0.006    recall@5 : 0.0082    recall@10 : 0.0126    recall@20 : 0.0221    ndcg@3 : 0.0044    ndcg@5 : 0.0053    ndcg@10 : 0.0067    ndcg@20 : 0.0091    
Wed 15 Oct 2025 19:01:27 INFO  Saving current best: saved/SASRecD-Oct-15-2025_19-00-33.pth
Wed 15 Oct 2025 19:01:52 INFO  epoch 2 training [time: 25.56s, train loss: 1716.9701]
Wed 15 Oct 2025 19:02:19 INFO  epoch 3 training [time: 26.51s, train loss: 1704.5936]
Wed 15 Oct 2025 19:02:21 INFO  epoch 3 evaluating [time: 1.75s, valid_score: 0.013100]
Wed 15 Oct 2025 19:02:21 INFO  valid result: 
recall@3 : 0.0054    recall@5 : 0.0078    recall@10 : 0.0131    recall@20 : 0.0229    ndcg@3 : 0.0038    ndcg@5 : 0.0049    ndcg@10 : 0.0065    ndcg@20 : 0.009    
Wed 15 Oct 2025 19:02:21 INFO  Saving current best: saved/SASRecD-Oct-15-2025_19-00-33.pth
Wed 15 Oct 2025 19:02:46 INFO  epoch 4 training [time: 25.56s, train loss: 1691.8320]
Wed 15 Oct 2025 19:03:12 INFO  epoch 5 training [time: 25.55s, train loss: 1670.6362]
Wed 15 Oct 2025 19:03:14 INFO  epoch 5 evaluating [time: 1.79s, valid_score: 0.020000]
Wed 15 Oct 2025 19:03:14 INFO  valid result: 
recall@3 : 0.0069    recall@5 : 0.0112    recall@10 : 0.02    recall@20 : 0.0344    ndcg@3 : 0.0047    ndcg@5 : 0.0065    ndcg@10 : 0.0093    ndcg@20 : 0.0129    
Wed 15 Oct 2025 19:03:14 INFO  Saving current best: saved/SASRecD-Oct-15-2025_19-00-33.pth
Wed 15 Oct 2025 19:03:39 INFO  epoch 6 training [time: 25.60s, train loss: 1639.7730]
Wed 15 Oct 2025 19:04:05 INFO  epoch 7 training [time: 25.60s, train loss: 1611.5830]
Wed 15 Oct 2025 19:04:07 INFO  epoch 7 evaluating [time: 1.73s, valid_score: 0.027100]
Wed 15 Oct 2025 19:04:07 INFO  valid result: 
recall@3 : 0.0096    recall@5 : 0.0155    recall@10 : 0.0271    recall@20 : 0.0461    ndcg@3 : 0.0065    ndcg@5 : 0.0089    ndcg@10 : 0.0126    ndcg@20 : 0.0174    
Wed 15 Oct 2025 19:04:07 INFO  Saving current best: saved/SASRecD-Oct-15-2025_19-00-33.pth
Wed 15 Oct 2025 19:04:32 INFO  epoch 8 training [time: 25.58s, train loss: 1586.5970]
Wed 15 Oct 2025 19:04:58 INFO  epoch 9 training [time: 25.57s, train loss: 1563.4261]
Wed 15 Oct 2025 19:05:00 INFO  epoch 9 evaluating [time: 1.77s, valid_score: 0.034000]
Wed 15 Oct 2025 19:05:00 INFO  valid result: 
recall@3 : 0.0139    recall@5 : 0.0209    recall@10 : 0.034    recall@20 : 0.0555    ndcg@3 : 0.009    ndcg@5 : 0.0118    ndcg@10 : 0.016    ndcg@20 : 0.0214    
Wed 15 Oct 2025 19:05:00 INFO  Saving current best: saved/SASRecD-Oct-15-2025_19-00-33.pth
Wed 15 Oct 2025 19:05:26 INFO  epoch 10 training [time: 26.46s, train loss: 1542.7728]
Wed 15 Oct 2025 19:05:52 INFO  epoch 11 training [time: 25.62s, train loss: 1523.0524]
Wed 15 Oct 2025 19:05:54 INFO  epoch 11 evaluating [time: 1.78s, valid_score: 0.042100]
Wed 15 Oct 2025 19:05:54 INFO  valid result: 
recall@3 : 0.0172    recall@5 : 0.026    recall@10 : 0.0421    recall@20 : 0.0637    ndcg@3 : 0.0109    ndcg@5 : 0.0145    ndcg@10 : 0.0197    ndcg@20 : 0.0251    
Wed 15 Oct 2025 19:05:54 INFO  Saving current best: saved/SASRecD-Oct-15-2025_19-00-33.pth
Wed 15 Oct 2025 19:06:19 INFO  epoch 12 training [time: 25.62s, train loss: 1505.1430]
Wed 15 Oct 2025 19:06:45 INFO  epoch 13 training [time: 25.61s, train loss: 1488.0962]
Wed 15 Oct 2025 19:06:47 INFO  epoch 13 evaluating [time: 1.79s, valid_score: 0.047400]
Wed 15 Oct 2025 19:06:47 INFO  valid result: 
recall@3 : 0.0199    recall@5 : 0.0294    recall@10 : 0.0474    recall@20 : 0.0702    ndcg@3 : 0.0125    ndcg@5 : 0.0164    ndcg@10 : 0.0222    ndcg@20 : 0.0279    
Wed 15 Oct 2025 19:06:47 INFO  Saving current best: saved/SASRecD-Oct-15-2025_19-00-33.pth
Wed 15 Oct 2025 19:07:13 INFO  epoch 14 training [time: 25.61s, train loss: 1471.3004]
Wed 15 Oct 2025 19:07:38 INFO  epoch 15 training [time: 25.62s, train loss: 1455.2383]
Wed 15 Oct 2025 19:07:40 INFO  epoch 15 evaluating [time: 1.74s, valid_score: 0.050600]
Wed 15 Oct 2025 19:07:40 INFO  valid result: 
recall@3 : 0.0214    recall@5 : 0.0327    recall@10 : 0.0506    recall@20 : 0.0762    ndcg@3 : 0.0134    ndcg@5 : 0.0181    ndcg@10 : 0.0239    ndcg@20 : 0.0303    
Wed 15 Oct 2025 19:07:40 INFO  Saving current best: saved/SASRecD-Oct-15-2025_19-00-33.pth
Wed 15 Oct 2025 19:08:06 INFO  epoch 16 training [time: 25.61s, train loss: 1440.3696]
Wed 15 Oct 2025 19:08:32 INFO  epoch 17 training [time: 26.47s, train loss: 1426.3135]
Wed 15 Oct 2025 19:08:34 INFO  epoch 17 evaluating [time: 1.77s, valid_score: 0.054700]
Wed 15 Oct 2025 19:08:34 INFO  valid result: 
recall@3 : 0.0235    recall@5 : 0.0354    recall@10 : 0.0547    recall@20 : 0.0799    ndcg@3 : 0.0145    ndcg@5 : 0.0194    ndcg@10 : 0.0256    ndcg@20 : 0.0319    
Wed 15 Oct 2025 19:08:34 INFO  Saving current best: saved/SASRecD-Oct-15-2025_19-00-33.pth
Wed 15 Oct 2025 19:09:00 INFO  epoch 18 training [time: 25.62s, train loss: 1412.2512]
Wed 15 Oct 2025 19:09:25 INFO  epoch 19 training [time: 25.62s, train loss: 1399.2779]
Wed 15 Oct 2025 19:09:27 INFO  epoch 19 evaluating [time: 1.74s, valid_score: 0.056800]
Wed 15 Oct 2025 19:09:27 INFO  valid result: 
recall@3 : 0.0246    recall@5 : 0.0369    recall@10 : 0.0568    recall@20 : 0.0821    ndcg@3 : 0.015    ndcg@5 : 0.0201    ndcg@10 : 0.0265    ndcg@20 : 0.0329    
Wed 15 Oct 2025 19:09:27 INFO  Saving current best: saved/SASRecD-Oct-15-2025_19-00-33.pth
Wed 15 Oct 2025 19:09:53 INFO  epoch 20 training [time: 25.59s, train loss: 1386.3328]
Wed 15 Oct 2025 19:10:18 INFO  epoch 21 training [time: 25.58s, train loss: 1374.4526]
Wed 15 Oct 2025 19:10:20 INFO  epoch 21 evaluating [time: 1.74s, valid_score: 0.058400]
Wed 15 Oct 2025 19:10:20 INFO  valid result: 
recall@3 : 0.0264    recall@5 : 0.038    recall@10 : 0.0584    recall@20 : 0.0851    ndcg@3 : 0.0159    ndcg@5 : 0.0207    ndcg@10 : 0.0273    ndcg@20 : 0.034    
Wed 15 Oct 2025 19:10:20 INFO  Saving current best: saved/SASRecD-Oct-15-2025_19-00-33.pth
Wed 15 Oct 2025 19:10:46 INFO  epoch 22 training [time: 25.62s, train loss: 1362.5307]
Wed 15 Oct 2025 19:11:12 INFO  epoch 23 training [time: 26.49s, train loss: 1351.2369]
Wed 15 Oct 2025 19:11:14 INFO  epoch 23 evaluating [time: 1.81s, valid_score: 0.060100]
Wed 15 Oct 2025 19:11:14 INFO  valid result: 
recall@3 : 0.0269    recall@5 : 0.0393    recall@10 : 0.0601    recall@20 : 0.0873    ndcg@3 : 0.0162    ndcg@5 : 0.0213    ndcg@10 : 0.028    ndcg@20 : 0.0348    
Wed 15 Oct 2025 19:11:14 INFO  Saving current best: saved/SASRecD-Oct-15-2025_19-00-33.pth
Wed 15 Oct 2025 19:11:40 INFO  epoch 24 training [time: 25.59s, train loss: 1340.4479]
Wed 15 Oct 2025 19:12:05 INFO  epoch 25 training [time: 25.63s, train loss: 1330.0955]
Wed 15 Oct 2025 19:12:07 INFO  epoch 25 evaluating [time: 1.80s, valid_score: 0.060800]
Wed 15 Oct 2025 19:12:07 INFO  valid result: 
recall@3 : 0.0276    recall@5 : 0.0405    recall@10 : 0.0608    recall@20 : 0.0891    ndcg@3 : 0.0166    ndcg@5 : 0.0219    ndcg@10 : 0.0285    ndcg@20 : 0.0356    
Wed 15 Oct 2025 19:12:07 INFO  Saving current best: saved/SASRecD-Oct-15-2025_19-00-33.pth
Wed 15 Oct 2025 19:12:33 INFO  epoch 26 training [time: 25.53s, train loss: 1320.2088]
Wed 15 Oct 2025 19:12:58 INFO  epoch 27 training [time: 25.64s, train loss: 1310.6375]
Wed 15 Oct 2025 19:13:00 INFO  epoch 27 evaluating [time: 1.80s, valid_score: 0.062400]
Wed 15 Oct 2025 19:13:00 INFO  valid result: 
recall@3 : 0.0283    recall@5 : 0.041    recall@10 : 0.0624    recall@20 : 0.0899    ndcg@3 : 0.017    ndcg@5 : 0.0222    ndcg@10 : 0.029    ndcg@20 : 0.036    
Wed 15 Oct 2025 19:13:00 INFO  Saving current best: saved/SASRecD-Oct-15-2025_19-00-33.pth
Wed 15 Oct 2025 19:13:26 INFO  epoch 28 training [time: 25.62s, train loss: 1301.6642]
Wed 15 Oct 2025 19:13:51 INFO  epoch 29 training [time: 25.64s, train loss: 1292.9131]
Wed 15 Oct 2025 19:13:53 INFO  epoch 29 evaluating [time: 1.85s, valid_score: 0.063100]
Wed 15 Oct 2025 19:13:53 INFO  valid result: 
recall@3 : 0.0281    recall@5 : 0.0413    recall@10 : 0.0631    recall@20 : 0.0915    ndcg@3 : 0.017    ndcg@5 : 0.0224    ndcg@10 : 0.0294    ndcg@20 : 0.0365    
Wed 15 Oct 2025 19:13:53 INFO  Saving current best: saved/SASRecD-Oct-15-2025_19-00-33.pth
Wed 15 Oct 2025 19:14:20 INFO  epoch 30 training [time: 26.48s, train loss: 1284.9747]
Wed 15 Oct 2025 19:14:45 INFO  epoch 31 training [time: 25.61s, train loss: 1276.9792]
Wed 15 Oct 2025 19:14:47 INFO  epoch 31 evaluating [time: 1.76s, valid_score: 0.063500]
Wed 15 Oct 2025 19:14:47 INFO  valid result: 
recall@3 : 0.0284    recall@5 : 0.0417    recall@10 : 0.0635    recall@20 : 0.0926    ndcg@3 : 0.0171    ndcg@5 : 0.0226    ndcg@10 : 0.0296    ndcg@20 : 0.0369    
Wed 15 Oct 2025 19:14:47 INFO  Saving current best: saved/SASRecD-Oct-15-2025_19-00-33.pth
Wed 15 Oct 2025 19:15:13 INFO  epoch 32 training [time: 25.62s, train loss: 1268.5181]
Wed 15 Oct 2025 19:15:39 INFO  epoch 33 training [time: 25.76s, train loss: 1261.1505]
Wed 15 Oct 2025 19:15:41 INFO  epoch 33 evaluating [time: 1.86s, valid_score: 0.063700]
Wed 15 Oct 2025 19:15:41 INFO  valid result: 
recall@3 : 0.0284    recall@5 : 0.042    recall@10 : 0.0637    recall@20 : 0.0928    ndcg@3 : 0.0171    ndcg@5 : 0.0228    ndcg@10 : 0.0297    ndcg@20 : 0.0371    
Wed 15 Oct 2025 19:15:41 INFO  Saving current best: saved/SASRecD-Oct-15-2025_19-00-33.pth
Wed 15 Oct 2025 19:16:07 INFO  epoch 34 training [time: 26.11s, train loss: 1254.1282]
Wed 15 Oct 2025 19:16:33 INFO  epoch 35 training [time: 25.79s, train loss: 1247.6814]
Wed 15 Oct 2025 19:16:34 INFO  epoch 35 evaluating [time: 1.75s, valid_score: 0.064000]
Wed 15 Oct 2025 19:16:34 INFO  valid result: 
recall@3 : 0.0286    recall@5 : 0.042    recall@10 : 0.064    recall@20 : 0.0933    ndcg@3 : 0.0173    ndcg@5 : 0.0228    ndcg@10 : 0.0299    ndcg@20 : 0.0373    
Wed 15 Oct 2025 19:16:34 INFO  Saving current best: saved/SASRecD-Oct-15-2025_19-00-33.pth
Wed 15 Oct 2025 19:17:00 INFO  epoch 36 training [time: 25.90s, train loss: 1241.2012]
Wed 15 Oct 2025 19:17:27 INFO  epoch 37 training [time: 26.68s, train loss: 1234.8418]
Wed 15 Oct 2025 19:17:29 INFO  epoch 37 evaluating [time: 1.75s, valid_score: 0.063900]
Wed 15 Oct 2025 19:17:29 INFO  valid result: 
recall@3 : 0.0282    recall@5 : 0.0423    recall@10 : 0.0639    recall@20 : 0.0929    ndcg@3 : 0.0171    ndcg@5 : 0.0229    ndcg@10 : 0.0298    ndcg@20 : 0.0372    
Wed 15 Oct 2025 19:17:55 INFO  epoch 38 training [time: 25.81s, train loss: 1228.5461]
Wed 15 Oct 2025 19:18:20 INFO  epoch 39 training [time: 25.79s, train loss: 1222.8154]
Wed 15 Oct 2025 19:18:22 INFO  epoch 39 evaluating [time: 1.80s, valid_score: 0.064200]
Wed 15 Oct 2025 19:18:22 INFO  valid result: 
recall@3 : 0.0285    recall@5 : 0.0426    recall@10 : 0.0642    recall@20 : 0.0938    ndcg@3 : 0.0174    ndcg@5 : 0.0232    ndcg@10 : 0.0302    ndcg@20 : 0.0377    
Wed 15 Oct 2025 19:18:22 INFO  Saving current best: saved/SASRecD-Oct-15-2025_19-00-33.pth
Wed 15 Oct 2025 19:18:48 INFO  epoch 40 training [time: 25.77s, train loss: 1217.1706]
Wed 15 Oct 2025 19:19:14 INFO  epoch 41 training [time: 25.79s, train loss: 1211.7036]
Wed 15 Oct 2025 19:19:16 INFO  epoch 41 evaluating [time: 1.77s, valid_score: 0.064600]
Wed 15 Oct 2025 19:19:16 INFO  valid result: 
recall@3 : 0.0283    recall@5 : 0.0423    recall@10 : 0.0646    recall@20 : 0.0934    ndcg@3 : 0.0175    ndcg@5 : 0.0233    ndcg@10 : 0.0304    ndcg@20 : 0.0377    
Wed 15 Oct 2025 19:19:16 INFO  Saving current best: saved/SASRecD-Oct-15-2025_19-00-33.pth
Wed 15 Oct 2025 19:19:41 INFO  epoch 42 training [time: 25.79s, train loss: 1206.8969]
Wed 15 Oct 2025 19:20:07 INFO  epoch 43 training [time: 25.78s, train loss: 1201.3315]
Wed 15 Oct 2025 19:20:09 INFO  epoch 43 evaluating [time: 1.81s, valid_score: 0.064900]
Wed 15 Oct 2025 19:20:09 INFO  valid result: 
recall@3 : 0.0284    recall@5 : 0.0421    recall@10 : 0.0649    recall@20 : 0.0936    ndcg@3 : 0.0174    ndcg@5 : 0.0231    ndcg@10 : 0.0304    ndcg@20 : 0.0377    
Wed 15 Oct 2025 19:20:09 INFO  Saving current best: saved/SASRecD-Oct-15-2025_19-00-33.pth
Wed 15 Oct 2025 19:20:36 INFO  epoch 44 training [time: 26.69s, train loss: 1196.5888]
Wed 15 Oct 2025 19:21:02 INFO  epoch 45 training [time: 25.81s, train loss: 1191.6183]
Wed 15 Oct 2025 19:21:03 INFO  epoch 45 evaluating [time: 1.77s, valid_score: 0.064900]
Wed 15 Oct 2025 19:21:03 INFO  valid result: 
recall@3 : 0.028    recall@5 : 0.0423    recall@10 : 0.0649    recall@20 : 0.0939    ndcg@3 : 0.0173    ndcg@5 : 0.0232    ndcg@10 : 0.0305    ndcg@20 : 0.0377    
Wed 15 Oct 2025 19:21:29 INFO  epoch 46 training [time: 25.69s, train loss: 1187.1575]
Wed 15 Oct 2025 19:21:55 INFO  epoch 47 training [time: 25.79s, train loss: 1182.0611]
Wed 15 Oct 2025 19:21:57 INFO  epoch 47 evaluating [time: 1.81s, valid_score: 0.064600]
Wed 15 Oct 2025 19:21:57 INFO  valid result: 
recall@3 : 0.0278    recall@5 : 0.0422    recall@10 : 0.0646    recall@20 : 0.0946    ndcg@3 : 0.0172    ndcg@5 : 0.0231    ndcg@10 : 0.0304    ndcg@20 : 0.0379    
Wed 15 Oct 2025 19:22:22 INFO  epoch 48 training [time: 25.82s, train loss: 1177.9273]
Wed 15 Oct 2025 19:22:48 INFO  epoch 49 training [time: 25.77s, train loss: 1173.2995]
Wed 15 Oct 2025 19:22:50 INFO  epoch 49 evaluating [time: 1.76s, valid_score: 0.065000]
Wed 15 Oct 2025 19:22:50 INFO  valid result: 
recall@3 : 0.0282    recall@5 : 0.0422    recall@10 : 0.065    recall@20 : 0.0947    ndcg@3 : 0.0174    ndcg@5 : 0.0232    ndcg@10 : 0.0305    ndcg@20 : 0.038    
Wed 15 Oct 2025 19:22:50 INFO  Saving current best: saved/SASRecD-Oct-15-2025_19-00-33.pth
Wed 15 Oct 2025 19:23:16 INFO  epoch 50 training [time: 25.78s, train loss: 1168.7094]
Wed 15 Oct 2025 19:23:43 INFO  epoch 51 training [time: 26.66s, train loss: 1165.5338]
Wed 15 Oct 2025 19:23:44 INFO  epoch 51 evaluating [time: 1.76s, valid_score: 0.065200]
Wed 15 Oct 2025 19:23:44 INFO  valid result: 
recall@3 : 0.028    recall@5 : 0.0422    recall@10 : 0.0652    recall@20 : 0.0951    ndcg@3 : 0.0174    ndcg@5 : 0.0232    ndcg@10 : 0.0306    ndcg@20 : 0.0381    
Wed 15 Oct 2025 19:23:44 INFO  Saving current best: saved/SASRecD-Oct-15-2025_19-00-33.pth
Wed 15 Oct 2025 19:24:10 INFO  epoch 52 training [time: 25.82s, train loss: 1160.5176]
Wed 15 Oct 2025 19:24:36 INFO  epoch 53 training [time: 25.78s, train loss: 1156.7597]
Wed 15 Oct 2025 19:24:38 INFO  epoch 53 evaluating [time: 1.81s, valid_score: 0.064600]
Wed 15 Oct 2025 19:24:38 INFO  valid result: 
recall@3 : 0.0277    recall@5 : 0.0417    recall@10 : 0.0646    recall@20 : 0.0945    ndcg@3 : 0.0172    ndcg@5 : 0.023    ndcg@10 : 0.0304    ndcg@20 : 0.0379    
Wed 15 Oct 2025 19:25:04 INFO  epoch 54 training [time: 25.82s, train loss: 1152.9022]
Wed 15 Oct 2025 19:25:29 INFO  epoch 55 training [time: 25.75s, train loss: 1148.5199]
Wed 15 Oct 2025 19:25:31 INFO  epoch 55 evaluating [time: 1.82s, valid_score: 0.064100]
Wed 15 Oct 2025 19:25:31 INFO  valid result: 
recall@3 : 0.0279    recall@5 : 0.0421    recall@10 : 0.0641    recall@20 : 0.0948    ndcg@3 : 0.0174    ndcg@5 : 0.0232    ndcg@10 : 0.0303    ndcg@20 : 0.038    
Wed 15 Oct 2025 19:25:57 INFO  epoch 56 training [time: 25.74s, train loss: 1144.7603]
Wed 15 Oct 2025 19:26:24 INFO  epoch 57 training [time: 26.74s, train loss: 1140.5562]
Wed 15 Oct 2025 19:26:25 INFO  epoch 57 evaluating [time: 0.97s, valid_score: 0.064200]
Wed 15 Oct 2025 19:26:25 INFO  valid result: 
recall@3 : 0.0276    recall@5 : 0.0421    recall@10 : 0.0642    recall@20 : 0.0942    ndcg@3 : 0.0172    ndcg@5 : 0.0231    ndcg@10 : 0.0303    ndcg@20 : 0.0378    
Wed 15 Oct 2025 19:26:51 INFO  epoch 58 training [time: 26.68s, train loss: 1137.0572]
Wed 15 Oct 2025 19:27:17 INFO  epoch 59 training [time: 25.81s, train loss: 1133.2751]
Wed 15 Oct 2025 19:27:19 INFO  epoch 59 evaluating [time: 1.78s, valid_score: 0.063300]
Wed 15 Oct 2025 19:27:19 INFO  valid result: 
recall@3 : 0.0276    recall@5 : 0.0417    recall@10 : 0.0633    recall@20 : 0.0937    ndcg@3 : 0.0172    ndcg@5 : 0.023    ndcg@10 : 0.03    ndcg@20 : 0.0376    
Wed 15 Oct 2025 19:27:45 INFO  epoch 60 training [time: 25.80s, train loss: 1130.0075]
Wed 15 Oct 2025 19:28:11 INFO  epoch 61 training [time: 25.79s, train loss: 1126.1616]
Wed 15 Oct 2025 19:28:12 INFO  epoch 61 evaluating [time: 1.80s, valid_score: 0.063700]
Wed 15 Oct 2025 19:28:12 INFO  valid result: 
recall@3 : 0.0277    recall@5 : 0.0414    recall@10 : 0.0637    recall@20 : 0.094    ndcg@3 : 0.0173    ndcg@5 : 0.023    ndcg@10 : 0.0302    ndcg@20 : 0.0378    
Wed 15 Oct 2025 19:28:38 INFO  epoch 62 training [time: 25.79s, train loss: 1122.2756]
Wed 15 Oct 2025 19:29:04 INFO  epoch 63 training [time: 25.80s, train loss: 1118.7965]
Wed 15 Oct 2025 19:29:06 INFO  epoch 63 evaluating [time: 1.80s, valid_score: 0.063700]
Wed 15 Oct 2025 19:29:06 INFO  valid result: 
recall@3 : 0.0278    recall@5 : 0.0415    recall@10 : 0.0637    recall@20 : 0.0941    ndcg@3 : 0.0174    ndcg@5 : 0.023    ndcg@10 : 0.0302    ndcg@20 : 0.0378    
Wed 15 Oct 2025 19:29:32 INFO  epoch 64 training [time: 25.80s, train loss: 1114.8077]
Wed 15 Oct 2025 19:29:58 INFO  epoch 65 training [time: 26.71s, train loss: 1111.2933]
Wed 15 Oct 2025 19:30:00 INFO  epoch 65 evaluating [time: 1.81s, valid_score: 0.063700]
Wed 15 Oct 2025 19:30:00 INFO  valid result: 
recall@3 : 0.0278    recall@5 : 0.0419    recall@10 : 0.0637    recall@20 : 0.0938    ndcg@3 : 0.0173    ndcg@5 : 0.0231    ndcg@10 : 0.0302    ndcg@20 : 0.0378    
Wed 15 Oct 2025 19:30:26 INFO  epoch 66 training [time: 25.83s, train loss: 1108.0276]
Wed 15 Oct 2025 19:30:52 INFO  epoch 67 training [time: 25.76s, train loss: 1104.9411]
Wed 15 Oct 2025 19:30:53 INFO  epoch 67 evaluating [time: 1.79s, valid_score: 0.063100]
Wed 15 Oct 2025 19:30:53 INFO  valid result: 
recall@3 : 0.0278    recall@5 : 0.0411    recall@10 : 0.0631    recall@20 : 0.0927    ndcg@3 : 0.0174    ndcg@5 : 0.0228    ndcg@10 : 0.0299    ndcg@20 : 0.0374    
Wed 15 Oct 2025 19:31:19 INFO  epoch 68 training [time: 25.75s, train loss: 1100.4657]
Wed 15 Oct 2025 19:31:45 INFO  epoch 69 training [time: 25.80s, train loss: 1098.0260]
Wed 15 Oct 2025 19:31:47 INFO  epoch 69 evaluating [time: 1.79s, valid_score: 0.062400]
Wed 15 Oct 2025 19:31:47 INFO  valid result: 
recall@3 : 0.0276    recall@5 : 0.041    recall@10 : 0.0624    recall@20 : 0.0913    ndcg@3 : 0.0172    ndcg@5 : 0.0227    ndcg@10 : 0.0296    ndcg@20 : 0.0369    
Wed 15 Oct 2025 19:32:12 INFO  epoch 70 training [time: 25.65s, train loss: 1094.3677]
Wed 15 Oct 2025 19:32:39 INFO  epoch 71 training [time: 26.49s, train loss: 1090.8676]
Wed 15 Oct 2025 19:32:40 INFO  epoch 71 evaluating [time: 0.86s, valid_score: 0.062500]
Wed 15 Oct 2025 19:32:40 INFO  valid result: 
recall@3 : 0.0276    recall@5 : 0.041    recall@10 : 0.0625    recall@20 : 0.0909    ndcg@3 : 0.0173    ndcg@5 : 0.0228    ndcg@10 : 0.0297    ndcg@20 : 0.0369    
Wed 15 Oct 2025 19:33:06 INFO  epoch 72 training [time: 26.55s, train loss: 1087.4957]
Wed 15 Oct 2025 19:33:32 INFO  epoch 73 training [time: 25.61s, train loss: 1084.1336]
Wed 15 Oct 2025 19:33:34 INFO  epoch 73 evaluating [time: 1.88s, valid_score: 0.062300]
Wed 15 Oct 2025 19:33:34 INFO  valid result: 
recall@3 : 0.0276    recall@5 : 0.0407    recall@10 : 0.0623    recall@20 : 0.0909    ndcg@3 : 0.0172    ndcg@5 : 0.0226    ndcg@10 : 0.0296    ndcg@20 : 0.0368    
Wed 15 Oct 2025 19:33:34 INFO  Finished training, best eval result in epoch 51
Wed 15 Oct 2025 19:33:34 INFO  Loading model structure and parameters from saved/SASRecD-Oct-15-2025_19-00-33.pth
Wed 15 Oct 2025 19:33:36 INFO  best valid : {'recall@3': np.float64(0.028), 'recall@5': np.float64(0.0422), 'recall@10': np.float64(0.0652), 'recall@20': np.float64(0.0951), 'ndcg@3': np.float64(0.0174), 'ndcg@5': np.float64(0.0232), 'ndcg@10': np.float64(0.0306), 'ndcg@20': np.float64(0.0381)}
Wed 15 Oct 2025 19:33:36 INFO  test result: {'recall@3': np.float64(0.0221), 'recall@5': np.float64(0.0341), 'recall@10': np.float64(0.0517), 'recall@20': np.float64(0.0757), 'ndcg@3': np.float64(0.0135), 'ndcg@5': np.float64(0.0184), 'ndcg@10': np.float64(0.0241), 'ndcg@20': np.float64(0.0301)}
