Tue 21 Oct 2025 21:27:43 INFO  
General Hyper Parameters:
gpu_id = 0
use_gpu = True
seed = 212
state = INFO
reproducibility = True
data_path = ./recbole/data/dataset/Amazon_Sports_and_Outdoors
show_progress = True
save_dataset = False
save_dataloaders = False
benchmark_filename = None

Training Hyper Parameters:
checkpoint_dir = saved
epochs = 200
train_batch_size = 1024
learner = adam
learning_rate = 0.0001
eval_step = 2
stopping_step = 10
clip_grad_norm = None
weight_decay = 0.0
loss_decimal_place = 4

Evaluation Hyper Parameters:
eval_args = {'split': {'LS': 'valid_and_test'}, 'group_by': 'user', 'order': 'TO', 'mode': 'full'}
metrics = ['Recall', 'NDCG']
topk = [3, 5, 10, 20]
valid_metric = Recall@10
valid_metric_bigger = True
eval_batch_size = 256
metric_decimal_place = 4

Dataset Hyper Parameters:
field_separator = 	
seq_separator =  
USER_ID_FIELD = user_id
ITEM_ID_FIELD = item_id
RATING_FIELD = rating
TIME_FIELD = timestamp
seq_len = None
LABEL_FIELD = label
threshold = None
NEG_PREFIX = neg_
load_col = {'inter': ['user_id', 'item_id', 'rating', 'timestamp'], 'item': ['item_id', 'title', 'sales_rank', 'price', 'brand', 'categories', 'sales_type'], 'noise': ['ent_id', 'ent_emb'], 'image': ['img_id', 'img_emb']}
unload_col = None
unused_col = None
additional_feat_suffix = ['noise', 'image']
rm_dup_inter = None
val_interval = None
filter_inter_by_user_or_item = True
user_inter_num_interval = [5,inf)
item_inter_num_interval = [5,inf)
alias_of_user_id = None
alias_of_item_id = ['ent_id', 'img_id']
alias_of_entity_id = None
alias_of_relation_id = None
preload_weight = {'ent_id': 'ent_emb', 'img_id': 'img_emb'}
normalize_field = None
normalize_all = None
ITEM_LIST_LENGTH_FIELD = item_length
LIST_SUFFIX = _list
MAX_ITEM_LIST_LENGTH = 50
POSITION_FIELD = position_id
HEAD_ENTITY_ID_FIELD = head_id
TAIL_ENTITY_ID_FIELD = tail_id
RELATION_ID_FIELD = relation_id
ENTITY_ID_FIELD = entity_id

Other Hyper Parameters: 
neg_sampling = None
multi_gpus = False
repeatable = True
n_layers = 3
n_heads = 8
hidden_size = 256
attribute_hidden_size = [128, 128]
inner_size = 256
hidden_dropout_prob = 0.5
attn_dropout_prob = 0.3
hidden_act = gelu
layer_norm_eps = 1e-12
initializer_range = 0.02
selected_features = ['ent_emb', 'img_emb']
pooling_mode = sum
loss_type = CE
weight_sharing = not
fusion_type = gate
lamdas = [5, 5]
attribute_predictor = ['cos_sim', 'cos_sim']
MODEL_TYPE = ModelType.SEQUENTIAL
feature_type = ['static', 'static']
annealing = False
MODEL_INPUT_TYPE = InputType.POINTWISE
eval_type = EvaluatorType.RANKING
device = cuda
train_neg_sample_args = {'strategy': 'none'}
eval_neg_sample_args = {'strategy': 'full', 'distribution': 'uniform'}


Tue 21 Oct 2025 21:27:45 INFO  Amazon_Sports_and_Outdoors
The number of users: 35599
Average actions of users: 8.324540704533963
The number of items: 18358
Average actions of items: 16.142997221768262
The number of inters: 296337
The sparsity of the dataset: 99.95465569853714%
Remain Fields: ['user_id', 'item_id', 'rating', 'timestamp', 'title', 'price', 'brand', 'categories', 'sales_type', 'sales_rank', 'ent_id', 'ent_emb', 'img_id', 'img_emb']
Tue 21 Oct 2025 21:27:48 INFO  [Training]: train_batch_size = [1024] negative sampling: [None]
Tue 21 Oct 2025 21:27:48 INFO  [Evaluation]: eval_batch_size = [256] eval_args: [{'split': {'LS': 'valid_and_test'}, 'group_by': 'user', 'order': 'TO', 'mode': 'full'}]
Tue 21 Oct 2025 21:27:48 INFO  SASRecD(
  (item_embedding): Embedding(18358, 256, padding_idx=0)
  (position_embedding): Embedding(50, 256)
  (feature_embed_layer_list): ModuleList(
    (0-1): 2 x Embedding(18358, 128)
  )
  (trm_encoder): DIFTransformerEncoder(
    (layer): ModuleList(
      (0-2): 3 x DIFTransformerLayer(
        (multi_head_attention): DIFMultiHeadAttention(
          (query): Linear(in_features=256, out_features=256, bias=True)
          (key): Linear(in_features=256, out_features=256, bias=True)
          (value): Linear(in_features=256, out_features=256, bias=True)
          (query_p): Linear(in_features=256, out_features=256, bias=True)
          (key_p): Linear(in_features=256, out_features=256, bias=True)
          (query_layers): ModuleList(
            (0-1): 2 x Linear(in_features=128, out_features=128, bias=True)
          )
          (key_layers): ModuleList(
            (0-1): 2 x Linear(in_features=128, out_features=128, bias=True)
          )
          (fusion_layer): VanillaAttention(
            (projection): Sequential(
              (0): Linear(in_features=50, out_features=50, bias=True)
              (1): ReLU(inplace=True)
              (2): Linear(in_features=50, out_features=1, bias=True)
            )
          )
          (attn_dropout): Dropout(p=0.3, inplace=False)
          (dense): Linear(in_features=256, out_features=256, bias=True)
          (LayerNorm): LayerNorm((256,), eps=1e-12, elementwise_affine=True)
          (out_dropout): Dropout(p=0.5, inplace=False)
        )
        (feed_forward): FeedForward(
          (dense_1): Linear(in_features=256, out_features=256, bias=True)
          (dense_2): Linear(in_features=256, out_features=256, bias=True)
          (LayerNorm): LayerNorm((256,), eps=1e-12, elementwise_affine=True)
          (dropout): Dropout(p=0.5, inplace=False)
        )
      )
    )
  )
  (ap): ModuleList(
    (0-1): 2 x Linear(in_features=256, out_features=128, bias=True)
  )
  (LayerNorm): LayerNorm((256,), eps=1e-12, elementwise_affine=True)
  (dropout): Dropout(p=0.5, inplace=False)
  (loss_fct): CrossEntropyLoss()
  (attribute_loss_fct): BCEWithLogitsLoss()
)
Trainable parameters: 6566779
Tue 21 Oct 2025 21:28:22 INFO  epoch 0 training [time: 33.12s, train loss: 2489.8186]
Tue 21 Oct 2025 21:28:54 INFO  epoch 1 training [time: 31.87s, train loss: 2370.5376]
Tue 21 Oct 2025 21:28:56 INFO  epoch 1 evaluating [time: 2.34s, valid_score: 0.012300]
Tue 21 Oct 2025 21:28:56 INFO  valid result: 
recall@3 : 0.006    recall@5 : 0.0079    recall@10 : 0.0123    recall@20 : 0.0233    ndcg@3 : 0.0044    ndcg@5 : 0.0052    ndcg@10 : 0.0066    ndcg@20 : 0.0094    
Tue 21 Oct 2025 21:28:56 INFO  Saving current best: saved/SASRecD-Oct-21-2025_21-27-48.pth
Tue 21 Oct 2025 21:29:28 INFO  epoch 2 training [time: 31.83s, train loss: 2357.8611]
Tue 21 Oct 2025 21:30:00 INFO  epoch 3 training [time: 31.60s, train loss: 2350.1564]
Tue 21 Oct 2025 21:30:02 INFO  epoch 3 evaluating [time: 2.56s, valid_score: 0.012500]
Tue 21 Oct 2025 21:30:02 INFO  valid result: 
recall@3 : 0.0056    recall@5 : 0.0075    recall@10 : 0.0125    recall@20 : 0.0232    ndcg@3 : 0.0041    ndcg@5 : 0.0049    ndcg@10 : 0.0065    ndcg@20 : 0.0092    
Tue 21 Oct 2025 21:30:02 INFO  Saving current best: saved/SASRecD-Oct-21-2025_21-27-48.pth
Tue 21 Oct 2025 21:30:35 INFO  epoch 4 training [time: 32.42s, train loss: 2339.7451]
Tue 21 Oct 2025 21:31:08 INFO  epoch 5 training [time: 32.90s, train loss: 2323.1269]
Tue 21 Oct 2025 21:31:10 INFO  epoch 5 evaluating [time: 2.26s, valid_score: 0.016500]
Tue 21 Oct 2025 21:31:10 INFO  valid result: 
recall@3 : 0.0065    recall@5 : 0.0099    recall@10 : 0.0165    recall@20 : 0.0304    ndcg@3 : 0.0044    ndcg@5 : 0.0058    ndcg@10 : 0.0079    ndcg@20 : 0.0114    
Tue 21 Oct 2025 21:31:10 INFO  Saving current best: saved/SASRecD-Oct-21-2025_21-27-48.pth
Tue 21 Oct 2025 21:31:43 INFO  epoch 6 training [time: 32.96s, train loss: 2292.3066]
Tue 21 Oct 2025 21:32:15 INFO  epoch 7 training [time: 32.38s, train loss: 2262.3050]
Tue 21 Oct 2025 21:32:18 INFO  epoch 7 evaluating [time: 2.33s, valid_score: 0.023600]
Tue 21 Oct 2025 21:32:18 INFO  valid result: 
recall@3 : 0.0082    recall@5 : 0.0129    recall@10 : 0.0236    recall@20 : 0.041    ndcg@3 : 0.0057    ndcg@5 : 0.0076    ndcg@10 : 0.011    ndcg@20 : 0.0154    
Tue 21 Oct 2025 21:32:18 INFO  Saving current best: saved/SASRecD-Oct-21-2025_21-27-48.pth
Tue 21 Oct 2025 21:32:51 INFO  epoch 8 training [time: 33.14s, train loss: 2236.0523]
Tue 21 Oct 2025 21:33:24 INFO  epoch 9 training [time: 33.15s, train loss: 2212.4615]
Tue 21 Oct 2025 21:33:26 INFO  epoch 9 evaluating [time: 2.30s, valid_score: 0.030100]
Tue 21 Oct 2025 21:33:26 INFO  valid result: 
recall@3 : 0.0104    recall@5 : 0.0171    recall@10 : 0.0301    recall@20 : 0.0503    ndcg@3 : 0.007    ndcg@5 : 0.0097    ndcg@10 : 0.0139    ndcg@20 : 0.019    
Tue 21 Oct 2025 21:33:27 INFO  Saving current best: saved/SASRecD-Oct-21-2025_21-27-48.pth
Tue 21 Oct 2025 21:34:00 INFO  epoch 10 training [time: 33.05s, train loss: 2189.5839]
Tue 21 Oct 2025 21:34:33 INFO  epoch 11 training [time: 32.98s, train loss: 2168.2318]
Tue 21 Oct 2025 21:34:35 INFO  epoch 11 evaluating [time: 2.31s, valid_score: 0.037100]
Tue 21 Oct 2025 21:34:35 INFO  valid result: 
recall@3 : 0.0157    recall@5 : 0.0227    recall@10 : 0.0371    recall@20 : 0.059    ndcg@3 : 0.0101    ndcg@5 : 0.0129    ndcg@10 : 0.0175    ndcg@20 : 0.023    
Tue 21 Oct 2025 21:34:35 INFO  Saving current best: saved/SASRecD-Oct-21-2025_21-27-48.pth
Tue 21 Oct 2025 21:35:07 INFO  epoch 12 training [time: 31.57s, train loss: 2147.5888]
Tue 21 Oct 2025 21:35:39 INFO  epoch 13 training [time: 32.00s, train loss: 2127.5426]
Tue 21 Oct 2025 21:35:41 INFO  epoch 13 evaluating [time: 2.20s, valid_score: 0.043500]
Tue 21 Oct 2025 21:35:41 INFO  valid result: 
recall@3 : 0.0184    recall@5 : 0.027    recall@10 : 0.0435    recall@20 : 0.0667    ndcg@3 : 0.0117    ndcg@5 : 0.0152    ndcg@10 : 0.0205    ndcg@20 : 0.0264    
Tue 21 Oct 2025 21:35:41 INFO  Saving current best: saved/SASRecD-Oct-21-2025_21-27-48.pth
Tue 21 Oct 2025 21:36:13 INFO  epoch 14 training [time: 32.01s, train loss: 2108.4867]
Tue 21 Oct 2025 21:36:45 INFO  epoch 15 training [time: 32.41s, train loss: 2090.6490]
Tue 21 Oct 2025 21:36:47 INFO  epoch 15 evaluating [time: 2.18s, valid_score: 0.046600]
Tue 21 Oct 2025 21:36:47 INFO  valid result: 
recall@3 : 0.0207    recall@5 : 0.0305    recall@10 : 0.0466    recall@20 : 0.0725    ndcg@3 : 0.013    ndcg@5 : 0.017    ndcg@10 : 0.0222    ndcg@20 : 0.0287    
Tue 21 Oct 2025 21:36:48 INFO  Saving current best: saved/SASRecD-Oct-21-2025_21-27-48.pth
Tue 21 Oct 2025 21:37:19 INFO  epoch 16 training [time: 31.86s, train loss: 2073.3802]
Tue 21 Oct 2025 21:37:51 INFO  epoch 17 training [time: 31.91s, train loss: 2057.3620]
Tue 21 Oct 2025 21:37:54 INFO  epoch 17 evaluating [time: 2.25s, valid_score: 0.050200]
Tue 21 Oct 2025 21:37:54 INFO  valid result: 
recall@3 : 0.0226    recall@5 : 0.033    recall@10 : 0.0502    recall@20 : 0.0769    ndcg@3 : 0.0141    ndcg@5 : 0.0183    ndcg@10 : 0.0239    ndcg@20 : 0.0306    
Tue 21 Oct 2025 21:37:54 INFO  Saving current best: saved/SASRecD-Oct-21-2025_21-27-48.pth
Tue 21 Oct 2025 21:38:26 INFO  epoch 18 training [time: 32.12s, train loss: 2042.1959]
Tue 21 Oct 2025 21:38:58 INFO  epoch 19 training [time: 32.61s, train loss: 2027.8703]
Tue 21 Oct 2025 21:39:01 INFO  epoch 19 evaluating [time: 2.34s, valid_score: 0.053400]
Tue 21 Oct 2025 21:39:01 INFO  valid result: 
recall@3 : 0.0242    recall@5 : 0.036    recall@10 : 0.0534    recall@20 : 0.0809    ndcg@3 : 0.015    ndcg@5 : 0.0198    ndcg@10 : 0.0254    ndcg@20 : 0.0323    
Tue 21 Oct 2025 21:39:01 INFO  Saving current best: saved/SASRecD-Oct-21-2025_21-27-48.pth
Tue 21 Oct 2025 21:39:34 INFO  epoch 20 training [time: 33.08s, train loss: 2013.8473]
Tue 21 Oct 2025 21:40:06 INFO  epoch 21 training [time: 32.41s, train loss: 2000.7472]
Tue 21 Oct 2025 21:40:09 INFO  epoch 21 evaluating [time: 2.24s, valid_score: 0.056100]
Tue 21 Oct 2025 21:40:09 INFO  valid result: 
recall@3 : 0.0261    recall@5 : 0.0371    recall@10 : 0.0561    recall@20 : 0.0835    ndcg@3 : 0.0158    ndcg@5 : 0.0204    ndcg@10 : 0.0265    ndcg@20 : 0.0334    
Tue 21 Oct 2025 21:40:09 INFO  Saving current best: saved/SASRecD-Oct-21-2025_21-27-48.pth
Tue 21 Oct 2025 21:40:41 INFO  epoch 22 training [time: 32.29s, train loss: 1987.7686]
Tue 21 Oct 2025 21:41:13 INFO  epoch 23 training [time: 32.03s, train loss: 1975.7645]
Tue 21 Oct 2025 21:41:15 INFO  epoch 23 evaluating [time: 2.27s, valid_score: 0.058500]
Tue 21 Oct 2025 21:41:15 INFO  valid result: 
recall@3 : 0.0268    recall@5 : 0.0385    recall@10 : 0.0585    recall@20 : 0.0861    ndcg@3 : 0.0163    ndcg@5 : 0.0211    ndcg@10 : 0.0275    ndcg@20 : 0.0345    
Tue 21 Oct 2025 21:41:15 INFO  Saving current best: saved/SASRecD-Oct-21-2025_21-27-48.pth
Tue 21 Oct 2025 21:41:47 INFO  epoch 24 training [time: 32.08s, train loss: 1963.8322]
Tue 21 Oct 2025 21:42:19 INFO  epoch 25 training [time: 31.21s, train loss: 1952.8735]
Tue 21 Oct 2025 21:42:21 INFO  epoch 25 evaluating [time: 2.09s, valid_score: 0.060300]
Tue 21 Oct 2025 21:42:21 INFO  valid result: 
recall@3 : 0.0267    recall@5 : 0.0398    recall@10 : 0.0603    recall@20 : 0.0877    ndcg@3 : 0.0161    ndcg@5 : 0.0215    ndcg@10 : 0.0281    ndcg@20 : 0.035    
Tue 21 Oct 2025 21:42:21 INFO  Saving current best: saved/SASRecD-Oct-21-2025_21-27-48.pth
Tue 21 Oct 2025 21:42:52 INFO  epoch 26 training [time: 31.37s, train loss: 1942.4191]
Tue 21 Oct 2025 21:43:23 INFO  epoch 27 training [time: 31.03s, train loss: 1932.7330]
Tue 21 Oct 2025 21:43:26 INFO  epoch 27 evaluating [time: 2.27s, valid_score: 0.061500]
Tue 21 Oct 2025 21:43:26 INFO  valid result: 
recall@3 : 0.0272    recall@5 : 0.0408    recall@10 : 0.0615    recall@20 : 0.0889    ndcg@3 : 0.0163    ndcg@5 : 0.022    ndcg@10 : 0.0286    ndcg@20 : 0.0355    
Tue 21 Oct 2025 21:43:26 INFO  Saving current best: saved/SASRecD-Oct-21-2025_21-27-48.pth
Tue 21 Oct 2025 21:43:58 INFO  epoch 28 training [time: 32.25s, train loss: 1922.4805]
Tue 21 Oct 2025 21:44:31 INFO  epoch 29 training [time: 32.74s, train loss: 1913.7334]
Tue 21 Oct 2025 21:44:33 INFO  epoch 29 evaluating [time: 2.32s, valid_score: 0.062000]
Tue 21 Oct 2025 21:44:33 INFO  valid result: 
recall@3 : 0.0279    recall@5 : 0.0409    recall@10 : 0.062    recall@20 : 0.0905    ndcg@3 : 0.0167    ndcg@5 : 0.0221    ndcg@10 : 0.0289    ndcg@20 : 0.0361    
Tue 21 Oct 2025 21:44:33 INFO  Saving current best: saved/SASRecD-Oct-21-2025_21-27-48.pth
Tue 21 Oct 2025 21:45:06 INFO  epoch 30 training [time: 32.80s, train loss: 1904.4701]
Tue 21 Oct 2025 21:45:38 INFO  epoch 31 training [time: 32.38s, train loss: 1896.3750]
Tue 21 Oct 2025 21:45:40 INFO  epoch 31 evaluating [time: 2.22s, valid_score: 0.063000]
Tue 21 Oct 2025 21:45:40 INFO  valid result: 
recall@3 : 0.0272    recall@5 : 0.0413    recall@10 : 0.063    recall@20 : 0.0919    ndcg@3 : 0.0164    ndcg@5 : 0.0222    ndcg@10 : 0.0291    ndcg@20 : 0.0364    
Tue 21 Oct 2025 21:45:41 INFO  Saving current best: saved/SASRecD-Oct-21-2025_21-27-48.pth
Tue 21 Oct 2025 21:46:13 INFO  epoch 32 training [time: 32.00s, train loss: 1887.9968]
Tue 21 Oct 2025 21:46:45 INFO  epoch 33 training [time: 32.63s, train loss: 1879.8155]
Tue 21 Oct 2025 21:46:47 INFO  epoch 33 evaluating [time: 2.14s, valid_score: 0.063500]
Tue 21 Oct 2025 21:46:47 INFO  valid result: 
recall@3 : 0.0278    recall@5 : 0.0413    recall@10 : 0.0635    recall@20 : 0.0932    ndcg@3 : 0.0166    ndcg@5 : 0.0222    ndcg@10 : 0.0293    ndcg@20 : 0.0368    
Tue 21 Oct 2025 21:46:47 INFO  Saving current best: saved/SASRecD-Oct-21-2025_21-27-48.pth
Tue 21 Oct 2025 21:47:20 INFO  epoch 34 training [time: 32.95s, train loss: 1872.7585]
Tue 21 Oct 2025 21:47:53 INFO  epoch 35 training [time: 33.13s, train loss: 1865.7940]
Tue 21 Oct 2025 21:47:56 INFO  epoch 35 evaluating [time: 2.32s, valid_score: 0.064100]
Tue 21 Oct 2025 21:47:56 INFO  valid result: 
recall@3 : 0.0281    recall@5 : 0.041    recall@10 : 0.0641    recall@20 : 0.0931    ndcg@3 : 0.017    ndcg@5 : 0.0222    ndcg@10 : 0.0297    ndcg@20 : 0.037    
Tue 21 Oct 2025 21:47:56 INFO  Saving current best: saved/SASRecD-Oct-21-2025_21-27-48.pth
Tue 21 Oct 2025 21:48:29 INFO  epoch 36 training [time: 33.07s, train loss: 1858.7615]
Tue 21 Oct 2025 21:49:02 INFO  epoch 37 training [time: 32.87s, train loss: 1852.2030]
Tue 21 Oct 2025 21:49:04 INFO  epoch 37 evaluating [time: 2.20s, valid_score: 0.063900]
Tue 21 Oct 2025 21:49:04 INFO  valid result: 
recall@3 : 0.0287    recall@5 : 0.0416    recall@10 : 0.0639    recall@20 : 0.0944    ndcg@3 : 0.0172    ndcg@5 : 0.0225    ndcg@10 : 0.0297    ndcg@20 : 0.0374    
Tue 21 Oct 2025 21:49:36 INFO  epoch 38 training [time: 32.32s, train loss: 1845.9399]
Tue 21 Oct 2025 21:50:09 INFO  epoch 39 training [time: 32.49s, train loss: 1839.6207]
Tue 21 Oct 2025 21:50:11 INFO  epoch 39 evaluating [time: 2.27s, valid_score: 0.064700]
Tue 21 Oct 2025 21:50:11 INFO  valid result: 
recall@3 : 0.0284    recall@5 : 0.0414    recall@10 : 0.0647    recall@20 : 0.0949    ndcg@3 : 0.0171    ndcg@5 : 0.0224    ndcg@10 : 0.0299    ndcg@20 : 0.0375    
Tue 21 Oct 2025 21:50:11 INFO  Saving current best: saved/SASRecD-Oct-21-2025_21-27-48.pth
Tue 21 Oct 2025 21:50:43 INFO  epoch 40 training [time: 32.25s, train loss: 1833.5730]
Tue 21 Oct 2025 21:51:16 INFO  epoch 41 training [time: 32.19s, train loss: 1828.6249]
Tue 21 Oct 2025 21:51:18 INFO  epoch 41 evaluating [time: 2.32s, valid_score: 0.064900]
Tue 21 Oct 2025 21:51:18 INFO  valid result: 
recall@3 : 0.0288    recall@5 : 0.0414    recall@10 : 0.0649    recall@20 : 0.0942    ndcg@3 : 0.0174    ndcg@5 : 0.0226    ndcg@10 : 0.0301    ndcg@20 : 0.0375    
Tue 21 Oct 2025 21:51:18 INFO  Saving current best: saved/SASRecD-Oct-21-2025_21-27-48.pth
Tue 21 Oct 2025 21:51:51 INFO  epoch 42 training [time: 33.16s, train loss: 1823.3889]
Tue 21 Oct 2025 21:52:24 INFO  epoch 43 training [time: 33.15s, train loss: 1817.9438]
Tue 21 Oct 2025 21:52:27 INFO  epoch 43 evaluating [time: 2.24s, valid_score: 0.064800]
Tue 21 Oct 2025 21:52:27 INFO  valid result: 
recall@3 : 0.0289    recall@5 : 0.0419    recall@10 : 0.0648    recall@20 : 0.0947    ndcg@3 : 0.0174    ndcg@5 : 0.0228    ndcg@10 : 0.0301    ndcg@20 : 0.0376    
Tue 21 Oct 2025 21:53:00 INFO  epoch 44 training [time: 33.12s, train loss: 1812.5554]
Tue 21 Oct 2025 21:53:33 INFO  epoch 45 training [time: 32.83s, train loss: 1808.0963]
Tue 21 Oct 2025 21:53:35 INFO  epoch 45 evaluating [time: 2.26s, valid_score: 0.065600]
Tue 21 Oct 2025 21:53:35 INFO  valid result: 
recall@3 : 0.0287    recall@5 : 0.0423    recall@10 : 0.0656    recall@20 : 0.0955    ndcg@3 : 0.0174    ndcg@5 : 0.0231    ndcg@10 : 0.0305    ndcg@20 : 0.0381    
Tue 21 Oct 2025 21:53:35 INFO  Saving current best: saved/SASRecD-Oct-21-2025_21-27-48.pth
Tue 21 Oct 2025 21:54:08 INFO  epoch 46 training [time: 33.14s, train loss: 1803.3923]
Tue 21 Oct 2025 21:54:40 INFO  epoch 47 training [time: 32.37s, train loss: 1799.2769]
Tue 21 Oct 2025 21:54:43 INFO  epoch 47 evaluating [time: 2.09s, valid_score: 0.065200]
Tue 21 Oct 2025 21:54:43 INFO  valid result: 
recall@3 : 0.0291    recall@5 : 0.0417    recall@10 : 0.0652    recall@20 : 0.0944    ndcg@3 : 0.0178    ndcg@5 : 0.0229    ndcg@10 : 0.0305    ndcg@20 : 0.0378    
Tue 21 Oct 2025 21:55:15 INFO  epoch 48 training [time: 32.17s, train loss: 1794.7373]
Tue 21 Oct 2025 21:55:48 INFO  epoch 49 training [time: 32.87s, train loss: 1790.1234]
Tue 21 Oct 2025 21:55:50 INFO  epoch 49 evaluating [time: 2.06s, valid_score: 0.065100]
Tue 21 Oct 2025 21:55:50 INFO  valid result: 
recall@3 : 0.0289    recall@5 : 0.0417    recall@10 : 0.0651    recall@20 : 0.0946    ndcg@3 : 0.0176    ndcg@5 : 0.0229    ndcg@10 : 0.0305    ndcg@20 : 0.0379    
Tue 21 Oct 2025 21:56:21 INFO  epoch 50 training [time: 31.44s, train loss: 1785.8030]
Tue 21 Oct 2025 21:56:52 INFO  epoch 51 training [time: 31.12s, train loss: 1781.7733]
Tue 21 Oct 2025 21:56:54 INFO  epoch 51 evaluating [time: 2.10s, valid_score: 0.064600]
Tue 21 Oct 2025 21:56:54 INFO  valid result: 
recall@3 : 0.0288    recall@5 : 0.042    recall@10 : 0.0646    recall@20 : 0.0943    ndcg@3 : 0.0176    ndcg@5 : 0.0231    ndcg@10 : 0.0304    ndcg@20 : 0.0379    
Tue 21 Oct 2025 21:57:26 INFO  epoch 52 training [time: 31.32s, train loss: 1777.1614]
Tue 21 Oct 2025 21:57:58 INFO  epoch 53 training [time: 31.95s, train loss: 1773.0499]
Tue 21 Oct 2025 21:58:00 INFO  epoch 53 evaluating [time: 2.17s, valid_score: 0.064600]
Tue 21 Oct 2025 21:58:00 INFO  valid result: 
recall@3 : 0.0292    recall@5 : 0.0419    recall@10 : 0.0646    recall@20 : 0.0943    ndcg@3 : 0.0179    ndcg@5 : 0.0231    ndcg@10 : 0.0304    ndcg@20 : 0.0379    
Tue 21 Oct 2025 21:58:32 INFO  epoch 54 training [time: 31.87s, train loss: 1769.7815]
Tue 21 Oct 2025 21:59:03 INFO  epoch 55 training [time: 31.54s, train loss: 1765.5940]
Tue 21 Oct 2025 21:59:05 INFO  epoch 55 evaluating [time: 2.14s, valid_score: 0.065500]
Tue 21 Oct 2025 21:59:05 INFO  valid result: 
recall@3 : 0.0289    recall@5 : 0.0424    recall@10 : 0.0655    recall@20 : 0.0942    ndcg@3 : 0.0177    ndcg@5 : 0.0233    ndcg@10 : 0.0307    ndcg@20 : 0.038    
Tue 21 Oct 2025 21:59:37 INFO  epoch 56 training [time: 31.54s, train loss: 1761.5189]
Tue 21 Oct 2025 22:00:08 INFO  epoch 57 training [time: 31.57s, train loss: 1757.9392]
Tue 21 Oct 2025 22:00:11 INFO  epoch 57 evaluating [time: 2.18s, valid_score: 0.064800]
Tue 21 Oct 2025 22:00:11 INFO  valid result: 
recall@3 : 0.0288    recall@5 : 0.0419    recall@10 : 0.0648    recall@20 : 0.094    ndcg@3 : 0.0178    ndcg@5 : 0.0231    ndcg@10 : 0.0305    ndcg@20 : 0.0379    
Tue 21 Oct 2025 22:00:42 INFO  epoch 58 training [time: 31.55s, train loss: 1754.2484]
Tue 21 Oct 2025 22:01:15 INFO  epoch 59 training [time: 32.62s, train loss: 1750.4608]
Tue 21 Oct 2025 22:01:17 INFO  epoch 59 evaluating [time: 2.26s, valid_score: 0.064700]
Tue 21 Oct 2025 22:01:17 INFO  valid result: 
recall@3 : 0.0287    recall@5 : 0.0419    recall@10 : 0.0647    recall@20 : 0.094    ndcg@3 : 0.0178    ndcg@5 : 0.0232    ndcg@10 : 0.0306    ndcg@20 : 0.0379    
Tue 21 Oct 2025 22:01:50 INFO  epoch 60 training [time: 32.67s, train loss: 1746.9794]
Tue 21 Oct 2025 22:02:22 INFO  epoch 61 training [time: 32.73s, train loss: 1743.6617]
Tue 21 Oct 2025 22:02:25 INFO  epoch 61 evaluating [time: 2.26s, valid_score: 0.064700]
Tue 21 Oct 2025 22:02:25 INFO  valid result: 
recall@3 : 0.0286    recall@5 : 0.0418    recall@10 : 0.0647    recall@20 : 0.0933    ndcg@3 : 0.0177    ndcg@5 : 0.0231    ndcg@10 : 0.0305    ndcg@20 : 0.0377    
Tue 21 Oct 2025 22:02:57 INFO  epoch 62 training [time: 32.47s, train loss: 1739.5515]
Tue 21 Oct 2025 22:03:30 INFO  epoch 63 training [time: 32.60s, train loss: 1736.8720]
Tue 21 Oct 2025 22:03:32 INFO  epoch 63 evaluating [time: 2.22s, valid_score: 0.065000]
Tue 21 Oct 2025 22:03:32 INFO  valid result: 
recall@3 : 0.0287    recall@5 : 0.0423    recall@10 : 0.065    recall@20 : 0.0935    ndcg@3 : 0.0178    ndcg@5 : 0.0233    ndcg@10 : 0.0306    ndcg@20 : 0.0378    
Tue 21 Oct 2025 22:04:04 INFO  epoch 64 training [time: 31.88s, train loss: 1732.7265]
Tue 21 Oct 2025 22:04:36 INFO  epoch 65 training [time: 31.82s, train loss: 1729.4884]
Tue 21 Oct 2025 22:04:38 INFO  epoch 65 evaluating [time: 2.15s, valid_score: 0.064200]
Tue 21 Oct 2025 22:04:38 INFO  valid result: 
recall@3 : 0.0286    recall@5 : 0.0423    recall@10 : 0.0642    recall@20 : 0.0932    ndcg@3 : 0.0177    ndcg@5 : 0.0233    ndcg@10 : 0.0304    ndcg@20 : 0.0377    
Tue 21 Oct 2025 22:05:09 INFO  epoch 66 training [time: 31.63s, train loss: 1726.2316]
Tue 21 Oct 2025 22:05:41 INFO  epoch 67 training [time: 31.73s, train loss: 1723.0946]
Tue 21 Oct 2025 22:05:43 INFO  epoch 67 evaluating [time: 2.24s, valid_score: 0.064200]
Tue 21 Oct 2025 22:05:43 INFO  valid result: 
recall@3 : 0.0283    recall@5 : 0.0423    recall@10 : 0.0642    recall@20 : 0.0926    ndcg@3 : 0.0176    ndcg@5 : 0.0233    ndcg@10 : 0.0304    ndcg@20 : 0.0375    
Tue 21 Oct 2025 22:05:43 INFO  Finished training, best eval result in epoch 45
Tue 21 Oct 2025 22:05:43 INFO  Loading model structure and parameters from saved/SASRecD-Oct-21-2025_21-27-48.pth
Tue 21 Oct 2025 22:05:46 INFO  best valid : {'recall@3': np.float64(0.0287), 'recall@5': np.float64(0.0423), 'recall@10': np.float64(0.0656), 'recall@20': np.float64(0.0955), 'ndcg@3': np.float64(0.0174), 'ndcg@5': np.float64(0.0231), 'ndcg@10': np.float64(0.0305), 'ndcg@20': np.float64(0.0381)}
Tue 21 Oct 2025 22:05:46 INFO  test result: {'recall@3': np.float64(0.0229), 'recall@5': np.float64(0.0337), 'recall@10': np.float64(0.0521), 'recall@20': np.float64(0.078), 'ndcg@3': np.float64(0.0137), 'ndcg@5': np.float64(0.0182), 'ndcg@10': np.float64(0.0241), 'ndcg@20': np.float64(0.0306)}
