Tue 21 Oct 2025 22:44:35 INFO  
General Hyper Parameters:
gpu_id = 0
use_gpu = True
seed = 212
state = INFO
reproducibility = True
data_path = ./recbole/data/dataset/Amazon_Sports_and_Outdoors
show_progress = True
save_dataset = False
save_dataloaders = False
benchmark_filename = None

Training Hyper Parameters:
checkpoint_dir = saved
epochs = 200
train_batch_size = 1024
learner = adam
learning_rate = 0.0001
eval_step = 2
stopping_step = 10
clip_grad_norm = None
weight_decay = 0.0
loss_decimal_place = 4

Evaluation Hyper Parameters:
eval_args = {'split': {'LS': 'valid_and_test'}, 'group_by': 'user', 'order': 'TO', 'mode': 'full'}
metrics = ['Recall', 'NDCG']
topk = [3, 5, 10, 20]
valid_metric = Recall@10
valid_metric_bigger = True
eval_batch_size = 256
metric_decimal_place = 4

Dataset Hyper Parameters:
field_separator = 	
seq_separator =  
USER_ID_FIELD = user_id
ITEM_ID_FIELD = item_id
RATING_FIELD = rating
TIME_FIELD = timestamp
seq_len = None
LABEL_FIELD = label
threshold = None
NEG_PREFIX = neg_
load_col = {'inter': ['user_id', 'item_id', 'rating', 'timestamp'], 'item': ['item_id', 'title', 'sales_rank', 'price', 'brand', 'categories', 'sales_type'], 'noise': ['ent_id', 'ent_emb']}
unload_col = None
unused_col = None
additional_feat_suffix = ['noise']
rm_dup_inter = None
val_interval = None
filter_inter_by_user_or_item = True
user_inter_num_interval = [5,inf)
item_inter_num_interval = [5,inf)
alias_of_user_id = None
alias_of_item_id = ['ent_id']
alias_of_entity_id = None
alias_of_relation_id = None
preload_weight = {'ent_id': 'ent_emb'}
normalize_field = None
normalize_all = None
ITEM_LIST_LENGTH_FIELD = item_length
LIST_SUFFIX = _list
MAX_ITEM_LIST_LENGTH = 50
POSITION_FIELD = position_id
HEAD_ENTITY_ID_FIELD = head_id
TAIL_ENTITY_ID_FIELD = tail_id
RELATION_ID_FIELD = relation_id
ENTITY_ID_FIELD = entity_id

Other Hyper Parameters: 
neg_sampling = None
multi_gpus = False
repeatable = True
n_layers = 3
n_heads = 8
hidden_size = 256
attribute_hidden_size = [128]
inner_size = 256
hidden_dropout_prob = 0.5
attn_dropout_prob = 0.3
hidden_act = gelu
layer_norm_eps = 1e-12
initializer_range = 0.02
selected_features = ['ent_emb']
pooling_mode = sum
loss_type = CE
weight_sharing = not
fusion_type = gate
lamdas = [5]
attribute_predictor = ['cos_sim']
MODEL_TYPE = ModelType.SEQUENTIAL
feature_type = ['static']
annealing = False
MODEL_INPUT_TYPE = InputType.POINTWISE
eval_type = EvaluatorType.RANKING
device = cuda
train_neg_sample_args = {'strategy': 'none'}
eval_neg_sample_args = {'strategy': 'full', 'distribution': 'uniform'}


Tue 21 Oct 2025 22:44:36 INFO  Amazon_Sports_and_Outdoors
The number of users: 35599
Average actions of users: 8.324540704533963
The number of items: 18358
Average actions of items: 16.142997221768262
The number of inters: 296337
The sparsity of the dataset: 99.95465569853714%
Remain Fields: ['user_id', 'item_id', 'rating', 'timestamp', 'title', 'price', 'brand', 'categories', 'sales_type', 'sales_rank', 'ent_id', 'ent_emb']
Tue 21 Oct 2025 22:44:39 INFO  [Training]: train_batch_size = [1024] negative sampling: [None]
Tue 21 Oct 2025 22:44:39 INFO  [Evaluation]: eval_batch_size = [256] eval_args: [{'split': {'LS': 'valid_and_test'}, 'group_by': 'user', 'order': 'TO', 'mode': 'full'}]
Tue 21 Oct 2025 22:44:39 INFO  SASRecD(
  (item_embedding): Embedding(18358, 256, padding_idx=0)
  (position_embedding): Embedding(50, 256)
  (feature_embed_layer_list): ModuleList(
    (0): Embedding(18358, 128)
  )
  (trm_encoder): DIFTransformerEncoder(
    (layer): ModuleList(
      (0-2): 3 x DIFTransformerLayer(
        (multi_head_attention): DIFMultiHeadAttention(
          (query): Linear(in_features=256, out_features=256, bias=True)
          (key): Linear(in_features=256, out_features=256, bias=True)
          (value): Linear(in_features=256, out_features=256, bias=True)
          (query_p): Linear(in_features=256, out_features=256, bias=True)
          (key_p): Linear(in_features=256, out_features=256, bias=True)
          (query_layers): ModuleList(
            (0): Linear(in_features=128, out_features=128, bias=True)
          )
          (key_layers): ModuleList(
            (0): Linear(in_features=128, out_features=128, bias=True)
          )
          (fusion_layer): VanillaAttention(
            (projection): Sequential(
              (0): Linear(in_features=50, out_features=50, bias=True)
              (1): ReLU(inplace=True)
              (2): Linear(in_features=50, out_features=1, bias=True)
            )
          )
          (attn_dropout): Dropout(p=0.3, inplace=False)
          (dense): Linear(in_features=256, out_features=256, bias=True)
          (LayerNorm): LayerNorm((256,), eps=1e-12, elementwise_affine=True)
          (out_dropout): Dropout(p=0.5, inplace=False)
        )
        (feed_forward): FeedForward(
          (dense_1): Linear(in_features=256, out_features=256, bias=True)
          (dense_2): Linear(in_features=256, out_features=256, bias=True)
          (LayerNorm): LayerNorm((256,), eps=1e-12, elementwise_affine=True)
          (dropout): Dropout(p=0.5, inplace=False)
        )
      )
    )
  )
  (ap): ModuleList(
    (0): Linear(in_features=256, out_features=128, bias=True)
  )
  (LayerNorm): LayerNorm((256,), eps=1e-12, elementwise_affine=True)
  (dropout): Dropout(p=0.5, inplace=False)
  (loss_fct): CrossEntropyLoss()
  (attribute_loss_fct): BCEWithLogitsLoss()
)
Trainable parameters: 6434811
Tue 21 Oct 2025 22:45:10 INFO  epoch 0 training [time: 30.00s, train loss: 2757.5522]
Tue 21 Oct 2025 22:45:40 INFO  epoch 1 training [time: 29.96s, train loss: 2684.6573]
Tue 21 Oct 2025 22:45:42 INFO  epoch 1 evaluating [time: 2.11s, valid_score: 0.012600]
Tue 21 Oct 2025 22:45:42 INFO  valid result: 
recall@3 : 0.006    recall@5 : 0.0082    recall@10 : 0.0126    recall@20 : 0.0213    ndcg@3 : 0.0043    ndcg@5 : 0.0052    ndcg@10 : 0.0067    ndcg@20 : 0.0089    
Tue 21 Oct 2025 22:45:42 INFO  Saving current best: saved/SASRecD-Oct-21-2025_22-44-39.pth
Tue 21 Oct 2025 22:46:11 INFO  epoch 2 training [time: 29.00s, train loss: 2639.1663]
Tue 21 Oct 2025 22:46:40 INFO  epoch 3 training [time: 28.82s, train loss: 2619.4712]
Tue 21 Oct 2025 22:46:42 INFO  epoch 3 evaluating [time: 1.93s, valid_score: 0.012900]
Tue 21 Oct 2025 22:46:42 INFO  valid result: 
recall@3 : 0.0055    recall@5 : 0.0075    recall@10 : 0.0129    recall@20 : 0.0226    ndcg@3 : 0.0039    ndcg@5 : 0.0047    ndcg@10 : 0.0064    ndcg@20 : 0.0089    
Tue 21 Oct 2025 22:46:42 INFO  Saving current best: saved/SASRecD-Oct-21-2025_22-44-39.pth
Tue 21 Oct 2025 22:47:12 INFO  epoch 4 training [time: 29.94s, train loss: 2601.8701]
Tue 21 Oct 2025 22:47:42 INFO  epoch 5 training [time: 30.70s, train loss: 2581.1383]
Tue 21 Oct 2025 22:47:44 INFO  epoch 5 evaluating [time: 2.02s, valid_score: 0.016100]
Tue 21 Oct 2025 22:47:44 INFO  valid result: 
recall@3 : 0.0059    recall@5 : 0.0089    recall@10 : 0.0161    recall@20 : 0.0273    ndcg@3 : 0.0039    ndcg@5 : 0.0052    ndcg@10 : 0.0075    ndcg@20 : 0.0103    
Tue 21 Oct 2025 22:47:44 INFO  Saving current best: saved/SASRecD-Oct-21-2025_22-44-39.pth
Tue 21 Oct 2025 22:48:15 INFO  epoch 6 training [time: 30.12s, train loss: 2553.5796]
Tue 21 Oct 2025 22:48:42 INFO  epoch 7 training [time: 27.88s, train loss: 2523.0543]
Tue 21 Oct 2025 22:48:44 INFO  epoch 7 evaluating [time: 1.90s, valid_score: 0.022100]
Tue 21 Oct 2025 22:48:44 INFO  valid result: 
recall@3 : 0.0078    recall@5 : 0.0126    recall@10 : 0.0221    recall@20 : 0.0396    ndcg@3 : 0.0053    ndcg@5 : 0.0073    ndcg@10 : 0.0103    ndcg@20 : 0.0147    
Tue 21 Oct 2025 22:48:44 INFO  Saving current best: saved/SASRecD-Oct-21-2025_22-44-39.pth
Tue 21 Oct 2025 22:49:12 INFO  epoch 8 training [time: 27.84s, train loss: 2494.8890]
Tue 21 Oct 2025 22:49:40 INFO  epoch 9 training [time: 27.87s, train loss: 2468.7322]
Tue 21 Oct 2025 22:49:42 INFO  epoch 9 evaluating [time: 1.90s, valid_score: 0.029100]
Tue 21 Oct 2025 22:49:42 INFO  valid result: 
recall@3 : 0.01    recall@5 : 0.0159    recall@10 : 0.0291    recall@20 : 0.0484    ndcg@3 : 0.0067    ndcg@5 : 0.0091    ndcg@10 : 0.0134    ndcg@20 : 0.0182    
Tue 21 Oct 2025 22:49:42 INFO  Saving current best: saved/SASRecD-Oct-21-2025_22-44-39.pth
Tue 21 Oct 2025 22:50:10 INFO  epoch 10 training [time: 27.88s, train loss: 2444.5779]
Tue 21 Oct 2025 22:50:38 INFO  epoch 11 training [time: 27.87s, train loss: 2422.0918]
Tue 21 Oct 2025 22:50:40 INFO  epoch 11 evaluating [time: 1.90s, valid_score: 0.035700]
Tue 21 Oct 2025 22:50:40 INFO  valid result: 
recall@3 : 0.0133    recall@5 : 0.0203    recall@10 : 0.0357    recall@20 : 0.0561    ndcg@3 : 0.0087    ndcg@5 : 0.0115    ndcg@10 : 0.0164    ndcg@20 : 0.0216    
Tue 21 Oct 2025 22:50:40 INFO  Saving current best: saved/SASRecD-Oct-21-2025_22-44-39.pth
Tue 21 Oct 2025 22:51:08 INFO  epoch 12 training [time: 28.55s, train loss: 2400.9136]
Tue 21 Oct 2025 22:51:36 INFO  epoch 13 training [time: 27.81s, train loss: 2381.6279]
Tue 21 Oct 2025 22:51:38 INFO  epoch 13 evaluating [time: 1.91s, valid_score: 0.040700]
Tue 21 Oct 2025 22:51:38 INFO  valid result: 
recall@3 : 0.0165    recall@5 : 0.0249    recall@10 : 0.0407    recall@20 : 0.0631    ndcg@3 : 0.0106    ndcg@5 : 0.014    ndcg@10 : 0.0191    ndcg@20 : 0.0248    
Tue 21 Oct 2025 22:51:38 INFO  Saving current best: saved/SASRecD-Oct-21-2025_22-44-39.pth
Tue 21 Oct 2025 22:52:07 INFO  epoch 14 training [time: 28.98s, train loss: 2363.0824]
Tue 21 Oct 2025 22:52:38 INFO  epoch 15 training [time: 30.68s, train loss: 2344.9822]
Tue 21 Oct 2025 22:52:40 INFO  epoch 15 evaluating [time: 2.07s, valid_score: 0.044700]
Tue 21 Oct 2025 22:52:40 INFO  valid result: 
recall@3 : 0.019    recall@5 : 0.0285    recall@10 : 0.0447    recall@20 : 0.0681    ndcg@3 : 0.0119    ndcg@5 : 0.0158    ndcg@10 : 0.021    ndcg@20 : 0.027    
Tue 21 Oct 2025 22:52:40 INFO  Saving current best: saved/SASRecD-Oct-21-2025_22-44-39.pth
Tue 21 Oct 2025 22:53:10 INFO  epoch 16 training [time: 29.78s, train loss: 2328.2822]
Tue 21 Oct 2025 22:53:37 INFO  epoch 17 training [time: 26.87s, train loss: 2312.3734]
Tue 21 Oct 2025 22:53:39 INFO  epoch 17 evaluating [time: 1.90s, valid_score: 0.048100]
Tue 21 Oct 2025 22:53:39 INFO  valid result: 
recall@3 : 0.0205    recall@5 : 0.0316    recall@10 : 0.0481    recall@20 : 0.0722    ndcg@3 : 0.0129    ndcg@5 : 0.0174    ndcg@10 : 0.0227    ndcg@20 : 0.0288    
Tue 21 Oct 2025 22:53:39 INFO  Saving current best: saved/SASRecD-Oct-21-2025_22-44-39.pth
Tue 21 Oct 2025 22:54:06 INFO  epoch 18 training [time: 26.86s, train loss: 2297.2805]
Tue 21 Oct 2025 22:54:32 INFO  epoch 19 training [time: 26.77s, train loss: 2282.3318]
Tue 21 Oct 2025 22:54:34 INFO  epoch 19 evaluating [time: 1.90s, valid_score: 0.051400]
Tue 21 Oct 2025 22:54:34 INFO  valid result: 
recall@3 : 0.0217    recall@5 : 0.0335    recall@10 : 0.0514    recall@20 : 0.0762    ndcg@3 : 0.0135    ndcg@5 : 0.0184    ndcg@10 : 0.0241    ndcg@20 : 0.0304    
Tue 21 Oct 2025 22:54:34 INFO  Saving current best: saved/SASRecD-Oct-21-2025_22-44-39.pth
Tue 21 Oct 2025 22:55:01 INFO  epoch 20 training [time: 26.76s, train loss: 2268.8478]
Tue 21 Oct 2025 22:55:29 INFO  epoch 21 training [time: 27.55s, train loss: 2255.5485]
Tue 21 Oct 2025 22:55:31 INFO  epoch 21 evaluating [time: 2.10s, valid_score: 0.053500]
Tue 21 Oct 2025 22:55:31 INFO  valid result: 
recall@3 : 0.0235    recall@5 : 0.0346    recall@10 : 0.0535    recall@20 : 0.0791    ndcg@3 : 0.0145    ndcg@5 : 0.019    ndcg@10 : 0.0251    ndcg@20 : 0.0316    
Tue 21 Oct 2025 22:55:31 INFO  Saving current best: saved/SASRecD-Oct-21-2025_22-44-39.pth
Tue 21 Oct 2025 22:56:00 INFO  epoch 22 training [time: 29.08s, train loss: 2242.8871]
Tue 21 Oct 2025 22:56:29 INFO  epoch 23 training [time: 29.05s, train loss: 2230.4687]
Tue 21 Oct 2025 22:56:31 INFO  epoch 23 evaluating [time: 1.92s, valid_score: 0.055700]
Tue 21 Oct 2025 22:56:31 INFO  valid result: 
recall@3 : 0.0246    recall@5 : 0.0362    recall@10 : 0.0557    recall@20 : 0.0823    ndcg@3 : 0.0151    ndcg@5 : 0.0198    ndcg@10 : 0.0261    ndcg@20 : 0.0328    
Tue 21 Oct 2025 22:56:31 INFO  Saving current best: saved/SASRecD-Oct-21-2025_22-44-39.pth
Tue 21 Oct 2025 22:56:59 INFO  epoch 24 training [time: 28.42s, train loss: 2218.9060]
Tue 21 Oct 2025 22:57:27 INFO  epoch 25 training [time: 27.81s, train loss: 2206.5947]
Tue 21 Oct 2025 22:57:29 INFO  epoch 25 evaluating [time: 2.00s, valid_score: 0.057400]
Tue 21 Oct 2025 22:57:29 INFO  valid result: 
recall@3 : 0.0254    recall@5 : 0.0371    recall@10 : 0.0574    recall@20 : 0.084    ndcg@3 : 0.0154    ndcg@5 : 0.0202    ndcg@10 : 0.0267    ndcg@20 : 0.0334    
Tue 21 Oct 2025 22:57:29 INFO  Saving current best: saved/SASRecD-Oct-21-2025_22-44-39.pth
Tue 21 Oct 2025 22:57:58 INFO  epoch 26 training [time: 28.69s, train loss: 2196.9205]
Tue 21 Oct 2025 22:58:26 INFO  epoch 27 training [time: 27.87s, train loss: 2185.8318]
Tue 21 Oct 2025 22:58:28 INFO  epoch 27 evaluating [time: 1.97s, valid_score: 0.058300]
Tue 21 Oct 2025 22:58:28 INFO  valid result: 
recall@3 : 0.0259    recall@5 : 0.0377    recall@10 : 0.0583    recall@20 : 0.0853    ndcg@3 : 0.0156    ndcg@5 : 0.0204    ndcg@10 : 0.0271    ndcg@20 : 0.0339    
Tue 21 Oct 2025 22:58:28 INFO  Saving current best: saved/SASRecD-Oct-21-2025_22-44-39.pth
Tue 21 Oct 2025 22:58:56 INFO  epoch 28 training [time: 28.56s, train loss: 2175.9288]
Tue 21 Oct 2025 22:59:24 INFO  epoch 29 training [time: 27.83s, train loss: 2166.8847]
Tue 21 Oct 2025 22:59:26 INFO  epoch 29 evaluating [time: 1.83s, valid_score: 0.059300]
Tue 21 Oct 2025 22:59:26 INFO  valid result: 
recall@3 : 0.0267    recall@5 : 0.0392    recall@10 : 0.0593    recall@20 : 0.0866    ndcg@3 : 0.0161    ndcg@5 : 0.0212    ndcg@10 : 0.0277    ndcg@20 : 0.0346    
Tue 21 Oct 2025 22:59:26 INFO  Saving current best: saved/SASRecD-Oct-21-2025_22-44-39.pth
Tue 21 Oct 2025 22:59:53 INFO  epoch 30 training [time: 26.80s, train loss: 2157.7131]
Tue 21 Oct 2025 23:00:20 INFO  epoch 31 training [time: 26.77s, train loss: 2148.1944]
Tue 21 Oct 2025 23:00:22 INFO  epoch 31 evaluating [time: 1.90s, valid_score: 0.059500]
Tue 21 Oct 2025 23:00:22 INFO  valid result: 
recall@3 : 0.0269    recall@5 : 0.0393    recall@10 : 0.0595    recall@20 : 0.088    ndcg@3 : 0.0162    ndcg@5 : 0.0213    ndcg@10 : 0.0278    ndcg@20 : 0.035    
Tue 21 Oct 2025 23:00:22 INFO  Saving current best: saved/SASRecD-Oct-21-2025_22-44-39.pth
Tue 21 Oct 2025 23:00:48 INFO  epoch 32 training [time: 26.78s, train loss: 2140.4341]
Tue 21 Oct 2025 23:01:15 INFO  epoch 33 training [time: 26.77s, train loss: 2131.7936]
Tue 21 Oct 2025 23:01:17 INFO  epoch 33 evaluating [time: 1.91s, valid_score: 0.060100]
Tue 21 Oct 2025 23:01:17 INFO  valid result: 
recall@3 : 0.0275    recall@5 : 0.0401    recall@10 : 0.0601    recall@20 : 0.0887    ndcg@3 : 0.0166    ndcg@5 : 0.0217    ndcg@10 : 0.0281    ndcg@20 : 0.0354    
Tue 21 Oct 2025 23:01:17 INFO  Saving current best: saved/SASRecD-Oct-21-2025_22-44-39.pth
Tue 21 Oct 2025 23:01:44 INFO  epoch 34 training [time: 27.17s, train loss: 2123.8913]
Tue 21 Oct 2025 23:02:11 INFO  epoch 35 training [time: 26.65s, train loss: 2116.7582]
Tue 21 Oct 2025 23:02:13 INFO  epoch 35 evaluating [time: 1.89s, valid_score: 0.060200]
Tue 21 Oct 2025 23:02:13 INFO  valid result: 
recall@3 : 0.0274    recall@5 : 0.0402    recall@10 : 0.0602    recall@20 : 0.0895    ndcg@3 : 0.0165    ndcg@5 : 0.0218    ndcg@10 : 0.0282    ndcg@20 : 0.0356    
Tue 21 Oct 2025 23:02:13 INFO  Saving current best: saved/SASRecD-Oct-21-2025_22-44-39.pth
Tue 21 Oct 2025 23:02:40 INFO  epoch 36 training [time: 26.69s, train loss: 2109.1786]
Tue 21 Oct 2025 23:03:06 INFO  epoch 37 training [time: 26.70s, train loss: 2101.8197]
Tue 21 Oct 2025 23:03:08 INFO  epoch 37 evaluating [time: 1.88s, valid_score: 0.060600]
Tue 21 Oct 2025 23:03:08 INFO  valid result: 
recall@3 : 0.0275    recall@5 : 0.0402    recall@10 : 0.0606    recall@20 : 0.0903    ndcg@3 : 0.0166    ndcg@5 : 0.0218    ndcg@10 : 0.0283    ndcg@20 : 0.0358    
Tue 21 Oct 2025 23:03:08 INFO  Saving current best: saved/SASRecD-Oct-21-2025_22-44-39.pth
Tue 21 Oct 2025 23:03:35 INFO  epoch 38 training [time: 26.66s, train loss: 2095.4872]
Tue 21 Oct 2025 23:04:03 INFO  epoch 39 training [time: 27.80s, train loss: 2088.4509]
Tue 21 Oct 2025 23:04:05 INFO  epoch 39 evaluating [time: 2.02s, valid_score: 0.061000]
Tue 21 Oct 2025 23:04:05 INFO  valid result: 
recall@3 : 0.028    recall@5 : 0.0404    recall@10 : 0.061    recall@20 : 0.0912    ndcg@3 : 0.0168    ndcg@5 : 0.0219    ndcg@10 : 0.0285    ndcg@20 : 0.0361    
Tue 21 Oct 2025 23:04:05 INFO  Saving current best: saved/SASRecD-Oct-21-2025_22-44-39.pth
Tue 21 Oct 2025 23:04:34 INFO  epoch 40 training [time: 29.00s, train loss: 2082.9781]
Tue 21 Oct 2025 23:05:02 INFO  epoch 41 training [time: 28.38s, train loss: 2076.7235]
Tue 21 Oct 2025 23:05:04 INFO  epoch 41 evaluating [time: 1.79s, valid_score: 0.061900]
Tue 21 Oct 2025 23:05:04 INFO  valid result: 
recall@3 : 0.0279    recall@5 : 0.0403    recall@10 : 0.0619    recall@20 : 0.0916    ndcg@3 : 0.0167    ndcg@5 : 0.0219    ndcg@10 : 0.0288    ndcg@20 : 0.0363    
Tue 21 Oct 2025 23:05:04 INFO  Saving current best: saved/SASRecD-Oct-21-2025_22-44-39.pth
Tue 21 Oct 2025 23:05:32 INFO  epoch 42 training [time: 27.56s, train loss: 2071.1428]
Tue 21 Oct 2025 23:05:58 INFO  epoch 43 training [time: 26.65s, train loss: 2066.1458]
Tue 21 Oct 2025 23:06:00 INFO  epoch 43 evaluating [time: 1.92s, valid_score: 0.062300]
Tue 21 Oct 2025 23:06:00 INFO  valid result: 
recall@3 : 0.0281    recall@5 : 0.0405    recall@10 : 0.0623    recall@20 : 0.0923    ndcg@3 : 0.0169    ndcg@5 : 0.022    ndcg@10 : 0.029    ndcg@20 : 0.0366    
Tue 21 Oct 2025 23:06:00 INFO  Saving current best: saved/SASRecD-Oct-21-2025_22-44-39.pth
Tue 21 Oct 2025 23:06:27 INFO  epoch 44 training [time: 26.60s, train loss: 2060.7125]
Tue 21 Oct 2025 23:06:54 INFO  epoch 45 training [time: 26.55s, train loss: 2054.6933]
Tue 21 Oct 2025 23:06:55 INFO  epoch 45 evaluating [time: 1.82s, valid_score: 0.062200]
Tue 21 Oct 2025 23:06:55 INFO  valid result: 
recall@3 : 0.0277    recall@5 : 0.0405    recall@10 : 0.0622    recall@20 : 0.0917    ndcg@3 : 0.0166    ndcg@5 : 0.0219    ndcg@10 : 0.0289    ndcg@20 : 0.0363    
Tue 21 Oct 2025 23:07:24 INFO  epoch 46 training [time: 28.13s, train loss: 2050.2624]
Tue 21 Oct 2025 23:07:52 INFO  epoch 47 training [time: 28.09s, train loss: 2045.5197]
Tue 21 Oct 2025 23:07:54 INFO  epoch 47 evaluating [time: 1.95s, valid_score: 0.062700]
Tue 21 Oct 2025 23:07:54 INFO  valid result: 
recall@3 : 0.0278    recall@5 : 0.041    recall@10 : 0.0627    recall@20 : 0.0921    ndcg@3 : 0.0167    ndcg@5 : 0.0221    ndcg@10 : 0.0291    ndcg@20 : 0.0365    
Tue 21 Oct 2025 23:07:54 INFO  Saving current best: saved/SASRecD-Oct-21-2025_22-44-39.pth
Tue 21 Oct 2025 23:08:22 INFO  epoch 48 training [time: 28.15s, train loss: 2041.0854]
Tue 21 Oct 2025 23:08:50 INFO  epoch 49 training [time: 27.76s, train loss: 2036.9648]
Tue 21 Oct 2025 23:08:51 INFO  epoch 49 evaluating [time: 1.93s, valid_score: 0.063300]
Tue 21 Oct 2025 23:08:51 INFO  valid result: 
recall@3 : 0.0282    recall@5 : 0.0413    recall@10 : 0.0633    recall@20 : 0.0922    ndcg@3 : 0.0169    ndcg@5 : 0.0223    ndcg@10 : 0.0293    ndcg@20 : 0.0366    
Tue 21 Oct 2025 23:08:52 INFO  Saving current best: saved/SASRecD-Oct-21-2025_22-44-39.pth
Tue 21 Oct 2025 23:09:20 INFO  epoch 50 training [time: 28.00s, train loss: 2032.1280]
Tue 21 Oct 2025 23:09:47 INFO  epoch 51 training [time: 27.29s, train loss: 2027.4041]
Tue 21 Oct 2025 23:09:49 INFO  epoch 51 evaluating [time: 2.01s, valid_score: 0.062600]
Tue 21 Oct 2025 23:09:49 INFO  valid result: 
recall@3 : 0.0278    recall@5 : 0.0411    recall@10 : 0.0626    recall@20 : 0.0918    ndcg@3 : 0.0169    ndcg@5 : 0.0224    ndcg@10 : 0.0293    ndcg@20 : 0.0367    
Tue 21 Oct 2025 23:10:17 INFO  epoch 52 training [time: 27.70s, train loss: 2023.0440]
Tue 21 Oct 2025 23:10:44 INFO  epoch 53 training [time: 27.23s, train loss: 2019.3325]
Tue 21 Oct 2025 23:10:46 INFO  epoch 53 evaluating [time: 2.03s, valid_score: 0.063100]
Tue 21 Oct 2025 23:10:46 INFO  valid result: 
recall@3 : 0.028    recall@5 : 0.041    recall@10 : 0.0631    recall@20 : 0.0924    ndcg@3 : 0.0171    ndcg@5 : 0.0224    ndcg@10 : 0.0296    ndcg@20 : 0.0369    
Tue 21 Oct 2025 23:11:14 INFO  epoch 54 training [time: 28.07s, train loss: 2015.5488]
Tue 21 Oct 2025 23:11:42 INFO  epoch 55 training [time: 27.97s, train loss: 2011.2557]
Tue 21 Oct 2025 23:11:44 INFO  epoch 55 evaluating [time: 2.02s, valid_score: 0.062900]
Tue 21 Oct 2025 23:11:44 INFO  valid result: 
recall@3 : 0.0277    recall@5 : 0.0411    recall@10 : 0.0629    recall@20 : 0.091    ndcg@3 : 0.0169    ndcg@5 : 0.0225    ndcg@10 : 0.0295    ndcg@20 : 0.0366    
Tue 21 Oct 2025 23:12:11 INFO  epoch 56 training [time: 27.45s, train loss: 2007.4909]
Tue 21 Oct 2025 23:12:39 INFO  epoch 57 training [time: 27.35s, train loss: 2004.7409]
Tue 21 Oct 2025 23:12:41 INFO  epoch 57 evaluating [time: 2.00s, valid_score: 0.063100]
Tue 21 Oct 2025 23:12:41 INFO  valid result: 
recall@3 : 0.0278    recall@5 : 0.0412    recall@10 : 0.0631    recall@20 : 0.0916    ndcg@3 : 0.017    ndcg@5 : 0.0225    ndcg@10 : 0.0295    ndcg@20 : 0.0367    
Tue 21 Oct 2025 23:13:09 INFO  epoch 58 training [time: 28.26s, train loss: 2000.1032]
Tue 21 Oct 2025 23:13:36 INFO  epoch 59 training [time: 26.53s, train loss: 1996.1113]
Tue 21 Oct 2025 23:13:37 INFO  epoch 59 evaluating [time: 1.93s, valid_score: 0.063000]
Tue 21 Oct 2025 23:13:37 INFO  valid result: 
recall@3 : 0.0281    recall@5 : 0.0414    recall@10 : 0.063    recall@20 : 0.0917    ndcg@3 : 0.0172    ndcg@5 : 0.0227    ndcg@10 : 0.0296    ndcg@20 : 0.0368    
Tue 21 Oct 2025 23:14:06 INFO  epoch 60 training [time: 28.34s, train loss: 1992.6228]
Tue 21 Oct 2025 23:14:33 INFO  epoch 61 training [time: 27.41s, train loss: 1989.9409]
Tue 21 Oct 2025 23:14:35 INFO  epoch 61 evaluating [time: 1.82s, valid_score: 0.062800]
Tue 21 Oct 2025 23:14:35 INFO  valid result: 
recall@3 : 0.0283    recall@5 : 0.0413    recall@10 : 0.0628    recall@20 : 0.0916    ndcg@3 : 0.0173    ndcg@5 : 0.0226    ndcg@10 : 0.0295    ndcg@20 : 0.0367    
Tue 21 Oct 2025 23:15:03 INFO  epoch 62 training [time: 27.99s, train loss: 1985.4878]
Tue 21 Oct 2025 23:15:31 INFO  epoch 63 training [time: 28.41s, train loss: 1982.2281]
Tue 21 Oct 2025 23:15:33 INFO  epoch 63 evaluating [time: 1.70s, valid_score: 0.062400]
Tue 21 Oct 2025 23:15:33 INFO  valid result: 
recall@3 : 0.0279    recall@5 : 0.0413    recall@10 : 0.0624    recall@20 : 0.0912    ndcg@3 : 0.0171    ndcg@5 : 0.0227    ndcg@10 : 0.0295    ndcg@20 : 0.0367    
Tue 21 Oct 2025 23:16:00 INFO  epoch 64 training [time: 27.27s, train loss: 1978.9648]
Tue 21 Oct 2025 23:16:29 INFO  epoch 65 training [time: 28.50s, train loss: 1975.7307]
Tue 21 Oct 2025 23:16:31 INFO  epoch 65 evaluating [time: 1.79s, valid_score: 0.062200]
Tue 21 Oct 2025 23:16:31 INFO  valid result: 
recall@3 : 0.028    recall@5 : 0.041    recall@10 : 0.0622    recall@20 : 0.091    ndcg@3 : 0.0172    ndcg@5 : 0.0226    ndcg@10 : 0.0294    ndcg@20 : 0.0367    
Tue 21 Oct 2025 23:16:58 INFO  epoch 66 training [time: 27.68s, train loss: 1971.6834]
Tue 21 Oct 2025 23:17:26 INFO  epoch 67 training [time: 27.46s, train loss: 1968.7918]
Tue 21 Oct 2025 23:17:28 INFO  epoch 67 evaluating [time: 1.79s, valid_score: 0.061900]
Tue 21 Oct 2025 23:17:28 INFO  valid result: 
recall@3 : 0.028    recall@5 : 0.041    recall@10 : 0.0619    recall@20 : 0.0902    ndcg@3 : 0.0173    ndcg@5 : 0.0227    ndcg@10 : 0.0295    ndcg@20 : 0.0366    
Tue 21 Oct 2025 23:17:57 INFO  epoch 68 training [time: 29.23s, train loss: 1965.7342]
Tue 21 Oct 2025 23:18:28 INFO  epoch 69 training [time: 31.06s, train loss: 1962.8701]
Tue 21 Oct 2025 23:18:30 INFO  epoch 69 evaluating [time: 1.84s, valid_score: 0.062000]
Tue 21 Oct 2025 23:18:30 INFO  valid result: 
recall@3 : 0.0278    recall@5 : 0.0409    recall@10 : 0.062    recall@20 : 0.0905    ndcg@3 : 0.0172    ndcg@5 : 0.0226    ndcg@10 : 0.0294    ndcg@20 : 0.0366    
Tue 21 Oct 2025 23:18:59 INFO  epoch 70 training [time: 28.93s, train loss: 1958.6292]
Tue 21 Oct 2025 23:19:40 INFO  epoch 71 training [time: 41.75s, train loss: 1955.8011]
Tue 21 Oct 2025 23:19:42 INFO  epoch 71 evaluating [time: 1.92s, valid_score: 0.061900]
Tue 21 Oct 2025 23:19:42 INFO  valid result: 
recall@3 : 0.0278    recall@5 : 0.0408    recall@10 : 0.0619    recall@20 : 0.0896    ndcg@3 : 0.0173    ndcg@5 : 0.0226    ndcg@10 : 0.0294    ndcg@20 : 0.0364    
Tue 21 Oct 2025 23:19:42 INFO  Finished training, best eval result in epoch 49
Tue 21 Oct 2025 23:19:42 INFO  Loading model structure and parameters from saved/SASRecD-Oct-21-2025_22-44-39.pth
Tue 21 Oct 2025 23:19:44 INFO  best valid : {'recall@3': np.float64(0.0282), 'recall@5': np.float64(0.0413), 'recall@10': np.float64(0.0633), 'recall@20': np.float64(0.0922), 'ndcg@3': np.float64(0.0169), 'ndcg@5': np.float64(0.0223), 'ndcg@10': np.float64(0.0293), 'ndcg@20': np.float64(0.0366)}
Tue 21 Oct 2025 23:19:44 INFO  test result: {'recall@3': np.float64(0.0226), 'recall@5': np.float64(0.034), 'recall@10': np.float64(0.0513), 'recall@20': np.float64(0.0744), 'ndcg@3': np.float64(0.0136), 'ndcg@5': np.float64(0.0182), 'ndcg@10': np.float64(0.0238), 'ndcg@20': np.float64(0.0297)}
