Mon 19 Jan 2026 02:47:13 INFO  
General Hyper Parameters:
gpu_id = 0
use_gpu = True
seed = 212
state = INFO
reproducibility = True
data_path = ./recbole/data/dataset/Amazon_Sports_and_Outdoors
show_progress = True
save_dataset = False
save_dataloaders = False
benchmark_filename = None

Training Hyper Parameters:
checkpoint_dir = saved
epochs = 200
train_batch_size = 1024
learner = adam
learning_rate = 0.0001
eval_step = 2
stopping_step = 10
clip_grad_norm = None
weight_decay = 0.0
loss_decimal_place = 4

Evaluation Hyper Parameters:
eval_args = {'split': {'LS': 'valid_and_test'}, 'group_by': 'user', 'order': 'TO', 'mode': 'full'}
metrics = ['Recall', 'NDCG']
topk = [3, 5, 10, 20]
valid_metric = Recall@10
valid_metric_bigger = True
eval_batch_size = 256
metric_decimal_place = 4

Dataset Hyper Parameters:
field_separator = 	
seq_separator =  
USER_ID_FIELD = user_id
ITEM_ID_FIELD = item_id
RATING_FIELD = rating
TIME_FIELD = timestamp
seq_len = None
LABEL_FIELD = label
threshold = None
NEG_PREFIX = neg_
load_col = {'inter': ['user_id', 'item_id', 'rating', 'timestamp'], 'item': ['item_id', 'title', 'sales_rank', 'price', 'brand', 'categories', 'sales_type'], 'image': ['img_id', 'img_emb']}
unload_col = None
unused_col = None
additional_feat_suffix = ['image']
rm_dup_inter = None
val_interval = None
filter_inter_by_user_or_item = True
user_inter_num_interval = [5,inf)
item_inter_num_interval = [5,inf)
alias_of_user_id = None
alias_of_item_id = ['img_id']
alias_of_entity_id = None
alias_of_relation_id = None
preload_weight = {'img_id': 'img_emb'}
normalize_field = None
normalize_all = None
ITEM_LIST_LENGTH_FIELD = item_length
LIST_SUFFIX = _list
MAX_ITEM_LIST_LENGTH = 50
POSITION_FIELD = position_id
HEAD_ENTITY_ID_FIELD = head_id
TAIL_ENTITY_ID_FIELD = tail_id
RELATION_ID_FIELD = relation_id
ENTITY_ID_FIELD = entity_id

Other Hyper Parameters: 
neg_sampling = None
multi_gpus = False
repeatable = True
MODEL_TYPE = ModelType.SEQUENTIAL
n_layers = 3
n_heads = 8
hidden_size = 256
orig_attribute_hidden_size = [128]
attribute_hidden_size = [128]
inner_size = 256
hidden_dropout_prob = 0.5
attn_dropout_prob = 0.3
hidden_act = gelu
layer_norm_eps = 1e-12
initializer_range = 0.02
selected_features = ['img_emb']
feature_type = ['static']
pooling_mode = sum
loss_type = CE
weight_sharing = not
fusion_type = gate
lamdas = [5]
attribute_predictor = ['cos_sim']
diffusion = {'device': 'cuda', 'dims': [1000], 'emb_size': 20, 'mean_type': 'x0', 'noise_max': 0.02, 'noise_min': 0.0001, 'noise_scale': 0.1, 'noise_schedule': 'linear-var', 'norm': False, 'num_heads': 4, 'reweight': True, 'sampling_noise': False, 'sampling_steps': 0, 'steps': 5, 'structure': 'MLP', 'time_type': 'cat', 'hiddenSize': 128, 'inputSize': 128}
lambda = 0.5
wandb_run_name = images
annealing = False
MODEL_INPUT_TYPE = InputType.POINTWISE
eval_type = EvaluatorType.RANKING
device = cuda
train_neg_sample_args = {'strategy': 'none'}
eval_neg_sample_args = {'strategy': 'full', 'distribution': 'uniform'}


Mon 19 Jan 2026 02:47:13 INFO  Amazon_Sports_and_Outdoors
The number of users: 35599
Average actions of users: 8.324540704533963
The number of items: 18358
Average actions of items: 16.142997221768262
The number of inters: 296337
The sparsity of the dataset: 99.95465569853714%
Remain Fields: ['user_id', 'item_id', 'rating', 'timestamp', 'title', 'price', 'brand', 'categories', 'sales_type', 'sales_rank', 'img_id', 'img_emb']
Mon 19 Jan 2026 02:47:16 INFO  [Training]: train_batch_size = [1024] negative sampling: [None]
Mon 19 Jan 2026 02:47:16 INFO  [Evaluation]: eval_batch_size = [256] eval_args: [{'split': {'LS': 'valid_and_test'}, 'group_by': 'user', 'order': 'TO', 'mode': 'full'}]
Mon 19 Jan 2026 02:47:18 INFO  NOVA(
  (item_embedding): Embedding(18358, 256, padding_idx=0)
  (position_embedding): Embedding(50, 256)
  (feature_embed_layer_list): ModuleList(
    (0): Embedding(18358, 128)
  )
  (trm_encoder): NOVATransformerEncoder(
    (layer): ModuleList(
      (0-2): 3 x NOVATransformerLayer(
        (multi_head_attention): NOVAMultiHeadAttention(
          (query): Linear(in_features=256, out_features=256, bias=True)
          (key): Linear(in_features=256, out_features=256, bias=True)
          (value): Linear(in_features=256, out_features=256, bias=True)
          (attn_dropout): Dropout(p=0.3, inplace=False)
          (dense): Linear(in_features=256, out_features=256, bias=True)
          (LayerNorm): LayerNorm((256,), eps=1e-12, elementwise_affine=True)
          (out_dropout): Dropout(p=0.5, inplace=False)
        )
        (feed_forward): FeedForward(
          (dense_1): Linear(in_features=256, out_features=256, bias=True)
          (dense_2): Linear(in_features=256, out_features=256, bias=True)
          (LayerNorm): LayerNorm((256,), eps=1e-12, elementwise_affine=True)
          (dropout): Dropout(p=0.5, inplace=False)
        )
      )
    )
  )
  (concat_layer): Linear(in_features=384, out_features=256, bias=True)
  (LayerNorm): LayerNorm((256,), eps=1e-12, elementwise_affine=True)
  (dropout): Dropout(p=0.5, inplace=False)
  (loss_fct): CrossEntropyLoss()
)
Trainable parameters: 5998848
Mon 19 Jan 2026 02:47:33 INFO  epoch 0 training [time: 13.91s, train loss: 1780.3818]
Mon 19 Jan 2026 02:47:44 INFO  epoch 1 training [time: 11.83s, train loss: 1724.1445]
Mon 19 Jan 2026 02:47:45 INFO  epoch 1 evaluating [time: 1.09s, valid_score: 0.013000]
Mon 19 Jan 2026 02:47:45 INFO  valid result: 
recall@3 : 0.006    recall@5 : 0.0083    recall@10 : 0.013    recall@20 : 0.0242    ndcg@3 : 0.0044    ndcg@5 : 0.0054    ndcg@10 : 0.0069    ndcg@20 : 0.0097    
Mon 19 Jan 2026 02:47:46 INFO  Saving current best: saved/NOVA-Jan-19-2026_02-47-18.pth
Mon 19 Jan 2026 02:47:59 INFO  epoch 2 training [time: 13.49s, train loss: 1718.4876]
Mon 19 Jan 2026 02:48:11 INFO  epoch 3 training [time: 11.86s, train loss: 1710.6315]
Mon 19 Jan 2026 02:48:12 INFO  epoch 3 evaluating [time: 1.05s, valid_score: 0.014400]
Mon 19 Jan 2026 02:48:12 INFO  valid result: 
recall@3 : 0.006    recall@5 : 0.0092    recall@10 : 0.0144    recall@20 : 0.0255    ndcg@3 : 0.0045    ndcg@5 : 0.0058    ndcg@10 : 0.0074    ndcg@20 : 0.0102    
Mon 19 Jan 2026 02:48:12 INFO  Saving current best: saved/NOVA-Jan-19-2026_02-47-18.pth
Mon 19 Jan 2026 02:48:26 INFO  epoch 4 training [time: 13.50s, train loss: 1696.4142]
Mon 19 Jan 2026 02:48:37 INFO  epoch 5 training [time: 11.85s, train loss: 1670.2986]
Mon 19 Jan 2026 02:48:38 INFO  epoch 5 evaluating [time: 1.02s, valid_score: 0.020100]
Mon 19 Jan 2026 02:48:38 INFO  valid result: 
recall@3 : 0.0076    recall@5 : 0.0113    recall@10 : 0.0201    recall@20 : 0.0337    ndcg@3 : 0.0056    ndcg@5 : 0.0071    ndcg@10 : 0.0099    ndcg@20 : 0.0133    
Mon 19 Jan 2026 02:48:39 INFO  Saving current best: saved/NOVA-Jan-19-2026_02-47-18.pth
Mon 19 Jan 2026 02:48:52 INFO  epoch 6 training [time: 13.51s, train loss: 1646.1389]
Mon 19 Jan 2026 02:49:06 INFO  epoch 7 training [time: 13.49s, train loss: 1627.1121]
Mon 19 Jan 2026 02:49:07 INFO  epoch 7 evaluating [time: 1.01s, valid_score: 0.023800]
Mon 19 Jan 2026 02:49:07 INFO  valid result: 
recall@3 : 0.0098    recall@5 : 0.014    recall@10 : 0.0238    recall@20 : 0.0392    ndcg@3 : 0.0071    ndcg@5 : 0.0089    ndcg@10 : 0.012    ndcg@20 : 0.0159    
Mon 19 Jan 2026 02:49:07 INFO  Saving current best: saved/NOVA-Jan-19-2026_02-47-18.pth
Mon 19 Jan 2026 02:49:19 INFO  epoch 8 training [time: 11.92s, train loss: 1609.8003]
Mon 19 Jan 2026 02:49:32 INFO  epoch 9 training [time: 13.53s, train loss: 1592.8576]
Mon 19 Jan 2026 02:49:33 INFO  epoch 9 evaluating [time: 1.07s, valid_score: 0.027600]
Mon 19 Jan 2026 02:49:33 INFO  valid result: 
recall@3 : 0.011    recall@5 : 0.0168    recall@10 : 0.0276    recall@20 : 0.045    ndcg@3 : 0.0082    ndcg@5 : 0.0106    ndcg@10 : 0.0141    ndcg@20 : 0.0184    
Mon 19 Jan 2026 02:49:33 INFO  Saving current best: saved/NOVA-Jan-19-2026_02-47-18.pth
Mon 19 Jan 2026 02:49:45 INFO  epoch 10 training [time: 11.86s, train loss: 1575.2439]
Mon 19 Jan 2026 02:49:59 INFO  epoch 11 training [time: 13.56s, train loss: 1557.1131]
Mon 19 Jan 2026 02:50:00 INFO  epoch 11 evaluating [time: 1.04s, valid_score: 0.034300]
Mon 19 Jan 2026 02:50:00 INFO  valid result: 
recall@3 : 0.0145    recall@5 : 0.0208    recall@10 : 0.0343    recall@20 : 0.0536    ndcg@3 : 0.011    ndcg@5 : 0.0136    ndcg@10 : 0.0179    ndcg@20 : 0.0228    
Mon 19 Jan 2026 02:50:00 INFO  Saving current best: saved/NOVA-Jan-19-2026_02-47-18.pth
Mon 19 Jan 2026 02:50:12 INFO  epoch 12 training [time: 11.89s, train loss: 1538.8427]
Mon 19 Jan 2026 02:50:25 INFO  epoch 13 training [time: 13.52s, train loss: 1520.6225]
Mon 19 Jan 2026 02:50:26 INFO  epoch 13 evaluating [time: 1.06s, valid_score: 0.038900]
Mon 19 Jan 2026 02:50:26 INFO  valid result: 
recall@3 : 0.0184    recall@5 : 0.0251    recall@10 : 0.0389    recall@20 : 0.0601    ndcg@3 : 0.0142    ndcg@5 : 0.017    ndcg@10 : 0.0214    ndcg@20 : 0.0267    
Mon 19 Jan 2026 02:50:26 INFO  Saving current best: saved/NOVA-Jan-19-2026_02-47-18.pth
Mon 19 Jan 2026 02:50:40 INFO  epoch 14 training [time: 13.48s, train loss: 1502.9376]
Mon 19 Jan 2026 02:50:52 INFO  epoch 15 training [time: 11.88s, train loss: 1485.5577]
Mon 19 Jan 2026 02:50:53 INFO  epoch 15 evaluating [time: 1.05s, valid_score: 0.042400]
Mon 19 Jan 2026 02:50:53 INFO  valid result: 
recall@3 : 0.0214    recall@5 : 0.029    recall@10 : 0.0424    recall@20 : 0.0645    ndcg@3 : 0.0165    ndcg@5 : 0.0196    ndcg@10 : 0.0239    ndcg@20 : 0.0295    
Mon 19 Jan 2026 02:50:53 INFO  Saving current best: saved/NOVA-Jan-19-2026_02-47-18.pth
Mon 19 Jan 2026 02:51:06 INFO  epoch 16 training [time: 13.51s, train loss: 1468.8979]
Mon 19 Jan 2026 02:51:18 INFO  epoch 17 training [time: 11.83s, train loss: 1452.5058]
Mon 19 Jan 2026 02:51:19 INFO  epoch 17 evaluating [time: 1.04s, valid_score: 0.046100]
Mon 19 Jan 2026 02:51:19 INFO  valid result: 
recall@3 : 0.0237    recall@5 : 0.0315    recall@10 : 0.0461    recall@20 : 0.0679    ndcg@3 : 0.0187    ndcg@5 : 0.0219    ndcg@10 : 0.0266    ndcg@20 : 0.0321    
Mon 19 Jan 2026 02:51:19 INFO  Saving current best: saved/NOVA-Jan-19-2026_02-47-18.pth
Mon 19 Jan 2026 02:51:33 INFO  epoch 18 training [time: 13.48s, train loss: 1436.3966]
Mon 19 Jan 2026 02:51:45 INFO  epoch 19 training [time: 11.86s, train loss: 1420.3569]
Mon 19 Jan 2026 02:51:46 INFO  epoch 19 evaluating [time: 1.05s, valid_score: 0.048400]
Mon 19 Jan 2026 02:51:46 INFO  valid result: 
recall@3 : 0.0257    recall@5 : 0.0335    recall@10 : 0.0484    recall@20 : 0.0718    ndcg@3 : 0.0206    ndcg@5 : 0.0238    ndcg@10 : 0.0285    ndcg@20 : 0.0344    
Mon 19 Jan 2026 02:51:46 INFO  Saving current best: saved/NOVA-Jan-19-2026_02-47-18.pth
Mon 19 Jan 2026 02:51:59 INFO  epoch 20 training [time: 13.47s, train loss: 1404.4067]
Mon 19 Jan 2026 02:52:13 INFO  epoch 21 training [time: 13.52s, train loss: 1388.0620]
Mon 19 Jan 2026 02:52:12 INFO  epoch 21 evaluating [time: -0.60s, valid_score: 0.051100]
Mon 19 Jan 2026 02:52:12 INFO  valid result: 
recall@3 : 0.028    recall@5 : 0.0363    recall@10 : 0.0511    recall@20 : 0.0739    ndcg@3 : 0.0222    ndcg@5 : 0.0256    ndcg@10 : 0.0303    ndcg@20 : 0.0361    
Mon 19 Jan 2026 02:52:12 INFO  Saving current best: saved/NOVA-Jan-19-2026_02-47-18.pth
Mon 19 Jan 2026 02:52:26 INFO  epoch 22 training [time: 13.51s, train loss: 1372.8984]
Mon 19 Jan 2026 02:52:39 INFO  epoch 23 training [time: 13.55s, train loss: 1356.9260]
Mon 19 Jan 2026 02:52:40 INFO  epoch 23 evaluating [time: 1.05s, valid_score: 0.052500]
Mon 19 Jan 2026 02:52:40 INFO  valid result: 
recall@3 : 0.0289    recall@5 : 0.0373    recall@10 : 0.0525    recall@20 : 0.0756    ndcg@3 : 0.0233    ndcg@5 : 0.0267    ndcg@10 : 0.0316    ndcg@20 : 0.0374    
Mon 19 Jan 2026 02:52:40 INFO  Saving current best: saved/NOVA-Jan-19-2026_02-47-18.pth
Mon 19 Jan 2026 02:52:52 INFO  epoch 24 training [time: 11.74s, train loss: 1341.3006]
Mon 19 Jan 2026 02:53:06 INFO  epoch 25 training [time: 13.64s, train loss: 1326.0321]
Mon 19 Jan 2026 02:53:07 INFO  epoch 25 evaluating [time: 1.04s, valid_score: 0.053800]
Mon 19 Jan 2026 02:53:07 INFO  valid result: 
recall@3 : 0.0303    recall@5 : 0.0385    recall@10 : 0.0538    recall@20 : 0.077    ndcg@3 : 0.0245    ndcg@5 : 0.0278    ndcg@10 : 0.0327    ndcg@20 : 0.0386    
Mon 19 Jan 2026 02:53:07 INFO  Saving current best: saved/NOVA-Jan-19-2026_02-47-18.pth
Mon 19 Jan 2026 02:53:19 INFO  epoch 26 training [time: 11.77s, train loss: 1310.2225]
Mon 19 Jan 2026 02:53:32 INFO  epoch 27 training [time: 13.48s, train loss: 1294.7790]
Mon 19 Jan 2026 02:53:33 INFO  epoch 27 evaluating [time: 0.99s, valid_score: 0.054600]
Mon 19 Jan 2026 02:53:33 INFO  valid result: 
recall@3 : 0.0306    recall@5 : 0.0392    recall@10 : 0.0546    recall@20 : 0.0781    ndcg@3 : 0.0251    ndcg@5 : 0.0286    ndcg@10 : 0.0335    ndcg@20 : 0.0394    
Mon 19 Jan 2026 02:53:33 INFO  Saving current best: saved/NOVA-Jan-19-2026_02-47-18.pth
Mon 19 Jan 2026 02:53:45 INFO  epoch 28 training [time: 11.92s, train loss: 1279.2853]
Mon 19 Jan 2026 02:53:59 INFO  epoch 29 training [time: 13.49s, train loss: 1264.0358]
Mon 19 Jan 2026 02:54:00 INFO  epoch 29 evaluating [time: 1.07s, valid_score: 0.055300]
Mon 19 Jan 2026 02:54:00 INFO  valid result: 
recall@3 : 0.031    recall@5 : 0.04    recall@10 : 0.0553    recall@20 : 0.0788    ndcg@3 : 0.0254    ndcg@5 : 0.0291    ndcg@10 : 0.034    ndcg@20 : 0.0399    
Mon 19 Jan 2026 02:54:00 INFO  Saving current best: saved/NOVA-Jan-19-2026_02-47-18.pth
Mon 19 Jan 2026 02:54:13 INFO  epoch 30 training [time: 13.50s, train loss: 1249.0954]
Mon 19 Jan 2026 02:54:25 INFO  epoch 31 training [time: 11.86s, train loss: 1234.1692]
Mon 19 Jan 2026 02:54:26 INFO  epoch 31 evaluating [time: 1.05s, valid_score: 0.056100]
Mon 19 Jan 2026 02:54:26 INFO  valid result: 
recall@3 : 0.0321    recall@5 : 0.0408    recall@10 : 0.0561    recall@20 : 0.0788    ndcg@3 : 0.026    ndcg@5 : 0.0296    ndcg@10 : 0.0345    ndcg@20 : 0.0403    
Mon 19 Jan 2026 02:54:26 INFO  Saving current best: saved/NOVA-Jan-19-2026_02-47-18.pth
Mon 19 Jan 2026 02:54:40 INFO  epoch 32 training [time: 13.50s, train loss: 1219.7092]
Mon 19 Jan 2026 02:54:52 INFO  epoch 33 training [time: 11.85s, train loss: 1204.3229]
Mon 19 Jan 2026 02:54:53 INFO  epoch 33 evaluating [time: 1.03s, valid_score: 0.056000]
Mon 19 Jan 2026 02:54:53 INFO  valid result: 
recall@3 : 0.0321    recall@5 : 0.0411    recall@10 : 0.056    recall@20 : 0.0792    ndcg@3 : 0.0261    ndcg@5 : 0.0299    ndcg@10 : 0.0347    ndcg@20 : 0.0405    
Mon 19 Jan 2026 02:55:06 INFO  epoch 34 training [time: 13.49s, train loss: 1190.5413]
Mon 19 Jan 2026 02:55:18 INFO  epoch 35 training [time: 11.87s, train loss: 1175.2490]
Mon 19 Jan 2026 02:55:19 INFO  epoch 35 evaluating [time: 1.05s, valid_score: 0.055600]
Mon 19 Jan 2026 02:55:19 INFO  valid result: 
recall@3 : 0.0315    recall@5 : 0.0401    recall@10 : 0.0556    recall@20 : 0.0778    ndcg@3 : 0.026    ndcg@5 : 0.0295    ndcg@10 : 0.0345    ndcg@20 : 0.0401    
Mon 19 Jan 2026 02:55:33 INFO  epoch 36 training [time: 13.49s, train loss: 1160.9163]
Mon 19 Jan 2026 02:55:46 INFO  epoch 37 training [time: 13.50s, train loss: 1147.0084]
Mon 19 Jan 2026 02:55:47 INFO  epoch 37 evaluating [time: 1.02s, valid_score: 0.056400]
Mon 19 Jan 2026 02:55:47 INFO  valid result: 
recall@3 : 0.0326    recall@5 : 0.041    recall@10 : 0.0564    recall@20 : 0.0779    ndcg@3 : 0.0267    ndcg@5 : 0.0301    ndcg@10 : 0.035    ndcg@20 : 0.0405    
Mon 19 Jan 2026 02:55:47 INFO  Saving current best: saved/NOVA-Jan-19-2026_02-47-18.pth
Mon 19 Jan 2026 02:55:59 INFO  epoch 38 training [time: 11.85s, train loss: 1134.0589]
Mon 19 Jan 2026 02:56:13 INFO  epoch 39 training [time: 13.49s, train loss: 1119.0655]
Mon 19 Jan 2026 02:56:14 INFO  epoch 39 evaluating [time: 1.04s, valid_score: 0.055900]
Mon 19 Jan 2026 02:56:14 INFO  valid result: 
recall@3 : 0.0321    recall@5 : 0.0408    recall@10 : 0.0559    recall@20 : 0.0768    ndcg@3 : 0.0265    ndcg@5 : 0.0301    ndcg@10 : 0.035    ndcg@20 : 0.0402    
Mon 19 Jan 2026 02:56:25 INFO  epoch 40 training [time: 11.88s, train loss: 1105.9973]
Mon 19 Jan 2026 02:56:39 INFO  epoch 41 training [time: 13.51s, train loss: 1092.5669]
Mon 19 Jan 2026 02:56:40 INFO  epoch 41 evaluating [time: 1.03s, valid_score: 0.055700]
Mon 19 Jan 2026 02:56:40 INFO  valid result: 
recall@3 : 0.0321    recall@5 : 0.0405    recall@10 : 0.0557    recall@20 : 0.0763    ndcg@3 : 0.0264    ndcg@5 : 0.0299    ndcg@10 : 0.0347    ndcg@20 : 0.0399    
Mon 19 Jan 2026 02:56:53 INFO  epoch 42 training [time: 13.36s, train loss: 1079.0569]
Mon 19 Jan 2026 02:57:08 INFO  epoch 43 training [time: 14.82s, train loss: 1066.4557]
Mon 19 Jan 2026 02:57:09 INFO  epoch 43 evaluating [time: 1.09s, valid_score: 0.055300]
Mon 19 Jan 2026 02:57:09 INFO  valid result: 
recall@3 : 0.0321    recall@5 : 0.0401    recall@10 : 0.0553    recall@20 : 0.0758    ndcg@3 : 0.0263    ndcg@5 : 0.0296    ndcg@10 : 0.0345    ndcg@20 : 0.0396    
Mon 19 Jan 2026 02:57:21 INFO  epoch 44 training [time: 12.19s, train loss: 1053.9457]
Mon 19 Jan 2026 02:57:35 INFO  epoch 45 training [time: 13.57s, train loss: 1041.5974]
Mon 19 Jan 2026 02:57:36 INFO  epoch 45 evaluating [time: 1.06s, valid_score: 0.054100]
Mon 19 Jan 2026 02:57:36 INFO  valid result: 
recall@3 : 0.0321    recall@5 : 0.0403    recall@10 : 0.0541    recall@20 : 0.0754    ndcg@3 : 0.0264    ndcg@5 : 0.0297    ndcg@10 : 0.0342    ndcg@20 : 0.0395    
Mon 19 Jan 2026 02:57:50 INFO  epoch 46 training [time: 13.59s, train loss: 1029.1635]
Mon 19 Jan 2026 02:58:02 INFO  epoch 47 training [time: 11.93s, train loss: 1017.0491]
Mon 19 Jan 2026 02:58:03 INFO  epoch 47 evaluating [time: 1.08s, valid_score: 0.053400]
Mon 19 Jan 2026 02:58:03 INFO  valid result: 
recall@3 : 0.0318    recall@5 : 0.0398    recall@10 : 0.0534    recall@20 : 0.0742    ndcg@3 : 0.0261    ndcg@5 : 0.0294    ndcg@10 : 0.0337    ndcg@20 : 0.0389    
Mon 19 Jan 2026 02:58:16 INFO  epoch 48 training [time: 13.61s, train loss: 1004.6947]
Mon 19 Jan 2026 02:58:28 INFO  epoch 49 training [time: 11.90s, train loss: 993.9495]
Mon 19 Jan 2026 02:58:29 INFO  epoch 49 evaluating [time: 1.07s, valid_score: 0.053000]
Mon 19 Jan 2026 02:58:29 INFO  valid result: 
recall@3 : 0.0315    recall@5 : 0.0395    recall@10 : 0.053    recall@20 : 0.073    ndcg@3 : 0.0259    ndcg@5 : 0.0291    ndcg@10 : 0.0335    ndcg@20 : 0.0385    
Mon 19 Jan 2026 02:58:43 INFO  epoch 50 training [time: 13.56s, train loss: 981.8435]
Mon 19 Jan 2026 02:58:55 INFO  epoch 51 training [time: 11.93s, train loss: 970.7832]
Mon 19 Jan 2026 02:58:56 INFO  epoch 51 evaluating [time: 1.06s, valid_score: 0.052400]
Mon 19 Jan 2026 02:58:56 INFO  valid result: 
recall@3 : 0.0319    recall@5 : 0.0395    recall@10 : 0.0524    recall@20 : 0.0715    ndcg@3 : 0.0261    ndcg@5 : 0.0292    ndcg@10 : 0.0333    ndcg@20 : 0.0381    
Mon 19 Jan 2026 02:59:09 INFO  epoch 52 training [time: 13.57s, train loss: 960.2371]
Mon 19 Jan 2026 02:59:21 INFO  epoch 53 training [time: 11.95s, train loss: 949.1967]
Mon 19 Jan 2026 02:59:22 INFO  epoch 53 evaluating [time: 1.05s, valid_score: 0.052600]
Mon 19 Jan 2026 02:59:22 INFO  valid result: 
recall@3 : 0.0312    recall@5 : 0.039    recall@10 : 0.0526    recall@20 : 0.0717    ndcg@3 : 0.0256    ndcg@5 : 0.0288    ndcg@10 : 0.0331    ndcg@20 : 0.0379    
Mon 19 Jan 2026 02:59:36 INFO  epoch 54 training [time: 13.59s, train loss: 939.1405]
Mon 19 Jan 2026 02:59:50 INFO  epoch 55 training [time: 13.55s, train loss: 927.7274]
Mon 19 Jan 2026 02:59:51 INFO  epoch 55 evaluating [time: 1.09s, valid_score: 0.052000]
Mon 19 Jan 2026 02:59:51 INFO  valid result: 
recall@3 : 0.0309    recall@5 : 0.039    recall@10 : 0.052    recall@20 : 0.0703    ndcg@3 : 0.0252    ndcg@5 : 0.0286    ndcg@10 : 0.0327    ndcg@20 : 0.0373    
Mon 19 Jan 2026 03:00:03 INFO  epoch 56 training [time: 11.93s, train loss: 918.8622]
Mon 19 Jan 2026 03:00:16 INFO  epoch 57 training [time: 13.59s, train loss: 908.6317]
Mon 19 Jan 2026 03:00:17 INFO  epoch 57 evaluating [time: 1.03s, valid_score: 0.051900]
Mon 19 Jan 2026 03:00:17 INFO  valid result: 
recall@3 : 0.0305    recall@5 : 0.0387    recall@10 : 0.0519    recall@20 : 0.0702    ndcg@3 : 0.025    ndcg@5 : 0.0284    ndcg@10 : 0.0326    ndcg@20 : 0.0372    
Mon 19 Jan 2026 03:00:29 INFO  epoch 58 training [time: 11.93s, train loss: 899.6289]
Mon 19 Jan 2026 03:00:43 INFO  epoch 59 training [time: 13.61s, train loss: 890.9058]
Mon 19 Jan 2026 03:00:44 INFO  epoch 59 evaluating [time: 1.02s, valid_score: 0.050900]
Mon 19 Jan 2026 03:00:44 INFO  valid result: 
recall@3 : 0.0303    recall@5 : 0.0386    recall@10 : 0.0509    recall@20 : 0.0692    ndcg@3 : 0.0248    ndcg@5 : 0.0282    ndcg@10 : 0.0322    ndcg@20 : 0.0368    
Mon 19 Jan 2026 03:00:44 INFO  Finished training, best eval result in epoch 37
Mon 19 Jan 2026 03:00:44 INFO  Loading model structure and parameters from saved/NOVA-Jan-19-2026_02-47-18.pth
Mon 19 Jan 2026 03:00:45 INFO  best valid : {'recall@3': np.float64(0.0326), 'recall@5': np.float64(0.041), 'recall@10': np.float64(0.0564), 'recall@20': np.float64(0.0779), 'ndcg@3': np.float64(0.0267), 'ndcg@5': np.float64(0.0301), 'ndcg@10': np.float64(0.035), 'ndcg@20': np.float64(0.0405)}
Mon 19 Jan 2026 03:00:45 INFO  test result: {'recall@3': np.float64(0.0247), 'recall@5': np.float64(0.0316), 'recall@10': np.float64(0.0443), 'recall@20': np.float64(0.0617), 'ndcg@3': np.float64(0.02), 'ndcg@5': np.float64(0.0228), 'ndcg@10': np.float64(0.0269), 'ndcg@20': np.float64(0.0313)}
