Mon 19 Jan 2026 11:04:47 INFO  
General Hyper Parameters:
gpu_id = 0
use_gpu = True
seed = 212
state = INFO
reproducibility = True
data_path = ./recbole/data/dataset/Amazon_Sports_and_Outdoors
show_progress = True
save_dataset = False
save_dataloaders = False
benchmark_filename = None

Training Hyper Parameters:
checkpoint_dir = saved
epochs = 200
train_batch_size = 1024
learner = adam
learning_rate = 0.0001
eval_step = 2
stopping_step = 10
clip_grad_norm = None
weight_decay = 0.0
loss_decimal_place = 4

Evaluation Hyper Parameters:
eval_args = {'split': {'LS': 'valid_and_test'}, 'group_by': 'user', 'order': 'TO', 'mode': 'full'}
metrics = ['Recall', 'NDCG']
topk = [3, 5, 10, 20]
valid_metric = Recall@10
valid_metric_bigger = True
eval_batch_size = 256
metric_decimal_place = 4

Dataset Hyper Parameters:
field_separator = 	
seq_separator =  
USER_ID_FIELD = user_id
ITEM_ID_FIELD = item_id
RATING_FIELD = rating
TIME_FIELD = timestamp
seq_len = None
LABEL_FIELD = label
threshold = None
NEG_PREFIX = neg_
load_col = {'inter': ['user_id', 'item_id', 'rating', 'timestamp'], 'item': ['item_id', 'title', 'sales_rank', 'price', 'brand', 'categories', 'sales_type'], 'title': ['ent_id', 'ent_emb'], 'image': ['img_id', 'img_emb']}
unload_col = None
unused_col = None
additional_feat_suffix = ['title', 'image']
rm_dup_inter = None
val_interval = None
filter_inter_by_user_or_item = True
user_inter_num_interval = [5,inf)
item_inter_num_interval = [5,inf)
alias_of_user_id = None
alias_of_item_id = ['ent_id', 'img_id']
alias_of_entity_id = None
alias_of_relation_id = None
preload_weight = {'ent_id': 'ent_emb', 'img_id': 'img_emb'}
normalize_field = None
normalize_all = None
ITEM_LIST_LENGTH_FIELD = item_length
LIST_SUFFIX = _list
MAX_ITEM_LIST_LENGTH = 50
POSITION_FIELD = position_id
HEAD_ENTITY_ID_FIELD = head_id
TAIL_ENTITY_ID_FIELD = tail_id
RELATION_ID_FIELD = relation_id
ENTITY_ID_FIELD = entity_id

Other Hyper Parameters: 
neg_sampling = None
multi_gpus = False
repeatable = True
MODEL_TYPE = ModelType.SEQUENTIAL
n_layers = 3
n_heads = 8
hidden_size = 256
orig_attribute_hidden_size = [128, 128]
attribute_hidden_size = [128, 128]
inner_size = 256
hidden_dropout_prob = 0.5
attn_dropout_prob = 0.3
hidden_act = gelu
layer_norm_eps = 1e-12
initializer_range = 0.02
selected_features = ['ent_emb', 'img_emb']
feature_type = ['static', 'static']
pooling_mode = sum
loss_type = CE
weight_sharing = not
fusion_type = gate
lamdas = [5, 5]
attribute_predictor = ['cos_sim', 'cos_sim']
diffusion = {'device': 'cuda', 'dims': [1000], 'emb_size': 20, 'mean_type': 'x0', 'noise_max': 0.02, 'noise_min': 0.0001, 'noise_scale': 0.1, 'noise_schedule': 'linear-var', 'norm': False, 'num_heads': 4, 'reweight': True, 'sampling_noise': False, 'sampling_steps': 0, 'steps': 5, 'structure': 'MLP', 'time_type': 'cat', 'hiddenSize': 128, 'inputSize': 128}
lambda = 0.5
wandb_run_name = titles_images
annealing = False
MODEL_INPUT_TYPE = InputType.POINTWISE
eval_type = EvaluatorType.RANKING
device = cuda
train_neg_sample_args = {'strategy': 'none'}
eval_neg_sample_args = {'strategy': 'full', 'distribution': 'uniform'}


Mon 19 Jan 2026 11:04:48 INFO  Amazon_Sports_and_Outdoors
The number of users: 35599
Average actions of users: 8.324540704533963
The number of items: 18358
Average actions of items: 16.142997221768262
The number of inters: 296337
The sparsity of the dataset: 99.95465569853714%
Remain Fields: ['user_id', 'item_id', 'rating', 'timestamp', 'title', 'price', 'brand', 'categories', 'sales_type', 'sales_rank', 'ent_id', 'ent_emb', 'img_id', 'img_emb']
Mon 19 Jan 2026 11:04:51 INFO  [Training]: train_batch_size = [1024] negative sampling: [None]
Mon 19 Jan 2026 11:04:51 INFO  [Evaluation]: eval_batch_size = [256] eval_args: [{'split': {'LS': 'valid_and_test'}, 'group_by': 'user', 'order': 'TO', 'mode': 'full'}]
Mon 19 Jan 2026 11:04:53 INFO  NOVA(
  (item_embedding): Embedding(18358, 256, padding_idx=0)
  (position_embedding): Embedding(50, 256)
  (feature_embed_layer_list): ModuleList(
    (0-1): 2 x Embedding(18358, 128)
  )
  (trm_encoder): NOVATransformerEncoder(
    (layer): ModuleList(
      (0-2): 3 x NOVATransformerLayer(
        (multi_head_attention): NOVAMultiHeadAttention(
          (query): Linear(in_features=256, out_features=256, bias=True)
          (key): Linear(in_features=256, out_features=256, bias=True)
          (value): Linear(in_features=256, out_features=256, bias=True)
          (attn_dropout): Dropout(p=0.3, inplace=False)
          (dense): Linear(in_features=256, out_features=256, bias=True)
          (LayerNorm): LayerNorm((256,), eps=1e-12, elementwise_affine=True)
          (out_dropout): Dropout(p=0.5, inplace=False)
        )
        (feed_forward): FeedForward(
          (dense_1): Linear(in_features=256, out_features=256, bias=True)
          (dense_2): Linear(in_features=256, out_features=256, bias=True)
          (LayerNorm): LayerNorm((256,), eps=1e-12, elementwise_affine=True)
          (dropout): Dropout(p=0.5, inplace=False)
        )
      )
    )
  )
  (concat_layer): Linear(in_features=512, out_features=256, bias=True)
  (LayerNorm): LayerNorm((256,), eps=1e-12, elementwise_affine=True)
  (dropout): Dropout(p=0.5, inplace=False)
  (loss_fct): CrossEntropyLoss()
)
Trainable parameters: 6031616
Mon 19 Jan 2026 11:05:08 INFO  epoch 0 training [time: 13.85s, train loss: 1774.8895]
Mon 19 Jan 2026 11:05:21 INFO  epoch 1 training [time: 13.37s, train loss: 1723.6943]
Mon 19 Jan 2026 11:05:23 INFO  epoch 1 evaluating [time: 1.12s, valid_score: 0.012600]
Mon 19 Jan 2026 11:05:23 INFO  valid result: 
recall@3 : 0.006    recall@5 : 0.0081    recall@10 : 0.0126    recall@20 : 0.0241    ndcg@3 : 0.0044    ndcg@5 : 0.0053    ndcg@10 : 0.0067    ndcg@20 : 0.0096    
Mon 19 Jan 2026 11:05:23 INFO  Saving current best: saved/NOVA-Jan-19-2026_11-04-53.pth
Mon 19 Jan 2026 11:05:36 INFO  epoch 2 training [time: 13.40s, train loss: 1716.7529]
Mon 19 Jan 2026 11:05:49 INFO  epoch 3 training [time: 13.28s, train loss: 1694.1174]
Mon 19 Jan 2026 11:05:50 INFO  epoch 3 evaluating [time: 1.03s, valid_score: 0.020200]
Mon 19 Jan 2026 11:05:50 INFO  valid result: 
recall@3 : 0.008    recall@5 : 0.0114    recall@10 : 0.0202    recall@20 : 0.0337    ndcg@3 : 0.0059    ndcg@5 : 0.0073    ndcg@10 : 0.0101    ndcg@20 : 0.0135    
Mon 19 Jan 2026 11:05:51 INFO  Saving current best: saved/NOVA-Jan-19-2026_11-04-53.pth
Mon 19 Jan 2026 11:06:04 INFO  epoch 4 training [time: 13.53s, train loss: 1664.4510]
Mon 19 Jan 2026 11:06:17 INFO  epoch 5 training [time: 13.29s, train loss: 1642.0092]
Mon 19 Jan 2026 11:06:18 INFO  epoch 5 evaluating [time: 1.02s, valid_score: 0.024900]
Mon 19 Jan 2026 11:06:18 INFO  valid result: 
recall@3 : 0.0093    recall@5 : 0.0144    recall@10 : 0.0249    recall@20 : 0.0405    ndcg@3 : 0.0069    ndcg@5 : 0.009    ndcg@10 : 0.0124    ndcg@20 : 0.0163    
Mon 19 Jan 2026 11:06:19 INFO  Saving current best: saved/NOVA-Jan-19-2026_11-04-53.pth
Mon 19 Jan 2026 11:06:32 INFO  epoch 6 training [time: 13.49s, train loss: 1622.4695]
Mon 19 Jan 2026 11:06:45 INFO  epoch 7 training [time: 13.35s, train loss: 1604.5276]
Mon 19 Jan 2026 11:06:46 INFO  epoch 7 evaluating [time: 1.03s, valid_score: 0.028300]
Mon 19 Jan 2026 11:06:46 INFO  valid result: 
recall@3 : 0.0107    recall@5 : 0.0164    recall@10 : 0.0283    recall@20 : 0.0465    ndcg@3 : 0.0079    ndcg@5 : 0.0102    ndcg@10 : 0.014    ndcg@20 : 0.0186    
Mon 19 Jan 2026 11:06:46 INFO  Saving current best: saved/NOVA-Jan-19-2026_11-04-53.pth
Mon 19 Jan 2026 11:07:00 INFO  epoch 8 training [time: 13.42s, train loss: 1586.7977]
Mon 19 Jan 2026 11:07:13 INFO  epoch 9 training [time: 13.40s, train loss: 1569.8727]
Mon 19 Jan 2026 11:07:14 INFO  epoch 9 evaluating [time: 1.06s, valid_score: 0.033700]
Mon 19 Jan 2026 11:07:14 INFO  valid result: 
recall@3 : 0.0143    recall@5 : 0.0209    recall@10 : 0.0337    recall@20 : 0.0538    ndcg@3 : 0.0105    ndcg@5 : 0.0132    ndcg@10 : 0.0173    ndcg@20 : 0.0223    
Mon 19 Jan 2026 11:07:14 INFO  Saving current best: saved/NOVA-Jan-19-2026_11-04-53.pth
Mon 19 Jan 2026 11:07:28 INFO  epoch 10 training [time: 13.28s, train loss: 1552.5070]
Mon 19 Jan 2026 11:07:41 INFO  epoch 11 training [time: 13.54s, train loss: 1535.3731]
Mon 19 Jan 2026 11:07:42 INFO  epoch 11 evaluating [time: 1.04s, valid_score: 0.038500]
Mon 19 Jan 2026 11:07:42 INFO  valid result: 
recall@3 : 0.0176    recall@5 : 0.025    recall@10 : 0.0385    recall@20 : 0.0606    ndcg@3 : 0.0131    ndcg@5 : 0.0162    ndcg@10 : 0.0205    ndcg@20 : 0.0261    
Mon 19 Jan 2026 11:07:42 INFO  Saving current best: saved/NOVA-Jan-19-2026_11-04-53.pth
Mon 19 Jan 2026 11:07:56 INFO  epoch 12 training [time: 13.28s, train loss: 1519.0281]
Mon 19 Jan 2026 11:08:09 INFO  epoch 13 training [time: 13.52s, train loss: 1503.0979]
Mon 19 Jan 2026 11:08:10 INFO  epoch 13 evaluating [time: 1.09s, valid_score: 0.044000]
Mon 19 Jan 2026 11:08:10 INFO  valid result: 
recall@3 : 0.0203    recall@5 : 0.0289    recall@10 : 0.044    recall@20 : 0.0673    ndcg@3 : 0.0154    ndcg@5 : 0.0189    ndcg@10 : 0.0237    ndcg@20 : 0.0296    
Mon 19 Jan 2026 11:08:10 INFO  Saving current best: saved/NOVA-Jan-19-2026_11-04-53.pth
Mon 19 Jan 2026 11:08:24 INFO  epoch 14 training [time: 13.32s, train loss: 1487.8933]
Mon 19 Jan 2026 11:08:37 INFO  epoch 15 training [time: 13.43s, train loss: 1473.1925]
Mon 19 Jan 2026 11:08:38 INFO  epoch 15 evaluating [time: 1.03s, valid_score: 0.048500]
Mon 19 Jan 2026 11:08:38 INFO  valid result: 
recall@3 : 0.0221    recall@5 : 0.0305    recall@10 : 0.0485    recall@20 : 0.072    ndcg@3 : 0.017    ndcg@5 : 0.0204    ndcg@10 : 0.0262    ndcg@20 : 0.0322    
Mon 19 Jan 2026 11:08:38 INFO  Saving current best: saved/NOVA-Jan-19-2026_11-04-53.pth
Mon 19 Jan 2026 11:08:52 INFO  epoch 16 training [time: 13.33s, train loss: 1458.2108]
Mon 19 Jan 2026 11:09:05 INFO  epoch 17 training [time: 13.27s, train loss: 1443.2870]
Mon 19 Jan 2026 11:09:06 INFO  epoch 17 evaluating [time: 1.06s, valid_score: 0.052100]
Mon 19 Jan 2026 11:09:06 INFO  valid result: 
recall@3 : 0.0243    recall@5 : 0.034    recall@10 : 0.0521    recall@20 : 0.076    ndcg@3 : 0.0191    ndcg@5 : 0.0231    ndcg@10 : 0.0289    ndcg@20 : 0.0349    
Mon 19 Jan 2026 11:09:06 INFO  Saving current best: saved/NOVA-Jan-19-2026_11-04-53.pth
Mon 19 Jan 2026 11:09:20 INFO  epoch 18 training [time: 13.51s, train loss: 1429.0660]
Mon 19 Jan 2026 11:09:33 INFO  epoch 19 training [time: 13.46s, train loss: 1414.9112]
Mon 19 Jan 2026 11:09:34 INFO  epoch 19 evaluating [time: 1.02s, valid_score: 0.055700]
Mon 19 Jan 2026 11:09:34 INFO  valid result: 
recall@3 : 0.0273    recall@5 : 0.0372    recall@10 : 0.0557    recall@20 : 0.0797    ndcg@3 : 0.0211    ndcg@5 : 0.0252    ndcg@10 : 0.0311    ndcg@20 : 0.0371    
Mon 19 Jan 2026 11:09:34 INFO  Saving current best: saved/NOVA-Jan-19-2026_11-04-53.pth
Mon 19 Jan 2026 11:09:48 INFO  epoch 20 training [time: 13.70s, train loss: 1400.3340]
Mon 19 Jan 2026 11:10:02 INFO  epoch 21 training [time: 13.77s, train loss: 1386.0093]
Mon 19 Jan 2026 11:10:03 INFO  epoch 21 evaluating [time: 1.02s, valid_score: 0.056500]
Mon 19 Jan 2026 11:10:03 INFO  valid result: 
recall@3 : 0.0285    recall@5 : 0.0389    recall@10 : 0.0565    recall@20 : 0.0819    ndcg@3 : 0.0223    ndcg@5 : 0.0266    ndcg@10 : 0.0323    ndcg@20 : 0.0387    
Mon 19 Jan 2026 11:10:03 INFO  Saving current best: saved/NOVA-Jan-19-2026_11-04-53.pth
Mon 19 Jan 2026 11:10:17 INFO  epoch 22 training [time: 13.85s, train loss: 1371.3370]
Mon 19 Jan 2026 11:10:30 INFO  epoch 23 training [time: 13.56s, train loss: 1357.3352]
Mon 19 Jan 2026 11:10:31 INFO  epoch 23 evaluating [time: 1.02s, valid_score: 0.058300]
Mon 19 Jan 2026 11:10:31 INFO  valid result: 
recall@3 : 0.0306    recall@5 : 0.0407    recall@10 : 0.0583    recall@20 : 0.0833    ndcg@3 : 0.0241    ndcg@5 : 0.0282    ndcg@10 : 0.0339    ndcg@20 : 0.0402    
Mon 19 Jan 2026 11:10:31 INFO  Saving current best: saved/NOVA-Jan-19-2026_11-04-53.pth
Mon 19 Jan 2026 11:10:45 INFO  epoch 24 training [time: 13.50s, train loss: 1342.7362]
Mon 19 Jan 2026 11:10:58 INFO  epoch 25 training [time: 13.46s, train loss: 1328.7746]
Mon 19 Jan 2026 11:10:59 INFO  epoch 25 evaluating [time: 1.00s, valid_score: 0.059300]
Mon 19 Jan 2026 11:10:59 INFO  valid result: 
recall@3 : 0.0322    recall@5 : 0.0417    recall@10 : 0.0593    recall@20 : 0.0844    ndcg@3 : 0.0258    ndcg@5 : 0.0296    ndcg@10 : 0.0353    ndcg@20 : 0.0416    
Mon 19 Jan 2026 11:10:59 INFO  Saving current best: saved/NOVA-Jan-19-2026_11-04-53.pth
Mon 19 Jan 2026 11:11:13 INFO  epoch 26 training [time: 13.37s, train loss: 1314.0540]
Mon 19 Jan 2026 11:11:26 INFO  epoch 27 training [time: 13.63s, train loss: 1299.9654]
Mon 19 Jan 2026 11:11:27 INFO  epoch 27 evaluating [time: 1.02s, valid_score: 0.059900]
Mon 19 Jan 2026 11:11:27 INFO  valid result: 
recall@3 : 0.033    recall@5 : 0.0422    recall@10 : 0.0599    recall@20 : 0.0849    ndcg@3 : 0.0267    ndcg@5 : 0.0305    ndcg@10 : 0.0362    ndcg@20 : 0.0425    
Mon 19 Jan 2026 11:11:27 INFO  Saving current best: saved/NOVA-Jan-19-2026_11-04-53.pth
Mon 19 Jan 2026 11:11:41 INFO  epoch 28 training [time: 13.36s, train loss: 1286.0991]
Mon 19 Jan 2026 11:11:54 INFO  epoch 29 training [time: 13.53s, train loss: 1271.3789]
Mon 19 Jan 2026 11:11:55 INFO  epoch 29 evaluating [time: 1.03s, valid_score: 0.061300]
Mon 19 Jan 2026 11:11:55 INFO  valid result: 
recall@3 : 0.0333    recall@5 : 0.043    recall@10 : 0.0613    recall@20 : 0.0865    ndcg@3 : 0.0272    ndcg@5 : 0.0312    ndcg@10 : 0.0371    ndcg@20 : 0.0434    
Mon 19 Jan 2026 11:11:55 INFO  Saving current best: saved/NOVA-Jan-19-2026_11-04-53.pth
Mon 19 Jan 2026 11:12:09 INFO  epoch 30 training [time: 13.48s, train loss: 1257.8821]
Mon 19 Jan 2026 11:12:22 INFO  epoch 31 training [time: 13.49s, train loss: 1243.5687]
Mon 19 Jan 2026 11:12:23 INFO  epoch 31 evaluating [time: 1.04s, valid_score: 0.061200]
Mon 19 Jan 2026 11:12:23 INFO  valid result: 
recall@3 : 0.0342    recall@5 : 0.0433    recall@10 : 0.0612    recall@20 : 0.0867    ndcg@3 : 0.0277    ndcg@5 : 0.0314    ndcg@10 : 0.0372    ndcg@20 : 0.0436    
Mon 19 Jan 2026 11:12:37 INFO  epoch 32 training [time: 13.52s, train loss: 1229.6339]
Mon 19 Jan 2026 11:12:50 INFO  epoch 33 training [time: 13.41s, train loss: 1215.0581]
Mon 19 Jan 2026 11:12:51 INFO  epoch 33 evaluating [time: 1.07s, valid_score: 0.061600]
Mon 19 Jan 2026 11:12:51 INFO  valid result: 
recall@3 : 0.0335    recall@5 : 0.0439    recall@10 : 0.0616    recall@20 : 0.0869    ndcg@3 : 0.0274    ndcg@5 : 0.0316    ndcg@10 : 0.0373    ndcg@20 : 0.0437    
Mon 19 Jan 2026 11:12:52 INFO  Saving current best: saved/NOVA-Jan-19-2026_11-04-53.pth
Mon 19 Jan 2026 11:13:05 INFO  epoch 34 training [time: 13.58s, train loss: 1201.1874]
Mon 19 Jan 2026 11:13:19 INFO  epoch 35 training [time: 13.38s, train loss: 1187.2456]
Mon 19 Jan 2026 11:13:20 INFO  epoch 35 evaluating [time: 1.00s, valid_score: 0.061900]
Mon 19 Jan 2026 11:13:20 INFO  valid result: 
recall@3 : 0.0343    recall@5 : 0.0438    recall@10 : 0.0619    recall@20 : 0.0864    ndcg@3 : 0.0281    ndcg@5 : 0.032    ndcg@10 : 0.0378    ndcg@20 : 0.044    
Mon 19 Jan 2026 11:13:20 INFO  Saving current best: saved/NOVA-Jan-19-2026_11-04-53.pth
Mon 19 Jan 2026 11:13:33 INFO  epoch 36 training [time: 13.64s, train loss: 1173.9908]
Mon 19 Jan 2026 11:13:47 INFO  epoch 37 training [time: 13.40s, train loss: 1160.4250]
Mon 19 Jan 2026 11:13:48 INFO  epoch 37 evaluating [time: 1.02s, valid_score: 0.061300]
Mon 19 Jan 2026 11:13:48 INFO  valid result: 
recall@3 : 0.0345    recall@5 : 0.0441    recall@10 : 0.0613    recall@20 : 0.0853    ndcg@3 : 0.0282    ndcg@5 : 0.0322    ndcg@10 : 0.0377    ndcg@20 : 0.0438    
Mon 19 Jan 2026 11:14:01 INFO  epoch 38 training [time: 13.55s, train loss: 1146.9197]
Mon 19 Jan 2026 11:14:15 INFO  epoch 39 training [time: 13.48s, train loss: 1133.0933]
Mon 19 Jan 2026 11:14:16 INFO  epoch 39 evaluating [time: 1.00s, valid_score: 0.060700]
Mon 19 Jan 2026 11:14:16 INFO  valid result: 
recall@3 : 0.0342    recall@5 : 0.044    recall@10 : 0.0607    recall@20 : 0.084    ndcg@3 : 0.0281    ndcg@5 : 0.0321    ndcg@10 : 0.0375    ndcg@20 : 0.0434    
Mon 19 Jan 2026 11:14:30 INFO  epoch 40 training [time: 14.22s, train loss: 1119.7507]
Mon 19 Jan 2026 11:14:44 INFO  epoch 41 training [time: 13.56s, train loss: 1105.8198]
Mon 19 Jan 2026 11:14:45 INFO  epoch 41 evaluating [time: 1.02s, valid_score: 0.060200]
Mon 19 Jan 2026 11:14:45 INFO  valid result: 
recall@3 : 0.0344    recall@5 : 0.0434    recall@10 : 0.0602    recall@20 : 0.0832    ndcg@3 : 0.0281    ndcg@5 : 0.0318    ndcg@10 : 0.0372    ndcg@20 : 0.043    
Mon 19 Jan 2026 11:14:58 INFO  epoch 42 training [time: 13.39s, train loss: 1093.5401]
Mon 19 Jan 2026 11:15:11 INFO  epoch 43 training [time: 13.55s, train loss: 1079.8446]
Mon 19 Jan 2026 11:15:12 INFO  epoch 43 evaluating [time: 1.01s, valid_score: 0.059100]
Mon 19 Jan 2026 11:15:12 INFO  valid result: 
recall@3 : 0.0342    recall@5 : 0.0434    recall@10 : 0.0591    recall@20 : 0.0815    ndcg@3 : 0.028    ndcg@5 : 0.0318    ndcg@10 : 0.0369    ndcg@20 : 0.0425    
Mon 19 Jan 2026 11:15:26 INFO  epoch 44 training [time: 13.35s, train loss: 1067.7117]
Mon 19 Jan 2026 11:15:39 INFO  epoch 45 training [time: 13.58s, train loss: 1054.7714]
Mon 19 Jan 2026 11:15:40 INFO  epoch 45 evaluating [time: 1.02s, valid_score: 0.058900]
Mon 19 Jan 2026 11:15:40 INFO  valid result: 
recall@3 : 0.0343    recall@5 : 0.0428    recall@10 : 0.0589    recall@20 : 0.0816    ndcg@3 : 0.028    ndcg@5 : 0.0315    ndcg@10 : 0.0367    ndcg@20 : 0.0424    
Mon 19 Jan 2026 11:15:54 INFO  epoch 46 training [time: 13.39s, train loss: 1042.4210]
Mon 19 Jan 2026 11:16:07 INFO  epoch 47 training [time: 13.46s, train loss: 1030.3045]
Mon 19 Jan 2026 11:16:08 INFO  epoch 47 evaluating [time: 1.02s, valid_score: 0.057900]
Mon 19 Jan 2026 11:16:08 INFO  valid result: 
recall@3 : 0.034    recall@5 : 0.0423    recall@10 : 0.0579    recall@20 : 0.0809    ndcg@3 : 0.0277    ndcg@5 : 0.0311    ndcg@10 : 0.0361    ndcg@20 : 0.0419    
Mon 19 Jan 2026 11:16:22 INFO  epoch 48 training [time: 13.52s, train loss: 1018.1082]
Mon 19 Jan 2026 11:16:35 INFO  epoch 49 training [time: 13.36s, train loss: 1006.6800]
Mon 19 Jan 2026 11:16:36 INFO  epoch 49 evaluating [time: 1.05s, valid_score: 0.056400]
Mon 19 Jan 2026 11:16:36 INFO  valid result: 
recall@3 : 0.0337    recall@5 : 0.0418    recall@10 : 0.0564    recall@20 : 0.0792    ndcg@3 : 0.0271    ndcg@5 : 0.0305    ndcg@10 : 0.0352    ndcg@20 : 0.0409    
Mon 19 Jan 2026 11:16:50 INFO  epoch 50 training [time: 13.56s, train loss: 994.3941]
Mon 19 Jan 2026 11:17:03 INFO  epoch 51 training [time: 13.40s, train loss: 982.7705]
Mon 19 Jan 2026 11:17:04 INFO  epoch 51 evaluating [time: 0.99s, valid_score: 0.056000]
Mon 19 Jan 2026 11:17:04 INFO  valid result: 
recall@3 : 0.033    recall@5 : 0.0417    recall@10 : 0.056    recall@20 : 0.078    ndcg@3 : 0.0268    ndcg@5 : 0.0304    ndcg@10 : 0.035    ndcg@20 : 0.0405    
Mon 19 Jan 2026 11:17:18 INFO  epoch 52 training [time: 13.61s, train loss: 972.6251]
Mon 19 Jan 2026 11:17:31 INFO  epoch 53 training [time: 13.39s, train loss: 961.8890]
Mon 19 Jan 2026 11:17:32 INFO  epoch 53 evaluating [time: 0.97s, valid_score: 0.054700]
Mon 19 Jan 2026 11:17:32 INFO  valid result: 
recall@3 : 0.0326    recall@5 : 0.0412    recall@10 : 0.0547    recall@20 : 0.0777    ndcg@3 : 0.0264    ndcg@5 : 0.03    ndcg@10 : 0.0343    ndcg@20 : 0.0401    
Mon 19 Jan 2026 11:17:46 INFO  epoch 54 training [time: 13.53s, train loss: 950.9831]
Mon 19 Jan 2026 11:17:59 INFO  epoch 55 training [time: 13.44s, train loss: 941.2415]
Mon 19 Jan 2026 11:18:00 INFO  epoch 55 evaluating [time: 0.98s, valid_score: 0.054200]
Mon 19 Jan 2026 11:18:00 INFO  valid result: 
recall@3 : 0.0324    recall@5 : 0.0406    recall@10 : 0.0542    recall@20 : 0.0762    ndcg@3 : 0.0261    ndcg@5 : 0.0295    ndcg@10 : 0.0339    ndcg@20 : 0.0394    
Mon 19 Jan 2026 11:18:14 INFO  epoch 56 training [time: 13.40s, train loss: 931.1657]
Mon 19 Jan 2026 11:18:27 INFO  epoch 57 training [time: 13.54s, train loss: 920.2179]
Mon 19 Jan 2026 11:18:28 INFO  epoch 57 evaluating [time: 1.02s, valid_score: 0.053400]
Mon 19 Jan 2026 11:18:28 INFO  valid result: 
recall@3 : 0.0319    recall@5 : 0.04    recall@10 : 0.0534    recall@20 : 0.0747    ndcg@3 : 0.0258    ndcg@5 : 0.0292    ndcg@10 : 0.0335    ndcg@20 : 0.0388    
Mon 19 Jan 2026 11:18:28 INFO  Finished training, best eval result in epoch 35
Mon 19 Jan 2026 11:18:28 INFO  Loading model structure and parameters from saved/NOVA-Jan-19-2026_11-04-53.pth
Mon 19 Jan 2026 11:18:29 INFO  best valid : {'recall@3': np.float64(0.0343), 'recall@5': np.float64(0.0438), 'recall@10': np.float64(0.0619), 'recall@20': np.float64(0.0864), 'ndcg@3': np.float64(0.0281), 'ndcg@5': np.float64(0.032), 'ndcg@10': np.float64(0.0378), 'ndcg@20': np.float64(0.044)}
Mon 19 Jan 2026 11:18:29 INFO  test result: {'recall@3': np.float64(0.026), 'recall@5': np.float64(0.0336), 'recall@10': np.float64(0.0476), 'recall@20': np.float64(0.0671), 'ndcg@3': np.float64(0.0208), 'ndcg@5': np.float64(0.0239), 'ndcg@10': np.float64(0.0284), 'ndcg@20': np.float64(0.0334)}
