Fri 28 Nov 2025 00:56:41 INFO  
General Hyper Parameters:
gpu_id = 0
use_gpu = True
seed = 212
state = INFO
reproducibility = True
data_path = ./recbole/data/dataset/Amazon_Sports_and_Outdoors
show_progress = True
save_dataset = False
save_dataloaders = False
benchmark_filename = None

Training Hyper Parameters:
checkpoint_dir = saved
epochs = 200
train_batch_size = 1024
learner = adam
learning_rate = 0.0001
eval_step = 2
stopping_step = 10
clip_grad_norm = None
weight_decay = 0.0
loss_decimal_place = 4

Evaluation Hyper Parameters:
eval_args = {'split': {'LS': 'valid_and_test'}, 'group_by': 'user', 'order': 'TO', 'mode': 'full'}
metrics = ['Recall', 'NDCG']
topk = [3, 5, 10, 20]
valid_metric = Recall@10
valid_metric_bigger = True
eval_batch_size = 256
metric_decimal_place = 4

Dataset Hyper Parameters:
field_separator = 	
seq_separator =  
USER_ID_FIELD = user_id
ITEM_ID_FIELD = item_id
RATING_FIELD = rating
TIME_FIELD = timestamp
seq_len = None
LABEL_FIELD = label
threshold = None
NEG_PREFIX = neg_
load_col = {'inter': ['user_id', 'item_id', 'rating', 'timestamp'], 'item': ['item_id', 'title', 'sales_rank', 'price', 'brand', 'categories', 'sales_type'], 'title_original': ['ent_id', 'ent_emb'], 'image_original': ['img_id', 'img_emb']}
unload_col = None
unused_col = None
additional_feat_suffix = ['title_original', 'image_original']
rm_dup_inter = None
val_interval = None
filter_inter_by_user_or_item = True
user_inter_num_interval = [5,inf)
item_inter_num_interval = [5,inf)
alias_of_user_id = None
alias_of_item_id = ['ent_id', 'img_id']
alias_of_entity_id = None
alias_of_relation_id = None
preload_weight = {'ent_id': 'ent_emb', 'img_id': 'img_emb'}
normalize_field = None
normalize_all = None
ITEM_LIST_LENGTH_FIELD = item_length
LIST_SUFFIX = _list
MAX_ITEM_LIST_LENGTH = 50
POSITION_FIELD = position_id
HEAD_ENTITY_ID_FIELD = head_id
TAIL_ENTITY_ID_FIELD = tail_id
RELATION_ID_FIELD = relation_id
ENTITY_ID_FIELD = entity_id

Other Hyper Parameters: 
neg_sampling = None
multi_gpus = False
repeatable = True
MODEL_TYPE = ModelType.SEQUENTIAL
n_layers = 3
n_heads = 8
hidden_size = 256
orig_attribute_hidden_size = [1024, 4096]
attribute_hidden_size = [128, 128, 128]
inner_size = 256
hidden_dropout_prob = 0.5
attn_dropout_prob = 0.3
hidden_act = gelu
layer_norm_eps = 1e-12
initializer_range = 0.02
selected_features = ['ent_emb', 'img_emb', 'categories']
feature_type = ['static', 'static', 'categorical']
pooling_mode = sum
loss_type = CE
weight_sharing = not
fusion_type = gate
lamdas = [5, 5, 5]
attribute_predictor = ['cos_sim', 'cos_sim', 'linear']
diffusion = {'device': 'cuda', 'dims': [1000], 'emb_size': 20, 'mean_type': 'x0', 'noise_max': 0.02, 'noise_min': 0.0001, 'noise_scale': 0.1, 'noise_schedule': 'linear-var', 'norm': False, 'num_heads': 4, 'reweight': True, 'sampling_noise': False, 'sampling_steps': 0, 'steps': 5, 'structure': 'MLP', 'time_type': 'cat', 'hiddenSize': 128, 'inputSize': 128}
lambda = 0.5
wandb_run_name = titles_images_log_mlp
annealing = False
MODEL_INPUT_TYPE = InputType.POINTWISE
eval_type = EvaluatorType.RANKING
device = cuda
train_neg_sample_args = {'strategy': 'none'}
eval_neg_sample_args = {'strategy': 'full', 'distribution': 'uniform'}


Fri 28 Nov 2025 00:57:16 INFO  Amazon_Sports_and_Outdoors
The number of users: 35599
Average actions of users: 8.324540704533963
The number of items: 18358
Average actions of items: 16.142997221768262
The number of inters: 296337
The sparsity of the dataset: 99.95465569853714%
Remain Fields: ['user_id', 'item_id', 'rating', 'timestamp', 'title', 'price', 'brand', 'categories', 'sales_type', 'sales_rank', 'ent_id', 'ent_emb', 'img_id', 'img_emb']
Fri 28 Nov 2025 00:57:36 INFO  [Training]: train_batch_size = [1024] negative sampling: [None]
Fri 28 Nov 2025 00:57:36 INFO  [Evaluation]: eval_batch_size = [256] eval_args: [{'split': {'LS': 'valid_and_test'}, 'group_by': 'user', 'order': 'TO', 'mode': 'full'}]
Fri 28 Nov 2025 00:57:43 INFO  NOVA(
  (item_embedding): Embedding(18358, 256, padding_idx=0)
  (position_embedding): Embedding(50, 256)
  (feature_embed_layer_list): ModuleList(
    (0): Embedding(
      18358, 1024
      (mlp): MLP(
        (net): Sequential(
          (0): Linear(in_features=1024, out_features=512, bias=True)
          (1): ReLU()
          (2): Dropout(p=0.1, inplace=False)
          (3): Linear(in_features=512, out_features=256, bias=True)
          (4): ReLU()
          (5): Dropout(p=0.1, inplace=False)
          (6): Linear(in_features=256, out_features=128, bias=True)
          (7): LayerNorm((128,), eps=1e-05, elementwise_affine=True)
        )
      )
    )
    (1): Embedding(
      18358, 4096
      (mlp): MLP(
        (net): Sequential(
          (0): Linear(in_features=4096, out_features=2048, bias=True)
          (1): ReLU()
          (2): Dropout(p=0.1, inplace=False)
          (3): Linear(in_features=2048, out_features=1024, bias=True)
          (4): ReLU()
          (5): Dropout(p=0.1, inplace=False)
          (6): Linear(in_features=1024, out_features=512, bias=True)
          (7): ReLU()
          (8): Dropout(p=0.1, inplace=False)
          (9): Linear(in_features=512, out_features=256, bias=True)
          (10): ReLU()
          (11): Dropout(p=0.1, inplace=False)
          (12): Linear(in_features=256, out_features=128, bias=True)
          (13): LayerNorm((128,), eps=1e-05, elementwise_affine=True)
        )
      )
    )
    (2): FeatureSeqEmbLayer()
  )
  (trm_encoder): NOVATransformerEncoder(
    (layer): ModuleList(
      (0-2): 3 x NOVATransformerLayer(
        (multi_head_attention): NOVAMultiHeadAttention(
          (query): Linear(in_features=256, out_features=256, bias=True)
          (key): Linear(in_features=256, out_features=256, bias=True)
          (value): Linear(in_features=256, out_features=256, bias=True)
          (attn_dropout): Dropout(p=0.3, inplace=False)
          (dense): Linear(in_features=256, out_features=256, bias=True)
          (LayerNorm): LayerNorm((256,), eps=1e-12, elementwise_affine=True)
          (out_dropout): Dropout(p=0.5, inplace=False)
        )
        (feed_forward): FeedForward(
          (dense_1): Linear(in_features=256, out_features=256, bias=True)
          (dense_2): Linear(in_features=256, out_features=256, bias=True)
          (LayerNorm): LayerNorm((256,), eps=1e-12, elementwise_affine=True)
          (dropout): Dropout(p=0.5, inplace=False)
        )
      )
    )
  )
  (concat_layer): Linear(in_features=640, out_features=256, bias=True)
  (LayerNorm): LayerNorm((256,), eps=1e-12, elementwise_affine=True)
  (dropout): Dropout(p=0.5, inplace=False)
  (loss_fct): CrossEntropyLoss()
)
Trainable parameters: 17931776
Fri 28 Nov 2025 00:58:43 INFO  epoch 0 training [time: 55.50s, train loss: 1771.2318]
Fri 28 Nov 2025 00:59:35 INFO  epoch 1 training [time: 51.38s, train loss: 1716.0755]
Fri 28 Nov 2025 00:59:44 INFO  epoch 1 evaluating [time: 9.16s, valid_score: 0.018200]
Fri 28 Nov 2025 00:59:44 INFO  valid result: 
recall@3 : 0.0074    recall@5 : 0.0113    recall@10 : 0.0182    recall@20 : 0.0331    ndcg@3 : 0.0055    ndcg@5 : 0.0071    ndcg@10 : 0.0093    ndcg@20 : 0.0131    
Fri 28 Nov 2025 01:00:13 INFO  Saving current best: saved/NOVA-Nov-28-2025_00-57-43.pth
Fri 28 Nov 2025 01:01:05 INFO  epoch 2 training [time: 52.05s, train loss: 1684.3988]
Fri 28 Nov 2025 01:01:57 INFO  epoch 3 training [time: 51.30s, train loss: 1656.3737]
Fri 28 Nov 2025 01:02:05 INFO  epoch 3 evaluating [time: 8.36s, valid_score: 0.024100]
Fri 28 Nov 2025 01:02:05 INFO  valid result: 
recall@3 : 0.0095    recall@5 : 0.0141    recall@10 : 0.0241    recall@20 : 0.0422    ndcg@3 : 0.007    ndcg@5 : 0.0088    ndcg@10 : 0.0121    ndcg@20 : 0.0166    
Fri 28 Nov 2025 01:02:32 INFO  Saving current best: saved/NOVA-Nov-28-2025_00-57-43.pth
Fri 28 Nov 2025 01:03:19 INFO  epoch 4 training [time: 47.37s, train loss: 1634.4880]
Fri 28 Nov 2025 01:04:07 INFO  epoch 5 training [time: 47.94s, train loss: 1616.1582]
Fri 28 Nov 2025 01:04:12 INFO  epoch 5 evaluating [time: 4.30s, valid_score: 0.028300]
Fri 28 Nov 2025 01:04:12 INFO  valid result: 
recall@3 : 0.0106    recall@5 : 0.0161    recall@10 : 0.0283    recall@20 : 0.0471    ndcg@3 : 0.0076    ndcg@5 : 0.0099    ndcg@10 : 0.0138    ndcg@20 : 0.0185    
Fri 28 Nov 2025 01:04:18 INFO  Saving current best: saved/NOVA-Nov-28-2025_00-57-43.pth
Fri 28 Nov 2025 01:05:04 INFO  epoch 6 training [time: 46.70s, train loss: 1599.7699]
Fri 28 Nov 2025 01:05:55 INFO  epoch 7 training [time: 50.75s, train loss: 1584.1415]
Fri 28 Nov 2025 01:06:04 INFO  epoch 7 evaluating [time: 9.03s, valid_score: 0.033700]
Fri 28 Nov 2025 01:06:04 INFO  valid result: 
recall@3 : 0.0129    recall@5 : 0.0195    recall@10 : 0.0337    recall@20 : 0.0547    ndcg@3 : 0.0095    ndcg@5 : 0.0122    ndcg@10 : 0.0167    ndcg@20 : 0.022    
Fri 28 Nov 2025 01:06:27 INFO  Saving current best: saved/NOVA-Nov-28-2025_00-57-43.pth
Fri 28 Nov 2025 01:07:15 INFO  epoch 8 training [time: 48.26s, train loss: 1569.4970]
Fri 28 Nov 2025 01:08:02 INFO  epoch 9 training [time: 46.66s, train loss: 1555.0794]
Fri 28 Nov 2025 01:08:06 INFO  epoch 9 evaluating [time: 4.48s, valid_score: 0.038600]
Fri 28 Nov 2025 01:08:06 INFO  valid result: 
recall@3 : 0.0167    recall@5 : 0.0236    recall@10 : 0.0386    recall@20 : 0.0604    ndcg@3 : 0.0123    ndcg@5 : 0.0151    ndcg@10 : 0.0199    ndcg@20 : 0.0254    
Fri 28 Nov 2025 01:08:13 INFO  Saving current best: saved/NOVA-Nov-28-2025_00-57-43.pth
Fri 28 Nov 2025 01:09:03 INFO  epoch 10 training [time: 49.62s, train loss: 1541.8792]
Fri 28 Nov 2025 01:09:53 INFO  epoch 11 training [time: 50.21s, train loss: 1528.3238]
Fri 28 Nov 2025 01:09:57 INFO  epoch 11 evaluating [time: 4.33s, valid_score: 0.043600]
Fri 28 Nov 2025 01:09:57 INFO  valid result: 
recall@3 : 0.0191    recall@5 : 0.0271    recall@10 : 0.0436    recall@20 : 0.0657    ndcg@3 : 0.0142    ndcg@5 : 0.0175    ndcg@10 : 0.0227    ndcg@20 : 0.0283    
Fri 28 Nov 2025 01:10:03 INFO  Saving current best: saved/NOVA-Nov-28-2025_00-57-43.pth
Fri 28 Nov 2025 01:10:51 INFO  epoch 12 training [time: 48.53s, train loss: 1515.0520]
Fri 28 Nov 2025 01:11:44 INFO  epoch 13 training [time: 52.95s, train loss: 1502.1697]
Fri 28 Nov 2025 01:11:53 INFO  epoch 13 evaluating [time: 8.16s, valid_score: 0.046000]
Fri 28 Nov 2025 01:11:53 INFO  valid result: 
recall@3 : 0.0206    recall@5 : 0.0293    recall@10 : 0.046    recall@20 : 0.0705    ndcg@3 : 0.0158    ndcg@5 : 0.0194    ndcg@10 : 0.0248    ndcg@20 : 0.031    
Fri 28 Nov 2025 01:12:21 INFO  Saving current best: saved/NOVA-Nov-28-2025_00-57-43.pth
Fri 28 Nov 2025 01:13:10 INFO  epoch 14 training [time: 49.13s, train loss: 1489.9150]
Fri 28 Nov 2025 01:14:02 INFO  epoch 15 training [time: 51.53s, train loss: 1477.5052]
Fri 28 Nov 2025 01:14:09 INFO  epoch 15 evaluating [time: 7.42s, valid_score: 0.050100]
Fri 28 Nov 2025 01:14:09 INFO  valid result: 
recall@3 : 0.0236    recall@5 : 0.0331    recall@10 : 0.0501    recall@20 : 0.0748    ndcg@3 : 0.0181    ndcg@5 : 0.022    ndcg@10 : 0.0274    ndcg@20 : 0.0336    
Fri 28 Nov 2025 01:14:38 INFO  Saving current best: saved/NOVA-Nov-28-2025_00-57-43.pth
Fri 28 Nov 2025 01:15:28 INFO  epoch 16 training [time: 49.58s, train loss: 1465.6059]
Fri 28 Nov 2025 01:16:20 INFO  epoch 17 training [time: 52.40s, train loss: 1454.2035]
Fri 28 Nov 2025 01:16:27 INFO  epoch 17 evaluating [time: 6.34s, valid_score: 0.052200]
Fri 28 Nov 2025 01:16:27 INFO  valid result: 
recall@3 : 0.0247    recall@5 : 0.0346    recall@10 : 0.0522    recall@20 : 0.078    ndcg@3 : 0.0194    ndcg@5 : 0.0235    ndcg@10 : 0.0291    ndcg@20 : 0.0356    
Fri 28 Nov 2025 01:16:56 INFO  Saving current best: saved/NOVA-Nov-28-2025_00-57-43.pth
Fri 28 Nov 2025 01:17:48 INFO  epoch 18 training [time: 52.01s, train loss: 1442.3090]
Fri 28 Nov 2025 01:18:38 INFO  epoch 19 training [time: 49.65s, train loss: 1431.2400]
Fri 28 Nov 2025 01:18:46 INFO  epoch 19 evaluating [time: 8.00s, valid_score: 0.054000]
Fri 28 Nov 2025 01:18:46 INFO  valid result: 
recall@3 : 0.0263    recall@5 : 0.0364    recall@10 : 0.054    recall@20 : 0.0797    ndcg@3 : 0.0206    ndcg@5 : 0.0248    ndcg@10 : 0.0304    ndcg@20 : 0.0368    
Fri 28 Nov 2025 01:19:15 INFO  Saving current best: saved/NOVA-Nov-28-2025_00-57-43.pth
Fri 28 Nov 2025 01:20:07 INFO  epoch 20 training [time: 51.10s, train loss: 1419.8453]
Fri 28 Nov 2025 01:20:57 INFO  epoch 21 training [time: 50.91s, train loss: 1408.6113]
Fri 28 Nov 2025 01:21:03 INFO  epoch 21 evaluating [time: 5.41s, valid_score: 0.056200]
Fri 28 Nov 2025 01:21:03 INFO  valid result: 
recall@3 : 0.0285    recall@5 : 0.0381    recall@10 : 0.0562    recall@20 : 0.082    ndcg@3 : 0.0221    ndcg@5 : 0.026    ndcg@10 : 0.0318    ndcg@20 : 0.0383    
Fri 28 Nov 2025 01:21:33 INFO  Saving current best: saved/NOVA-Nov-28-2025_00-57-43.pth
Fri 28 Nov 2025 01:22:26 INFO  epoch 22 training [time: 53.15s, train loss: 1397.6970]
Fri 28 Nov 2025 01:23:15 INFO  epoch 23 training [time: 48.92s, train loss: 1387.1048]
Fri 28 Nov 2025 01:23:20 INFO  epoch 23 evaluating [time: 5.51s, valid_score: 0.056900]
Fri 28 Nov 2025 01:23:20 INFO  valid result: 
recall@3 : 0.0297    recall@5 : 0.0394    recall@10 : 0.0569    recall@20 : 0.0827    ndcg@3 : 0.0231    ndcg@5 : 0.0271    ndcg@10 : 0.0327    ndcg@20 : 0.0392    
Fri 28 Nov 2025 01:23:45 INFO  Saving current best: saved/NOVA-Nov-28-2025_00-57-43.pth
Fri 28 Nov 2025 01:24:37 INFO  epoch 24 training [time: 52.05s, train loss: 1376.2421]
Fri 28 Nov 2025 01:25:29 INFO  epoch 25 training [time: 52.00s, train loss: 1365.1782]
Fri 28 Nov 2025 01:25:33 INFO  epoch 25 evaluating [time: 3.52s, valid_score: 0.058300]
Fri 28 Nov 2025 01:25:33 INFO  valid result: 
recall@3 : 0.0301    recall@5 : 0.0405    recall@10 : 0.0583    recall@20 : 0.0843    ndcg@3 : 0.0237    ndcg@5 : 0.0279    ndcg@10 : 0.0337    ndcg@20 : 0.0402    
Fri 28 Nov 2025 01:25:53 INFO  Saving current best: saved/NOVA-Nov-28-2025_00-57-43.pth
Fri 28 Nov 2025 01:26:43 INFO  epoch 26 training [time: 50.54s, train loss: 1354.2109]
Fri 28 Nov 2025 01:27:34 INFO  epoch 27 training [time: 51.12s, train loss: 1343.9520]
Fri 28 Nov 2025 01:27:41 INFO  epoch 27 evaluating [time: 7.13s, valid_score: 0.058100]
Fri 28 Nov 2025 01:27:41 INFO  valid result: 
recall@3 : 0.0301    recall@5 : 0.0406    recall@10 : 0.0581    recall@20 : 0.0836    ndcg@3 : 0.0238    ndcg@5 : 0.0281    ndcg@10 : 0.0337    ndcg@20 : 0.0401    
Fri 28 Nov 2025 01:28:32 INFO  epoch 28 training [time: 50.54s, train loss: 1332.9426]
Fri 28 Nov 2025 01:29:22 INFO  epoch 29 training [time: 50.20s, train loss: 1322.6273]
Fri 28 Nov 2025 01:29:29 INFO  epoch 29 evaluating [time: 7.05s, valid_score: 0.060900]
Fri 28 Nov 2025 01:29:29 INFO  valid result: 
recall@3 : 0.0319    recall@5 : 0.0423    recall@10 : 0.0609    recall@20 : 0.0859    ndcg@3 : 0.0255    ndcg@5 : 0.0298    ndcg@10 : 0.0357    ndcg@20 : 0.042    
Fri 28 Nov 2025 01:29:59 INFO  Saving current best: saved/NOVA-Nov-28-2025_00-57-43.pth
Fri 28 Nov 2025 01:30:48 INFO  epoch 30 training [time: 49.54s, train loss: 1312.6086]
Fri 28 Nov 2025 01:31:38 INFO  epoch 31 training [time: 49.30s, train loss: 1302.1667]
Fri 28 Nov 2025 01:31:40 INFO  epoch 31 evaluating [time: 2.53s, valid_score: 0.059800]
Fri 28 Nov 2025 01:31:40 INFO  valid result: 
recall@3 : 0.0314    recall@5 : 0.0421    recall@10 : 0.0598    recall@20 : 0.0837    ndcg@3 : 0.0253    ndcg@5 : 0.0297    ndcg@10 : 0.0354    ndcg@20 : 0.0414    
Fri 28 Nov 2025 01:32:29 INFO  epoch 32 training [time: 48.62s, train loss: 1291.9620]
Fri 28 Nov 2025 01:33:15 INFO  epoch 33 training [time: 46.50s, train loss: 1281.7163]
Fri 28 Nov 2025 01:33:20 INFO  epoch 33 evaluating [time: 4.41s, valid_score: 0.059100]
Fri 28 Nov 2025 01:33:20 INFO  valid result: 
recall@3 : 0.0314    recall@5 : 0.0419    recall@10 : 0.0591    recall@20 : 0.082    ndcg@3 : 0.0252    ndcg@5 : 0.0295    ndcg@10 : 0.0351    ndcg@20 : 0.0409    
Fri 28 Nov 2025 01:34:08 INFO  epoch 34 training [time: 48.54s, train loss: 1271.8752]
Fri 28 Nov 2025 01:34:55 INFO  epoch 35 training [time: 46.57s, train loss: 1261.0859]
Fri 28 Nov 2025 01:34:59 INFO  epoch 35 evaluating [time: 4.42s, valid_score: 0.060400]
Fri 28 Nov 2025 01:34:59 INFO  valid result: 
recall@3 : 0.0316    recall@5 : 0.0422    recall@10 : 0.0604    recall@20 : 0.083    ndcg@3 : 0.0255    ndcg@5 : 0.0298    ndcg@10 : 0.0357    ndcg@20 : 0.0414    
Fri 28 Nov 2025 01:35:46 INFO  epoch 36 training [time: 46.53s, train loss: 1251.6062]
Fri 28 Nov 2025 01:36:34 INFO  epoch 37 training [time: 48.39s, train loss: 1241.4590]
Fri 28 Nov 2025 01:36:39 INFO  epoch 37 evaluating [time: 4.38s, valid_score: 0.059600]
Fri 28 Nov 2025 01:36:39 INFO  valid result: 
recall@3 : 0.0319    recall@5 : 0.0422    recall@10 : 0.0596    recall@20 : 0.0818    ndcg@3 : 0.0261    ndcg@5 : 0.0303    ndcg@10 : 0.0359    ndcg@20 : 0.0415    
Fri 28 Nov 2025 01:37:25 INFO  epoch 38 training [time: 46.63s, train loss: 1231.5778]
Fri 28 Nov 2025 01:38:12 INFO  epoch 39 training [time: 46.70s, train loss: 1222.1293]
Fri 28 Nov 2025 01:38:16 INFO  epoch 39 evaluating [time: 4.43s, valid_score: 0.058700]
Fri 28 Nov 2025 01:38:16 INFO  valid result: 
recall@3 : 0.0322    recall@5 : 0.042    recall@10 : 0.0587    recall@20 : 0.0827    ndcg@3 : 0.0262    ndcg@5 : 0.0303    ndcg@10 : 0.0357    ndcg@20 : 0.0417    
Fri 28 Nov 2025 01:39:05 INFO  epoch 40 training [time: 48.55s, train loss: 1212.2880]
Fri 28 Nov 2025 01:39:51 INFO  epoch 41 training [time: 46.52s, train loss: 1203.6512]
Fri 28 Nov 2025 01:39:56 INFO  epoch 41 evaluating [time: 4.47s, valid_score: 0.059000]
Fri 28 Nov 2025 01:39:56 INFO  valid result: 
recall@3 : 0.0324    recall@5 : 0.0421    recall@10 : 0.059    recall@20 : 0.0829    ndcg@3 : 0.0265    ndcg@5 : 0.0305    ndcg@10 : 0.0359    ndcg@20 : 0.0419    
Fri 28 Nov 2025 01:40:44 INFO  epoch 42 training [time: 48.49s, train loss: 1193.7085]
Fri 28 Nov 2025 01:41:31 INFO  epoch 43 training [time: 46.56s, train loss: 1183.9836]
Fri 28 Nov 2025 01:41:35 INFO  epoch 43 evaluating [time: 4.41s, valid_score: 0.058200]
Fri 28 Nov 2025 01:41:35 INFO  valid result: 
recall@3 : 0.0326    recall@5 : 0.0412    recall@10 : 0.0582    recall@20 : 0.0807    ndcg@3 : 0.0267    ndcg@5 : 0.0302    ndcg@10 : 0.0357    ndcg@20 : 0.0414    
Fri 28 Nov 2025 01:42:22 INFO  epoch 44 training [time: 46.62s, train loss: 1175.9498]
Fri 28 Nov 2025 01:43:11 INFO  epoch 45 training [time: 48.63s, train loss: 1165.9710]
Fri 28 Nov 2025 01:43:15 INFO  epoch 45 evaluating [time: 4.40s, valid_score: 0.057500]
Fri 28 Nov 2025 01:43:15 INFO  valid result: 
recall@3 : 0.0325    recall@5 : 0.0413    recall@10 : 0.0575    recall@20 : 0.0794    ndcg@3 : 0.0266    ndcg@5 : 0.0302    ndcg@10 : 0.0354    ndcg@20 : 0.0409    
Fri 28 Nov 2025 01:44:02 INFO  epoch 46 training [time: 46.59s, train loss: 1158.0826]
Fri 28 Nov 2025 01:44:48 INFO  epoch 47 training [time: 46.54s, train loss: 1148.7244]
Fri 28 Nov 2025 01:44:52 INFO  epoch 47 evaluating [time: 4.38s, valid_score: 0.056800]
Fri 28 Nov 2025 01:44:52 INFO  valid result: 
recall@3 : 0.0324    recall@5 : 0.0409    recall@10 : 0.0568    recall@20 : 0.0784    ndcg@3 : 0.0265    ndcg@5 : 0.03    ndcg@10 : 0.0351    ndcg@20 : 0.0406    
Fri 28 Nov 2025 01:45:41 INFO  epoch 48 training [time: 48.47s, train loss: 1140.2352]
Fri 28 Nov 2025 01:46:28 INFO  epoch 49 training [time: 46.68s, train loss: 1131.1811]
Fri 28 Nov 2025 01:46:32 INFO  epoch 49 evaluating [time: 4.43s, valid_score: 0.056200]
Fri 28 Nov 2025 01:46:32 INFO  valid result: 
recall@3 : 0.0326    recall@5 : 0.0406    recall@10 : 0.0562    recall@20 : 0.0778    ndcg@3 : 0.0265    ndcg@5 : 0.0298    ndcg@10 : 0.0348    ndcg@20 : 0.0402    
Fri 28 Nov 2025 01:47:19 INFO  epoch 50 training [time: 46.96s, train loss: 1123.0985]
Fri 28 Nov 2025 01:48:08 INFO  epoch 51 training [time: 49.32s, train loss: 1114.0847]
Fri 28 Nov 2025 01:48:13 INFO  epoch 51 evaluating [time: 4.46s, valid_score: 0.056800]
Fri 28 Nov 2025 01:48:13 INFO  valid result: 
recall@3 : 0.0319    recall@5 : 0.0409    recall@10 : 0.0568    recall@20 : 0.0771    ndcg@3 : 0.0264    ndcg@5 : 0.0301    ndcg@10 : 0.0353    ndcg@20 : 0.0403    
Fri 28 Nov 2025 01:48:13 INFO  Finished training, best eval result in epoch 29
Fri 28 Nov 2025 01:48:17 INFO  Loading model structure and parameters from saved/NOVA-Nov-28-2025_00-57-43.pth
Fri 28 Nov 2025 01:48:20 INFO  best valid : {'recall@3': np.float64(0.0319), 'recall@5': np.float64(0.0423), 'recall@10': np.float64(0.0609), 'recall@20': np.float64(0.0859), 'ndcg@3': np.float64(0.0255), 'ndcg@5': np.float64(0.0298), 'ndcg@10': np.float64(0.0357), 'ndcg@20': np.float64(0.042)}
Fri 28 Nov 2025 01:48:20 INFO  test result: {'recall@3': np.float64(0.0253), 'recall@5': np.float64(0.0328), 'recall@10': np.float64(0.048), 'recall@20': np.float64(0.0685), 'ndcg@3': np.float64(0.0202), 'ndcg@5': np.float64(0.0233), 'ndcg@10': np.float64(0.0282), 'ndcg@20': np.float64(0.0333)}
