Mon 19 Jan 2026 02:26:06 INFO  
General Hyper Parameters:
gpu_id = 0
use_gpu = True
seed = 212
state = INFO
reproducibility = True
data_path = ./recbole/data/dataset/Amazon_Sports_and_Outdoors
show_progress = True
save_dataset = False
save_dataloaders = False
benchmark_filename = None

Training Hyper Parameters:
checkpoint_dir = saved
epochs = 200
train_batch_size = 1024
learner = adam
learning_rate = 0.0001
eval_step = 2
stopping_step = 10
clip_grad_norm = None
weight_decay = 0.0
loss_decimal_place = 4

Evaluation Hyper Parameters:
eval_args = {'split': {'LS': 'valid_and_test'}, 'group_by': 'user', 'order': 'TO', 'mode': 'full'}
metrics = ['Recall', 'NDCG']
topk = [3, 5, 10, 20]
valid_metric = Recall@10
valid_metric_bigger = True
eval_batch_size = 256
metric_decimal_place = 4

Dataset Hyper Parameters:
field_separator = 	
seq_separator =  
USER_ID_FIELD = user_id
ITEM_ID_FIELD = item_id
RATING_FIELD = rating
TIME_FIELD = timestamp
seq_len = None
LABEL_FIELD = label
threshold = None
NEG_PREFIX = neg_
load_col = {'inter': ['user_id', 'item_id', 'rating', 'timestamp'], 'item': ['item_id', 'title', 'sales_rank', 'price', 'brand', 'categories', 'sales_type']}
unload_col = None
unused_col = None
additional_feat_suffix = None
rm_dup_inter = None
val_interval = None
filter_inter_by_user_or_item = True
user_inter_num_interval = [5,inf)
item_inter_num_interval = [5,inf)
alias_of_user_id = None
alias_of_item_id = None
alias_of_entity_id = None
alias_of_relation_id = None
preload_weight = None
normalize_field = None
normalize_all = None
ITEM_LIST_LENGTH_FIELD = item_length
LIST_SUFFIX = _list
MAX_ITEM_LIST_LENGTH = 50
POSITION_FIELD = position_id
HEAD_ENTITY_ID_FIELD = head_id
TAIL_ENTITY_ID_FIELD = tail_id
RELATION_ID_FIELD = relation_id
ENTITY_ID_FIELD = entity_id

Other Hyper Parameters: 
neg_sampling = None
multi_gpus = False
repeatable = True
MODEL_TYPE = ModelType.SEQUENTIAL
n_layers = 3
n_heads = 8
hidden_size = 256
orig_attribute_hidden_size = [64]
attribute_hidden_size = [64]
inner_size = 256
hidden_dropout_prob = 0.5
attn_dropout_prob = 0.3
hidden_act = gelu
layer_norm_eps = 1e-12
initializer_range = 0.02
selected_features = ['categories']
feature_type = ['categorical']
pooling_mode = sum
loss_type = CE
weight_sharing = not
fusion_type = gate
lamdas = [5]
attribute_predictor = ['linear']
diffusion = {'device': 'cuda', 'dims': [1000], 'emb_size': 20, 'mean_type': 'x0', 'noise_max': 0.02, 'noise_min': 0.0001, 'noise_scale': 0.1, 'noise_schedule': 'linear-var', 'norm': False, 'num_heads': 4, 'reweight': True, 'sampling_noise': False, 'sampling_steps': 0, 'steps': 5, 'structure': 'MLP', 'time_type': 'cat', 'hiddenSize': 128, 'inputSize': 128}
lambda = 0.5
wandb_run_name = categories
annealing = False
MODEL_INPUT_TYPE = InputType.POINTWISE
eval_type = EvaluatorType.RANKING
device = cuda
train_neg_sample_args = {'strategy': 'none'}
eval_neg_sample_args = {'strategy': 'full', 'distribution': 'uniform'}


Mon 19 Jan 2026 02:26:06 INFO  Amazon_Sports_and_Outdoors
The number of users: 35599
Average actions of users: 8.324540704533963
The number of items: 18358
Average actions of items: 16.142997221768262
The number of inters: 296337
The sparsity of the dataset: 99.95465569853714%
Remain Fields: ['user_id', 'item_id', 'rating', 'timestamp', 'title', 'price', 'brand', 'categories', 'sales_type', 'sales_rank']
Mon 19 Jan 2026 02:26:09 INFO  [Training]: train_batch_size = [1024] negative sampling: [None]
Mon 19 Jan 2026 02:26:09 INFO  [Evaluation]: eval_batch_size = [256] eval_args: [{'split': {'LS': 'valid_and_test'}, 'group_by': 'user', 'order': 'TO', 'mode': 'full'}]
Mon 19 Jan 2026 02:26:11 INFO  NOVA(
  (item_embedding): Embedding(18358, 256, padding_idx=0)
  (position_embedding): Embedding(50, 256)
  (feature_embed_layer_list): ModuleList(
    (0): FeatureSeqEmbLayer()
  )
  (trm_encoder): NOVATransformerEncoder(
    (layer): ModuleList(
      (0-2): 3 x NOVATransformerLayer(
        (multi_head_attention): NOVAMultiHeadAttention(
          (query): Linear(in_features=256, out_features=256, bias=True)
          (key): Linear(in_features=256, out_features=256, bias=True)
          (value): Linear(in_features=256, out_features=256, bias=True)
          (attn_dropout): Dropout(p=0.3, inplace=False)
          (dense): Linear(in_features=256, out_features=256, bias=True)
          (LayerNorm): LayerNorm((256,), eps=1e-12, elementwise_affine=True)
          (out_dropout): Dropout(p=0.5, inplace=False)
        )
        (feed_forward): FeedForward(
          (dense_1): Linear(in_features=256, out_features=256, bias=True)
          (dense_2): Linear(in_features=256, out_features=256, bias=True)
          (LayerNorm): LayerNorm((256,), eps=1e-12, elementwise_affine=True)
          (dropout): Dropout(p=0.5, inplace=False)
        )
      )
    )
  )
  (concat_layer): Linear(in_features=320, out_features=256, bias=True)
  (LayerNorm): LayerNorm((256,), eps=1e-12, elementwise_affine=True)
  (dropout): Dropout(p=0.5, inplace=False)
  (loss_fct): CrossEntropyLoss()
)
Trainable parameters: 5982464
Mon 19 Jan 2026 02:26:29 INFO  epoch 0 training [time: 19.19s, train loss: 1772.9922]
Mon 19 Jan 2026 02:26:46 INFO  epoch 1 training [time: 16.78s, train loss: 1718.3065]
Mon 19 Jan 2026 02:26:47 INFO  epoch 1 evaluating [time: 1.32s, valid_score: 0.017900]
Mon 19 Jan 2026 02:26:47 INFO  valid result: 
recall@3 : 0.0075    recall@5 : 0.01    recall@10 : 0.0179    recall@20 : 0.0317    ndcg@3 : 0.0058    ndcg@5 : 0.0068    ndcg@10 : 0.0093    ndcg@20 : 0.0127    
Mon 19 Jan 2026 02:26:48 INFO  Saving current best: saved/NOVA-Jan-19-2026_02-26-11.pth
Mon 19 Jan 2026 02:27:07 INFO  epoch 2 training [time: 18.66s, train loss: 1692.4496]
Mon 19 Jan 2026 02:27:24 INFO  epoch 3 training [time: 16.74s, train loss: 1663.4361]
Mon 19 Jan 2026 02:27:25 INFO  epoch 3 evaluating [time: 1.23s, valid_score: 0.023400]
Mon 19 Jan 2026 02:27:25 INFO  valid result: 
recall@3 : 0.0088    recall@5 : 0.0135    recall@10 : 0.0234    recall@20 : 0.0396    ndcg@3 : 0.0066    ndcg@5 : 0.0085    ndcg@10 : 0.0116    ndcg@20 : 0.0157    
Mon 19 Jan 2026 02:27:26 INFO  Saving current best: saved/NOVA-Jan-19-2026_02-26-11.pth
Mon 19 Jan 2026 02:27:43 INFO  epoch 4 training [time: 17.10s, train loss: 1641.5269]
Mon 19 Jan 2026 02:28:01 INFO  epoch 5 training [time: 18.31s, train loss: 1624.4133]
Mon 19 Jan 2026 02:28:03 INFO  epoch 5 evaluating [time: 1.23s, valid_score: 0.027200]
Mon 19 Jan 2026 02:28:03 INFO  valid result: 
recall@3 : 0.0105    recall@5 : 0.0159    recall@10 : 0.0272    recall@20 : 0.0457    ndcg@3 : 0.0076    ndcg@5 : 0.0098    ndcg@10 : 0.0134    ndcg@20 : 0.0181    
Mon 19 Jan 2026 02:28:04 INFO  Saving current best: saved/NOVA-Jan-19-2026_02-26-11.pth
Mon 19 Jan 2026 02:28:21 INFO  epoch 6 training [time: 17.34s, train loss: 1609.6079]
Mon 19 Jan 2026 02:28:40 INFO  epoch 7 training [time: 18.75s, train loss: 1595.6708]
Mon 19 Jan 2026 02:28:41 INFO  epoch 7 evaluating [time: 1.25s, valid_score: 0.030100]
Mon 19 Jan 2026 02:28:41 INFO  valid result: 
recall@3 : 0.0121    recall@5 : 0.0179    recall@10 : 0.0301    recall@20 : 0.0502    ndcg@3 : 0.0088    ndcg@5 : 0.0112    ndcg@10 : 0.0152    ndcg@20 : 0.0202    
Mon 19 Jan 2026 02:28:42 INFO  Saving current best: saved/NOVA-Jan-19-2026_02-26-11.pth
Mon 19 Jan 2026 02:28:59 INFO  epoch 8 training [time: 16.63s, train loss: 1583.5458]
Mon 19 Jan 2026 02:29:15 INFO  epoch 9 training [time: 16.24s, train loss: 1572.2783]
Mon 19 Jan 2026 02:29:16 INFO  epoch 9 evaluating [time: 1.22s, valid_score: 0.033900]
Mon 19 Jan 2026 02:29:16 INFO  valid result: 
recall@3 : 0.0134    recall@5 : 0.0199    recall@10 : 0.0339    recall@20 : 0.0531    ndcg@3 : 0.0097    ndcg@5 : 0.0123    ndcg@10 : 0.0168    ndcg@20 : 0.0216    
Mon 19 Jan 2026 02:29:17 INFO  Saving current best: saved/NOVA-Jan-19-2026_02-26-11.pth
Mon 19 Jan 2026 02:29:36 INFO  epoch 10 training [time: 19.02s, train loss: 1561.2592]
Mon 19 Jan 2026 02:29:54 INFO  epoch 11 training [time: 17.68s, train loss: 1550.6732]
Mon 19 Jan 2026 02:29:55 INFO  epoch 11 evaluating [time: 1.31s, valid_score: 0.034800]
Mon 19 Jan 2026 02:29:55 INFO  valid result: 
recall@3 : 0.0146    recall@5 : 0.022    recall@10 : 0.0348    recall@20 : 0.0566    ndcg@3 : 0.0105    ndcg@5 : 0.0136    ndcg@10 : 0.0177    ndcg@20 : 0.0232    
Mon 19 Jan 2026 02:29:56 INFO  Saving current best: saved/NOVA-Jan-19-2026_02-26-11.pth
Mon 19 Jan 2026 02:30:15 INFO  epoch 12 training [time: 19.23s, train loss: 1540.2806]
Mon 19 Jan 2026 02:30:33 INFO  epoch 13 training [time: 17.63s, train loss: 1530.1075]
Mon 19 Jan 2026 02:30:34 INFO  epoch 13 evaluating [time: 1.27s, valid_score: 0.038200]
Mon 19 Jan 2026 02:30:34 INFO  valid result: 
recall@3 : 0.0158    recall@5 : 0.023    recall@10 : 0.0382    recall@20 : 0.0608    ndcg@3 : 0.0117    ndcg@5 : 0.0147    ndcg@10 : 0.0195    ndcg@20 : 0.0252    
Mon 19 Jan 2026 02:30:35 INFO  Saving current best: saved/NOVA-Jan-19-2026_02-26-11.pth
Mon 19 Jan 2026 02:30:53 INFO  epoch 14 training [time: 17.52s, train loss: 1520.0801]
Mon 19 Jan 2026 02:31:12 INFO  epoch 15 training [time: 19.25s, train loss: 1510.5540]
Mon 19 Jan 2026 02:31:13 INFO  epoch 15 evaluating [time: 1.29s, valid_score: 0.041300]
Mon 19 Jan 2026 02:31:13 INFO  valid result: 
recall@3 : 0.0172    recall@5 : 0.025    recall@10 : 0.0413    recall@20 : 0.0639    ndcg@3 : 0.0126    ndcg@5 : 0.0158    ndcg@10 : 0.021    ndcg@20 : 0.0266    
Mon 19 Jan 2026 02:31:14 INFO  Saving current best: saved/NOVA-Jan-19-2026_02-26-11.pth
Mon 19 Jan 2026 02:31:31 INFO  epoch 16 training [time: 17.31s, train loss: 1501.2438]
Mon 19 Jan 2026 02:31:49 INFO  epoch 17 training [time: 17.61s, train loss: 1491.6504]
Mon 19 Jan 2026 02:31:50 INFO  epoch 17 evaluating [time: 1.25s, valid_score: 0.043700]
Mon 19 Jan 2026 02:31:50 INFO  valid result: 
recall@3 : 0.0185    recall@5 : 0.0269    recall@10 : 0.0437    recall@20 : 0.0658    ndcg@3 : 0.0137    ndcg@5 : 0.0172    ndcg@10 : 0.0225    ndcg@20 : 0.0281    
Mon 19 Jan 2026 02:31:51 INFO  Saving current best: saved/NOVA-Jan-19-2026_02-26-11.pth
Mon 19 Jan 2026 02:32:10 INFO  epoch 18 training [time: 19.29s, train loss: 1482.3487]
Mon 19 Jan 2026 02:32:27 INFO  epoch 19 training [time: 16.29s, train loss: 1473.4128]
Mon 19 Jan 2026 02:32:28 INFO  epoch 19 evaluating [time: 1.24s, valid_score: 0.044800]
Mon 19 Jan 2026 02:32:28 INFO  valid result: 
recall@3 : 0.0195    recall@5 : 0.0286    recall@10 : 0.0448    recall@20 : 0.0681    ndcg@3 : 0.0145    ndcg@5 : 0.0183    ndcg@10 : 0.0235    ndcg@20 : 0.0293    
Mon 19 Jan 2026 02:32:29 INFO  Saving current best: saved/NOVA-Jan-19-2026_02-26-11.pth
Mon 19 Jan 2026 02:32:47 INFO  epoch 20 training [time: 17.72s, train loss: 1464.6365]
Mon 19 Jan 2026 02:33:03 INFO  epoch 21 training [time: 16.10s, train loss: 1456.2412]
Mon 19 Jan 2026 02:33:04 INFO  epoch 21 evaluating [time: 1.20s, valid_score: 0.046000]
Mon 19 Jan 2026 02:33:04 INFO  valid result: 
recall@3 : 0.0205    recall@5 : 0.0297    recall@10 : 0.046    recall@20 : 0.0704    ndcg@3 : 0.0153    ndcg@5 : 0.0191    ndcg@10 : 0.0244    ndcg@20 : 0.0305    
Mon 19 Jan 2026 02:33:05 INFO  Saving current best: saved/NOVA-Jan-19-2026_02-26-11.pth
Mon 19 Jan 2026 02:33:21 INFO  epoch 22 training [time: 16.10s, train loss: 1448.1363]
Mon 19 Jan 2026 02:33:39 INFO  epoch 23 training [time: 17.71s, train loss: 1439.8112]
Mon 19 Jan 2026 02:33:40 INFO  epoch 23 evaluating [time: 1.21s, valid_score: 0.047400]
Mon 19 Jan 2026 02:33:40 INFO  valid result: 
recall@3 : 0.0208    recall@5 : 0.0304    recall@10 : 0.0474    recall@20 : 0.0719    ndcg@3 : 0.0157    ndcg@5 : 0.0197    ndcg@10 : 0.0252    ndcg@20 : 0.0313    
Mon 19 Jan 2026 02:33:41 INFO  Saving current best: saved/NOVA-Jan-19-2026_02-26-11.pth
Mon 19 Jan 2026 02:33:57 INFO  epoch 24 training [time: 16.08s, train loss: 1431.3071]
Mon 19 Jan 2026 02:34:14 INFO  epoch 25 training [time: 17.69s, train loss: 1423.3717]
Mon 19 Jan 2026 02:34:16 INFO  epoch 25 evaluating [time: 1.22s, valid_score: 0.048800]
Mon 19 Jan 2026 02:34:16 INFO  valid result: 
recall@3 : 0.0224    recall@5 : 0.0317    recall@10 : 0.0488    recall@20 : 0.0733    ndcg@3 : 0.0171    ndcg@5 : 0.0209    ndcg@10 : 0.0264    ndcg@20 : 0.0325    
Mon 19 Jan 2026 02:34:16 INFO  Saving current best: saved/NOVA-Jan-19-2026_02-26-11.pth
Mon 19 Jan 2026 02:34:32 INFO  epoch 26 training [time: 16.10s, train loss: 1416.0102]
Mon 19 Jan 2026 02:34:50 INFO  epoch 27 training [time: 17.74s, train loss: 1408.2880]
Mon 19 Jan 2026 02:34:51 INFO  epoch 27 evaluating [time: 1.24s, valid_score: 0.049500]
Mon 19 Jan 2026 02:34:51 INFO  valid result: 
recall@3 : 0.0226    recall@5 : 0.0322    recall@10 : 0.0495    recall@20 : 0.0737    ndcg@3 : 0.0174    ndcg@5 : 0.0213    ndcg@10 : 0.0269    ndcg@20 : 0.0329    
Mon 19 Jan 2026 02:34:51 INFO  Saving current best: saved/NOVA-Jan-19-2026_02-26-11.pth
Mon 19 Jan 2026 02:35:08 INFO  epoch 28 training [time: 17.68s, train loss: 1400.7231]
Mon 19 Jan 2026 02:35:24 INFO  epoch 29 training [time: 16.09s, train loss: 1393.1334]
Mon 19 Jan 2026 02:35:26 INFO  epoch 29 evaluating [time: 1.19s, valid_score: 0.050900]
Mon 19 Jan 2026 02:35:26 INFO  valid result: 
recall@3 : 0.0229    recall@5 : 0.0334    recall@10 : 0.0509    recall@20 : 0.075    ndcg@3 : 0.0175    ndcg@5 : 0.0218    ndcg@10 : 0.0274    ndcg@20 : 0.0335    
Mon 19 Jan 2026 02:35:27 INFO  Saving current best: saved/NOVA-Jan-19-2026_02-26-11.pth
Mon 19 Jan 2026 02:35:44 INFO  epoch 30 training [time: 17.74s, train loss: 1385.9625]
Mon 19 Jan 2026 02:36:00 INFO  epoch 31 training [time: 16.11s, train loss: 1378.7201]
Mon 19 Jan 2026 02:36:02 INFO  epoch 31 evaluating [time: 1.21s, valid_score: 0.051700]
Mon 19 Jan 2026 02:36:02 INFO  valid result: 
recall@3 : 0.023    recall@5 : 0.0336    recall@10 : 0.0517    recall@20 : 0.076    ndcg@3 : 0.0176    ndcg@5 : 0.022    ndcg@10 : 0.0277    ndcg@20 : 0.0339    
Mon 19 Jan 2026 02:36:03 INFO  Saving current best: saved/NOVA-Jan-19-2026_02-26-11.pth
Mon 19 Jan 2026 02:36:20 INFO  epoch 32 training [time: 17.71s, train loss: 1371.5166]
Mon 19 Jan 2026 02:36:36 INFO  epoch 33 training [time: 16.12s, train loss: 1364.7963]
Mon 19 Jan 2026 02:36:38 INFO  epoch 33 evaluating [time: 1.25s, valid_score: 0.051000]
Mon 19 Jan 2026 02:36:38 INFO  valid result: 
recall@3 : 0.0238    recall@5 : 0.0336    recall@10 : 0.051    recall@20 : 0.0757    ndcg@3 : 0.0182    ndcg@5 : 0.0222    ndcg@10 : 0.0278    ndcg@20 : 0.034    
Mon 19 Jan 2026 02:36:54 INFO  epoch 34 training [time: 16.10s, train loss: 1357.5805]
Mon 19 Jan 2026 02:37:12 INFO  epoch 35 training [time: 17.73s, train loss: 1351.4384]
Mon 19 Jan 2026 02:37:13 INFO  epoch 35 evaluating [time: 1.21s, valid_score: 0.051700]
Mon 19 Jan 2026 02:37:13 INFO  valid result: 
recall@3 : 0.0244    recall@5 : 0.0343    recall@10 : 0.0517    recall@20 : 0.0759    ndcg@3 : 0.0185    ndcg@5 : 0.0226    ndcg@10 : 0.0282    ndcg@20 : 0.0343    
Mon 19 Jan 2026 02:37:29 INFO  epoch 36 training [time: 16.10s, train loss: 1344.8636]
Mon 19 Jan 2026 02:37:47 INFO  epoch 37 training [time: 17.72s, train loss: 1337.3908]
Mon 19 Jan 2026 02:37:48 INFO  epoch 37 evaluating [time: 1.21s, valid_score: 0.052000]
Mon 19 Jan 2026 02:37:48 INFO  valid result: 
recall@3 : 0.0246    recall@5 : 0.0338    recall@10 : 0.052    recall@20 : 0.0758    ndcg@3 : 0.0189    ndcg@5 : 0.0227    ndcg@10 : 0.0285    ndcg@20 : 0.0345    
Mon 19 Jan 2026 02:37:49 INFO  Saving current best: saved/NOVA-Jan-19-2026_02-26-11.pth
Mon 19 Jan 2026 02:38:05 INFO  epoch 38 training [time: 16.11s, train loss: 1331.0202]
Mon 19 Jan 2026 02:38:23 INFO  epoch 39 training [time: 17.71s, train loss: 1324.2682]
Mon 19 Jan 2026 02:38:24 INFO  epoch 39 evaluating [time: 1.22s, valid_score: 0.051800]
Mon 19 Jan 2026 02:38:24 INFO  valid result: 
recall@3 : 0.0245    recall@5 : 0.0342    recall@10 : 0.0518    recall@20 : 0.0759    ndcg@3 : 0.0189    ndcg@5 : 0.0229    ndcg@10 : 0.0286    ndcg@20 : 0.0346    
Mon 19 Jan 2026 02:38:40 INFO  epoch 40 training [time: 16.11s, train loss: 1318.6099]
Mon 19 Jan 2026 02:38:56 INFO  epoch 41 training [time: 16.09s, train loss: 1312.7421]
Mon 19 Jan 2026 02:38:57 INFO  epoch 41 evaluating [time: 1.22s, valid_score: 0.052000]
Mon 19 Jan 2026 02:38:57 INFO  valid result: 
recall@3 : 0.025    recall@5 : 0.0342    recall@10 : 0.052    recall@20 : 0.0764    ndcg@3 : 0.0192    ndcg@5 : 0.023    ndcg@10 : 0.0287    ndcg@20 : 0.0348    
Mon 19 Jan 2026 02:39:15 INFO  epoch 42 training [time: 17.81s, train loss: 1306.4406]
Mon 19 Jan 2026 02:39:31 INFO  epoch 43 training [time: 16.08s, train loss: 1300.3305]
Mon 19 Jan 2026 02:39:32 INFO  epoch 43 evaluating [time: 1.21s, valid_score: 0.051900]
Mon 19 Jan 2026 02:39:32 INFO  valid result: 
recall@3 : 0.0255    recall@5 : 0.0346    recall@10 : 0.0519    recall@20 : 0.0758    ndcg@3 : 0.0196    ndcg@5 : 0.0233    ndcg@10 : 0.0289    ndcg@20 : 0.0349    
Mon 19 Jan 2026 02:39:50 INFO  epoch 44 training [time: 17.77s, train loss: 1294.1533]
Mon 19 Jan 2026 02:40:06 INFO  epoch 45 training [time: 16.09s, train loss: 1288.2651]
Mon 19 Jan 2026 02:40:07 INFO  epoch 45 evaluating [time: 1.21s, valid_score: 0.051400]
Mon 19 Jan 2026 02:40:07 INFO  valid result: 
recall@3 : 0.025    recall@5 : 0.0343    recall@10 : 0.0514    recall@20 : 0.0758    ndcg@3 : 0.0194    ndcg@5 : 0.0232    ndcg@10 : 0.0287    ndcg@20 : 0.0348    
Mon 19 Jan 2026 02:40:25 INFO  epoch 46 training [time: 17.78s, train loss: 1282.6930]
Mon 19 Jan 2026 02:40:41 INFO  epoch 47 training [time: 16.10s, train loss: 1276.6444]
Mon 19 Jan 2026 02:40:42 INFO  epoch 47 evaluating [time: 1.20s, valid_score: 0.052400]
Mon 19 Jan 2026 02:40:42 INFO  valid result: 
recall@3 : 0.0256    recall@5 : 0.0355    recall@10 : 0.0524    recall@20 : 0.0772    ndcg@3 : 0.0198    ndcg@5 : 0.0238    ndcg@10 : 0.0292    ndcg@20 : 0.0354    
Mon 19 Jan 2026 02:40:43 INFO  Saving current best: saved/NOVA-Jan-19-2026_02-26-11.pth
Mon 19 Jan 2026 02:40:59 INFO  epoch 48 training [time: 16.07s, train loss: 1271.0602]
Mon 19 Jan 2026 02:41:17 INFO  epoch 49 training [time: 17.75s, train loss: 1265.0682]
Mon 19 Jan 2026 02:41:18 INFO  epoch 49 evaluating [time: 1.21s, valid_score: 0.050400]
Mon 19 Jan 2026 02:41:18 INFO  valid result: 
recall@3 : 0.0253    recall@5 : 0.0344    recall@10 : 0.0504    recall@20 : 0.0754    ndcg@3 : 0.0197    ndcg@5 : 0.0235    ndcg@10 : 0.0286    ndcg@20 : 0.0349    
Mon 19 Jan 2026 02:41:34 INFO  epoch 50 training [time: 16.07s, train loss: 1259.4486]
Mon 19 Jan 2026 02:41:52 INFO  epoch 51 training [time: 17.78s, train loss: 1253.6603]
Mon 19 Jan 2026 02:41:53 INFO  epoch 51 evaluating [time: 1.22s, valid_score: 0.051500]
Mon 19 Jan 2026 02:41:53 INFO  valid result: 
recall@3 : 0.0256    recall@5 : 0.0347    recall@10 : 0.0515    recall@20 : 0.0763    ndcg@3 : 0.0201    ndcg@5 : 0.0239    ndcg@10 : 0.0293    ndcg@20 : 0.0355    
Mon 19 Jan 2026 02:42:09 INFO  epoch 52 training [time: 15.99s, train loss: 1248.7205]
Mon 19 Jan 2026 02:42:27 INFO  epoch 53 training [time: 17.90s, train loss: 1242.8886]
Mon 19 Jan 2026 02:42:28 INFO  epoch 53 evaluating [time: 1.20s, valid_score: 0.051200]
Mon 19 Jan 2026 02:42:28 INFO  valid result: 
recall@3 : 0.0254    recall@5 : 0.0349    recall@10 : 0.0512    recall@20 : 0.0756    ndcg@3 : 0.0201    ndcg@5 : 0.0239    ndcg@10 : 0.0292    ndcg@20 : 0.0353    
Mon 19 Jan 2026 02:42:44 INFO  epoch 54 training [time: 16.03s, train loss: 1237.2402]
Mon 19 Jan 2026 02:43:01 INFO  epoch 55 training [time: 16.13s, train loss: 1232.0000]
Mon 19 Jan 2026 02:43:02 INFO  epoch 55 evaluating [time: 1.18s, valid_score: 0.051500]
Mon 19 Jan 2026 02:43:02 INFO  valid result: 
recall@3 : 0.0256    recall@5 : 0.0344    recall@10 : 0.0515    recall@20 : 0.0762    ndcg@3 : 0.0202    ndcg@5 : 0.0238    ndcg@10 : 0.0293    ndcg@20 : 0.0355    
Mon 19 Jan 2026 02:43:19 INFO  epoch 56 training [time: 17.72s, train loss: 1225.7947]
Mon 19 Jan 2026 02:43:36 INFO  epoch 57 training [time: 16.06s, train loss: 1220.5044]
Mon 19 Jan 2026 02:43:37 INFO  epoch 57 evaluating [time: 1.20s, valid_score: 0.050300]
Mon 19 Jan 2026 02:43:37 INFO  valid result: 
recall@3 : 0.0253    recall@5 : 0.0343    recall@10 : 0.0503    recall@20 : 0.0747    ndcg@3 : 0.02    ndcg@5 : 0.0236    ndcg@10 : 0.0288    ndcg@20 : 0.0349    
Mon 19 Jan 2026 02:43:54 INFO  epoch 58 training [time: 17.71s, train loss: 1214.5335]
Mon 19 Jan 2026 02:44:11 INFO  epoch 59 training [time: 16.09s, train loss: 1209.6914]
Mon 19 Jan 2026 02:44:12 INFO  epoch 59 evaluating [time: 1.20s, valid_score: 0.051100]
Mon 19 Jan 2026 02:44:12 INFO  valid result: 
recall@3 : 0.0258    recall@5 : 0.0348    recall@10 : 0.0511    recall@20 : 0.0764    ndcg@3 : 0.0204    ndcg@5 : 0.0241    ndcg@10 : 0.0294    ndcg@20 : 0.0357    
Mon 19 Jan 2026 02:44:29 INFO  epoch 60 training [time: 17.68s, train loss: 1203.6045]
Mon 19 Jan 2026 02:44:46 INFO  epoch 61 training [time: 16.07s, train loss: 1198.7703]
Mon 19 Jan 2026 02:44:47 INFO  epoch 61 evaluating [time: 1.24s, valid_score: 0.051200]
Mon 19 Jan 2026 02:44:47 INFO  valid result: 
recall@3 : 0.0258    recall@5 : 0.0348    recall@10 : 0.0512    recall@20 : 0.0744    ndcg@3 : 0.0203    ndcg@5 : 0.024    ndcg@10 : 0.0292    ndcg@20 : 0.0351    
Mon 19 Jan 2026 02:45:04 INFO  epoch 62 training [time: 17.74s, train loss: 1193.3953]
Mon 19 Jan 2026 02:45:21 INFO  epoch 63 training [time: 16.05s, train loss: 1188.5017]
Mon 19 Jan 2026 02:45:22 INFO  epoch 63 evaluating [time: 1.21s, valid_score: 0.050700]
Mon 19 Jan 2026 02:45:22 INFO  valid result: 
recall@3 : 0.0251    recall@5 : 0.0341    recall@10 : 0.0507    recall@20 : 0.0745    ndcg@3 : 0.0199    ndcg@5 : 0.0236    ndcg@10 : 0.029    ndcg@20 : 0.0349    
Mon 19 Jan 2026 02:45:38 INFO  epoch 64 training [time: 16.13s, train loss: 1182.0364]
Mon 19 Jan 2026 02:45:56 INFO  epoch 65 training [time: 17.74s, train loss: 1177.6456]
Mon 19 Jan 2026 02:45:57 INFO  epoch 65 evaluating [time: 1.24s, valid_score: 0.049400]
Mon 19 Jan 2026 02:45:57 INFO  valid result: 
recall@3 : 0.0251    recall@5 : 0.0335    recall@10 : 0.0494    recall@20 : 0.073    ndcg@3 : 0.02    ndcg@5 : 0.0234    ndcg@10 : 0.0285    ndcg@20 : 0.0345    
Mon 19 Jan 2026 02:46:13 INFO  epoch 66 training [time: 16.12s, train loss: 1170.9762]
Mon 19 Jan 2026 02:46:31 INFO  epoch 67 training [time: 17.72s, train loss: 1165.7870]
Mon 19 Jan 2026 02:46:32 INFO  epoch 67 evaluating [time: 1.21s, valid_score: 0.050100]
Mon 19 Jan 2026 02:46:32 INFO  valid result: 
recall@3 : 0.0258    recall@5 : 0.0341    recall@10 : 0.0501    recall@20 : 0.0738    ndcg@3 : 0.0206    ndcg@5 : 0.024    ndcg@10 : 0.0291    ndcg@20 : 0.0351    
Mon 19 Jan 2026 02:46:48 INFO  epoch 68 training [time: 16.13s, train loss: 1160.1242]
Mon 19 Jan 2026 02:47:06 INFO  epoch 69 training [time: 17.72s, train loss: 1154.6703]
Mon 19 Jan 2026 02:47:07 INFO  epoch 69 evaluating [time: 1.21s, valid_score: 0.048400]
Mon 19 Jan 2026 02:47:07 INFO  valid result: 
recall@3 : 0.0245    recall@5 : 0.033    recall@10 : 0.0484    recall@20 : 0.0723    ndcg@3 : 0.0196    ndcg@5 : 0.0231    ndcg@10 : 0.028    ndcg@20 : 0.034    
Mon 19 Jan 2026 02:47:07 INFO  Finished training, best eval result in epoch 47
Mon 19 Jan 2026 02:47:06 INFO  Loading model structure and parameters from saved/NOVA-Jan-19-2026_02-26-11.pth
Mon 19 Jan 2026 02:47:07 INFO  best valid : {'recall@3': np.float64(0.0256), 'recall@5': np.float64(0.0355), 'recall@10': np.float64(0.0524), 'recall@20': np.float64(0.0772), 'ndcg@3': np.float64(0.0198), 'ndcg@5': np.float64(0.0238), 'ndcg@10': np.float64(0.0292), 'ndcg@20': np.float64(0.0354)}
Mon 19 Jan 2026 02:47:07 INFO  test result: {'recall@3': np.float64(0.0203), 'recall@5': np.float64(0.0278), 'recall@10': np.float64(0.0424), 'recall@20': np.float64(0.0633), 'ndcg@3': np.float64(0.0155), 'ndcg@5': np.float64(0.0185), 'ndcg@10': np.float64(0.0232), 'ndcg@20': np.float64(0.0285)}
