Mon 19 Jan 2026 09:45:15 INFO  
General Hyper Parameters:
gpu_id = 0
use_gpu = True
seed = 212
state = INFO
reproducibility = True
data_path = ./recbole/data/dataset/Amazon_Sports_and_Outdoors
show_progress = True
save_dataset = False
save_dataloaders = False
benchmark_filename = None

Training Hyper Parameters:
checkpoint_dir = saved
epochs = 200
train_batch_size = 1024
learner = adam
learning_rate = 0.0001
eval_step = 2
stopping_step = 10
clip_grad_norm = None
weight_decay = 0.0
loss_decimal_place = 4

Evaluation Hyper Parameters:
eval_args = {'split': {'LS': 'valid_and_test'}, 'group_by': 'user', 'order': 'TO', 'mode': 'full'}
metrics = ['Recall', 'NDCG']
topk = [3, 5, 10, 20]
valid_metric = Recall@10
valid_metric_bigger = True
eval_batch_size = 256
metric_decimal_place = 4

Dataset Hyper Parameters:
field_separator = 	
seq_separator =  
USER_ID_FIELD = user_id
ITEM_ID_FIELD = item_id
RATING_FIELD = rating
TIME_FIELD = timestamp
seq_len = None
LABEL_FIELD = label
threshold = None
NEG_PREFIX = neg_
load_col = {'inter': ['user_id', 'item_id', 'rating', 'timestamp'], 'item': ['item_id', 'title', 'sales_rank', 'price', 'brand', 'categories', 'sales_type'], 'title': ['ent_id', 'ent_emb']}
unload_col = None
unused_col = None
additional_feat_suffix = ['title']
rm_dup_inter = None
val_interval = None
filter_inter_by_user_or_item = True
user_inter_num_interval = [5,inf)
item_inter_num_interval = [5,inf)
alias_of_user_id = None
alias_of_item_id = ['ent_id']
alias_of_entity_id = None
alias_of_relation_id = None
preload_weight = {'ent_id': 'ent_emb'}
normalize_field = None
normalize_all = None
ITEM_LIST_LENGTH_FIELD = item_length
LIST_SUFFIX = _list
MAX_ITEM_LIST_LENGTH = 50
POSITION_FIELD = position_id
HEAD_ENTITY_ID_FIELD = head_id
TAIL_ENTITY_ID_FIELD = tail_id
RELATION_ID_FIELD = relation_id
ENTITY_ID_FIELD = entity_id

Other Hyper Parameters: 
neg_sampling = None
multi_gpus = False
repeatable = True
MODEL_TYPE = ModelType.SEQUENTIAL
n_layers = 3
n_heads = 8
hidden_size = 256
orig_attribute_hidden_size = [128, 128]
attribute_hidden_size = [128, 128]
inner_size = 256
hidden_dropout_prob = 0.5
attn_dropout_prob = 0.3
hidden_act = gelu
layer_norm_eps = 1e-12
initializer_range = 0.02
selected_features = ['ent_emb', 'categories']
feature_type = ['static', 'categorical']
pooling_mode = sum
loss_type = CE
weight_sharing = not
fusion_type = gate
lamdas = [5, 5]
attribute_predictor = ['cos_sim', 'linear']
diffusion = {'device': 'cuda', 'dims': [1000], 'emb_size': 20, 'mean_type': 'x0', 'noise_max': 0.02, 'noise_min': 0.0001, 'noise_scale': 0.1, 'noise_schedule': 'linear-var', 'norm': False, 'num_heads': 4, 'reweight': True, 'sampling_noise': False, 'sampling_steps': 0, 'steps': 5, 'structure': 'MLP', 'time_type': 'cat', 'hiddenSize': 128, 'inputSize': 128}
lambda = 0.5
wandb_run_name = titles_categories
annealing = False
MODEL_INPUT_TYPE = InputType.POINTWISE
eval_type = EvaluatorType.RANKING
device = cuda
train_neg_sample_args = {'strategy': 'none'}
eval_neg_sample_args = {'strategy': 'full', 'distribution': 'uniform'}


Mon 19 Jan 2026 09:45:15 INFO  Amazon_Sports_and_Outdoors
The number of users: 35599
Average actions of users: 8.324540704533963
The number of items: 18358
Average actions of items: 16.142997221768262
The number of inters: 296337
The sparsity of the dataset: 99.95465569853714%
Remain Fields: ['user_id', 'item_id', 'rating', 'timestamp', 'title', 'price', 'brand', 'categories', 'sales_type', 'sales_rank', 'ent_id', 'ent_emb']
Mon 19 Jan 2026 09:45:18 INFO  [Training]: train_batch_size = [1024] negative sampling: [None]
Mon 19 Jan 2026 09:45:18 INFO  [Evaluation]: eval_batch_size = [256] eval_args: [{'split': {'LS': 'valid_and_test'}, 'group_by': 'user', 'order': 'TO', 'mode': 'full'}]
Mon 19 Jan 2026 09:45:21 INFO  NOVA(
  (item_embedding): Embedding(18358, 256, padding_idx=0)
  (position_embedding): Embedding(50, 256)
  (feature_embed_layer_list): ModuleList(
    (0): Embedding(18358, 128)
    (1): FeatureSeqEmbLayer()
  )
  (trm_encoder): NOVATransformerEncoder(
    (layer): ModuleList(
      (0-2): 3 x NOVATransformerLayer(
        (multi_head_attention): NOVAMultiHeadAttention(
          (query): Linear(in_features=256, out_features=256, bias=True)
          (key): Linear(in_features=256, out_features=256, bias=True)
          (value): Linear(in_features=256, out_features=256, bias=True)
          (attn_dropout): Dropout(p=0.3, inplace=False)
          (dense): Linear(in_features=256, out_features=256, bias=True)
          (LayerNorm): LayerNorm((256,), eps=1e-12, elementwise_affine=True)
          (out_dropout): Dropout(p=0.5, inplace=False)
        )
        (feed_forward): FeedForward(
          (dense_1): Linear(in_features=256, out_features=256, bias=True)
          (dense_2): Linear(in_features=256, out_features=256, bias=True)
          (LayerNorm): LayerNorm((256,), eps=1e-12, elementwise_affine=True)
          (dropout): Dropout(p=0.5, inplace=False)
        )
      )
    )
  )
  (concat_layer): Linear(in_features=512, out_features=256, bias=True)
  (LayerNorm): LayerNorm((256,), eps=1e-12, elementwise_affine=True)
  (dropout): Dropout(p=0.5, inplace=False)
  (loss_fct): CrossEntropyLoss()
)
Trainable parameters: 6031616
Mon 19 Jan 2026 09:45:41 INFO  epoch 0 training [time: 19.08s, train loss: 1772.2966]
Mon 19 Jan 2026 09:45:59 INFO  epoch 1 training [time: 18.35s, train loss: 1714.4963]
Mon 19 Jan 2026 09:46:00 INFO  epoch 1 evaluating [time: 1.31s, valid_score: 0.019100]
Mon 19 Jan 2026 09:46:00 INFO  valid result: 
recall@3 : 0.0076    recall@5 : 0.011    recall@10 : 0.0191    recall@20 : 0.0333    ndcg@3 : 0.0058    ndcg@5 : 0.0072    ndcg@10 : 0.0098    ndcg@20 : 0.0133    
Mon 19 Jan 2026 09:46:02 INFO  Saving current best: saved/NOVA-Jan-19-2026_09-45-21.pth
Mon 19 Jan 2026 09:46:20 INFO  epoch 2 training [time: 18.88s, train loss: 1684.2268]
Mon 19 Jan 2026 09:46:39 INFO  epoch 3 training [time: 18.48s, train loss: 1657.3140]
Mon 19 Jan 2026 09:46:40 INFO  epoch 3 evaluating [time: 1.26s, valid_score: 0.023700]
Mon 19 Jan 2026 09:46:40 INFO  valid result: 
recall@3 : 0.0087    recall@5 : 0.0135    recall@10 : 0.0237    recall@20 : 0.0398    ndcg@3 : 0.0065    ndcg@5 : 0.0085    ndcg@10 : 0.0117    ndcg@20 : 0.0158    
Mon 19 Jan 2026 09:46:41 INFO  Saving current best: saved/NOVA-Jan-19-2026_09-45-21.pth
Mon 19 Jan 2026 09:47:00 INFO  epoch 4 training [time: 18.95s, train loss: 1637.3032]
Mon 19 Jan 2026 09:47:19 INFO  epoch 5 training [time: 18.39s, train loss: 1621.0126]
Mon 19 Jan 2026 09:47:20 INFO  epoch 5 evaluating [time: 1.27s, valid_score: 0.027600]
Mon 19 Jan 2026 09:47:20 INFO  valid result: 
recall@3 : 0.0105    recall@5 : 0.0158    recall@10 : 0.0276    recall@20 : 0.047    ndcg@3 : 0.0076    ndcg@5 : 0.0098    ndcg@10 : 0.0136    ndcg@20 : 0.0185    
Mon 19 Jan 2026 09:47:21 INFO  Saving current best: saved/NOVA-Jan-19-2026_09-45-21.pth
Mon 19 Jan 2026 09:47:40 INFO  epoch 6 training [time: 18.98s, train loss: 1606.5174]
Mon 19 Jan 2026 09:47:58 INFO  epoch 7 training [time: 18.55s, train loss: 1593.7975]
Mon 19 Jan 2026 09:48:00 INFO  epoch 7 evaluating [time: 1.28s, valid_score: 0.031000]
Mon 19 Jan 2026 09:48:00 INFO  valid result: 
recall@3 : 0.0124    recall@5 : 0.0183    recall@10 : 0.031    recall@20 : 0.0508    ndcg@3 : 0.009    ndcg@5 : 0.0114    ndcg@10 : 0.0155    ndcg@20 : 0.0204    
Mon 19 Jan 2026 09:48:01 INFO  Saving current best: saved/NOVA-Jan-19-2026_09-45-21.pth
Mon 19 Jan 2026 09:48:19 INFO  epoch 8 training [time: 18.82s, train loss: 1581.7302]
Mon 19 Jan 2026 09:48:38 INFO  epoch 9 training [time: 18.66s, train loss: 1569.9286]
Mon 19 Jan 2026 09:48:39 INFO  epoch 9 evaluating [time: 1.31s, valid_score: 0.033700]
Mon 19 Jan 2026 09:48:39 INFO  valid result: 
recall@3 : 0.0129    recall@5 : 0.0196    recall@10 : 0.0337    recall@20 : 0.054    ndcg@3 : 0.0094    ndcg@5 : 0.0122    ndcg@10 : 0.0167    ndcg@20 : 0.0218    
Mon 19 Jan 2026 09:48:40 INFO  Saving current best: saved/NOVA-Jan-19-2026_09-45-21.pth
Mon 19 Jan 2026 09:48:59 INFO  epoch 10 training [time: 18.72s, train loss: 1559.0706]
Mon 19 Jan 2026 09:49:18 INFO  epoch 11 training [time: 18.66s, train loss: 1548.3952]
Mon 19 Jan 2026 09:49:19 INFO  epoch 11 evaluating [time: 1.32s, valid_score: 0.035600]
Mon 19 Jan 2026 09:49:19 INFO  valid result: 
recall@3 : 0.0151    recall@5 : 0.022    recall@10 : 0.0356    recall@20 : 0.0578    ndcg@3 : 0.0109    ndcg@5 : 0.0138    ndcg@10 : 0.0182    ndcg@20 : 0.0237    
Mon 19 Jan 2026 09:49:20 INFO  Saving current best: saved/NOVA-Jan-19-2026_09-45-21.pth
Mon 19 Jan 2026 09:49:39 INFO  epoch 12 training [time: 18.95s, train loss: 1538.1301]
Mon 19 Jan 2026 09:49:58 INFO  epoch 13 training [time: 18.47s, train loss: 1527.4807]
Mon 19 Jan 2026 09:49:59 INFO  epoch 13 evaluating [time: 1.26s, valid_score: 0.039200]
Mon 19 Jan 2026 09:49:59 INFO  valid result: 
recall@3 : 0.0161    recall@5 : 0.0239    recall@10 : 0.0392    recall@20 : 0.0617    ndcg@3 : 0.012    ndcg@5 : 0.0152    ndcg@10 : 0.0201    ndcg@20 : 0.0257    
Mon 19 Jan 2026 09:50:00 INFO  Saving current best: saved/NOVA-Jan-19-2026_09-45-21.pth
Mon 19 Jan 2026 09:50:19 INFO  epoch 14 training [time: 18.95s, train loss: 1517.1558]
Mon 19 Jan 2026 09:50:37 INFO  epoch 15 training [time: 18.51s, train loss: 1507.3673]
Mon 19 Jan 2026 09:50:39 INFO  epoch 15 evaluating [time: 1.35s, valid_score: 0.041400]
Mon 19 Jan 2026 09:50:39 INFO  valid result: 
recall@3 : 0.0176    recall@5 : 0.0257    recall@10 : 0.0414    recall@20 : 0.0646    ndcg@3 : 0.0131    ndcg@5 : 0.0165    ndcg@10 : 0.0215    ndcg@20 : 0.0273    
Mon 19 Jan 2026 09:50:40 INFO  Saving current best: saved/NOVA-Jan-19-2026_09-45-21.pth
Mon 19 Jan 2026 09:50:59 INFO  epoch 16 training [time: 18.84s, train loss: 1497.7093]
Mon 19 Jan 2026 09:51:17 INFO  epoch 17 training [time: 18.62s, train loss: 1488.6546]
Mon 19 Jan 2026 09:51:18 INFO  epoch 17 evaluating [time: 1.32s, valid_score: 0.043200]
Mon 19 Jan 2026 09:51:18 INFO  valid result: 
recall@3 : 0.0181    recall@5 : 0.0267    recall@10 : 0.0432    recall@20 : 0.0667    ndcg@3 : 0.0137    ndcg@5 : 0.0172    ndcg@10 : 0.0225    ndcg@20 : 0.0284    
Mon 19 Jan 2026 09:51:20 INFO  Saving current best: saved/NOVA-Jan-19-2026_09-45-21.pth
Mon 19 Jan 2026 09:51:38 INFO  epoch 18 training [time: 18.76s, train loss: 1479.6301]
Mon 19 Jan 2026 09:51:57 INFO  epoch 19 training [time: 18.72s, train loss: 1470.5092]
Mon 19 Jan 2026 09:51:58 INFO  epoch 19 evaluating [time: 1.26s, valid_score: 0.045500]
Mon 19 Jan 2026 09:51:58 INFO  valid result: 
recall@3 : 0.0196    recall@5 : 0.0284    recall@10 : 0.0455    recall@20 : 0.0687    ndcg@3 : 0.0148    ndcg@5 : 0.0184    ndcg@10 : 0.0239    ndcg@20 : 0.0298    
Mon 19 Jan 2026 09:51:59 INFO  Saving current best: saved/NOVA-Jan-19-2026_09-45-21.pth
Mon 19 Jan 2026 09:52:18 INFO  epoch 20 training [time: 18.92s, train loss: 1462.2209]
Mon 19 Jan 2026 09:52:37 INFO  epoch 21 training [time: 18.53s, train loss: 1453.3774]
Mon 19 Jan 2026 09:52:38 INFO  epoch 21 evaluating [time: 1.30s, valid_score: 0.046700]
Mon 19 Jan 2026 09:52:38 INFO  valid result: 
recall@3 : 0.0208    recall@5 : 0.0303    recall@10 : 0.0467    recall@20 : 0.0706    ndcg@3 : 0.0156    ndcg@5 : 0.0195    ndcg@10 : 0.0248    ndcg@20 : 0.0308    
Mon 19 Jan 2026 09:52:39 INFO  Saving current best: saved/NOVA-Jan-19-2026_09-45-21.pth
Mon 19 Jan 2026 09:52:58 INFO  epoch 22 training [time: 19.04s, train loss: 1444.7017]
Mon 19 Jan 2026 09:53:17 INFO  epoch 23 training [time: 18.42s, train loss: 1436.2243]
Mon 19 Jan 2026 09:53:18 INFO  epoch 23 evaluating [time: 1.33s, valid_score: 0.047600]
Mon 19 Jan 2026 09:53:18 INFO  valid result: 
recall@3 : 0.022    recall@5 : 0.0312    recall@10 : 0.0476    recall@20 : 0.0727    ndcg@3 : 0.0166    ndcg@5 : 0.0204    ndcg@10 : 0.0257    ndcg@20 : 0.032    
Mon 19 Jan 2026 09:53:19 INFO  Saving current best: saved/NOVA-Jan-19-2026_09-45-21.pth
Mon 19 Jan 2026 09:53:38 INFO  epoch 24 training [time: 18.96s, train loss: 1428.0890]
Mon 19 Jan 2026 09:53:57 INFO  epoch 25 training [time: 18.60s, train loss: 1420.4398]
Mon 19 Jan 2026 09:53:58 INFO  epoch 25 evaluating [time: 1.32s, valid_score: 0.048900]
Mon 19 Jan 2026 09:53:58 INFO  valid result: 
recall@3 : 0.0229    recall@5 : 0.0318    recall@10 : 0.0489    recall@20 : 0.0736    ndcg@3 : 0.0172    ndcg@5 : 0.0209    ndcg@10 : 0.0264    ndcg@20 : 0.0326    
Mon 19 Jan 2026 09:53:59 INFO  Saving current best: saved/NOVA-Jan-19-2026_09-45-21.pth
Mon 19 Jan 2026 09:54:18 INFO  epoch 26 training [time: 18.77s, train loss: 1412.7753]
Mon 19 Jan 2026 09:54:36 INFO  epoch 27 training [time: 18.70s, train loss: 1404.9799]
Mon 19 Jan 2026 09:54:38 INFO  epoch 27 evaluating [time: 1.31s, valid_score: 0.050300]
Mon 19 Jan 2026 09:54:38 INFO  valid result: 
recall@3 : 0.0232    recall@5 : 0.0327    recall@10 : 0.0503    recall@20 : 0.0747    ndcg@3 : 0.0177    ndcg@5 : 0.0216    ndcg@10 : 0.0273    ndcg@20 : 0.0334    
Mon 19 Jan 2026 09:54:39 INFO  Saving current best: saved/NOVA-Jan-19-2026_09-45-21.pth
Mon 19 Jan 2026 09:54:58 INFO  epoch 28 training [time: 18.92s, train loss: 1396.9095]
Mon 19 Jan 2026 09:55:16 INFO  epoch 29 training [time: 18.82s, train loss: 1389.4493]
Mon 19 Jan 2026 09:55:18 INFO  epoch 29 evaluating [time: 1.32s, valid_score: 0.051200]
Mon 19 Jan 2026 09:55:18 INFO  valid result: 
recall@3 : 0.0234    recall@5 : 0.0331    recall@10 : 0.0512    recall@20 : 0.0756    ndcg@3 : 0.0178    ndcg@5 : 0.0218    ndcg@10 : 0.0276    ndcg@20 : 0.0338    
Mon 19 Jan 2026 09:55:19 INFO  Saving current best: saved/NOVA-Jan-19-2026_09-45-21.pth
Mon 19 Jan 2026 09:55:38 INFO  epoch 30 training [time: 19.01s, train loss: 1382.3229]
Mon 19 Jan 2026 09:55:56 INFO  epoch 31 training [time: 18.41s, train loss: 1375.6717]
Mon 19 Jan 2026 09:55:58 INFO  epoch 31 evaluating [time: 1.29s, valid_score: 0.051900]
Mon 19 Jan 2026 09:55:58 INFO  valid result: 
recall@3 : 0.0244    recall@5 : 0.0337    recall@10 : 0.0519    recall@20 : 0.0764    ndcg@3 : 0.0186    ndcg@5 : 0.0224    ndcg@10 : 0.0282    ndcg@20 : 0.0343    
Mon 19 Jan 2026 09:55:59 INFO  Saving current best: saved/NOVA-Jan-19-2026_09-45-21.pth
Mon 19 Jan 2026 09:56:18 INFO  epoch 32 training [time: 18.95s, train loss: 1367.9975]
Mon 19 Jan 2026 09:56:36 INFO  epoch 33 training [time: 18.76s, train loss: 1360.9663]
Mon 19 Jan 2026 09:56:38 INFO  epoch 33 evaluating [time: 1.31s, valid_score: 0.053200]
Mon 19 Jan 2026 09:56:38 INFO  valid result: 
recall@3 : 0.0247    recall@5 : 0.0342    recall@10 : 0.0532    recall@20 : 0.0778    ndcg@3 : 0.0187    ndcg@5 : 0.0226    ndcg@10 : 0.0287    ndcg@20 : 0.0349    
Mon 19 Jan 2026 09:56:39 INFO  Saving current best: saved/NOVA-Jan-19-2026_09-45-21.pth
Mon 19 Jan 2026 09:56:57 INFO  epoch 34 training [time: 18.67s, train loss: 1353.7469]
Mon 19 Jan 2026 09:57:16 INFO  epoch 35 training [time: 18.65s, train loss: 1347.2032]
Mon 19 Jan 2026 09:57:17 INFO  epoch 35 evaluating [time: 1.29s, valid_score: 0.052800]
Mon 19 Jan 2026 09:57:17 INFO  valid result: 
recall@3 : 0.025    recall@5 : 0.0343    recall@10 : 0.0528    recall@20 : 0.0764    ndcg@3 : 0.019    ndcg@5 : 0.0228    ndcg@10 : 0.0287    ndcg@20 : 0.0347    
Mon 19 Jan 2026 09:57:36 INFO  epoch 36 training [time: 18.80s, train loss: 1340.2115]
Mon 19 Jan 2026 09:57:55 INFO  epoch 37 training [time: 18.67s, train loss: 1333.6702]
Mon 19 Jan 2026 09:57:56 INFO  epoch 37 evaluating [time: 1.34s, valid_score: 0.052200]
Mon 19 Jan 2026 09:57:56 INFO  valid result: 
recall@3 : 0.0244    recall@5 : 0.0347    recall@10 : 0.0522    recall@20 : 0.0778    ndcg@3 : 0.019    ndcg@5 : 0.0232    ndcg@10 : 0.0289    ndcg@20 : 0.0353    
Mon 19 Jan 2026 09:58:15 INFO  epoch 38 training [time: 18.63s, train loss: 1327.1473]
Mon 19 Jan 2026 09:58:33 INFO  epoch 39 training [time: 18.49s, train loss: 1321.0928]
Mon 19 Jan 2026 09:58:34 INFO  epoch 39 evaluating [time: 1.25s, valid_score: 0.051400]
Mon 19 Jan 2026 09:58:34 INFO  valid result: 
recall@3 : 0.0248    recall@5 : 0.0344    recall@10 : 0.0514    recall@20 : 0.0769    ndcg@3 : 0.0195    ndcg@5 : 0.0234    ndcg@10 : 0.0289    ndcg@20 : 0.0353    
Mon 19 Jan 2026 09:58:53 INFO  epoch 40 training [time: 19.00s, train loss: 1314.5817]
Mon 19 Jan 2026 09:59:12 INFO  epoch 41 training [time: 18.41s, train loss: 1308.8924]
Mon 19 Jan 2026 09:59:13 INFO  epoch 41 evaluating [time: 1.33s, valid_score: 0.051900]
Mon 19 Jan 2026 09:59:13 INFO  valid result: 
recall@3 : 0.0253    recall@5 : 0.0345    recall@10 : 0.0519    recall@20 : 0.0764    ndcg@3 : 0.0198    ndcg@5 : 0.0235    ndcg@10 : 0.0291    ndcg@20 : 0.0353    
Mon 19 Jan 2026 09:59:32 INFO  epoch 42 training [time: 18.66s, train loss: 1302.6875]
Mon 19 Jan 2026 09:59:50 INFO  epoch 43 training [time: 18.63s, train loss: 1297.1193]
Mon 19 Jan 2026 09:59:52 INFO  epoch 43 evaluating [time: 1.32s, valid_score: 0.052300]
Mon 19 Jan 2026 09:59:52 INFO  valid result: 
recall@3 : 0.0255    recall@5 : 0.0343    recall@10 : 0.0523    recall@20 : 0.0771    ndcg@3 : 0.0203    ndcg@5 : 0.0239    ndcg@10 : 0.0297    ndcg@20 : 0.0359    
Mon 19 Jan 2026 10:00:11 INFO  epoch 44 training [time: 18.80s, train loss: 1291.0872]
Mon 19 Jan 2026 10:00:29 INFO  epoch 45 training [time: 18.69s, train loss: 1285.3301]
Mon 19 Jan 2026 10:00:31 INFO  epoch 45 evaluating [time: 1.30s, valid_score: 0.051000]
Mon 19 Jan 2026 10:00:31 INFO  valid result: 
recall@3 : 0.0254    recall@5 : 0.0337    recall@10 : 0.051    recall@20 : 0.0752    ndcg@3 : 0.0197    ndcg@5 : 0.0231    ndcg@10 : 0.0287    ndcg@20 : 0.0348    
Mon 19 Jan 2026 10:00:49 INFO  epoch 46 training [time: 18.86s, train loss: 1279.4170]
Mon 19 Jan 2026 10:01:08 INFO  epoch 47 training [time: 19.01s, train loss: 1273.4752]
Mon 19 Jan 2026 10:01:10 INFO  epoch 47 evaluating [time: 1.31s, valid_score: 0.051200]
Mon 19 Jan 2026 10:01:10 INFO  valid result: 
recall@3 : 0.0253    recall@5 : 0.0335    recall@10 : 0.0512    recall@20 : 0.0761    ndcg@3 : 0.0198    ndcg@5 : 0.0232    ndcg@10 : 0.0289    ndcg@20 : 0.0352    
Mon 19 Jan 2026 10:01:29 INFO  epoch 48 training [time: 18.95s, train loss: 1267.7447]
Mon 19 Jan 2026 10:01:47 INFO  epoch 49 training [time: 18.50s, train loss: 1262.7485]
Mon 19 Jan 2026 10:01:49 INFO  epoch 49 evaluating [time: 1.33s, valid_score: 0.051700]
Mon 19 Jan 2026 10:01:49 INFO  valid result: 
recall@3 : 0.0255    recall@5 : 0.0344    recall@10 : 0.0517    recall@20 : 0.0764    ndcg@3 : 0.0201    ndcg@5 : 0.0237    ndcg@10 : 0.0293    ndcg@20 : 0.0355    
Mon 19 Jan 2026 10:02:08 INFO  epoch 50 training [time: 19.04s, train loss: 1256.4558]
Mon 19 Jan 2026 10:02:26 INFO  epoch 51 training [time: 18.46s, train loss: 1251.5632]
Mon 19 Jan 2026 10:02:27 INFO  epoch 51 evaluating [time: 1.35s, valid_score: 0.051200]
Mon 19 Jan 2026 10:02:27 INFO  valid result: 
recall@3 : 0.0251    recall@5 : 0.0339    recall@10 : 0.0512    recall@20 : 0.0761    ndcg@3 : 0.0199    ndcg@5 : 0.0235    ndcg@10 : 0.029    ndcg@20 : 0.0353    
Mon 19 Jan 2026 10:02:46 INFO  epoch 52 training [time: 18.90s, train loss: 1246.4937]
Mon 19 Jan 2026 10:03:05 INFO  epoch 53 training [time: 18.60s, train loss: 1241.5737]
Mon 19 Jan 2026 10:03:06 INFO  epoch 53 evaluating [time: 1.33s, valid_score: 0.050700]
Mon 19 Jan 2026 10:03:06 INFO  valid result: 
recall@3 : 0.0253    recall@5 : 0.0339    recall@10 : 0.0507    recall@20 : 0.0744    ndcg@3 : 0.0199    ndcg@5 : 0.0234    ndcg@10 : 0.0288    ndcg@20 : 0.0347    
Mon 19 Jan 2026 10:03:25 INFO  epoch 54 training [time: 18.81s, train loss: 1235.8675]
Mon 19 Jan 2026 10:03:44 INFO  epoch 55 training [time: 18.71s, train loss: 1230.6710]
Mon 19 Jan 2026 10:03:45 INFO  epoch 55 evaluating [time: 1.29s, valid_score: 0.051100]
Mon 19 Jan 2026 10:03:45 INFO  valid result: 
recall@3 : 0.0256    recall@5 : 0.0335    recall@10 : 0.0511    recall@20 : 0.0749    ndcg@3 : 0.0202    ndcg@5 : 0.0235    ndcg@10 : 0.0291    ndcg@20 : 0.0351    
Mon 19 Jan 2026 10:03:45 INFO  Finished training, best eval result in epoch 33
Mon 19 Jan 2026 10:03:46 INFO  Loading model structure and parameters from saved/NOVA-Jan-19-2026_09-45-21.pth
Mon 19 Jan 2026 10:03:47 INFO  best valid : {'recall@3': np.float64(0.0247), 'recall@5': np.float64(0.0342), 'recall@10': np.float64(0.0532), 'recall@20': np.float64(0.0778), 'ndcg@3': np.float64(0.0187), 'ndcg@5': np.float64(0.0226), 'ndcg@10': np.float64(0.0287), 'ndcg@20': np.float64(0.0349)}
Mon 19 Jan 2026 10:03:47 INFO  test result: {'recall@3': np.float64(0.0182), 'recall@5': np.float64(0.0258), 'recall@10': np.float64(0.0414), 'recall@20': np.float64(0.0615), 'ndcg@3': np.float64(0.0141), 'ndcg@5': np.float64(0.0172), 'ndcg@10': np.float64(0.0222), 'ndcg@20': np.float64(0.0272)}
