Mon 19 Jan 2026 10:03:52 INFO  
General Hyper Parameters:
gpu_id = 0
use_gpu = True
seed = 212
state = INFO
reproducibility = True
data_path = ./recbole/data/dataset/Amazon_Sports_and_Outdoors
show_progress = True
save_dataset = False
save_dataloaders = False
benchmark_filename = None

Training Hyper Parameters:
checkpoint_dir = saved
epochs = 200
train_batch_size = 1024
learner = adam
learning_rate = 0.0001
eval_step = 2
stopping_step = 10
clip_grad_norm = None
weight_decay = 0.0
loss_decimal_place = 4

Evaluation Hyper Parameters:
eval_args = {'split': {'LS': 'valid_and_test'}, 'group_by': 'user', 'order': 'TO', 'mode': 'full'}
metrics = ['Recall', 'NDCG']
topk = [3, 5, 10, 20]
valid_metric = Recall@10
valid_metric_bigger = True
eval_batch_size = 256
metric_decimal_place = 4

Dataset Hyper Parameters:
field_separator = 	
seq_separator =  
USER_ID_FIELD = user_id
ITEM_ID_FIELD = item_id
RATING_FIELD = rating
TIME_FIELD = timestamp
seq_len = None
LABEL_FIELD = label
threshold = None
NEG_PREFIX = neg_
load_col = {'inter': ['user_id', 'item_id', 'rating', 'timestamp'], 'item': ['item_id', 'title', 'sales_rank', 'price', 'brand', 'categories', 'sales_type'], 'image': ['img_id', 'img_emb']}
unload_col = None
unused_col = None
additional_feat_suffix = ['image']
rm_dup_inter = None
val_interval = None
filter_inter_by_user_or_item = True
user_inter_num_interval = [5,inf)
item_inter_num_interval = [5,inf)
alias_of_user_id = None
alias_of_item_id = ['img_id']
alias_of_entity_id = None
alias_of_relation_id = None
preload_weight = {'img_id': 'img_emb'}
normalize_field = None
normalize_all = None
ITEM_LIST_LENGTH_FIELD = item_length
LIST_SUFFIX = _list
MAX_ITEM_LIST_LENGTH = 50
POSITION_FIELD = position_id
HEAD_ENTITY_ID_FIELD = head_id
TAIL_ENTITY_ID_FIELD = tail_id
RELATION_ID_FIELD = relation_id
ENTITY_ID_FIELD = entity_id

Other Hyper Parameters: 
neg_sampling = None
multi_gpus = False
repeatable = True
MODEL_TYPE = ModelType.SEQUENTIAL
n_layers = 3
n_heads = 8
hidden_size = 256
orig_attribute_hidden_size = [128, 128]
attribute_hidden_size = [128, 128]
inner_size = 256
hidden_dropout_prob = 0.5
attn_dropout_prob = 0.3
hidden_act = gelu
layer_norm_eps = 1e-12
initializer_range = 0.02
selected_features = ['img_emb', 'categories']
feature_type = ['static', 'categorical']
pooling_mode = sum
loss_type = CE
weight_sharing = not
fusion_type = gate
lamdas = [5, 5]
attribute_predictor = ['cos_sim', 'linear']
diffusion = {'device': 'cuda', 'dims': [1000], 'emb_size': 20, 'mean_type': 'x0', 'noise_max': 0.02, 'noise_min': 0.0001, 'noise_scale': 0.1, 'noise_schedule': 'linear-var', 'norm': False, 'num_heads': 4, 'reweight': True, 'sampling_noise': False, 'sampling_steps': 0, 'steps': 5, 'structure': 'MLP', 'time_type': 'cat', 'hiddenSize': 128, 'inputSize': 128}
lambda = 0.5
wandb_run_name = images_categories
annealing = False
MODEL_INPUT_TYPE = InputType.POINTWISE
eval_type = EvaluatorType.RANKING
device = cuda
train_neg_sample_args = {'strategy': 'none'}
eval_neg_sample_args = {'strategy': 'full', 'distribution': 'uniform'}


Mon 19 Jan 2026 10:03:53 INFO  Amazon_Sports_and_Outdoors
The number of users: 35599
Average actions of users: 8.324540704533963
The number of items: 18358
Average actions of items: 16.142997221768262
The number of inters: 296337
The sparsity of the dataset: 99.95465569853714%
Remain Fields: ['user_id', 'item_id', 'rating', 'timestamp', 'title', 'price', 'brand', 'categories', 'sales_type', 'sales_rank', 'img_id', 'img_emb']
Mon 19 Jan 2026 10:03:56 INFO  [Training]: train_batch_size = [1024] negative sampling: [None]
Mon 19 Jan 2026 10:03:56 INFO  [Evaluation]: eval_batch_size = [256] eval_args: [{'split': {'LS': 'valid_and_test'}, 'group_by': 'user', 'order': 'TO', 'mode': 'full'}]
Mon 19 Jan 2026 10:03:58 INFO  NOVA(
  (item_embedding): Embedding(18358, 256, padding_idx=0)
  (position_embedding): Embedding(50, 256)
  (feature_embed_layer_list): ModuleList(
    (0): Embedding(18358, 128)
    (1): FeatureSeqEmbLayer()
  )
  (trm_encoder): NOVATransformerEncoder(
    (layer): ModuleList(
      (0-2): 3 x NOVATransformerLayer(
        (multi_head_attention): NOVAMultiHeadAttention(
          (query): Linear(in_features=256, out_features=256, bias=True)
          (key): Linear(in_features=256, out_features=256, bias=True)
          (value): Linear(in_features=256, out_features=256, bias=True)
          (attn_dropout): Dropout(p=0.3, inplace=False)
          (dense): Linear(in_features=256, out_features=256, bias=True)
          (LayerNorm): LayerNorm((256,), eps=1e-12, elementwise_affine=True)
          (out_dropout): Dropout(p=0.5, inplace=False)
        )
        (feed_forward): FeedForward(
          (dense_1): Linear(in_features=256, out_features=256, bias=True)
          (dense_2): Linear(in_features=256, out_features=256, bias=True)
          (LayerNorm): LayerNorm((256,), eps=1e-12, elementwise_affine=True)
          (dropout): Dropout(p=0.5, inplace=False)
        )
      )
    )
  )
  (concat_layer): Linear(in_features=512, out_features=256, bias=True)
  (LayerNorm): LayerNorm((256,), eps=1e-12, elementwise_affine=True)
  (dropout): Dropout(p=0.5, inplace=False)
  (loss_fct): CrossEntropyLoss()
)
Trainable parameters: 6031616
Mon 19 Jan 2026 10:04:17 INFO  epoch 0 training [time: 19.27s, train loss: 1772.3521]
Mon 19 Jan 2026 10:04:36 INFO  epoch 1 training [time: 18.63s, train loss: 1714.5330]
Mon 19 Jan 2026 10:04:37 INFO  epoch 1 evaluating [time: 1.43s, valid_score: 0.019000]
Mon 19 Jan 2026 10:04:37 INFO  valid result: 
recall@3 : 0.0077    recall@5 : 0.011    recall@10 : 0.019    recall@20 : 0.0333    ndcg@3 : 0.0059    ndcg@5 : 0.0072    ndcg@10 : 0.0097    ndcg@20 : 0.0134    
Mon 19 Jan 2026 10:04:39 INFO  Saving current best: saved/NOVA-Jan-19-2026_10-03-58.pth
Mon 19 Jan 2026 10:04:57 INFO  epoch 2 training [time: 18.72s, train loss: 1684.2845]
Mon 19 Jan 2026 10:05:16 INFO  epoch 3 training [time: 18.76s, train loss: 1657.3700]
Mon 19 Jan 2026 10:05:17 INFO  epoch 3 evaluating [time: 1.34s, valid_score: 0.023700]
Mon 19 Jan 2026 10:05:17 INFO  valid result: 
recall@3 : 0.0086    recall@5 : 0.0135    recall@10 : 0.0237    recall@20 : 0.0398    ndcg@3 : 0.0065    ndcg@5 : 0.0085    ndcg@10 : 0.0117    ndcg@20 : 0.0158    
Mon 19 Jan 2026 10:05:18 INFO  Saving current best: saved/NOVA-Jan-19-2026_10-03-58.pth
Mon 19 Jan 2026 10:05:37 INFO  epoch 4 training [time: 18.55s, train loss: 1637.3944]
Mon 19 Jan 2026 10:05:56 INFO  epoch 5 training [time: 18.82s, train loss: 1621.1364]
Mon 19 Jan 2026 10:05:57 INFO  epoch 5 evaluating [time: 1.31s, valid_score: 0.027800]
Mon 19 Jan 2026 10:05:57 INFO  valid result: 
recall@3 : 0.0104    recall@5 : 0.0158    recall@10 : 0.0278    recall@20 : 0.047    ndcg@3 : 0.0076    ndcg@5 : 0.0098    ndcg@10 : 0.0136    ndcg@20 : 0.0185    
Mon 19 Jan 2026 10:05:58 INFO  Saving current best: saved/NOVA-Jan-19-2026_10-03-58.pth
Mon 19 Jan 2026 10:06:17 INFO  epoch 6 training [time: 18.81s, train loss: 1606.6748]
Mon 19 Jan 2026 10:06:36 INFO  epoch 7 training [time: 18.67s, train loss: 1593.9771]
Mon 19 Jan 2026 10:06:37 INFO  epoch 7 evaluating [time: 1.32s, valid_score: 0.031300]
Mon 19 Jan 2026 10:06:37 INFO  valid result: 
recall@3 : 0.0121    recall@5 : 0.0182    recall@10 : 0.0313    recall@20 : 0.0508    ndcg@3 : 0.0089    ndcg@5 : 0.0113    ndcg@10 : 0.0156    ndcg@20 : 0.0205    
Mon 19 Jan 2026 10:06:38 INFO  Saving current best: saved/NOVA-Jan-19-2026_10-03-58.pth
Mon 19 Jan 2026 10:06:57 INFO  epoch 8 training [time: 18.82s, train loss: 1581.9265]
Mon 19 Jan 2026 10:07:15 INFO  epoch 9 training [time: 18.52s, train loss: 1570.1457]
Mon 19 Jan 2026 10:07:17 INFO  epoch 9 evaluating [time: 1.34s, valid_score: 0.033700]
Mon 19 Jan 2026 10:07:17 INFO  valid result: 
recall@3 : 0.0127    recall@5 : 0.0195    recall@10 : 0.0337    recall@20 : 0.0542    ndcg@3 : 0.0093    ndcg@5 : 0.0121    ndcg@10 : 0.0166    ndcg@20 : 0.0218    
Mon 19 Jan 2026 10:07:18 INFO  Saving current best: saved/NOVA-Jan-19-2026_10-03-58.pth
Mon 19 Jan 2026 10:07:36 INFO  epoch 10 training [time: 18.73s, train loss: 1559.3130]
Mon 19 Jan 2026 10:07:55 INFO  epoch 11 training [time: 18.71s, train loss: 1548.6278]
Mon 19 Jan 2026 10:07:57 INFO  epoch 11 evaluating [time: 1.32s, valid_score: 0.035800]
Mon 19 Jan 2026 10:07:57 INFO  valid result: 
recall@3 : 0.0151    recall@5 : 0.0219    recall@10 : 0.0358    recall@20 : 0.0578    ndcg@3 : 0.0109    ndcg@5 : 0.0138    ndcg@10 : 0.0182    ndcg@20 : 0.0237    
Mon 19 Jan 2026 10:07:58 INFO  Saving current best: saved/NOVA-Jan-19-2026_10-03-58.pth
Mon 19 Jan 2026 10:08:16 INFO  epoch 12 training [time: 18.57s, train loss: 1538.3699]
Mon 19 Jan 2026 10:08:35 INFO  epoch 13 training [time: 18.81s, train loss: 1527.7405]
Mon 19 Jan 2026 10:08:36 INFO  epoch 13 evaluating [time: 1.30s, valid_score: 0.039300]
Mon 19 Jan 2026 10:08:36 INFO  valid result: 
recall@3 : 0.016    recall@5 : 0.0237    recall@10 : 0.0393    recall@20 : 0.0611    ndcg@3 : 0.0119    ndcg@5 : 0.0151    ndcg@10 : 0.0201    ndcg@20 : 0.0256    
Mon 19 Jan 2026 10:08:37 INFO  Saving current best: saved/NOVA-Jan-19-2026_10-03-58.pth
Mon 19 Jan 2026 10:08:56 INFO  epoch 14 training [time: 18.68s, train loss: 1517.3945]
Mon 19 Jan 2026 10:09:15 INFO  epoch 15 training [time: 18.67s, train loss: 1507.6149]
Mon 19 Jan 2026 10:09:16 INFO  epoch 15 evaluating [time: 1.30s, valid_score: 0.041300]
Mon 19 Jan 2026 10:09:16 INFO  valid result: 
recall@3 : 0.0176    recall@5 : 0.0256    recall@10 : 0.0413    recall@20 : 0.0646    ndcg@3 : 0.0131    ndcg@5 : 0.0164    ndcg@10 : 0.0214    ndcg@20 : 0.0272    
Mon 19 Jan 2026 10:09:17 INFO  Saving current best: saved/NOVA-Jan-19-2026_10-03-58.pth
Mon 19 Jan 2026 10:09:36 INFO  epoch 16 training [time: 18.77s, train loss: 1497.9401]
Mon 19 Jan 2026 10:09:54 INFO  epoch 17 training [time: 18.55s, train loss: 1488.8429]
Mon 19 Jan 2026 10:09:56 INFO  epoch 17 evaluating [time: 1.32s, valid_score: 0.043200]
Mon 19 Jan 2026 10:09:56 INFO  valid result: 
recall@3 : 0.0184    recall@5 : 0.0266    recall@10 : 0.0432    recall@20 : 0.0664    ndcg@3 : 0.0137    ndcg@5 : 0.0171    ndcg@10 : 0.0224    ndcg@20 : 0.0283    
Mon 19 Jan 2026 10:09:57 INFO  Saving current best: saved/NOVA-Jan-19-2026_10-03-58.pth
Mon 19 Jan 2026 10:10:15 INFO  epoch 18 training [time: 18.78s, train loss: 1479.8395]
Mon 19 Jan 2026 10:10:34 INFO  epoch 19 training [time: 18.67s, train loss: 1470.7048]
Mon 19 Jan 2026 10:10:35 INFO  epoch 19 evaluating [time: 1.33s, valid_score: 0.044900]
Mon 19 Jan 2026 10:10:35 INFO  valid result: 
recall@3 : 0.0196    recall@5 : 0.0285    recall@10 : 0.0449    recall@20 : 0.0684    ndcg@3 : 0.0148    ndcg@5 : 0.0185    ndcg@10 : 0.0238    ndcg@20 : 0.0297    
Mon 19 Jan 2026 10:10:36 INFO  Saving current best: saved/NOVA-Jan-19-2026_10-03-58.pth
Mon 19 Jan 2026 10:10:55 INFO  epoch 20 training [time: 18.57s, train loss: 1462.4337]
Mon 19 Jan 2026 10:11:14 INFO  epoch 21 training [time: 18.77s, train loss: 1453.5921]
Mon 19 Jan 2026 10:11:15 INFO  epoch 21 evaluating [time: 1.30s, valid_score: 0.046600]
Mon 19 Jan 2026 10:11:15 INFO  valid result: 
recall@3 : 0.0208    recall@5 : 0.0302    recall@10 : 0.0466    recall@20 : 0.0703    ndcg@3 : 0.0156    ndcg@5 : 0.0195    ndcg@10 : 0.0247    ndcg@20 : 0.0307    
Mon 19 Jan 2026 10:11:16 INFO  Saving current best: saved/NOVA-Jan-19-2026_10-03-58.pth
Mon 19 Jan 2026 10:11:35 INFO  epoch 22 training [time: 18.47s, train loss: 1444.8725]
Mon 19 Jan 2026 10:11:53 INFO  epoch 23 training [time: 18.64s, train loss: 1436.4128]
Mon 19 Jan 2026 10:11:54 INFO  epoch 23 evaluating [time: 1.29s, valid_score: 0.048000]
Mon 19 Jan 2026 10:11:54 INFO  valid result: 
recall@3 : 0.0219    recall@5 : 0.0318    recall@10 : 0.048    recall@20 : 0.0718    ndcg@3 : 0.0165    ndcg@5 : 0.0205    ndcg@10 : 0.0257    ndcg@20 : 0.0317    
Mon 19 Jan 2026 10:11:55 INFO  Saving current best: saved/NOVA-Jan-19-2026_10-03-58.pth
Mon 19 Jan 2026 10:12:14 INFO  epoch 24 training [time: 18.61s, train loss: 1428.2615]
Mon 19 Jan 2026 10:12:32 INFO  epoch 25 training [time: 18.43s, train loss: 1420.5503]
Mon 19 Jan 2026 10:12:34 INFO  epoch 25 evaluating [time: 1.28s, valid_score: 0.049000]
Mon 19 Jan 2026 10:12:34 INFO  valid result: 
recall@3 : 0.0227    recall@5 : 0.0319    recall@10 : 0.049    recall@20 : 0.0729    ndcg@3 : 0.0172    ndcg@5 : 0.0209    ndcg@10 : 0.0264    ndcg@20 : 0.0324    
Mon 19 Jan 2026 10:12:35 INFO  Saving current best: saved/NOVA-Jan-19-2026_10-03-58.pth
Mon 19 Jan 2026 10:12:53 INFO  epoch 26 training [time: 18.66s, train loss: 1412.9191]
Mon 19 Jan 2026 10:13:12 INFO  epoch 27 training [time: 18.48s, train loss: 1405.0971]
Mon 19 Jan 2026 10:13:13 INFO  epoch 27 evaluating [time: 1.31s, valid_score: 0.050100]
Mon 19 Jan 2026 10:13:13 INFO  valid result: 
recall@3 : 0.0228    recall@5 : 0.0324    recall@10 : 0.0501    recall@20 : 0.0739    ndcg@3 : 0.0175    ndcg@5 : 0.0214    ndcg@10 : 0.0271    ndcg@20 : 0.0331    
Mon 19 Jan 2026 10:13:14 INFO  Saving current best: saved/NOVA-Jan-19-2026_10-03-58.pth
Mon 19 Jan 2026 10:13:33 INFO  epoch 28 training [time: 18.51s, train loss: 1397.0265]
Mon 19 Jan 2026 10:13:51 INFO  epoch 29 training [time: 18.58s, train loss: 1389.5369]
Mon 19 Jan 2026 10:13:53 INFO  epoch 29 evaluating [time: 1.32s, valid_score: 0.051100]
Mon 19 Jan 2026 10:13:53 INFO  valid result: 
recall@3 : 0.0233    recall@5 : 0.0333    recall@10 : 0.0511    recall@20 : 0.0753    ndcg@3 : 0.0176    ndcg@5 : 0.0217    ndcg@10 : 0.0275    ndcg@20 : 0.0335    
Mon 19 Jan 2026 10:13:54 INFO  Saving current best: saved/NOVA-Jan-19-2026_10-03-58.pth
Mon 19 Jan 2026 10:14:12 INFO  epoch 30 training [time: 18.40s, train loss: 1382.4194]
Mon 19 Jan 2026 10:14:31 INFO  epoch 31 training [time: 18.68s, train loss: 1375.7432]
Mon 19 Jan 2026 10:14:32 INFO  epoch 31 evaluating [time: 1.29s, valid_score: 0.051500]
Mon 19 Jan 2026 10:14:32 INFO  valid result: 
recall@3 : 0.0242    recall@5 : 0.034    recall@10 : 0.0515    recall@20 : 0.0759    ndcg@3 : 0.0183    ndcg@5 : 0.0223    ndcg@10 : 0.0279    ndcg@20 : 0.0341    
Mon 19 Jan 2026 10:14:33 INFO  Saving current best: saved/NOVA-Jan-19-2026_10-03-58.pth
Mon 19 Jan 2026 10:14:51 INFO  epoch 32 training [time: 18.53s, train loss: 1368.0151]
Mon 19 Jan 2026 10:15:10 INFO  epoch 33 training [time: 18.57s, train loss: 1361.0034]
Mon 19 Jan 2026 10:15:11 INFO  epoch 33 evaluating [time: 1.28s, valid_score: 0.053000]
Mon 19 Jan 2026 10:15:11 INFO  valid result: 
recall@3 : 0.0247    recall@5 : 0.0347    recall@10 : 0.053    recall@20 : 0.0774    ndcg@3 : 0.0187    ndcg@5 : 0.0228    ndcg@10 : 0.0287    ndcg@20 : 0.0348    
Mon 19 Jan 2026 10:15:12 INFO  Saving current best: saved/NOVA-Jan-19-2026_10-03-58.pth
Mon 19 Jan 2026 10:15:31 INFO  epoch 34 training [time: 18.64s, train loss: 1353.7510]
Mon 19 Jan 2026 10:15:49 INFO  epoch 35 training [time: 18.41s, train loss: 1347.1181]
Mon 19 Jan 2026 10:15:51 INFO  epoch 35 evaluating [time: 1.31s, valid_score: 0.052400]
Mon 19 Jan 2026 10:15:51 INFO  valid result: 
recall@3 : 0.025    recall@5 : 0.034    recall@10 : 0.0524    recall@20 : 0.0765    ndcg@3 : 0.019    ndcg@5 : 0.0227    ndcg@10 : 0.0286    ndcg@20 : 0.0347    
Mon 19 Jan 2026 10:16:09 INFO  epoch 36 training [time: 18.71s, train loss: 1340.0893]
Mon 19 Jan 2026 10:16:28 INFO  epoch 37 training [time: 18.60s, train loss: 1333.5078]
Mon 19 Jan 2026 10:16:29 INFO  epoch 37 evaluating [time: 1.34s, valid_score: 0.052800]
Mon 19 Jan 2026 10:16:29 INFO  valid result: 
recall@3 : 0.0249    recall@5 : 0.0345    recall@10 : 0.0528    recall@20 : 0.0774    ndcg@3 : 0.0191    ndcg@5 : 0.023    ndcg@10 : 0.0289    ndcg@20 : 0.0351    
Mon 19 Jan 2026 10:16:48 INFO  epoch 38 training [time: 18.65s, train loss: 1326.9533]
Mon 19 Jan 2026 10:17:07 INFO  epoch 39 training [time: 18.79s, train loss: 1320.8485]
Mon 19 Jan 2026 10:17:08 INFO  epoch 39 evaluating [time: 1.29s, valid_score: 0.051600]
Mon 19 Jan 2026 10:17:08 INFO  valid result: 
recall@3 : 0.0251    recall@5 : 0.0344    recall@10 : 0.0516    recall@20 : 0.0767    ndcg@3 : 0.0197    ndcg@5 : 0.0235    ndcg@10 : 0.0291    ndcg@20 : 0.0354    
Mon 19 Jan 2026 10:17:27 INFO  epoch 40 training [time: 18.54s, train loss: 1314.2117]
Mon 19 Jan 2026 10:17:45 INFO  epoch 41 training [time: 18.81s, train loss: 1308.5275]
Mon 19 Jan 2026 10:17:47 INFO  epoch 41 evaluating [time: 1.31s, valid_score: 0.052300]
Mon 19 Jan 2026 10:17:47 INFO  valid result: 
recall@3 : 0.0249    recall@5 : 0.0345    recall@10 : 0.0523    recall@20 : 0.0767    ndcg@3 : 0.0196    ndcg@5 : 0.0235    ndcg@10 : 0.0293    ndcg@20 : 0.0354    
Mon 19 Jan 2026 10:18:05 INFO  epoch 42 training [time: 18.69s, train loss: 1302.1693]
Mon 19 Jan 2026 10:18:24 INFO  epoch 43 training [time: 18.65s, train loss: 1296.5122]
Mon 19 Jan 2026 10:18:25 INFO  epoch 43 evaluating [time: 1.33s, valid_score: 0.051700]
Mon 19 Jan 2026 10:18:25 INFO  valid result: 
recall@3 : 0.0262    recall@5 : 0.0349    recall@10 : 0.0517    recall@20 : 0.0774    ndcg@3 : 0.0206    ndcg@5 : 0.0242    ndcg@10 : 0.0296    ndcg@20 : 0.0361    
Mon 19 Jan 2026 10:18:44 INFO  epoch 44 training [time: 18.74s, train loss: 1290.4712]
Mon 19 Jan 2026 10:19:03 INFO  epoch 45 training [time: 18.51s, train loss: 1284.5926]
Mon 19 Jan 2026 10:19:04 INFO  epoch 45 evaluating [time: 1.29s, valid_score: 0.050700]
Mon 19 Jan 2026 10:19:04 INFO  valid result: 
recall@3 : 0.0249    recall@5 : 0.034    recall@10 : 0.0507    recall@20 : 0.0752    ndcg@3 : 0.0195    ndcg@5 : 0.0232    ndcg@10 : 0.0286    ndcg@20 : 0.0348    
Mon 19 Jan 2026 10:19:23 INFO  epoch 46 training [time: 18.83s, train loss: 1278.5497]
Mon 19 Jan 2026 10:19:41 INFO  epoch 47 training [time: 18.69s, train loss: 1272.5727]
Mon 19 Jan 2026 10:19:43 INFO  epoch 47 evaluating [time: 1.31s, valid_score: 0.051100]
Mon 19 Jan 2026 10:19:43 INFO  valid result: 
recall@3 : 0.0253    recall@5 : 0.0337    recall@10 : 0.0511    recall@20 : 0.0765    ndcg@3 : 0.0198    ndcg@5 : 0.0233    ndcg@10 : 0.0289    ndcg@20 : 0.0352    
Mon 19 Jan 2026 10:20:01 INFO  epoch 48 training [time: 18.63s, train loss: 1266.7318]
Mon 19 Jan 2026 10:20:20 INFO  epoch 49 training [time: 18.77s, train loss: 1261.6194]
Mon 19 Jan 2026 10:20:21 INFO  epoch 49 evaluating [time: 1.31s, valid_score: 0.051500]
Mon 19 Jan 2026 10:20:21 INFO  valid result: 
recall@3 : 0.0255    recall@5 : 0.0345    recall@10 : 0.0515    recall@20 : 0.0763    ndcg@3 : 0.0202    ndcg@5 : 0.0239    ndcg@10 : 0.0294    ndcg@20 : 0.0356    
Mon 19 Jan 2026 10:20:40 INFO  epoch 50 training [time: 18.61s, train loss: 1255.2399]
Mon 19 Jan 2026 10:20:59 INFO  epoch 51 training [time: 18.84s, train loss: 1250.3171]
Mon 19 Jan 2026 10:21:00 INFO  epoch 51 evaluating [time: 1.32s, valid_score: 0.050700]
Mon 19 Jan 2026 10:21:00 INFO  valid result: 
recall@3 : 0.0253    recall@5 : 0.034    recall@10 : 0.0507    recall@20 : 0.0766    ndcg@3 : 0.02    ndcg@5 : 0.0235    ndcg@10 : 0.0289    ndcg@20 : 0.0354    
Mon 19 Jan 2026 10:21:19 INFO  epoch 52 training [time: 18.69s, train loss: 1245.1189]
Mon 19 Jan 2026 10:21:38 INFO  epoch 53 training [time: 18.65s, train loss: 1240.1731]
Mon 19 Jan 2026 10:21:39 INFO  epoch 53 evaluating [time: 1.30s, valid_score: 0.050300]
Mon 19 Jan 2026 10:21:39 INFO  valid result: 
recall@3 : 0.0255    recall@5 : 0.0339    recall@10 : 0.0503    recall@20 : 0.0741    ndcg@3 : 0.02    ndcg@5 : 0.0234    ndcg@10 : 0.0286    ndcg@20 : 0.0346    
Mon 19 Jan 2026 10:21:58 INFO  epoch 54 training [time: 18.79s, train loss: 1234.2587]
Mon 19 Jan 2026 10:22:16 INFO  epoch 55 training [time: 18.57s, train loss: 1229.0261]
Mon 19 Jan 2026 10:22:18 INFO  epoch 55 evaluating [time: 1.31s, valid_score: 0.050500]
Mon 19 Jan 2026 10:22:18 INFO  valid result: 
recall@3 : 0.0254    recall@5 : 0.0335    recall@10 : 0.0505    recall@20 : 0.0755    ndcg@3 : 0.0201    ndcg@5 : 0.0234    ndcg@10 : 0.0289    ndcg@20 : 0.0352    
Mon 19 Jan 2026 10:22:18 INFO  Finished training, best eval result in epoch 33
Mon 19 Jan 2026 10:22:18 INFO  Loading model structure and parameters from saved/NOVA-Jan-19-2026_10-03-58.pth
Mon 19 Jan 2026 10:22:19 INFO  best valid : {'recall@3': np.float64(0.0247), 'recall@5': np.float64(0.0347), 'recall@10': np.float64(0.053), 'recall@20': np.float64(0.0774), 'ndcg@3': np.float64(0.0187), 'ndcg@5': np.float64(0.0228), 'ndcg@10': np.float64(0.0287), 'ndcg@20': np.float64(0.0348)}
Mon 19 Jan 2026 10:22:19 INFO  test result: {'recall@3': np.float64(0.0184), 'recall@5': np.float64(0.0256), 'recall@10': np.float64(0.0412), 'recall@20': np.float64(0.0611), 'ndcg@3': np.float64(0.0143), 'ndcg@5': np.float64(0.0172), 'ndcg@10': np.float64(0.0222), 'ndcg@20': np.float64(0.0272)}
