Mon 19 Jan 2026 03:00:50 INFO  
General Hyper Parameters:
gpu_id = 0
use_gpu = True
seed = 212
state = INFO
reproducibility = True
data_path = ./recbole/data/dataset/Amazon_Sports_and_Outdoors
show_progress = True
save_dataset = False
save_dataloaders = False
benchmark_filename = None

Training Hyper Parameters:
checkpoint_dir = saved
epochs = 200
train_batch_size = 1024
learner = adam
learning_rate = 0.0001
eval_step = 2
stopping_step = 10
clip_grad_norm = None
weight_decay = 0.0
loss_decimal_place = 4

Evaluation Hyper Parameters:
eval_args = {'split': {'LS': 'valid_and_test'}, 'group_by': 'user', 'order': 'TO', 'mode': 'full'}
metrics = ['Recall', 'NDCG']
topk = [3, 5, 10, 20]
valid_metric = Recall@10
valid_metric_bigger = True
eval_batch_size = 256
metric_decimal_place = 4

Dataset Hyper Parameters:
field_separator = 	
seq_separator =  
USER_ID_FIELD = user_id
ITEM_ID_FIELD = item_id
RATING_FIELD = rating
TIME_FIELD = timestamp
seq_len = None
LABEL_FIELD = label
threshold = None
NEG_PREFIX = neg_
load_col = {'inter': ['user_id', 'item_id', 'rating', 'timestamp'], 'item': ['item_id', 'title', 'sales_rank', 'price', 'brand', 'categories', 'sales_type'], 'title': ['ent_id', 'ent_emb']}
unload_col = None
unused_col = None
additional_feat_suffix = ['title']
rm_dup_inter = None
val_interval = None
filter_inter_by_user_or_item = True
user_inter_num_interval = [5,inf)
item_inter_num_interval = [5,inf)
alias_of_user_id = None
alias_of_item_id = ['ent_id']
alias_of_entity_id = None
alias_of_relation_id = None
preload_weight = {'ent_id': 'ent_emb'}
normalize_field = None
normalize_all = None
ITEM_LIST_LENGTH_FIELD = item_length
LIST_SUFFIX = _list
MAX_ITEM_LIST_LENGTH = 50
POSITION_FIELD = position_id
HEAD_ENTITY_ID_FIELD = head_id
TAIL_ENTITY_ID_FIELD = tail_id
RELATION_ID_FIELD = relation_id
ENTITY_ID_FIELD = entity_id

Other Hyper Parameters: 
neg_sampling = None
multi_gpus = False
repeatable = True
MODEL_TYPE = ModelType.SEQUENTIAL
n_layers = 3
n_heads = 8
hidden_size = 256
orig_attribute_hidden_size = [128]
attribute_hidden_size = [128]
inner_size = 256
hidden_dropout_prob = 0.5
attn_dropout_prob = 0.3
hidden_act = gelu
layer_norm_eps = 1e-12
initializer_range = 0.02
selected_features = ['ent_emb']
feature_type = ['static']
pooling_mode = sum
loss_type = CE
weight_sharing = not
fusion_type = gate
lamdas = [5]
attribute_predictor = ['cos_sim']
diffusion = {'device': 'cuda', 'dims': [1000], 'emb_size': 20, 'mean_type': 'x0', 'noise_max': 0.02, 'noise_min': 0.0001, 'noise_scale': 0.1, 'noise_schedule': 'linear-var', 'norm': False, 'num_heads': 4, 'reweight': True, 'sampling_noise': False, 'sampling_steps': 0, 'steps': 5, 'structure': 'MLP', 'time_type': 'cat', 'hiddenSize': 128, 'inputSize': 128}
lambda = 0.5
wandb_run_name = titles
annealing = False
MODEL_INPUT_TYPE = InputType.POINTWISE
eval_type = EvaluatorType.RANKING
device = cuda
train_neg_sample_args = {'strategy': 'none'}
eval_neg_sample_args = {'strategy': 'full', 'distribution': 'uniform'}


Mon 19 Jan 2026 03:00:51 INFO  Amazon_Sports_and_Outdoors
The number of users: 35599
Average actions of users: 8.324540704533963
The number of items: 18358
Average actions of items: 16.142997221768262
The number of inters: 296337
The sparsity of the dataset: 99.95465569853714%
Remain Fields: ['user_id', 'item_id', 'rating', 'timestamp', 'title', 'price', 'brand', 'categories', 'sales_type', 'sales_rank', 'ent_id', 'ent_emb']
Mon 19 Jan 2026 03:00:52 INFO  [Training]: train_batch_size = [1024] negative sampling: [None]
Mon 19 Jan 2026 03:00:52 INFO  [Evaluation]: eval_batch_size = [256] eval_args: [{'split': {'LS': 'valid_and_test'}, 'group_by': 'user', 'order': 'TO', 'mode': 'full'}]
Mon 19 Jan 2026 03:00:54 INFO  NOVA(
  (item_embedding): Embedding(18358, 256, padding_idx=0)
  (position_embedding): Embedding(50, 256)
  (feature_embed_layer_list): ModuleList(
    (0): Embedding(18358, 128)
  )
  (trm_encoder): NOVATransformerEncoder(
    (layer): ModuleList(
      (0-2): 3 x NOVATransformerLayer(
        (multi_head_attention): NOVAMultiHeadAttention(
          (query): Linear(in_features=256, out_features=256, bias=True)
          (key): Linear(in_features=256, out_features=256, bias=True)
          (value): Linear(in_features=256, out_features=256, bias=True)
          (attn_dropout): Dropout(p=0.3, inplace=False)
          (dense): Linear(in_features=256, out_features=256, bias=True)
          (LayerNorm): LayerNorm((256,), eps=1e-12, elementwise_affine=True)
          (out_dropout): Dropout(p=0.5, inplace=False)
        )
        (feed_forward): FeedForward(
          (dense_1): Linear(in_features=256, out_features=256, bias=True)
          (dense_2): Linear(in_features=256, out_features=256, bias=True)
          (LayerNorm): LayerNorm((256,), eps=1e-12, elementwise_affine=True)
          (dropout): Dropout(p=0.5, inplace=False)
        )
      )
    )
  )
  (concat_layer): Linear(in_features=384, out_features=256, bias=True)
  (LayerNorm): LayerNorm((256,), eps=1e-12, elementwise_affine=True)
  (dropout): Dropout(p=0.5, inplace=False)
  (loss_fct): CrossEntropyLoss()
)
Trainable parameters: 5998848
Mon 19 Jan 2026 03:01:08 INFO  epoch 0 training [time: 14.00s, train loss: 1776.0259]
Mon 19 Jan 2026 03:01:22 INFO  epoch 1 training [time: 13.54s, train loss: 1723.5210]
Mon 19 Jan 2026 03:01:23 INFO  epoch 1 evaluating [time: 1.16s, valid_score: 0.012900]
Mon 19 Jan 2026 03:01:23 INFO  valid result: 
recall@3 : 0.006    recall@5 : 0.0082    recall@10 : 0.0129    recall@20 : 0.0247    ndcg@3 : 0.0044    ndcg@5 : 0.0054    ndcg@10 : 0.0069    ndcg@20 : 0.0098    
Mon 19 Jan 2026 03:01:23 INFO  Saving current best: saved/NOVA-Jan-19-2026_03-00-54.pth
Mon 19 Jan 2026 03:01:35 INFO  epoch 2 training [time: 11.94s, train loss: 1716.6219]
Mon 19 Jan 2026 03:01:48 INFO  epoch 3 training [time: 13.59s, train loss: 1694.2914]
Mon 19 Jan 2026 03:01:50 INFO  epoch 3 evaluating [time: 1.06s, valid_score: 0.019600]
Mon 19 Jan 2026 03:01:50 INFO  valid result: 
recall@3 : 0.0075    recall@5 : 0.0113    recall@10 : 0.0196    recall@20 : 0.0339    ndcg@3 : 0.0056    ndcg@5 : 0.0071    ndcg@10 : 0.0098    ndcg@20 : 0.0133    
Mon 19 Jan 2026 03:01:50 INFO  Saving current best: saved/NOVA-Jan-19-2026_03-00-54.pth
Mon 19 Jan 2026 03:02:01 INFO  epoch 4 training [time: 11.86s, train loss: 1664.6502]
Mon 19 Jan 2026 03:02:15 INFO  epoch 5 training [time: 13.59s, train loss: 1641.8689]
Mon 19 Jan 2026 03:02:16 INFO  epoch 5 evaluating [time: 1.08s, valid_score: 0.023900]
Mon 19 Jan 2026 03:02:16 INFO  valid result: 
recall@3 : 0.009    recall@5 : 0.0138    recall@10 : 0.0239    recall@20 : 0.0406    ndcg@3 : 0.0066    ndcg@5 : 0.0086    ndcg@10 : 0.0118    ndcg@20 : 0.016    
Mon 19 Jan 2026 03:02:16 INFO  Saving current best: saved/NOVA-Jan-19-2026_03-00-54.pth
Mon 19 Jan 2026 03:02:28 INFO  epoch 6 training [time: 11.96s, train loss: 1622.9503]
Mon 19 Jan 2026 03:02:42 INFO  epoch 7 training [time: 13.58s, train loss: 1605.8415]
Mon 19 Jan 2026 03:02:43 INFO  epoch 7 evaluating [time: 1.03s, valid_score: 0.028500]
Mon 19 Jan 2026 03:02:43 INFO  valid result: 
recall@3 : 0.0108    recall@5 : 0.017    recall@10 : 0.0285    recall@20 : 0.0463    ndcg@3 : 0.008    ndcg@5 : 0.0105    ndcg@10 : 0.0142    ndcg@20 : 0.0187    
Mon 19 Jan 2026 03:02:43 INFO  Saving current best: saved/NOVA-Jan-19-2026_03-00-54.pth
Mon 19 Jan 2026 03:02:55 INFO  epoch 8 training [time: 11.93s, train loss: 1588.6172]
Mon 19 Jan 2026 03:03:08 INFO  epoch 9 training [time: 13.58s, train loss: 1571.6604]
Mon 19 Jan 2026 03:03:10 INFO  epoch 9 evaluating [time: 1.07s, valid_score: 0.034000]
Mon 19 Jan 2026 03:03:10 INFO  valid result: 
recall@3 : 0.0142    recall@5 : 0.0205    recall@10 : 0.034    recall@20 : 0.0524    ndcg@3 : 0.0107    ndcg@5 : 0.0133    ndcg@10 : 0.0176    ndcg@20 : 0.0223    
Mon 19 Jan 2026 03:03:10 INFO  Saving current best: saved/NOVA-Jan-19-2026_03-00-54.pth
Mon 19 Jan 2026 03:03:23 INFO  epoch 10 training [time: 13.63s, train loss: 1554.2276]
Mon 19 Jan 2026 03:03:35 INFO  epoch 11 training [time: 11.86s, train loss: 1536.5611]
Mon 19 Jan 2026 03:03:36 INFO  epoch 11 evaluating [time: 1.05s, valid_score: 0.037800]
Mon 19 Jan 2026 03:03:36 INFO  valid result: 
recall@3 : 0.0174    recall@5 : 0.0242    recall@10 : 0.0378    recall@20 : 0.0603    ndcg@3 : 0.0133    ndcg@5 : 0.016    ndcg@10 : 0.0204    ndcg@20 : 0.0261    
Mon 19 Jan 2026 03:03:36 INFO  Saving current best: saved/NOVA-Jan-19-2026_03-00-54.pth
Mon 19 Jan 2026 03:03:50 INFO  epoch 12 training [time: 13.60s, train loss: 1519.9394]
Mon 19 Jan 2026 03:04:02 INFO  epoch 13 training [time: 11.93s, train loss: 1503.6409]
Mon 19 Jan 2026 03:04:03 INFO  epoch 13 evaluating [time: 1.03s, valid_score: 0.043300]
Mon 19 Jan 2026 03:04:03 INFO  valid result: 
recall@3 : 0.0198    recall@5 : 0.0277    recall@10 : 0.0433    recall@20 : 0.0658    ndcg@3 : 0.0155    ndcg@5 : 0.0188    ndcg@10 : 0.0238    ndcg@20 : 0.0294    
Mon 19 Jan 2026 03:04:03 INFO  Saving current best: saved/NOVA-Jan-19-2026_03-00-54.pth
Mon 19 Jan 2026 03:04:16 INFO  epoch 14 training [time: 13.61s, train loss: 1487.3679]
Mon 19 Jan 2026 03:04:28 INFO  epoch 15 training [time: 11.89s, train loss: 1471.3363]
Mon 19 Jan 2026 03:04:29 INFO  epoch 15 evaluating [time: 1.06s, valid_score: 0.046600]
Mon 19 Jan 2026 03:04:29 INFO  valid result: 
recall@3 : 0.0219    recall@5 : 0.0306    recall@10 : 0.0466    recall@20 : 0.071    ndcg@3 : 0.0168    ndcg@5 : 0.0204    ndcg@10 : 0.0255    ndcg@20 : 0.0316    
Mon 19 Jan 2026 03:04:29 INFO  Saving current best: saved/NOVA-Jan-19-2026_03-00-54.pth
Mon 19 Jan 2026 03:04:43 INFO  epoch 16 training [time: 13.60s, train loss: 1456.2241]
Mon 19 Jan 2026 03:04:57 INFO  epoch 17 training [time: 13.58s, train loss: 1440.7690]
Mon 19 Jan 2026 03:04:58 INFO  epoch 17 evaluating [time: 1.09s, valid_score: 0.049900]
Mon 19 Jan 2026 03:04:58 INFO  valid result: 
recall@3 : 0.0246    recall@5 : 0.0336    recall@10 : 0.0499    recall@20 : 0.0746    ndcg@3 : 0.0191    ndcg@5 : 0.0227    ndcg@10 : 0.028    ndcg@20 : 0.0342    
Mon 19 Jan 2026 03:04:58 INFO  Saving current best: saved/NOVA-Jan-19-2026_03-00-54.pth
Mon 19 Jan 2026 03:05:10 INFO  epoch 18 training [time: 11.91s, train loss: 1425.8220]
Mon 19 Jan 2026 03:05:23 INFO  epoch 19 training [time: 13.59s, train loss: 1410.6022]
Mon 19 Jan 2026 03:05:24 INFO  epoch 19 evaluating [time: 1.04s, valid_score: 0.052300]
Mon 19 Jan 2026 03:05:24 INFO  valid result: 
recall@3 : 0.0272    recall@5 : 0.0359    recall@10 : 0.0523    recall@20 : 0.0773    ndcg@3 : 0.0216    ndcg@5 : 0.0252    ndcg@10 : 0.0305    ndcg@20 : 0.0368    
Mon 19 Jan 2026 03:05:24 INFO  Saving current best: saved/NOVA-Jan-19-2026_03-00-54.pth
Mon 19 Jan 2026 03:05:36 INFO  epoch 20 training [time: 11.87s, train loss: 1395.6385]
Mon 19 Jan 2026 03:05:50 INFO  epoch 21 training [time: 13.67s, train loss: 1380.6115]
Mon 19 Jan 2026 03:05:51 INFO  epoch 21 evaluating [time: 1.04s, valid_score: 0.054600]
Mon 19 Jan 2026 03:05:51 INFO  valid result: 
recall@3 : 0.0284    recall@5 : 0.038    recall@10 : 0.0546    recall@20 : 0.0797    ndcg@3 : 0.0227    ndcg@5 : 0.0266    ndcg@10 : 0.0319    ndcg@20 : 0.0382    
Mon 19 Jan 2026 03:05:51 INFO  Saving current best: saved/NOVA-Jan-19-2026_03-00-54.pth
Mon 19 Jan 2026 03:06:03 INFO  epoch 22 training [time: 11.86s, train loss: 1365.9035]
Mon 19 Jan 2026 03:06:17 INFO  epoch 23 training [time: 13.55s, train loss: 1350.6886]
Mon 19 Jan 2026 03:06:18 INFO  epoch 23 evaluating [time: 1.09s, valid_score: 0.055800]
Mon 19 Jan 2026 03:06:18 INFO  valid result: 
recall@3 : 0.0301    recall@5 : 0.0396    recall@10 : 0.0558    recall@20 : 0.0812    ndcg@3 : 0.0241    ndcg@5 : 0.028    ndcg@10 : 0.0332    ndcg@20 : 0.0396    
Mon 19 Jan 2026 03:06:18 INFO  Saving current best: saved/NOVA-Jan-19-2026_03-00-54.pth
Mon 19 Jan 2026 03:06:30 INFO  epoch 24 training [time: 11.91s, train loss: 1335.9468]
Mon 19 Jan 2026 03:06:43 INFO  epoch 25 training [time: 13.55s, train loss: 1321.5252]
Mon 19 Jan 2026 03:06:44 INFO  epoch 25 evaluating [time: 1.01s, valid_score: 0.057700]
Mon 19 Jan 2026 03:06:44 INFO  valid result: 
recall@3 : 0.0307    recall@5 : 0.0405    recall@10 : 0.0577    recall@20 : 0.0827    ndcg@3 : 0.0247    ndcg@5 : 0.0287    ndcg@10 : 0.0342    ndcg@20 : 0.0405    
Mon 19 Jan 2026 03:06:44 INFO  Saving current best: saved/NOVA-Jan-19-2026_03-00-54.pth
Mon 19 Jan 2026 03:06:58 INFO  epoch 26 training [time: 13.58s, train loss: 1306.2937]
Mon 19 Jan 2026 03:07:10 INFO  epoch 27 training [time: 11.88s, train loss: 1291.4059]
Mon 19 Jan 2026 03:07:11 INFO  epoch 27 evaluating [time: 1.05s, valid_score: 0.057600]
Mon 19 Jan 2026 03:07:11 INFO  valid result: 
recall@3 : 0.0316    recall@5 : 0.0407    recall@10 : 0.0576    recall@20 : 0.0832    ndcg@3 : 0.0256    ndcg@5 : 0.0293    ndcg@10 : 0.0348    ndcg@20 : 0.0412    
Mon 19 Jan 2026 03:07:24 INFO  epoch 28 training [time: 13.60s, train loss: 1276.8288]
Mon 19 Jan 2026 03:07:36 INFO  epoch 29 training [time: 11.90s, train loss: 1262.2344]
Mon 19 Jan 2026 03:07:37 INFO  epoch 29 evaluating [time: 1.06s, valid_score: 0.058900]
Mon 19 Jan 2026 03:07:37 INFO  valid result: 
recall@3 : 0.0325    recall@5 : 0.0418    recall@10 : 0.0589    recall@20 : 0.0837    ndcg@3 : 0.0264    ndcg@5 : 0.0302    ndcg@10 : 0.0357    ndcg@20 : 0.0419    
Mon 19 Jan 2026 03:07:37 INFO  Saving current best: saved/NOVA-Jan-19-2026_03-00-54.pth
Mon 19 Jan 2026 03:07:51 INFO  epoch 30 training [time: 13.63s, train loss: 1248.1571]
Mon 19 Jan 2026 03:08:03 INFO  epoch 31 training [time: 11.89s, train loss: 1233.3748]
Mon 19 Jan 2026 03:08:04 INFO  epoch 31 evaluating [time: 1.06s, valid_score: 0.058500]
Mon 19 Jan 2026 03:08:04 INFO  valid result: 
recall@3 : 0.0325    recall@5 : 0.0415    recall@10 : 0.0585    recall@20 : 0.0832    ndcg@3 : 0.0264    ndcg@5 : 0.0302    ndcg@10 : 0.0356    ndcg@20 : 0.0418    
Mon 19 Jan 2026 03:08:18 INFO  epoch 32 training [time: 13.61s, train loss: 1220.0501]
Mon 19 Jan 2026 03:08:31 INFO  epoch 33 training [time: 13.63s, train loss: 1205.1519]
Mon 19 Jan 2026 03:08:31 INFO  epoch 33 evaluating [time: -0.66s, valid_score: 0.059200]
Mon 19 Jan 2026 03:08:31 INFO  valid result: 
recall@3 : 0.0334    recall@5 : 0.0428    recall@10 : 0.0592    recall@20 : 0.0842    ndcg@3 : 0.027    ndcg@5 : 0.0309    ndcg@10 : 0.0361    ndcg@20 : 0.0424    
Mon 19 Jan 2026 03:08:31 INFO  Saving current best: saved/NOVA-Jan-19-2026_03-00-54.pth
Mon 19 Jan 2026 03:08:44 INFO  epoch 34 training [time: 13.56s, train loss: 1191.4667]
Mon 19 Jan 2026 03:08:58 INFO  epoch 35 training [time: 13.68s, train loss: 1176.8818]
Mon 19 Jan 2026 03:08:59 INFO  epoch 35 evaluating [time: 1.03s, valid_score: 0.058900]
Mon 19 Jan 2026 03:08:59 INFO  valid result: 
recall@3 : 0.0332    recall@5 : 0.0424    recall@10 : 0.0589    recall@20 : 0.0818    ndcg@3 : 0.027    ndcg@5 : 0.0308    ndcg@10 : 0.0361    ndcg@20 : 0.0418    
Mon 19 Jan 2026 03:09:11 INFO  epoch 36 training [time: 11.84s, train loss: 1162.9316]
Mon 19 Jan 2026 03:09:24 INFO  epoch 37 training [time: 13.59s, train loss: 1149.3035]
Mon 19 Jan 2026 03:09:25 INFO  epoch 37 evaluating [time: 1.07s, valid_score: 0.058700]
Mon 19 Jan 2026 03:09:25 INFO  valid result: 
recall@3 : 0.0338    recall@5 : 0.0428    recall@10 : 0.0587    recall@20 : 0.0823    ndcg@3 : 0.0276    ndcg@5 : 0.0313    ndcg@10 : 0.0364    ndcg@20 : 0.0423    
Mon 19 Jan 2026 03:09:37 INFO  epoch 38 training [time: 11.93s, train loss: 1136.0778]
Mon 19 Jan 2026 03:09:51 INFO  epoch 39 training [time: 13.60s, train loss: 1122.2706]
Mon 19 Jan 2026 03:09:52 INFO  epoch 39 evaluating [time: 1.04s, valid_score: 0.059100]
Mon 19 Jan 2026 03:09:52 INFO  valid result: 
recall@3 : 0.034    recall@5 : 0.0427    recall@10 : 0.0591    recall@20 : 0.0814    ndcg@3 : 0.0275    ndcg@5 : 0.0311    ndcg@10 : 0.0363    ndcg@20 : 0.0419    
Mon 19 Jan 2026 03:10:04 INFO  epoch 40 training [time: 11.90s, train loss: 1108.9003]
Mon 19 Jan 2026 03:10:18 INFO  epoch 41 training [time: 13.62s, train loss: 1095.2413]
Mon 19 Jan 2026 03:10:19 INFO  epoch 41 evaluating [time: 1.04s, valid_score: 0.058200]
Mon 19 Jan 2026 03:10:19 INFO  valid result: 
recall@3 : 0.0333    recall@5 : 0.0423    recall@10 : 0.0582    recall@20 : 0.0803    ndcg@3 : 0.0272    ndcg@5 : 0.0309    ndcg@10 : 0.036    ndcg@20 : 0.0415    
Mon 19 Jan 2026 03:10:32 INFO  epoch 42 training [time: 13.57s, train loss: 1082.6465]
Mon 19 Jan 2026 03:10:44 INFO  epoch 43 training [time: 11.92s, train loss: 1069.9289]
Mon 19 Jan 2026 03:10:45 INFO  epoch 43 evaluating [time: 1.02s, valid_score: 0.057600]
Mon 19 Jan 2026 03:10:45 INFO  valid result: 
recall@3 : 0.0335    recall@5 : 0.0424    recall@10 : 0.0576    recall@20 : 0.0797    ndcg@3 : 0.0273    ndcg@5 : 0.031    ndcg@10 : 0.0358    ndcg@20 : 0.0414    
Mon 19 Jan 2026 03:10:59 INFO  epoch 44 training [time: 13.56s, train loss: 1057.5305]
Mon 19 Jan 2026 03:11:11 INFO  epoch 45 training [time: 11.92s, train loss: 1045.3046]
Mon 19 Jan 2026 03:11:12 INFO  epoch 45 evaluating [time: 1.02s, valid_score: 0.056800]
Mon 19 Jan 2026 03:11:12 INFO  valid result: 
recall@3 : 0.0331    recall@5 : 0.0422    recall@10 : 0.0568    recall@20 : 0.0784    ndcg@3 : 0.027    ndcg@5 : 0.0307    ndcg@10 : 0.0354    ndcg@20 : 0.0408    
Mon 19 Jan 2026 03:11:25 INFO  epoch 46 training [time: 13.61s, train loss: 1033.0666]
Mon 19 Jan 2026 03:11:37 INFO  epoch 47 training [time: 11.86s, train loss: 1020.6986]
Mon 19 Jan 2026 03:11:38 INFO  epoch 47 evaluating [time: 1.07s, valid_score: 0.056200]
Mon 19 Jan 2026 03:11:38 INFO  valid result: 
recall@3 : 0.0329    recall@5 : 0.0414    recall@10 : 0.0562    recall@20 : 0.0765    ndcg@3 : 0.0268    ndcg@5 : 0.0303    ndcg@10 : 0.0351    ndcg@20 : 0.0402    
Mon 19 Jan 2026 03:11:52 INFO  epoch 48 training [time: 13.58s, train loss: 1008.8591]
Mon 19 Jan 2026 03:12:05 INFO  epoch 49 training [time: 13.58s, train loss: 997.5538]
Mon 19 Jan 2026 03:12:05 INFO  epoch 49 evaluating [time: -0.58s, valid_score: 0.056200]
Mon 19 Jan 2026 03:12:05 INFO  valid result: 
recall@3 : 0.0324    recall@5 : 0.0412    recall@10 : 0.0562    recall@20 : 0.0757    ndcg@3 : 0.0264    ndcg@5 : 0.03    ndcg@10 : 0.0349    ndcg@20 : 0.0398    
Mon 19 Jan 2026 03:12:18 INFO  epoch 50 training [time: 13.58s, train loss: 985.9431]
Mon 19 Jan 2026 03:12:32 INFO  epoch 51 training [time: 13.61s, train loss: 975.1158]
Mon 19 Jan 2026 03:12:33 INFO  epoch 51 evaluating [time: 1.03s, valid_score: 0.055000]
Mon 19 Jan 2026 03:12:33 INFO  valid result: 
recall@3 : 0.0326    recall@5 : 0.0408    recall@10 : 0.055    recall@20 : 0.0751    ndcg@3 : 0.0266    ndcg@5 : 0.0299    ndcg@10 : 0.0345    ndcg@20 : 0.0396    
Mon 19 Jan 2026 03:12:45 INFO  epoch 52 training [time: 11.93s, train loss: 963.8772]
Mon 19 Jan 2026 03:12:58 INFO  epoch 53 training [time: 13.60s, train loss: 953.3550]
Mon 19 Jan 2026 03:13:00 INFO  epoch 53 evaluating [time: 1.05s, valid_score: 0.054700]
Mon 19 Jan 2026 03:13:00 INFO  valid result: 
recall@3 : 0.0319    recall@5 : 0.0406    recall@10 : 0.0547    recall@20 : 0.0745    ndcg@3 : 0.0259    ndcg@5 : 0.0295    ndcg@10 : 0.034    ndcg@20 : 0.0389    
Mon 19 Jan 2026 03:13:11 INFO  epoch 54 training [time: 11.91s, train loss: 943.0359]
Mon 19 Jan 2026 03:13:25 INFO  epoch 55 training [time: 13.59s, train loss: 931.8066]
Mon 19 Jan 2026 03:13:26 INFO  epoch 55 evaluating [time: 1.06s, valid_score: 0.053900]
Mon 19 Jan 2026 03:13:26 INFO  valid result: 
recall@3 : 0.0313    recall@5 : 0.0403    recall@10 : 0.0539    recall@20 : 0.0735    ndcg@3 : 0.0256    ndcg@5 : 0.0293    ndcg@10 : 0.0336    ndcg@20 : 0.0385    
Mon 19 Jan 2026 03:13:26 INFO  Finished training, best eval result in epoch 33
Mon 19 Jan 2026 03:13:26 INFO  Loading model structure and parameters from saved/NOVA-Jan-19-2026_03-00-54.pth
Mon 19 Jan 2026 03:13:27 INFO  best valid : {'recall@3': np.float64(0.0334), 'recall@5': np.float64(0.0428), 'recall@10': np.float64(0.0592), 'recall@20': np.float64(0.0842), 'ndcg@3': np.float64(0.027), 'ndcg@5': np.float64(0.0309), 'ndcg@10': np.float64(0.0361), 'ndcg@20': np.float64(0.0424)}
Mon 19 Jan 2026 03:13:27 INFO  test result: {'recall@3': np.float64(0.0242), 'recall@5': np.float64(0.0322), 'recall@10': np.float64(0.0463), 'recall@20': np.float64(0.0666), 'ndcg@3': np.float64(0.0195), 'ndcg@5': np.float64(0.0228), 'ndcg@10': np.float64(0.0273), 'ndcg@20': np.float64(0.0324)}
