Sun 25 Jan 2026 17:07:41 INFO  
General Hyper Parameters:
gpu_id = 0
use_gpu = True
seed = 212
state = INFO
reproducibility = True
data_path = ./recbole/data/dataset/Amazon_Sports_and_Outdoors
show_progress = True
save_dataset = False
save_dataloaders = False
benchmark_filename = None

Training Hyper Parameters:
checkpoint_dir = saved
epochs = 200
train_batch_size = 1024
learner = adam
learning_rate = 0.0001
eval_step = 2
stopping_step = 10
clip_grad_norm = None
weight_decay = 0.0
loss_decimal_place = 4

Evaluation Hyper Parameters:
eval_args = {'split': {'LS': 'valid_and_test'}, 'group_by': 'user', 'order': 'TO', 'mode': 'full'}
metrics = ['Recall', 'NDCG']
topk = [3, 5, 10, 20]
valid_metric = Recall@10
valid_metric_bigger = True
eval_batch_size = 256
metric_decimal_place = 4

Dataset Hyper Parameters:
field_separator = 	
seq_separator =  
USER_ID_FIELD = user_id
ITEM_ID_FIELD = item_id
RATING_FIELD = rating
TIME_FIELD = timestamp
seq_len = None
LABEL_FIELD = label
threshold = None
NEG_PREFIX = neg_
load_col = {'inter': ['user_id', 'item_id', 'rating', 'timestamp'], 'item': ['item_id', 'title', 'sales_rank', 'price', 'brand', 'categories', 'sales_type'], 'title': ['ent_id', 'ent_emb']}
unload_col = None
unused_col = None
additional_feat_suffix = ['title']
rm_dup_inter = None
val_interval = None
filter_inter_by_user_or_item = True
user_inter_num_interval = [5,inf)
item_inter_num_interval = [5,inf)
alias_of_user_id = None
alias_of_item_id = ['ent_id']
alias_of_entity_id = None
alias_of_relation_id = None
preload_weight = {'ent_id': 'ent_emb'}
normalize_field = None
normalize_all = None
ITEM_LIST_LENGTH_FIELD = item_length
LIST_SUFFIX = _list
MAX_ITEM_LIST_LENGTH = 50
POSITION_FIELD = position_id
HEAD_ENTITY_ID_FIELD = head_id
TAIL_ENTITY_ID_FIELD = tail_id
RELATION_ID_FIELD = relation_id
ENTITY_ID_FIELD = entity_id

Other Hyper Parameters: 
neg_sampling = None
multi_gpus = False
repeatable = True
n_layers = 3
n_heads = 8
hidden_size = 256
attribute_hidden_size = [128, 64]
inner_size = 256
hidden_dropout_prob = 0.5
attn_dropout_prob = 0.3
hidden_act = gelu
layer_norm_eps = 1e-12
initializer_range = 0.02
selected_features = ['ent_emb', 'categories']
pooling_mode = sum
loss_type = CE
weight_sharing = not
fusion_type = gate
lamdas = [5, 5]
attribute_predictor = ['cos_sim', 'linear']
MODEL_TYPE = ModelType.SEQUENTIAL
orig_attribute_hidden_size = [128, 64]
feature_type = ['static', 'categorical']
diffusion = {'device': 'cuda', 'dims': [1000], 'emb_size': 20, 'mean_type': 'x0', 'noise_max': 0.02, 'noise_min': 0.0001, 'noise_scale': 0.1, 'noise_schedule': 'linear-var', 'norm': False, 'num_heads': 4, 'reweight': True, 'sampling_noise': False, 'sampling_steps': 0, 'steps': 5, 'structure': 'MLP', 'time_type': 'cat', 'hiddenSize': 128, 'inputSize': 128}
lambda = 0.5
wandb_run_name = titles_categories_obrazek
annealing = False
MODEL_INPUT_TYPE = InputType.POINTWISE
eval_type = EvaluatorType.RANKING
device = cuda
train_neg_sample_args = {'strategy': 'none'}
eval_neg_sample_args = {'strategy': 'full', 'distribution': 'uniform'}


Sun 25 Jan 2026 17:07:41 INFO  Amazon_Sports_and_Outdoors
The number of users: 35599
Average actions of users: 8.324540704533963
The number of items: 18358
Average actions of items: 16.142997221768262
The number of inters: 296337
The sparsity of the dataset: 99.95465569853714%
Remain Fields: ['user_id', 'item_id', 'rating', 'timestamp', 'title', 'price', 'brand', 'categories', 'sales_type', 'sales_rank', 'ent_id', 'ent_emb']
Sun 25 Jan 2026 17:07:44 INFO  [Training]: train_batch_size = [1024] negative sampling: [None]
Sun 25 Jan 2026 17:07:44 INFO  [Evaluation]: eval_batch_size = [256] eval_args: [{'split': {'LS': 'valid_and_test'}, 'group_by': 'user', 'order': 'TO', 'mode': 'full'}]
Sun 25 Jan 2026 17:07:46 INFO  SASRecD(
  (item_embedding): Embedding(18358, 256, padding_idx=0)
  (position_embedding): Embedding(50, 256)
  (feature_embed_layer_list): ModuleList(
    (0): Embedding(18358, 128)
    (1): FeatureSeqEmbLayer()
  )
  (trm_encoder): DIFTransformerEncoder(
    (layer): ModuleList(
      (0-2): 3 x DIFTransformerLayer(
        (multi_head_attention): DIFMultiHeadAttention(
          (query): Linear(in_features=256, out_features=256, bias=True)
          (key): Linear(in_features=256, out_features=256, bias=True)
          (value): Linear(in_features=256, out_features=256, bias=True)
          (query_p): Linear(in_features=256, out_features=256, bias=True)
          (key_p): Linear(in_features=256, out_features=256, bias=True)
          (query_layers): ModuleList(
            (0): Linear(in_features=128, out_features=128, bias=True)
            (1): Linear(in_features=64, out_features=64, bias=True)
          )
          (key_layers): ModuleList(
            (0): Linear(in_features=128, out_features=128, bias=True)
            (1): Linear(in_features=64, out_features=64, bias=True)
          )
          (fusion_layer): VanillaAttention(
            (projection): Sequential(
              (0): Linear(in_features=50, out_features=50, bias=True)
              (1): ReLU(inplace=True)
              (2): Linear(in_features=50, out_features=1, bias=True)
            )
          )
          (attn_dropout): Dropout(p=0.3, inplace=False)
          (dense): Linear(in_features=256, out_features=256, bias=True)
          (LayerNorm): LayerNorm((256,), eps=1e-12, elementwise_affine=True)
          (out_dropout): Dropout(p=0.5, inplace=False)
        )
        (feed_forward): FeedForward(
          (dense_1): Linear(in_features=256, out_features=256, bias=True)
          (dense_2): Linear(in_features=256, out_features=256, bias=True)
          (LayerNorm): LayerNorm((256,), eps=1e-12, elementwise_affine=True)
          (dropout): Dropout(p=0.5, inplace=False)
        )
      )
    )
  )
  (ap): ModuleList(
    (0): Linear(in_features=256, out_features=128, bias=True)
    (1): Linear(in_features=256, out_features=1876, bias=True)
  )
  (LayerNorm): LayerNorm((256,), eps=1e-12, elementwise_affine=True)
  (dropout): Dropout(p=0.5, inplace=False)
  (loss_fct): CrossEntropyLoss()
  (attribute_loss_fct): BCEWithLogitsLoss()
)
Trainable parameters: 6941903
Sun 25 Jan 2026 17:08:24 INFO  epoch 0 training [time: 36.61s, train loss: 2057.0565]
Sun 25 Jan 2026 17:09:00 INFO  epoch 1 training [time: 35.74s, train loss: 1827.6779]
Sun 25 Jan 2026 17:09:03 INFO  epoch 1 evaluating [time: 2.55s, valid_score: 0.012600]
Sun 25 Jan 2026 17:09:03 INFO  valid result: 
recall@3 : 0.006    recall@5 : 0.0082    recall@10 : 0.0126    recall@20 : 0.0238    ndcg@3 : 0.0044    ndcg@5 : 0.0053    ndcg@10 : 0.0067    ndcg@20 : 0.0095    
Sun 25 Jan 2026 17:09:04 INFO  Saving current best: saved/SASRecD-Jan-25-2026_17-07-46.pth
Sun 25 Jan 2026 17:09:40 INFO  epoch 2 training [time: 36.15s, train loss: 1812.6606]
Sun 25 Jan 2026 17:10:16 INFO  epoch 3 training [time: 35.43s, train loss: 1806.1653]
Sun 25 Jan 2026 17:10:18 INFO  epoch 3 evaluating [time: 2.53s, valid_score: 0.012400]
Sun 25 Jan 2026 17:10:18 INFO  valid result: 
recall@3 : 0.0059    recall@5 : 0.0079    recall@10 : 0.0124    recall@20 : 0.0227    ndcg@3 : 0.0043    ndcg@5 : 0.0052    ndcg@10 : 0.0066    ndcg@20 : 0.0092    
Sun 25 Jan 2026 17:10:54 INFO  epoch 4 training [time: 35.63s, train loss: 1799.0835]
Sun 25 Jan 2026 17:11:30 INFO  epoch 5 training [time: 36.08s, train loss: 1789.8433]
Sun 25 Jan 2026 17:11:32 INFO  epoch 5 evaluating [time: 2.42s, valid_score: 0.013000]
Sun 25 Jan 2026 17:11:32 INFO  valid result: 
recall@3 : 0.0056    recall@5 : 0.0081    recall@10 : 0.013    recall@20 : 0.0236    ndcg@3 : 0.0041    ndcg@5 : 0.0051    ndcg@10 : 0.0066    ndcg@20 : 0.0093    
Sun 25 Jan 2026 17:11:33 INFO  Saving current best: saved/SASRecD-Jan-25-2026_17-07-46.pth
Sun 25 Jan 2026 17:12:09 INFO  epoch 6 training [time: 36.04s, train loss: 1772.4301]
Sun 25 Jan 2026 17:12:46 INFO  epoch 7 training [time: 36.55s, train loss: 1742.6128]
Sun 25 Jan 2026 17:12:48 INFO  epoch 7 evaluating [time: 2.48s, valid_score: 0.020100]
Sun 25 Jan 2026 17:12:48 INFO  valid result: 
recall@3 : 0.0079    recall@5 : 0.0119    recall@10 : 0.0201    recall@20 : 0.0349    ndcg@3 : 0.0056    ndcg@5 : 0.0073    ndcg@10 : 0.0099    ndcg@20 : 0.0136    
Sun 25 Jan 2026 17:12:50 INFO  Saving current best: saved/SASRecD-Jan-25-2026_17-07-46.pth
Sun 25 Jan 2026 17:13:26 INFO  epoch 8 training [time: 36.26s, train loss: 1715.6309]
Sun 25 Jan 2026 17:14:02 INFO  epoch 9 training [time: 36.23s, train loss: 1692.2641]
Sun 25 Jan 2026 17:14:04 INFO  epoch 9 evaluating [time: 2.43s, valid_score: 0.025600]
Sun 25 Jan 2026 17:14:04 INFO  valid result: 
recall@3 : 0.0098    recall@5 : 0.0149    recall@10 : 0.0256    recall@20 : 0.0433    ndcg@3 : 0.0067    ndcg@5 : 0.0088    ndcg@10 : 0.0122    ndcg@20 : 0.0167    
Sun 25 Jan 2026 17:14:06 INFO  Saving current best: saved/SASRecD-Jan-25-2026_17-07-46.pth
Sun 25 Jan 2026 17:14:41 INFO  epoch 10 training [time: 35.62s, train loss: 1669.5891]
Sun 25 Jan 2026 17:15:17 INFO  epoch 11 training [time: 35.53s, train loss: 1646.8149]
Sun 25 Jan 2026 17:15:19 INFO  epoch 11 evaluating [time: 2.38s, valid_score: 0.032600]
Sun 25 Jan 2026 17:15:19 INFO  valid result: 
recall@3 : 0.0123    recall@5 : 0.0193    recall@10 : 0.0326    recall@20 : 0.0547    ndcg@3 : 0.0082    ndcg@5 : 0.011    ndcg@10 : 0.0153    ndcg@20 : 0.0208    
Sun 25 Jan 2026 17:15:20 INFO  Saving current best: saved/SASRecD-Jan-25-2026_17-07-46.pth
Sun 25 Jan 2026 17:15:56 INFO  epoch 12 training [time: 36.08s, train loss: 1624.7575]
Sun 25 Jan 2026 17:16:32 INFO  epoch 13 training [time: 35.35s, train loss: 1603.6561]
Sun 25 Jan 2026 17:16:34 INFO  epoch 13 evaluating [time: 2.46s, valid_score: 0.039900]
Sun 25 Jan 2026 17:16:34 INFO  valid result: 
recall@3 : 0.0164    recall@5 : 0.0246    recall@10 : 0.0399    recall@20 : 0.062    ndcg@3 : 0.0106    ndcg@5 : 0.0139    ndcg@10 : 0.0188    ndcg@20 : 0.0244    
Sun 25 Jan 2026 17:16:35 INFO  Saving current best: saved/SASRecD-Jan-25-2026_17-07-46.pth
Sun 25 Jan 2026 17:17:11 INFO  epoch 14 training [time: 35.29s, train loss: 1583.8922]
Sun 25 Jan 2026 17:17:46 INFO  epoch 15 training [time: 35.28s, train loss: 1564.8183]
Sun 25 Jan 2026 17:17:48 INFO  epoch 15 evaluating [time: 2.44s, valid_score: 0.046000]
Sun 25 Jan 2026 17:17:48 INFO  valid result: 
recall@3 : 0.019    recall@5 : 0.0291    recall@10 : 0.046    recall@20 : 0.0691    ndcg@3 : 0.0122    ndcg@5 : 0.0163    ndcg@10 : 0.0218    ndcg@20 : 0.0276    
Sun 25 Jan 2026 17:17:49 INFO  Saving current best: saved/SASRecD-Jan-25-2026_17-07-46.pth
Sun 25 Jan 2026 17:18:25 INFO  epoch 16 training [time: 35.39s, train loss: 1546.4332]
Sun 25 Jan 2026 17:19:00 INFO  epoch 17 training [time: 35.28s, train loss: 1529.0020]
Sun 25 Jan 2026 17:19:02 INFO  epoch 17 evaluating [time: 2.45s, valid_score: 0.050300]
Sun 25 Jan 2026 17:19:02 INFO  valid result: 
recall@3 : 0.0213    recall@5 : 0.0321    recall@10 : 0.0503    recall@20 : 0.0747    ndcg@3 : 0.0133    ndcg@5 : 0.0177    ndcg@10 : 0.0236    ndcg@20 : 0.0297    
Sun 25 Jan 2026 17:19:03 INFO  Saving current best: saved/SASRecD-Jan-25-2026_17-07-46.pth
Sun 25 Jan 2026 17:19:39 INFO  epoch 18 training [time: 35.30s, train loss: 1512.1227]
Sun 25 Jan 2026 17:20:14 INFO  epoch 19 training [time: 35.13s, train loss: 1495.7464]
Sun 25 Jan 2026 17:20:16 INFO  epoch 19 evaluating [time: 2.39s, valid_score: 0.053700]
Sun 25 Jan 2026 17:20:16 INFO  valid result: 
recall@3 : 0.0224    recall@5 : 0.0345    recall@10 : 0.0537    recall@20 : 0.0801    ndcg@3 : 0.0139    ndcg@5 : 0.0188    ndcg@10 : 0.025    ndcg@20 : 0.0317    
Sun 25 Jan 2026 17:20:18 INFO  Saving current best: saved/SASRecD-Jan-25-2026_17-07-46.pth
Sun 25 Jan 2026 17:20:53 INFO  epoch 20 training [time: 35.59s, train loss: 1480.3879]
Sun 25 Jan 2026 17:21:30 INFO  epoch 21 training [time: 36.75s, train loss: 1465.0694]
Sun 25 Jan 2026 17:21:32 INFO  epoch 21 evaluating [time: 2.36s, valid_score: 0.056700]
Sun 25 Jan 2026 17:21:32 INFO  valid result: 
recall@3 : 0.0238    recall@5 : 0.0364    recall@10 : 0.0567    recall@20 : 0.0837    ndcg@3 : 0.0147    ndcg@5 : 0.0199    ndcg@10 : 0.0264    ndcg@20 : 0.0332    
Sun 25 Jan 2026 17:21:34 INFO  Saving current best: saved/SASRecD-Jan-25-2026_17-07-46.pth
Sun 25 Jan 2026 17:22:10 INFO  epoch 22 training [time: 36.10s, train loss: 1451.0677]
Sun 25 Jan 2026 17:22:45 INFO  epoch 23 training [time: 35.36s, train loss: 1437.0650]
Sun 25 Jan 2026 17:22:47 INFO  epoch 23 evaluating [time: 2.22s, valid_score: 0.058800]
Sun 25 Jan 2026 17:22:47 INFO  valid result: 
recall@3 : 0.0257    recall@5 : 0.0386    recall@10 : 0.0588    recall@20 : 0.0862    ndcg@3 : 0.0156    ndcg@5 : 0.0209    ndcg@10 : 0.0274    ndcg@20 : 0.0343    
Sun 25 Jan 2026 17:22:49 INFO  Saving current best: saved/SASRecD-Jan-25-2026_17-07-46.pth
Sun 25 Jan 2026 17:23:24 INFO  epoch 24 training [time: 35.46s, train loss: 1423.7221]
Sun 25 Jan 2026 17:24:00 INFO  epoch 25 training [time: 35.98s, train loss: 1410.8160]
Sun 25 Jan 2026 17:24:02 INFO  epoch 25 evaluating [time: 2.25s, valid_score: 0.060800]
Sun 25 Jan 2026 17:24:02 INFO  valid result: 
recall@3 : 0.0267    recall@5 : 0.0392    recall@10 : 0.0608    recall@20 : 0.0879    ndcg@3 : 0.0162    ndcg@5 : 0.0213    ndcg@10 : 0.0282    ndcg@20 : 0.0351    
Sun 25 Jan 2026 17:24:03 INFO  Saving current best: saved/SASRecD-Jan-25-2026_17-07-46.pth
Sun 25 Jan 2026 17:25:31 INFO  epoch 26 training [time: 87.90s, train loss: 1398.1323]
Sun 25 Jan 2026 17:26:06 INFO  epoch 27 training [time: 35.03s, train loss: 1385.6589]
Sun 25 Jan 2026 17:26:09 INFO  epoch 27 evaluating [time: 2.29s, valid_score: 0.062100]
Sun 25 Jan 2026 17:26:09 INFO  valid result: 
recall@3 : 0.0269    recall@5 : 0.0398    recall@10 : 0.0621    recall@20 : 0.0892    ndcg@3 : 0.0162    ndcg@5 : 0.0215    ndcg@10 : 0.0287    ndcg@20 : 0.0355    
Sun 25 Jan 2026 17:26:10 INFO  Saving current best: saved/SASRecD-Jan-25-2026_17-07-46.pth
Sun 25 Jan 2026 17:26:45 INFO  epoch 28 training [time: 34.94s, train loss: 1374.5572]
Sun 25 Jan 2026 17:27:20 INFO  epoch 29 training [time: 35.05s, train loss: 1362.9096]
Sun 25 Jan 2026 17:27:22 INFO  epoch 29 evaluating [time: 2.38s, valid_score: 0.063300]
Sun 25 Jan 2026 17:27:22 INFO  valid result: 
recall@3 : 0.0272    recall@5 : 0.0402    recall@10 : 0.0633    recall@20 : 0.0911    ndcg@3 : 0.0164    ndcg@5 : 0.0217    ndcg@10 : 0.0291    ndcg@20 : 0.0361    
Sun 25 Jan 2026 17:27:23 INFO  Saving current best: saved/SASRecD-Jan-25-2026_17-07-46.pth
Sun 25 Jan 2026 17:27:58 INFO  epoch 30 training [time: 34.93s, train loss: 1351.3364]
Sun 25 Jan 2026 17:28:33 INFO  epoch 31 training [time: 34.93s, train loss: 1340.7538]
Sun 25 Jan 2026 17:28:35 INFO  epoch 31 evaluating [time: 2.31s, valid_score: 0.064100]
Sun 25 Jan 2026 17:28:35 INFO  valid result: 
recall@3 : 0.0274    recall@5 : 0.0407    recall@10 : 0.0641    recall@20 : 0.0929    ndcg@3 : 0.0164    ndcg@5 : 0.0219    ndcg@10 : 0.0295    ndcg@20 : 0.0367    
Sun 25 Jan 2026 17:28:36 INFO  Saving current best: saved/SASRecD-Jan-25-2026_17-07-46.pth
Sun 25 Jan 2026 17:29:11 INFO  epoch 32 training [time: 34.96s, train loss: 1329.2857]
Sun 25 Jan 2026 17:29:46 INFO  epoch 33 training [time: 35.00s, train loss: 1318.7437]
Sun 25 Jan 2026 17:29:49 INFO  epoch 33 evaluating [time: 2.35s, valid_score: 0.064000]
Sun 25 Jan 2026 17:29:49 INFO  valid result: 
recall@3 : 0.028    recall@5 : 0.0414    recall@10 : 0.064    recall@20 : 0.0934    ndcg@3 : 0.0168    ndcg@5 : 0.0223    ndcg@10 : 0.0296    ndcg@20 : 0.037    
Sun 25 Jan 2026 17:30:23 INFO  epoch 34 training [time: 34.88s, train loss: 1308.5307]
Sun 25 Jan 2026 17:30:58 INFO  epoch 35 training [time: 35.01s, train loss: 1298.0235]
Sun 25 Jan 2026 17:31:01 INFO  epoch 35 evaluating [time: 2.33s, valid_score: 0.065500]
Sun 25 Jan 2026 17:31:01 INFO  valid result: 
recall@3 : 0.0281    recall@5 : 0.0417    recall@10 : 0.0655    recall@20 : 0.0948    ndcg@3 : 0.017    ndcg@5 : 0.0225    ndcg@10 : 0.0302    ndcg@20 : 0.0376    
Sun 25 Jan 2026 17:31:02 INFO  Saving current best: saved/SASRecD-Jan-25-2026_17-07-46.pth
Sun 25 Jan 2026 17:31:37 INFO  epoch 36 training [time: 35.08s, train loss: 1287.7413]
Sun 25 Jan 2026 17:32:12 INFO  epoch 37 training [time: 34.93s, train loss: 1277.9700]
Sun 25 Jan 2026 17:32:14 INFO  epoch 37 evaluating [time: 2.24s, valid_score: 0.065500]
Sun 25 Jan 2026 17:32:14 INFO  valid result: 
recall@3 : 0.0283    recall@5 : 0.0427    recall@10 : 0.0655    recall@20 : 0.0955    ndcg@3 : 0.0171    ndcg@5 : 0.0229    ndcg@10 : 0.0303    ndcg@20 : 0.0378    
Sun 25 Jan 2026 17:32:49 INFO  epoch 38 training [time: 34.85s, train loss: 1267.5260]
Sun 25 Jan 2026 17:33:24 INFO  epoch 39 training [time: 35.05s, train loss: 1257.2937]
Sun 25 Jan 2026 17:33:26 INFO  epoch 39 evaluating [time: 2.30s, valid_score: 0.065400]
Sun 25 Jan 2026 17:33:26 INFO  valid result: 
recall@3 : 0.0284    recall@5 : 0.0423    recall@10 : 0.0654    recall@20 : 0.0953    ndcg@3 : 0.0172    ndcg@5 : 0.0228    ndcg@10 : 0.0303    ndcg@20 : 0.0379    
Sun 25 Jan 2026 17:34:01 INFO  epoch 40 training [time: 35.04s, train loss: 1247.5720]
Sun 25 Jan 2026 17:34:37 INFO  epoch 41 training [time: 35.15s, train loss: 1237.3842]
Sun 25 Jan 2026 17:34:39 INFO  epoch 41 evaluating [time: 2.35s, valid_score: 0.066200]
Sun 25 Jan 2026 17:34:39 INFO  valid result: 
recall@3 : 0.0287    recall@5 : 0.0426    recall@10 : 0.0662    recall@20 : 0.0966    ndcg@3 : 0.0172    ndcg@5 : 0.023    ndcg@10 : 0.0306    ndcg@20 : 0.0382    
Sun 25 Jan 2026 17:34:40 INFO  Saving current best: saved/SASRecD-Jan-25-2026_17-07-46.pth
Sun 25 Jan 2026 17:35:15 INFO  epoch 42 training [time: 34.90s, train loss: 1227.5690]
Sun 25 Jan 2026 17:35:50 INFO  epoch 43 training [time: 34.94s, train loss: 1217.6731]
Sun 25 Jan 2026 17:35:52 INFO  epoch 43 evaluating [time: 2.31s, valid_score: 0.066500]
Sun 25 Jan 2026 17:35:52 INFO  valid result: 
recall@3 : 0.0289    recall@5 : 0.0428    recall@10 : 0.0665    recall@20 : 0.0967    ndcg@3 : 0.0174    ndcg@5 : 0.0231    ndcg@10 : 0.0307    ndcg@20 : 0.0383    
Sun 25 Jan 2026 17:35:53 INFO  Saving current best: saved/SASRecD-Jan-25-2026_17-07-46.pth
Sun 25 Jan 2026 17:36:28 INFO  epoch 44 training [time: 35.06s, train loss: 1207.7155]
Sun 25 Jan 2026 17:37:03 INFO  epoch 45 training [time: 34.95s, train loss: 1198.4381]
Sun 25 Jan 2026 17:37:05 INFO  epoch 45 evaluating [time: 2.35s, valid_score: 0.067000]
Sun 25 Jan 2026 17:37:05 INFO  valid result: 
recall@3 : 0.0288    recall@5 : 0.043    recall@10 : 0.067    recall@20 : 0.0973    ndcg@3 : 0.0175    ndcg@5 : 0.0233    ndcg@10 : 0.0311    ndcg@20 : 0.0387    
Sun 25 Jan 2026 17:37:06 INFO  Saving current best: saved/SASRecD-Jan-25-2026_17-07-46.pth
Sun 25 Jan 2026 17:37:41 INFO  epoch 46 training [time: 34.91s, train loss: 1187.9251]
Sun 25 Jan 2026 17:38:16 INFO  epoch 47 training [time: 34.80s, train loss: 1177.9636]
Sun 25 Jan 2026 17:38:18 INFO  epoch 47 evaluating [time: 2.34s, valid_score: 0.066900]
Sun 25 Jan 2026 17:38:18 INFO  valid result: 
recall@3 : 0.029    recall@5 : 0.0432    recall@10 : 0.0669    recall@20 : 0.0973    ndcg@3 : 0.0175    ndcg@5 : 0.0233    ndcg@10 : 0.0309    ndcg@20 : 0.0386    
Sun 25 Jan 2026 17:38:54 INFO  epoch 48 training [time: 35.02s, train loss: 1168.1342]
Sun 25 Jan 2026 17:39:28 INFO  epoch 49 training [time: 34.95s, train loss: 1158.2153]
Sun 25 Jan 2026 17:39:31 INFO  epoch 49 evaluating [time: 2.37s, valid_score: 0.066400]
Sun 25 Jan 2026 17:39:31 INFO  valid result: 
recall@3 : 0.0292    recall@5 : 0.0431    recall@10 : 0.0664    recall@20 : 0.0978    ndcg@3 : 0.0176    ndcg@5 : 0.0233    ndcg@10 : 0.0308    ndcg@20 : 0.0387    
Sun 25 Jan 2026 17:40:06 INFO  epoch 50 training [time: 34.92s, train loss: 1148.4628]
Sun 25 Jan 2026 17:40:41 INFO  epoch 51 training [time: 34.89s, train loss: 1138.5837]
Sun 25 Jan 2026 17:40:43 INFO  epoch 51 evaluating [time: 2.33s, valid_score: 0.066700]
Sun 25 Jan 2026 17:40:43 INFO  valid result: 
recall@3 : 0.029    recall@5 : 0.0435    recall@10 : 0.0667    recall@20 : 0.0976    ndcg@3 : 0.0175    ndcg@5 : 0.0235    ndcg@10 : 0.031    ndcg@20 : 0.0387    
Sun 25 Jan 2026 17:41:18 INFO  epoch 52 training [time: 35.00s, train loss: 1127.7551]
Sun 25 Jan 2026 17:41:53 INFO  epoch 53 training [time: 34.95s, train loss: 1118.1064]
Sun 25 Jan 2026 17:41:55 INFO  epoch 53 evaluating [time: 2.36s, valid_score: 0.067600]
Sun 25 Jan 2026 17:41:55 INFO  valid result: 
recall@3 : 0.0296    recall@5 : 0.0441    recall@10 : 0.0676    recall@20 : 0.0974    ndcg@3 : 0.0178    ndcg@5 : 0.0237    ndcg@10 : 0.0313    ndcg@20 : 0.0387    
Sun 25 Jan 2026 17:41:56 INFO  Saving current best: saved/SASRecD-Jan-25-2026_17-07-46.pth
Sun 25 Jan 2026 17:42:31 INFO  epoch 54 training [time: 34.87s, train loss: 1107.8123]
Sun 25 Jan 2026 17:43:06 INFO  epoch 55 training [time: 34.84s, train loss: 1097.1197]
Sun 25 Jan 2026 17:43:08 INFO  epoch 55 evaluating [time: 2.31s, valid_score: 0.067900]
Sun 25 Jan 2026 17:43:08 INFO  valid result: 
recall@3 : 0.0293    recall@5 : 0.0435    recall@10 : 0.0679    recall@20 : 0.0982    ndcg@3 : 0.0179    ndcg@5 : 0.0237    ndcg@10 : 0.0316    ndcg@20 : 0.0392    
Sun 25 Jan 2026 17:43:09 INFO  Saving current best: saved/SASRecD-Jan-25-2026_17-07-46.pth
Sun 25 Jan 2026 17:43:44 INFO  epoch 56 training [time: 34.96s, train loss: 1086.4560]
Sun 25 Jan 2026 17:44:19 INFO  epoch 57 training [time: 34.99s, train loss: 1076.3504]
Sun 25 Jan 2026 17:44:22 INFO  epoch 57 evaluating [time: 2.31s, valid_score: 0.067300]
Sun 25 Jan 2026 17:44:22 INFO  valid result: 
recall@3 : 0.0294    recall@5 : 0.0436    recall@10 : 0.0673    recall@20 : 0.0981    ndcg@3 : 0.0178    ndcg@5 : 0.0237    ndcg@10 : 0.0313    ndcg@20 : 0.0391    
Sun 25 Jan 2026 17:44:56 INFO  epoch 58 training [time: 34.99s, train loss: 1065.6600]
Sun 25 Jan 2026 17:45:31 INFO  epoch 59 training [time: 34.87s, train loss: 1054.2807]
Sun 25 Jan 2026 17:45:34 INFO  epoch 59 evaluating [time: 2.42s, valid_score: 0.067200]
Sun 25 Jan 2026 17:45:34 INFO  valid result: 
recall@3 : 0.0292    recall@5 : 0.0437    recall@10 : 0.0672    recall@20 : 0.0973    ndcg@3 : 0.0178    ndcg@5 : 0.0237    ndcg@10 : 0.0312    ndcg@20 : 0.0388    
Sun 25 Jan 2026 17:46:09 INFO  epoch 60 training [time: 34.97s, train loss: 1044.4469]
Sun 25 Jan 2026 17:46:44 INFO  epoch 61 training [time: 35.03s, train loss: 1033.1489]
Sun 25 Jan 2026 17:46:46 INFO  epoch 61 evaluating [time: 2.24s, valid_score: 0.066700]
Sun 25 Jan 2026 17:46:46 INFO  valid result: 
recall@3 : 0.029    recall@5 : 0.0432    recall@10 : 0.0667    recall@20 : 0.0976    ndcg@3 : 0.0176    ndcg@5 : 0.0235    ndcg@10 : 0.031    ndcg@20 : 0.0387    
Sun 25 Jan 2026 17:47:21 INFO  epoch 62 training [time: 34.88s, train loss: 1022.0891]
Sun 25 Jan 2026 17:47:56 INFO  epoch 63 training [time: 34.91s, train loss: 1011.1897]
Sun 25 Jan 2026 17:47:58 INFO  epoch 63 evaluating [time: 2.28s, valid_score: 0.067200]
Sun 25 Jan 2026 17:47:58 INFO  valid result: 
recall@3 : 0.0293    recall@5 : 0.0441    recall@10 : 0.0672    recall@20 : 0.0979    ndcg@3 : 0.018    ndcg@5 : 0.024    ndcg@10 : 0.0314    ndcg@20 : 0.0391    
Sun 25 Jan 2026 17:48:33 INFO  epoch 64 training [time: 34.85s, train loss: 1000.3326]
Sun 25 Jan 2026 17:49:08 INFO  epoch 65 training [time: 34.91s, train loss: 988.9478]
Sun 25 Jan 2026 17:49:10 INFO  epoch 65 evaluating [time: 2.33s, valid_score: 0.067100]
Sun 25 Jan 2026 17:49:10 INFO  valid result: 
recall@3 : 0.0295    recall@5 : 0.0435    recall@10 : 0.0671    recall@20 : 0.0978    ndcg@3 : 0.0182    ndcg@5 : 0.0239    ndcg@10 : 0.0315    ndcg@20 : 0.0392    
Sun 25 Jan 2026 17:49:45 INFO  epoch 66 training [time: 34.88s, train loss: 978.1436]
Sun 25 Jan 2026 17:50:20 INFO  epoch 67 training [time: 34.91s, train loss: 967.4375]
Sun 25 Jan 2026 17:50:22 INFO  epoch 67 evaluating [time: 2.38s, valid_score: 0.066300]
Sun 25 Jan 2026 17:50:22 INFO  valid result: 
recall@3 : 0.0283    recall@5 : 0.0436    recall@10 : 0.0663    recall@20 : 0.0972    ndcg@3 : 0.0176    ndcg@5 : 0.0238    ndcg@10 : 0.0311    ndcg@20 : 0.0389    
Sun 25 Jan 2026 17:50:58 INFO  epoch 68 training [time: 35.16s, train loss: 954.4941]
Sun 25 Jan 2026 17:51:33 INFO  epoch 69 training [time: 35.07s, train loss: 943.7438]
Sun 25 Jan 2026 17:51:35 INFO  epoch 69 evaluating [time: 2.22s, valid_score: 0.067000]
Sun 25 Jan 2026 17:51:35 INFO  valid result: 
recall@3 : 0.0287    recall@5 : 0.044    recall@10 : 0.067    recall@20 : 0.0982    ndcg@3 : 0.0178    ndcg@5 : 0.0241    ndcg@10 : 0.0315    ndcg@20 : 0.0393    
Sun 25 Jan 2026 17:52:10 INFO  epoch 70 training [time: 34.89s, train loss: 931.6071]
Sun 25 Jan 2026 17:52:45 INFO  epoch 71 training [time: 34.95s, train loss: 920.5624]
Sun 25 Jan 2026 17:52:47 INFO  epoch 71 evaluating [time: 2.30s, valid_score: 0.066400]
Sun 25 Jan 2026 17:52:47 INFO  valid result: 
recall@3 : 0.0287    recall@5 : 0.0434    recall@10 : 0.0664    recall@20 : 0.0974    ndcg@3 : 0.0179    ndcg@5 : 0.0239    ndcg@10 : 0.0313    ndcg@20 : 0.0391    
Sun 25 Jan 2026 17:53:22 INFO  epoch 72 training [time: 35.04s, train loss: 908.3073]
Sun 25 Jan 2026 17:53:57 INFO  epoch 73 training [time: 35.04s, train loss: 896.3109]
Sun 25 Jan 2026 17:53:59 INFO  epoch 73 evaluating [time: 2.32s, valid_score: 0.067100]
Sun 25 Jan 2026 17:53:59 INFO  valid result: 
recall@3 : 0.0285    recall@5 : 0.0427    recall@10 : 0.0671    recall@20 : 0.0968    ndcg@3 : 0.0174    ndcg@5 : 0.0233    ndcg@10 : 0.0312    ndcg@20 : 0.0386    
Sun 25 Jan 2026 17:54:34 INFO  epoch 74 training [time: 34.87s, train loss: 884.2272]
Sun 25 Jan 2026 17:55:09 INFO  epoch 75 training [time: 34.98s, train loss: 871.8270]
Sun 25 Jan 2026 17:55:12 INFO  epoch 75 evaluating [time: 2.31s, valid_score: 0.066900]
Sun 25 Jan 2026 17:55:12 INFO  valid result: 
recall@3 : 0.0284    recall@5 : 0.043    recall@10 : 0.0669    recall@20 : 0.0969    ndcg@3 : 0.0175    ndcg@5 : 0.0235    ndcg@10 : 0.0312    ndcg@20 : 0.0387    
Sun 25 Jan 2026 17:55:47 INFO  epoch 76 training [time: 35.11s, train loss: 859.4120]
Sun 25 Jan 2026 17:56:22 INFO  epoch 77 training [time: 35.03s, train loss: 847.3479]
Sun 25 Jan 2026 17:56:24 INFO  epoch 77 evaluating [time: 2.30s, valid_score: 0.066200]
Sun 25 Jan 2026 17:56:24 INFO  valid result: 
recall@3 : 0.0284    recall@5 : 0.0434    recall@10 : 0.0662    recall@20 : 0.097    ndcg@3 : 0.0175    ndcg@5 : 0.0237    ndcg@10 : 0.031    ndcg@20 : 0.0388    
Sun 25 Jan 2026 17:56:24 INFO  Finished training, best eval result in epoch 55
Sun 25 Jan 2026 17:56:25 INFO  Loading model structure and parameters from saved/SASRecD-Jan-25-2026_17-07-46.pth
Sun 25 Jan 2026 17:56:27 INFO  best valid : {'recall@3': np.float64(0.0293), 'recall@5': np.float64(0.0435), 'recall@10': np.float64(0.0679), 'recall@20': np.float64(0.0982), 'ndcg@3': np.float64(0.0179), 'ndcg@5': np.float64(0.0237), 'ndcg@10': np.float64(0.0316), 'ndcg@20': np.float64(0.0392)}
Sun 25 Jan 2026 17:56:27 INFO  test result: {'recall@3': np.float64(0.0236), 'recall@5': np.float64(0.035), 'recall@10': np.float64(0.0551), 'recall@20': np.float64(0.0795), 'ndcg@3': np.float64(0.0143), 'ndcg@5': np.float64(0.019), 'ndcg@10': np.float64(0.0255), 'ndcg@20': np.float64(0.0316)}
