Fri 05 Dec 2025 21:31:10 INFO  
General Hyper Parameters:
gpu_id = 0
use_gpu = True
seed = 120
state = INFO
reproducibility = False
data_path = ./recbole/data/dataset/Amazon_Sports_and_Outdoors
show_progress = True
save_dataset = False
save_dataloaders = False
benchmark_filename = None

Training Hyper Parameters:
checkpoint_dir = saved
epochs = 200
train_batch_size = 1024
learner = adam
learning_rate = 0.0001
eval_step = 2
stopping_step = 10
clip_grad_norm = None
weight_decay = 0.0
loss_decimal_place = 4

Evaluation Hyper Parameters:
eval_args = {'split': {'LS': 'valid_and_test'}, 'group_by': 'user', 'order': 'TO', 'mode': 'full'}
metrics = ['Recall', 'NDCG']
topk = [3, 5, 10, 20]
valid_metric = Recall@10
valid_metric_bigger = True
eval_batch_size = 256
metric_decimal_place = 4

Dataset Hyper Parameters:
field_separator = 	
seq_separator =  
USER_ID_FIELD = user_id
ITEM_ID_FIELD = item_id
RATING_FIELD = rating
TIME_FIELD = timestamp
seq_len = None
LABEL_FIELD = label
threshold = None
NEG_PREFIX = neg_
load_col = {'inter': ['user_id', 'item_id', 'rating', 'timestamp'], 'item': ['item_id', 'title', 'sales_rank', 'price', 'brand', 'categories', 'sales_type'], 'title_original': ['ent_id', 'ent_emb']}
unload_col = None
unused_col = None
additional_feat_suffix = ['title_original']
rm_dup_inter = None
val_interval = None
filter_inter_by_user_or_item = True
user_inter_num_interval = [5,inf)
item_inter_num_interval = [5,inf)
alias_of_user_id = None
alias_of_item_id = ['ent_id']
alias_of_entity_id = None
alias_of_relation_id = None
preload_weight = {'ent_id': 'ent_emb'}
normalize_field = None
normalize_all = None
ITEM_LIST_LENGTH_FIELD = item_length
LIST_SUFFIX = _list
MAX_ITEM_LIST_LENGTH = 50
POSITION_FIELD = position_id
HEAD_ENTITY_ID_FIELD = head_id
TAIL_ENTITY_ID_FIELD = tail_id
RELATION_ID_FIELD = relation_id
ENTITY_ID_FIELD = entity_id

Other Hyper Parameters: 
neg_sampling = None
multi_gpus = False
repeatable = True
MODEL_TYPE = ModelType.SEQUENTIAL
n_layers = 3
n_heads = 8
hidden_size = 256
orig_attribute_hidden_size = [1024]
attribute_hidden_size = [128, 128]
inner_size = 256
hidden_dropout_prob = 0.5
attn_dropout_prob = 0.3
hidden_act = gelu
layer_norm_eps = 1e-12
initializer_range = 0.02
selected_features = ['ent_emb', 'categories']
feature_type = ['static', 'categorical']
pooling_mode = sum
loss_type = CE
weight_sharing = not
fusion_type = gate
lamdas = [5, 5]
attribute_predictor = ['cos_sim', 'linear']
diffusion = {'device': 'cuda', 'dims': [1000], 'emb_size': 20, 'mean_type': 'x0', 'noise_max': 0.02, 'noise_min': 0.0001, 'noise_scale': 0.1, 'noise_schedule': 'linear-var', 'norm': False, 'num_heads': 4, 'reweight': True, 'sampling_noise': False, 'sampling_steps': 0, 'steps': 5, 'structure': 'MLP', 'time_type': 'cat', 'hiddenSize': 128, 'inputSize': 128}
lambda = 0.5
wandb_run_name = titles_categories(ablation_study)
annealing = False
MODEL_INPUT_TYPE = InputType.POINTWISE
eval_type = EvaluatorType.RANKING
device = cuda
train_neg_sample_args = {'strategy': 'none'}
eval_neg_sample_args = {'strategy': 'full', 'distribution': 'uniform'}


Fri 05 Dec 2025 21:31:14 INFO  Amazon_Sports_and_Outdoors
The number of users: 35599
Average actions of users: 8.324540704533963
The number of items: 18358
Average actions of items: 16.142997221768262
The number of inters: 296337
The sparsity of the dataset: 99.95465569853714%
Remain Fields: ['user_id', 'item_id', 'rating', 'timestamp', 'title', 'price', 'brand', 'categories', 'sales_type', 'sales_rank', 'ent_id', 'ent_emb']
Fri 05 Dec 2025 21:31:17 INFO  [Training]: train_batch_size = [1024] negative sampling: [None]
Fri 05 Dec 2025 21:31:17 INFO  [Evaluation]: eval_batch_size = [256] eval_args: [{'split': {'LS': 'valid_and_test'}, 'group_by': 'user', 'order': 'TO', 'mode': 'full'}]
Fri 05 Dec 2025 21:31:20 INFO  SASRecD_Log_Mlp(
  (item_embedding): Embedding(18358, 256, padding_idx=0)
  (position_embedding): Embedding(50, 256)
  (feature_embed_layer_list): ModuleList(
    (0): Embedding(
      18358, 1024
      (mlp): MLP(
        (net): Sequential(
          (0): Linear(in_features=1024, out_features=512, bias=True)
          (1): ReLU()
          (2): Dropout(p=0.1, inplace=False)
          (3): Linear(in_features=512, out_features=256, bias=True)
          (4): ReLU()
          (5): Dropout(p=0.1, inplace=False)
          (6): Linear(in_features=256, out_features=128, bias=True)
          (7): LayerNorm((128,), eps=1e-05, elementwise_affine=True)
        )
      )
    )
    (1): FeatureSeqEmbLayer()
  )
  (trm_encoder): DIFTransformerEncoder(
    (layer): ModuleList(
      (0-2): 3 x DIFTransformerLayer(
        (multi_head_attention): DIFMultiHeadAttention(
          (query): Linear(in_features=256, out_features=256, bias=True)
          (key): Linear(in_features=256, out_features=256, bias=True)
          (value): Linear(in_features=256, out_features=256, bias=True)
          (query_p): Linear(in_features=256, out_features=256, bias=True)
          (key_p): Linear(in_features=256, out_features=256, bias=True)
          (query_layers): ModuleList(
            (0-1): 2 x Linear(in_features=128, out_features=128, bias=True)
          )
          (key_layers): ModuleList(
            (0-1): 2 x Linear(in_features=128, out_features=128, bias=True)
          )
          (fusion_layer): VanillaAttention(
            (projection): Sequential(
              (0): Linear(in_features=50, out_features=50, bias=True)
              (1): ReLU(inplace=True)
              (2): Linear(in_features=50, out_features=1, bias=True)
            )
          )
          (attn_dropout): Dropout(p=0.3, inplace=False)
          (dense): Linear(in_features=256, out_features=256, bias=True)
          (LayerNorm): LayerNorm((256,), eps=1e-12, elementwise_affine=True)
          (out_dropout): Dropout(p=0.5, inplace=False)
        )
        (feed_forward): FeedForward(
          (dense_1): Linear(in_features=256, out_features=256, bias=True)
          (dense_2): Linear(in_features=256, out_features=256, bias=True)
          (LayerNorm): LayerNorm((256,), eps=1e-12, elementwise_affine=True)
          (dropout): Dropout(p=0.5, inplace=False)
        )
      )
    )
  )
  (ap): ModuleList(
    (0): Linear(in_features=256, out_features=1024, bias=True)
    (1): Linear(in_features=256, out_features=1876, bias=True)
  )
  (LayerNorm): LayerNorm((256,), eps=1e-12, elementwise_affine=True)
  (dropout): Dropout(p=0.5, inplace=False)
  (loss_fct): CrossEntropyLoss()
  (attribute_loss_fct): BCEWithLogitsLoss()
)
Trainable parameters: 7935567
Fri 05 Dec 2025 21:31:59 INFO  epoch 0 training [time: 39.21s, train loss: 2112.8816]
Fri 05 Dec 2025 21:32:39 INFO  epoch 1 training [time: 39.45s, train loss: 1870.4587]
Fri 05 Dec 2025 21:32:41 INFO  epoch 1 evaluating [time: 2.67s, valid_score: 0.013000]
Fri 05 Dec 2025 21:32:41 INFO  valid result: 
recall@3 : 0.006    recall@5 : 0.0081    recall@10 : 0.013    recall@20 : 0.0225    ndcg@3 : 0.0044    ndcg@5 : 0.0053    ndcg@10 : 0.0069    ndcg@20 : 0.0092    
Fri 05 Dec 2025 21:32:44 INFO  Saving current best: saved/SASRecD_Log_Mlp-Dec-05-2025_21-31-20.pth
Fri 05 Dec 2025 21:33:24 INFO  epoch 2 training [time: 39.73s, train loss: 1855.3540]
Fri 05 Dec 2025 21:34:03 INFO  epoch 3 training [time: 39.65s, train loss: 1848.7643]
Fri 05 Dec 2025 21:34:05 INFO  epoch 3 evaluating [time: 1.73s, valid_score: 0.013000]
Fri 05 Dec 2025 21:34:05 INFO  valid result: 
recall@3 : 0.0059    recall@5 : 0.0079    recall@10 : 0.013    recall@20 : 0.023    ndcg@3 : 0.0044    ndcg@5 : 0.0052    ndcg@10 : 0.0069    ndcg@20 : 0.0093    
Fri 05 Dec 2025 21:34:45 INFO  epoch 4 training [time: 39.50s, train loss: 1841.7940]
Fri 05 Dec 2025 21:35:24 INFO  epoch 5 training [time: 39.61s, train loss: 1832.5818]
Fri 05 Dec 2025 21:35:27 INFO  epoch 5 evaluating [time: 2.62s, valid_score: 0.013600]
Fri 05 Dec 2025 21:35:27 INFO  valid result: 
recall@3 : 0.0056    recall@5 : 0.0085    recall@10 : 0.0136    recall@20 : 0.0245    ndcg@3 : 0.0041    ndcg@5 : 0.0052    ndcg@10 : 0.0069    ndcg@20 : 0.0096    
Fri 05 Dec 2025 21:35:30 INFO  Saving current best: saved/SASRecD_Log_Mlp-Dec-05-2025_21-31-20.pth
Fri 05 Dec 2025 21:36:09 INFO  epoch 6 training [time: 39.74s, train loss: 1814.7363]
Fri 05 Dec 2025 21:36:48 INFO  epoch 7 training [time: 38.74s, train loss: 1784.0946]
Fri 05 Dec 2025 21:36:51 INFO  epoch 7 evaluating [time: 2.72s, valid_score: 0.020800]
Fri 05 Dec 2025 21:36:51 INFO  valid result: 
recall@3 : 0.0076    recall@5 : 0.0119    recall@10 : 0.0208    recall@20 : 0.0356    ndcg@3 : 0.0056    ndcg@5 : 0.0073    ndcg@10 : 0.0101    ndcg@20 : 0.0138    
Fri 05 Dec 2025 21:36:53 INFO  Saving current best: saved/SASRecD_Log_Mlp-Dec-05-2025_21-31-20.pth
Fri 05 Dec 2025 21:37:33 INFO  epoch 8 training [time: 39.56s, train loss: 1757.5079]
Fri 05 Dec 2025 21:38:12 INFO  epoch 9 training [time: 39.64s, train loss: 1734.4865]
Fri 05 Dec 2025 21:38:15 INFO  epoch 9 evaluating [time: 2.62s, valid_score: 0.025300]
Fri 05 Dec 2025 21:38:15 INFO  valid result: 
recall@3 : 0.0085    recall@5 : 0.0134    recall@10 : 0.0253    recall@20 : 0.0426    ndcg@3 : 0.006    ndcg@5 : 0.008    ndcg@10 : 0.0118    ndcg@20 : 0.0162    
Fri 05 Dec 2025 21:38:17 INFO  Saving current best: saved/SASRecD_Log_Mlp-Dec-05-2025_21-31-20.pth
Fri 05 Dec 2025 21:38:56 INFO  epoch 10 training [time: 39.47s, train loss: 1712.3833]
Fri 05 Dec 2025 21:39:36 INFO  epoch 11 training [time: 39.58s, train loss: 1689.9391]
Fri 05 Dec 2025 21:39:38 INFO  epoch 11 evaluating [time: 2.68s, valid_score: 0.032300]
Fri 05 Dec 2025 21:39:38 INFO  valid result: 
recall@3 : 0.0112    recall@5 : 0.0183    recall@10 : 0.0323    recall@20 : 0.0527    ndcg@3 : 0.0076    ndcg@5 : 0.0105    ndcg@10 : 0.0151    ndcg@20 : 0.0202    
Fri 05 Dec 2025 21:39:41 INFO  Saving current best: saved/SASRecD_Log_Mlp-Dec-05-2025_21-31-20.pth
Fri 05 Dec 2025 21:40:21 INFO  epoch 12 training [time: 39.61s, train loss: 1668.1397]
Fri 05 Dec 2025 21:40:59 INFO  epoch 13 training [time: 38.66s, train loss: 1646.4339]
Fri 05 Dec 2025 21:41:02 INFO  epoch 13 evaluating [time: 2.70s, valid_score: 0.039800]
Fri 05 Dec 2025 21:41:02 INFO  valid result: 
recall@3 : 0.0163    recall@5 : 0.0242    recall@10 : 0.0398    recall@20 : 0.0626    ndcg@3 : 0.0105    ndcg@5 : 0.0138    ndcg@10 : 0.0188    ndcg@20 : 0.0245    
Fri 05 Dec 2025 21:41:04 INFO  Saving current best: saved/SASRecD_Log_Mlp-Dec-05-2025_21-31-20.pth
Fri 05 Dec 2025 21:41:44 INFO  epoch 14 training [time: 39.59s, train loss: 1626.0870]
Fri 05 Dec 2025 21:42:23 INFO  epoch 15 training [time: 39.47s, train loss: 1606.4470]
Fri 05 Dec 2025 21:42:26 INFO  epoch 15 evaluating [time: 2.73s, valid_score: 0.046000]
Fri 05 Dec 2025 21:42:26 INFO  valid result: 
recall@3 : 0.0193    recall@5 : 0.0283    recall@10 : 0.046    recall@20 : 0.0698    ndcg@3 : 0.0123    ndcg@5 : 0.016    ndcg@10 : 0.0217    ndcg@20 : 0.0276    
Fri 05 Dec 2025 21:42:28 INFO  Saving current best: saved/SASRecD_Log_Mlp-Dec-05-2025_21-31-20.pth
Fri 05 Dec 2025 21:43:07 INFO  epoch 16 training [time: 39.48s, train loss: 1587.5691]
Fri 05 Dec 2025 21:43:47 INFO  epoch 17 training [time: 39.51s, train loss: 1570.0491]
Fri 05 Dec 2025 21:43:49 INFO  epoch 17 evaluating [time: 2.65s, valid_score: 0.050300]
Fri 05 Dec 2025 21:43:49 INFO  valid result: 
recall@3 : 0.0221    recall@5 : 0.0325    recall@10 : 0.0503    recall@20 : 0.0741    ndcg@3 : 0.0139    ndcg@5 : 0.0181    ndcg@10 : 0.0238    ndcg@20 : 0.0298    
Fri 05 Dec 2025 21:43:52 INFO  Saving current best: saved/SASRecD_Log_Mlp-Dec-05-2025_21-31-20.pth
Fri 05 Dec 2025 21:44:31 INFO  epoch 18 training [time: 39.53s, train loss: 1552.9466]
Fri 05 Dec 2025 21:45:10 INFO  epoch 19 training [time: 38.61s, train loss: 1536.5215]
Fri 05 Dec 2025 21:45:13 INFO  epoch 19 evaluating [time: 2.69s, valid_score: 0.053800]
Fri 05 Dec 2025 21:45:13 INFO  valid result: 
recall@3 : 0.0235    recall@5 : 0.0345    recall@10 : 0.0538    recall@20 : 0.0796    ndcg@3 : 0.0145    ndcg@5 : 0.019    ndcg@10 : 0.0253    ndcg@20 : 0.0317    
Fri 05 Dec 2025 21:45:15 INFO  Saving current best: saved/SASRecD_Log_Mlp-Dec-05-2025_21-31-20.pth
Fri 05 Dec 2025 21:45:55 INFO  epoch 20 training [time: 39.69s, train loss: 1520.6155]
Fri 05 Dec 2025 21:46:34 INFO  epoch 21 training [time: 39.54s, train loss: 1505.7493]
Fri 05 Dec 2025 21:46:36 INFO  epoch 21 evaluating [time: 1.76s, valid_score: 0.057200]
Fri 05 Dec 2025 21:46:36 INFO  valid result: 
recall@3 : 0.0244    recall@5 : 0.0371    recall@10 : 0.0572    recall@20 : 0.0834    ndcg@3 : 0.015    ndcg@5 : 0.0202    ndcg@10 : 0.0267    ndcg@20 : 0.0333    
Fri 05 Dec 2025 21:46:38 INFO  Saving current best: saved/SASRecD_Log_Mlp-Dec-05-2025_21-31-20.pth
Fri 05 Dec 2025 21:47:18 INFO  epoch 22 training [time: 39.58s, train loss: 1491.3107]
Fri 05 Dec 2025 21:47:58 INFO  epoch 23 training [time: 39.68s, train loss: 1477.6533]
Fri 05 Dec 2025 21:48:00 INFO  epoch 23 evaluating [time: 2.65s, valid_score: 0.059300]
Fri 05 Dec 2025 21:48:00 INFO  valid result: 
recall@3 : 0.0264    recall@5 : 0.039    recall@10 : 0.0593    recall@20 : 0.0859    ndcg@3 : 0.016    ndcg@5 : 0.0212    ndcg@10 : 0.0277    ndcg@20 : 0.0344    
Fri 05 Dec 2025 21:48:03 INFO  Saving current best: saved/SASRecD_Log_Mlp-Dec-05-2025_21-31-20.pth
Fri 05 Dec 2025 21:48:42 INFO  epoch 24 training [time: 38.83s, train loss: 1463.6937]
Fri 05 Dec 2025 21:49:21 INFO  epoch 25 training [time: 39.67s, train loss: 1450.5461]
Fri 05 Dec 2025 21:49:24 INFO  epoch 25 evaluating [time: 2.63s, valid_score: 0.060400]
Fri 05 Dec 2025 21:49:24 INFO  valid result: 
recall@3 : 0.027    recall@5 : 0.0401    recall@10 : 0.0604    recall@20 : 0.0879    ndcg@3 : 0.0163    ndcg@5 : 0.0217    ndcg@10 : 0.0282    ndcg@20 : 0.0351    
Fri 05 Dec 2025 21:49:27 INFO  Saving current best: saved/SASRecD_Log_Mlp-Dec-05-2025_21-31-20.pth
Fri 05 Dec 2025 21:50:06 INFO  epoch 26 training [time: 39.59s, train loss: 1437.9959]
Fri 05 Dec 2025 21:50:46 INFO  epoch 27 training [time: 39.66s, train loss: 1425.6732]
Fri 05 Dec 2025 21:50:48 INFO  epoch 27 evaluating [time: 1.73s, valid_score: 0.061900]
Fri 05 Dec 2025 21:50:48 INFO  valid result: 
recall@3 : 0.0274    recall@5 : 0.0412    recall@10 : 0.0619    recall@20 : 0.0905    ndcg@3 : 0.0165    ndcg@5 : 0.0222    ndcg@10 : 0.0289    ndcg@20 : 0.036    
Fri 05 Dec 2025 21:50:50 INFO  Saving current best: saved/SASRecD_Log_Mlp-Dec-05-2025_21-31-20.pth
Fri 05 Dec 2025 21:51:30 INFO  epoch 28 training [time: 39.79s, train loss: 1413.9135]
Fri 05 Dec 2025 21:52:09 INFO  epoch 29 training [time: 39.60s, train loss: 1402.0135]
Fri 05 Dec 2025 21:52:12 INFO  epoch 29 evaluating [time: 2.73s, valid_score: 0.062500]
Fri 05 Dec 2025 21:52:12 INFO  valid result: 
recall@3 : 0.0283    recall@5 : 0.042    recall@10 : 0.0625    recall@20 : 0.0926    ndcg@3 : 0.017    ndcg@5 : 0.0226    ndcg@10 : 0.0292    ndcg@20 : 0.0368    
Fri 05 Dec 2025 21:52:15 INFO  Saving current best: saved/SASRecD_Log_Mlp-Dec-05-2025_21-31-20.pth
Fri 05 Dec 2025 21:52:53 INFO  epoch 30 training [time: 38.69s, train loss: 1390.2074]
Fri 05 Dec 2025 21:53:33 INFO  epoch 31 training [time: 39.46s, train loss: 1379.4916]
Fri 05 Dec 2025 21:53:35 INFO  epoch 31 evaluating [time: 2.62s, valid_score: 0.063200]
Fri 05 Dec 2025 21:53:35 INFO  valid result: 
recall@3 : 0.0283    recall@5 : 0.0417    recall@10 : 0.0632    recall@20 : 0.093    ndcg@3 : 0.0171    ndcg@5 : 0.0226    ndcg@10 : 0.0295    ndcg@20 : 0.037    
Fri 05 Dec 2025 21:53:38 INFO  Saving current best: saved/SASRecD_Log_Mlp-Dec-05-2025_21-31-20.pth
Fri 05 Dec 2025 21:54:17 INFO  epoch 32 training [time: 39.57s, train loss: 1368.4087]
Fri 05 Dec 2025 21:54:57 INFO  epoch 33 training [time: 39.56s, train loss: 1357.6331]
Fri 05 Dec 2025 21:54:59 INFO  epoch 33 evaluating [time: 1.69s, valid_score: 0.063800]
Fri 05 Dec 2025 21:54:59 INFO  valid result: 
recall@3 : 0.0283    recall@5 : 0.0421    recall@10 : 0.0638    recall@20 : 0.0936    ndcg@3 : 0.0171    ndcg@5 : 0.0227    ndcg@10 : 0.0298    ndcg@20 : 0.0373    
Fri 05 Dec 2025 21:55:01 INFO  Saving current best: saved/SASRecD_Log_Mlp-Dec-05-2025_21-31-20.pth
Fri 05 Dec 2025 21:55:41 INFO  epoch 34 training [time: 39.83s, train loss: 1346.6493]
Fri 05 Dec 2025 21:56:21 INFO  epoch 35 training [time: 39.79s, train loss: 1336.0634]
Fri 05 Dec 2025 21:56:23 INFO  epoch 35 evaluating [time: 2.70s, valid_score: 0.065000]
Fri 05 Dec 2025 21:56:23 INFO  valid result: 
recall@3 : 0.0291    recall@5 : 0.0422    recall@10 : 0.065    recall@20 : 0.0951    ndcg@3 : 0.0175    ndcg@5 : 0.0229    ndcg@10 : 0.0302    ndcg@20 : 0.0378    
Fri 05 Dec 2025 21:56:26 INFO  Saving current best: saved/SASRecD_Log_Mlp-Dec-05-2025_21-31-20.pth
Fri 05 Dec 2025 21:57:04 INFO  epoch 36 training [time: 38.79s, train loss: 1325.3963]
Fri 05 Dec 2025 21:57:44 INFO  epoch 37 training [time: 39.60s, train loss: 1315.3140]
Fri 05 Dec 2025 21:57:47 INFO  epoch 37 evaluating [time: 2.64s, valid_score: 0.065300]
Fri 05 Dec 2025 21:57:47 INFO  valid result: 
recall@3 : 0.0291    recall@5 : 0.0429    recall@10 : 0.0653    recall@20 : 0.0951    ndcg@3 : 0.0174    ndcg@5 : 0.0231    ndcg@10 : 0.0303    ndcg@20 : 0.0378    
Fri 05 Dec 2025 21:57:49 INFO  Saving current best: saved/SASRecD_Log_Mlp-Dec-05-2025_21-31-20.pth
Fri 05 Dec 2025 21:58:29 INFO  epoch 38 training [time: 39.59s, train loss: 1304.8962]
Fri 05 Dec 2025 21:59:08 INFO  epoch 39 training [time: 39.58s, train loss: 1295.2520]
Fri 05 Dec 2025 21:59:10 INFO  epoch 39 evaluating [time: 1.67s, valid_score: 0.065600]
Fri 05 Dec 2025 21:59:10 INFO  valid result: 
recall@3 : 0.029    recall@5 : 0.043    recall@10 : 0.0656    recall@20 : 0.096    ndcg@3 : 0.0175    ndcg@5 : 0.0233    ndcg@10 : 0.0306    ndcg@20 : 0.0382    
Fri 05 Dec 2025 21:59:12 INFO  Saving current best: saved/SASRecD_Log_Mlp-Dec-05-2025_21-31-20.pth
Fri 05 Dec 2025 21:59:52 INFO  epoch 40 training [time: 39.54s, train loss: 1284.5154]
Fri 05 Dec 2025 22:00:31 INFO  epoch 41 training [time: 39.67s, train loss: 1275.0699]
Fri 05 Dec 2025 22:00:34 INFO  epoch 41 evaluating [time: 2.64s, valid_score: 0.066400]
Fri 05 Dec 2025 22:00:34 INFO  valid result: 
recall@3 : 0.029    recall@5 : 0.043    recall@10 : 0.0664    recall@20 : 0.0955    ndcg@3 : 0.0175    ndcg@5 : 0.0232    ndcg@10 : 0.0307    ndcg@20 : 0.0381    
Fri 05 Dec 2025 22:00:36 INFO  Saving current best: saved/SASRecD_Log_Mlp-Dec-05-2025_21-31-20.pth
Fri 05 Dec 2025 22:01:15 INFO  epoch 42 training [time: 38.78s, train loss: 1264.7501]
Fri 05 Dec 2025 22:01:55 INFO  epoch 43 training [time: 39.55s, train loss: 1254.5454]
Fri 05 Dec 2025 22:01:57 INFO  epoch 43 evaluating [time: 2.71s, valid_score: 0.066700]
Fri 05 Dec 2025 22:01:57 INFO  valid result: 
recall@3 : 0.0295    recall@5 : 0.0434    recall@10 : 0.0667    recall@20 : 0.0971    ndcg@3 : 0.0177    ndcg@5 : 0.0234    ndcg@10 : 0.0309    ndcg@20 : 0.0385    
Fri 05 Dec 2025 22:02:00 INFO  Saving current best: saved/SASRecD_Log_Mlp-Dec-05-2025_21-31-20.pth
Fri 05 Dec 2025 22:02:39 INFO  epoch 44 training [time: 39.47s, train loss: 1244.2264]
Fri 05 Dec 2025 22:03:19 INFO  epoch 45 training [time: 39.52s, train loss: 1234.0660]
Fri 05 Dec 2025 22:03:20 INFO  epoch 45 evaluating [time: 1.73s, valid_score: 0.065800]
Fri 05 Dec 2025 22:03:20 INFO  valid result: 
recall@3 : 0.0292    recall@5 : 0.0434    recall@10 : 0.0658    recall@20 : 0.0977    ndcg@3 : 0.0175    ndcg@5 : 0.0234    ndcg@10 : 0.0306    ndcg@20 : 0.0386    
Fri 05 Dec 2025 22:04:00 INFO  epoch 46 training [time: 39.57s, train loss: 1223.7538]
Fri 05 Dec 2025 22:04:39 INFO  epoch 47 training [time: 39.62s, train loss: 1213.7162]
Fri 05 Dec 2025 22:04:42 INFO  epoch 47 evaluating [time: 2.64s, valid_score: 0.067000]
Fri 05 Dec 2025 22:04:42 INFO  valid result: 
recall@3 : 0.0293    recall@5 : 0.0437    recall@10 : 0.067    recall@20 : 0.0969    ndcg@3 : 0.0177    ndcg@5 : 0.0236    ndcg@10 : 0.0311    ndcg@20 : 0.0386    
Fri 05 Dec 2025 22:04:45 INFO  Saving current best: saved/SASRecD_Log_Mlp-Dec-05-2025_21-31-20.pth
Fri 05 Dec 2025 22:05:24 INFO  epoch 48 training [time: 39.59s, train loss: 1203.6767]
Fri 05 Dec 2025 22:06:04 INFO  epoch 49 training [time: 39.54s, train loss: 1194.3288]
Fri 05 Dec 2025 22:06:06 INFO  epoch 49 evaluating [time: 2.63s, valid_score: 0.067300]
Fri 05 Dec 2025 22:06:06 INFO  valid result: 
recall@3 : 0.0289    recall@5 : 0.0435    recall@10 : 0.0673    recall@20 : 0.0986    ndcg@3 : 0.0175    ndcg@5 : 0.0236    ndcg@10 : 0.0312    ndcg@20 : 0.0391    
Fri 05 Dec 2025 22:06:09 INFO  Saving current best: saved/SASRecD_Log_Mlp-Dec-05-2025_21-31-20.pth
Fri 05 Dec 2025 22:06:47 INFO  epoch 50 training [time: 38.29s, train loss: 1183.4071]
Fri 05 Dec 2025 22:07:26 INFO  epoch 51 training [time: 39.61s, train loss: 1173.2006]
Fri 05 Dec 2025 22:07:29 INFO  epoch 51 evaluating [time: 2.68s, valid_score: 0.066800]
Fri 05 Dec 2025 22:07:29 INFO  valid result: 
recall@3 : 0.0294    recall@5 : 0.0441    recall@10 : 0.0668    recall@20 : 0.0984    ndcg@3 : 0.0177    ndcg@5 : 0.0238    ndcg@10 : 0.0311    ndcg@20 : 0.0391    
Fri 05 Dec 2025 22:08:09 INFO  epoch 52 training [time: 39.69s, train loss: 1162.8336]
Fri 05 Dec 2025 22:08:47 INFO  epoch 53 training [time: 38.61s, train loss: 1152.1518]
Fri 05 Dec 2025 22:08:50 INFO  epoch 53 evaluating [time: 2.77s, valid_score: 0.067400]
Fri 05 Dec 2025 22:08:50 INFO  valid result: 
recall@3 : 0.0291    recall@5 : 0.0441    recall@10 : 0.0674    recall@20 : 0.0984    ndcg@3 : 0.0176    ndcg@5 : 0.0237    ndcg@10 : 0.0313    ndcg@20 : 0.0391    
Fri 05 Dec 2025 22:08:53 INFO  Saving current best: saved/SASRecD_Log_Mlp-Dec-05-2025_21-31-20.pth
Fri 05 Dec 2025 22:09:32 INFO  epoch 54 training [time: 39.65s, train loss: 1142.3990]
Fri 05 Dec 2025 22:10:12 INFO  epoch 55 training [time: 39.53s, train loss: 1130.5843]
Fri 05 Dec 2025 22:10:14 INFO  epoch 55 evaluating [time: 2.67s, valid_score: 0.068000]
Fri 05 Dec 2025 22:10:14 INFO  valid result: 
recall@3 : 0.0293    recall@5 : 0.044    recall@10 : 0.068    recall@20 : 0.0988    ndcg@3 : 0.0178    ndcg@5 : 0.0239    ndcg@10 : 0.0316    ndcg@20 : 0.0394    
Fri 05 Dec 2025 22:10:17 INFO  Saving current best: saved/SASRecD_Log_Mlp-Dec-05-2025_21-31-20.pth
Fri 05 Dec 2025 22:10:55 INFO  epoch 56 training [time: 38.60s, train loss: 1120.8640]
Fri 05 Dec 2025 22:11:35 INFO  epoch 57 training [time: 39.66s, train loss: 1110.1513]
Fri 05 Dec 2025 22:11:38 INFO  epoch 57 evaluating [time: 2.63s, valid_score: 0.067200]
Fri 05 Dec 2025 22:11:38 INFO  valid result: 
recall@3 : 0.0296    recall@5 : 0.0438    recall@10 : 0.0672    recall@20 : 0.0978    ndcg@3 : 0.018    ndcg@5 : 0.0239    ndcg@10 : 0.0314    ndcg@20 : 0.0391    
Fri 05 Dec 2025 22:12:17 INFO  epoch 58 training [time: 39.57s, train loss: 1099.5322]
Fri 05 Dec 2025 22:12:57 INFO  epoch 59 training [time: 39.73s, train loss: 1088.8997]
Fri 05 Dec 2025 22:12:59 INFO  epoch 59 evaluating [time: 1.62s, valid_score: 0.067700]
Fri 05 Dec 2025 22:12:59 INFO  valid result: 
recall@3 : 0.0297    recall@5 : 0.0443    recall@10 : 0.0677    recall@20 : 0.0987    ndcg@3 : 0.018    ndcg@5 : 0.024    ndcg@10 : 0.0315    ndcg@20 : 0.0393    
Fri 05 Dec 2025 22:13:38 INFO  epoch 60 training [time: 39.64s, train loss: 1077.4733]
Fri 05 Dec 2025 22:14:18 INFO  epoch 61 training [time: 39.92s, train loss: 1067.3759]
Fri 05 Dec 2025 22:14:21 INFO  epoch 61 evaluating [time: 2.68s, valid_score: 0.067800]
Fri 05 Dec 2025 22:14:21 INFO  valid result: 
recall@3 : 0.0297    recall@5 : 0.0444    recall@10 : 0.0678    recall@20 : 0.0991    ndcg@3 : 0.018    ndcg@5 : 0.024    ndcg@10 : 0.0316    ndcg@20 : 0.0394    
Fri 05 Dec 2025 22:15:01 INFO  epoch 62 training [time: 39.77s, train loss: 1055.7797]
Fri 05 Dec 2025 22:15:39 INFO  epoch 63 training [time: 38.63s, train loss: 1044.2961]
Fri 05 Dec 2025 22:15:42 INFO  epoch 63 evaluating [time: 2.65s, valid_score: 0.067400]
Fri 05 Dec 2025 22:15:42 INFO  valid result: 
recall@3 : 0.0291    recall@5 : 0.0443    recall@10 : 0.0674    recall@20 : 0.0989    ndcg@3 : 0.0177    ndcg@5 : 0.0239    ndcg@10 : 0.0313    ndcg@20 : 0.0393    
Fri 05 Dec 2025 22:16:21 INFO  epoch 64 training [time: 39.54s, train loss: 1033.0308]
Fri 05 Dec 2025 22:17:01 INFO  epoch 65 training [time: 39.57s, train loss: 1022.0758]
Fri 05 Dec 2025 22:17:04 INFO  epoch 65 evaluating [time: 2.71s, valid_score: 0.068300]
Fri 05 Dec 2025 22:17:04 INFO  valid result: 
recall@3 : 0.0293    recall@5 : 0.0444    recall@10 : 0.0683    recall@20 : 0.098    ndcg@3 : 0.0181    ndcg@5 : 0.0242    ndcg@10 : 0.0319    ndcg@20 : 0.0394    
Fri 05 Dec 2025 22:17:06 INFO  Saving current best: saved/SASRecD_Log_Mlp-Dec-05-2025_21-31-20.pth
Fri 05 Dec 2025 22:17:45 INFO  epoch 66 training [time: 38.67s, train loss: 1009.9287]
Fri 05 Dec 2025 22:18:25 INFO  epoch 67 training [time: 39.72s, train loss: 998.8836]
Fri 05 Dec 2025 22:18:27 INFO  epoch 67 evaluating [time: 2.67s, valid_score: 0.067800]
Fri 05 Dec 2025 22:18:27 INFO  valid result: 
recall@3 : 0.03    recall@5 : 0.0444    recall@10 : 0.0678    recall@20 : 0.0993    ndcg@3 : 0.0183    ndcg@5 : 0.0242    ndcg@10 : 0.0317    ndcg@20 : 0.0397    
Fri 05 Dec 2025 22:19:07 INFO  epoch 68 training [time: 39.56s, train loss: 987.2304]
Fri 05 Dec 2025 22:19:45 INFO  epoch 69 training [time: 38.54s, train loss: 975.9524]
Fri 05 Dec 2025 22:19:48 INFO  epoch 69 evaluating [time: 2.65s, valid_score: 0.068000]
Fri 05 Dec 2025 22:19:48 INFO  valid result: 
recall@3 : 0.0297    recall@5 : 0.0445    recall@10 : 0.068    recall@20 : 0.0977    ndcg@3 : 0.0184    ndcg@5 : 0.0244    ndcg@10 : 0.032    ndcg@20 : 0.0395    
Fri 05 Dec 2025 22:20:28 INFO  epoch 70 training [time: 39.57s, train loss: 964.3956]
Fri 05 Dec 2025 22:21:07 INFO  epoch 71 training [time: 39.61s, train loss: 952.3581]
Fri 05 Dec 2025 22:21:10 INFO  epoch 71 evaluating [time: 2.67s, valid_score: 0.068000]
Fri 05 Dec 2025 22:21:10 INFO  valid result: 
recall@3 : 0.0297    recall@5 : 0.0443    recall@10 : 0.068    recall@20 : 0.0987    ndcg@3 : 0.0181    ndcg@5 : 0.0241    ndcg@10 : 0.0317    ndcg@20 : 0.0395    
Fri 05 Dec 2025 22:21:50 INFO  epoch 72 training [time: 39.70s, train loss: 940.3058]
Fri 05 Dec 2025 22:22:28 INFO  epoch 73 training [time: 38.67s, train loss: 927.9238]
Fri 05 Dec 2025 22:22:31 INFO  epoch 73 evaluating [time: 2.66s, valid_score: 0.067900]
Fri 05 Dec 2025 22:22:31 INFO  valid result: 
recall@3 : 0.0302    recall@5 : 0.0445    recall@10 : 0.0679    recall@20 : 0.0986    ndcg@3 : 0.0186    ndcg@5 : 0.0245    ndcg@10 : 0.032    ndcg@20 : 0.0398    
Fri 05 Dec 2025 22:23:10 INFO  epoch 74 training [time: 39.53s, train loss: 916.5479]
Fri 05 Dec 2025 22:23:50 INFO  epoch 75 training [time: 39.78s, train loss: 903.3441]
Fri 05 Dec 2025 22:23:53 INFO  epoch 75 evaluating [time: 2.71s, valid_score: 0.067300]
Fri 05 Dec 2025 22:23:53 INFO  valid result: 
recall@3 : 0.0298    recall@5 : 0.0441    recall@10 : 0.0673    recall@20 : 0.0981    ndcg@3 : 0.0186    ndcg@5 : 0.0244    ndcg@10 : 0.0319    ndcg@20 : 0.0397    
Fri 05 Dec 2025 22:24:32 INFO  epoch 76 training [time: 38.68s, train loss: 891.0234]
Fri 05 Dec 2025 22:25:11 INFO  epoch 77 training [time: 39.76s, train loss: 878.6433]
Fri 05 Dec 2025 22:25:14 INFO  epoch 77 evaluating [time: 2.72s, valid_score: 0.068100]
Fri 05 Dec 2025 22:25:14 INFO  valid result: 
recall@3 : 0.0297    recall@5 : 0.0449    recall@10 : 0.0681    recall@20 : 0.098    ndcg@3 : 0.0181    ndcg@5 : 0.0244    ndcg@10 : 0.0318    ndcg@20 : 0.0394    
Fri 05 Dec 2025 22:25:54 INFO  epoch 78 training [time: 39.77s, train loss: 866.2162]
Fri 05 Dec 2025 22:26:33 INFO  epoch 79 training [time: 38.66s, train loss: 854.7361]
Fri 05 Dec 2025 22:26:35 INFO  epoch 79 evaluating [time: 2.65s, valid_score: 0.068200]
Fri 05 Dec 2025 22:26:35 INFO  valid result: 
recall@3 : 0.0298    recall@5 : 0.0443    recall@10 : 0.0682    recall@20 : 0.0979    ndcg@3 : 0.0185    ndcg@5 : 0.0245    ndcg@10 : 0.0322    ndcg@20 : 0.0397    
Fri 05 Dec 2025 22:27:15 INFO  epoch 80 training [time: 39.55s, train loss: 841.4232]
Fri 05 Dec 2025 22:27:54 INFO  epoch 81 training [time: 39.44s, train loss: 827.6772]
Fri 05 Dec 2025 22:27:57 INFO  epoch 81 evaluating [time: 2.77s, valid_score: 0.067200]
Fri 05 Dec 2025 22:27:57 INFO  valid result: 
recall@3 : 0.0291    recall@5 : 0.0435    recall@10 : 0.0672    recall@20 : 0.0982    ndcg@3 : 0.0181    ndcg@5 : 0.024    ndcg@10 : 0.0316    ndcg@20 : 0.0395    
Fri 05 Dec 2025 22:28:37 INFO  epoch 82 training [time: 39.65s, train loss: 814.8869]
Fri 05 Dec 2025 22:29:15 INFO  epoch 83 training [time: 38.60s, train loss: 802.4626]
Fri 05 Dec 2025 22:29:18 INFO  epoch 83 evaluating [time: 2.68s, valid_score: 0.067400]
Fri 05 Dec 2025 22:29:18 INFO  valid result: 
recall@3 : 0.0288    recall@5 : 0.0436    recall@10 : 0.0674    recall@20 : 0.0971    ndcg@3 : 0.0178    ndcg@5 : 0.0239    ndcg@10 : 0.0316    ndcg@20 : 0.0391    
Fri 05 Dec 2025 22:29:57 INFO  epoch 84 training [time: 39.61s, train loss: 789.3366]
Fri 05 Dec 2025 22:30:37 INFO  epoch 85 training [time: 39.58s, train loss: 775.4552]
Fri 05 Dec 2025 22:30:40 INFO  epoch 85 evaluating [time: 2.65s, valid_score: 0.067200]
Fri 05 Dec 2025 22:30:40 INFO  valid result: 
recall@3 : 0.0298    recall@5 : 0.0442    recall@10 : 0.0672    recall@20 : 0.0974    ndcg@3 : 0.0184    ndcg@5 : 0.0243    ndcg@10 : 0.0317    ndcg@20 : 0.0393    
Fri 05 Dec 2025 22:31:18 INFO  epoch 86 training [time: 38.66s, train loss: 762.3897]
Fri 05 Dec 2025 22:31:58 INFO  epoch 87 training [time: 39.71s, train loss: 749.0546]
Fri 05 Dec 2025 22:32:01 INFO  epoch 87 evaluating [time: 2.67s, valid_score: 0.066800]
Fri 05 Dec 2025 22:32:01 INFO  valid result: 
recall@3 : 0.0293    recall@5 : 0.0443    recall@10 : 0.0668    recall@20 : 0.098    ndcg@3 : 0.0183    ndcg@5 : 0.0245    ndcg@10 : 0.0317    ndcg@20 : 0.0396    
Fri 05 Dec 2025 22:32:01 INFO  Finished training, best eval result in epoch 65
Fri 05 Dec 2025 22:32:03 INFO  Loading model structure and parameters from saved/SASRecD_Log_Mlp-Dec-05-2025_21-31-20.pth
Fri 05 Dec 2025 22:32:06 INFO  best valid : {'recall@3': np.float64(0.0293), 'recall@5': np.float64(0.0444), 'recall@10': np.float64(0.0683), 'recall@20': np.float64(0.098), 'ndcg@3': np.float64(0.0181), 'ndcg@5': np.float64(0.0242), 'ndcg@10': np.float64(0.0319), 'ndcg@20': np.float64(0.0394)}
Fri 05 Dec 2025 22:32:06 INFO  test result: {'recall@3': np.float64(0.0235), 'recall@5': np.float64(0.0353), 'recall@10': np.float64(0.0538), 'recall@20': np.float64(0.0798), 'ndcg@3': np.float64(0.0143), 'ndcg@5': np.float64(0.0192), 'ndcg@10': np.float64(0.0252), 'ndcg@20': np.float64(0.0317)}
