Sun 25 Jan 2026 17:58:21 INFO  
General Hyper Parameters:
gpu_id = 0
use_gpu = True
seed = 212
state = INFO
reproducibility = True
data_path = ./recbole/data/dataset/Amazon_Sports_and_Outdoors
show_progress = True
save_dataset = False
save_dataloaders = False
benchmark_filename = None

Training Hyper Parameters:
checkpoint_dir = saved
epochs = 200
train_batch_size = 1024
learner = adam
learning_rate = 0.0001
eval_step = 2
stopping_step = 10
clip_grad_norm = None
weight_decay = 0.0
loss_decimal_place = 4

Evaluation Hyper Parameters:
eval_args = {'split': {'LS': 'valid_and_test'}, 'group_by': 'user', 'order': 'TO', 'mode': 'full'}
metrics = ['Recall', 'NDCG']
topk = [3, 5, 10, 20]
valid_metric = Recall@10
valid_metric_bigger = True
eval_batch_size = 256
metric_decimal_place = 4

Dataset Hyper Parameters:
field_separator = 	
seq_separator =  
USER_ID_FIELD = user_id
ITEM_ID_FIELD = item_id
RATING_FIELD = rating
TIME_FIELD = timestamp
seq_len = None
LABEL_FIELD = label
threshold = None
NEG_PREFIX = neg_
load_col = {'inter': ['user_id', 'item_id', 'rating', 'timestamp'], 'item': ['item_id', 'title', 'sales_rank', 'price', 'brand', 'categories', 'sales_type'], 'image': ['img_id', 'img_emb']}
unload_col = None
unused_col = None
additional_feat_suffix = ['image']
rm_dup_inter = None
val_interval = None
filter_inter_by_user_or_item = True
user_inter_num_interval = [5,inf)
item_inter_num_interval = [5,inf)
alias_of_user_id = None
alias_of_item_id = ['img_id']
alias_of_entity_id = None
alias_of_relation_id = None
preload_weight = {'img_id': 'img_emb'}
normalize_field = None
normalize_all = None
ITEM_LIST_LENGTH_FIELD = item_length
LIST_SUFFIX = _list
MAX_ITEM_LIST_LENGTH = 50
POSITION_FIELD = position_id
HEAD_ENTITY_ID_FIELD = head_id
TAIL_ENTITY_ID_FIELD = tail_id
RELATION_ID_FIELD = relation_id
ENTITY_ID_FIELD = entity_id

Other Hyper Parameters: 
neg_sampling = None
multi_gpus = False
repeatable = True
n_layers = 3
n_heads = 8
hidden_size = 256
attribute_hidden_size = [128]
inner_size = 256
hidden_dropout_prob = 0.5
attn_dropout_prob = 0.3
hidden_act = gelu
layer_norm_eps = 1e-12
initializer_range = 0.02
selected_features = ['img_emb']
pooling_mode = sum
loss_type = CE
weight_sharing = not
fusion_type = gate
lamdas = [5]
attribute_predictor = ['cos_sim']
MODEL_TYPE = ModelType.SEQUENTIAL
orig_attribute_hidden_size = [128]
feature_type = ['static']
diffusion = {'device': 'cuda', 'dims': [1000], 'emb_size': 20, 'mean_type': 'x0', 'noise_max': 0.02, 'noise_min': 0.0001, 'noise_scale': 0.1, 'noise_schedule': 'linear-var', 'norm': False, 'num_heads': 4, 'reweight': True, 'sampling_noise': False, 'sampling_steps': 0, 'steps': 5, 'structure': 'MLP', 'time_type': 'cat', 'hiddenSize': 128, 'inputSize': 128}
lambda = 0.5
wandb_run_name = images_obrazek
annealing = False
MODEL_INPUT_TYPE = InputType.POINTWISE
eval_type = EvaluatorType.RANKING
device = cuda
train_neg_sample_args = {'strategy': 'none'}
eval_neg_sample_args = {'strategy': 'full', 'distribution': 'uniform'}


Sun 25 Jan 2026 17:58:22 INFO  Amazon_Sports_and_Outdoors
The number of users: 35599
Average actions of users: 8.324540704533963
The number of items: 18358
Average actions of items: 16.142997221768262
The number of inters: 296337
The sparsity of the dataset: 99.95465569853714%
Remain Fields: ['user_id', 'item_id', 'rating', 'timestamp', 'title', 'price', 'brand', 'categories', 'sales_type', 'sales_rank', 'img_id', 'img_emb']
Sun 25 Jan 2026 17:58:25 INFO  [Training]: train_batch_size = [1024] negative sampling: [None]
Sun 25 Jan 2026 17:58:25 INFO  [Evaluation]: eval_batch_size = [256] eval_args: [{'split': {'LS': 'valid_and_test'}, 'group_by': 'user', 'order': 'TO', 'mode': 'full'}]
Sun 25 Jan 2026 17:58:26 INFO  SASRecD(
  (item_embedding): Embedding(18358, 256, padding_idx=0)
  (position_embedding): Embedding(50, 256)
  (feature_embed_layer_list): ModuleList(
    (0): Embedding(18358, 128)
  )
  (trm_encoder): DIFTransformerEncoder(
    (layer): ModuleList(
      (0-2): 3 x DIFTransformerLayer(
        (multi_head_attention): DIFMultiHeadAttention(
          (query): Linear(in_features=256, out_features=256, bias=True)
          (key): Linear(in_features=256, out_features=256, bias=True)
          (value): Linear(in_features=256, out_features=256, bias=True)
          (query_p): Linear(in_features=256, out_features=256, bias=True)
          (key_p): Linear(in_features=256, out_features=256, bias=True)
          (query_layers): ModuleList(
            (0): Linear(in_features=128, out_features=128, bias=True)
          )
          (key_layers): ModuleList(
            (0): Linear(in_features=128, out_features=128, bias=True)
          )
          (fusion_layer): VanillaAttention(
            (projection): Sequential(
              (0): Linear(in_features=50, out_features=50, bias=True)
              (1): ReLU(inplace=True)
              (2): Linear(in_features=50, out_features=1, bias=True)
            )
          )
          (attn_dropout): Dropout(p=0.3, inplace=False)
          (dense): Linear(in_features=256, out_features=256, bias=True)
          (LayerNorm): LayerNorm((256,), eps=1e-12, elementwise_affine=True)
          (out_dropout): Dropout(p=0.5, inplace=False)
        )
        (feed_forward): FeedForward(
          (dense_1): Linear(in_features=256, out_features=256, bias=True)
          (dense_2): Linear(in_features=256, out_features=256, bias=True)
          (LayerNorm): LayerNorm((256,), eps=1e-12, elementwise_affine=True)
          (dropout): Dropout(p=0.5, inplace=False)
        )
      )
    )
  )
  (ap): ModuleList(
    (0): Linear(in_features=256, out_features=128, bias=True)
  )
  (LayerNorm): LayerNorm((256,), eps=1e-12, elementwise_affine=True)
  (dropout): Dropout(p=0.5, inplace=False)
  (loss_fct): CrossEntropyLoss()
  (attribute_loss_fct): BCEWithLogitsLoss()
)
Trainable parameters: 6434811
Sun 25 Jan 2026 17:58:53 INFO  epoch 0 training [time: 26.70s, train loss: 2253.2148]
Sun 25 Jan 2026 17:59:19 INFO  epoch 1 training [time: 26.14s, train loss: 2094.0223]
Sun 25 Jan 2026 17:59:21 INFO  epoch 1 evaluating [time: 1.89s, valid_score: 0.012300]
Sun 25 Jan 2026 17:59:21 INFO  valid result: 
recall@3 : 0.006    recall@5 : 0.0081    recall@10 : 0.0123    recall@20 : 0.0234    ndcg@3 : 0.0043    ndcg@5 : 0.0052    ndcg@10 : 0.0066    ndcg@20 : 0.0093    
Sun 25 Jan 2026 17:59:21 INFO  Saving current best: saved/SASRecD-Jan-25-2026_17-58-26.pth
Sun 25 Jan 2026 17:59:48 INFO  epoch 2 training [time: 26.08s, train loss: 2081.8534]
Sun 25 Jan 2026 18:00:14 INFO  epoch 3 training [time: 26.15s, train loss: 2076.2213]
Sun 25 Jan 2026 18:00:16 INFO  epoch 3 evaluating [time: 1.88s, valid_score: 0.012300]
Sun 25 Jan 2026 18:00:16 INFO  valid result: 
recall@3 : 0.0059    recall@5 : 0.0077    recall@10 : 0.0123    recall@20 : 0.0233    ndcg@3 : 0.0044    ndcg@5 : 0.0051    ndcg@10 : 0.0066    ndcg@20 : 0.0093    
Sun 25 Jan 2026 18:00:42 INFO  epoch 4 training [time: 26.28s, train loss: 2068.8385]
Sun 25 Jan 2026 18:01:08 INFO  epoch 5 training [time: 26.04s, train loss: 2057.4467]
Sun 25 Jan 2026 18:01:10 INFO  epoch 5 evaluating [time: 1.87s, valid_score: 0.014300]
Sun 25 Jan 2026 18:01:10 INFO  valid result: 
recall@3 : 0.0054    recall@5 : 0.0083    recall@10 : 0.0143    recall@20 : 0.0252    ndcg@3 : 0.0039    ndcg@5 : 0.005    ndcg@10 : 0.007    ndcg@20 : 0.0097    
Sun 25 Jan 2026 18:01:10 INFO  Saving current best: saved/SASRecD-Jan-25-2026_17-58-26.pth
Sun 25 Jan 2026 18:01:36 INFO  epoch 6 training [time: 26.03s, train loss: 2032.9212]
Sun 25 Jan 2026 18:02:02 INFO  epoch 7 training [time: 26.05s, train loss: 2002.4986]
Sun 25 Jan 2026 18:02:04 INFO  epoch 7 evaluating [time: 1.87s, valid_score: 0.021800]
Sun 25 Jan 2026 18:02:04 INFO  valid result: 
recall@3 : 0.008    recall@5 : 0.0125    recall@10 : 0.0218    recall@20 : 0.0371    ndcg@3 : 0.0056    ndcg@5 : 0.0075    ndcg@10 : 0.0104    ndcg@20 : 0.0142    
Sun 25 Jan 2026 18:02:04 INFO  Saving current best: saved/SASRecD-Jan-25-2026_17-58-26.pth
Sun 25 Jan 2026 18:02:30 INFO  epoch 8 training [time: 26.06s, train loss: 1977.5388]
Sun 25 Jan 2026 18:02:56 INFO  epoch 9 training [time: 26.08s, train loss: 1953.4694]
Sun 25 Jan 2026 18:02:58 INFO  epoch 9 evaluating [time: 1.81s, valid_score: 0.028200]
Sun 25 Jan 2026 18:02:58 INFO  valid result: 
recall@3 : 0.0097    recall@5 : 0.0154    recall@10 : 0.0282    recall@20 : 0.048    ndcg@3 : 0.0067    ndcg@5 : 0.0091    ndcg@10 : 0.0131    ndcg@20 : 0.0182    
Sun 25 Jan 2026 18:02:58 INFO  Saving current best: saved/SASRecD-Jan-25-2026_17-58-26.pth
Sun 25 Jan 2026 18:03:24 INFO  epoch 10 training [time: 26.26s, train loss: 1930.1419]
Sun 25 Jan 2026 18:03:50 INFO  epoch 11 training [time: 26.20s, train loss: 1907.4980]
Sun 25 Jan 2026 18:03:52 INFO  epoch 11 evaluating [time: 1.86s, valid_score: 0.037000]
Sun 25 Jan 2026 18:03:52 INFO  valid result: 
recall@3 : 0.0135    recall@5 : 0.0207    recall@10 : 0.037    recall@20 : 0.0591    ndcg@3 : 0.0089    ndcg@5 : 0.0119    ndcg@10 : 0.0171    ndcg@20 : 0.0227    
Sun 25 Jan 2026 18:03:52 INFO  Saving current best: saved/SASRecD-Jan-25-2026_17-58-26.pth
Sun 25 Jan 2026 18:04:19 INFO  epoch 12 training [time: 26.10s, train loss: 1886.1536]
Sun 25 Jan 2026 18:04:45 INFO  epoch 13 training [time: 26.02s, train loss: 1866.2683]
Sun 25 Jan 2026 18:04:46 INFO  epoch 13 evaluating [time: 1.85s, valid_score: 0.042800]
Sun 25 Jan 2026 18:04:46 INFO  valid result: 
recall@3 : 0.0173    recall@5 : 0.0262    recall@10 : 0.0428    recall@20 : 0.0659    ndcg@3 : 0.0113    ndcg@5 : 0.0149    ndcg@10 : 0.0202    ndcg@20 : 0.026    
Sun 25 Jan 2026 18:04:46 INFO  Saving current best: saved/SASRecD-Jan-25-2026_17-58-26.pth
Sun 25 Jan 2026 18:05:13 INFO  epoch 14 training [time: 26.04s, train loss: 1847.5824]
Sun 25 Jan 2026 18:05:39 INFO  epoch 15 training [time: 26.11s, train loss: 1829.8307]
Sun 25 Jan 2026 18:05:40 INFO  epoch 15 evaluating [time: 1.87s, valid_score: 0.048200]
Sun 25 Jan 2026 18:05:40 INFO  valid result: 
recall@3 : 0.0198    recall@5 : 0.0297    recall@10 : 0.0482    recall@20 : 0.0723    ndcg@3 : 0.0124    ndcg@5 : 0.0165    ndcg@10 : 0.0225    ndcg@20 : 0.0285    
Sun 25 Jan 2026 18:05:41 INFO  Saving current best: saved/SASRecD-Jan-25-2026_17-58-26.pth
Sun 25 Jan 2026 18:06:07 INFO  epoch 16 training [time: 26.14s, train loss: 1812.8566]
Sun 25 Jan 2026 18:06:33 INFO  epoch 17 training [time: 26.13s, train loss: 1796.9560]
Sun 25 Jan 2026 18:06:35 INFO  epoch 17 evaluating [time: 1.84s, valid_score: 0.052500]
Sun 25 Jan 2026 18:06:35 INFO  valid result: 
recall@3 : 0.0222    recall@5 : 0.0338    recall@10 : 0.0525    recall@20 : 0.0773    ndcg@3 : 0.0138    ndcg@5 : 0.0185    ndcg@10 : 0.0246    ndcg@20 : 0.0308    
Sun 25 Jan 2026 18:06:35 INFO  Saving current best: saved/SASRecD-Jan-25-2026_17-58-26.pth
Sun 25 Jan 2026 18:07:01 INFO  epoch 18 training [time: 26.07s, train loss: 1782.0928]
Sun 25 Jan 2026 18:07:27 INFO  epoch 19 training [time: 26.03s, train loss: 1767.2770]
Sun 25 Jan 2026 18:07:29 INFO  epoch 19 evaluating [time: 1.86s, valid_score: 0.055800]
Sun 25 Jan 2026 18:07:29 INFO  valid result: 
recall@3 : 0.0236    recall@5 : 0.0356    recall@10 : 0.0558    recall@20 : 0.0823    ndcg@3 : 0.0145    ndcg@5 : 0.0194    ndcg@10 : 0.0259    ndcg@20 : 0.0326    
Sun 25 Jan 2026 18:07:29 INFO  Saving current best: saved/SASRecD-Jan-25-2026_17-58-26.pth
Sun 25 Jan 2026 18:07:55 INFO  epoch 20 training [time: 26.16s, train loss: 1753.5417]
Sun 25 Jan 2026 18:08:21 INFO  epoch 21 training [time: 26.09s, train loss: 1740.5779]
Sun 25 Jan 2026 18:08:23 INFO  epoch 21 evaluating [time: 1.81s, valid_score: 0.058100]
Sun 25 Jan 2026 18:08:23 INFO  valid result: 
recall@3 : 0.0253    recall@5 : 0.0376    recall@10 : 0.0581    recall@20 : 0.0854    ndcg@3 : 0.0153    ndcg@5 : 0.0204    ndcg@10 : 0.027    ndcg@20 : 0.0339    
Sun 25 Jan 2026 18:08:23 INFO  Saving current best: saved/SASRecD-Jan-25-2026_17-58-26.pth
Sun 25 Jan 2026 18:08:49 INFO  epoch 22 training [time: 26.25s, train loss: 1727.8651]
Sun 25 Jan 2026 18:09:16 INFO  epoch 23 training [time: 26.25s, train loss: 1715.8452]
Sun 25 Jan 2026 18:09:17 INFO  epoch 23 evaluating [time: 1.85s, valid_score: 0.060400]
Sun 25 Jan 2026 18:09:17 INFO  valid result: 
recall@3 : 0.0263    recall@5 : 0.0393    recall@10 : 0.0604    recall@20 : 0.0877    ndcg@3 : 0.0159    ndcg@5 : 0.0212    ndcg@10 : 0.028    ndcg@20 : 0.0349    
Sun 25 Jan 2026 18:09:17 INFO  Saving current best: saved/SASRecD-Jan-25-2026_17-58-26.pth
Sun 25 Jan 2026 18:09:44 INFO  epoch 24 training [time: 26.14s, train loss: 1704.1936]
Sun 25 Jan 2026 18:10:10 INFO  epoch 25 training [time: 26.09s, train loss: 1693.0106]
Sun 25 Jan 2026 18:10:12 INFO  epoch 25 evaluating [time: 1.89s, valid_score: 0.061000]
Sun 25 Jan 2026 18:10:12 INFO  valid result: 
recall@3 : 0.0271    recall@5 : 0.0397    recall@10 : 0.061    recall@20 : 0.0896    ndcg@3 : 0.0162    ndcg@5 : 0.0214    ndcg@10 : 0.0283    ndcg@20 : 0.0355    
Sun 25 Jan 2026 18:10:12 INFO  Saving current best: saved/SASRecD-Jan-25-2026_17-58-26.pth
Sun 25 Jan 2026 18:10:38 INFO  epoch 26 training [time: 26.10s, train loss: 1682.9220]
Sun 25 Jan 2026 18:11:04 INFO  epoch 27 training [time: 26.08s, train loss: 1672.7242]
Sun 25 Jan 2026 18:11:06 INFO  epoch 27 evaluating [time: 1.83s, valid_score: 0.061900]
Sun 25 Jan 2026 18:11:06 INFO  valid result: 
recall@3 : 0.0274    recall@5 : 0.0408    recall@10 : 0.0619    recall@20 : 0.0909    ndcg@3 : 0.0164    ndcg@5 : 0.0219    ndcg@10 : 0.0287    ndcg@20 : 0.036    
Sun 25 Jan 2026 18:11:06 INFO  Saving current best: saved/SASRecD-Jan-25-2026_17-58-26.pth
Sun 25 Jan 2026 18:11:32 INFO  epoch 28 training [time: 26.13s, train loss: 1663.1093]
Sun 25 Jan 2026 18:11:58 INFO  epoch 29 training [time: 26.22s, train loss: 1653.7838]
Sun 25 Jan 2026 18:12:00 INFO  epoch 29 evaluating [time: 1.82s, valid_score: 0.063300]
Sun 25 Jan 2026 18:12:00 INFO  valid result: 
recall@3 : 0.0277    recall@5 : 0.0412    recall@10 : 0.0633    recall@20 : 0.0917    ndcg@3 : 0.0166    ndcg@5 : 0.0222    ndcg@10 : 0.0293    ndcg@20 : 0.0364    
Sun 25 Jan 2026 18:12:00 INFO  Saving current best: saved/SASRecD-Jan-25-2026_17-58-26.pth
Sun 25 Jan 2026 18:12:26 INFO  epoch 30 training [time: 26.11s, train loss: 1645.2553]
Sun 25 Jan 2026 18:12:52 INFO  epoch 31 training [time: 26.07s, train loss: 1636.3459]
Sun 25 Jan 2026 18:12:54 INFO  epoch 31 evaluating [time: 1.89s, valid_score: 0.063300]
Sun 25 Jan 2026 18:12:54 INFO  valid result: 
recall@3 : 0.028    recall@5 : 0.0416    recall@10 : 0.0633    recall@20 : 0.0923    ndcg@3 : 0.0167    ndcg@5 : 0.0223    ndcg@10 : 0.0293    ndcg@20 : 0.0366    
Sun 25 Jan 2026 18:13:20 INFO  epoch 32 training [time: 26.08s, train loss: 1628.3593]
Sun 25 Jan 2026 18:13:46 INFO  epoch 33 training [time: 26.17s, train loss: 1620.5661]
Sun 25 Jan 2026 18:13:48 INFO  epoch 33 evaluating [time: 1.85s, valid_score: 0.064000]
Sun 25 Jan 2026 18:13:48 INFO  valid result: 
recall@3 : 0.0284    recall@5 : 0.0418    recall@10 : 0.064    recall@20 : 0.0942    ndcg@3 : 0.017    ndcg@5 : 0.0225    ndcg@10 : 0.0296    ndcg@20 : 0.0372    
Sun 25 Jan 2026 18:13:48 INFO  Saving current best: saved/SASRecD-Jan-25-2026_17-58-26.pth
Sun 25 Jan 2026 18:14:15 INFO  epoch 34 training [time: 26.19s, train loss: 1612.6361]
Sun 25 Jan 2026 18:14:41 INFO  epoch 35 training [time: 26.27s, train loss: 1606.1068]
Sun 25 Jan 2026 18:14:43 INFO  epoch 35 evaluating [time: 1.76s, valid_score: 0.064300]
Sun 25 Jan 2026 18:14:43 INFO  valid result: 
recall@3 : 0.0283    recall@5 : 0.0419    recall@10 : 0.0643    recall@20 : 0.0941    ndcg@3 : 0.0169    ndcg@5 : 0.0225    ndcg@10 : 0.0297    ndcg@20 : 0.0372    
Sun 25 Jan 2026 18:14:43 INFO  Saving current best: saved/SASRecD-Jan-25-2026_17-58-26.pth
Sun 25 Jan 2026 18:15:09 INFO  epoch 36 training [time: 26.13s, train loss: 1598.9995]
Sun 25 Jan 2026 18:15:35 INFO  epoch 37 training [time: 25.98s, train loss: 1592.5636]
Sun 25 Jan 2026 18:15:37 INFO  epoch 37 evaluating [time: 1.87s, valid_score: 0.064200]
Sun 25 Jan 2026 18:15:37 INFO  valid result: 
recall@3 : 0.0277    recall@5 : 0.0421    recall@10 : 0.0642    recall@20 : 0.0937    ndcg@3 : 0.0166    ndcg@5 : 0.0226    ndcg@10 : 0.0297    ndcg@20 : 0.0371    
Sun 25 Jan 2026 18:16:03 INFO  epoch 38 training [time: 26.11s, train loss: 1586.2426]
Sun 25 Jan 2026 18:16:29 INFO  epoch 39 training [time: 26.05s, train loss: 1580.0099]
Sun 25 Jan 2026 18:16:31 INFO  epoch 39 evaluating [time: 1.92s, valid_score: 0.065000]
Sun 25 Jan 2026 18:16:31 INFO  valid result: 
recall@3 : 0.0285    recall@5 : 0.0422    recall@10 : 0.065    recall@20 : 0.0951    ndcg@3 : 0.0171    ndcg@5 : 0.0227    ndcg@10 : 0.0301    ndcg@20 : 0.0376    
Sun 25 Jan 2026 18:16:31 INFO  Saving current best: saved/SASRecD-Jan-25-2026_17-58-26.pth
Sun 25 Jan 2026 18:16:57 INFO  epoch 40 training [time: 26.14s, train loss: 1574.2090]
Sun 25 Jan 2026 18:17:23 INFO  epoch 41 training [time: 26.14s, train loss: 1568.5382]
Sun 25 Jan 2026 18:17:25 INFO  epoch 41 evaluating [time: 1.77s, valid_score: 0.065200]
Sun 25 Jan 2026 18:17:25 INFO  valid result: 
recall@3 : 0.0282    recall@5 : 0.0423    recall@10 : 0.0652    recall@20 : 0.0946    ndcg@3 : 0.0169    ndcg@5 : 0.0227    ndcg@10 : 0.03    ndcg@20 : 0.0374    
Sun 25 Jan 2026 18:17:25 INFO  Saving current best: saved/SASRecD-Jan-25-2026_17-58-26.pth
Sun 25 Jan 2026 18:17:51 INFO  epoch 42 training [time: 26.28s, train loss: 1563.2713]
Sun 25 Jan 2026 18:18:17 INFO  epoch 43 training [time: 26.14s, train loss: 1557.9688]
Sun 25 Jan 2026 18:18:19 INFO  epoch 43 evaluating [time: 1.85s, valid_score: 0.065500]
Sun 25 Jan 2026 18:18:19 INFO  valid result: 
recall@3 : 0.0287    recall@5 : 0.0423    recall@10 : 0.0655    recall@20 : 0.0956    ndcg@3 : 0.0172    ndcg@5 : 0.0228    ndcg@10 : 0.0302    ndcg@20 : 0.0378    
Sun 25 Jan 2026 18:18:19 INFO  Saving current best: saved/SASRecD-Jan-25-2026_17-58-26.pth
Sun 25 Jan 2026 18:18:46 INFO  epoch 44 training [time: 26.15s, train loss: 1553.2314]
Sun 25 Jan 2026 18:19:12 INFO  epoch 45 training [time: 26.06s, train loss: 1547.5929]
Sun 25 Jan 2026 18:19:13 INFO  epoch 45 evaluating [time: 1.83s, valid_score: 0.065000]
Sun 25 Jan 2026 18:19:13 INFO  valid result: 
recall@3 : 0.0282    recall@5 : 0.0415    recall@10 : 0.065    recall@20 : 0.0951    ndcg@3 : 0.0169    ndcg@5 : 0.0225    ndcg@10 : 0.03    ndcg@20 : 0.0376    
Sun 25 Jan 2026 18:19:39 INFO  epoch 46 training [time: 26.08s, train loss: 1543.4390]
Sun 25 Jan 2026 18:20:06 INFO  epoch 47 training [time: 26.13s, train loss: 1538.3092]
Sun 25 Jan 2026 18:20:07 INFO  epoch 47 evaluating [time: 1.77s, valid_score: 0.065100]
Sun 25 Jan 2026 18:20:07 INFO  valid result: 
recall@3 : 0.0282    recall@5 : 0.0421    recall@10 : 0.0651    recall@20 : 0.0949    ndcg@3 : 0.0169    ndcg@5 : 0.0227    ndcg@10 : 0.0301    ndcg@20 : 0.0376    
Sun 25 Jan 2026 18:20:34 INFO  epoch 48 training [time: 26.22s, train loss: 1534.2637]
Sun 25 Jan 2026 18:21:00 INFO  epoch 49 training [time: 26.05s, train loss: 1530.2673]
Sun 25 Jan 2026 18:21:01 INFO  epoch 49 evaluating [time: 1.84s, valid_score: 0.065100]
Sun 25 Jan 2026 18:21:01 INFO  valid result: 
recall@3 : 0.0282    recall@5 : 0.0419    recall@10 : 0.0651    recall@20 : 0.095    ndcg@3 : 0.017    ndcg@5 : 0.0226    ndcg@10 : 0.0301    ndcg@20 : 0.0376    
Sun 25 Jan 2026 18:21:28 INFO  epoch 50 training [time: 26.13s, train loss: 1526.0562]
Sun 25 Jan 2026 18:21:54 INFO  epoch 51 training [time: 26.09s, train loss: 1521.4135]
Sun 25 Jan 2026 18:21:56 INFO  epoch 51 evaluating [time: 1.87s, valid_score: 0.064900]
Sun 25 Jan 2026 18:21:56 INFO  valid result: 
recall@3 : 0.0278    recall@5 : 0.0418    recall@10 : 0.0649    recall@20 : 0.0945    ndcg@3 : 0.0168    ndcg@5 : 0.0225    ndcg@10 : 0.03    ndcg@20 : 0.0374    
Sun 25 Jan 2026 18:22:22 INFO  epoch 52 training [time: 26.08s, train loss: 1516.3294]
Sun 25 Jan 2026 18:22:48 INFO  epoch 53 training [time: 26.18s, train loss: 1512.4964]
Sun 25 Jan 2026 18:22:50 INFO  epoch 53 evaluating [time: 1.82s, valid_score: 0.065200]
Sun 25 Jan 2026 18:22:50 INFO  valid result: 
recall@3 : 0.0281    recall@5 : 0.0422    recall@10 : 0.0652    recall@20 : 0.0945    ndcg@3 : 0.017    ndcg@5 : 0.0228    ndcg@10 : 0.0302    ndcg@20 : 0.0376    
Sun 25 Jan 2026 18:23:16 INFO  epoch 54 training [time: 26.32s, train loss: 1509.0596]
Sun 25 Jan 2026 18:23:42 INFO  epoch 55 training [time: 26.10s, train loss: 1505.1224]
Sun 25 Jan 2026 18:23:44 INFO  epoch 55 evaluating [time: 1.85s, valid_score: 0.064600]
Sun 25 Jan 2026 18:23:44 INFO  valid result: 
recall@3 : 0.0285    recall@5 : 0.042    recall@10 : 0.0646    recall@20 : 0.0948    ndcg@3 : 0.0175    ndcg@5 : 0.023    ndcg@10 : 0.0303    ndcg@20 : 0.0379    
Sun 25 Jan 2026 18:24:10 INFO  epoch 56 training [time: 26.03s, train loss: 1501.2299]
Sun 25 Jan 2026 18:24:36 INFO  epoch 57 training [time: 26.04s, train loss: 1497.7422]
Sun 25 Jan 2026 18:24:38 INFO  epoch 57 evaluating [time: 1.88s, valid_score: 0.063800]
Sun 25 Jan 2026 18:24:38 INFO  valid result: 
recall@3 : 0.0283    recall@5 : 0.0415    recall@10 : 0.0638    recall@20 : 0.0948    ndcg@3 : 0.0174    ndcg@5 : 0.0228    ndcg@10 : 0.03    ndcg@20 : 0.0378    
Sun 25 Jan 2026 18:25:04 INFO  epoch 58 training [time: 26.08s, train loss: 1493.8005]
Sun 25 Jan 2026 18:25:30 INFO  epoch 59 training [time: 26.17s, train loss: 1489.7605]
Sun 25 Jan 2026 18:25:32 INFO  epoch 59 evaluating [time: 1.86s, valid_score: 0.064300]
Sun 25 Jan 2026 18:25:32 INFO  valid result: 
recall@3 : 0.028    recall@5 : 0.0418    recall@10 : 0.0643    recall@20 : 0.0944    ndcg@3 : 0.0172    ndcg@5 : 0.0229    ndcg@10 : 0.0301    ndcg@20 : 0.0377    
Sun 25 Jan 2026 18:25:58 INFO  epoch 60 training [time: 26.17s, train loss: 1485.6021]
Sun 25 Jan 2026 18:26:24 INFO  epoch 61 training [time: 26.12s, train loss: 1482.0763]
Sun 25 Jan 2026 18:26:26 INFO  epoch 61 evaluating [time: 1.83s, valid_score: 0.063700]
Sun 25 Jan 2026 18:26:26 INFO  valid result: 
recall@3 : 0.0281    recall@5 : 0.0415    recall@10 : 0.0637    recall@20 : 0.0938    ndcg@3 : 0.0174    ndcg@5 : 0.0228    ndcg@10 : 0.03    ndcg@20 : 0.0376    
Sun 25 Jan 2026 18:26:52 INFO  epoch 62 training [time: 26.00s, train loss: 1478.9921]
Sun 25 Jan 2026 18:27:18 INFO  epoch 63 training [time: 26.11s, train loss: 1475.2124]
Sun 25 Jan 2026 18:27:20 INFO  epoch 63 evaluating [time: 1.87s, valid_score: 0.063200]
Sun 25 Jan 2026 18:27:20 INFO  valid result: 
recall@3 : 0.0276    recall@5 : 0.0416    recall@10 : 0.0632    recall@20 : 0.0934    ndcg@3 : 0.0171    ndcg@5 : 0.0228    ndcg@10 : 0.0298    ndcg@20 : 0.0374    
Sun 25 Jan 2026 18:27:46 INFO  epoch 64 training [time: 26.12s, train loss: 1471.7485]
Sun 25 Jan 2026 18:28:12 INFO  epoch 65 training [time: 26.12s, train loss: 1468.5120]
Sun 25 Jan 2026 18:28:14 INFO  epoch 65 evaluating [time: 1.80s, valid_score: 0.062700]
Sun 25 Jan 2026 18:28:14 INFO  valid result: 
recall@3 : 0.0278    recall@5 : 0.0407    recall@10 : 0.0627    recall@20 : 0.0931    ndcg@3 : 0.0172    ndcg@5 : 0.0225    ndcg@10 : 0.0296    ndcg@20 : 0.0373    
Sun 25 Jan 2026 18:28:14 INFO  Finished training, best eval result in epoch 43
Sun 25 Jan 2026 18:28:14 INFO  Loading model structure and parameters from saved/SASRecD-Jan-25-2026_17-58-26.pth
Sun 25 Jan 2026 18:28:16 INFO  best valid : {'recall@3': np.float64(0.0287), 'recall@5': np.float64(0.0423), 'recall@10': np.float64(0.0655), 'recall@20': np.float64(0.0956), 'ndcg@3': np.float64(0.0172), 'ndcg@5': np.float64(0.0228), 'ndcg@10': np.float64(0.0302), 'ndcg@20': np.float64(0.0378)}
Sun 25 Jan 2026 18:28:16 INFO  test result: {'recall@3': np.float64(0.0227), 'recall@5': np.float64(0.0342), 'recall@10': np.float64(0.0526), 'recall@20': np.float64(0.0773), 'ndcg@3': np.float64(0.0136), 'ndcg@5': np.float64(0.0184), 'ndcg@10': np.float64(0.0243), 'ndcg@20': np.float64(0.0305)}
