Tue 09 Dec 2025 18:02:06 INFO  
General Hyper Parameters:
gpu_id = 0
use_gpu = True
seed = 120
state = INFO
reproducibility = False
data_path = ./recbole/data/dataset/Amazon_Sports_and_Outdoors
show_progress = True
save_dataset = False
save_dataloaders = False
benchmark_filename = None

Training Hyper Parameters:
checkpoint_dir = saved
epochs = 200
train_batch_size = 1024
learner = adam
learning_rate = 0.0001
eval_step = 2
stopping_step = 10
clip_grad_norm = None
weight_decay = 0.0
loss_decimal_place = 4

Evaluation Hyper Parameters:
eval_args = {'split': {'LS': 'valid_and_test'}, 'group_by': 'user', 'order': 'TO', 'mode': 'full'}
metrics = ['Recall', 'NDCG']
topk = [3, 5, 10, 20]
valid_metric = Recall@10
valid_metric_bigger = True
eval_batch_size = 256
metric_decimal_place = 4

Dataset Hyper Parameters:
field_separator = 	
seq_separator =  
USER_ID_FIELD = user_id
ITEM_ID_FIELD = item_id
RATING_FIELD = rating
TIME_FIELD = timestamp
seq_len = None
LABEL_FIELD = label
threshold = None
NEG_PREFIX = neg_
load_col = {'inter': ['user_id', 'item_id', 'rating', 'timestamp'], 'item': ['item_id', 'title', 'sales_rank', 'price', 'brand', 'categories', 'sales_type'], 'title_original': ['ent_id', 'ent_emb']}
unload_col = None
unused_col = None
additional_feat_suffix = ['title_original']
rm_dup_inter = None
val_interval = None
filter_inter_by_user_or_item = True
user_inter_num_interval = [5,inf)
item_inter_num_interval = [5,inf)
alias_of_user_id = None
alias_of_item_id = ['ent_id']
alias_of_entity_id = None
alias_of_relation_id = None
preload_weight = {'ent_id': 'ent_emb'}
normalize_field = None
normalize_all = None
ITEM_LIST_LENGTH_FIELD = item_length
LIST_SUFFIX = _list
MAX_ITEM_LIST_LENGTH = 50
POSITION_FIELD = position_id
HEAD_ENTITY_ID_FIELD = head_id
TAIL_ENTITY_ID_FIELD = tail_id
RELATION_ID_FIELD = relation_id
ENTITY_ID_FIELD = entity_id

Other Hyper Parameters: 
neg_sampling = None
multi_gpus = False
repeatable = True
MODEL_TYPE = ModelType.SEQUENTIAL
n_layers = 3
n_heads = 8
hidden_size = 256
orig_attribute_hidden_size = [1024, 4096]
attribute_hidden_size = [128, 128]
inner_size = 256
hidden_dropout_prob = 0.5
attn_dropout_prob = 0.3
hidden_act = gelu
layer_norm_eps = 1e-12
initializer_range = 0.02
selected_features = ['ent_emb', 'categories']
feature_type = ['static', 'categorical']
pooling_mode = sum
loss_type = CE
weight_sharing = not
fusion_type = gate
lamdas = [5, 5]
attribute_predictor = ['cos_sim', 'linear']
diffusion = {'device': 'cuda', 'dims': [1000], 'emb_size': 20, 'mean_type': 'x0', 'noise_max': 0.02, 'noise_min': 0.0001, 'noise_scale': 0.1, 'noise_schedule': 'linear-var', 'norm': False, 'num_heads': 4, 'reweight': True, 'sampling_noise': False, 'sampling_steps': 0, 'steps': 5, 'structure': 'MLP', 'time_type': 'cat', 'hiddenSize': 128, 'inputSize': 128}
lambda = 0.5
wandb_run_name = titles_categories(ablation_study)
annealing = False
MODEL_INPUT_TYPE = InputType.POINTWISE
eval_type = EvaluatorType.RANKING
device = cuda
train_neg_sample_args = {'strategy': 'none'}
eval_neg_sample_args = {'strategy': 'full', 'distribution': 'uniform'}


Tue 09 Dec 2025 18:02:11 INFO  Amazon_Sports_and_Outdoors
The number of users: 35599
Average actions of users: 8.324540704533963
The number of items: 18358
Average actions of items: 16.142997221768262
The number of inters: 296337
The sparsity of the dataset: 99.95465569853714%
Remain Fields: ['user_id', 'item_id', 'rating', 'timestamp', 'title', 'price', 'brand', 'categories', 'sales_type', 'sales_rank', 'ent_id', 'ent_emb']
Tue 09 Dec 2025 18:02:14 INFO  [Training]: train_batch_size = [1024] negative sampling: [None]
Tue 09 Dec 2025 18:02:14 INFO  [Evaluation]: eval_batch_size = [256] eval_args: [{'split': {'LS': 'valid_and_test'}, 'group_by': 'user', 'order': 'TO', 'mode': 'full'}]
Tue 09 Dec 2025 18:02:16 INFO  SASRecD_Denoising(
  (item_embedding): Embedding(18358, 256, padding_idx=0)
  (position_embedding): Embedding(50, 256)
  (feature_embed_layer_list): ModuleList(
    (0): Embedding(
      18358, 1024
      (mlp): MLP(
        (net): Sequential(
          (0): Linear(in_features=1024, out_features=512, bias=True)
          (1): ReLU()
          (2): Dropout(p=0.1, inplace=False)
          (3): Linear(in_features=512, out_features=256, bias=True)
          (4): ReLU()
          (5): Dropout(p=0.1, inplace=False)
          (6): Linear(in_features=256, out_features=128, bias=True)
          (7): LayerNorm((128,), eps=1e-05, elementwise_affine=True)
        )
      )
    )
    (1): FeatureSeqEmbLayer()
  )
  (diffusion): ModuleList(
    (0): GaussianDiffusion(
      (model): DNN(
        (emb_layer): Linear(in_features=10, out_features=10, bias=True)
        (in_layers): ModuleList()
        (out_layers): ModuleList()
        (emb_out_linear): Linear(in_features=138, out_features=128, bias=True)
        (drop): Dropout(p=0.5, inplace=False)
      )
      (loss_layer): Linear(in_features=128, out_features=128, bias=True)
    )
    (1): Identity()
  )
  (trm_encoder): DIFTransformerEncoder(
    (layer): ModuleList(
      (0-2): 3 x DIFTransformerLayer(
        (multi_head_attention): DIFMultiHeadAttention(
          (query): Linear(in_features=256, out_features=256, bias=True)
          (key): Linear(in_features=256, out_features=256, bias=True)
          (value): Linear(in_features=256, out_features=256, bias=True)
          (query_p): Linear(in_features=256, out_features=256, bias=True)
          (key_p): Linear(in_features=256, out_features=256, bias=True)
          (query_layers): ModuleList(
            (0-1): 2 x Linear(in_features=128, out_features=128, bias=True)
          )
          (key_layers): ModuleList(
            (0-1): 2 x Linear(in_features=128, out_features=128, bias=True)
          )
          (fusion_layer): VanillaAttention(
            (projection): Sequential(
              (0): Linear(in_features=50, out_features=50, bias=True)
              (1): ReLU(inplace=True)
              (2): Linear(in_features=50, out_features=1, bias=True)
            )
          )
          (attn_dropout): Dropout(p=0.3, inplace=False)
          (dense): Linear(in_features=256, out_features=256, bias=True)
          (LayerNorm): LayerNorm((256,), eps=1e-12, elementwise_affine=True)
          (out_dropout): Dropout(p=0.5, inplace=False)
        )
        (feed_forward): FeedForward(
          (dense_1): Linear(in_features=256, out_features=256, bias=True)
          (dense_2): Linear(in_features=256, out_features=256, bias=True)
          (LayerNorm): LayerNorm((256,), eps=1e-12, elementwise_affine=True)
          (dropout): Dropout(p=0.5, inplace=False)
        )
      )
    )
  )
  (ap): ModuleList(
    (0): Linear(in_features=256, out_features=1024, bias=True)
    (1): Linear(in_features=256, out_features=1876, bias=True)
  )
  (LayerNorm): LayerNorm((256,), eps=1e-12, elementwise_affine=True)
  (dropout): Dropout(p=0.5, inplace=False)
  (loss_fct): CrossEntropyLoss()
  (attribute_loss_fct): BCEWithLogitsLoss()
)
Trainable parameters: 7969981
Tue 09 Dec 2025 18:04:12 INFO  epoch 0 training [time: 116.23s, train loss: 2125.7394]
Tue 09 Dec 2025 18:06:03 INFO  epoch 1 training [time: 110.38s, train loss: 1873.3349]
Tue 09 Dec 2025 18:06:22 INFO  epoch 1 evaluating [time: 18.88s, valid_score: 0.012800]
Tue 09 Dec 2025 18:06:22 INFO  valid result: 
recall@3 : 0.006    recall@5 : 0.008    recall@10 : 0.0128    recall@20 : 0.0231    ndcg@3 : 0.0044    ndcg@5 : 0.0053    ndcg@10 : 0.0068    ndcg@20 : 0.0094    
Tue 09 Dec 2025 18:06:24 INFO  Saving current best: saved/SASRecD_Denoising-Dec-09-2025_18-02-16.pth
Tue 09 Dec 2025 18:08:19 INFO  epoch 2 training [time: 114.39s, train loss: 1856.2957]
Tue 09 Dec 2025 18:10:12 INFO  epoch 3 training [time: 113.51s, train loss: 1849.4789]
Tue 09 Dec 2025 18:10:29 INFO  epoch 3 evaluating [time: 16.71s, valid_score: 0.012700]
Tue 09 Dec 2025 18:10:29 INFO  valid result: 
recall@3 : 0.0059    recall@5 : 0.0079    recall@10 : 0.0127    recall@20 : 0.0231    ndcg@3 : 0.0043    ndcg@5 : 0.0052    ndcg@10 : 0.0067    ndcg@20 : 0.0093    
Tue 09 Dec 2025 18:12:19 INFO  epoch 4 training [time: 109.72s, train loss: 1841.9117]
Tue 09 Dec 2025 18:14:05 INFO  epoch 5 training [time: 106.69s, train loss: 1832.2813]
Tue 09 Dec 2025 18:14:21 INFO  epoch 5 evaluating [time: 15.70s, valid_score: 0.013500]
Tue 09 Dec 2025 18:14:21 INFO  valid result: 
recall@3 : 0.006    recall@5 : 0.0083    recall@10 : 0.0135    recall@20 : 0.0247    ndcg@3 : 0.0044    ndcg@5 : 0.0054    ndcg@10 : 0.007    ndcg@20 : 0.0099    
Tue 09 Dec 2025 18:14:23 INFO  Saving current best: saved/SASRecD_Denoising-Dec-09-2025_18-02-16.pth
Tue 09 Dec 2025 18:16:16 INFO  epoch 6 training [time: 112.75s, train loss: 1811.3470]
Tue 09 Dec 2025 18:18:11 INFO  epoch 7 training [time: 114.63s, train loss: 1780.8072]
Tue 09 Dec 2025 18:18:28 INFO  epoch 7 evaluating [time: 17.48s, valid_score: 0.020700]
Tue 09 Dec 2025 18:18:28 INFO  valid result: 
recall@3 : 0.0082    recall@5 : 0.0121    recall@10 : 0.0207    recall@20 : 0.0357    ndcg@3 : 0.0059    ndcg@5 : 0.0075    ndcg@10 : 0.0102    ndcg@20 : 0.014    
Tue 09 Dec 2025 18:18:31 INFO  Saving current best: saved/SASRecD_Denoising-Dec-09-2025_18-02-16.pth
Tue 09 Dec 2025 18:20:34 INFO  epoch 8 training [time: 123.80s, train loss: 1754.9471]
Tue 09 Dec 2025 18:22:44 INFO  epoch 9 training [time: 129.59s, train loss: 1732.2404]
Tue 09 Dec 2025 18:23:03 INFO  epoch 9 evaluating [time: 18.66s, valid_score: 0.024900]
Tue 09 Dec 2025 18:23:03 INFO  valid result: 
recall@3 : 0.0089    recall@5 : 0.0138    recall@10 : 0.0249    recall@20 : 0.0424    ndcg@3 : 0.0063    ndcg@5 : 0.0083    ndcg@10 : 0.0119    ndcg@20 : 0.0163    
Tue 09 Dec 2025 18:23:05 INFO  Saving current best: saved/SASRecD_Denoising-Dec-09-2025_18-02-16.pth
Tue 09 Dec 2025 18:24:59 INFO  epoch 10 training [time: 113.75s, train loss: 1710.1430]
Tue 09 Dec 2025 18:26:58 INFO  epoch 11 training [time: 119.36s, train loss: 1688.0352]
Tue 09 Dec 2025 18:27:15 INFO  epoch 11 evaluating [time: 17.37s, valid_score: 0.031500]
Tue 09 Dec 2025 18:27:15 INFO  valid result: 
recall@3 : 0.0124    recall@5 : 0.0185    recall@10 : 0.0315    recall@20 : 0.0531    ndcg@3 : 0.0083    ndcg@5 : 0.0108    ndcg@10 : 0.0149    ndcg@20 : 0.0203    
Tue 09 Dec 2025 18:27:18 INFO  Saving current best: saved/SASRecD_Denoising-Dec-09-2025_18-02-16.pth
Tue 09 Dec 2025 18:29:12 INFO  epoch 12 training [time: 113.95s, train loss: 1666.2602]
Tue 09 Dec 2025 18:31:01 INFO  epoch 13 training [time: 108.84s, train loss: 1645.3127]
Tue 09 Dec 2025 18:31:16 INFO  epoch 13 evaluating [time: 15.59s, valid_score: 0.038900]
Tue 09 Dec 2025 18:31:16 INFO  valid result: 
recall@3 : 0.0162    recall@5 : 0.0237    recall@10 : 0.0389    recall@20 : 0.0617    ndcg@3 : 0.0106    ndcg@5 : 0.0137    ndcg@10 : 0.0186    ndcg@20 : 0.0243    
Tue 09 Dec 2025 18:31:18 INFO  Saving current best: saved/SASRecD_Denoising-Dec-09-2025_18-02-16.pth
Tue 09 Dec 2025 18:33:12 INFO  epoch 14 training [time: 113.20s, train loss: 1625.5445]
Tue 09 Dec 2025 18:35:08 INFO  epoch 15 training [time: 116.26s, train loss: 1606.0303]
Tue 09 Dec 2025 18:35:25 INFO  epoch 15 evaluating [time: 17.55s, valid_score: 0.045300]
Tue 09 Dec 2025 18:35:25 INFO  valid result: 
recall@3 : 0.0196    recall@5 : 0.0285    recall@10 : 0.0453    recall@20 : 0.0697    ndcg@3 : 0.0124    ndcg@5 : 0.016    ndcg@10 : 0.0214    ndcg@20 : 0.0276    
Tue 09 Dec 2025 18:35:28 INFO  Saving current best: saved/SASRecD_Denoising-Dec-09-2025_18-02-16.pth
Tue 09 Dec 2025 18:37:26 INFO  epoch 16 training [time: 118.06s, train loss: 1587.7011]
Tue 09 Dec 2025 18:39:19 INFO  epoch 17 training [time: 113.43s, train loss: 1570.0771]
Tue 09 Dec 2025 18:39:35 INFO  epoch 17 evaluating [time: 15.38s, valid_score: 0.050900]
Tue 09 Dec 2025 18:39:35 INFO  valid result: 
recall@3 : 0.0218    recall@5 : 0.0328    recall@10 : 0.0509    recall@20 : 0.0757    ndcg@3 : 0.0136    ndcg@5 : 0.0181    ndcg@10 : 0.0239    ndcg@20 : 0.0302    
Tue 09 Dec 2025 18:39:37 INFO  Saving current best: saved/SASRecD_Denoising-Dec-09-2025_18-02-16.pth
Tue 09 Dec 2025 18:41:27 INFO  epoch 18 training [time: 110.55s, train loss: 1553.3538]
Tue 09 Dec 2025 18:43:18 INFO  epoch 19 training [time: 110.64s, train loss: 1537.1177]
Tue 09 Dec 2025 18:43:34 INFO  epoch 19 evaluating [time: 16.39s, valid_score: 0.054100]
Tue 09 Dec 2025 18:43:34 INFO  valid result: 
recall@3 : 0.024    recall@5 : 0.0346    recall@10 : 0.0541    recall@20 : 0.0797    ndcg@3 : 0.0148    ndcg@5 : 0.0192    ndcg@10 : 0.0255    ndcg@20 : 0.0319    
Tue 09 Dec 2025 18:43:37 INFO  Saving current best: saved/SASRecD_Denoising-Dec-09-2025_18-02-16.pth
Tue 09 Dec 2025 18:45:35 INFO  epoch 20 training [time: 118.23s, train loss: 1521.8642]
Tue 09 Dec 2025 18:47:32 INFO  epoch 21 training [time: 117.25s, train loss: 1506.6036]
Tue 09 Dec 2025 18:47:49 INFO  epoch 21 evaluating [time: 16.54s, valid_score: 0.057300]
Tue 09 Dec 2025 18:47:49 INFO  valid result: 
recall@3 : 0.0245    recall@5 : 0.0371    recall@10 : 0.0573    recall@20 : 0.0835    ndcg@3 : 0.0152    ndcg@5 : 0.0203    ndcg@10 : 0.0268    ndcg@20 : 0.0334    
Tue 09 Dec 2025 18:47:51 INFO  Saving current best: saved/SASRecD_Denoising-Dec-09-2025_18-02-16.pth
Tue 09 Dec 2025 18:49:44 INFO  epoch 22 training [time: 112.99s, train loss: 1492.1780]
Tue 09 Dec 2025 18:51:37 INFO  epoch 23 training [time: 112.41s, train loss: 1478.7495]
Tue 09 Dec 2025 18:51:53 INFO  epoch 23 evaluating [time: 16.74s, valid_score: 0.058700]
Tue 09 Dec 2025 18:51:53 INFO  valid result: 
recall@3 : 0.026    recall@5 : 0.038    recall@10 : 0.0587    recall@20 : 0.0865    ndcg@3 : 0.0159    ndcg@5 : 0.0208    ndcg@10 : 0.0275    ndcg@20 : 0.0346    
Tue 09 Dec 2025 18:51:56 INFO  Saving current best: saved/SASRecD_Denoising-Dec-09-2025_18-02-16.pth
Tue 09 Dec 2025 18:53:50 INFO  epoch 24 training [time: 114.00s, train loss: 1465.1111]
Tue 09 Dec 2025 18:55:43 INFO  epoch 25 training [time: 112.90s, train loss: 1452.6322]
Tue 09 Dec 2025 18:56:00 INFO  epoch 25 evaluating [time: 17.43s, valid_score: 0.061000]
Tue 09 Dec 2025 18:56:00 INFO  valid result: 
recall@3 : 0.0269    recall@5 : 0.0396    recall@10 : 0.061    recall@20 : 0.089    ndcg@3 : 0.0163    ndcg@5 : 0.0215    ndcg@10 : 0.0284    ndcg@20 : 0.0354    
Tue 09 Dec 2025 18:56:02 INFO  Saving current best: saved/SASRecD_Denoising-Dec-09-2025_18-02-16.pth
Tue 09 Dec 2025 18:58:00 INFO  epoch 26 training [time: 117.34s, train loss: 1439.3775]
Tue 09 Dec 2025 19:00:00 INFO  epoch 27 training [time: 120.46s, train loss: 1427.6926]
Tue 09 Dec 2025 19:00:17 INFO  epoch 27 evaluating [time: 16.55s, valid_score: 0.062000]
Tue 09 Dec 2025 19:00:17 INFO  valid result: 
recall@3 : 0.0272    recall@5 : 0.0398    recall@10 : 0.062    recall@20 : 0.0908    ndcg@3 : 0.0165    ndcg@5 : 0.0217    ndcg@10 : 0.0288    ndcg@20 : 0.0361    
Tue 09 Dec 2025 19:00:19 INFO  Saving current best: saved/SASRecD_Denoising-Dec-09-2025_18-02-16.pth
Tue 09 Dec 2025 19:02:20 INFO  epoch 28 training [time: 120.86s, train loss: 1415.6014]
Tue 09 Dec 2025 19:04:20 INFO  epoch 29 training [time: 119.91s, train loss: 1403.4963]
Tue 09 Dec 2025 19:04:36 INFO  epoch 29 evaluating [time: 16.06s, valid_score: 0.062500]
Tue 09 Dec 2025 19:04:36 INFO  valid result: 
recall@3 : 0.0276    recall@5 : 0.0408    recall@10 : 0.0625    recall@20 : 0.0928    ndcg@3 : 0.0167    ndcg@5 : 0.0222    ndcg@10 : 0.0292    ndcg@20 : 0.0368    
Tue 09 Dec 2025 19:04:38 INFO  Saving current best: saved/SASRecD_Denoising-Dec-09-2025_18-02-16.pth
Tue 09 Dec 2025 19:06:38 INFO  epoch 30 training [time: 119.45s, train loss: 1392.4104]
Tue 09 Dec 2025 19:08:31 INFO  epoch 31 training [time: 112.63s, train loss: 1380.9983]
Tue 09 Dec 2025 19:08:47 INFO  epoch 31 evaluating [time: 16.82s, valid_score: 0.063100]
Tue 09 Dec 2025 19:08:47 INFO  valid result: 
recall@3 : 0.028    recall@5 : 0.0407    recall@10 : 0.0631    recall@20 : 0.094    ndcg@3 : 0.0169    ndcg@5 : 0.0221    ndcg@10 : 0.0293    ndcg@20 : 0.0371    
Tue 09 Dec 2025 19:08:50 INFO  Saving current best: saved/SASRecD_Denoising-Dec-09-2025_18-02-16.pth
Tue 09 Dec 2025 19:10:46 INFO  epoch 32 training [time: 115.87s, train loss: 1370.0212]
Tue 09 Dec 2025 19:12:36 INFO  epoch 33 training [time: 109.70s, train loss: 1359.7258]
Tue 09 Dec 2025 19:12:52 INFO  epoch 33 evaluating [time: 16.25s, valid_score: 0.064300]
Tue 09 Dec 2025 19:12:52 INFO  valid result: 
recall@3 : 0.0284    recall@5 : 0.0414    recall@10 : 0.0643    recall@20 : 0.0947    ndcg@3 : 0.0172    ndcg@5 : 0.0225    ndcg@10 : 0.0299    ndcg@20 : 0.0375    
Tue 09 Dec 2025 19:12:54 INFO  Saving current best: saved/SASRecD_Denoising-Dec-09-2025_18-02-16.pth
Tue 09 Dec 2025 19:14:55 INFO  epoch 34 training [time: 120.45s, train loss: 1348.8903]
Tue 09 Dec 2025 19:16:51 INFO  epoch 35 training [time: 116.52s, train loss: 1338.2785]
Tue 09 Dec 2025 19:17:08 INFO  epoch 35 evaluating [time: 16.87s, valid_score: 0.064600]
Tue 09 Dec 2025 19:17:08 INFO  valid result: 
recall@3 : 0.0282    recall@5 : 0.041    recall@10 : 0.0646    recall@20 : 0.0964    ndcg@3 : 0.0171    ndcg@5 : 0.0224    ndcg@10 : 0.03    ndcg@20 : 0.038    
Tue 09 Dec 2025 19:17:10 INFO  Saving current best: saved/SASRecD_Denoising-Dec-09-2025_18-02-16.pth
Tue 09 Dec 2025 19:19:09 INFO  epoch 36 training [time: 118.74s, train loss: 1328.0670]
Tue 09 Dec 2025 19:21:09 INFO  epoch 37 training [time: 120.20s, train loss: 1318.1446]
Tue 09 Dec 2025 19:21:26 INFO  epoch 37 evaluating [time: 16.34s, valid_score: 0.065100]
Tue 09 Dec 2025 19:21:26 INFO  valid result: 
recall@3 : 0.0285    recall@5 : 0.0417    recall@10 : 0.0651    recall@20 : 0.0969    ndcg@3 : 0.0172    ndcg@5 : 0.0226    ndcg@10 : 0.0302    ndcg@20 : 0.0382    
Tue 09 Dec 2025 19:21:28 INFO  Saving current best: saved/SASRecD_Denoising-Dec-09-2025_18-02-16.pth
Tue 09 Dec 2025 19:23:30 INFO  epoch 38 training [time: 121.80s, train loss: 1307.5298]
Tue 09 Dec 2025 19:25:26 INFO  epoch 39 training [time: 116.67s, train loss: 1297.0571]
Tue 09 Dec 2025 19:25:43 INFO  epoch 39 evaluating [time: 16.64s, valid_score: 0.065600]
Tue 09 Dec 2025 19:25:43 INFO  valid result: 
recall@3 : 0.0285    recall@5 : 0.0421    recall@10 : 0.0656    recall@20 : 0.0971    ndcg@3 : 0.0173    ndcg@5 : 0.0229    ndcg@10 : 0.0305    ndcg@20 : 0.0384    
Tue 09 Dec 2025 19:25:45 INFO  Saving current best: saved/SASRecD_Denoising-Dec-09-2025_18-02-16.pth
Tue 09 Dec 2025 19:27:42 INFO  epoch 40 training [time: 117.11s, train loss: 1286.9016]
Tue 09 Dec 2025 19:29:28 INFO  epoch 41 training [time: 105.27s, train loss: 1277.6131]
Tue 09 Dec 2025 19:29:43 INFO  epoch 41 evaluating [time: 15.69s, valid_score: 0.065300]
Tue 09 Dec 2025 19:29:43 INFO  valid result: 
recall@3 : 0.0292    recall@5 : 0.0417    recall@10 : 0.0653    recall@20 : 0.098    ndcg@3 : 0.0177    ndcg@5 : 0.0228    ndcg@10 : 0.0304    ndcg@20 : 0.0386    
Tue 09 Dec 2025 19:31:41 INFO  epoch 42 training [time: 117.44s, train loss: 1267.3833]
Tue 09 Dec 2025 19:33:33 INFO  epoch 43 training [time: 112.25s, train loss: 1257.0541]
Tue 09 Dec 2025 19:33:50 INFO  epoch 43 evaluating [time: 16.47s, valid_score: 0.065700]
Tue 09 Dec 2025 19:33:50 INFO  valid result: 
recall@3 : 0.0286    recall@5 : 0.0421    recall@10 : 0.0657    recall@20 : 0.0979    ndcg@3 : 0.0173    ndcg@5 : 0.0229    ndcg@10 : 0.0305    ndcg@20 : 0.0386    
Tue 09 Dec 2025 19:33:52 INFO  Saving current best: saved/SASRecD_Denoising-Dec-09-2025_18-02-16.pth
Tue 09 Dec 2025 19:35:47 INFO  epoch 44 training [time: 115.40s, train loss: 1247.4543]
Tue 09 Dec 2025 19:37:48 INFO  epoch 45 training [time: 121.15s, train loss: 1237.1747]
Tue 09 Dec 2025 19:38:05 INFO  epoch 45 evaluating [time: 16.23s, valid_score: 0.065800]
Tue 09 Dec 2025 19:38:05 INFO  valid result: 
recall@3 : 0.029    recall@5 : 0.0426    recall@10 : 0.0658    recall@20 : 0.0977    ndcg@3 : 0.0175    ndcg@5 : 0.0231    ndcg@10 : 0.0306    ndcg@20 : 0.0386    
Tue 09 Dec 2025 19:38:07 INFO  Saving current best: saved/SASRecD_Denoising-Dec-09-2025_18-02-16.pth
Tue 09 Dec 2025 19:40:03 INFO  epoch 46 training [time: 115.98s, train loss: 1227.4378]
Tue 09 Dec 2025 19:42:01 INFO  epoch 47 training [time: 118.25s, train loss: 1216.9984]
Tue 09 Dec 2025 19:42:20 INFO  epoch 47 evaluating [time: 18.82s, valid_score: 0.066600]
Tue 09 Dec 2025 19:42:20 INFO  valid result: 
recall@3 : 0.0288    recall@5 : 0.0425    recall@10 : 0.0666    recall@20 : 0.0989    ndcg@3 : 0.0174    ndcg@5 : 0.0231    ndcg@10 : 0.0308    ndcg@20 : 0.039    
Tue 09 Dec 2025 19:42:22 INFO  Saving current best: saved/SASRecD_Denoising-Dec-09-2025_18-02-16.pth
Tue 09 Dec 2025 19:44:19 INFO  epoch 48 training [time: 117.00s, train loss: 1207.7668]
Tue 09 Dec 2025 19:46:16 INFO  epoch 49 training [time: 116.75s, train loss: 1196.8189]
Tue 09 Dec 2025 19:46:33 INFO  epoch 49 evaluating [time: 16.78s, valid_score: 0.066700]
Tue 09 Dec 2025 19:46:33 INFO  valid result: 
recall@3 : 0.029    recall@5 : 0.0428    recall@10 : 0.0667    recall@20 : 0.0989    ndcg@3 : 0.0176    ndcg@5 : 0.0233    ndcg@10 : 0.0309    ndcg@20 : 0.0391    
Tue 09 Dec 2025 19:46:35 INFO  Saving current best: saved/SASRecD_Denoising-Dec-09-2025_18-02-16.pth
Tue 09 Dec 2025 19:48:31 INFO  epoch 50 training [time: 115.69s, train loss: 1186.9974]
Tue 09 Dec 2025 19:50:27 INFO  epoch 51 training [time: 116.11s, train loss: 1176.9552]
Tue 09 Dec 2025 19:50:45 INFO  epoch 51 evaluating [time: 18.43s, valid_score: 0.067100]
Tue 09 Dec 2025 19:50:45 INFO  valid result: 
recall@3 : 0.0294    recall@5 : 0.043    recall@10 : 0.0671    recall@20 : 0.0985    ndcg@3 : 0.0178    ndcg@5 : 0.0233    ndcg@10 : 0.0311    ndcg@20 : 0.039    
Tue 09 Dec 2025 19:50:48 INFO  Saving current best: saved/SASRecD_Denoising-Dec-09-2025_18-02-16.pth
Tue 09 Dec 2025 19:52:44 INFO  epoch 52 training [time: 116.28s, train loss: 1167.2881]
Tue 09 Dec 2025 19:54:43 INFO  epoch 53 training [time: 118.83s, train loss: 1156.1717]
Tue 09 Dec 2025 19:55:00 INFO  epoch 53 evaluating [time: 16.89s, valid_score: 0.066800]
Tue 09 Dec 2025 19:55:00 INFO  valid result: 
recall@3 : 0.0289    recall@5 : 0.0429    recall@10 : 0.0668    recall@20 : 0.0987    ndcg@3 : 0.0176    ndcg@5 : 0.0233    ndcg@10 : 0.031    ndcg@20 : 0.0391    
Tue 09 Dec 2025 19:57:03 INFO  epoch 54 training [time: 123.26s, train loss: 1146.1840]
Tue 09 Dec 2025 19:58:56 INFO  epoch 55 training [time: 112.89s, train loss: 1135.6796]
Tue 09 Dec 2025 19:59:14 INFO  epoch 55 evaluating [time: 17.77s, valid_score: 0.067400]
Tue 09 Dec 2025 19:59:14 INFO  valid result: 
recall@3 : 0.0287    recall@5 : 0.0432    recall@10 : 0.0674    recall@20 : 0.0989    ndcg@3 : 0.0175    ndcg@5 : 0.0234    ndcg@10 : 0.0312    ndcg@20 : 0.0391    
Tue 09 Dec 2025 19:59:16 INFO  Saving current best: saved/SASRecD_Denoising-Dec-09-2025_18-02-16.pth
Tue 09 Dec 2025 20:01:07 INFO  epoch 56 training [time: 111.61s, train loss: 1125.1134]
Tue 09 Dec 2025 20:03:00 INFO  epoch 57 training [time: 112.40s, train loss: 1113.3626]
Tue 09 Dec 2025 20:03:17 INFO  epoch 57 evaluating [time: 17.31s, valid_score: 0.067000]
Tue 09 Dec 2025 20:03:17 INFO  valid result: 
recall@3 : 0.0288    recall@5 : 0.0431    recall@10 : 0.067    recall@20 : 0.0984    ndcg@3 : 0.0175    ndcg@5 : 0.0234    ndcg@10 : 0.0311    ndcg@20 : 0.039    
Tue 09 Dec 2025 20:05:15 INFO  epoch 58 training [time: 117.36s, train loss: 1103.7665]
Tue 09 Dec 2025 20:07:15 INFO  epoch 59 training [time: 120.28s, train loss: 1093.0890]
Tue 09 Dec 2025 20:07:31 INFO  epoch 59 evaluating [time: 16.52s, valid_score: 0.066700]
Tue 09 Dec 2025 20:07:31 INFO  valid result: 
recall@3 : 0.0287    recall@5 : 0.0429    recall@10 : 0.0667    recall@20 : 0.0981    ndcg@3 : 0.0173    ndcg@5 : 0.0231    ndcg@10 : 0.0308    ndcg@20 : 0.0387    
Tue 09 Dec 2025 20:09:33 INFO  epoch 60 training [time: 121.50s, train loss: 1083.1216]
Tue 09 Dec 2025 20:11:32 INFO  epoch 61 training [time: 118.67s, train loss: 1071.4621]
Tue 09 Dec 2025 20:11:47 INFO  epoch 61 evaluating [time: 15.95s, valid_score: 0.066900]
Tue 09 Dec 2025 20:11:47 INFO  valid result: 
recall@3 : 0.0291    recall@5 : 0.0432    recall@10 : 0.0669    recall@20 : 0.0988    ndcg@3 : 0.0177    ndcg@5 : 0.0235    ndcg@10 : 0.0312    ndcg@20 : 0.0392    
Tue 09 Dec 2025 20:13:46 INFO  epoch 62 training [time: 118.49s, train loss: 1060.1537]
Tue 09 Dec 2025 20:15:46 INFO  epoch 63 training [time: 119.56s, train loss: 1049.0738]
Tue 09 Dec 2025 20:16:03 INFO  epoch 63 evaluating [time: 17.65s, valid_score: 0.067100]
Tue 09 Dec 2025 20:16:03 INFO  valid result: 
recall@3 : 0.0291    recall@5 : 0.0432    recall@10 : 0.0671    recall@20 : 0.0986    ndcg@3 : 0.0176    ndcg@5 : 0.0234    ndcg@10 : 0.0312    ndcg@20 : 0.0391    
Tue 09 Dec 2025 20:18:03 INFO  epoch 64 training [time: 120.13s, train loss: 1039.0582]
Tue 09 Dec 2025 20:19:58 INFO  epoch 65 training [time: 114.89s, train loss: 1026.7849]
Tue 09 Dec 2025 20:20:15 INFO  epoch 65 evaluating [time: 16.95s, valid_score: 0.066900]
Tue 09 Dec 2025 20:20:15 INFO  valid result: 
recall@3 : 0.029    recall@5 : 0.0436    recall@10 : 0.0669    recall@20 : 0.0977    ndcg@3 : 0.0176    ndcg@5 : 0.0236    ndcg@10 : 0.0311    ndcg@20 : 0.0389    
Tue 09 Dec 2025 20:22:14 INFO  epoch 66 training [time: 119.15s, train loss: 1015.6400]
Tue 09 Dec 2025 20:24:07 INFO  epoch 67 training [time: 112.40s, train loss: 1003.4063]
Tue 09 Dec 2025 20:24:24 INFO  epoch 67 evaluating [time: 16.97s, valid_score: 0.067700]
Tue 09 Dec 2025 20:24:24 INFO  valid result: 
recall@3 : 0.0292    recall@5 : 0.0432    recall@10 : 0.0677    recall@20 : 0.0993    ndcg@3 : 0.0178    ndcg@5 : 0.0235    ndcg@10 : 0.0314    ndcg@20 : 0.0394    
Tue 09 Dec 2025 20:24:26 INFO  Saving current best: saved/SASRecD_Denoising-Dec-09-2025_18-02-16.pth
Tue 09 Dec 2025 20:26:26 INFO  epoch 68 training [time: 120.19s, train loss: 992.9117]
Tue 09 Dec 2025 20:28:32 INFO  epoch 69 training [time: 125.53s, train loss: 981.0036]
Tue 09 Dec 2025 20:28:48 INFO  epoch 69 evaluating [time: 15.84s, valid_score: 0.067100]
Tue 09 Dec 2025 20:28:48 INFO  valid result: 
recall@3 : 0.0296    recall@5 : 0.0439    recall@10 : 0.0671    recall@20 : 0.0991    ndcg@3 : 0.0179    ndcg@5 : 0.0238    ndcg@10 : 0.0312    ndcg@20 : 0.0393    
Tue 09 Dec 2025 20:30:46 INFO  epoch 70 training [time: 118.23s, train loss: 969.4819]
Tue 09 Dec 2025 20:32:40 INFO  epoch 71 training [time: 113.85s, train loss: 957.6128]
Tue 09 Dec 2025 20:32:56 INFO  epoch 71 evaluating [time: 16.58s, valid_score: 0.067200]
Tue 09 Dec 2025 20:32:56 INFO  valid result: 
recall@3 : 0.0295    recall@5 : 0.0429    recall@10 : 0.0672    recall@20 : 0.0987    ndcg@3 : 0.0179    ndcg@5 : 0.0234    ndcg@10 : 0.0312    ndcg@20 : 0.0391    
Tue 09 Dec 2025 20:34:54 INFO  epoch 72 training [time: 117.23s, train loss: 945.3804]
Tue 09 Dec 2025 20:36:48 INFO  epoch 73 training [time: 114.55s, train loss: 933.3755]
Tue 09 Dec 2025 20:37:05 INFO  epoch 73 evaluating [time: 16.93s, valid_score: 0.067300]
Tue 09 Dec 2025 20:37:05 INFO  valid result: 
recall@3 : 0.0293    recall@5 : 0.0435    recall@10 : 0.0673    recall@20 : 0.0989    ndcg@3 : 0.0179    ndcg@5 : 0.0237    ndcg@10 : 0.0313    ndcg@20 : 0.0393    
Tue 09 Dec 2025 20:39:04 INFO  epoch 74 training [time: 118.81s, train loss: 922.3365]
Tue 09 Dec 2025 20:40:58 INFO  epoch 75 training [time: 114.39s, train loss: 909.7185]
Tue 09 Dec 2025 20:41:14 INFO  epoch 75 evaluating [time: 15.86s, valid_score: 0.066500]
Tue 09 Dec 2025 20:41:14 INFO  valid result: 
recall@3 : 0.0292    recall@5 : 0.0426    recall@10 : 0.0665    recall@20 : 0.0987    ndcg@3 : 0.0178    ndcg@5 : 0.0233    ndcg@10 : 0.031    ndcg@20 : 0.0391    
Tue 09 Dec 2025 20:43:10 INFO  epoch 76 training [time: 116.08s, train loss: 896.8057]
Tue 09 Dec 2025 20:45:04 INFO  epoch 77 training [time: 114.21s, train loss: 884.4667]
Tue 09 Dec 2025 20:45:23 INFO  epoch 77 evaluating [time: 18.17s, valid_score: 0.067600]
Tue 09 Dec 2025 20:45:23 INFO  valid result: 
recall@3 : 0.0288    recall@5 : 0.043    recall@10 : 0.0676    recall@20 : 0.0985    ndcg@3 : 0.0176    ndcg@5 : 0.0234    ndcg@10 : 0.0313    ndcg@20 : 0.0391    
Tue 09 Dec 2025 20:47:20 INFO  epoch 78 training [time: 117.54s, train loss: 872.9594]
Tue 09 Dec 2025 20:49:11 INFO  epoch 79 training [time: 111.26s, train loss: 859.2051]
Tue 09 Dec 2025 20:49:28 INFO  epoch 79 evaluating [time: 16.95s, valid_score: 0.066400]
Tue 09 Dec 2025 20:49:28 INFO  valid result: 
recall@3 : 0.029    recall@5 : 0.0428    recall@10 : 0.0664    recall@20 : 0.0974    ndcg@3 : 0.0177    ndcg@5 : 0.0234    ndcg@10 : 0.031    ndcg@20 : 0.0388    
Tue 09 Dec 2025 20:51:28 INFO  epoch 80 training [time: 119.96s, train loss: 847.2895]
Tue 09 Dec 2025 20:53:33 INFO  epoch 81 training [time: 125.12s, train loss: 834.2560]
Tue 09 Dec 2025 20:53:51 INFO  epoch 81 evaluating [time: 17.54s, valid_score: 0.066600]
Tue 09 Dec 2025 20:53:51 INFO  valid result: 
recall@3 : 0.0289    recall@5 : 0.0441    recall@10 : 0.0666    recall@20 : 0.0986    ndcg@3 : 0.0179    ndcg@5 : 0.0241    ndcg@10 : 0.0314    ndcg@20 : 0.0394    
Tue 09 Dec 2025 20:55:46 INFO  epoch 82 training [time: 115.45s, train loss: 821.7387]
Tue 09 Dec 2025 20:57:43 INFO  epoch 83 training [time: 116.13s, train loss: 808.3788]
Tue 09 Dec 2025 20:58:00 INFO  epoch 83 evaluating [time: 17.05s, valid_score: 0.066900]
Tue 09 Dec 2025 20:58:00 INFO  valid result: 
recall@3 : 0.0293    recall@5 : 0.0423    recall@10 : 0.0669    recall@20 : 0.0975    ndcg@3 : 0.0179    ndcg@5 : 0.0233    ndcg@10 : 0.0311    ndcg@20 : 0.0388    
Tue 09 Dec 2025 21:00:03 INFO  epoch 84 training [time: 123.55s, train loss: 795.8134]
Tue 09 Dec 2025 21:02:02 INFO  epoch 85 training [time: 119.22s, train loss: 782.6672]
Tue 09 Dec 2025 21:02:20 INFO  epoch 85 evaluating [time: 17.08s, valid_score: 0.065900]
Tue 09 Dec 2025 21:02:20 INFO  valid result: 
recall@3 : 0.029    recall@5 : 0.0432    recall@10 : 0.0659    recall@20 : 0.0972    ndcg@3 : 0.0177    ndcg@5 : 0.0236    ndcg@10 : 0.0309    ndcg@20 : 0.0388    
Tue 09 Dec 2025 21:04:12 INFO  epoch 86 training [time: 112.74s, train loss: 768.5132]
Tue 09 Dec 2025 21:06:05 INFO  epoch 87 training [time: 112.52s, train loss: 755.2088]
Tue 09 Dec 2025 21:06:21 INFO  epoch 87 evaluating [time: 16.67s, valid_score: 0.066200]
Tue 09 Dec 2025 21:06:21 INFO  valid result: 
recall@3 : 0.0294    recall@5 : 0.0424    recall@10 : 0.0662    recall@20 : 0.0974    ndcg@3 : 0.0178    ndcg@5 : 0.0231    ndcg@10 : 0.0308    ndcg@20 : 0.0387    
Tue 09 Dec 2025 21:08:25 INFO  epoch 88 training [time: 123.11s, train loss: 741.3686]
Tue 09 Dec 2025 21:10:20 INFO  epoch 89 training [time: 115.06s, train loss: 728.5143]
Tue 09 Dec 2025 21:10:38 INFO  epoch 89 evaluating [time: 18.10s, valid_score: 0.065100]
Tue 09 Dec 2025 21:10:38 INFO  valid result: 
recall@3 : 0.0293    recall@5 : 0.0429    recall@10 : 0.0651    recall@20 : 0.0975    ndcg@3 : 0.0183    ndcg@5 : 0.0239    ndcg@10 : 0.031    ndcg@20 : 0.0392    
Tue 09 Dec 2025 21:10:38 INFO  Finished training, best eval result in epoch 67
Tue 09 Dec 2025 21:10:39 INFO  Loading model structure and parameters from saved/SASRecD_Denoising-Dec-09-2025_18-02-16.pth
Tue 09 Dec 2025 21:10:57 INFO  best valid : {'recall@3': np.float64(0.0292), 'recall@5': np.float64(0.0432), 'recall@10': np.float64(0.0677), 'recall@20': np.float64(0.0993), 'ndcg@3': np.float64(0.0178), 'ndcg@5': np.float64(0.0235), 'ndcg@10': np.float64(0.0314), 'ndcg@20': np.float64(0.0394)}
Tue 09 Dec 2025 21:10:57 INFO  test result: {'recall@3': np.float64(0.0233), 'recall@5': np.float64(0.035), 'recall@10': np.float64(0.0547), 'recall@20': np.float64(0.0794), 'ndcg@3': np.float64(0.0143), 'ndcg@5': np.float64(0.0191), 'ndcg@10': np.float64(0.0255), 'ndcg@20': np.float64(0.0317)}
