Mon 08 Dec 2025 14:16:31 INFO  
General Hyper Parameters:
gpu_id = 0
use_gpu = True
seed = 214
state = INFO
reproducibility = False
data_path = ./recbole/data/dataset/Amazon_Sports_and_Outdoors
show_progress = True
save_dataset = False
save_dataloaders = False
benchmark_filename = None

Training Hyper Parameters:
checkpoint_dir = saved
epochs = 200
train_batch_size = 1024
learner = adam
learning_rate = 0.0001
eval_step = 2
stopping_step = 10
clip_grad_norm = None
weight_decay = 0.0
loss_decimal_place = 4

Evaluation Hyper Parameters:
eval_args = {'split': {'LS': 'valid_and_test'}, 'group_by': 'user', 'order': 'TO', 'mode': 'full'}
metrics = ['Recall', 'NDCG']
topk = [3, 5, 10, 20]
valid_metric = Recall@10
valid_metric_bigger = True
eval_batch_size = 256
metric_decimal_place = 4

Dataset Hyper Parameters:
field_separator = 	
seq_separator =  
USER_ID_FIELD = user_id
ITEM_ID_FIELD = item_id
RATING_FIELD = rating
TIME_FIELD = timestamp
seq_len = None
LABEL_FIELD = label
threshold = None
NEG_PREFIX = neg_
load_col = {'inter': ['user_id', 'item_id', 'rating', 'timestamp'], 'item': ['item_id', 'title', 'sales_rank', 'price', 'brand', 'categories', 'sales_type'], 'title_original': ['ent_id', 'ent_emb']}
unload_col = None
unused_col = None
additional_feat_suffix = ['title_original']
rm_dup_inter = None
val_interval = None
filter_inter_by_user_or_item = True
user_inter_num_interval = [5,inf)
item_inter_num_interval = [5,inf)
alias_of_user_id = None
alias_of_item_id = ['ent_id']
alias_of_entity_id = None
alias_of_relation_id = None
preload_weight = {'ent_id': 'ent_emb'}
normalize_field = None
normalize_all = None
ITEM_LIST_LENGTH_FIELD = item_length
LIST_SUFFIX = _list
MAX_ITEM_LIST_LENGTH = 50
POSITION_FIELD = position_id
HEAD_ENTITY_ID_FIELD = head_id
TAIL_ENTITY_ID_FIELD = tail_id
RELATION_ID_FIELD = relation_id
ENTITY_ID_FIELD = entity_id

Other Hyper Parameters: 
neg_sampling = None
multi_gpus = False
repeatable = True
MODEL_TYPE = ModelType.SEQUENTIAL
n_layers = 3
n_heads = 8
hidden_size = 256
orig_attribute_hidden_size = [1024, 4096]
attribute_hidden_size = [128, 128]
inner_size = 256
hidden_dropout_prob = 0.5
attn_dropout_prob = 0.3
hidden_act = gelu
layer_norm_eps = 1e-12
initializer_range = 0.02
selected_features = ['ent_emb', 'categories']
feature_type = ['static', 'categorical']
pooling_mode = sum
loss_type = CE
weight_sharing = not
fusion_type = gate
lamdas = [5, 5]
attribute_predictor = ['cos_sim', 'linear']
diffusion = {'device': 'cuda', 'dims': [1000], 'emb_size': 20, 'mean_type': 'x0', 'noise_max': 0.02, 'noise_min': 0.0001, 'noise_scale': 0.1, 'noise_schedule': 'linear-var', 'norm': False, 'num_heads': 4, 'reweight': True, 'sampling_noise': False, 'sampling_steps': 0, 'steps': 5, 'structure': 'MLP', 'time_type': 'cat', 'hiddenSize': 128, 'inputSize': 128}
lambda = 0.5
wandb_run_name = titles_categories(ablation_study)
annealing = False
MODEL_INPUT_TYPE = InputType.POINTWISE
eval_type = EvaluatorType.RANKING
device = cuda
train_neg_sample_args = {'strategy': 'none'}
eval_neg_sample_args = {'strategy': 'full', 'distribution': 'uniform'}


Mon 08 Dec 2025 14:16:38 INFO  Amazon_Sports_and_Outdoors
The number of users: 35599
Average actions of users: 8.324540704533963
The number of items: 18358
Average actions of items: 16.142997221768262
The number of inters: 296337
The sparsity of the dataset: 99.95465569853714%
Remain Fields: ['user_id', 'item_id', 'rating', 'timestamp', 'title', 'price', 'brand', 'categories', 'sales_type', 'sales_rank', 'ent_id', 'ent_emb']
Mon 08 Dec 2025 14:16:41 INFO  [Training]: train_batch_size = [1024] negative sampling: [None]
Mon 08 Dec 2025 14:16:41 INFO  [Evaluation]: eval_batch_size = [256] eval_args: [{'split': {'LS': 'valid_and_test'}, 'group_by': 'user', 'order': 'TO', 'mode': 'full'}]
Mon 08 Dec 2025 14:16:43 INFO  SASRecD_Denoising(
  (item_embedding): Embedding(18358, 256, padding_idx=0)
  (position_embedding): Embedding(50, 256)
  (feature_embed_layer_list): ModuleList(
    (0): Embedding(
      18358, 1024
      (mlp): MLP(
        (net): Sequential(
          (0): Linear(in_features=1024, out_features=512, bias=True)
          (1): ReLU()
          (2): Dropout(p=0.1, inplace=False)
          (3): Linear(in_features=512, out_features=256, bias=True)
          (4): ReLU()
          (5): Dropout(p=0.1, inplace=False)
          (6): Linear(in_features=256, out_features=128, bias=True)
          (7): LayerNorm((128,), eps=1e-05, elementwise_affine=True)
        )
      )
    )
    (1): FeatureSeqEmbLayer()
  )
  (diffusion): ModuleList(
    (0): GaussianDiffusion(
      (model): DNN(
        (emb_layer): Linear(in_features=10, out_features=10, bias=True)
        (in_layers): ModuleList()
        (out_layers): ModuleList()
        (emb_out_linear): Linear(in_features=138, out_features=128, bias=True)
        (drop): Dropout(p=0.5, inplace=False)
      )
      (loss_layer): Linear(in_features=128, out_features=128, bias=True)
    )
    (1): Identity()
  )
  (trm_encoder): DIFTransformerEncoder(
    (layer): ModuleList(
      (0-2): 3 x DIFTransformerLayer(
        (multi_head_attention): DIFMultiHeadAttention(
          (query): Linear(in_features=256, out_features=256, bias=True)
          (key): Linear(in_features=256, out_features=256, bias=True)
          (value): Linear(in_features=256, out_features=256, bias=True)
          (query_p): Linear(in_features=256, out_features=256, bias=True)
          (key_p): Linear(in_features=256, out_features=256, bias=True)
          (query_layers): ModuleList(
            (0-1): 2 x Linear(in_features=128, out_features=128, bias=True)
          )
          (key_layers): ModuleList(
            (0-1): 2 x Linear(in_features=128, out_features=128, bias=True)
          )
          (fusion_layer): VanillaAttention(
            (projection): Sequential(
              (0): Linear(in_features=50, out_features=50, bias=True)
              (1): ReLU(inplace=True)
              (2): Linear(in_features=50, out_features=1, bias=True)
            )
          )
          (attn_dropout): Dropout(p=0.3, inplace=False)
          (dense): Linear(in_features=256, out_features=256, bias=True)
          (LayerNorm): LayerNorm((256,), eps=1e-12, elementwise_affine=True)
          (out_dropout): Dropout(p=0.5, inplace=False)
        )
        (feed_forward): FeedForward(
          (dense_1): Linear(in_features=256, out_features=256, bias=True)
          (dense_2): Linear(in_features=256, out_features=256, bias=True)
          (LayerNorm): LayerNorm((256,), eps=1e-12, elementwise_affine=True)
          (dropout): Dropout(p=0.5, inplace=False)
        )
      )
    )
  )
  (ap): ModuleList(
    (0): Linear(in_features=256, out_features=1024, bias=True)
    (1): Linear(in_features=256, out_features=1876, bias=True)
  )
  (LayerNorm): LayerNorm((256,), eps=1e-12, elementwise_affine=True)
  (dropout): Dropout(p=0.5, inplace=False)
  (loss_fct): CrossEntropyLoss()
  (attribute_loss_fct): BCEWithLogitsLoss()
)
Trainable parameters: 7969981
Mon 08 Dec 2025 14:18:59 INFO  epoch 0 training [time: 135.24s, train loss: 2129.7424]
Mon 08 Dec 2025 14:21:05 INFO  epoch 1 training [time: 126.37s, train loss: 1873.5773]
Mon 08 Dec 2025 14:21:25 INFO  epoch 1 evaluating [time: 19.08s, valid_score: 0.012400]
Mon 08 Dec 2025 14:21:25 INFO  valid result: 
recall@3 : 0.006    recall@5 : 0.0082    recall@10 : 0.0124    recall@20 : 0.0239    ndcg@3 : 0.0044    ndcg@5 : 0.0053    ndcg@10 : 0.0066    ndcg@20 : 0.0095    
Mon 08 Dec 2025 14:21:27 INFO  Saving current best: saved/SASRecD_Denoising-Dec-08-2025_14-16-43.pth
Mon 08 Dec 2025 14:23:38 INFO  epoch 2 training [time: 130.88s, train loss: 1856.1679]
Mon 08 Dec 2025 14:25:49 INFO  epoch 3 training [time: 131.19s, train loss: 1849.2885]
Mon 08 Dec 2025 14:26:08 INFO  epoch 3 evaluating [time: 18.63s, valid_score: 0.012600]
Mon 08 Dec 2025 14:26:08 INFO  valid result: 
recall@3 : 0.0059    recall@5 : 0.0084    recall@10 : 0.0126    recall@20 : 0.0237    ndcg@3 : 0.0044    ndcg@5 : 0.0054    ndcg@10 : 0.0067    ndcg@20 : 0.0095    
Mon 08 Dec 2025 14:26:10 INFO  Saving current best: saved/SASRecD_Denoising-Dec-08-2025_14-16-43.pth
Mon 08 Dec 2025 14:28:15 INFO  epoch 4 training [time: 125.12s, train loss: 1842.1626]
Mon 08 Dec 2025 14:30:23 INFO  epoch 5 training [time: 127.45s, train loss: 1832.2585]
Mon 08 Dec 2025 14:30:42 INFO  epoch 5 evaluating [time: 19.46s, valid_score: 0.013600]
Mon 08 Dec 2025 14:30:42 INFO  valid result: 
recall@3 : 0.0058    recall@5 : 0.0084    recall@10 : 0.0136    recall@20 : 0.0236    ndcg@3 : 0.0042    ndcg@5 : 0.0052    ndcg@10 : 0.0069    ndcg@20 : 0.0094    
Mon 08 Dec 2025 14:30:45 INFO  Saving current best: saved/SASRecD_Denoising-Dec-08-2025_14-16-43.pth
Mon 08 Dec 2025 14:32:47 INFO  epoch 6 training [time: 122.47s, train loss: 1813.4814]
Mon 08 Dec 2025 14:34:51 INFO  epoch 7 training [time: 123.59s, train loss: 1782.2347]
Mon 08 Dec 2025 14:35:09 INFO  epoch 7 evaluating [time: 18.61s, valid_score: 0.021600]
Mon 08 Dec 2025 14:35:09 INFO  valid result: 
recall@3 : 0.0082    recall@5 : 0.0121    recall@10 : 0.0216    recall@20 : 0.0363    ndcg@3 : 0.006    ndcg@5 : 0.0075    ndcg@10 : 0.0106    ndcg@20 : 0.0143    
Mon 08 Dec 2025 14:35:11 INFO  Saving current best: saved/SASRecD_Denoising-Dec-08-2025_14-16-43.pth
Mon 08 Dec 2025 14:37:30 INFO  epoch 8 training [time: 138.44s, train loss: 1756.1167]
Mon 08 Dec 2025 14:39:33 INFO  epoch 9 training [time: 122.74s, train loss: 1732.4497]
Mon 08 Dec 2025 14:39:52 INFO  epoch 9 evaluating [time: 19.71s, valid_score: 0.025800]
Mon 08 Dec 2025 14:39:52 INFO  valid result: 
recall@3 : 0.0096    recall@5 : 0.0141    recall@10 : 0.0258    recall@20 : 0.043    ndcg@3 : 0.0067    ndcg@5 : 0.0086    ndcg@10 : 0.0123    ndcg@20 : 0.0166    
Mon 08 Dec 2025 14:39:55 INFO  Saving current best: saved/SASRecD_Denoising-Dec-08-2025_14-16-43.pth
Mon 08 Dec 2025 14:42:01 INFO  epoch 10 training [time: 126.62s, train loss: 1710.3074]
Mon 08 Dec 2025 14:44:08 INFO  epoch 11 training [time: 126.56s, train loss: 1687.6870]
Mon 08 Dec 2025 14:44:25 INFO  epoch 11 evaluating [time: 17.54s, valid_score: 0.032400]
Mon 08 Dec 2025 14:44:25 INFO  valid result: 
recall@3 : 0.0123    recall@5 : 0.019    recall@10 : 0.0324    recall@20 : 0.0539    ndcg@3 : 0.0083    ndcg@5 : 0.011    ndcg@10 : 0.0153    ndcg@20 : 0.0207    
Mon 08 Dec 2025 14:44:28 INFO  Saving current best: saved/SASRecD_Denoising-Dec-08-2025_14-16-43.pth
Mon 08 Dec 2025 14:46:33 INFO  epoch 12 training [time: 125.02s, train loss: 1666.1147]
Mon 08 Dec 2025 14:48:55 INFO  epoch 13 training [time: 142.08s, train loss: 1644.4921]
Mon 08 Dec 2025 14:49:17 INFO  epoch 13 evaluating [time: 22.46s, valid_score: 0.039200]
Mon 08 Dec 2025 14:49:17 INFO  valid result: 
recall@3 : 0.0162    recall@5 : 0.0237    recall@10 : 0.0392    recall@20 : 0.0614    ndcg@3 : 0.0107    ndcg@5 : 0.0138    ndcg@10 : 0.0187    ndcg@20 : 0.0243    
Mon 08 Dec 2025 14:49:19 INFO  Saving current best: saved/SASRecD_Denoising-Dec-08-2025_14-16-43.pth
Mon 08 Dec 2025 14:51:26 INFO  epoch 14 training [time: 126.84s, train loss: 1624.2161]
Mon 08 Dec 2025 14:53:33 INFO  epoch 15 training [time: 127.22s, train loss: 1604.8540]
Mon 08 Dec 2025 14:53:51 INFO  epoch 15 evaluating [time: 17.98s, valid_score: 0.045400]
Mon 08 Dec 2025 14:53:51 INFO  valid result: 
recall@3 : 0.0191    recall@5 : 0.0279    recall@10 : 0.0454    recall@20 : 0.0691    ndcg@3 : 0.0121    ndcg@5 : 0.0157    ndcg@10 : 0.0213    ndcg@20 : 0.0273    
Mon 08 Dec 2025 14:53:54 INFO  Saving current best: saved/SASRecD_Denoising-Dec-08-2025_14-16-43.pth
Mon 08 Dec 2025 14:56:03 INFO  epoch 16 training [time: 129.22s, train loss: 1586.9096]
Mon 08 Dec 2025 14:58:12 INFO  epoch 17 training [time: 129.74s, train loss: 1569.1312]
Mon 08 Dec 2025 14:58:31 INFO  epoch 17 evaluating [time: 18.05s, valid_score: 0.049200]
Mon 08 Dec 2025 14:58:31 INFO  valid result: 
recall@3 : 0.0209    recall@5 : 0.0311    recall@10 : 0.0492    recall@20 : 0.0753    ndcg@3 : 0.0131    ndcg@5 : 0.0173    ndcg@10 : 0.0232    ndcg@20 : 0.0298    
Mon 08 Dec 2025 14:58:33 INFO  Saving current best: saved/SASRecD_Denoising-Dec-08-2025_14-16-43.pth
Mon 08 Dec 2025 15:00:39 INFO  epoch 18 training [time: 125.89s, train loss: 1552.1396]
Mon 08 Dec 2025 15:02:46 INFO  epoch 19 training [time: 127.70s, train loss: 1536.2327]
Mon 08 Dec 2025 15:03:04 INFO  epoch 19 evaluating [time: 17.93s, valid_score: 0.053500]
Mon 08 Dec 2025 15:03:04 INFO  valid result: 
recall@3 : 0.0228    recall@5 : 0.0345    recall@10 : 0.0535    recall@20 : 0.0791    ndcg@3 : 0.0141    ndcg@5 : 0.0189    ndcg@10 : 0.0251    ndcg@20 : 0.0315    
Mon 08 Dec 2025 15:03:07 INFO  Saving current best: saved/SASRecD_Denoising-Dec-08-2025_14-16-43.pth
Mon 08 Dec 2025 15:05:11 INFO  epoch 20 training [time: 123.87s, train loss: 1520.9459]
Mon 08 Dec 2025 15:07:20 INFO  epoch 21 training [time: 129.64s, train loss: 1506.2614]
Mon 08 Dec 2025 15:07:41 INFO  epoch 21 evaluating [time: 21.32s, valid_score: 0.056100]
Mon 08 Dec 2025 15:07:41 INFO  valid result: 
recall@3 : 0.0241    recall@5 : 0.0362    recall@10 : 0.0561    recall@20 : 0.0828    ndcg@3 : 0.0148    ndcg@5 : 0.0198    ndcg@10 : 0.0262    ndcg@20 : 0.0329    
Mon 08 Dec 2025 15:07:44 INFO  Saving current best: saved/SASRecD_Denoising-Dec-08-2025_14-16-43.pth
Mon 08 Dec 2025 15:09:51 INFO  epoch 22 training [time: 126.88s, train loss: 1491.5602]
Mon 08 Dec 2025 15:11:59 INFO  epoch 23 training [time: 128.72s, train loss: 1477.9599]
Mon 08 Dec 2025 15:12:21 INFO  epoch 23 evaluating [time: 22.04s, valid_score: 0.059300]
Mon 08 Dec 2025 15:12:21 INFO  valid result: 
recall@3 : 0.0262    recall@5 : 0.0378    recall@10 : 0.0593    recall@20 : 0.0859    ndcg@3 : 0.0158    ndcg@5 : 0.0206    ndcg@10 : 0.0275    ndcg@20 : 0.0342    
Mon 08 Dec 2025 15:12:24 INFO  Saving current best: saved/SASRecD_Denoising-Dec-08-2025_14-16-43.pth
Mon 08 Dec 2025 15:14:42 INFO  epoch 24 training [time: 138.24s, train loss: 1465.0683]
Mon 08 Dec 2025 15:16:50 INFO  epoch 25 training [time: 128.72s, train loss: 1451.9613]
Mon 08 Dec 2025 15:17:09 INFO  epoch 25 evaluating [time: 18.07s, valid_score: 0.060100]
Mon 08 Dec 2025 15:17:09 INFO  valid result: 
recall@3 : 0.0272    recall@5 : 0.0389    recall@10 : 0.0601    recall@20 : 0.0884    ndcg@3 : 0.0164    ndcg@5 : 0.0212    ndcg@10 : 0.0281    ndcg@20 : 0.0352    
Mon 08 Dec 2025 15:17:11 INFO  Saving current best: saved/SASRecD_Denoising-Dec-08-2025_14-16-43.pth
Mon 08 Dec 2025 15:19:16 INFO  epoch 26 training [time: 125.62s, train loss: 1439.5156]
Mon 08 Dec 2025 15:21:24 INFO  epoch 27 training [time: 128.12s, train loss: 1427.5220]
Mon 08 Dec 2025 15:21:44 INFO  epoch 27 evaluating [time: 19.58s, valid_score: 0.061200]
Mon 08 Dec 2025 15:21:44 INFO  valid result: 
recall@3 : 0.0274    recall@5 : 0.04    recall@10 : 0.0612    recall@20 : 0.09    ndcg@3 : 0.0165    ndcg@5 : 0.0216    ndcg@10 : 0.0284    ndcg@20 : 0.0357    
Mon 08 Dec 2025 15:21:46 INFO  Saving current best: saved/SASRecD_Denoising-Dec-08-2025_14-16-43.pth
Mon 08 Dec 2025 15:23:55 INFO  epoch 28 training [time: 128.88s, train loss: 1415.5071]
Mon 08 Dec 2025 15:26:03 INFO  epoch 29 training [time: 127.67s, train loss: 1404.1637]
Mon 08 Dec 2025 15:26:21 INFO  epoch 29 evaluating [time: 17.83s, valid_score: 0.062500]
Mon 08 Dec 2025 15:26:21 INFO  valid result: 
recall@3 : 0.0281    recall@5 : 0.0405    recall@10 : 0.0625    recall@20 : 0.092    ndcg@3 : 0.0168    ndcg@5 : 0.0219    ndcg@10 : 0.0289    ndcg@20 : 0.0364    
Mon 08 Dec 2025 15:26:23 INFO  Saving current best: saved/SASRecD_Denoising-Dec-08-2025_14-16-43.pth
Mon 08 Dec 2025 15:28:26 INFO  epoch 30 training [time: 123.46s, train loss: 1393.0699]
Mon 08 Dec 2025 15:30:32 INFO  epoch 31 training [time: 126.23s, train loss: 1381.6188]
Mon 08 Dec 2025 15:30:51 INFO  epoch 31 evaluating [time: 18.85s, valid_score: 0.063200]
Mon 08 Dec 2025 15:30:51 INFO  valid result: 
recall@3 : 0.028    recall@5 : 0.041    recall@10 : 0.0632    recall@20 : 0.0935    ndcg@3 : 0.0168    ndcg@5 : 0.0221    ndcg@10 : 0.0292    ndcg@20 : 0.0369    
Mon 08 Dec 2025 15:30:54 INFO  Saving current best: saved/SASRecD_Denoising-Dec-08-2025_14-16-43.pth
Mon 08 Dec 2025 15:32:57 INFO  epoch 32 training [time: 123.27s, train loss: 1370.5327]
Mon 08 Dec 2025 15:35:05 INFO  epoch 33 training [time: 128.37s, train loss: 1359.7218]
Mon 08 Dec 2025 15:35:24 INFO  epoch 33 evaluating [time: 18.76s, valid_score: 0.064000]
Mon 08 Dec 2025 15:35:24 INFO  valid result: 
recall@3 : 0.0279    recall@5 : 0.0413    recall@10 : 0.064    recall@20 : 0.0946    ndcg@3 : 0.0168    ndcg@5 : 0.0223    ndcg@10 : 0.0296    ndcg@20 : 0.0373    
Mon 08 Dec 2025 15:35:26 INFO  Saving current best: saved/SASRecD_Denoising-Dec-08-2025_14-16-43.pth
Mon 08 Dec 2025 15:37:42 INFO  epoch 34 training [time: 136.20s, train loss: 1349.1305]
Mon 08 Dec 2025 15:39:56 INFO  epoch 35 training [time: 133.87s, train loss: 1339.0401]
Mon 08 Dec 2025 15:40:16 INFO  epoch 35 evaluating [time: 19.77s, valid_score: 0.064700]
Mon 08 Dec 2025 15:40:16 INFO  valid result: 
recall@3 : 0.0283    recall@5 : 0.0424    recall@10 : 0.0647    recall@20 : 0.0958    ndcg@3 : 0.017    ndcg@5 : 0.0227    ndcg@10 : 0.0299    ndcg@20 : 0.0377    
Mon 08 Dec 2025 15:40:18 INFO  Saving current best: saved/SASRecD_Denoising-Dec-08-2025_14-16-43.pth
Mon 08 Dec 2025 15:42:24 INFO  epoch 36 training [time: 125.40s, train loss: 1328.3143]
Mon 08 Dec 2025 15:44:31 INFO  epoch 37 training [time: 127.32s, train loss: 1317.7206]
Mon 08 Dec 2025 15:44:50 INFO  epoch 37 evaluating [time: 19.44s, valid_score: 0.065000]
Mon 08 Dec 2025 15:44:50 INFO  valid result: 
recall@3 : 0.0287    recall@5 : 0.0425    recall@10 : 0.065    recall@20 : 0.0959    ndcg@3 : 0.0172    ndcg@5 : 0.0229    ndcg@10 : 0.0301    ndcg@20 : 0.0378    
Mon 08 Dec 2025 15:44:53 INFO  Saving current best: saved/SASRecD_Denoising-Dec-08-2025_14-16-43.pth
Mon 08 Dec 2025 15:47:08 INFO  epoch 38 training [time: 135.75s, train loss: 1307.5306]
Mon 08 Dec 2025 15:49:13 INFO  epoch 39 training [time: 124.50s, train loss: 1297.7657]
Mon 08 Dec 2025 15:49:31 INFO  epoch 39 evaluating [time: 18.18s, valid_score: 0.065200]
Mon 08 Dec 2025 15:49:31 INFO  valid result: 
recall@3 : 0.0287    recall@5 : 0.0427    recall@10 : 0.0652    recall@20 : 0.0964    ndcg@3 : 0.0173    ndcg@5 : 0.023    ndcg@10 : 0.0303    ndcg@20 : 0.0381    
Mon 08 Dec 2025 15:49:33 INFO  Saving current best: saved/SASRecD_Denoising-Dec-08-2025_14-16-43.pth
Mon 08 Dec 2025 15:51:42 INFO  epoch 40 training [time: 128.39s, train loss: 1287.7955]
Mon 08 Dec 2025 15:53:50 INFO  epoch 41 training [time: 128.23s, train loss: 1277.3922]
Mon 08 Dec 2025 15:54:10 INFO  epoch 41 evaluating [time: 19.87s, valid_score: 0.065400]
Mon 08 Dec 2025 15:54:10 INFO  valid result: 
recall@3 : 0.0286    recall@5 : 0.0426    recall@10 : 0.0654    recall@20 : 0.0962    ndcg@3 : 0.0173    ndcg@5 : 0.0231    ndcg@10 : 0.0304    ndcg@20 : 0.0381    
Mon 08 Dec 2025 15:54:12 INFO  Saving current best: saved/SASRecD_Denoising-Dec-08-2025_14-16-43.pth
Mon 08 Dec 2025 15:56:17 INFO  epoch 42 training [time: 124.51s, train loss: 1268.0876]
Mon 08 Dec 2025 15:58:24 INFO  epoch 43 training [time: 127.78s, train loss: 1257.5513]
Mon 08 Dec 2025 15:58:42 INFO  epoch 43 evaluating [time: 17.37s, valid_score: 0.065600]
Mon 08 Dec 2025 15:58:42 INFO  valid result: 
recall@3 : 0.029    recall@5 : 0.0428    recall@10 : 0.0656    recall@20 : 0.097    ndcg@3 : 0.0174    ndcg@5 : 0.023    ndcg@10 : 0.0303    ndcg@20 : 0.0382    
Mon 08 Dec 2025 15:58:44 INFO  Saving current best: saved/SASRecD_Denoising-Dec-08-2025_14-16-43.pth
Mon 08 Dec 2025 16:00:48 INFO  epoch 44 training [time: 124.26s, train loss: 1247.3683]
Mon 08 Dec 2025 16:02:52 INFO  epoch 45 training [time: 124.10s, train loss: 1238.0189]
Mon 08 Dec 2025 16:03:11 INFO  epoch 45 evaluating [time: 19.04s, valid_score: 0.065600]
Mon 08 Dec 2025 16:03:11 INFO  valid result: 
recall@3 : 0.0292    recall@5 : 0.0427    recall@10 : 0.0656    recall@20 : 0.0975    ndcg@3 : 0.0175    ndcg@5 : 0.0231    ndcg@10 : 0.0304    ndcg@20 : 0.0385    
Mon 08 Dec 2025 16:05:30 INFO  epoch 46 training [time: 138.59s, train loss: 1228.0751]
Mon 08 Dec 2025 16:07:33 INFO  epoch 47 training [time: 123.00s, train loss: 1217.5906]
Mon 08 Dec 2025 16:07:52 INFO  epoch 47 evaluating [time: 19.27s, valid_score: 0.065600]
Mon 08 Dec 2025 16:07:52 INFO  valid result: 
recall@3 : 0.0287    recall@5 : 0.0426    recall@10 : 0.0656    recall@20 : 0.0982    ndcg@3 : 0.0172    ndcg@5 : 0.0229    ndcg@10 : 0.0303    ndcg@20 : 0.0385    
Mon 08 Dec 2025 16:10:01 INFO  epoch 48 training [time: 128.47s, train loss: 1208.2274]
Mon 08 Dec 2025 16:12:08 INFO  epoch 49 training [time: 127.38s, train loss: 1197.6800]
Mon 08 Dec 2025 16:12:27 INFO  epoch 49 evaluating [time: 19.24s, valid_score: 0.066100]
Mon 08 Dec 2025 16:12:27 INFO  valid result: 
recall@3 : 0.0295    recall@5 : 0.043    recall@10 : 0.0661    recall@20 : 0.0982    ndcg@3 : 0.0177    ndcg@5 : 0.0233    ndcg@10 : 0.0307    ndcg@20 : 0.0388    
Mon 08 Dec 2025 16:12:30 INFO  Saving current best: saved/SASRecD_Denoising-Dec-08-2025_14-16-43.pth
Mon 08 Dec 2025 16:14:37 INFO  epoch 50 training [time: 127.15s, train loss: 1187.5973]
Mon 08 Dec 2025 16:16:41 INFO  epoch 51 training [time: 124.72s, train loss: 1177.4926]
Mon 08 Dec 2025 16:17:00 INFO  epoch 51 evaluating [time: 18.83s, valid_score: 0.066500]
Mon 08 Dec 2025 16:17:00 INFO  valid result: 
recall@3 : 0.0286    recall@5 : 0.0431    recall@10 : 0.0665    recall@20 : 0.0983    ndcg@3 : 0.0174    ndcg@5 : 0.0234    ndcg@10 : 0.0309    ndcg@20 : 0.0388    
Mon 08 Dec 2025 16:17:03 INFO  Saving current best: saved/SASRecD_Denoising-Dec-08-2025_14-16-43.pth
Mon 08 Dec 2025 16:19:26 INFO  epoch 52 training [time: 143.25s, train loss: 1167.7898]
Mon 08 Dec 2025 16:21:29 INFO  epoch 53 training [time: 123.14s, train loss: 1157.3067]
Mon 08 Dec 2025 16:21:47 INFO  epoch 53 evaluating [time: 18.06s, valid_score: 0.066000]
Mon 08 Dec 2025 16:21:47 INFO  valid result: 
recall@3 : 0.0284    recall@5 : 0.0432    recall@10 : 0.066    recall@20 : 0.0983    ndcg@3 : 0.0172    ndcg@5 : 0.0233    ndcg@10 : 0.0306    ndcg@20 : 0.0388    
Mon 08 Dec 2025 16:23:56 INFO  epoch 54 training [time: 129.37s, train loss: 1146.5654]
Mon 08 Dec 2025 16:26:09 INFO  epoch 55 training [time: 132.79s, train loss: 1135.7342]
Mon 08 Dec 2025 16:26:29 INFO  epoch 55 evaluating [time: 19.64s, valid_score: 0.066400]
Mon 08 Dec 2025 16:26:29 INFO  valid result: 
recall@3 : 0.0287    recall@5 : 0.0431    recall@10 : 0.0664    recall@20 : 0.0978    ndcg@3 : 0.0175    ndcg@5 : 0.0234    ndcg@10 : 0.0308    ndcg@20 : 0.0387    
Mon 08 Dec 2025 16:28:57 INFO  epoch 56 training [time: 148.25s, train loss: 1125.9181]
Mon 08 Dec 2025 16:31:24 INFO  epoch 57 training [time: 146.79s, train loss: 1115.4811]
Mon 08 Dec 2025 16:31:44 INFO  epoch 57 evaluating [time: 20.43s, valid_score: 0.066300]
Mon 08 Dec 2025 16:31:44 INFO  valid result: 
recall@3 : 0.0287    recall@5 : 0.0436    recall@10 : 0.0663    recall@20 : 0.0983    ndcg@3 : 0.0174    ndcg@5 : 0.0235    ndcg@10 : 0.0308    ndcg@20 : 0.0389    
Mon 08 Dec 2025 16:34:06 INFO  epoch 58 training [time: 141.41s, train loss: 1104.4792]
Mon 08 Dec 2025 16:36:17 INFO  epoch 59 training [time: 131.19s, train loss: 1093.4841]
Mon 08 Dec 2025 16:36:37 INFO  epoch 59 evaluating [time: 19.75s, valid_score: 0.067100]
Mon 08 Dec 2025 16:36:37 INFO  valid result: 
recall@3 : 0.0288    recall@5 : 0.0431    recall@10 : 0.0671    recall@20 : 0.0984    ndcg@3 : 0.0176    ndcg@5 : 0.0234    ndcg@10 : 0.0311    ndcg@20 : 0.039    
Mon 08 Dec 2025 16:36:39 INFO  Saving current best: saved/SASRecD_Denoising-Dec-08-2025_14-16-43.pth
Mon 08 Dec 2025 16:38:47 INFO  epoch 60 training [time: 128.00s, train loss: 1082.2320]
Mon 08 Dec 2025 16:40:56 INFO  epoch 61 training [time: 128.80s, train loss: 1071.8442]
Mon 08 Dec 2025 16:41:14 INFO  epoch 61 evaluating [time: 17.79s, valid_score: 0.066900]
Mon 08 Dec 2025 16:41:14 INFO  valid result: 
recall@3 : 0.0292    recall@5 : 0.0436    recall@10 : 0.0669    recall@20 : 0.0982    ndcg@3 : 0.0177    ndcg@5 : 0.0237    ndcg@10 : 0.0312    ndcg@20 : 0.039    
Mon 08 Dec 2025 16:43:23 INFO  epoch 62 training [time: 129.45s, train loss: 1060.7273]
Mon 08 Dec 2025 16:45:31 INFO  epoch 63 training [time: 127.67s, train loss: 1049.5832]
Mon 08 Dec 2025 16:45:52 INFO  epoch 63 evaluating [time: 20.73s, valid_score: 0.066600]
Mon 08 Dec 2025 16:45:52 INFO  valid result: 
recall@3 : 0.029    recall@5 : 0.0435    recall@10 : 0.0666    recall@20 : 0.0974    ndcg@3 : 0.0176    ndcg@5 : 0.0236    ndcg@10 : 0.0311    ndcg@20 : 0.0388    
Mon 08 Dec 2025 16:48:00 INFO  epoch 64 training [time: 128.55s, train loss: 1039.2624]
Mon 08 Dec 2025 16:50:09 INFO  epoch 65 training [time: 128.61s, train loss: 1027.5410]
Mon 08 Dec 2025 16:50:29 INFO  epoch 65 evaluating [time: 20.06s, valid_score: 0.066900]
Mon 08 Dec 2025 16:50:29 INFO  valid result: 
recall@3 : 0.0286    recall@5 : 0.0435    recall@10 : 0.0669    recall@20 : 0.0974    ndcg@3 : 0.0175    ndcg@5 : 0.0236    ndcg@10 : 0.0311    ndcg@20 : 0.0388    
Mon 08 Dec 2025 16:52:36 INFO  epoch 66 training [time: 127.38s, train loss: 1016.0027]
Mon 08 Dec 2025 16:54:44 INFO  epoch 67 training [time: 127.55s, train loss: 1004.6250]
Mon 08 Dec 2025 16:55:02 INFO  epoch 67 evaluating [time: 18.23s, valid_score: 0.066300]
Mon 08 Dec 2025 16:55:02 INFO  valid result: 
recall@3 : 0.0286    recall@5 : 0.0437    recall@10 : 0.0663    recall@20 : 0.0982    ndcg@3 : 0.0175    ndcg@5 : 0.0237    ndcg@10 : 0.0309    ndcg@20 : 0.039    
Mon 08 Dec 2025 16:57:14 INFO  epoch 68 training [time: 131.82s, train loss: 994.0443]
Mon 08 Dec 2025 16:59:25 INFO  epoch 69 training [time: 131.39s, train loss: 981.5688]
Mon 08 Dec 2025 16:59:45 INFO  epoch 69 evaluating [time: 19.15s, valid_score: 0.066500]
Mon 08 Dec 2025 16:59:45 INFO  valid result: 
recall@3 : 0.0282    recall@5 : 0.0428    recall@10 : 0.0665    recall@20 : 0.0978    ndcg@3 : 0.0173    ndcg@5 : 0.0233    ndcg@10 : 0.031    ndcg@20 : 0.0388    
Mon 08 Dec 2025 17:01:59 INFO  epoch 70 training [time: 134.18s, train loss: 969.3735]
Mon 08 Dec 2025 17:04:09 INFO  epoch 71 training [time: 130.00s, train loss: 958.1500]
Mon 08 Dec 2025 17:04:29 INFO  epoch 71 evaluating [time: 20.57s, valid_score: 0.066400]
Mon 08 Dec 2025 17:04:29 INFO  valid result: 
recall@3 : 0.0294    recall@5 : 0.0433    recall@10 : 0.0664    recall@20 : 0.0982    ndcg@3 : 0.0182    ndcg@5 : 0.0239    ndcg@10 : 0.0314    ndcg@20 : 0.0394    
Mon 08 Dec 2025 17:06:34 INFO  epoch 72 training [time: 125.00s, train loss: 946.0007]
Mon 08 Dec 2025 17:08:48 INFO  epoch 73 training [time: 133.24s, train loss: 933.7621]
Mon 08 Dec 2025 17:09:11 INFO  epoch 73 evaluating [time: 23.00s, valid_score: 0.066500]
Mon 08 Dec 2025 17:09:11 INFO  valid result: 
recall@3 : 0.0287    recall@5 : 0.0442    recall@10 : 0.0665    recall@20 : 0.0976    ndcg@3 : 0.0178    ndcg@5 : 0.0241    ndcg@10 : 0.0313    ndcg@20 : 0.0391    
Mon 08 Dec 2025 17:11:26 INFO  epoch 74 training [time: 135.92s, train loss: 922.0769]
Mon 08 Dec 2025 17:13:38 INFO  epoch 75 training [time: 132.03s, train loss: 910.0203]
Mon 08 Dec 2025 17:13:58 INFO  epoch 75 evaluating [time: 19.53s, valid_score: 0.067500]
Mon 08 Dec 2025 17:13:58 INFO  valid result: 
recall@3 : 0.0297    recall@5 : 0.0436    recall@10 : 0.0675    recall@20 : 0.098    ndcg@3 : 0.0183    ndcg@5 : 0.024    ndcg@10 : 0.0317    ndcg@20 : 0.0393    
Mon 08 Dec 2025 17:14:01 INFO  Saving current best: saved/SASRecD_Denoising-Dec-08-2025_14-16-43.pth
Mon 08 Dec 2025 17:16:25 INFO  epoch 76 training [time: 144.12s, train loss: 897.4830]
Mon 08 Dec 2025 17:18:36 INFO  epoch 77 training [time: 130.70s, train loss: 885.4832]
Mon 08 Dec 2025 17:18:57 INFO  epoch 77 evaluating [time: 21.06s, valid_score: 0.065100]
Mon 08 Dec 2025 17:18:57 INFO  valid result: 
recall@3 : 0.0286    recall@5 : 0.0436    recall@10 : 0.0651    recall@20 : 0.0972    ndcg@3 : 0.0176    ndcg@5 : 0.0238    ndcg@10 : 0.0307    ndcg@20 : 0.0388    
Mon 08 Dec 2025 17:21:06 INFO  epoch 78 training [time: 129.03s, train loss: 872.2943]
Mon 08 Dec 2025 17:23:09 INFO  epoch 79 training [time: 123.07s, train loss: 859.5062]
Mon 08 Dec 2025 17:23:29 INFO  epoch 79 evaluating [time: 20.62s, valid_score: 0.065700]
Mon 08 Dec 2025 17:23:29 INFO  valid result: 
recall@3 : 0.0288    recall@5 : 0.0437    recall@10 : 0.0657    recall@20 : 0.0985    ndcg@3 : 0.0177    ndcg@5 : 0.0238    ndcg@10 : 0.0309    ndcg@20 : 0.0391    
Mon 08 Dec 2025 17:25:36 INFO  epoch 80 training [time: 126.31s, train loss: 847.6861]
Mon 08 Dec 2025 17:27:44 INFO  epoch 81 training [time: 127.96s, train loss: 834.4724]
Mon 08 Dec 2025 17:28:03 INFO  epoch 81 evaluating [time: 19.21s, valid_score: 0.066400]
Mon 08 Dec 2025 17:28:03 INFO  valid result: 
recall@3 : 0.0293    recall@5 : 0.0431    recall@10 : 0.0664    recall@20 : 0.0969    ndcg@3 : 0.018    ndcg@5 : 0.0236    ndcg@10 : 0.0311    ndcg@20 : 0.0388    
Mon 08 Dec 2025 17:30:11 INFO  epoch 82 training [time: 127.98s, train loss: 823.0039]
Mon 08 Dec 2025 17:32:24 INFO  epoch 83 training [time: 132.91s, train loss: 809.3290]
Mon 08 Dec 2025 17:32:43 INFO  epoch 83 evaluating [time: 19.42s, valid_score: 0.065700]
Mon 08 Dec 2025 17:32:43 INFO  valid result: 
recall@3 : 0.0293    recall@5 : 0.0432    recall@10 : 0.0657    recall@20 : 0.0972    ndcg@3 : 0.0179    ndcg@5 : 0.0237    ndcg@10 : 0.0309    ndcg@20 : 0.0388    
Mon 08 Dec 2025 17:34:48 INFO  epoch 84 training [time: 124.50s, train loss: 795.1909]
Mon 08 Dec 2025 17:36:54 INFO  epoch 85 training [time: 126.73s, train loss: 782.3639]
Mon 08 Dec 2025 17:37:13 INFO  epoch 85 evaluating [time: 18.86s, valid_score: 0.064800]
Mon 08 Dec 2025 17:37:13 INFO  valid result: 
recall@3 : 0.0278    recall@5 : 0.0431    recall@10 : 0.0648    recall@20 : 0.0962    ndcg@3 : 0.0172    ndcg@5 : 0.0235    ndcg@10 : 0.0305    ndcg@20 : 0.0384    
Mon 08 Dec 2025 17:39:24 INFO  epoch 86 training [time: 130.82s, train loss: 769.8975]
Mon 08 Dec 2025 17:41:30 INFO  epoch 87 training [time: 125.98s, train loss: 755.8536]
Mon 08 Dec 2025 17:41:48 INFO  epoch 87 evaluating [time: 18.26s, valid_score: 0.065700]
Mon 08 Dec 2025 17:41:48 INFO  valid result: 
recall@3 : 0.0284    recall@5 : 0.0439    recall@10 : 0.0657    recall@20 : 0.0964    ndcg@3 : 0.0178    ndcg@5 : 0.0242    ndcg@10 : 0.0312    ndcg@20 : 0.0389    
Mon 08 Dec 2025 17:44:09 INFO  epoch 88 training [time: 140.41s, train loss: 742.3637]
Mon 08 Dec 2025 17:46:14 INFO  epoch 89 training [time: 124.94s, train loss: 729.1714]
Mon 08 Dec 2025 17:46:34 INFO  epoch 89 evaluating [time: 20.72s, valid_score: 0.065300]
Mon 08 Dec 2025 17:46:34 INFO  valid result: 
recall@3 : 0.0285    recall@5 : 0.0428    recall@10 : 0.0653    recall@20 : 0.0957    ndcg@3 : 0.0179    ndcg@5 : 0.0238    ndcg@10 : 0.0311    ndcg@20 : 0.0387    
Mon 08 Dec 2025 17:48:47 INFO  epoch 90 training [time: 132.50s, train loss: 715.3937]
Mon 08 Dec 2025 17:50:58 INFO  epoch 91 training [time: 130.99s, train loss: 701.2703]
Mon 08 Dec 2025 17:51:18 INFO  epoch 91 evaluating [time: 20.28s, valid_score: 0.066100]
Mon 08 Dec 2025 17:51:18 INFO  valid result: 
recall@3 : 0.0289    recall@5 : 0.0424    recall@10 : 0.0661    recall@20 : 0.0971    ndcg@3 : 0.0181    ndcg@5 : 0.0237    ndcg@10 : 0.0313    ndcg@20 : 0.0391    
Mon 08 Dec 2025 17:53:30 INFO  epoch 92 training [time: 131.68s, train loss: 687.5057]
Mon 08 Dec 2025 17:55:35 INFO  epoch 93 training [time: 125.60s, train loss: 673.9753]
Mon 08 Dec 2025 17:55:57 INFO  epoch 93 evaluating [time: 21.19s, valid_score: 0.065500]
Mon 08 Dec 2025 17:55:57 INFO  valid result: 
recall@3 : 0.028    recall@5 : 0.0425    recall@10 : 0.0655    recall@20 : 0.0961    ndcg@3 : 0.0173    ndcg@5 : 0.0232    ndcg@10 : 0.0306    ndcg@20 : 0.0383    
Mon 08 Dec 2025 17:58:10 INFO  epoch 94 training [time: 133.33s, train loss: 659.2247]
Mon 08 Dec 2025 18:00:25 INFO  epoch 95 training [time: 134.73s, train loss: 645.0721]
Mon 08 Dec 2025 18:00:45 INFO  epoch 95 evaluating [time: 20.35s, valid_score: 0.064900]
Mon 08 Dec 2025 18:00:45 INFO  valid result: 
recall@3 : 0.028    recall@5 : 0.0428    recall@10 : 0.0649    recall@20 : 0.0951    ndcg@3 : 0.0176    ndcg@5 : 0.0237    ndcg@10 : 0.0308    ndcg@20 : 0.0384    
Mon 08 Dec 2025 18:03:03 INFO  epoch 96 training [time: 137.61s, train loss: 630.8331]
Mon 08 Dec 2025 18:05:16 INFO  epoch 97 training [time: 132.96s, train loss: 615.6326]
Mon 08 Dec 2025 18:05:35 INFO  epoch 97 evaluating [time: 19.26s, valid_score: 0.065200]
Mon 08 Dec 2025 18:05:35 INFO  valid result: 
recall@3 : 0.0284    recall@5 : 0.0421    recall@10 : 0.0652    recall@20 : 0.096    ndcg@3 : 0.018    ndcg@5 : 0.0236    ndcg@10 : 0.0311    ndcg@20 : 0.0388    
Mon 08 Dec 2025 18:05:35 INFO  Finished training, best eval result in epoch 75
Mon 08 Dec 2025 18:05:37 INFO  Loading model structure and parameters from saved/SASRecD_Denoising-Dec-08-2025_14-16-43.pth
Mon 08 Dec 2025 18:05:57 INFO  best valid : {'recall@3': np.float64(0.0297), 'recall@5': np.float64(0.0436), 'recall@10': np.float64(0.0675), 'recall@20': np.float64(0.098), 'ndcg@3': np.float64(0.0183), 'ndcg@5': np.float64(0.024), 'ndcg@10': np.float64(0.0317), 'ndcg@20': np.float64(0.0393)}
Mon 08 Dec 2025 18:05:57 INFO  test result: {'recall@3': np.float64(0.024), 'recall@5': np.float64(0.0349), 'recall@10': np.float64(0.0542), 'recall@20': np.float64(0.0798), 'ndcg@3': np.float64(0.0147), 'ndcg@5': np.float64(0.0192), 'ndcg@10': np.float64(0.0254), 'ndcg@20': np.float64(0.0318)}
