Wed 29 Oct 2025 18:51:44 INFO  
General Hyper Parameters:
gpu_id = 0
use_gpu = True
seed = 212
state = INFO
reproducibility = True
data_path = ./recbole/data/dataset/Amazon_Sports_and_Outdoors
show_progress = True
save_dataset = False
save_dataloaders = False
benchmark_filename = None

Training Hyper Parameters:
checkpoint_dir = saved
epochs = 200
train_batch_size = 1024
learner = adam
learning_rate = 0.0001
eval_step = 2
stopping_step = 10
clip_grad_norm = None
weight_decay = 0.0
loss_decimal_place = 4

Evaluation Hyper Parameters:
eval_args = {'split': {'LS': 'valid_and_test'}, 'group_by': 'user', 'order': 'TO', 'mode': 'full'}
metrics = ['Recall', 'NDCG']
topk = [3, 5, 10, 20]
valid_metric = Recall@10
valid_metric_bigger = True
eval_batch_size = 256
metric_decimal_place = 4

Dataset Hyper Parameters:
field_separator = 	
seq_separator =  
USER_ID_FIELD = user_id
ITEM_ID_FIELD = item_id
RATING_FIELD = rating
TIME_FIELD = timestamp
seq_len = None
LABEL_FIELD = label
threshold = None
NEG_PREFIX = neg_
load_col = {'inter': ['user_id', 'item_id', 'rating', 'timestamp'], 'item': ['item_id', 'title', 'sales_rank', 'price', 'brand', 'categories', 'sales_type'], 'title_original': ['ent_id', 'ent_emb']}
unload_col = None
unused_col = None
additional_feat_suffix = ['title_original']
rm_dup_inter = None
val_interval = None
filter_inter_by_user_or_item = True
user_inter_num_interval = [5,inf)
item_inter_num_interval = [5,inf)
alias_of_user_id = None
alias_of_item_id = ['ent_id']
alias_of_entity_id = None
alias_of_relation_id = None
preload_weight = {'ent_id': 'ent_emb'}
normalize_field = None
normalize_all = None
ITEM_LIST_LENGTH_FIELD = item_length
LIST_SUFFIX = _list
MAX_ITEM_LIST_LENGTH = 50
POSITION_FIELD = position_id
HEAD_ENTITY_ID_FIELD = head_id
TAIL_ENTITY_ID_FIELD = tail_id
RELATION_ID_FIELD = relation_id
ENTITY_ID_FIELD = entity_id

Other Hyper Parameters: 
neg_sampling = None
multi_gpus = False
repeatable = True
n_layers = 3
n_heads = 8
hidden_size = 256
attribute_hidden_size = [128]
inner_size = 256
hidden_dropout_prob = 0.5
attn_dropout_prob = 0.3
hidden_act = gelu
layer_norm_eps = 1e-12
initializer_range = 0.02
selected_features = ['ent_emb']
pooling_mode = sum
loss_type = CE
weight_sharing = not
fusion_type = gate
lamdas = [5]
attribute_predictor = ['cos_sim']
MODEL_TYPE = ModelType.SEQUENTIAL
orig_attribute_hidden_size = [1024]
feature_type = ['static']
wandb_run_name = mlp_test2
annealing = False
MODEL_INPUT_TYPE = InputType.POINTWISE
eval_type = EvaluatorType.RANKING
device = cuda
train_neg_sample_args = {'strategy': 'none'}
eval_neg_sample_args = {'strategy': 'full', 'distribution': 'uniform'}


Wed 29 Oct 2025 18:51:49 INFO  Amazon_Sports_and_Outdoors
The number of users: 35599
Average actions of users: 8.324540704533963
The number of items: 18358
Average actions of items: 16.142997221768262
The number of inters: 296337
The sparsity of the dataset: 99.95465569853714%
Remain Fields: ['user_id', 'item_id', 'rating', 'timestamp', 'title', 'price', 'brand', 'categories', 'sales_type', 'sales_rank', 'ent_id', 'ent_emb']
Wed 29 Oct 2025 18:51:52 INFO  [Training]: train_batch_size = [1024] negative sampling: [None]
Wed 29 Oct 2025 18:51:52 INFO  [Evaluation]: eval_batch_size = [256] eval_args: [{'split': {'LS': 'valid_and_test'}, 'group_by': 'user', 'order': 'TO', 'mode': 'full'}]
Wed 29 Oct 2025 18:51:53 INFO  SASRecD(
  (item_embedding): Embedding(18358, 256, padding_idx=0)
  (position_embedding): Embedding(50, 256)
  (feature_embed_layer_list): ModuleList(
    (0): Embedding(
      18358, 1024
      (mlp): MLP(
        (net): Sequential(
          (0): Linear(in_features=1024, out_features=512, bias=True)
          (1): ReLU(inplace=True)
          (2): Dropout(p=0.1, inplace=False)
          (3): Linear(in_features=512, out_features=128, bias=True)
          (4): LayerNorm((128,), eps=1e-05, elementwise_affine=True)
        )
      )
    )
  )
  (trm_encoder): DIFTransformerEncoder(
    (layer): ModuleList(
      (0-2): 3 x DIFTransformerLayer(
        (multi_head_attention): DIFMultiHeadAttention(
          (query): Linear(in_features=256, out_features=256, bias=True)
          (key): Linear(in_features=256, out_features=256, bias=True)
          (value): Linear(in_features=256, out_features=256, bias=True)
          (query_p): Linear(in_features=256, out_features=256, bias=True)
          (key_p): Linear(in_features=256, out_features=256, bias=True)
          (query_layers): ModuleList(
            (0): Linear(in_features=128, out_features=128, bias=True)
          )
          (key_layers): ModuleList(
            (0): Linear(in_features=128, out_features=128, bias=True)
          )
          (fusion_layer): VanillaAttention(
            (projection): Sequential(
              (0): Linear(in_features=50, out_features=50, bias=True)
              (1): ReLU(inplace=True)
              (2): Linear(in_features=50, out_features=1, bias=True)
            )
          )
          (attn_dropout): Dropout(p=0.3, inplace=False)
          (dense): Linear(in_features=256, out_features=256, bias=True)
          (LayerNorm): LayerNorm((256,), eps=1e-12, elementwise_affine=True)
          (out_dropout): Dropout(p=0.5, inplace=False)
        )
        (feed_forward): FeedForward(
          (dense_1): Linear(in_features=256, out_features=256, bias=True)
          (dense_2): Linear(in_features=256, out_features=256, bias=True)
          (LayerNorm): LayerNorm((256,), eps=1e-12, elementwise_affine=True)
          (dropout): Dropout(p=0.5, inplace=False)
        )
      )
    )
  )
  (ap): ModuleList(
    (0): Linear(in_features=256, out_features=128, bias=True)
  )
  (LayerNorm): LayerNorm((256,), eps=1e-12, elementwise_affine=True)
  (dropout): Dropout(p=0.5, inplace=False)
  (loss_fct): CrossEntropyLoss()
  (attribute_loss_fct): BCEWithLogitsLoss()
  (mlps): Module()
)
Trainable parameters: 7025531
Wed 29 Oct 2025 18:52:25 INFO  epoch 0 training [time: 31.54s, train loss: 1943.5601]
Wed 29 Oct 2025 18:52:57 INFO  epoch 1 training [time: 31.30s, train loss: 1739.1680]
Wed 29 Oct 2025 18:52:59 INFO  epoch 1 evaluating [time: 2.26s, valid_score: 0.013500]
Wed 29 Oct 2025 18:52:59 INFO  valid result: 
recall@3 : 0.006    recall@5 : 0.0078    recall@10 : 0.0135    recall@20 : 0.0241    ndcg@3 : 0.0044    ndcg@5 : 0.0052    ndcg@10 : 0.007    ndcg@20 : 0.0096    
Wed 29 Oct 2025 18:52:59 INFO  Saving current best: saved/SASRecD-Oct-29-2025_18-51-53.pth
Wed 29 Oct 2025 18:53:30 INFO  epoch 2 training [time: 30.57s, train loss: 1724.5998]
Wed 29 Oct 2025 18:54:00 INFO  epoch 3 training [time: 30.57s, train loss: 1719.1617]
Wed 29 Oct 2025 18:54:03 INFO  epoch 3 evaluating [time: 2.22s, valid_score: 0.012500]
Wed 29 Oct 2025 18:54:03 INFO  valid result: 
recall@3 : 0.0059    recall@5 : 0.0079    recall@10 : 0.0125    recall@20 : 0.0232    ndcg@3 : 0.0044    ndcg@5 : 0.0052    ndcg@10 : 0.0066    ndcg@20 : 0.0093    
Wed 29 Oct 2025 18:54:35 INFO  epoch 4 training [time: 32.17s, train loss: 1713.3925]
Wed 29 Oct 2025 18:55:05 INFO  epoch 5 training [time: 30.43s, train loss: 1705.2179]
Wed 29 Oct 2025 18:55:07 INFO  epoch 5 evaluating [time: 2.10s, valid_score: 0.012600]
Wed 29 Oct 2025 18:55:07 INFO  valid result: 
recall@3 : 0.0055    recall@5 : 0.0078    recall@10 : 0.0126    recall@20 : 0.0241    ndcg@3 : 0.0041    ndcg@5 : 0.005    ndcg@10 : 0.0065    ndcg@20 : 0.0094    
Wed 29 Oct 2025 18:55:37 INFO  epoch 6 training [time: 29.56s, train loss: 1694.2470]
Wed 29 Oct 2025 18:56:08 INFO  epoch 7 training [time: 30.83s, train loss: 1676.5479]
Wed 29 Oct 2025 18:56:10 INFO  epoch 7 evaluating [time: 2.10s, valid_score: 0.018600]
Wed 29 Oct 2025 18:56:10 INFO  valid result: 
recall@3 : 0.0074    recall@5 : 0.0108    recall@10 : 0.0186    recall@20 : 0.0327    ndcg@3 : 0.0051    ndcg@5 : 0.0065    ndcg@10 : 0.009    ndcg@20 : 0.0125    
Wed 29 Oct 2025 18:56:10 INFO  Saving current best: saved/SASRecD-Oct-29-2025_18-51-53.pth
Wed 29 Oct 2025 18:56:39 INFO  epoch 8 training [time: 29.33s, train loss: 1648.2623]
Wed 29 Oct 2025 18:57:10 INFO  epoch 9 training [time: 30.50s, train loss: 1622.3104]
Wed 29 Oct 2025 18:57:12 INFO  epoch 9 evaluating [time: 2.20s, valid_score: 0.025600]
Wed 29 Oct 2025 18:57:12 INFO  valid result: 
recall@3 : 0.0092    recall@5 : 0.0144    recall@10 : 0.0256    recall@20 : 0.0427    ndcg@3 : 0.0063    ndcg@5 : 0.0084    ndcg@10 : 0.012    ndcg@20 : 0.0163    
Wed 29 Oct 2025 18:57:12 INFO  Saving current best: saved/SASRecD-Oct-29-2025_18-51-53.pth
Wed 29 Oct 2025 18:57:44 INFO  epoch 10 training [time: 31.53s, train loss: 1598.6421]
Wed 29 Oct 2025 18:58:16 INFO  epoch 11 training [time: 32.13s, train loss: 1576.2196]
Wed 29 Oct 2025 18:58:18 INFO  epoch 11 evaluating [time: 2.19s, valid_score: 0.032800]
Wed 29 Oct 2025 18:58:18 INFO  valid result: 
recall@3 : 0.0126    recall@5 : 0.0191    recall@10 : 0.0328    recall@20 : 0.0543    ndcg@3 : 0.0082    ndcg@5 : 0.0109    ndcg@10 : 0.0153    ndcg@20 : 0.0207    
Wed 29 Oct 2025 18:58:18 INFO  Saving current best: saved/SASRecD-Oct-29-2025_18-51-53.pth
Wed 29 Oct 2025 18:58:49 INFO  epoch 12 training [time: 31.30s, train loss: 1554.6607]
Wed 29 Oct 2025 18:59:20 INFO  epoch 13 training [time: 30.31s, train loss: 1533.7946]
Wed 29 Oct 2025 18:59:22 INFO  epoch 13 evaluating [time: 2.12s, valid_score: 0.040500]
Wed 29 Oct 2025 18:59:22 INFO  valid result: 
recall@3 : 0.0168    recall@5 : 0.0242    recall@10 : 0.0405    recall@20 : 0.0628    ndcg@3 : 0.0108    ndcg@5 : 0.0138    ndcg@10 : 0.019    ndcg@20 : 0.0246    
Wed 29 Oct 2025 18:59:22 INFO  Saving current best: saved/SASRecD-Oct-29-2025_18-51-53.pth
Wed 29 Oct 2025 18:59:53 INFO  epoch 14 training [time: 30.95s, train loss: 1514.4794]
Wed 29 Oct 2025 19:00:24 INFO  epoch 15 training [time: 31.03s, train loss: 1496.1682]
Wed 29 Oct 2025 19:00:26 INFO  epoch 15 evaluating [time: 2.21s, valid_score: 0.046100]
Wed 29 Oct 2025 19:00:26 INFO  valid result: 
recall@3 : 0.0192    recall@5 : 0.0294    recall@10 : 0.0461    recall@20 : 0.0699    ndcg@3 : 0.0121    ndcg@5 : 0.0163    ndcg@10 : 0.0217    ndcg@20 : 0.0276    
Wed 29 Oct 2025 19:00:26 INFO  Saving current best: saved/SASRecD-Oct-29-2025_18-51-53.pth
Wed 29 Oct 2025 19:00:58 INFO  epoch 16 training [time: 31.41s, train loss: 1478.7031]
Wed 29 Oct 2025 19:01:28 INFO  epoch 17 training [time: 30.66s, train loss: 1461.2271]
Wed 29 Oct 2025 19:01:31 INFO  epoch 17 evaluating [time: 2.21s, valid_score: 0.050800]
Wed 29 Oct 2025 19:01:31 INFO  valid result: 
recall@3 : 0.0215    recall@5 : 0.0323    recall@10 : 0.0508    recall@20 : 0.0754    ndcg@3 : 0.0134    ndcg@5 : 0.0178    ndcg@10 : 0.0238    ndcg@20 : 0.0299    
Wed 29 Oct 2025 19:01:31 INFO  Saving current best: saved/SASRecD-Oct-29-2025_18-51-53.pth
Wed 29 Oct 2025 19:02:01 INFO  epoch 18 training [time: 30.34s, train loss: 1445.2790]
Wed 29 Oct 2025 19:02:31 INFO  epoch 19 training [time: 30.25s, train loss: 1430.5155]
Wed 29 Oct 2025 19:02:33 INFO  epoch 19 evaluating [time: 2.08s, valid_score: 0.054200]
Wed 29 Oct 2025 19:02:33 INFO  valid result: 
recall@3 : 0.0236    recall@5 : 0.0353    recall@10 : 0.0542    recall@20 : 0.0798    ndcg@3 : 0.0145    ndcg@5 : 0.0193    ndcg@10 : 0.0254    ndcg@20 : 0.0318    
Wed 29 Oct 2025 19:02:34 INFO  Saving current best: saved/SASRecD-Oct-29-2025_18-51-53.pth
Wed 29 Oct 2025 19:03:03 INFO  epoch 20 training [time: 29.05s, train loss: 1415.9233]
Wed 29 Oct 2025 19:03:32 INFO  epoch 21 training [time: 29.05s, train loss: 1401.5678]
Wed 29 Oct 2025 19:03:34 INFO  epoch 21 evaluating [time: 2.00s, valid_score: 0.056000]
Wed 29 Oct 2025 19:03:34 INFO  valid result: 
recall@3 : 0.0258    recall@5 : 0.0365    recall@10 : 0.056    recall@20 : 0.0832    ndcg@3 : 0.0156    ndcg@5 : 0.02    ndcg@10 : 0.0263    ndcg@20 : 0.0332    
Wed 29 Oct 2025 19:03:34 INFO  Saving current best: saved/SASRecD-Oct-29-2025_18-51-53.pth
Wed 29 Oct 2025 19:04:04 INFO  epoch 22 training [time: 29.66s, train loss: 1388.4933]
Wed 29 Oct 2025 19:04:35 INFO  epoch 23 training [time: 31.19s, train loss: 1376.3055]
Wed 29 Oct 2025 19:04:37 INFO  epoch 23 evaluating [time: 2.05s, valid_score: 0.058100]
Wed 29 Oct 2025 19:04:37 INFO  valid result: 
recall@3 : 0.0262    recall@5 : 0.0384    recall@10 : 0.0581    recall@20 : 0.0856    ndcg@3 : 0.0158    ndcg@5 : 0.0208    ndcg@10 : 0.0272    ndcg@20 : 0.0341    
Wed 29 Oct 2025 19:04:37 INFO  Saving current best: saved/SASRecD-Oct-29-2025_18-51-53.pth
Wed 29 Oct 2025 19:05:08 INFO  epoch 24 training [time: 30.65s, train loss: 1364.5238]
Wed 29 Oct 2025 19:05:39 INFO  epoch 25 training [time: 31.29s, train loss: 1353.3177]
Wed 29 Oct 2025 19:05:41 INFO  epoch 25 evaluating [time: 2.14s, valid_score: 0.059600]
Wed 29 Oct 2025 19:05:41 INFO  valid result: 
recall@3 : 0.0269    recall@5 : 0.0395    recall@10 : 0.0596    recall@20 : 0.088    ndcg@3 : 0.0162    ndcg@5 : 0.0214    ndcg@10 : 0.0279    ndcg@20 : 0.0351    
Wed 29 Oct 2025 19:05:41 INFO  Saving current best: saved/SASRecD-Oct-29-2025_18-51-53.pth
Wed 29 Oct 2025 19:06:13 INFO  epoch 26 training [time: 32.28s, train loss: 1342.0040]
Wed 29 Oct 2025 19:06:44 INFO  epoch 27 training [time: 30.46s, train loss: 1332.6386]
Wed 29 Oct 2025 19:06:46 INFO  epoch 27 evaluating [time: 2.06s, valid_score: 0.061600]
Wed 29 Oct 2025 19:06:46 INFO  valid result: 
recall@3 : 0.0272    recall@5 : 0.0405    recall@10 : 0.0616    recall@20 : 0.0899    ndcg@3 : 0.0163    ndcg@5 : 0.0218    ndcg@10 : 0.0286    ndcg@20 : 0.0357    
Wed 29 Oct 2025 19:06:46 INFO  Saving current best: saved/SASRecD-Oct-29-2025_18-51-53.pth
Wed 29 Oct 2025 19:07:16 INFO  epoch 28 training [time: 29.95s, train loss: 1321.9050]
Wed 29 Oct 2025 19:07:46 INFO  epoch 29 training [time: 30.41s, train loss: 1312.2733]
Wed 29 Oct 2025 19:07:49 INFO  epoch 29 evaluating [time: 2.08s, valid_score: 0.062700]
Wed 29 Oct 2025 19:07:49 INFO  valid result: 
recall@3 : 0.0276    recall@5 : 0.0405    recall@10 : 0.0627    recall@20 : 0.0911    ndcg@3 : 0.0165    ndcg@5 : 0.0218    ndcg@10 : 0.029    ndcg@20 : 0.0361    
Wed 29 Oct 2025 19:07:49 INFO  Saving current best: saved/SASRecD-Oct-29-2025_18-51-53.pth
Wed 29 Oct 2025 19:08:18 INFO  epoch 30 training [time: 29.43s, train loss: 1303.6230]
Wed 29 Oct 2025 19:08:47 INFO  epoch 31 training [time: 29.16s, train loss: 1294.4814]
Wed 29 Oct 2025 19:08:49 INFO  epoch 31 evaluating [time: 2.01s, valid_score: 0.063500]
Wed 29 Oct 2025 19:08:49 INFO  valid result: 
recall@3 : 0.0277    recall@5 : 0.0411    recall@10 : 0.0635    recall@20 : 0.0919    ndcg@3 : 0.0167    ndcg@5 : 0.0222    ndcg@10 : 0.0293    ndcg@20 : 0.0365    
Wed 29 Oct 2025 19:08:49 INFO  Saving current best: saved/SASRecD-Oct-29-2025_18-51-53.pth
Wed 29 Oct 2025 19:09:19 INFO  epoch 32 training [time: 29.44s, train loss: 1286.4243]
Wed 29 Oct 2025 19:09:48 INFO  epoch 33 training [time: 29.12s, train loss: 1278.2478]
Wed 29 Oct 2025 19:09:50 INFO  epoch 33 evaluating [time: 2.00s, valid_score: 0.063700]
Wed 29 Oct 2025 19:09:50 INFO  valid result: 
recall@3 : 0.0283    recall@5 : 0.0415    recall@10 : 0.0637    recall@20 : 0.0927    ndcg@3 : 0.017    ndcg@5 : 0.0224    ndcg@10 : 0.0296    ndcg@20 : 0.0369    
Wed 29 Oct 2025 19:09:50 INFO  Saving current best: saved/SASRecD-Oct-29-2025_18-51-53.pth
Wed 29 Oct 2025 19:10:20 INFO  epoch 34 training [time: 29.49s, train loss: 1271.3515]
Wed 29 Oct 2025 19:10:49 INFO  epoch 35 training [time: 29.36s, train loss: 1264.1475]
Wed 29 Oct 2025 19:10:51 INFO  epoch 35 evaluating [time: 2.00s, valid_score: 0.064400]
Wed 29 Oct 2025 19:10:51 INFO  valid result: 
recall@3 : 0.0284    recall@5 : 0.0421    recall@10 : 0.0644    recall@20 : 0.0935    ndcg@3 : 0.017    ndcg@5 : 0.0227    ndcg@10 : 0.0298    ndcg@20 : 0.0372    
Wed 29 Oct 2025 19:10:51 INFO  Saving current best: saved/SASRecD-Oct-29-2025_18-51-53.pth
Wed 29 Oct 2025 19:11:22 INFO  epoch 36 training [time: 30.69s, train loss: 1257.4290]
Wed 29 Oct 2025 19:11:53 INFO  epoch 37 training [time: 30.77s, train loss: 1250.9516]
Wed 29 Oct 2025 19:11:55 INFO  epoch 37 evaluating [time: 2.04s, valid_score: 0.064600]
Wed 29 Oct 2025 19:11:55 INFO  valid result: 
recall@3 : 0.0286    recall@5 : 0.0421    recall@10 : 0.0646    recall@20 : 0.0936    ndcg@3 : 0.0171    ndcg@5 : 0.0226    ndcg@10 : 0.0299    ndcg@20 : 0.0372    
Wed 29 Oct 2025 19:11:55 INFO  Saving current best: saved/SASRecD-Oct-29-2025_18-51-53.pth
Wed 29 Oct 2025 19:12:25 INFO  epoch 38 training [time: 29.81s, train loss: 1243.9967]
Wed 29 Oct 2025 19:12:55 INFO  epoch 39 training [time: 30.15s, train loss: 1237.5515]
Wed 29 Oct 2025 19:12:57 INFO  epoch 39 evaluating [time: 2.00s, valid_score: 0.065300]
Wed 29 Oct 2025 19:12:57 INFO  valid result: 
recall@3 : 0.0288    recall@5 : 0.0423    recall@10 : 0.0653    recall@20 : 0.0942    ndcg@3 : 0.0172    ndcg@5 : 0.0227    ndcg@10 : 0.0301    ndcg@20 : 0.0374    
Wed 29 Oct 2025 19:12:57 INFO  Saving current best: saved/SASRecD-Oct-29-2025_18-51-53.pth
Wed 29 Oct 2025 19:13:26 INFO  epoch 40 training [time: 29.36s, train loss: 1232.3573]
Wed 29 Oct 2025 19:13:56 INFO  epoch 41 training [time: 29.96s, train loss: 1226.3630]
Wed 29 Oct 2025 19:13:58 INFO  epoch 41 evaluating [time: 2.14s, valid_score: 0.065400]
Wed 29 Oct 2025 19:13:58 INFO  valid result: 
recall@3 : 0.0289    recall@5 : 0.0428    recall@10 : 0.0654    recall@20 : 0.0947    ndcg@3 : 0.0173    ndcg@5 : 0.023    ndcg@10 : 0.0302    ndcg@20 : 0.0376    
Wed 29 Oct 2025 19:13:59 INFO  Saving current best: saved/SASRecD-Oct-29-2025_18-51-53.pth
Wed 29 Oct 2025 19:14:28 INFO  epoch 42 training [time: 29.81s, train loss: 1221.1075]
Wed 29 Oct 2025 19:14:58 INFO  epoch 43 training [time: 29.31s, train loss: 1216.3328]
Wed 29 Oct 2025 19:15:00 INFO  epoch 43 evaluating [time: 2.08s, valid_score: 0.065500]
Wed 29 Oct 2025 19:15:00 INFO  valid result: 
recall@3 : 0.0289    recall@5 : 0.0426    recall@10 : 0.0655    recall@20 : 0.0951    ndcg@3 : 0.0174    ndcg@5 : 0.0231    ndcg@10 : 0.0304    ndcg@20 : 0.0379    
Wed 29 Oct 2025 19:15:00 INFO  Saving current best: saved/SASRecD-Oct-29-2025_18-51-53.pth
Wed 29 Oct 2025 19:15:29 INFO  epoch 44 training [time: 29.56s, train loss: 1211.0322]
Wed 29 Oct 2025 19:15:59 INFO  epoch 45 training [time: 29.27s, train loss: 1206.4488]
Wed 29 Oct 2025 19:16:01 INFO  epoch 45 evaluating [time: 2.10s, valid_score: 0.065500]
Wed 29 Oct 2025 19:16:01 INFO  valid result: 
recall@3 : 0.0288    recall@5 : 0.0431    recall@10 : 0.0655    recall@20 : 0.0948    ndcg@3 : 0.0175    ndcg@5 : 0.0235    ndcg@10 : 0.0306    ndcg@20 : 0.038    
Wed 29 Oct 2025 19:16:30 INFO  epoch 46 training [time: 29.10s, train loss: 1201.3139]
Wed 29 Oct 2025 19:16:59 INFO  epoch 47 training [time: 29.18s, train loss: 1197.0077]
Wed 29 Oct 2025 19:17:01 INFO  epoch 47 evaluating [time: 2.02s, valid_score: 0.065300]
Wed 29 Oct 2025 19:17:01 INFO  valid result: 
recall@3 : 0.0287    recall@5 : 0.0432    recall@10 : 0.0653    recall@20 : 0.0946    ndcg@3 : 0.0174    ndcg@5 : 0.0234    ndcg@10 : 0.0305    ndcg@20 : 0.0379    
Wed 29 Oct 2025 19:17:31 INFO  epoch 48 training [time: 29.81s, train loss: 1192.1797]
Wed 29 Oct 2025 19:18:01 INFO  epoch 49 training [time: 29.67s, train loss: 1188.5279]
Wed 29 Oct 2025 19:18:03 INFO  epoch 49 evaluating [time: 2.09s, valid_score: 0.065500]
Wed 29 Oct 2025 19:18:03 INFO  valid result: 
recall@3 : 0.0287    recall@5 : 0.0429    recall@10 : 0.0655    recall@20 : 0.0943    ndcg@3 : 0.0175    ndcg@5 : 0.0234    ndcg@10 : 0.0306    ndcg@20 : 0.0379    
Wed 29 Oct 2025 19:18:33 INFO  epoch 50 training [time: 29.97s, train loss: 1183.4071]
Wed 29 Oct 2025 19:19:04 INFO  epoch 51 training [time: 31.50s, train loss: 1179.6072]
Wed 29 Oct 2025 19:19:06 INFO  epoch 51 evaluating [time: 2.17s, valid_score: 0.065500]
Wed 29 Oct 2025 19:19:06 INFO  valid result: 
recall@3 : 0.0282    recall@5 : 0.0433    recall@10 : 0.0655    recall@20 : 0.0943    ndcg@3 : 0.0173    ndcg@5 : 0.0236    ndcg@10 : 0.0307    ndcg@20 : 0.0379    
Wed 29 Oct 2025 19:19:37 INFO  epoch 52 training [time: 30.51s, train loss: 1175.0888]
Wed 29 Oct 2025 19:20:08 INFO  epoch 53 training [time: 31.46s, train loss: 1171.5989]
Wed 29 Oct 2025 19:20:10 INFO  epoch 53 evaluating [time: 2.08s, valid_score: 0.065500]
Wed 29 Oct 2025 19:20:10 INFO  valid result: 
recall@3 : 0.0279    recall@5 : 0.043    recall@10 : 0.0655    recall@20 : 0.0943    ndcg@3 : 0.0172    ndcg@5 : 0.0234    ndcg@10 : 0.0306    ndcg@20 : 0.0379    
Wed 29 Oct 2025 19:20:39 INFO  epoch 54 training [time: 29.05s, train loss: 1166.9565]
Wed 29 Oct 2025 19:21:09 INFO  epoch 55 training [time: 29.27s, train loss: 1163.3011]
Wed 29 Oct 2025 19:21:11 INFO  epoch 55 evaluating [time: 2.07s, valid_score: 0.064900]
Wed 29 Oct 2025 19:21:11 INFO  valid result: 
recall@3 : 0.0286    recall@5 : 0.0431    recall@10 : 0.0649    recall@20 : 0.0947    ndcg@3 : 0.0175    ndcg@5 : 0.0235    ndcg@10 : 0.0305    ndcg@20 : 0.038    
Wed 29 Oct 2025 19:21:40 INFO  epoch 56 training [time: 29.45s, train loss: 1159.5291]
Wed 29 Oct 2025 19:22:10 INFO  epoch 57 training [time: 29.53s, train loss: 1155.7099]
Wed 29 Oct 2025 19:22:12 INFO  epoch 57 evaluating [time: 2.07s, valid_score: 0.064900]
Wed 29 Oct 2025 19:22:12 INFO  valid result: 
recall@3 : 0.0286    recall@5 : 0.0433    recall@10 : 0.0649    recall@20 : 0.0949    ndcg@3 : 0.0175    ndcg@5 : 0.0236    ndcg@10 : 0.0305    ndcg@20 : 0.0381    
Wed 29 Oct 2025 19:22:42 INFO  epoch 58 training [time: 30.03s, train loss: 1151.7935]
Wed 29 Oct 2025 19:23:12 INFO  epoch 59 training [time: 29.89s, train loss: 1147.0072]
Wed 29 Oct 2025 19:23:14 INFO  epoch 59 evaluating [time: 2.02s, valid_score: 0.065400]
Wed 29 Oct 2025 19:23:14 INFO  valid result: 
recall@3 : 0.0288    recall@5 : 0.043    recall@10 : 0.0654    recall@20 : 0.0942    ndcg@3 : 0.0177    ndcg@5 : 0.0236    ndcg@10 : 0.0307    ndcg@20 : 0.038    
Wed 29 Oct 2025 19:23:44 INFO  epoch 60 training [time: 30.13s, train loss: 1144.5628]
