Tue 20 Jan 2026 23:41:27 INFO  
General Hyper Parameters:
gpu_id = 0
use_gpu = True
seed = 201
state = INFO
reproducibility = True
data_path = ./recbole/data/dataset/Amazon_Sports_and_Outdoors
show_progress = True
save_dataset = False
save_dataloaders = False
benchmark_filename = None

Training Hyper Parameters:
checkpoint_dir = saved
epochs = 200
train_batch_size = 1024
learner = adam
learning_rate = 0.0001
eval_step = 2
stopping_step = 10
clip_grad_norm = None
weight_decay = 0.0
loss_decimal_place = 4

Evaluation Hyper Parameters:
eval_args = {'split': {'LS': 'valid_and_test'}, 'group_by': 'user', 'order': 'TO', 'mode': 'full'}
metrics = ['Recall', 'NDCG']
topk = [3, 5, 10, 20]
valid_metric = Recall@10
valid_metric_bigger = True
eval_batch_size = 256
metric_decimal_place = 4

Dataset Hyper Parameters:
field_separator = 	
seq_separator =  
USER_ID_FIELD = user_id
ITEM_ID_FIELD = item_id
RATING_FIELD = rating
TIME_FIELD = timestamp
seq_len = None
LABEL_FIELD = label
threshold = None
NEG_PREFIX = neg_
load_col = {'inter': ['user_id', 'item_id', 'rating', 'timestamp'], 'item': ['item_id', 'title', 'sales_rank', 'price', 'brand', 'categories', 'sales_type'], 'title': ['ent_id', 'ent_emb']}
unload_col = None
unused_col = None
additional_feat_suffix = ['title']
rm_dup_inter = None
val_interval = None
filter_inter_by_user_or_item = True
user_inter_num_interval = [5,inf)
item_inter_num_interval = [5,inf)
alias_of_user_id = None
alias_of_item_id = ['ent_id']
alias_of_entity_id = None
alias_of_relation_id = None
preload_weight = {'ent_id': 'ent_emb'}
normalize_field = None
normalize_all = None
ITEM_LIST_LENGTH_FIELD = item_length
LIST_SUFFIX = _list
MAX_ITEM_LIST_LENGTH = 50
POSITION_FIELD = position_id
HEAD_ENTITY_ID_FIELD = head_id
TAIL_ENTITY_ID_FIELD = tail_id
RELATION_ID_FIELD = relation_id
ENTITY_ID_FIELD = entity_id

Other Hyper Parameters: 
neg_sampling = None
multi_gpus = False
repeatable = True
n_layers = 3
n_heads = 8
hidden_size = 256
attribute_hidden_size = [128, 128]
inner_size = 256
hidden_dropout_prob = 0.5
attn_dropout_prob = 0.3
hidden_act = gelu
layer_norm_eps = 1e-12
initializer_range = 0.02
selected_features = ['ent_emb', 'categories']
pooling_mode = sum
loss_type = CE
weight_sharing = not
fusion_type = gate
lamdas = [5, 5]
attribute_predictor = ['cos_sim', 'linear']
MODEL_TYPE = ModelType.SEQUENTIAL
orig_attribute_hidden_size = [128, 128]
feature_type = ['static', 'categorical']
diffusion = {'device': 'cuda', 'dims': [1000], 'emb_size': 20, 'mean_type': 'x0', 'noise_max': 0.02, 'noise_min': 0.0001, 'noise_scale': 0.1, 'noise_schedule': 'linear-var', 'norm': False, 'num_heads': 4, 'reweight': True, 'sampling_noise': False, 'sampling_steps': 0, 'steps': 5, 'structure': 'MLP', 'time_type': 'cat', 'hiddenSize': 128, 'inputSize': 128}
lambda = 0.5
wandb_run_name = titles_categories
annealing = False
MODEL_INPUT_TYPE = InputType.POINTWISE
eval_type = EvaluatorType.RANKING
device = cuda
train_neg_sample_args = {'strategy': 'none'}
eval_neg_sample_args = {'strategy': 'full', 'distribution': 'uniform'}


Tue 20 Jan 2026 23:41:28 INFO  Amazon_Sports_and_Outdoors
The number of users: 35599
Average actions of users: 8.324540704533963
The number of items: 18358
Average actions of items: 16.142997221768262
The number of inters: 296337
The sparsity of the dataset: 99.95465569853714%
Remain Fields: ['user_id', 'item_id', 'rating', 'timestamp', 'title', 'price', 'brand', 'categories', 'sales_type', 'sales_rank', 'ent_id', 'ent_emb']
Tue 20 Jan 2026 23:41:31 INFO  [Training]: train_batch_size = [1024] negative sampling: [None]
Tue 20 Jan 2026 23:41:31 INFO  [Evaluation]: eval_batch_size = [256] eval_args: [{'split': {'LS': 'valid_and_test'}, 'group_by': 'user', 'order': 'TO', 'mode': 'full'}]
Tue 20 Jan 2026 23:41:33 INFO  SASRecD(
  (item_embedding): Embedding(18358, 256, padding_idx=0)
  (position_embedding): Embedding(50, 256)
  (feature_embed_layer_list): ModuleList(
    (0): Embedding(18358, 128)
    (1): FeatureSeqEmbLayer()
  )
  (trm_encoder): DIFTransformerEncoder(
    (layer): ModuleList(
      (0-2): 3 x DIFTransformerLayer(
        (multi_head_attention): DIFMultiHeadAttention(
          (query): Linear(in_features=256, out_features=256, bias=True)
          (key): Linear(in_features=256, out_features=256, bias=True)
          (value): Linear(in_features=256, out_features=256, bias=True)
          (query_p): Linear(in_features=256, out_features=256, bias=True)
          (key_p): Linear(in_features=256, out_features=256, bias=True)
          (query_layers): ModuleList(
            (0-1): 2 x Linear(in_features=128, out_features=128, bias=True)
          )
          (key_layers): ModuleList(
            (0-1): 2 x Linear(in_features=128, out_features=128, bias=True)
          )
          (fusion_layer): VanillaAttention(
            (projection): Sequential(
              (0): Linear(in_features=50, out_features=50, bias=True)
              (1): ReLU(inplace=True)
              (2): Linear(in_features=50, out_features=1, bias=True)
            )
          )
          (attn_dropout): Dropout(p=0.3, inplace=False)
          (dense): Linear(in_features=256, out_features=256, bias=True)
          (LayerNorm): LayerNorm((256,), eps=1e-12, elementwise_affine=True)
          (out_dropout): Dropout(p=0.5, inplace=False)
        )
        (feed_forward): FeedForward(
          (dense_1): Linear(in_features=256, out_features=256, bias=True)
          (dense_2): Linear(in_features=256, out_features=256, bias=True)
          (LayerNorm): LayerNorm((256,), eps=1e-12, elementwise_affine=True)
          (dropout): Dropout(p=0.5, inplace=False)
        )
      )
    )
  )
  (ap): ModuleList(
    (0): Linear(in_features=256, out_features=128, bias=True)
    (1): Linear(in_features=256, out_features=1876, bias=True)
  )
  (LayerNorm): LayerNorm((256,), eps=1e-12, elementwise_affine=True)
  (dropout): Dropout(p=0.5, inplace=False)
  (loss_fct): CrossEntropyLoss()
  (attribute_loss_fct): BCEWithLogitsLoss()
)
Trainable parameters: 7016015
Tue 20 Jan 2026 23:42:15 INFO  epoch 0 training [time: 40.51s, train loss: 2058.5738]
Tue 20 Jan 2026 23:42:52 INFO  epoch 1 training [time: 37.09s, train loss: 1827.5748]
Tue 20 Jan 2026 23:42:55 INFO  epoch 1 evaluating [time: 2.86s, valid_score: 0.012300]
Tue 20 Jan 2026 23:42:55 INFO  valid result: 
recall@3 : 0.006    recall@5 : 0.008    recall@10 : 0.0123    recall@20 : 0.0238    ndcg@3 : 0.0044    ndcg@5 : 0.0053    ndcg@10 : 0.0067    ndcg@20 : 0.0095    
Tue 20 Jan 2026 23:42:56 INFO  Saving current best: saved/SASRecD-Jan-20-2026_23-41-33.pth
Tue 20 Jan 2026 23:43:36 INFO  epoch 2 training [time: 39.59s, train loss: 1812.3762]
Tue 20 Jan 2026 23:44:16 INFO  epoch 3 training [time: 39.67s, train loss: 1806.0131]
Tue 20 Jan 2026 23:44:19 INFO  epoch 3 evaluating [time: 2.90s, valid_score: 0.012600]
Tue 20 Jan 2026 23:44:19 INFO  valid result: 
recall@3 : 0.0058    recall@5 : 0.0078    recall@10 : 0.0126    recall@20 : 0.0226    ndcg@3 : 0.0043    ndcg@5 : 0.0051    ndcg@10 : 0.0066    ndcg@20 : 0.0091    
Tue 20 Jan 2026 23:44:20 INFO  Saving current best: saved/SASRecD-Jan-20-2026_23-41-33.pth
Tue 20 Jan 2026 23:44:57 INFO  epoch 4 training [time: 36.74s, train loss: 1798.4496]
Tue 20 Jan 2026 23:45:36 INFO  epoch 5 training [time: 39.53s, train loss: 1788.7762]
Tue 20 Jan 2026 23:45:39 INFO  epoch 5 evaluating [time: 2.84s, valid_score: 0.013700]
Tue 20 Jan 2026 23:45:39 INFO  valid result: 
recall@3 : 0.0058    recall@5 : 0.0081    recall@10 : 0.0137    recall@20 : 0.0239    ndcg@3 : 0.0041    ndcg@5 : 0.005    ndcg@10 : 0.0068    ndcg@20 : 0.0094    
Tue 20 Jan 2026 23:45:40 INFO  Saving current best: saved/SASRecD-Jan-20-2026_23-41-33.pth
Tue 20 Jan 2026 23:46:17 INFO  epoch 6 training [time: 36.58s, train loss: 1770.1569]
Tue 20 Jan 2026 23:46:56 INFO  epoch 7 training [time: 39.68s, train loss: 1739.8796]
Tue 20 Jan 2026 23:46:59 INFO  epoch 7 evaluating [time: 2.83s, valid_score: 0.020500]
Tue 20 Jan 2026 23:46:59 INFO  valid result: 
recall@3 : 0.0075    recall@5 : 0.0113    recall@10 : 0.0205    recall@20 : 0.0362    ndcg@3 : 0.0054    ndcg@5 : 0.007    ndcg@10 : 0.0099    ndcg@20 : 0.0139    
Tue 20 Jan 2026 23:47:01 INFO  Saving current best: saved/SASRecD-Jan-20-2026_23-41-33.pth
Tue 20 Jan 2026 23:47:40 INFO  epoch 8 training [time: 39.54s, train loss: 1713.8970]
Tue 20 Jan 2026 23:48:17 INFO  epoch 9 training [time: 36.81s, train loss: 1690.7570]
Tue 20 Jan 2026 23:48:20 INFO  epoch 9 evaluating [time: 2.86s, valid_score: 0.025200]
Tue 20 Jan 2026 23:48:20 INFO  valid result: 
recall@3 : 0.0083    recall@5 : 0.0137    recall@10 : 0.0252    recall@20 : 0.0439    ndcg@3 : 0.0059    ndcg@5 : 0.0081    ndcg@10 : 0.0118    ndcg@20 : 0.0165    
Tue 20 Jan 2026 23:48:21 INFO  Saving current best: saved/SASRecD-Jan-20-2026_23-41-33.pth
Tue 20 Jan 2026 23:49:01 INFO  epoch 10 training [time: 39.66s, train loss: 1668.2038]
Tue 20 Jan 2026 23:49:40 INFO  epoch 11 training [time: 39.52s, train loss: 1645.9942]
Tue 20 Jan 2026 23:49:43 INFO  epoch 11 evaluating [time: 2.78s, valid_score: 0.032600]
Tue 20 Jan 2026 23:49:43 INFO  valid result: 
recall@3 : 0.0115    recall@5 : 0.0191    recall@10 : 0.0326    recall@20 : 0.0542    ndcg@3 : 0.0076    ndcg@5 : 0.0107    ndcg@10 : 0.015    ndcg@20 : 0.0204    
Tue 20 Jan 2026 23:49:44 INFO  Saving current best: saved/SASRecD-Jan-20-2026_23-41-33.pth
Tue 20 Jan 2026 23:50:21 INFO  epoch 12 training [time: 36.61s, train loss: 1623.7766]
Tue 20 Jan 2026 23:51:01 INFO  epoch 13 training [time: 39.76s, train loss: 1602.7182]
Tue 20 Jan 2026 23:51:04 INFO  epoch 13 evaluating [time: 2.85s, valid_score: 0.039200]
Tue 20 Jan 2026 23:51:04 INFO  valid result: 
recall@3 : 0.0157    recall@5 : 0.0241    recall@10 : 0.0392    recall@20 : 0.0624    ndcg@3 : 0.01    ndcg@5 : 0.0134    ndcg@10 : 0.0183    ndcg@20 : 0.0241    
Tue 20 Jan 2026 23:51:05 INFO  Saving current best: saved/SASRecD-Jan-20-2026_23-41-33.pth
Tue 20 Jan 2026 23:51:42 INFO  epoch 14 training [time: 36.74s, train loss: 1582.6903]
Tue 20 Jan 2026 23:52:21 INFO  epoch 15 training [time: 39.66s, train loss: 1563.3669]
Tue 20 Jan 2026 23:52:24 INFO  epoch 15 evaluating [time: 2.87s, valid_score: 0.045600]
Tue 20 Jan 2026 23:52:24 INFO  valid result: 
recall@3 : 0.0196    recall@5 : 0.0283    recall@10 : 0.0456    recall@20 : 0.0704    ndcg@3 : 0.0124    ndcg@5 : 0.0159    ndcg@10 : 0.0215    ndcg@20 : 0.0277    
Tue 20 Jan 2026 23:52:25 INFO  Saving current best: saved/SASRecD-Jan-20-2026_23-41-33.pth
Tue 20 Jan 2026 23:53:05 INFO  epoch 16 training [time: 39.49s, train loss: 1544.9431]
Tue 20 Jan 2026 23:53:42 INFO  epoch 17 training [time: 36.57s, train loss: 1527.0149]
Tue 20 Jan 2026 23:53:44 INFO  epoch 17 evaluating [time: 2.85s, valid_score: 0.050200]
Tue 20 Jan 2026 23:53:44 INFO  valid result: 
recall@3 : 0.0221    recall@5 : 0.0329    recall@10 : 0.0502    recall@20 : 0.0746    ndcg@3 : 0.0139    ndcg@5 : 0.0183    ndcg@10 : 0.0239    ndcg@20 : 0.03    
Tue 20 Jan 2026 23:53:46 INFO  Saving current best: saved/SASRecD-Jan-20-2026_23-41-33.pth
Tue 20 Jan 2026 23:54:25 INFO  epoch 18 training [time: 39.62s, train loss: 1510.1458]
Tue 20 Jan 2026 23:55:05 INFO  epoch 19 training [time: 39.71s, train loss: 1494.0489]
Tue 20 Jan 2026 23:55:05 INFO  epoch 19 evaluating [time: -0.11s, valid_score: 0.054100]
Tue 20 Jan 2026 23:55:05 INFO  valid result: 
recall@3 : 0.024    recall@5 : 0.0356    recall@10 : 0.0541    recall@20 : 0.0795    ndcg@3 : 0.015    ndcg@5 : 0.0198    ndcg@10 : 0.0258    ndcg@20 : 0.0322    
Tue 20 Jan 2026 23:55:06 INFO  Saving current best: saved/SASRecD-Jan-20-2026_23-41-33.pth
Tue 20 Jan 2026 23:55:46 INFO  epoch 20 training [time: 39.49s, train loss: 1478.7185]
Tue 20 Jan 2026 23:56:25 INFO  epoch 21 training [time: 39.30s, train loss: 1463.8557]
Tue 20 Jan 2026 23:56:28 INFO  epoch 21 evaluating [time: 2.82s, valid_score: 0.056800]
Tue 20 Jan 2026 23:56:28 INFO  valid result: 
recall@3 : 0.025    recall@5 : 0.0373    recall@10 : 0.0568    recall@20 : 0.0845    ndcg@3 : 0.0154    ndcg@5 : 0.0205    ndcg@10 : 0.0267    ndcg@20 : 0.0337    
Tue 20 Jan 2026 23:56:29 INFO  Saving current best: saved/SASRecD-Jan-20-2026_23-41-33.pth
Tue 20 Jan 2026 23:57:05 INFO  epoch 22 training [time: 36.42s, train loss: 1449.6360]
Tue 20 Jan 2026 23:57:45 INFO  epoch 23 training [time: 39.29s, train loss: 1435.8793]
Tue 20 Jan 2026 23:57:48 INFO  epoch 23 evaluating [time: 2.89s, valid_score: 0.058300]
Tue 20 Jan 2026 23:57:48 INFO  valid result: 
recall@3 : 0.0263    recall@5 : 0.0389    recall@10 : 0.0583    recall@20 : 0.0861    ndcg@3 : 0.0161    ndcg@5 : 0.0212    ndcg@10 : 0.0275    ndcg@20 : 0.0346    
Tue 20 Jan 2026 23:57:49 INFO  Saving current best: saved/SASRecD-Jan-20-2026_23-41-33.pth
Tue 20 Jan 2026 23:58:28 INFO  epoch 24 training [time: 39.68s, train loss: 1422.5681]
Tue 20 Jan 2026 23:59:05 INFO  epoch 25 training [time: 36.83s, train loss: 1409.4956]
Tue 20 Jan 2026 23:59:08 INFO  epoch 25 evaluating [time: 2.84s, valid_score: 0.060900]
Tue 20 Jan 2026 23:59:08 INFO  valid result: 
recall@3 : 0.0274    recall@5 : 0.0394    recall@10 : 0.0609    recall@20 : 0.0888    ndcg@3 : 0.0166    ndcg@5 : 0.0216    ndcg@10 : 0.0285    ndcg@20 : 0.0355    
Tue 20 Jan 2026 23:59:10 INFO  Saving current best: saved/SASRecD-Jan-20-2026_23-41-33.pth
Tue 20 Jan 2026 23:59:49 INFO  epoch 26 training [time: 39.76s, train loss: 1397.2037]
Wed 21 Jan 2026 00:00:29 INFO  epoch 27 training [time: 39.57s, train loss: 1384.8482]
Wed 21 Jan 2026 00:00:29 INFO  epoch 27 evaluating [time: -0.19s, valid_score: 0.062200]
Wed 21 Jan 2026 00:00:29 INFO  valid result: 
recall@3 : 0.0279    recall@5 : 0.041    recall@10 : 0.0622    recall@20 : 0.0907    ndcg@3 : 0.0168    ndcg@5 : 0.0222    ndcg@10 : 0.0291    ndcg@20 : 0.0362    
Wed 21 Jan 2026 00:00:30 INFO  Saving current best: saved/SASRecD-Jan-20-2026_23-41-33.pth
Wed 21 Jan 2026 00:01:10 INFO  epoch 28 training [time: 39.51s, train loss: 1372.8837]
Wed 21 Jan 2026 00:01:49 INFO  epoch 29 training [time: 39.78s, train loss: 1361.4404]
Wed 21 Jan 2026 00:01:52 INFO  epoch 29 evaluating [time: 2.86s, valid_score: 0.063400]
Wed 21 Jan 2026 00:01:52 INFO  valid result: 
recall@3 : 0.0282    recall@5 : 0.0422    recall@10 : 0.0634    recall@20 : 0.0923    ndcg@3 : 0.017    ndcg@5 : 0.0227    ndcg@10 : 0.0296    ndcg@20 : 0.0368    
Wed 21 Jan 2026 00:01:54 INFO  Saving current best: saved/SASRecD-Jan-20-2026_23-41-33.pth
Wed 21 Jan 2026 00:02:30 INFO  epoch 30 training [time: 36.70s, train loss: 1350.1069]
Wed 21 Jan 2026 00:03:10 INFO  epoch 31 training [time: 39.70s, train loss: 1339.0290]
Wed 21 Jan 2026 00:03:13 INFO  epoch 31 evaluating [time: 2.80s, valid_score: 0.064100]
Wed 21 Jan 2026 00:03:13 INFO  valid result: 
recall@3 : 0.0287    recall@5 : 0.0421    recall@10 : 0.0641    recall@20 : 0.0929    ndcg@3 : 0.0173    ndcg@5 : 0.0228    ndcg@10 : 0.0299    ndcg@20 : 0.0372    
Wed 21 Jan 2026 00:03:14 INFO  Saving current best: saved/SASRecD-Jan-20-2026_23-41-33.pth
Wed 21 Jan 2026 00:03:54 INFO  epoch 32 training [time: 39.64s, train loss: 1328.6417]
Wed 21 Jan 2026 00:04:31 INFO  epoch 33 training [time: 36.78s, train loss: 1317.4452]
Wed 21 Jan 2026 00:04:34 INFO  epoch 33 evaluating [time: 2.91s, valid_score: 0.065800]
Wed 21 Jan 2026 00:04:34 INFO  valid result: 
recall@3 : 0.0288    recall@5 : 0.0428    recall@10 : 0.0658    recall@20 : 0.0933    ndcg@3 : 0.0173    ndcg@5 : 0.0231    ndcg@10 : 0.0305    ndcg@20 : 0.0374    
Wed 21 Jan 2026 00:04:35 INFO  Saving current best: saved/SASRecD-Jan-20-2026_23-41-33.pth
Wed 21 Jan 2026 00:05:15 INFO  epoch 34 training [time: 39.72s, train loss: 1307.1916]
Wed 21 Jan 2026 00:05:52 INFO  epoch 35 training [time: 36.79s, train loss: 1297.2653]
Wed 21 Jan 2026 00:05:54 INFO  epoch 35 evaluating [time: 2.88s, valid_score: 0.065500]
Wed 21 Jan 2026 00:05:54 INFO  valid result: 
recall@3 : 0.0296    recall@5 : 0.0429    recall@10 : 0.0655    recall@20 : 0.0944    ndcg@3 : 0.0177    ndcg@5 : 0.0232    ndcg@10 : 0.0304    ndcg@20 : 0.0377    
Wed 21 Jan 2026 00:06:34 INFO  epoch 36 training [time: 39.63s, train loss: 1286.8235]
Wed 21 Jan 2026 00:07:14 INFO  epoch 37 training [time: 39.45s, train loss: 1276.6492]
Wed 21 Jan 2026 00:07:16 INFO  epoch 37 evaluating [time: 2.83s, valid_score: 0.067100]
Wed 21 Jan 2026 00:07:16 INFO  valid result: 
recall@3 : 0.0297    recall@5 : 0.0433    recall@10 : 0.0671    recall@20 : 0.0957    ndcg@3 : 0.0178    ndcg@5 : 0.0234    ndcg@10 : 0.031    ndcg@20 : 0.0382    
Wed 21 Jan 2026 00:07:18 INFO  Saving current best: saved/SASRecD-Jan-20-2026_23-41-33.pth
Wed 21 Jan 2026 00:07:55 INFO  epoch 38 training [time: 36.56s, train loss: 1266.3347]
Wed 21 Jan 2026 00:08:34 INFO  epoch 39 training [time: 39.59s, train loss: 1256.5108]
Wed 21 Jan 2026 00:08:37 INFO  epoch 39 evaluating [time: 2.86s, valid_score: 0.067100]
Wed 21 Jan 2026 00:08:37 INFO  valid result: 
recall@3 : 0.0297    recall@5 : 0.0432    recall@10 : 0.0671    recall@20 : 0.0955    ndcg@3 : 0.0178    ndcg@5 : 0.0234    ndcg@10 : 0.031    ndcg@20 : 0.0382    
Wed 21 Jan 2026 00:09:17 INFO  epoch 40 training [time: 39.58s, train loss: 1246.5386]
Wed 21 Jan 2026 00:09:53 INFO  epoch 41 training [time: 36.61s, train loss: 1237.0351]
Wed 21 Jan 2026 00:09:56 INFO  epoch 41 evaluating [time: 2.90s, valid_score: 0.067300]
Wed 21 Jan 2026 00:09:56 INFO  valid result: 
recall@3 : 0.03    recall@5 : 0.044    recall@10 : 0.0673    recall@20 : 0.0967    ndcg@3 : 0.0179    ndcg@5 : 0.0237    ndcg@10 : 0.0312    ndcg@20 : 0.0386    
Wed 21 Jan 2026 00:09:57 INFO  Saving current best: saved/SASRecD-Jan-20-2026_23-41-33.pth
Wed 21 Jan 2026 00:10:37 INFO  epoch 42 training [time: 39.60s, train loss: 1226.8388]
Wed 21 Jan 2026 00:11:13 INFO  epoch 43 training [time: 36.72s, train loss: 1217.1084]
Wed 21 Jan 2026 00:11:16 INFO  epoch 43 evaluating [time: 2.88s, valid_score: 0.067100]
Wed 21 Jan 2026 00:11:16 INFO  valid result: 
recall@3 : 0.0299    recall@5 : 0.0437    recall@10 : 0.0671    recall@20 : 0.0973    ndcg@3 : 0.0179    ndcg@5 : 0.0235    ndcg@10 : 0.031    ndcg@20 : 0.0386    
Wed 21 Jan 2026 00:11:56 INFO  epoch 44 training [time: 39.73s, train loss: 1206.9593]
Wed 21 Jan 2026 00:12:36 INFO  epoch 45 training [time: 39.65s, train loss: 1196.9284]
Wed 21 Jan 2026 00:12:39 INFO  epoch 45 evaluating [time: 2.92s, valid_score: 0.067700]
Wed 21 Jan 2026 00:12:39 INFO  valid result: 
recall@3 : 0.0305    recall@5 : 0.0442    recall@10 : 0.0677    recall@20 : 0.0976    ndcg@3 : 0.0182    ndcg@5 : 0.0238    ndcg@10 : 0.0314    ndcg@20 : 0.0389    
Wed 21 Jan 2026 00:12:40 INFO  Saving current best: saved/SASRecD-Jan-20-2026_23-41-33.pth
Wed 21 Jan 2026 00:13:17 INFO  epoch 46 training [time: 36.65s, train loss: 1187.1529]
Wed 21 Jan 2026 00:13:56 INFO  epoch 47 training [time: 39.56s, train loss: 1177.0922]
Wed 21 Jan 2026 00:13:59 INFO  epoch 47 evaluating [time: 2.87s, valid_score: 0.067800]
Wed 21 Jan 2026 00:13:59 INFO  valid result: 
recall@3 : 0.0307    recall@5 : 0.044    recall@10 : 0.0678    recall@20 : 0.098    ndcg@3 : 0.0184    ndcg@5 : 0.0238    ndcg@10 : 0.0315    ndcg@20 : 0.0391    
Wed 21 Jan 2026 00:14:00 INFO  Saving current best: saved/SASRecD-Jan-20-2026_23-41-33.pth
Wed 21 Jan 2026 00:14:37 INFO  epoch 48 training [time: 36.83s, train loss: 1167.6991]
Wed 21 Jan 2026 00:15:17 INFO  epoch 49 training [time: 39.56s, train loss: 1156.7647]
Wed 21 Jan 2026 00:15:20 INFO  epoch 49 evaluating [time: 2.83s, valid_score: 0.067600]
Wed 21 Jan 2026 00:15:20 INFO  valid result: 
recall@3 : 0.03    recall@5 : 0.0445    recall@10 : 0.0676    recall@20 : 0.0984    ndcg@3 : 0.0181    ndcg@5 : 0.024    ndcg@10 : 0.0314    ndcg@20 : 0.0392    
Wed 21 Jan 2026 00:15:59 INFO  epoch 50 training [time: 39.67s, train loss: 1147.1865]
Wed 21 Jan 2026 00:16:36 INFO  epoch 51 training [time: 36.70s, train loss: 1136.8176]
Wed 21 Jan 2026 00:16:39 INFO  epoch 51 evaluating [time: 2.84s, valid_score: 0.068300]
Wed 21 Jan 2026 00:16:39 INFO  valid result: 
recall@3 : 0.0309    recall@5 : 0.0443    recall@10 : 0.0683    recall@20 : 0.0981    ndcg@3 : 0.0184    ndcg@5 : 0.024    ndcg@10 : 0.0317    ndcg@20 : 0.0391    
Wed 21 Jan 2026 00:16:40 INFO  Saving current best: saved/SASRecD-Jan-20-2026_23-41-33.pth
Wed 21 Jan 2026 00:17:20 INFO  epoch 52 training [time: 39.52s, train loss: 1127.2326]
Wed 21 Jan 2026 00:17:59 INFO  epoch 53 training [time: 39.44s, train loss: 1116.9388]
Wed 21 Jan 2026 00:18:02 INFO  epoch 53 evaluating [time: 2.84s, valid_score: 0.067800]
Wed 21 Jan 2026 00:18:02 INFO  valid result: 
recall@3 : 0.0306    recall@5 : 0.0449    recall@10 : 0.0678    recall@20 : 0.0985    ndcg@3 : 0.0183    ndcg@5 : 0.0242    ndcg@10 : 0.0315    ndcg@20 : 0.0393    
Wed 21 Jan 2026 00:18:38 INFO  epoch 54 training [time: 36.40s, train loss: 1105.9061]
Wed 21 Jan 2026 00:19:18 INFO  epoch 55 training [time: 39.57s, train loss: 1095.6688]
Wed 21 Jan 2026 00:19:21 INFO  epoch 55 evaluating [time: 2.86s, valid_score: 0.068400]
Wed 21 Jan 2026 00:19:21 INFO  valid result: 
recall@3 : 0.0306    recall@5 : 0.0451    recall@10 : 0.0684    recall@20 : 0.0982    ndcg@3 : 0.0184    ndcg@5 : 0.0243    ndcg@10 : 0.0318    ndcg@20 : 0.0393    
Wed 21 Jan 2026 00:19:22 INFO  Saving current best: saved/SASRecD-Jan-20-2026_23-41-33.pth
Wed 21 Jan 2026 00:20:02 INFO  epoch 56 training [time: 39.74s, train loss: 1085.3051]
Wed 21 Jan 2026 00:20:39 INFO  epoch 57 training [time: 36.68s, train loss: 1074.4113]
Wed 21 Jan 2026 00:20:42 INFO  epoch 57 evaluating [time: 2.83s, valid_score: 0.068700]
Wed 21 Jan 2026 00:20:42 INFO  valid result: 
recall@3 : 0.0305    recall@5 : 0.045    recall@10 : 0.0687    recall@20 : 0.0989    ndcg@3 : 0.0183    ndcg@5 : 0.0243    ndcg@10 : 0.0319    ndcg@20 : 0.0394    
Wed 21 Jan 2026 00:20:43 INFO  Saving current best: saved/SASRecD-Jan-20-2026_23-41-33.pth
Wed 21 Jan 2026 00:21:22 INFO  epoch 58 training [time: 39.57s, train loss: 1064.2558]
Wed 21 Jan 2026 00:21:59 INFO  epoch 59 training [time: 36.65s, train loss: 1053.3091]
Wed 21 Jan 2026 00:22:02 INFO  epoch 59 evaluating [time: 2.83s, valid_score: 0.068400]
Wed 21 Jan 2026 00:22:02 INFO  valid result: 
recall@3 : 0.0303    recall@5 : 0.0443    recall@10 : 0.0684    recall@20 : 0.0985    ndcg@3 : 0.0184    ndcg@5 : 0.0242    ndcg@10 : 0.032    ndcg@20 : 0.0395    
Wed 21 Jan 2026 00:22:42 INFO  epoch 60 training [time: 39.62s, train loss: 1042.3319]
Wed 21 Jan 2026 00:23:21 INFO  epoch 61 training [time: 39.55s, train loss: 1031.2554]
Wed 21 Jan 2026 00:23:24 INFO  epoch 61 evaluating [time: 2.88s, valid_score: 0.067700]
Wed 21 Jan 2026 00:23:24 INFO  valid result: 
recall@3 : 0.0307    recall@5 : 0.0447    recall@10 : 0.0677    recall@20 : 0.0981    ndcg@3 : 0.0185    ndcg@5 : 0.0243    ndcg@10 : 0.0317    ndcg@20 : 0.0393    
Wed 21 Jan 2026 00:24:01 INFO  epoch 62 training [time: 36.89s, train loss: 1020.2574]
Wed 21 Jan 2026 00:24:40 INFO  epoch 63 training [time: 39.02s, train loss: 1009.0623]
Wed 21 Jan 2026 00:24:43 INFO  epoch 63 evaluating [time: 2.74s, valid_score: 0.068100]
Wed 21 Jan 2026 00:24:43 INFO  valid result: 
recall@3 : 0.0312    recall@5 : 0.0444    recall@10 : 0.0681    recall@20 : 0.0985    ndcg@3 : 0.0189    ndcg@5 : 0.0244    ndcg@10 : 0.032    ndcg@20 : 0.0397    
Wed 21 Jan 2026 00:25:21 INFO  epoch 64 training [time: 38.21s, train loss: 998.4141]
Wed 21 Jan 2026 00:25:56 INFO  epoch 65 training [time: 35.25s, train loss: 987.7252]
Wed 21 Jan 2026 00:25:59 INFO  epoch 65 evaluating [time: 2.80s, valid_score: 0.068100]
Wed 21 Jan 2026 00:25:59 INFO  valid result: 
recall@3 : 0.0302    recall@5 : 0.0443    recall@10 : 0.0681    recall@20 : 0.0981    ndcg@3 : 0.0183    ndcg@5 : 0.0241    ndcg@10 : 0.0318    ndcg@20 : 0.0393    
Wed 21 Jan 2026 00:26:39 INFO  epoch 66 training [time: 40.25s, train loss: 976.2586]
Wed 21 Jan 2026 00:27:19 INFO  epoch 67 training [time: 39.59s, train loss: 964.4469]
Wed 21 Jan 2026 00:27:22 INFO  epoch 67 evaluating [time: 2.84s, valid_score: 0.067400]
Wed 21 Jan 2026 00:27:22 INFO  valid result: 
recall@3 : 0.0301    recall@5 : 0.0449    recall@10 : 0.0674    recall@20 : 0.0989    ndcg@3 : 0.0185    ndcg@5 : 0.0245    ndcg@10 : 0.0318    ndcg@20 : 0.0397    
Wed 21 Jan 2026 00:27:58 INFO  epoch 68 training [time: 36.52s, train loss: 952.7994]
Wed 21 Jan 2026 00:28:38 INFO  epoch 69 training [time: 39.43s, train loss: 941.2036]
Wed 21 Jan 2026 00:28:40 INFO  epoch 69 evaluating [time: 2.84s, valid_score: 0.067100]
Wed 21 Jan 2026 00:28:40 INFO  valid result: 
recall@3 : 0.0298    recall@5 : 0.0449    recall@10 : 0.0671    recall@20 : 0.0975    ndcg@3 : 0.0182    ndcg@5 : 0.0244    ndcg@10 : 0.0315    ndcg@20 : 0.0391    
Wed 21 Jan 2026 00:29:17 INFO  epoch 70 training [time: 36.64s, train loss: 929.5686]
Wed 21 Jan 2026 00:29:57 INFO  epoch 71 training [time: 39.63s, train loss: 917.8156]
Wed 21 Jan 2026 00:30:00 INFO  epoch 71 evaluating [time: 2.92s, valid_score: 0.066900]
Wed 21 Jan 2026 00:30:00 INFO  valid result: 
recall@3 : 0.0295    recall@5 : 0.0439    recall@10 : 0.0669    recall@20 : 0.0982    ndcg@3 : 0.018    ndcg@5 : 0.0239    ndcg@10 : 0.0314    ndcg@20 : 0.0392    
Wed 21 Jan 2026 00:30:39 INFO  epoch 72 training [time: 39.56s, train loss: 906.1305]
Wed 21 Jan 2026 00:31:16 INFO  epoch 73 training [time: 36.66s, train loss: 894.2866]
Wed 21 Jan 2026 00:31:19 INFO  epoch 73 evaluating [time: 2.92s, valid_score: 0.067500]
Wed 21 Jan 2026 00:31:19 INFO  valid result: 
recall@3 : 0.0297    recall@5 : 0.0443    recall@10 : 0.0675    recall@20 : 0.0985    ndcg@3 : 0.0183    ndcg@5 : 0.0243    ndcg@10 : 0.0317    ndcg@20 : 0.0395    
Wed 21 Jan 2026 00:31:58 INFO  epoch 74 training [time: 39.70s, train loss: 881.3700]
Wed 21 Jan 2026 00:32:38 INFO  epoch 75 training [time: 39.62s, train loss: 869.9053]
Wed 21 Jan 2026 00:32:41 INFO  epoch 75 evaluating [time: 2.92s, valid_score: 0.067000]
Wed 21 Jan 2026 00:32:41 INFO  valid result: 
recall@3 : 0.0301    recall@5 : 0.0446    recall@10 : 0.067    recall@20 : 0.0978    ndcg@3 : 0.0185    ndcg@5 : 0.0245    ndcg@10 : 0.0317    ndcg@20 : 0.0395    
Wed 21 Jan 2026 00:33:18 INFO  epoch 76 training [time: 36.68s, train loss: 857.8150]
Wed 21 Jan 2026 00:33:57 INFO  epoch 77 training [time: 39.55s, train loss: 844.7977]
Wed 21 Jan 2026 00:34:00 INFO  epoch 77 evaluating [time: 2.88s, valid_score: 0.067500]
Wed 21 Jan 2026 00:34:00 INFO  valid result: 
recall@3 : 0.0303    recall@5 : 0.0441    recall@10 : 0.0675    recall@20 : 0.0976    ndcg@3 : 0.0184    ndcg@5 : 0.0241    ndcg@10 : 0.0317    ndcg@20 : 0.0393    
Wed 21 Jan 2026 00:34:40 INFO  epoch 78 training [time: 39.82s, train loss: 832.0818]
Wed 21 Jan 2026 00:35:17 INFO  epoch 79 training [time: 36.67s, train loss: 820.6127]
Wed 21 Jan 2026 00:35:19 INFO  epoch 79 evaluating [time: 2.89s, valid_score: 0.067400]
Wed 21 Jan 2026 00:35:19 INFO  valid result: 
recall@3 : 0.0291    recall@5 : 0.0449    recall@10 : 0.0674    recall@20 : 0.0969    ndcg@3 : 0.018    ndcg@5 : 0.0245    ndcg@10 : 0.0317    ndcg@20 : 0.0392    
Wed 21 Jan 2026 00:35:19 INFO  Finished training, best eval result in epoch 57
Wed 21 Jan 2026 00:35:21 INFO  Loading model structure and parameters from saved/SASRecD-Jan-20-2026_23-41-33.pth
Wed 21 Jan 2026 00:35:23 INFO  best valid : {'recall@3': np.float64(0.0305), 'recall@5': np.float64(0.045), 'recall@10': np.float64(0.0687), 'recall@20': np.float64(0.0989), 'ndcg@3': np.float64(0.0183), 'ndcg@5': np.float64(0.0243), 'ndcg@10': np.float64(0.0319), 'ndcg@20': np.float64(0.0394)}
Wed 21 Jan 2026 00:35:23 INFO  test result: {'recall@3': np.float64(0.0233), 'recall@5': np.float64(0.0353), 'recall@10': np.float64(0.0542), 'recall@20': np.float64(0.08), 'ndcg@3': np.float64(0.0141), 'ndcg@5': np.float64(0.0191), 'ndcg@10': np.float64(0.0251), 'ndcg@20': np.float64(0.0317)}
