Fri 05 Dec 2025 16:46:28 INFO  
General Hyper Parameters:
gpu_id = 0
use_gpu = True
seed = 202
state = INFO
reproducibility = False
data_path = ./recbole/data/dataset/Amazon_Sports_and_Outdoors
show_progress = True
save_dataset = False
save_dataloaders = False
benchmark_filename = None

Training Hyper Parameters:
checkpoint_dir = saved
epochs = 200
train_batch_size = 1024
learner = adam
learning_rate = 0.0001
eval_step = 2
stopping_step = 10
clip_grad_norm = None
weight_decay = 0.0
loss_decimal_place = 4

Evaluation Hyper Parameters:
eval_args = {'split': {'LS': 'valid_and_test'}, 'group_by': 'user', 'order': 'TO', 'mode': 'full'}
metrics = ['Recall', 'NDCG']
topk = [3, 5, 10, 20]
valid_metric = Recall@10
valid_metric_bigger = True
eval_batch_size = 256
metric_decimal_place = 4

Dataset Hyper Parameters:
field_separator = 	
seq_separator =  
USER_ID_FIELD = user_id
ITEM_ID_FIELD = item_id
RATING_FIELD = rating
TIME_FIELD = timestamp
seq_len = None
LABEL_FIELD = label
threshold = None
NEG_PREFIX = neg_
load_col = {'inter': ['user_id', 'item_id', 'rating', 'timestamp'], 'item': ['item_id', 'title', 'sales_rank', 'price', 'brand', 'categories', 'sales_type'], 'title': ['ent_id', 'ent_emb']}
unload_col = None
unused_col = None
additional_feat_suffix = ['title']
rm_dup_inter = None
val_interval = None
filter_inter_by_user_or_item = True
user_inter_num_interval = [5,inf)
item_inter_num_interval = [5,inf)
alias_of_user_id = None
alias_of_item_id = ['ent_id']
alias_of_entity_id = None
alias_of_relation_id = None
preload_weight = {'ent_id': 'ent_emb'}
normalize_field = None
normalize_all = None
ITEM_LIST_LENGTH_FIELD = item_length
LIST_SUFFIX = _list
MAX_ITEM_LIST_LENGTH = 50
POSITION_FIELD = position_id
HEAD_ENTITY_ID_FIELD = head_id
TAIL_ENTITY_ID_FIELD = tail_id
RELATION_ID_FIELD = relation_id
ENTITY_ID_FIELD = entity_id

Other Hyper Parameters: 
neg_sampling = None
multi_gpus = False
repeatable = True
n_layers = 3
n_heads = 8
hidden_size = 256
attribute_hidden_size = [128, 128]
inner_size = 256
hidden_dropout_prob = 0.5
attn_dropout_prob = 0.3
hidden_act = gelu
layer_norm_eps = 1e-12
initializer_range = 0.02
selected_features = ['ent_emb', 'categories']
pooling_mode = sum
loss_type = CE
weight_sharing = not
fusion_type = gate
lamdas = [5, 5]
attribute_predictor = ['cos_sim', 'linear']
MODEL_TYPE = ModelType.SEQUENTIAL
orig_attribute_hidden_size = [128]
feature_type = ['static', 'categorical']
diffusion = {'device': 'cuda', 'dims': [1000], 'emb_size': 20, 'mean_type': 'x0', 'noise_max': 0.02, 'noise_min': 0.0001, 'noise_scale': 0.1, 'noise_schedule': 'linear-var', 'norm': False, 'num_heads': 4, 'reweight': True, 'sampling_noise': False, 'sampling_steps': 0, 'steps': 5, 'structure': 'MLP', 'time_type': 'cat', 'hiddenSize': 128, 'inputSize': 128}
lambda = 0.5
wandb_run_name = titles_categories(ablation_study)
annealing = False
MODEL_INPUT_TYPE = InputType.POINTWISE
eval_type = EvaluatorType.RANKING
device = cuda
train_neg_sample_args = {'strategy': 'none'}
eval_neg_sample_args = {'strategy': 'full', 'distribution': 'uniform'}


Fri 05 Dec 2025 16:46:29 INFO  Amazon_Sports_and_Outdoors
The number of users: 35599
Average actions of users: 8.324540704533963
The number of items: 18358
Average actions of items: 16.142997221768262
The number of inters: 296337
The sparsity of the dataset: 99.95465569853714%
Remain Fields: ['user_id', 'item_id', 'rating', 'timestamp', 'title', 'price', 'brand', 'categories', 'sales_type', 'sales_rank', 'ent_id', 'ent_emb']
Fri 05 Dec 2025 16:46:33 INFO  [Training]: train_batch_size = [1024] negative sampling: [None]
Fri 05 Dec 2025 16:46:33 INFO  [Evaluation]: eval_batch_size = [256] eval_args: [{'split': {'LS': 'valid_and_test'}, 'group_by': 'user', 'order': 'TO', 'mode': 'full'}]
Fri 05 Dec 2025 16:46:35 INFO  SASRecD(
  (item_embedding): Embedding(18358, 256, padding_idx=0)
  (position_embedding): Embedding(50, 256)
  (feature_embed_layer_list): ModuleList(
    (0): Embedding(
      18358, 128
      (mlp): MLP(
        (net): Sequential(
          (0): Linear(in_features=256, out_features=128, bias=True)
          (1): LayerNorm((128,), eps=1e-05, elementwise_affine=True)
        )
      )
    )
    (1): FeatureSeqEmbLayer()
  )
  (trm_encoder): DIFTransformerEncoder(
    (layer): ModuleList(
      (0-2): 3 x DIFTransformerLayer(
        (multi_head_attention): DIFMultiHeadAttention(
          (query): Linear(in_features=256, out_features=256, bias=True)
          (key): Linear(in_features=256, out_features=256, bias=True)
          (value): Linear(in_features=256, out_features=256, bias=True)
          (query_p): Linear(in_features=256, out_features=256, bias=True)
          (key_p): Linear(in_features=256, out_features=256, bias=True)
          (query_layers): ModuleList(
            (0-1): 2 x Linear(in_features=128, out_features=128, bias=True)
          )
          (key_layers): ModuleList(
            (0-1): 2 x Linear(in_features=128, out_features=128, bias=True)
          )
          (fusion_layer): VanillaAttention(
            (projection): Sequential(
              (0): Linear(in_features=50, out_features=50, bias=True)
              (1): ReLU(inplace=True)
              (2): Linear(in_features=50, out_features=1, bias=True)
            )
          )
          (attn_dropout): Dropout(p=0.3, inplace=False)
          (dense): Linear(in_features=256, out_features=256, bias=True)
          (LayerNorm): LayerNorm((256,), eps=1e-12, elementwise_affine=True)
          (out_dropout): Dropout(p=0.5, inplace=False)
        )
        (feed_forward): FeedForward(
          (dense_1): Linear(in_features=256, out_features=256, bias=True)
          (dense_2): Linear(in_features=256, out_features=256, bias=True)
          (LayerNorm): LayerNorm((256,), eps=1e-12, elementwise_affine=True)
          (dropout): Dropout(p=0.5, inplace=False)
        )
      )
    )
  )
  (ap): ModuleList(
    (0): Linear(in_features=256, out_features=128, bias=True)
    (1): Linear(in_features=256, out_features=1876, bias=True)
  )
  (LayerNorm): LayerNorm((256,), eps=1e-12, elementwise_affine=True)
  (dropout): Dropout(p=0.5, inplace=False)
  (loss_fct): CrossEntropyLoss()
  (attribute_loss_fct): BCEWithLogitsLoss()
)
Trainable parameters: 7049167
Fri 05 Dec 2025 16:47:20 INFO  epoch 0 training [time: 44.86s, train loss: 2055.6531]
Fri 05 Dec 2025 16:48:05 INFO  epoch 1 training [time: 44.26s, train loss: 1827.3491]
Fri 05 Dec 2025 16:48:08 INFO  epoch 1 evaluating [time: 3.00s, valid_score: 0.012200]
Fri 05 Dec 2025 16:48:08 INFO  valid result: 
recall@3 : 0.006    recall@5 : 0.0083    recall@10 : 0.0122    recall@20 : 0.024    ndcg@3 : 0.0044    ndcg@5 : 0.0054    ndcg@10 : 0.0066    ndcg@20 : 0.0096    
Fri 05 Dec 2025 16:48:09 INFO  Saving current best: saved/SASRecD-Dec-05-2025_16-46-35.pth
Fri 05 Dec 2025 16:48:53 INFO  epoch 2 training [time: 44.18s, train loss: 1812.5028]
Fri 05 Dec 2025 16:49:37 INFO  epoch 3 training [time: 44.04s, train loss: 1806.1830]
Fri 05 Dec 2025 16:49:40 INFO  epoch 3 evaluating [time: 2.83s, valid_score: 0.012000]
Fri 05 Dec 2025 16:49:40 INFO  valid result: 
recall@3 : 0.0059    recall@5 : 0.008    recall@10 : 0.012    recall@20 : 0.0227    ndcg@3 : 0.0044    ndcg@5 : 0.0053    ndcg@10 : 0.0065    ndcg@20 : 0.0092    
Fri 05 Dec 2025 16:50:25 INFO  epoch 4 training [time: 44.38s, train loss: 1798.8218]
Fri 05 Dec 2025 16:51:09 INFO  epoch 5 training [time: 44.13s, train loss: 1789.4978]
Fri 05 Dec 2025 16:51:12 INFO  epoch 5 evaluating [time: 2.88s, valid_score: 0.012700]
Fri 05 Dec 2025 16:51:12 INFO  valid result: 
recall@3 : 0.0057    recall@5 : 0.0078    recall@10 : 0.0127    recall@20 : 0.0226    ndcg@3 : 0.0043    ndcg@5 : 0.0051    ndcg@10 : 0.0067    ndcg@20 : 0.0091    
Fri 05 Dec 2025 16:51:13 INFO  Saving current best: saved/SASRecD-Dec-05-2025_16-46-35.pth
Fri 05 Dec 2025 16:51:57 INFO  epoch 6 training [time: 44.22s, train loss: 1772.5926]
Fri 05 Dec 2025 16:52:41 INFO  epoch 7 training [time: 44.31s, train loss: 1742.5160]
Fri 05 Dec 2025 16:52:44 INFO  epoch 7 evaluating [time: 2.89s, valid_score: 0.020600]
Fri 05 Dec 2025 16:52:44 INFO  valid result: 
recall@3 : 0.0076    recall@5 : 0.0113    recall@10 : 0.0206    recall@20 : 0.0356    ndcg@3 : 0.0054    ndcg@5 : 0.007    ndcg@10 : 0.0099    ndcg@20 : 0.0137    
Fri 05 Dec 2025 16:52:46 INFO  Saving current best: saved/SASRecD-Dec-05-2025_16-46-35.pth
Fri 05 Dec 2025 16:53:30 INFO  epoch 8 training [time: 44.09s, train loss: 1715.6848]
Fri 05 Dec 2025 16:54:14 INFO  epoch 9 training [time: 44.21s, train loss: 1692.5840]
Fri 05 Dec 2025 16:54:17 INFO  epoch 9 evaluating [time: 2.83s, valid_score: 0.025400]
Fri 05 Dec 2025 16:54:17 INFO  valid result: 
recall@3 : 0.0088    recall@5 : 0.0138    recall@10 : 0.0254    recall@20 : 0.0433    ndcg@3 : 0.0062    ndcg@5 : 0.0082    ndcg@10 : 0.0119    ndcg@20 : 0.0164    
Fri 05 Dec 2025 16:54:18 INFO  Saving current best: saved/SASRecD-Dec-05-2025_16-46-35.pth
Fri 05 Dec 2025 16:55:03 INFO  epoch 10 training [time: 44.65s, train loss: 1670.2840]
Fri 05 Dec 2025 16:55:48 INFO  epoch 11 training [time: 44.80s, train loss: 1647.5212]
Fri 05 Dec 2025 16:55:50 INFO  epoch 11 evaluating [time: 2.81s, valid_score: 0.031700]
Fri 05 Dec 2025 16:55:50 INFO  valid result: 
recall@3 : 0.0114    recall@5 : 0.0182    recall@10 : 0.0317    recall@20 : 0.0535    ndcg@3 : 0.0078    ndcg@5 : 0.0105    ndcg@10 : 0.0148    ndcg@20 : 0.0203    
Fri 05 Dec 2025 16:55:52 INFO  Saving current best: saved/SASRecD-Dec-05-2025_16-46-35.pth
Fri 05 Dec 2025 16:56:35 INFO  epoch 12 training [time: 43.85s, train loss: 1625.6744]
Fri 05 Dec 2025 16:57:19 INFO  epoch 13 training [time: 44.00s, train loss: 1604.3662]
Fri 05 Dec 2025 16:57:22 INFO  epoch 13 evaluating [time: 3.04s, valid_score: 0.040000]
Fri 05 Dec 2025 16:57:22 INFO  valid result: 
recall@3 : 0.0153    recall@5 : 0.0234    recall@10 : 0.04    recall@20 : 0.0615    ndcg@3 : 0.0098    ndcg@5 : 0.0132    ndcg@10 : 0.0185    ndcg@20 : 0.0239    
Fri 05 Dec 2025 16:57:24 INFO  Saving current best: saved/SASRecD-Dec-05-2025_16-46-35.pth
Fri 05 Dec 2025 16:58:09 INFO  epoch 14 training [time: 45.25s, train loss: 1584.4135]
Fri 05 Dec 2025 16:58:54 INFO  epoch 15 training [time: 44.46s, train loss: 1564.6539]
Fri 05 Dec 2025 16:58:56 INFO  epoch 15 evaluating [time: 2.80s, valid_score: 0.046000]
Fri 05 Dec 2025 16:58:56 INFO  valid result: 
recall@3 : 0.0187    recall@5 : 0.0283    recall@10 : 0.046    recall@20 : 0.0689    ndcg@3 : 0.0119    ndcg@5 : 0.0159    ndcg@10 : 0.0215    ndcg@20 : 0.0273    
Fri 05 Dec 2025 16:58:58 INFO  Saving current best: saved/SASRecD-Dec-05-2025_16-46-35.pth
Fri 05 Dec 2025 16:59:42 INFO  epoch 16 training [time: 44.75s, train loss: 1546.8025]
Fri 05 Dec 2025 17:00:27 INFO  epoch 17 training [time: 45.08s, train loss: 1528.9430]
Fri 05 Dec 2025 17:00:30 INFO  epoch 17 evaluating [time: 2.84s, valid_score: 0.050000]
Fri 05 Dec 2025 17:00:30 INFO  valid result: 
recall@3 : 0.0213    recall@5 : 0.0316    recall@10 : 0.05    recall@20 : 0.0752    ndcg@3 : 0.0133    ndcg@5 : 0.0175    ndcg@10 : 0.0234    ndcg@20 : 0.0298    
Fri 05 Dec 2025 17:00:31 INFO  Saving current best: saved/SASRecD-Dec-05-2025_16-46-35.pth
Fri 05 Dec 2025 17:01:17 INFO  epoch 18 training [time: 45.03s, train loss: 1511.7574]
Fri 05 Dec 2025 17:02:01 INFO  epoch 19 training [time: 44.91s, train loss: 1495.6167]
Fri 05 Dec 2025 17:02:04 INFO  epoch 19 evaluating [time: 2.86s, valid_score: 0.055000]
Fri 05 Dec 2025 17:02:04 INFO  valid result: 
recall@3 : 0.0233    recall@5 : 0.0351    recall@10 : 0.055    recall@20 : 0.0805    ndcg@3 : 0.0144    ndcg@5 : 0.0192    ndcg@10 : 0.0256    ndcg@20 : 0.032    
Fri 05 Dec 2025 17:02:05 INFO  Saving current best: saved/SASRecD-Dec-05-2025_16-46-35.pth
Fri 05 Dec 2025 17:02:51 INFO  epoch 20 training [time: 45.18s, train loss: 1480.0831]
Fri 05 Dec 2025 17:03:36 INFO  epoch 21 training [time: 45.53s, train loss: 1465.4697]
Fri 05 Dec 2025 17:03:39 INFO  epoch 21 evaluating [time: 2.87s, valid_score: 0.057300]
Fri 05 Dec 2025 17:03:39 INFO  valid result: 
recall@3 : 0.0246    recall@5 : 0.0372    recall@10 : 0.0573    recall@20 : 0.0837    ndcg@3 : 0.0151    ndcg@5 : 0.0203    ndcg@10 : 0.0268    ndcg@20 : 0.0335    
Fri 05 Dec 2025 17:03:40 INFO  Saving current best: saved/SASRecD-Dec-05-2025_16-46-35.pth
Fri 05 Dec 2025 17:04:26 INFO  epoch 22 training [time: 45.70s, train loss: 1450.5993]
Fri 05 Dec 2025 17:05:13 INFO  epoch 23 training [time: 47.04s, train loss: 1436.5796]
Fri 05 Dec 2025 17:05:16 INFO  epoch 23 evaluating [time: 2.91s, valid_score: 0.059700]
Fri 05 Dec 2025 17:05:16 INFO  valid result: 
recall@3 : 0.0261    recall@5 : 0.0391    recall@10 : 0.0597    recall@20 : 0.0864    ndcg@3 : 0.0159    ndcg@5 : 0.0212    ndcg@10 : 0.0279    ndcg@20 : 0.0346    
Fri 05 Dec 2025 17:05:17 INFO  Saving current best: saved/SASRecD-Dec-05-2025_16-46-35.pth
Fri 05 Dec 2025 17:06:02 INFO  epoch 24 training [time: 45.30s, train loss: 1423.1667]
Fri 05 Dec 2025 17:06:50 INFO  epoch 25 training [time: 47.39s, train loss: 1410.7932]
Fri 05 Dec 2025 17:06:53 INFO  epoch 25 evaluating [time: 2.96s, valid_score: 0.061100]
Fri 05 Dec 2025 17:06:53 INFO  valid result: 
recall@3 : 0.0273    recall@5 : 0.0404    recall@10 : 0.0611    recall@20 : 0.0885    ndcg@3 : 0.0165    ndcg@5 : 0.0219    ndcg@10 : 0.0286    ndcg@20 : 0.0354    
Fri 05 Dec 2025 17:06:54 INFO  Saving current best: saved/SASRecD-Dec-05-2025_16-46-35.pth
Fri 05 Dec 2025 17:07:38 INFO  epoch 26 training [time: 44.59s, train loss: 1398.2369]
Fri 05 Dec 2025 17:08:23 INFO  epoch 27 training [time: 44.66s, train loss: 1385.7044]
Fri 05 Dec 2025 17:08:26 INFO  epoch 27 evaluating [time: 2.95s, valid_score: 0.062900]
Fri 05 Dec 2025 17:08:26 INFO  valid result: 
recall@3 : 0.0278    recall@5 : 0.0414    recall@10 : 0.0629    recall@20 : 0.0907    ndcg@3 : 0.0167    ndcg@5 : 0.0223    ndcg@10 : 0.0293    ndcg@20 : 0.0363    
Fri 05 Dec 2025 17:08:27 INFO  Saving current best: saved/SASRecD-Dec-05-2025_16-46-35.pth
Fri 05 Dec 2025 17:09:14 INFO  epoch 28 training [time: 46.38s, train loss: 1373.8160]
Fri 05 Dec 2025 17:09:59 INFO  epoch 29 training [time: 45.27s, train loss: 1362.1095]
Fri 05 Dec 2025 17:10:02 INFO  epoch 29 evaluating [time: 2.96s, valid_score: 0.063600]
Fri 05 Dec 2025 17:10:02 INFO  valid result: 
recall@3 : 0.0284    recall@5 : 0.0424    recall@10 : 0.0636    recall@20 : 0.0925    ndcg@3 : 0.0171    ndcg@5 : 0.0229    ndcg@10 : 0.0297    ndcg@20 : 0.037    
Fri 05 Dec 2025 17:10:03 INFO  Saving current best: saved/SASRecD-Dec-05-2025_16-46-35.pth
Fri 05 Dec 2025 17:10:48 INFO  epoch 30 training [time: 44.89s, train loss: 1350.9769]
Fri 05 Dec 2025 17:11:34 INFO  epoch 31 training [time: 45.45s, train loss: 1339.2980]
Fri 05 Dec 2025 17:11:36 INFO  epoch 31 evaluating [time: 2.83s, valid_score: 0.064900]
Fri 05 Dec 2025 17:11:36 INFO  valid result: 
recall@3 : 0.0284    recall@5 : 0.0425    recall@10 : 0.0649    recall@20 : 0.093    ndcg@3 : 0.0171    ndcg@5 : 0.0229    ndcg@10 : 0.0301    ndcg@20 : 0.0372    
Fri 05 Dec 2025 17:11:38 INFO  Saving current best: saved/SASRecD-Dec-05-2025_16-46-35.pth
Fri 05 Dec 2025 17:12:23 INFO  epoch 32 training [time: 45.01s, train loss: 1328.7807]
Fri 05 Dec 2025 17:13:09 INFO  epoch 33 training [time: 46.43s, train loss: 1318.2604]
Fri 05 Dec 2025 17:13:12 INFO  epoch 33 evaluating [time: 3.01s, valid_score: 0.064800]
Fri 05 Dec 2025 17:13:12 INFO  valid result: 
recall@3 : 0.029    recall@5 : 0.0423    recall@10 : 0.0648    recall@20 : 0.0942    ndcg@3 : 0.0174    ndcg@5 : 0.0229    ndcg@10 : 0.0302    ndcg@20 : 0.0376    
Fri 05 Dec 2025 17:13:58 INFO  epoch 34 training [time: 45.78s, train loss: 1307.0714]
Fri 05 Dec 2025 17:14:43 INFO  epoch 35 training [time: 45.67s, train loss: 1297.2334]
Fri 05 Dec 2025 17:14:46 INFO  epoch 35 evaluating [time: 2.85s, valid_score: 0.065700]
Fri 05 Dec 2025 17:14:46 INFO  valid result: 
recall@3 : 0.0289    recall@5 : 0.0424    recall@10 : 0.0657    recall@20 : 0.0947    ndcg@3 : 0.0173    ndcg@5 : 0.0228    ndcg@10 : 0.0304    ndcg@20 : 0.0376    
Fri 05 Dec 2025 17:14:48 INFO  Saving current best: saved/SASRecD-Dec-05-2025_16-46-35.pth
Fri 05 Dec 2025 17:15:34 INFO  epoch 36 training [time: 45.95s, train loss: 1286.7067]
Fri 05 Dec 2025 17:16:19 INFO  epoch 37 training [time: 45.47s, train loss: 1276.6087]
Fri 05 Dec 2025 17:16:22 INFO  epoch 37 evaluating [time: 2.60s, valid_score: 0.066000]
Fri 05 Dec 2025 17:16:22 INFO  valid result: 
recall@3 : 0.0286    recall@5 : 0.0425    recall@10 : 0.066    recall@20 : 0.0956    ndcg@3 : 0.0172    ndcg@5 : 0.0229    ndcg@10 : 0.0305    ndcg@20 : 0.0379    
Fri 05 Dec 2025 17:16:23 INFO  Saving current best: saved/SASRecD-Dec-05-2025_16-46-35.pth
Fri 05 Dec 2025 17:17:01 INFO  epoch 38 training [time: 37.99s, train loss: 1266.8133]
Fri 05 Dec 2025 17:17:38 INFO  epoch 39 training [time: 37.47s, train loss: 1256.9004]
Fri 05 Dec 2025 17:17:41 INFO  epoch 39 evaluating [time: 2.38s, valid_score: 0.066700]
Fri 05 Dec 2025 17:17:41 INFO  valid result: 
recall@3 : 0.0294    recall@5 : 0.043    recall@10 : 0.0667    recall@20 : 0.0967    ndcg@3 : 0.0176    ndcg@5 : 0.0232    ndcg@10 : 0.0308    ndcg@20 : 0.0384    
Fri 05 Dec 2025 17:17:42 INFO  Saving current best: saved/SASRecD-Dec-05-2025_16-46-35.pth
Fri 05 Dec 2025 17:18:18 INFO  epoch 40 training [time: 36.95s, train loss: 1246.8341]
Fri 05 Dec 2025 17:18:55 INFO  epoch 41 training [time: 36.80s, train loss: 1236.3467]
Fri 05 Dec 2025 17:18:58 INFO  epoch 41 evaluating [time: 2.47s, valid_score: 0.066500]
Fri 05 Dec 2025 17:18:58 INFO  valid result: 
recall@3 : 0.0296    recall@5 : 0.0431    recall@10 : 0.0665    recall@20 : 0.0966    ndcg@3 : 0.0178    ndcg@5 : 0.0234    ndcg@10 : 0.0309    ndcg@20 : 0.0384    
Fri 05 Dec 2025 17:19:35 INFO  epoch 42 training [time: 36.88s, train loss: 1226.5276]
Fri 05 Dec 2025 17:20:11 INFO  epoch 43 training [time: 36.87s, train loss: 1217.0727]
Fri 05 Dec 2025 17:20:14 INFO  epoch 43 evaluating [time: 2.42s, valid_score: 0.067300]
Fri 05 Dec 2025 17:20:14 INFO  valid result: 
recall@3 : 0.0297    recall@5 : 0.0434    recall@10 : 0.0673    recall@20 : 0.0977    ndcg@3 : 0.0179    ndcg@5 : 0.0235    ndcg@10 : 0.0312    ndcg@20 : 0.0388    
Fri 05 Dec 2025 17:20:15 INFO  Saving current best: saved/SASRecD-Dec-05-2025_16-46-35.pth
Fri 05 Dec 2025 17:20:52 INFO  epoch 44 training [time: 36.76s, train loss: 1207.3749]
Fri 05 Dec 2025 17:21:28 INFO  epoch 45 training [time: 36.83s, train loss: 1196.9233]
Fri 05 Dec 2025 17:21:31 INFO  epoch 45 evaluating [time: 2.39s, valid_score: 0.067200]
Fri 05 Dec 2025 17:21:31 INFO  valid result: 
recall@3 : 0.0293    recall@5 : 0.0433    recall@10 : 0.0672    recall@20 : 0.0976    ndcg@3 : 0.0177    ndcg@5 : 0.0234    ndcg@10 : 0.0311    ndcg@20 : 0.0387    
Fri 05 Dec 2025 17:22:08 INFO  epoch 46 training [time: 36.95s, train loss: 1187.2614]
Fri 05 Dec 2025 17:22:45 INFO  epoch 47 training [time: 36.81s, train loss: 1177.3615]
Fri 05 Dec 2025 17:22:47 INFO  epoch 47 evaluating [time: 2.41s, valid_score: 0.067300]
Fri 05 Dec 2025 17:22:47 INFO  valid result: 
recall@3 : 0.0292    recall@5 : 0.0436    recall@10 : 0.0673    recall@20 : 0.0991    ndcg@3 : 0.0176    ndcg@5 : 0.0236    ndcg@10 : 0.0312    ndcg@20 : 0.0392    
Fri 05 Dec 2025 17:23:24 INFO  epoch 48 training [time: 37.30s, train loss: 1167.0382]
Fri 05 Dec 2025 17:24:01 INFO  epoch 49 training [time: 36.81s, train loss: 1157.2318]
Fri 05 Dec 2025 17:24:04 INFO  epoch 49 evaluating [time: 2.43s, valid_score: 0.067000]
Fri 05 Dec 2025 17:24:04 INFO  valid result: 
recall@3 : 0.0296    recall@5 : 0.0442    recall@10 : 0.067    recall@20 : 0.0979    ndcg@3 : 0.0178    ndcg@5 : 0.0238    ndcg@10 : 0.0312    ndcg@20 : 0.039    
Fri 05 Dec 2025 17:24:40 INFO  epoch 50 training [time: 36.84s, train loss: 1147.4219]
Fri 05 Dec 2025 17:25:17 INFO  epoch 51 training [time: 36.87s, train loss: 1136.6476]
Fri 05 Dec 2025 17:25:20 INFO  epoch 51 evaluating [time: 2.47s, valid_score: 0.066900]
Fri 05 Dec 2025 17:25:20 INFO  valid result: 
recall@3 : 0.0292    recall@5 : 0.0436    recall@10 : 0.0669    recall@20 : 0.0976    ndcg@3 : 0.0176    ndcg@5 : 0.0235    ndcg@10 : 0.031    ndcg@20 : 0.0387    
Fri 05 Dec 2025 17:25:57 INFO  epoch 52 training [time: 36.82s, train loss: 1126.7846]
Fri 05 Dec 2025 17:26:34 INFO  epoch 53 training [time: 36.91s, train loss: 1116.6376]
Fri 05 Dec 2025 17:26:36 INFO  epoch 53 evaluating [time: 2.40s, valid_score: 0.067300]
Fri 05 Dec 2025 17:26:36 INFO  valid result: 
recall@3 : 0.0294    recall@5 : 0.0438    recall@10 : 0.0673    recall@20 : 0.0985    ndcg@3 : 0.0177    ndcg@5 : 0.0236    ndcg@10 : 0.0312    ndcg@20 : 0.0391    
Fri 05 Dec 2025 17:27:13 INFO  epoch 54 training [time: 36.59s, train loss: 1106.1904]
Fri 05 Dec 2025 17:27:50 INFO  epoch 55 training [time: 37.02s, train loss: 1095.7552]
Fri 05 Dec 2025 17:27:52 INFO  epoch 55 evaluating [time: 2.41s, valid_score: 0.066600]
Fri 05 Dec 2025 17:27:52 INFO  valid result: 
recall@3 : 0.0297    recall@5 : 0.0439    recall@10 : 0.0666    recall@20 : 0.0982    ndcg@3 : 0.0179    ndcg@5 : 0.0237    ndcg@10 : 0.031    ndcg@20 : 0.039    
Fri 05 Dec 2025 17:28:29 INFO  epoch 56 training [time: 36.85s, train loss: 1084.7867]
Fri 05 Dec 2025 17:29:06 INFO  epoch 57 training [time: 36.94s, train loss: 1074.9965]
Fri 05 Dec 2025 17:29:08 INFO  epoch 57 evaluating [time: 2.39s, valid_score: 0.067300]
Fri 05 Dec 2025 17:29:08 INFO  valid result: 
recall@3 : 0.0297    recall@5 : 0.0435    recall@10 : 0.0673    recall@20 : 0.098    ndcg@3 : 0.0178    ndcg@5 : 0.0235    ndcg@10 : 0.0312    ndcg@20 : 0.0389    
Fri 05 Dec 2025 17:29:45 INFO  epoch 58 training [time: 36.86s, train loss: 1064.3188]
Fri 05 Dec 2025 17:30:22 INFO  epoch 59 training [time: 36.89s, train loss: 1053.8083]
Fri 05 Dec 2025 17:30:24 INFO  epoch 59 evaluating [time: 2.52s, valid_score: 0.067500]
Fri 05 Dec 2025 17:30:24 INFO  valid result: 
recall@3 : 0.0295    recall@5 : 0.044    recall@10 : 0.0675    recall@20 : 0.098    ndcg@3 : 0.0178    ndcg@5 : 0.0237    ndcg@10 : 0.0313    ndcg@20 : 0.039    
Fri 05 Dec 2025 17:30:25 INFO  Saving current best: saved/SASRecD-Dec-05-2025_16-46-35.pth
Fri 05 Dec 2025 17:31:02 INFO  epoch 60 training [time: 36.83s, train loss: 1043.1716]
Fri 05 Dec 2025 17:31:39 INFO  epoch 61 training [time: 36.94s, train loss: 1031.9376]
Fri 05 Dec 2025 17:31:42 INFO  epoch 61 evaluating [time: 2.48s, valid_score: 0.067300]
Fri 05 Dec 2025 17:31:42 INFO  valid result: 
recall@3 : 0.03    recall@5 : 0.0447    recall@10 : 0.0673    recall@20 : 0.0981    ndcg@3 : 0.0181    ndcg@5 : 0.0241    ndcg@10 : 0.0314    ndcg@20 : 0.0392    
Fri 05 Dec 2025 17:32:19 INFO  epoch 62 training [time: 36.82s, train loss: 1021.2280]
Fri 05 Dec 2025 17:32:55 INFO  epoch 63 training [time: 36.92s, train loss: 1010.4734]
Fri 05 Dec 2025 17:32:58 INFO  epoch 63 evaluating [time: 2.41s, valid_score: 0.066900]
Fri 05 Dec 2025 17:32:58 INFO  valid result: 
recall@3 : 0.029    recall@5 : 0.0442    recall@10 : 0.0669    recall@20 : 0.0976    ndcg@3 : 0.0177    ndcg@5 : 0.0239    ndcg@10 : 0.0313    ndcg@20 : 0.039    
Fri 05 Dec 2025 17:33:35 INFO  epoch 64 training [time: 36.93s, train loss: 998.6324]
Fri 05 Dec 2025 17:34:12 INFO  epoch 65 training [time: 36.88s, train loss: 987.6687]
Fri 05 Dec 2025 17:34:14 INFO  epoch 65 evaluating [time: 2.36s, valid_score: 0.067700]
Fri 05 Dec 2025 17:34:14 INFO  valid result: 
recall@3 : 0.0297    recall@5 : 0.0442    recall@10 : 0.0677    recall@20 : 0.0983    ndcg@3 : 0.0179    ndcg@5 : 0.0238    ndcg@10 : 0.0314    ndcg@20 : 0.0391    
Fri 05 Dec 2025 17:34:15 INFO  Saving current best: saved/SASRecD-Dec-05-2025_16-46-35.pth
Fri 05 Dec 2025 17:34:52 INFO  epoch 66 training [time: 37.06s, train loss: 975.8044]
Fri 05 Dec 2025 17:35:29 INFO  epoch 67 training [time: 37.02s, train loss: 964.8410]
Fri 05 Dec 2025 17:35:31 INFO  epoch 67 evaluating [time: 2.39s, valid_score: 0.067400]
Fri 05 Dec 2025 17:35:31 INFO  valid result: 
recall@3 : 0.0298    recall@5 : 0.0443    recall@10 : 0.0674    recall@20 : 0.0974    ndcg@3 : 0.0181    ndcg@5 : 0.0241    ndcg@10 : 0.0315    ndcg@20 : 0.0391    
Fri 05 Dec 2025 17:36:08 INFO  epoch 68 training [time: 36.93s, train loss: 953.6471]
Fri 05 Dec 2025 17:36:45 INFO  epoch 69 training [time: 36.91s, train loss: 942.0967]
Fri 05 Dec 2025 17:36:48 INFO  epoch 69 evaluating [time: 2.42s, valid_score: 0.066400]
Fri 05 Dec 2025 17:36:48 INFO  valid result: 
recall@3 : 0.0294    recall@5 : 0.044    recall@10 : 0.0664    recall@20 : 0.0974    ndcg@3 : 0.0178    ndcg@5 : 0.0238    ndcg@10 : 0.0311    ndcg@20 : 0.0389    
Fri 05 Dec 2025 17:37:25 INFO  epoch 70 training [time: 36.86s, train loss: 930.4490]
Fri 05 Dec 2025 17:38:02 INFO  epoch 71 training [time: 37.05s, train loss: 919.4464]
Fri 05 Dec 2025 17:38:04 INFO  epoch 71 evaluating [time: 2.45s, valid_score: 0.067100]
Fri 05 Dec 2025 17:38:04 INFO  valid result: 
recall@3 : 0.0301    recall@5 : 0.044    recall@10 : 0.0671    recall@20 : 0.0973    ndcg@3 : 0.0182    ndcg@5 : 0.024    ndcg@10 : 0.0314    ndcg@20 : 0.039    
Fri 05 Dec 2025 17:38:41 INFO  epoch 72 training [time: 36.86s, train loss: 906.0825]
Fri 05 Dec 2025 17:39:18 INFO  epoch 73 training [time: 36.97s, train loss: 894.9946]
Fri 05 Dec 2025 17:39:20 INFO  epoch 73 evaluating [time: 2.49s, valid_score: 0.067400]
Fri 05 Dec 2025 17:39:20 INFO  valid result: 
recall@3 : 0.0292    recall@5 : 0.0441    recall@10 : 0.0674    recall@20 : 0.0983    ndcg@3 : 0.0178    ndcg@5 : 0.0239    ndcg@10 : 0.0315    ndcg@20 : 0.0392    
Fri 05 Dec 2025 17:39:58 INFO  epoch 74 training [time: 37.17s, train loss: 882.6152]
Fri 05 Dec 2025 17:40:35 INFO  epoch 75 training [time: 37.05s, train loss: 870.7352]
Fri 05 Dec 2025 17:40:37 INFO  epoch 75 evaluating [time: 2.44s, valid_score: 0.066500]
Fri 05 Dec 2025 17:40:37 INFO  valid result: 
recall@3 : 0.0295    recall@5 : 0.0441    recall@10 : 0.0665    recall@20 : 0.0975    ndcg@3 : 0.018    ndcg@5 : 0.0239    ndcg@10 : 0.0312    ndcg@20 : 0.039    
Fri 05 Dec 2025 17:41:14 INFO  epoch 76 training [time: 36.96s, train loss: 858.4768]
Fri 05 Dec 2025 17:41:51 INFO  epoch 77 training [time: 37.04s, train loss: 845.6491]
Fri 05 Dec 2025 17:41:54 INFO  epoch 77 evaluating [time: 2.45s, valid_score: 0.066000]
Fri 05 Dec 2025 17:41:54 INFO  valid result: 
recall@3 : 0.0295    recall@5 : 0.0444    recall@10 : 0.066    recall@20 : 0.0982    ndcg@3 : 0.018    ndcg@5 : 0.0241    ndcg@10 : 0.0311    ndcg@20 : 0.0392    
Fri 05 Dec 2025 17:42:31 INFO  epoch 78 training [time: 36.98s, train loss: 833.3729]
Fri 05 Dec 2025 17:43:07 INFO  epoch 79 training [time: 36.87s, train loss: 820.6561]
Fri 05 Dec 2025 17:43:10 INFO  epoch 79 evaluating [time: 2.44s, valid_score: 0.067100]
Fri 05 Dec 2025 17:43:10 INFO  valid result: 
recall@3 : 0.0294    recall@5 : 0.0437    recall@10 : 0.0671    recall@20 : 0.0964    ndcg@3 : 0.0178    ndcg@5 : 0.0237    ndcg@10 : 0.0312    ndcg@20 : 0.0386    
Fri 05 Dec 2025 17:43:47 INFO  epoch 80 training [time: 36.88s, train loss: 808.7536]
Fri 05 Dec 2025 17:44:23 INFO  epoch 81 training [time: 36.77s, train loss: 796.1657]
Fri 05 Dec 2025 17:44:26 INFO  epoch 81 evaluating [time: 2.47s, valid_score: 0.065800]
Fri 05 Dec 2025 17:44:26 INFO  valid result: 
recall@3 : 0.0291    recall@5 : 0.0438    recall@10 : 0.0658    recall@20 : 0.0966    ndcg@3 : 0.0178    ndcg@5 : 0.0239    ndcg@10 : 0.031    ndcg@20 : 0.0387    
Fri 05 Dec 2025 17:45:03 INFO  epoch 82 training [time: 36.96s, train loss: 782.2864]
Fri 05 Dec 2025 17:45:40 INFO  epoch 83 training [time: 36.94s, train loss: 769.7124]
Fri 05 Dec 2025 17:45:42 INFO  epoch 83 evaluating [time: 2.40s, valid_score: 0.065800]
Fri 05 Dec 2025 17:45:42 INFO  valid result: 
recall@3 : 0.0288    recall@5 : 0.0437    recall@10 : 0.0658    recall@20 : 0.0973    ndcg@3 : 0.0175    ndcg@5 : 0.0237    ndcg@10 : 0.0308    ndcg@20 : 0.0387    
Fri 05 Dec 2025 17:46:19 INFO  epoch 84 training [time: 36.72s, train loss: 757.4260]
Fri 05 Dec 2025 17:46:56 INFO  epoch 85 training [time: 36.93s, train loss: 743.2695]
Fri 05 Dec 2025 17:46:58 INFO  epoch 85 evaluating [time: 2.49s, valid_score: 0.066400]
Fri 05 Dec 2025 17:46:58 INFO  valid result: 
recall@3 : 0.0287    recall@5 : 0.0439    recall@10 : 0.0664    recall@20 : 0.0958    ndcg@3 : 0.0176    ndcg@5 : 0.0238    ndcg@10 : 0.0311    ndcg@20 : 0.0385    
Fri 05 Dec 2025 17:47:35 INFO  epoch 86 training [time: 36.86s, train loss: 730.8044]
Fri 05 Dec 2025 17:48:12 INFO  epoch 87 training [time: 37.03s, train loss: 717.2998]
Fri 05 Dec 2025 17:48:15 INFO  epoch 87 evaluating [time: 2.42s, valid_score: 0.065700]
Fri 05 Dec 2025 17:48:15 INFO  valid result: 
recall@3 : 0.0287    recall@5 : 0.043    recall@10 : 0.0657    recall@20 : 0.0964    ndcg@3 : 0.0176    ndcg@5 : 0.0235    ndcg@10 : 0.0308    ndcg@20 : 0.0385    
Fri 05 Dec 2025 17:48:15 INFO  Finished training, best eval result in epoch 65
Fri 05 Dec 2025 17:48:15 INFO  Loading model structure and parameters from saved/SASRecD-Dec-05-2025_16-46-35.pth
Fri 05 Dec 2025 17:48:18 INFO  best valid : {'recall@3': np.float64(0.0297), 'recall@5': np.float64(0.0442), 'recall@10': np.float64(0.0677), 'recall@20': np.float64(0.0983), 'ndcg@3': np.float64(0.0179), 'ndcg@5': np.float64(0.0238), 'ndcg@10': np.float64(0.0314), 'ndcg@20': np.float64(0.0391)}
Fri 05 Dec 2025 17:48:18 INFO  test result: {'recall@3': np.float64(0.023), 'recall@5': np.float64(0.0347), 'recall@10': np.float64(0.0529), 'recall@20': np.float64(0.0791), 'ndcg@3': np.float64(0.0139), 'ndcg@5': np.float64(0.0188), 'ndcg@10': np.float64(0.0247), 'ndcg@20': np.float64(0.0312)}
