Sat 06 Dec 2025 02:21:00 INFO  
General Hyper Parameters:
gpu_id = 0
use_gpu = True
seed = 120
state = INFO
reproducibility = False
data_path = ./recbole/data/dataset/Amazon_Sports_and_Outdoors
show_progress = True
save_dataset = False
save_dataloaders = False
benchmark_filename = None

Training Hyper Parameters:
checkpoint_dir = saved
epochs = 200
train_batch_size = 1024
learner = adam
learning_rate = 0.0001
eval_step = 2
stopping_step = 10
clip_grad_norm = None
weight_decay = 0.0
loss_decimal_place = 4

Evaluation Hyper Parameters:
eval_args = {'split': {'LS': 'valid_and_test'}, 'group_by': 'user', 'order': 'TO', 'mode': 'full'}
metrics = ['Recall', 'NDCG']
topk = [3, 5, 10, 20]
valid_metric = Recall@10
valid_metric_bigger = True
eval_batch_size = 256
metric_decimal_place = 4

Dataset Hyper Parameters:
field_separator = 	
seq_separator =  
USER_ID_FIELD = user_id
ITEM_ID_FIELD = item_id
RATING_FIELD = rating
TIME_FIELD = timestamp
seq_len = None
LABEL_FIELD = label
threshold = None
NEG_PREFIX = neg_
load_col = {'inter': ['user_id', 'item_id', 'rating', 'timestamp'], 'item': ['item_id', 'title', 'sales_rank', 'price', 'brand', 'categories', 'sales_type'], 'title_original': ['ent_id', 'ent_emb']}
unload_col = None
unused_col = None
additional_feat_suffix = ['title_original']
rm_dup_inter = None
val_interval = None
filter_inter_by_user_or_item = True
user_inter_num_interval = [5,inf)
item_inter_num_interval = [5,inf)
alias_of_user_id = None
alias_of_item_id = ['ent_id']
alias_of_entity_id = None
alias_of_relation_id = None
preload_weight = {'ent_id': 'ent_emb'}
normalize_field = None
normalize_all = None
ITEM_LIST_LENGTH_FIELD = item_length
LIST_SUFFIX = _list
MAX_ITEM_LIST_LENGTH = 50
POSITION_FIELD = position_id
HEAD_ENTITY_ID_FIELD = head_id
TAIL_ENTITY_ID_FIELD = tail_id
RELATION_ID_FIELD = relation_id
ENTITY_ID_FIELD = entity_id

Other Hyper Parameters: 
neg_sampling = None
multi_gpus = False
repeatable = True
MODEL_TYPE = ModelType.SEQUENTIAL
n_layers = 3
n_heads = 8
hidden_size = 256
orig_attribute_hidden_size = [1024]
attribute_hidden_size = [128, 128]
inner_size = 256
hidden_dropout_prob = 0.5
attn_dropout_prob = 0.3
hidden_act = gelu
layer_norm_eps = 1e-12
initializer_range = 0.02
selected_features = ['ent_emb', 'categories']
feature_type = ['static', 'categorical']
pooling_mode = sum
loss_type = CE
weight_sharing = not
fusion_type = gate
lamdas = [5, 5]
attribute_predictor = ['cos_sim', 'linear']
diffusion = {'device': 'cuda', 'dims': [1000], 'emb_size': 20, 'mean_type': 'x0', 'noise_max': 0.02, 'noise_min': 0.0001, 'noise_scale': 0.1, 'noise_schedule': 'linear-var', 'norm': False, 'num_heads': 4, 'reweight': True, 'sampling_noise': False, 'sampling_steps': 0, 'steps': 5, 'structure': 'MLP', 'time_type': 'cat', 'hiddenSize': 128, 'inputSize': 128}
lambda = 0.5
wandb_run_name = titles_categories(ablation_study)
annealing = False
MODEL_INPUT_TYPE = InputType.POINTWISE
eval_type = EvaluatorType.RANKING
device = cuda
train_neg_sample_args = {'strategy': 'none'}
eval_neg_sample_args = {'strategy': 'full', 'distribution': 'uniform'}


Sat 06 Dec 2025 02:21:04 INFO  Amazon_Sports_and_Outdoors
The number of users: 35599
Average actions of users: 8.324540704533963
The number of items: 18358
Average actions of items: 16.142997221768262
The number of inters: 296337
The sparsity of the dataset: 99.95465569853714%
Remain Fields: ['user_id', 'item_id', 'rating', 'timestamp', 'title', 'price', 'brand', 'categories', 'sales_type', 'sales_rank', 'ent_id', 'ent_emb']
Sat 06 Dec 2025 02:21:08 INFO  [Training]: train_batch_size = [1024] negative sampling: [None]
Sat 06 Dec 2025 02:21:08 INFO  [Evaluation]: eval_batch_size = [256] eval_args: [{'split': {'LS': 'valid_and_test'}, 'group_by': 'user', 'order': 'TO', 'mode': 'full'}]
Sat 06 Dec 2025 02:21:09 INFO  SASRecD_Noising(
  (item_embedding): Embedding(18358, 256, padding_idx=0)
  (position_embedding): Embedding(50, 256)
  (feature_embed_layer_list): ModuleList(
    (0): Embedding(
      18358, 1024
      (mlp): MLP(
        (net): Sequential(
          (0): Linear(in_features=1024, out_features=512, bias=True)
          (1): ReLU()
          (2): Dropout(p=0.1, inplace=False)
          (3): Linear(in_features=512, out_features=256, bias=True)
          (4): ReLU()
          (5): Dropout(p=0.1, inplace=False)
          (6): Linear(in_features=256, out_features=128, bias=True)
          (7): LayerNorm((128,), eps=1e-05, elementwise_affine=True)
        )
      )
    )
    (1): FeatureSeqEmbLayer()
  )
  (trm_encoder): DIFTransformerEncoder(
    (layer): ModuleList(
      (0-2): 3 x DIFTransformerLayer(
        (multi_head_attention): DIFMultiHeadAttention(
          (query): Linear(in_features=256, out_features=256, bias=True)
          (key): Linear(in_features=256, out_features=256, bias=True)
          (value): Linear(in_features=256, out_features=256, bias=True)
          (query_p): Linear(in_features=256, out_features=256, bias=True)
          (key_p): Linear(in_features=256, out_features=256, bias=True)
          (query_layers): ModuleList(
            (0-1): 2 x Linear(in_features=128, out_features=128, bias=True)
          )
          (key_layers): ModuleList(
            (0-1): 2 x Linear(in_features=128, out_features=128, bias=True)
          )
          (fusion_layer): VanillaAttention(
            (projection): Sequential(
              (0): Linear(in_features=50, out_features=50, bias=True)
              (1): ReLU(inplace=True)
              (2): Linear(in_features=50, out_features=1, bias=True)
            )
          )
          (attn_dropout): Dropout(p=0.3, inplace=False)
          (dense): Linear(in_features=256, out_features=256, bias=True)
          (LayerNorm): LayerNorm((256,), eps=1e-12, elementwise_affine=True)
          (out_dropout): Dropout(p=0.5, inplace=False)
        )
        (feed_forward): FeedForward(
          (dense_1): Linear(in_features=256, out_features=256, bias=True)
          (dense_2): Linear(in_features=256, out_features=256, bias=True)
          (LayerNorm): LayerNorm((256,), eps=1e-12, elementwise_affine=True)
          (dropout): Dropout(p=0.5, inplace=False)
        )
      )
    )
  )
  (ap): ModuleList(
    (0): Linear(in_features=256, out_features=1024, bias=True)
    (1): Linear(in_features=256, out_features=1876, bias=True)
  )
  (LayerNorm): LayerNorm((256,), eps=1e-12, elementwise_affine=True)
  (dropout): Dropout(p=0.5, inplace=False)
  (loss_fct): CrossEntropyLoss()
  (attribute_loss_fct): BCEWithLogitsLoss()
)
Trainable parameters: 7935567
Sat 06 Dec 2025 02:21:49 INFO  epoch 0 training [time: 38.93s, train loss: 2112.8907]
Sat 06 Dec 2025 02:22:29 INFO  epoch 1 training [time: 40.18s, train loss: 1870.5662]
Sat 06 Dec 2025 02:22:32 INFO  epoch 1 evaluating [time: 2.79s, valid_score: 0.013200]
Sat 06 Dec 2025 02:22:32 INFO  valid result: 
recall@3 : 0.006    recall@5 : 0.0082    recall@10 : 0.0132    recall@20 : 0.0227    ndcg@3 : 0.0044    ndcg@5 : 0.0053    ndcg@10 : 0.0069    ndcg@20 : 0.0092    
Sat 06 Dec 2025 02:22:39 INFO  Saving current best: saved/SASRecD_Noising-Dec-06-2025_02-21-09.pth
Sat 06 Dec 2025 02:23:19 INFO  epoch 2 training [time: 40.20s, train loss: 1855.2827]
Sat 06 Dec 2025 02:23:58 INFO  epoch 3 training [time: 38.73s, train loss: 1848.8395]
Sat 06 Dec 2025 02:24:00 INFO  epoch 3 evaluating [time: 2.77s, valid_score: 0.013000]
Sat 06 Dec 2025 02:24:00 INFO  valid result: 
recall@3 : 0.0059    recall@5 : 0.0081    recall@10 : 0.013    recall@20 : 0.0229    ndcg@3 : 0.0044    ndcg@5 : 0.0053    ndcg@10 : 0.0069    ndcg@20 : 0.0094    
Sat 06 Dec 2025 02:24:40 INFO  epoch 4 training [time: 40.11s, train loss: 1841.8758]
Sat 06 Dec 2025 02:25:20 INFO  epoch 5 training [time: 40.10s, train loss: 1832.5858]
Sat 06 Dec 2025 02:25:23 INFO  epoch 5 evaluating [time: 2.80s, valid_score: 0.013500]
Sat 06 Dec 2025 02:25:23 INFO  valid result: 
recall@3 : 0.0056    recall@5 : 0.0086    recall@10 : 0.0135    recall@20 : 0.0242    ndcg@3 : 0.0041    ndcg@5 : 0.0053    ndcg@10 : 0.0068    ndcg@20 : 0.0095    
Sat 06 Dec 2025 02:25:24 INFO  Saving current best: saved/SASRecD_Noising-Dec-06-2025_02-21-09.pth
Sat 06 Dec 2025 02:26:05 INFO  epoch 6 training [time: 40.25s, train loss: 1815.0677]
Sat 06 Dec 2025 02:26:45 INFO  epoch 7 training [time: 40.41s, train loss: 1784.0980]
Sat 06 Dec 2025 02:26:48 INFO  epoch 7 evaluating [time: 2.88s, valid_score: 0.021000]
Sat 06 Dec 2025 02:26:48 INFO  valid result: 
recall@3 : 0.0077    recall@5 : 0.0115    recall@10 : 0.021    recall@20 : 0.036    ndcg@3 : 0.0055    ndcg@5 : 0.0071    ndcg@10 : 0.0101    ndcg@20 : 0.0139    
Sat 06 Dec 2025 02:26:51 INFO  Saving current best: saved/SASRecD_Noising-Dec-06-2025_02-21-09.pth
Sat 06 Dec 2025 02:27:29 INFO  epoch 8 training [time: 38.80s, train loss: 1757.5402]
Sat 06 Dec 2025 02:28:10 INFO  epoch 9 training [time: 40.17s, train loss: 1734.4785]
Sat 06 Dec 2025 02:28:12 INFO  epoch 9 evaluating [time: 2.76s, valid_score: 0.024800]
Sat 06 Dec 2025 02:28:12 INFO  valid result: 
recall@3 : 0.0085    recall@5 : 0.0135    recall@10 : 0.0248    recall@20 : 0.0425    ndcg@3 : 0.006    ndcg@5 : 0.0081    ndcg@10 : 0.0117    ndcg@20 : 0.0161    
Sat 06 Dec 2025 02:28:15 INFO  Saving current best: saved/SASRecD_Noising-Dec-06-2025_02-21-09.pth
Sat 06 Dec 2025 02:28:55 INFO  epoch 10 training [time: 40.35s, train loss: 1712.4742]
Sat 06 Dec 2025 02:29:34 INFO  epoch 11 training [time: 38.70s, train loss: 1690.3526]
Sat 06 Dec 2025 02:29:37 INFO  epoch 11 evaluating [time: 2.84s, valid_score: 0.032400]
Sat 06 Dec 2025 02:29:37 INFO  valid result: 
recall@3 : 0.0112    recall@5 : 0.0184    recall@10 : 0.0324    recall@20 : 0.053    ndcg@3 : 0.0075    ndcg@5 : 0.0104    ndcg@10 : 0.015    ndcg@20 : 0.0202    
Sat 06 Dec 2025 02:29:39 INFO  Saving current best: saved/SASRecD_Noising-Dec-06-2025_02-21-09.pth
Sat 06 Dec 2025 02:30:20 INFO  epoch 12 training [time: 40.17s, train loss: 1668.6797]
Sat 06 Dec 2025 02:31:00 INFO  epoch 13 training [time: 40.10s, train loss: 1646.7585]
Sat 06 Dec 2025 02:31:01 INFO  epoch 13 evaluating [time: 1.32s, valid_score: 0.040100]
Sat 06 Dec 2025 02:31:01 INFO  valid result: 
recall@3 : 0.0161    recall@5 : 0.0245    recall@10 : 0.0401    recall@20 : 0.0631    ndcg@3 : 0.0104    ndcg@5 : 0.0139    ndcg@10 : 0.0189    ndcg@20 : 0.0246    
Sat 06 Dec 2025 02:31:03 INFO  Saving current best: saved/SASRecD_Noising-Dec-06-2025_02-21-09.pth
Sat 06 Dec 2025 02:31:44 INFO  epoch 14 training [time: 40.39s, train loss: 1626.6540]
Sat 06 Dec 2025 02:32:24 INFO  epoch 15 training [time: 40.30s, train loss: 1606.7451]
Sat 06 Dec 2025 02:32:27 INFO  epoch 15 evaluating [time: 2.79s, valid_score: 0.046400]
Sat 06 Dec 2025 02:32:27 INFO  valid result: 
recall@3 : 0.0194    recall@5 : 0.0287    recall@10 : 0.0464    recall@20 : 0.0705    ndcg@3 : 0.0123    ndcg@5 : 0.0161    ndcg@10 : 0.0218    ndcg@20 : 0.0278    
Sat 06 Dec 2025 02:32:30 INFO  Saving current best: saved/SASRecD_Noising-Dec-06-2025_02-21-09.pth
Sat 06 Dec 2025 02:33:08 INFO  epoch 16 training [time: 38.77s, train loss: 1587.8523]
Sat 06 Dec 2025 02:33:49 INFO  epoch 17 training [time: 40.14s, train loss: 1570.1878]
Sat 06 Dec 2025 02:33:51 INFO  epoch 17 evaluating [time: 2.80s, valid_score: 0.050800]
Sat 06 Dec 2025 02:33:51 INFO  valid result: 
recall@3 : 0.0222    recall@5 : 0.0323    recall@10 : 0.0508    recall@20 : 0.0752    ndcg@3 : 0.0138    ndcg@5 : 0.018    ndcg@10 : 0.0239    ndcg@20 : 0.0301    
Sat 06 Dec 2025 02:33:54 INFO  Saving current best: saved/SASRecD_Noising-Dec-06-2025_02-21-09.pth
Sat 06 Dec 2025 02:34:34 INFO  epoch 18 training [time: 40.23s, train loss: 1553.3953]
Sat 06 Dec 2025 02:35:13 INFO  epoch 19 training [time: 38.63s, train loss: 1536.8580]
Sat 06 Dec 2025 02:35:15 INFO  epoch 19 evaluating [time: 2.76s, valid_score: 0.054400]
Sat 06 Dec 2025 02:35:15 INFO  valid result: 
recall@3 : 0.0238    recall@5 : 0.035    recall@10 : 0.0544    recall@20 : 0.0795    ndcg@3 : 0.0146    ndcg@5 : 0.0192    ndcg@10 : 0.0254    ndcg@20 : 0.0317    
Sat 06 Dec 2025 02:35:18 INFO  Saving current best: saved/SASRecD_Noising-Dec-06-2025_02-21-09.pth
Sat 06 Dec 2025 02:35:58 INFO  epoch 20 training [time: 40.09s, train loss: 1520.8871]
Sat 06 Dec 2025 02:36:38 INFO  epoch 21 training [time: 40.07s, train loss: 1506.2967]
Sat 06 Dec 2025 02:36:39 INFO  epoch 21 evaluating [time: 1.25s, valid_score: 0.057400]
Sat 06 Dec 2025 02:36:39 INFO  valid result: 
recall@3 : 0.0247    recall@5 : 0.0373    recall@10 : 0.0574    recall@20 : 0.0833    ndcg@3 : 0.0152    ndcg@5 : 0.0204    ndcg@10 : 0.0268    ndcg@20 : 0.0334    
Sat 06 Dec 2025 02:36:42 INFO  Saving current best: saved/SASRecD_Noising-Dec-06-2025_02-21-09.pth
Sat 06 Dec 2025 02:37:22 INFO  epoch 22 training [time: 40.09s, train loss: 1492.1190]
Sat 06 Dec 2025 02:38:02 INFO  epoch 23 training [time: 40.19s, train loss: 1477.8617]
Sat 06 Dec 2025 02:38:05 INFO  epoch 23 evaluating [time: 2.78s, valid_score: 0.059800]
Sat 06 Dec 2025 02:38:05 INFO  valid result: 
recall@3 : 0.0267    recall@5 : 0.0389    recall@10 : 0.0598    recall@20 : 0.086    ndcg@3 : 0.0162    ndcg@5 : 0.0212    ndcg@10 : 0.0279    ndcg@20 : 0.0345    
Sat 06 Dec 2025 02:38:07 INFO  Saving current best: saved/SASRecD_Noising-Dec-06-2025_02-21-09.pth
Sat 06 Dec 2025 02:38:46 INFO  epoch 24 training [time: 38.73s, train loss: 1464.4282]
Sat 06 Dec 2025 02:39:26 INFO  epoch 25 training [time: 40.18s, train loss: 1451.2057]
Sat 06 Dec 2025 02:39:29 INFO  epoch 25 evaluating [time: 2.83s, valid_score: 0.060800]
Sat 06 Dec 2025 02:39:29 INFO  valid result: 
recall@3 : 0.0272    recall@5 : 0.0403    recall@10 : 0.0608    recall@20 : 0.0881    ndcg@3 : 0.0164    ndcg@5 : 0.0218    ndcg@10 : 0.0284    ndcg@20 : 0.0353    
Sat 06 Dec 2025 02:39:31 INFO  Saving current best: saved/SASRecD_Noising-Dec-06-2025_02-21-09.pth
Sat 06 Dec 2025 02:40:11 INFO  epoch 26 training [time: 40.11s, train loss: 1438.5521]
Sat 06 Dec 2025 02:40:50 INFO  epoch 27 training [time: 38.57s, train loss: 1426.1395]
Sat 06 Dec 2025 02:40:53 INFO  epoch 27 evaluating [time: 2.86s, valid_score: 0.062100]
Sat 06 Dec 2025 02:40:53 INFO  valid result: 
recall@3 : 0.0281    recall@5 : 0.0414    recall@10 : 0.0621    recall@20 : 0.0896    ndcg@3 : 0.0169    ndcg@5 : 0.0224    ndcg@10 : 0.029    ndcg@20 : 0.0359    
Sat 06 Dec 2025 02:40:55 INFO  Saving current best: saved/SASRecD_Noising-Dec-06-2025_02-21-09.pth
Sat 06 Dec 2025 02:41:36 INFO  epoch 28 training [time: 40.35s, train loss: 1414.2430]
Sat 06 Dec 2025 02:42:16 INFO  epoch 29 training [time: 40.18s, train loss: 1402.3347]
Sat 06 Dec 2025 02:42:17 INFO  epoch 29 evaluating [time: 1.26s, valid_score: 0.063800]
Sat 06 Dec 2025 02:42:17 INFO  valid result: 
recall@3 : 0.0284    recall@5 : 0.0418    recall@10 : 0.0638    recall@20 : 0.0921    ndcg@3 : 0.0171    ndcg@5 : 0.0226    ndcg@10 : 0.0297    ndcg@20 : 0.0368    
Sat 06 Dec 2025 02:42:20 INFO  Saving current best: saved/SASRecD_Noising-Dec-06-2025_02-21-09.pth
Sat 06 Dec 2025 02:43:00 INFO  epoch 30 training [time: 40.33s, train loss: 1390.9074]
Sat 06 Dec 2025 02:43:40 INFO  epoch 31 training [time: 40.24s, train loss: 1380.4853]
Sat 06 Dec 2025 02:43:43 INFO  epoch 31 evaluating [time: 2.78s, valid_score: 0.064100]
Sat 06 Dec 2025 02:43:43 INFO  valid result: 
recall@3 : 0.0285    recall@5 : 0.0421    recall@10 : 0.0641    recall@20 : 0.093    ndcg@3 : 0.0172    ndcg@5 : 0.0228    ndcg@10 : 0.0299    ndcg@20 : 0.0372    
Sat 06 Dec 2025 02:43:45 INFO  Saving current best: saved/SASRecD_Noising-Dec-06-2025_02-21-09.pth
Sat 06 Dec 2025 02:44:24 INFO  epoch 32 training [time: 38.88s, train loss: 1369.2095]
Sat 06 Dec 2025 02:45:05 INFO  epoch 33 training [time: 40.39s, train loss: 1358.2499]
Sat 06 Dec 2025 02:45:07 INFO  epoch 33 evaluating [time: 2.78s, valid_score: 0.064900]
Sat 06 Dec 2025 02:45:07 INFO  valid result: 
recall@3 : 0.029    recall@5 : 0.0419    recall@10 : 0.0649    recall@20 : 0.0931    ndcg@3 : 0.0175    ndcg@5 : 0.0227    ndcg@10 : 0.0302    ndcg@20 : 0.0373    
Sat 06 Dec 2025 02:45:10 INFO  Saving current best: saved/SASRecD_Noising-Dec-06-2025_02-21-09.pth
Sat 06 Dec 2025 02:45:50 INFO  epoch 34 training [time: 40.17s, train loss: 1347.4542]
Sat 06 Dec 2025 02:46:29 INFO  epoch 35 training [time: 38.65s, train loss: 1337.3668]
Sat 06 Dec 2025 02:46:32 INFO  epoch 35 evaluating [time: 2.81s, valid_score: 0.065400]
Sat 06 Dec 2025 02:46:32 INFO  valid result: 
recall@3 : 0.0288    recall@5 : 0.0432    recall@10 : 0.0654    recall@20 : 0.0953    ndcg@3 : 0.0174    ndcg@5 : 0.0233    ndcg@10 : 0.0304    ndcg@20 : 0.0379    
Sat 06 Dec 2025 02:46:34 INFO  Saving current best: saved/SASRecD_Noising-Dec-06-2025_02-21-09.pth
Sat 06 Dec 2025 02:47:14 INFO  epoch 36 training [time: 40.22s, train loss: 1326.5831]
Sat 06 Dec 2025 02:47:54 INFO  epoch 37 training [time: 40.17s, train loss: 1315.7044]
Sat 06 Dec 2025 02:47:56 INFO  epoch 37 evaluating [time: 1.23s, valid_score: 0.065800]
Sat 06 Dec 2025 02:47:56 INFO  valid result: 
recall@3 : 0.0287    recall@5 : 0.0431    recall@10 : 0.0658    recall@20 : 0.096    ndcg@3 : 0.0173    ndcg@5 : 0.0233    ndcg@10 : 0.0305    ndcg@20 : 0.0381    
Sat 06 Dec 2025 02:47:58 INFO  Saving current best: saved/SASRecD_Noising-Dec-06-2025_02-21-09.pth
Sat 06 Dec 2025 02:48:38 INFO  epoch 38 training [time: 40.28s, train loss: 1305.8890]
Sat 06 Dec 2025 02:49:18 INFO  epoch 39 training [time: 40.21s, train loss: 1295.7052]
Sat 06 Dec 2025 02:49:21 INFO  epoch 39 evaluating [time: 2.78s, valid_score: 0.066200]
Sat 06 Dec 2025 02:49:21 INFO  valid result: 
recall@3 : 0.0293    recall@5 : 0.0433    recall@10 : 0.0662    recall@20 : 0.0967    ndcg@3 : 0.0177    ndcg@5 : 0.0235    ndcg@10 : 0.0308    ndcg@20 : 0.0385    
Sat 06 Dec 2025 02:49:24 INFO  Saving current best: saved/SASRecD_Noising-Dec-06-2025_02-21-09.pth
Sat 06 Dec 2025 02:50:02 INFO  epoch 40 training [time: 38.72s, train loss: 1285.5794]
Sat 06 Dec 2025 02:50:42 INFO  epoch 41 training [time: 40.19s, train loss: 1275.5934]
Sat 06 Dec 2025 02:50:45 INFO  epoch 41 evaluating [time: 2.86s, valid_score: 0.065900]
Sat 06 Dec 2025 02:50:45 INFO  valid result: 
recall@3 : 0.029    recall@5 : 0.0436    recall@10 : 0.0659    recall@20 : 0.0967    ndcg@3 : 0.0175    ndcg@5 : 0.0235    ndcg@10 : 0.0306    ndcg@20 : 0.0384    
Sat 06 Dec 2025 02:51:26 INFO  epoch 42 training [time: 40.18s, train loss: 1266.2476]
Sat 06 Dec 2025 02:52:04 INFO  epoch 43 training [time: 38.62s, train loss: 1256.0537]
Sat 06 Dec 2025 02:52:07 INFO  epoch 43 evaluating [time: 2.80s, valid_score: 0.066400]
Sat 06 Dec 2025 02:52:07 INFO  valid result: 
recall@3 : 0.0293    recall@5 : 0.0433    recall@10 : 0.0664    recall@20 : 0.0981    ndcg@3 : 0.0176    ndcg@5 : 0.0234    ndcg@10 : 0.0308    ndcg@20 : 0.0388    
Sat 06 Dec 2025 02:52:09 INFO  Saving current best: saved/SASRecD_Noising-Dec-06-2025_02-21-09.pth
Sat 06 Dec 2025 02:52:50 INFO  epoch 44 training [time: 40.35s, train loss: 1245.6458]
Sat 06 Dec 2025 02:53:30 INFO  epoch 45 training [time: 40.18s, train loss: 1235.5495]
Sat 06 Dec 2025 02:53:33 INFO  epoch 45 evaluating [time: 2.83s, valid_score: 0.067200]
Sat 06 Dec 2025 02:53:33 INFO  valid result: 
recall@3 : 0.0298    recall@5 : 0.0441    recall@10 : 0.0672    recall@20 : 0.0976    ndcg@3 : 0.0179    ndcg@5 : 0.0237    ndcg@10 : 0.0312    ndcg@20 : 0.0388    
Sat 06 Dec 2025 02:53:33 INFO  Saving current best: saved/SASRecD_Noising-Dec-06-2025_02-21-09.pth
Sat 06 Dec 2025 02:54:14 INFO  epoch 46 training [time: 40.19s, train loss: 1225.3745]
Sat 06 Dec 2025 02:54:54 INFO  epoch 47 training [time: 40.10s, train loss: 1215.1436]
Sat 06 Dec 2025 02:54:57 INFO  epoch 47 evaluating [time: 2.84s, valid_score: 0.067400]
Sat 06 Dec 2025 02:54:57 INFO  valid result: 
recall@3 : 0.0299    recall@5 : 0.044    recall@10 : 0.0674    recall@20 : 0.098    ndcg@3 : 0.0179    ndcg@5 : 0.0237    ndcg@10 : 0.0312    ndcg@20 : 0.0389    
Sat 06 Dec 2025 02:54:59 INFO  Saving current best: saved/SASRecD_Noising-Dec-06-2025_02-21-09.pth
Sat 06 Dec 2025 02:55:38 INFO  epoch 48 training [time: 38.70s, train loss: 1205.9239]
Sat 06 Dec 2025 02:56:18 INFO  epoch 49 training [time: 40.18s, train loss: 1195.5688]
Sat 06 Dec 2025 02:56:21 INFO  epoch 49 evaluating [time: 2.77s, valid_score: 0.067100]
Sat 06 Dec 2025 02:56:21 INFO  valid result: 
recall@3 : 0.0291    recall@5 : 0.0438    recall@10 : 0.0671    recall@20 : 0.099    ndcg@3 : 0.0176    ndcg@5 : 0.0236    ndcg@10 : 0.0312    ndcg@20 : 0.0392    
Sat 06 Dec 2025 02:57:01 INFO  epoch 50 training [time: 40.27s, train loss: 1184.7882]
Sat 06 Dec 2025 02:57:40 INFO  epoch 51 training [time: 38.69s, train loss: 1175.1789]
Sat 06 Dec 2025 02:57:42 INFO  epoch 51 evaluating [time: 2.79s, valid_score: 0.067100]
Sat 06 Dec 2025 02:57:42 INFO  valid result: 
recall@3 : 0.0296    recall@5 : 0.0444    recall@10 : 0.0671    recall@20 : 0.0985    ndcg@3 : 0.0179    ndcg@5 : 0.0239    ndcg@10 : 0.0313    ndcg@20 : 0.0392    
Sat 06 Dec 2025 02:58:23 INFO  epoch 52 training [time: 40.30s, train loss: 1164.8314]
Sat 06 Dec 2025 02:59:03 INFO  epoch 53 training [time: 40.21s, train loss: 1154.2701]
Sat 06 Dec 2025 02:59:06 INFO  epoch 53 evaluating [time: 2.90s, valid_score: 0.068000]
Sat 06 Dec 2025 02:59:06 INFO  valid result: 
recall@3 : 0.0292    recall@5 : 0.0452    recall@10 : 0.068    recall@20 : 0.0996    ndcg@3 : 0.0177    ndcg@5 : 0.0243    ndcg@10 : 0.0316    ndcg@20 : 0.0395    
Sat 06 Dec 2025 02:59:08 INFO  Saving current best: saved/SASRecD_Noising-Dec-06-2025_02-21-09.pth
Sat 06 Dec 2025 02:59:47 INFO  epoch 54 training [time: 38.49s, train loss: 1143.6795]
Sat 06 Dec 2025 03:00:27 INFO  epoch 55 training [time: 40.30s, train loss: 1132.8339]
Sat 06 Dec 2025 03:00:30 INFO  epoch 55 evaluating [time: 2.76s, valid_score: 0.068700]
Sat 06 Dec 2025 03:00:30 INFO  valid result: 
recall@3 : 0.0295    recall@5 : 0.0445    recall@10 : 0.0687    recall@20 : 0.1    ndcg@3 : 0.0179    ndcg@5 : 0.024    ndcg@10 : 0.0318    ndcg@20 : 0.0397    
Sat 06 Dec 2025 03:00:32 INFO  Saving current best: saved/SASRecD_Noising-Dec-06-2025_02-21-09.pth
Sat 06 Dec 2025 03:01:12 INFO  epoch 56 training [time: 40.27s, train loss: 1122.5616]
Sat 06 Dec 2025 03:01:51 INFO  epoch 57 training [time: 38.67s, train loss: 1111.9796]
Sat 06 Dec 2025 03:01:54 INFO  epoch 57 evaluating [time: 2.79s, valid_score: 0.067400]
Sat 06 Dec 2025 03:01:54 INFO  valid result: 
recall@3 : 0.029    recall@5 : 0.0446    recall@10 : 0.0674    recall@20 : 0.0999    ndcg@3 : 0.0177    ndcg@5 : 0.0241    ndcg@10 : 0.0314    ndcg@20 : 0.0396    
Sat 06 Dec 2025 03:02:34 INFO  epoch 58 training [time: 40.29s, train loss: 1101.2516]
Sat 06 Dec 2025 03:03:14 INFO  epoch 59 training [time: 40.20s, train loss: 1090.5187]
Sat 06 Dec 2025 03:03:16 INFO  epoch 59 evaluating [time: 1.29s, valid_score: 0.067800]
Sat 06 Dec 2025 03:03:16 INFO  valid result: 
recall@3 : 0.0297    recall@5 : 0.0445    recall@10 : 0.0678    recall@20 : 0.0991    ndcg@3 : 0.018    ndcg@5 : 0.0241    ndcg@10 : 0.0316    ndcg@20 : 0.0395    
Sat 06 Dec 2025 03:03:56 INFO  epoch 60 training [time: 40.22s, train loss: 1079.7150]
Sat 06 Dec 2025 03:04:36 INFO  epoch 61 training [time: 40.20s, train loss: 1068.9364]
Sat 06 Dec 2025 03:04:39 INFO  epoch 61 evaluating [time: 2.86s, valid_score: 0.068700]
Sat 06 Dec 2025 03:04:39 INFO  valid result: 
recall@3 : 0.0296    recall@5 : 0.0444    recall@10 : 0.0687    recall@20 : 0.099    ndcg@3 : 0.0179    ndcg@5 : 0.024    ndcg@10 : 0.0318    ndcg@20 : 0.0395    
Sat 06 Dec 2025 03:05:19 INFO  epoch 62 training [time: 40.19s, train loss: 1057.6649]
Sat 06 Dec 2025 03:05:58 INFO  epoch 63 training [time: 38.52s, train loss: 1046.8391]
Sat 06 Dec 2025 03:06:00 INFO  epoch 63 evaluating [time: 2.76s, valid_score: 0.067600]
Sat 06 Dec 2025 03:06:00 INFO  valid result: 
recall@3 : 0.0292    recall@5 : 0.0434    recall@10 : 0.0676    recall@20 : 0.0986    ndcg@3 : 0.0177    ndcg@5 : 0.0236    ndcg@10 : 0.0314    ndcg@20 : 0.0392    
Sat 06 Dec 2025 03:06:41 INFO  epoch 64 training [time: 40.11s, train loss: 1035.1449]
Sat 06 Dec 2025 03:07:21 INFO  epoch 65 training [time: 40.24s, train loss: 1024.1234]
Sat 06 Dec 2025 03:07:22 INFO  epoch 65 evaluating [time: 1.24s, valid_score: 0.068300]
Sat 06 Dec 2025 03:07:22 INFO  valid result: 
recall@3 : 0.0293    recall@5 : 0.0444    recall@10 : 0.0683    recall@20 : 0.0994    ndcg@3 : 0.018    ndcg@5 : 0.0243    ndcg@10 : 0.0319    ndcg@20 : 0.0398    
Sat 06 Dec 2025 03:08:02 INFO  epoch 66 training [time: 40.14s, train loss: 1012.6122]
Sat 06 Dec 2025 03:08:42 INFO  epoch 67 training [time: 40.20s, train loss: 1000.7613]
Sat 06 Dec 2025 03:08:45 INFO  epoch 67 evaluating [time: 2.79s, valid_score: 0.068700]
Sat 06 Dec 2025 03:08:45 INFO  valid result: 
recall@3 : 0.0294    recall@5 : 0.0452    recall@10 : 0.0687    recall@20 : 0.099    ndcg@3 : 0.0179    ndcg@5 : 0.0243    ndcg@10 : 0.0318    ndcg@20 : 0.0395    
Sat 06 Dec 2025 03:09:24 INFO  epoch 68 training [time: 38.64s, train loss: 990.1718]
Sat 06 Dec 2025 03:10:04 INFO  epoch 69 training [time: 40.23s, train loss: 978.0368]
Sat 06 Dec 2025 03:10:07 INFO  epoch 69 evaluating [time: 2.78s, valid_score: 0.068100]
Sat 06 Dec 2025 03:10:07 INFO  valid result: 
recall@3 : 0.0292    recall@5 : 0.0448    recall@10 : 0.0681    recall@20 : 0.0992    ndcg@3 : 0.0179    ndcg@5 : 0.0244    ndcg@10 : 0.0318    ndcg@20 : 0.0397    
Sat 06 Dec 2025 03:10:47 INFO  epoch 70 training [time: 40.07s, train loss: 966.6312]
Sat 06 Dec 2025 03:11:27 INFO  epoch 71 training [time: 40.09s, train loss: 954.0119]
Sat 06 Dec 2025 03:11:28 INFO  epoch 71 evaluating [time: 1.27s, valid_score: 0.068900]
Sat 06 Dec 2025 03:11:28 INFO  valid result: 
recall@3 : 0.0294    recall@5 : 0.045    recall@10 : 0.0689    recall@20 : 0.1003    ndcg@3 : 0.018    ndcg@5 : 0.0244    ndcg@10 : 0.0321    ndcg@20 : 0.04    
Sat 06 Dec 2025 03:11:31 INFO  Saving current best: saved/SASRecD_Noising-Dec-06-2025_02-21-09.pth
Sat 06 Dec 2025 03:12:11 INFO  epoch 72 training [time: 40.21s, train loss: 942.2334]
Sat 06 Dec 2025 03:12:51 INFO  epoch 73 training [time: 40.16s, train loss: 930.6093]
Sat 06 Dec 2025 03:12:54 INFO  epoch 73 evaluating [time: 2.77s, valid_score: 0.068900]
Sat 06 Dec 2025 03:12:54 INFO  valid result: 
recall@3 : 0.0302    recall@5 : 0.0453    recall@10 : 0.0689    recall@20 : 0.0996    ndcg@3 : 0.0186    ndcg@5 : 0.0248    ndcg@10 : 0.0323    ndcg@20 : 0.0401    
Sat 06 Dec 2025 03:13:32 INFO  epoch 74 training [time: 38.55s, train loss: 918.3556]
Sat 06 Dec 2025 03:14:13 INFO  epoch 75 training [time: 40.24s, train loss: 906.2597]
Sat 06 Dec 2025 03:14:15 INFO  epoch 75 evaluating [time: 2.83s, valid_score: 0.068100]
Sat 06 Dec 2025 03:14:15 INFO  valid result: 
recall@3 : 0.0297    recall@5 : 0.0437    recall@10 : 0.0681    recall@20 : 0.0992    ndcg@3 : 0.0185    ndcg@5 : 0.0242    ndcg@10 : 0.0321    ndcg@20 : 0.0399    
Sat 06 Dec 2025 03:14:56 INFO  epoch 76 training [time: 40.28s, train loss: 894.1240]
Sat 06 Dec 2025 03:15:34 INFO  epoch 77 training [time: 38.64s, train loss: 880.7935]
Sat 06 Dec 2025 03:15:37 INFO  epoch 77 evaluating [time: 2.83s, valid_score: 0.068500]
Sat 06 Dec 2025 03:15:37 INFO  valid result: 
recall@3 : 0.0295    recall@5 : 0.0449    recall@10 : 0.0685    recall@20 : 0.0994    ndcg@3 : 0.0181    ndcg@5 : 0.0244    ndcg@10 : 0.032    ndcg@20 : 0.0398    
Sat 06 Dec 2025 03:16:17 INFO  epoch 78 training [time: 40.09s, train loss: 868.9697]
Sat 06 Dec 2025 03:16:57 INFO  epoch 79 training [time: 40.11s, train loss: 856.4712]
Sat 06 Dec 2025 03:17:00 INFO  epoch 79 evaluating [time: 2.76s, valid_score: 0.068400]
Sat 06 Dec 2025 03:17:00 INFO  valid result: 
recall@3 : 0.0297    recall@5 : 0.0441    recall@10 : 0.0684    recall@20 : 0.0994    ndcg@3 : 0.0185    ndcg@5 : 0.0244    ndcg@10 : 0.0322    ndcg@20 : 0.04    
Sat 06 Dec 2025 03:17:39 INFO  epoch 80 training [time: 38.74s, train loss: 842.9367]
Sat 06 Dec 2025 03:18:19 INFO  epoch 81 training [time: 40.19s, train loss: 830.4636]
Sat 06 Dec 2025 03:18:22 INFO  epoch 81 evaluating [time: 2.78s, valid_score: 0.067100]
Sat 06 Dec 2025 03:18:22 INFO  valid result: 
recall@3 : 0.029    recall@5 : 0.0434    recall@10 : 0.0671    recall@20 : 0.0989    ndcg@3 : 0.0181    ndcg@5 : 0.024    ndcg@10 : 0.0317    ndcg@20 : 0.0397    
Sat 06 Dec 2025 03:19:02 INFO  epoch 82 training [time: 40.20s, train loss: 817.3736]
Sat 06 Dec 2025 03:19:41 INFO  epoch 83 training [time: 38.55s, train loss: 804.8279]
Sat 06 Dec 2025 03:19:43 INFO  epoch 83 evaluating [time: 2.79s, valid_score: 0.068100]
Sat 06 Dec 2025 03:19:43 INFO  valid result: 
recall@3 : 0.029    recall@5 : 0.0441    recall@10 : 0.0681    recall@20 : 0.098    ndcg@3 : 0.0181    ndcg@5 : 0.0243    ndcg@10 : 0.032    ndcg@20 : 0.0395    
Sat 06 Dec 2025 03:20:24 INFO  epoch 84 training [time: 40.17s, train loss: 791.6152]
Sat 06 Dec 2025 03:21:04 INFO  epoch 85 training [time: 40.29s, train loss: 777.5879]
Sat 06 Dec 2025 03:21:07 INFO  epoch 85 evaluating [time: 2.77s, valid_score: 0.067300]
Sat 06 Dec 2025 03:21:07 INFO  valid result: 
recall@3 : 0.0294    recall@5 : 0.044    recall@10 : 0.0673    recall@20 : 0.0978    ndcg@3 : 0.0182    ndcg@5 : 0.0243    ndcg@10 : 0.0317    ndcg@20 : 0.0394    
Sat 06 Dec 2025 03:21:45 INFO  epoch 86 training [time: 38.61s, train loss: 764.9752]
Sat 06 Dec 2025 03:22:26 INFO  epoch 87 training [time: 40.30s, train loss: 751.8153]
Sat 06 Dec 2025 03:22:28 INFO  epoch 87 evaluating [time: 2.84s, valid_score: 0.068000]
Sat 06 Dec 2025 03:22:28 INFO  valid result: 
recall@3 : 0.0294    recall@5 : 0.0442    recall@10 : 0.068    recall@20 : 0.0979    ndcg@3 : 0.0184    ndcg@5 : 0.0245    ndcg@10 : 0.0321    ndcg@20 : 0.0397    
Sat 06 Dec 2025 03:23:09 INFO  epoch 88 training [time: 40.23s, train loss: 738.4553]
Sat 06 Dec 2025 03:23:47 INFO  epoch 89 training [time: 38.51s, train loss: 724.9458]
Sat 06 Dec 2025 03:23:50 INFO  epoch 89 evaluating [time: 2.81s, valid_score: 0.067100]
Sat 06 Dec 2025 03:23:50 INFO  valid result: 
recall@3 : 0.0292    recall@5 : 0.0443    recall@10 : 0.0671    recall@20 : 0.0971    ndcg@3 : 0.0181    ndcg@5 : 0.0243    ndcg@10 : 0.0316    ndcg@20 : 0.0392    
Sat 06 Dec 2025 03:24:30 INFO  epoch 90 training [time: 40.19s, train loss: 710.5688]
Sat 06 Dec 2025 03:25:10 INFO  epoch 91 training [time: 40.21s, train loss: 696.9191]
Sat 06 Dec 2025 03:25:13 INFO  epoch 91 evaluating [time: 2.82s, valid_score: 0.067400]
Sat 06 Dec 2025 03:25:13 INFO  valid result: 
recall@3 : 0.0288    recall@5 : 0.0434    recall@10 : 0.0674    recall@20 : 0.0984    ndcg@3 : 0.018    ndcg@5 : 0.024    ndcg@10 : 0.0318    ndcg@20 : 0.0396    
Sat 06 Dec 2025 03:25:52 INFO  epoch 92 training [time: 38.61s, train loss: 682.6822]
Sat 06 Dec 2025 03:26:32 INFO  epoch 93 training [time: 40.29s, train loss: 669.3713]
Sat 06 Dec 2025 03:26:35 INFO  epoch 93 evaluating [time: 2.85s, valid_score: 0.068200]
Sat 06 Dec 2025 03:26:35 INFO  valid result: 
recall@3 : 0.0288    recall@5 : 0.0444    recall@10 : 0.0682    recall@20 : 0.098    ndcg@3 : 0.0179    ndcg@5 : 0.0243    ndcg@10 : 0.032    ndcg@20 : 0.0395    
Sat 06 Dec 2025 03:26:35 INFO  Finished training, best eval result in epoch 71
Sat 06 Dec 2025 03:26:37 INFO  Loading model structure and parameters from saved/SASRecD_Noising-Dec-06-2025_02-21-09.pth
Sat 06 Dec 2025 03:26:40 INFO  best valid : {'recall@3': np.float64(0.0294), 'recall@5': np.float64(0.045), 'recall@10': np.float64(0.0689), 'recall@20': np.float64(0.1003), 'ndcg@3': np.float64(0.018), 'ndcg@5': np.float64(0.0244), 'ndcg@10': np.float64(0.0321), 'ndcg@20': np.float64(0.04)}
Sat 06 Dec 2025 03:26:40 INFO  test result: {'recall@3': np.float64(0.0246), 'recall@5': np.float64(0.0358), 'recall@10': np.float64(0.0535), 'recall@20': np.float64(0.0809), 'ndcg@3': np.float64(0.015), 'ndcg@5': np.float64(0.0196), 'ndcg@10': np.float64(0.0253), 'ndcg@20': np.float64(0.0322)}
