Fri 05 Dec 2025 19:36:00 INFO  
General Hyper Parameters:
gpu_id = 0
use_gpu = True
seed = 214
state = INFO
reproducibility = False
data_path = ./recbole/data/dataset/Amazon_Sports_and_Outdoors
show_progress = True
save_dataset = False
save_dataloaders = False
benchmark_filename = None

Training Hyper Parameters:
checkpoint_dir = saved
epochs = 200
train_batch_size = 1024
learner = adam
learning_rate = 0.0001
eval_step = 2
stopping_step = 10
clip_grad_norm = None
weight_decay = 0.0
loss_decimal_place = 4

Evaluation Hyper Parameters:
eval_args = {'split': {'LS': 'valid_and_test'}, 'group_by': 'user', 'order': 'TO', 'mode': 'full'}
metrics = ['Recall', 'NDCG']
topk = [3, 5, 10, 20]
valid_metric = Recall@10
valid_metric_bigger = True
eval_batch_size = 256
metric_decimal_place = 4

Dataset Hyper Parameters:
field_separator = 	
seq_separator =  
USER_ID_FIELD = user_id
ITEM_ID_FIELD = item_id
RATING_FIELD = rating
TIME_FIELD = timestamp
seq_len = None
LABEL_FIELD = label
threshold = None
NEG_PREFIX = neg_
load_col = {'inter': ['user_id', 'item_id', 'rating', 'timestamp'], 'item': ['item_id', 'title', 'sales_rank', 'price', 'brand', 'categories', 'sales_type'], 'title_original': ['ent_id', 'ent_emb']}
unload_col = None
unused_col = None
additional_feat_suffix = ['title_original']
rm_dup_inter = None
val_interval = None
filter_inter_by_user_or_item = True
user_inter_num_interval = [5,inf)
item_inter_num_interval = [5,inf)
alias_of_user_id = None
alias_of_item_id = ['ent_id']
alias_of_entity_id = None
alias_of_relation_id = None
preload_weight = {'ent_id': 'ent_emb'}
normalize_field = None
normalize_all = None
ITEM_LIST_LENGTH_FIELD = item_length
LIST_SUFFIX = _list
MAX_ITEM_LIST_LENGTH = 50
POSITION_FIELD = position_id
HEAD_ENTITY_ID_FIELD = head_id
TAIL_ENTITY_ID_FIELD = tail_id
RELATION_ID_FIELD = relation_id
ENTITY_ID_FIELD = entity_id

Other Hyper Parameters: 
neg_sampling = None
multi_gpus = False
repeatable = True
MODEL_TYPE = ModelType.SEQUENTIAL
n_layers = 3
n_heads = 8
hidden_size = 256
orig_attribute_hidden_size = [1024]
attribute_hidden_size = [128, 128]
inner_size = 256
hidden_dropout_prob = 0.5
attn_dropout_prob = 0.3
hidden_act = gelu
layer_norm_eps = 1e-12
initializer_range = 0.02
selected_features = ['ent_emb', 'categories']
feature_type = ['static', 'categorical']
pooling_mode = sum
loss_type = CE
weight_sharing = not
fusion_type = gate
lamdas = [5, 5]
attribute_predictor = ['cos_sim', 'linear']
diffusion = {'device': 'cuda', 'dims': [1000], 'emb_size': 20, 'mean_type': 'x0', 'noise_max': 0.02, 'noise_min': 0.0001, 'noise_scale': 0.1, 'noise_schedule': 'linear-var', 'norm': False, 'num_heads': 4, 'reweight': True, 'sampling_noise': False, 'sampling_steps': 0, 'steps': 5, 'structure': 'MLP', 'time_type': 'cat', 'hiddenSize': 128, 'inputSize': 128}
lambda = 0.5
wandb_run_name = titles_categories(ablation_study)
annealing = False
MODEL_INPUT_TYPE = InputType.POINTWISE
eval_type = EvaluatorType.RANKING
device = cuda
train_neg_sample_args = {'strategy': 'none'}
eval_neg_sample_args = {'strategy': 'full', 'distribution': 'uniform'}


Fri 05 Dec 2025 19:36:06 INFO  Amazon_Sports_and_Outdoors
The number of users: 35599
Average actions of users: 8.324540704533963
The number of items: 18358
Average actions of items: 16.142997221768262
The number of inters: 296337
The sparsity of the dataset: 99.95465569853714%
Remain Fields: ['user_id', 'item_id', 'rating', 'timestamp', 'title', 'price', 'brand', 'categories', 'sales_type', 'sales_rank', 'ent_id', 'ent_emb']
Fri 05 Dec 2025 19:36:10 INFO  [Training]: train_batch_size = [1024] negative sampling: [None]
Fri 05 Dec 2025 19:36:10 INFO  [Evaluation]: eval_batch_size = [256] eval_args: [{'split': {'LS': 'valid_and_test'}, 'group_by': 'user', 'order': 'TO', 'mode': 'full'}]
Fri 05 Dec 2025 19:36:12 INFO  SASRecD_Log_Mlp(
  (item_embedding): Embedding(18358, 256, padding_idx=0)
  (position_embedding): Embedding(50, 256)
  (feature_embed_layer_list): ModuleList(
    (0): Embedding(
      18358, 1024
      (mlp): MLP(
        (net): Sequential(
          (0): Linear(in_features=1024, out_features=512, bias=True)
          (1): ReLU()
          (2): Dropout(p=0.1, inplace=False)
          (3): Linear(in_features=512, out_features=256, bias=True)
          (4): ReLU()
          (5): Dropout(p=0.1, inplace=False)
          (6): Linear(in_features=256, out_features=128, bias=True)
          (7): LayerNorm((128,), eps=1e-05, elementwise_affine=True)
        )
      )
    )
    (1): FeatureSeqEmbLayer()
  )
  (trm_encoder): DIFTransformerEncoder(
    (layer): ModuleList(
      (0-2): 3 x DIFTransformerLayer(
        (multi_head_attention): DIFMultiHeadAttention(
          (query): Linear(in_features=256, out_features=256, bias=True)
          (key): Linear(in_features=256, out_features=256, bias=True)
          (value): Linear(in_features=256, out_features=256, bias=True)
          (query_p): Linear(in_features=256, out_features=256, bias=True)
          (key_p): Linear(in_features=256, out_features=256, bias=True)
          (query_layers): ModuleList(
            (0-1): 2 x Linear(in_features=128, out_features=128, bias=True)
          )
          (key_layers): ModuleList(
            (0-1): 2 x Linear(in_features=128, out_features=128, bias=True)
          )
          (fusion_layer): VanillaAttention(
            (projection): Sequential(
              (0): Linear(in_features=50, out_features=50, bias=True)
              (1): ReLU(inplace=True)
              (2): Linear(in_features=50, out_features=1, bias=True)
            )
          )
          (attn_dropout): Dropout(p=0.3, inplace=False)
          (dense): Linear(in_features=256, out_features=256, bias=True)
          (LayerNorm): LayerNorm((256,), eps=1e-12, elementwise_affine=True)
          (out_dropout): Dropout(p=0.5, inplace=False)
        )
        (feed_forward): FeedForward(
          (dense_1): Linear(in_features=256, out_features=256, bias=True)
          (dense_2): Linear(in_features=256, out_features=256, bias=True)
          (LayerNorm): LayerNorm((256,), eps=1e-12, elementwise_affine=True)
          (dropout): Dropout(p=0.5, inplace=False)
        )
      )
    )
  )
  (ap): ModuleList(
    (0): Linear(in_features=256, out_features=1024, bias=True)
    (1): Linear(in_features=256, out_features=1876, bias=True)
  )
  (LayerNorm): LayerNorm((256,), eps=1e-12, elementwise_affine=True)
  (dropout): Dropout(p=0.5, inplace=False)
  (loss_fct): CrossEntropyLoss()
  (attribute_loss_fct): BCEWithLogitsLoss()
)
Trainable parameters: 7935567
Fri 05 Dec 2025 19:36:52 INFO  epoch 0 training [time: 39.83s, train loss: 2111.9835]
Fri 05 Dec 2025 19:37:31 INFO  epoch 1 training [time: 39.05s, train loss: 1870.3559]
Fri 05 Dec 2025 19:37:34 INFO  epoch 1 evaluating [time: 2.62s, valid_score: 0.012400]
Fri 05 Dec 2025 19:37:34 INFO  valid result: 
recall@3 : 0.006    recall@5 : 0.0082    recall@10 : 0.0124    recall@20 : 0.0246    ndcg@3 : 0.0044    ndcg@5 : 0.0054    ndcg@10 : 0.0067    ndcg@20 : 0.0097    
Fri 05 Dec 2025 19:37:37 INFO  Saving current best: saved/SASRecD_Log_Mlp-Dec-05-2025_19-36-12.pth
Fri 05 Dec 2025 19:38:16 INFO  epoch 2 training [time: 39.15s, train loss: 1855.2925]
Fri 05 Dec 2025 19:38:55 INFO  epoch 3 training [time: 39.15s, train loss: 1848.9112]
Fri 05 Dec 2025 19:38:58 INFO  epoch 3 evaluating [time: 2.57s, valid_score: 0.012400]
Fri 05 Dec 2025 19:38:58 INFO  valid result: 
recall@3 : 0.0058    recall@5 : 0.008    recall@10 : 0.0124    recall@20 : 0.0221    ndcg@3 : 0.0043    ndcg@5 : 0.0052    ndcg@10 : 0.0066    ndcg@20 : 0.009    
Fri 05 Dec 2025 19:39:36 INFO  epoch 4 training [time: 38.77s, train loss: 1842.0533]
Fri 05 Dec 2025 19:40:16 INFO  epoch 5 training [time: 39.22s, train loss: 1833.4669]
Fri 05 Dec 2025 19:40:18 INFO  epoch 5 evaluating [time: 2.59s, valid_score: 0.013600]
Fri 05 Dec 2025 19:40:18 INFO  valid result: 
recall@3 : 0.0056    recall@5 : 0.0085    recall@10 : 0.0136    recall@20 : 0.0242    ndcg@3 : 0.0041    ndcg@5 : 0.0053    ndcg@10 : 0.0069    ndcg@20 : 0.0096    
Fri 05 Dec 2025 19:40:21 INFO  Saving current best: saved/SASRecD_Log_Mlp-Dec-05-2025_19-36-12.pth
Fri 05 Dec 2025 19:41:00 INFO  epoch 6 training [time: 39.14s, train loss: 1818.5546]
Fri 05 Dec 2025 19:41:38 INFO  epoch 7 training [time: 38.80s, train loss: 1790.1100]
Fri 05 Dec 2025 19:41:41 INFO  epoch 7 evaluating [time: 2.58s, valid_score: 0.020600]
Fri 05 Dec 2025 19:41:41 INFO  valid result: 
recall@3 : 0.0076    recall@5 : 0.0115    recall@10 : 0.0206    recall@20 : 0.0353    ndcg@3 : 0.0055    ndcg@5 : 0.0071    ndcg@10 : 0.01    ndcg@20 : 0.0136    
Fri 05 Dec 2025 19:41:43 INFO  Saving current best: saved/SASRecD_Log_Mlp-Dec-05-2025_19-36-12.pth
Fri 05 Dec 2025 19:42:23 INFO  epoch 8 training [time: 39.54s, train loss: 1761.1268]
Fri 05 Dec 2025 19:43:02 INFO  epoch 9 training [time: 39.53s, train loss: 1736.4555]
Fri 05 Dec 2025 19:43:05 INFO  epoch 9 evaluating [time: 2.59s, valid_score: 0.024900]
Fri 05 Dec 2025 19:43:05 INFO  valid result: 
recall@3 : 0.009    recall@5 : 0.0139    recall@10 : 0.0249    recall@20 : 0.0428    ndcg@3 : 0.0063    ndcg@5 : 0.0083    ndcg@10 : 0.0118    ndcg@20 : 0.0163    
Fri 05 Dec 2025 19:43:07 INFO  Saving current best: saved/SASRecD_Log_Mlp-Dec-05-2025_19-36-12.pth
Fri 05 Dec 2025 19:43:46 INFO  epoch 10 training [time: 38.91s, train loss: 1713.0919]
Fri 05 Dec 2025 19:44:25 INFO  epoch 11 training [time: 39.36s, train loss: 1690.2826]
Fri 05 Dec 2025 19:44:28 INFO  epoch 11 evaluating [time: 2.73s, valid_score: 0.032500]
Fri 05 Dec 2025 19:44:28 INFO  valid result: 
recall@3 : 0.0121    recall@5 : 0.0189    recall@10 : 0.0325    recall@20 : 0.0533    ndcg@3 : 0.0081    ndcg@5 : 0.0109    ndcg@10 : 0.0153    ndcg@20 : 0.0205    
Fri 05 Dec 2025 19:44:31 INFO  Saving current best: saved/SASRecD_Log_Mlp-Dec-05-2025_19-36-12.pth
Fri 05 Dec 2025 19:45:10 INFO  epoch 12 training [time: 39.45s, train loss: 1667.7702]
Fri 05 Dec 2025 19:45:49 INFO  epoch 13 training [time: 39.41s, train loss: 1646.4655]
Fri 05 Dec 2025 19:45:52 INFO  epoch 13 evaluating [time: 2.60s, valid_score: 0.039900]
Fri 05 Dec 2025 19:45:52 INFO  valid result: 
recall@3 : 0.0162    recall@5 : 0.0242    recall@10 : 0.0399    recall@20 : 0.0619    ndcg@3 : 0.0106    ndcg@5 : 0.0139    ndcg@10 : 0.0189    ndcg@20 : 0.0244    
Fri 05 Dec 2025 19:45:54 INFO  Saving current best: saved/SASRecD_Log_Mlp-Dec-05-2025_19-36-12.pth
Fri 05 Dec 2025 19:46:33 INFO  epoch 14 training [time: 39.63s, train loss: 1626.2308]
Fri 05 Dec 2025 19:47:13 INFO  epoch 15 training [time: 39.63s, train loss: 1607.1426]
Fri 05 Dec 2025 19:47:16 INFO  epoch 15 evaluating [time: 2.64s, valid_score: 0.046100]
Fri 05 Dec 2025 19:47:16 INFO  valid result: 
recall@3 : 0.0199    recall@5 : 0.0291    recall@10 : 0.0461    recall@20 : 0.0698    ndcg@3 : 0.0125    ndcg@5 : 0.0163    ndcg@10 : 0.0218    ndcg@20 : 0.0277    
Fri 05 Dec 2025 19:47:18 INFO  Saving current best: saved/SASRecD_Log_Mlp-Dec-05-2025_19-36-12.pth
Fri 05 Dec 2025 19:47:58 INFO  epoch 16 training [time: 39.60s, train loss: 1588.1716]
Fri 05 Dec 2025 19:48:37 INFO  epoch 17 training [time: 39.01s, train loss: 1570.2910]
Fri 05 Dec 2025 19:48:39 INFO  epoch 17 evaluating [time: 2.60s, valid_score: 0.050800]
Fri 05 Dec 2025 19:48:39 INFO  valid result: 
recall@3 : 0.0217    recall@5 : 0.0326    recall@10 : 0.0508    recall@20 : 0.0744    ndcg@3 : 0.0136    ndcg@5 : 0.0181    ndcg@10 : 0.0239    ndcg@20 : 0.0298    
Fri 05 Dec 2025 19:48:42 INFO  Saving current best: saved/SASRecD_Log_Mlp-Dec-05-2025_19-36-12.pth
Fri 05 Dec 2025 19:49:21 INFO  epoch 18 training [time: 39.55s, train loss: 1552.9927]
Fri 05 Dec 2025 19:50:01 INFO  epoch 19 training [time: 39.47s, train loss: 1537.1270]
Fri 05 Dec 2025 19:50:03 INFO  epoch 19 evaluating [time: 2.60s, valid_score: 0.054600]
Fri 05 Dec 2025 19:50:03 INFO  valid result: 
recall@3 : 0.0235    recall@5 : 0.0355    recall@10 : 0.0546    recall@20 : 0.0788    ndcg@3 : 0.0145    ndcg@5 : 0.0194    ndcg@10 : 0.0256    ndcg@20 : 0.0316    
Fri 05 Dec 2025 19:50:06 INFO  Saving current best: saved/SASRecD_Log_Mlp-Dec-05-2025_19-36-12.pth
Fri 05 Dec 2025 19:50:45 INFO  epoch 20 training [time: 38.91s, train loss: 1521.2378]
Fri 05 Dec 2025 19:51:24 INFO  epoch 21 training [time: 39.44s, train loss: 1506.0893]
Fri 05 Dec 2025 19:51:27 INFO  epoch 21 evaluating [time: 2.62s, valid_score: 0.056900]
Fri 05 Dec 2025 19:51:27 INFO  valid result: 
recall@3 : 0.0248    recall@5 : 0.0376    recall@10 : 0.0569    recall@20 : 0.0828    ndcg@3 : 0.0153    ndcg@5 : 0.0206    ndcg@10 : 0.0268    ndcg@20 : 0.0333    
Fri 05 Dec 2025 19:51:29 INFO  Saving current best: saved/SASRecD_Log_Mlp-Dec-05-2025_19-36-12.pth
Fri 05 Dec 2025 19:52:09 INFO  epoch 22 training [time: 39.60s, train loss: 1491.9729]
Fri 05 Dec 2025 19:52:47 INFO  epoch 23 training [time: 38.94s, train loss: 1477.8564]
Fri 05 Dec 2025 19:52:50 INFO  epoch 23 evaluating [time: 2.60s, valid_score: 0.059600]
Fri 05 Dec 2025 19:52:50 INFO  valid result: 
recall@3 : 0.0268    recall@5 : 0.0383    recall@10 : 0.0596    recall@20 : 0.0858    ndcg@3 : 0.0163    ndcg@5 : 0.0211    ndcg@10 : 0.028    ndcg@20 : 0.0346    
Fri 05 Dec 2025 19:52:52 INFO  Saving current best: saved/SASRecD_Log_Mlp-Dec-05-2025_19-36-12.pth
Fri 05 Dec 2025 19:53:32 INFO  epoch 24 training [time: 39.53s, train loss: 1464.7694]
Fri 05 Dec 2025 19:54:12 INFO  epoch 25 training [time: 39.70s, train loss: 1451.3108]
Fri 05 Dec 2025 19:54:14 INFO  epoch 25 evaluating [time: 2.58s, valid_score: 0.061200]
Fri 05 Dec 2025 19:54:14 INFO  valid result: 
recall@3 : 0.0275    recall@5 : 0.0397    recall@10 : 0.0612    recall@20 : 0.0887    ndcg@3 : 0.0166    ndcg@5 : 0.0217    ndcg@10 : 0.0286    ndcg@20 : 0.0355    
Fri 05 Dec 2025 19:54:17 INFO  Saving current best: saved/SASRecD_Log_Mlp-Dec-05-2025_19-36-12.pth
Fri 05 Dec 2025 19:54:56 INFO  epoch 26 training [time: 38.96s, train loss: 1439.3106]
Fri 05 Dec 2025 19:55:35 INFO  epoch 27 training [time: 39.47s, train loss: 1426.2986]
Fri 05 Dec 2025 19:55:38 INFO  epoch 27 evaluating [time: 2.63s, valid_score: 0.063100]
Fri 05 Dec 2025 19:55:38 INFO  valid result: 
recall@3 : 0.0278    recall@5 : 0.0408    recall@10 : 0.0631    recall@20 : 0.09    ndcg@3 : 0.0168    ndcg@5 : 0.0221    ndcg@10 : 0.0293    ndcg@20 : 0.0361    
Fri 05 Dec 2025 19:55:40 INFO  Saving current best: saved/SASRecD_Log_Mlp-Dec-05-2025_19-36-12.pth
Fri 05 Dec 2025 19:56:20 INFO  epoch 28 training [time: 39.76s, train loss: 1414.6043]
Fri 05 Dec 2025 19:56:59 INFO  epoch 29 training [time: 38.93s, train loss: 1402.5932]
Fri 05 Dec 2025 19:57:01 INFO  epoch 29 evaluating [time: 2.62s, valid_score: 0.064100]
Fri 05 Dec 2025 19:57:01 INFO  valid result: 
recall@3 : 0.028    recall@5 : 0.0415    recall@10 : 0.0641    recall@20 : 0.0923    ndcg@3 : 0.0168    ndcg@5 : 0.0223    ndcg@10 : 0.0296    ndcg@20 : 0.0367    
Fri 05 Dec 2025 19:57:04 INFO  Saving current best: saved/SASRecD_Log_Mlp-Dec-05-2025_19-36-12.pth
Fri 05 Dec 2025 19:57:43 INFO  epoch 30 training [time: 39.58s, train loss: 1391.7852]
Fri 05 Dec 2025 19:58:23 INFO  epoch 31 training [time: 39.55s, train loss: 1379.9567]
Fri 05 Dec 2025 19:58:25 INFO  epoch 31 evaluating [time: 2.62s, valid_score: 0.064700]
Fri 05 Dec 2025 19:58:25 INFO  valid result: 
recall@3 : 0.0281    recall@5 : 0.042    recall@10 : 0.0647    recall@20 : 0.0934    ndcg@3 : 0.0169    ndcg@5 : 0.0226    ndcg@10 : 0.03    ndcg@20 : 0.0372    
Fri 05 Dec 2025 19:58:28 INFO  Saving current best: saved/SASRecD_Log_Mlp-Dec-05-2025_19-36-12.pth
Fri 05 Dec 2025 19:59:07 INFO  epoch 32 training [time: 39.02s, train loss: 1368.8770]
Fri 05 Dec 2025 19:59:46 INFO  epoch 33 training [time: 39.63s, train loss: 1358.2949]
Fri 05 Dec 2025 19:59:49 INFO  epoch 33 evaluating [time: 2.65s, valid_score: 0.065200]
Fri 05 Dec 2025 19:59:49 INFO  valid result: 
recall@3 : 0.0279    recall@5 : 0.0424    recall@10 : 0.0652    recall@20 : 0.094    ndcg@3 : 0.0168    ndcg@5 : 0.0228    ndcg@10 : 0.0301    ndcg@20 : 0.0374    
Fri 05 Dec 2025 19:59:51 INFO  Saving current best: saved/SASRecD_Log_Mlp-Dec-05-2025_19-36-12.pth
Fri 05 Dec 2025 20:00:31 INFO  epoch 34 training [time: 39.57s, train loss: 1347.1186]
Fri 05 Dec 2025 20:01:10 INFO  epoch 35 training [time: 39.51s, train loss: 1337.3149]
Fri 05 Dec 2025 20:01:12 INFO  epoch 35 evaluating [time: 2.01s, valid_score: 0.066600]
Fri 05 Dec 2025 20:01:12 INFO  valid result: 
recall@3 : 0.0282    recall@5 : 0.043    recall@10 : 0.0666    recall@20 : 0.0944    ndcg@3 : 0.0171    ndcg@5 : 0.0232    ndcg@10 : 0.0308    ndcg@20 : 0.0379    
Fri 05 Dec 2025 20:01:15 INFO  Saving current best: saved/SASRecD_Log_Mlp-Dec-05-2025_19-36-12.pth
Fri 05 Dec 2025 20:01:54 INFO  epoch 36 training [time: 39.61s, train loss: 1326.4572]
Fri 05 Dec 2025 20:02:34 INFO  epoch 37 training [time: 39.64s, train loss: 1316.0042]
Fri 05 Dec 2025 20:02:37 INFO  epoch 37 evaluating [time: 2.64s, valid_score: 0.066700]
Fri 05 Dec 2025 20:02:37 INFO  valid result: 
recall@3 : 0.0285    recall@5 : 0.0434    recall@10 : 0.0667    recall@20 : 0.0956    ndcg@3 : 0.0173    ndcg@5 : 0.0234    ndcg@10 : 0.0309    ndcg@20 : 0.0382    
Fri 05 Dec 2025 20:02:39 INFO  Saving current best: saved/SASRecD_Log_Mlp-Dec-05-2025_19-36-12.pth
Fri 05 Dec 2025 20:03:18 INFO  epoch 38 training [time: 39.08s, train loss: 1305.2635]
Fri 05 Dec 2025 20:03:58 INFO  epoch 39 training [time: 39.72s, train loss: 1295.4631]
Fri 05 Dec 2025 20:04:00 INFO  epoch 39 evaluating [time: 2.65s, valid_score: 0.067000]
Fri 05 Dec 2025 20:04:00 INFO  valid result: 
recall@3 : 0.0287    recall@5 : 0.0434    recall@10 : 0.067    recall@20 : 0.0969    ndcg@3 : 0.0173    ndcg@5 : 0.0234    ndcg@10 : 0.0309    ndcg@20 : 0.0385    
Fri 05 Dec 2025 20:04:03 INFO  Saving current best: saved/SASRecD_Log_Mlp-Dec-05-2025_19-36-12.pth
Fri 05 Dec 2025 20:04:43 INFO  epoch 40 training [time: 39.64s, train loss: 1284.8595]
Fri 05 Dec 2025 20:05:22 INFO  epoch 41 training [time: 39.72s, train loss: 1274.6095]
Fri 05 Dec 2025 20:05:24 INFO  epoch 41 evaluating [time: 1.93s, valid_score: 0.066400]
Fri 05 Dec 2025 20:05:24 INFO  valid result: 
recall@3 : 0.029    recall@5 : 0.0437    recall@10 : 0.0664    recall@20 : 0.0966    ndcg@3 : 0.0176    ndcg@5 : 0.0236    ndcg@10 : 0.0309    ndcg@20 : 0.0385    
Fri 05 Dec 2025 20:06:05 INFO  epoch 42 training [time: 40.31s, train loss: 1265.0613]
Fri 05 Dec 2025 20:06:43 INFO  epoch 43 training [time: 38.71s, train loss: 1255.1252]
Fri 05 Dec 2025 20:06:46 INFO  epoch 43 evaluating [time: 2.64s, valid_score: 0.067100]
Fri 05 Dec 2025 20:06:46 INFO  valid result: 
recall@3 : 0.029    recall@5 : 0.0437    recall@10 : 0.0671    recall@20 : 0.0972    ndcg@3 : 0.0175    ndcg@5 : 0.0236    ndcg@10 : 0.0311    ndcg@20 : 0.0387    
Fri 05 Dec 2025 20:06:48 INFO  Saving current best: saved/SASRecD_Log_Mlp-Dec-05-2025_19-36-12.pth
Fri 05 Dec 2025 20:07:28 INFO  epoch 44 training [time: 39.61s, train loss: 1244.4830]
Fri 05 Dec 2025 20:08:07 INFO  epoch 45 training [time: 39.54s, train loss: 1234.8617]
Fri 05 Dec 2025 20:08:10 INFO  epoch 45 evaluating [time: 2.62s, valid_score: 0.066900]
Fri 05 Dec 2025 20:08:10 INFO  valid result: 
recall@3 : 0.0294    recall@5 : 0.0439    recall@10 : 0.0669    recall@20 : 0.0969    ndcg@3 : 0.0177    ndcg@5 : 0.0237    ndcg@10 : 0.0311    ndcg@20 : 0.0387    
Fri 05 Dec 2025 20:08:49 INFO  epoch 46 training [time: 38.94s, train loss: 1224.7283]
Fri 05 Dec 2025 20:09:28 INFO  epoch 47 training [time: 39.60s, train loss: 1214.1692]
Fri 05 Dec 2025 20:09:31 INFO  epoch 47 evaluating [time: 2.65s, valid_score: 0.066900]
Fri 05 Dec 2025 20:09:31 INFO  valid result: 
recall@3 : 0.0297    recall@5 : 0.0442    recall@10 : 0.0669    recall@20 : 0.0977    ndcg@3 : 0.018    ndcg@5 : 0.0239    ndcg@10 : 0.0313    ndcg@20 : 0.0391    
Fri 05 Dec 2025 20:10:11 INFO  epoch 48 training [time: 39.55s, train loss: 1204.4627]
Fri 05 Dec 2025 20:10:50 INFO  epoch 49 training [time: 39.53s, train loss: 1193.7129]
Fri 05 Dec 2025 20:10:53 INFO  epoch 49 evaluating [time: 2.64s, valid_score: 0.067500]
Fri 05 Dec 2025 20:10:53 INFO  valid result: 
recall@3 : 0.0296    recall@5 : 0.0445    recall@10 : 0.0675    recall@20 : 0.0982    ndcg@3 : 0.0178    ndcg@5 : 0.024    ndcg@10 : 0.0314    ndcg@20 : 0.0391    
Fri 05 Dec 2025 20:10:54 INFO  Saving current best: saved/SASRecD_Log_Mlp-Dec-05-2025_19-36-12.pth
Fri 05 Dec 2025 20:11:34 INFO  epoch 50 training [time: 39.47s, train loss: 1183.6955]
Fri 05 Dec 2025 20:12:13 INFO  epoch 51 training [time: 39.61s, train loss: 1173.4528]
Fri 05 Dec 2025 20:12:16 INFO  epoch 51 evaluating [time: 2.62s, valid_score: 0.067300]
Fri 05 Dec 2025 20:12:16 INFO  valid result: 
recall@3 : 0.0298    recall@5 : 0.044    recall@10 : 0.0673    recall@20 : 0.0985    ndcg@3 : 0.0181    ndcg@5 : 0.0239    ndcg@10 : 0.0314    ndcg@20 : 0.0392    
Fri 05 Dec 2025 20:12:56 INFO  epoch 52 training [time: 39.68s, train loss: 1162.6499]
Fri 05 Dec 2025 20:13:35 INFO  epoch 53 training [time: 38.91s, train loss: 1152.4544]
Fri 05 Dec 2025 20:13:37 INFO  epoch 53 evaluating [time: 2.63s, valid_score: 0.067900]
Fri 05 Dec 2025 20:13:37 INFO  valid result: 
recall@3 : 0.0297    recall@5 : 0.0441    recall@10 : 0.0679    recall@20 : 0.0981    ndcg@3 : 0.0179    ndcg@5 : 0.0238    ndcg@10 : 0.0315    ndcg@20 : 0.0391    
Fri 05 Dec 2025 20:13:40 INFO  Saving current best: saved/SASRecD_Log_Mlp-Dec-05-2025_19-36-12.pth
Fri 05 Dec 2025 20:14:19 INFO  epoch 54 training [time: 39.70s, train loss: 1142.0907]
Fri 05 Dec 2025 20:14:59 INFO  epoch 55 training [time: 39.57s, train loss: 1132.1088]
Fri 05 Dec 2025 20:15:02 INFO  epoch 55 evaluating [time: 2.63s, valid_score: 0.068100]
Fri 05 Dec 2025 20:15:02 INFO  valid result: 
recall@3 : 0.0296    recall@5 : 0.0446    recall@10 : 0.0681    recall@20 : 0.0984    ndcg@3 : 0.018    ndcg@5 : 0.0241    ndcg@10 : 0.0317    ndcg@20 : 0.0393    
Fri 05 Dec 2025 20:15:04 INFO  Saving current best: saved/SASRecD_Log_Mlp-Dec-05-2025_19-36-12.pth
Fri 05 Dec 2025 20:15:43 INFO  epoch 56 training [time: 39.04s, train loss: 1121.6376]
Fri 05 Dec 2025 20:16:22 INFO  epoch 57 training [time: 39.61s, train loss: 1110.2982]
Fri 05 Dec 2025 20:16:25 INFO  epoch 57 evaluating [time: 2.63s, valid_score: 0.067900]
Fri 05 Dec 2025 20:16:25 INFO  valid result: 
recall@3 : 0.0299    recall@5 : 0.0441    recall@10 : 0.0679    recall@20 : 0.0984    ndcg@3 : 0.0182    ndcg@5 : 0.024    ndcg@10 : 0.0317    ndcg@20 : 0.0394    
Fri 05 Dec 2025 20:17:05 INFO  epoch 58 training [time: 39.55s, train loss: 1099.3155]
Fri 05 Dec 2025 20:17:44 INFO  epoch 59 training [time: 39.65s, train loss: 1088.4607]
Fri 05 Dec 2025 20:17:46 INFO  epoch 59 evaluating [time: 1.95s, valid_score: 0.067500]
Fri 05 Dec 2025 20:17:46 INFO  valid result: 
recall@3 : 0.0302    recall@5 : 0.0443    recall@10 : 0.0675    recall@20 : 0.0988    ndcg@3 : 0.0186    ndcg@5 : 0.0244    ndcg@10 : 0.0319    ndcg@20 : 0.0398    
Fri 05 Dec 2025 20:18:26 INFO  epoch 60 training [time: 39.64s, train loss: 1077.5066]
Fri 05 Dec 2025 20:19:06 INFO  epoch 61 training [time: 39.62s, train loss: 1066.7998]
Fri 05 Dec 2025 20:19:08 INFO  epoch 61 evaluating [time: 2.64s, valid_score: 0.068000]
Fri 05 Dec 2025 20:19:08 INFO  valid result: 
recall@3 : 0.0306    recall@5 : 0.0447    recall@10 : 0.068    recall@20 : 0.0982    ndcg@3 : 0.0187    ndcg@5 : 0.0245    ndcg@10 : 0.032    ndcg@20 : 0.0396    
Fri 05 Dec 2025 20:19:48 INFO  epoch 62 training [time: 39.50s, train loss: 1055.9442]
Fri 05 Dec 2025 20:20:27 INFO  epoch 63 training [time: 38.97s, train loss: 1044.8174]
Fri 05 Dec 2025 20:20:29 INFO  epoch 63 evaluating [time: 2.64s, valid_score: 0.067400]
Fri 05 Dec 2025 20:20:29 INFO  valid result: 
recall@3 : 0.0298    recall@5 : 0.0439    recall@10 : 0.0674    recall@20 : 0.0977    ndcg@3 : 0.0182    ndcg@5 : 0.0239    ndcg@10 : 0.0315    ndcg@20 : 0.0392    
Fri 05 Dec 2025 20:21:09 INFO  epoch 64 training [time: 39.72s, train loss: 1033.6612]
Fri 05 Dec 2025 20:21:49 INFO  epoch 65 training [time: 39.62s, train loss: 1022.2507]
Fri 05 Dec 2025 20:21:51 INFO  epoch 65 evaluating [time: 2.62s, valid_score: 0.067700]
Fri 05 Dec 2025 20:21:51 INFO  valid result: 
recall@3 : 0.0296    recall@5 : 0.0442    recall@10 : 0.0677    recall@20 : 0.0978    ndcg@3 : 0.0181    ndcg@5 : 0.0241    ndcg@10 : 0.0317    ndcg@20 : 0.0392    
Fri 05 Dec 2025 20:22:30 INFO  epoch 66 training [time: 39.00s, train loss: 1010.7389]
Fri 05 Dec 2025 20:23:10 INFO  epoch 67 training [time: 39.65s, train loss: 999.3038]
Fri 05 Dec 2025 20:23:13 INFO  epoch 67 evaluating [time: 2.65s, valid_score: 0.067300]
Fri 05 Dec 2025 20:23:13 INFO  valid result: 
recall@3 : 0.0301    recall@5 : 0.0443    recall@10 : 0.0673    recall@20 : 0.0972    ndcg@3 : 0.0187    ndcg@5 : 0.0245    ndcg@10 : 0.0319    ndcg@20 : 0.0394    
Fri 05 Dec 2025 20:23:52 INFO  epoch 68 training [time: 39.55s, train loss: 987.6587]
Fri 05 Dec 2025 20:24:32 INFO  epoch 69 training [time: 39.54s, train loss: 976.4315]
Fri 05 Dec 2025 20:24:34 INFO  epoch 69 evaluating [time: 2.61s, valid_score: 0.067500]
Fri 05 Dec 2025 20:24:34 INFO  valid result: 
recall@3 : 0.0299    recall@5 : 0.0449    recall@10 : 0.0675    recall@20 : 0.099    ndcg@3 : 0.0187    ndcg@5 : 0.0248    ndcg@10 : 0.0321    ndcg@20 : 0.04    
Fri 05 Dec 2025 20:25:13 INFO  epoch 70 training [time: 38.99s, train loss: 963.7528]
Fri 05 Dec 2025 20:25:53 INFO  epoch 71 training [time: 39.66s, train loss: 952.9622]
Fri 05 Dec 2025 20:25:56 INFO  epoch 71 evaluating [time: 2.66s, valid_score: 0.067300]
Fri 05 Dec 2025 20:25:56 INFO  valid result: 
recall@3 : 0.0303    recall@5 : 0.0449    recall@10 : 0.0673    recall@20 : 0.0974    ndcg@3 : 0.0186    ndcg@5 : 0.0246    ndcg@10 : 0.0318    ndcg@20 : 0.0393    
Fri 05 Dec 2025 20:26:35 INFO  epoch 72 training [time: 39.63s, train loss: 940.7172]
Fri 05 Dec 2025 20:27:14 INFO  epoch 73 training [time: 38.93s, train loss: 928.5637]
Fri 05 Dec 2025 20:27:17 INFO  epoch 73 evaluating [time: 2.65s, valid_score: 0.067600]
Fri 05 Dec 2025 20:27:17 INFO  valid result: 
recall@3 : 0.0306    recall@5 : 0.0446    recall@10 : 0.0676    recall@20 : 0.0976    ndcg@3 : 0.0188    ndcg@5 : 0.0245    ndcg@10 : 0.0319    ndcg@20 : 0.0395    
Fri 05 Dec 2025 20:27:56 INFO  epoch 74 training [time: 39.52s, train loss: 916.2341]
Fri 05 Dec 2025 20:28:36 INFO  epoch 75 training [time: 39.57s, train loss: 904.1315]
Fri 05 Dec 2025 20:28:39 INFO  epoch 75 evaluating [time: 2.66s, valid_score: 0.067200]
Fri 05 Dec 2025 20:28:39 INFO  valid result: 
recall@3 : 0.0305    recall@5 : 0.0443    recall@10 : 0.0672    recall@20 : 0.0977    ndcg@3 : 0.0185    ndcg@5 : 0.0242    ndcg@10 : 0.0316    ndcg@20 : 0.0392    
Fri 05 Dec 2025 20:29:18 INFO  epoch 76 training [time: 39.64s, train loss: 891.6198]
Fri 05 Dec 2025 20:29:57 INFO  epoch 77 training [time: 38.96s, train loss: 878.6686]
Fri 05 Dec 2025 20:30:00 INFO  epoch 77 evaluating [time: 2.62s, valid_score: 0.067200]
Fri 05 Dec 2025 20:30:00 INFO  valid result: 
recall@3 : 0.0297    recall@5 : 0.0442    recall@10 : 0.0672    recall@20 : 0.0961    ndcg@3 : 0.0183    ndcg@5 : 0.0243    ndcg@10 : 0.0317    ndcg@20 : 0.039    
Fri 05 Dec 2025 20:30:00 INFO  Finished training, best eval result in epoch 55
Fri 05 Dec 2025 20:30:01 INFO  Loading model structure and parameters from saved/SASRecD_Log_Mlp-Dec-05-2025_19-36-12.pth
Fri 05 Dec 2025 20:30:04 INFO  best valid : {'recall@3': np.float64(0.0296), 'recall@5': np.float64(0.0446), 'recall@10': np.float64(0.0681), 'recall@20': np.float64(0.0984), 'ndcg@3': np.float64(0.018), 'ndcg@5': np.float64(0.0241), 'ndcg@10': np.float64(0.0317), 'ndcg@20': np.float64(0.0393)}
Fri 05 Dec 2025 20:30:04 INFO  test result: {'recall@3': np.float64(0.0232), 'recall@5': np.float64(0.0341), 'recall@10': np.float64(0.0527), 'recall@20': np.float64(0.0789), 'ndcg@3': np.float64(0.0141), 'ndcg@5': np.float64(0.0186), 'ndcg@10': np.float64(0.0246), 'ndcg@20': np.float64(0.0312)}
