Sat 06 Dec 2025 00:19:59 INFO  
General Hyper Parameters:
gpu_id = 0
use_gpu = True
seed = 214
state = INFO
reproducibility = False
data_path = ./recbole/data/dataset/Amazon_Sports_and_Outdoors
show_progress = True
save_dataset = False
save_dataloaders = False
benchmark_filename = None

Training Hyper Parameters:
checkpoint_dir = saved
epochs = 200
train_batch_size = 1024
learner = adam
learning_rate = 0.0001
eval_step = 2
stopping_step = 10
clip_grad_norm = None
weight_decay = 0.0
loss_decimal_place = 4

Evaluation Hyper Parameters:
eval_args = {'split': {'LS': 'valid_and_test'}, 'group_by': 'user', 'order': 'TO', 'mode': 'full'}
metrics = ['Recall', 'NDCG']
topk = [3, 5, 10, 20]
valid_metric = Recall@10
valid_metric_bigger = True
eval_batch_size = 256
metric_decimal_place = 4

Dataset Hyper Parameters:
field_separator = 	
seq_separator =  
USER_ID_FIELD = user_id
ITEM_ID_FIELD = item_id
RATING_FIELD = rating
TIME_FIELD = timestamp
seq_len = None
LABEL_FIELD = label
threshold = None
NEG_PREFIX = neg_
load_col = {'inter': ['user_id', 'item_id', 'rating', 'timestamp'], 'item': ['item_id', 'title', 'sales_rank', 'price', 'brand', 'categories', 'sales_type'], 'title_original': ['ent_id', 'ent_emb']}
unload_col = None
unused_col = None
additional_feat_suffix = ['title_original']
rm_dup_inter = None
val_interval = None
filter_inter_by_user_or_item = True
user_inter_num_interval = [5,inf)
item_inter_num_interval = [5,inf)
alias_of_user_id = None
alias_of_item_id = ['ent_id']
alias_of_entity_id = None
alias_of_relation_id = None
preload_weight = {'ent_id': 'ent_emb'}
normalize_field = None
normalize_all = None
ITEM_LIST_LENGTH_FIELD = item_length
LIST_SUFFIX = _list
MAX_ITEM_LIST_LENGTH = 50
POSITION_FIELD = position_id
HEAD_ENTITY_ID_FIELD = head_id
TAIL_ENTITY_ID_FIELD = tail_id
RELATION_ID_FIELD = relation_id
ENTITY_ID_FIELD = entity_id

Other Hyper Parameters: 
neg_sampling = None
multi_gpus = False
repeatable = True
MODEL_TYPE = ModelType.SEQUENTIAL
n_layers = 3
n_heads = 8
hidden_size = 256
orig_attribute_hidden_size = [1024]
attribute_hidden_size = [128, 128]
inner_size = 256
hidden_dropout_prob = 0.5
attn_dropout_prob = 0.3
hidden_act = gelu
layer_norm_eps = 1e-12
initializer_range = 0.02
selected_features = ['ent_emb', 'categories']
feature_type = ['static', 'categorical']
pooling_mode = sum
loss_type = CE
weight_sharing = not
fusion_type = gate
lamdas = [5, 5]
attribute_predictor = ['cos_sim', 'linear']
diffusion = {'device': 'cuda', 'dims': [1000], 'emb_size': 20, 'mean_type': 'x0', 'noise_max': 0.02, 'noise_min': 0.0001, 'noise_scale': 0.1, 'noise_schedule': 'linear-var', 'norm': False, 'num_heads': 4, 'reweight': True, 'sampling_noise': False, 'sampling_steps': 0, 'steps': 5, 'structure': 'MLP', 'time_type': 'cat', 'hiddenSize': 128, 'inputSize': 128}
lambda = 0.5
wandb_run_name = titles_categories(ablation_study)
annealing = False
MODEL_INPUT_TYPE = InputType.POINTWISE
eval_type = EvaluatorType.RANKING
device = cuda
train_neg_sample_args = {'strategy': 'none'}
eval_neg_sample_args = {'strategy': 'full', 'distribution': 'uniform'}


Sat 06 Dec 2025 00:20:04 INFO  Amazon_Sports_and_Outdoors
The number of users: 35599
Average actions of users: 8.324540704533963
The number of items: 18358
Average actions of items: 16.142997221768262
The number of inters: 296337
The sparsity of the dataset: 99.95465569853714%
Remain Fields: ['user_id', 'item_id', 'rating', 'timestamp', 'title', 'price', 'brand', 'categories', 'sales_type', 'sales_rank', 'ent_id', 'ent_emb']
Sat 06 Dec 2025 00:20:07 INFO  [Training]: train_batch_size = [1024] negative sampling: [None]
Sat 06 Dec 2025 00:20:07 INFO  [Evaluation]: eval_batch_size = [256] eval_args: [{'split': {'LS': 'valid_and_test'}, 'group_by': 'user', 'order': 'TO', 'mode': 'full'}]
Sat 06 Dec 2025 00:20:09 INFO  SASRecD_Noising(
  (item_embedding): Embedding(18358, 256, padding_idx=0)
  (position_embedding): Embedding(50, 256)
  (feature_embed_layer_list): ModuleList(
    (0): Embedding(
      18358, 1024
      (mlp): MLP(
        (net): Sequential(
          (0): Linear(in_features=1024, out_features=512, bias=True)
          (1): ReLU()
          (2): Dropout(p=0.1, inplace=False)
          (3): Linear(in_features=512, out_features=256, bias=True)
          (4): ReLU()
          (5): Dropout(p=0.1, inplace=False)
          (6): Linear(in_features=256, out_features=128, bias=True)
          (7): LayerNorm((128,), eps=1e-05, elementwise_affine=True)
        )
      )
    )
    (1): FeatureSeqEmbLayer()
  )
  (trm_encoder): DIFTransformerEncoder(
    (layer): ModuleList(
      (0-2): 3 x DIFTransformerLayer(
        (multi_head_attention): DIFMultiHeadAttention(
          (query): Linear(in_features=256, out_features=256, bias=True)
          (key): Linear(in_features=256, out_features=256, bias=True)
          (value): Linear(in_features=256, out_features=256, bias=True)
          (query_p): Linear(in_features=256, out_features=256, bias=True)
          (key_p): Linear(in_features=256, out_features=256, bias=True)
          (query_layers): ModuleList(
            (0-1): 2 x Linear(in_features=128, out_features=128, bias=True)
          )
          (key_layers): ModuleList(
            (0-1): 2 x Linear(in_features=128, out_features=128, bias=True)
          )
          (fusion_layer): VanillaAttention(
            (projection): Sequential(
              (0): Linear(in_features=50, out_features=50, bias=True)
              (1): ReLU(inplace=True)
              (2): Linear(in_features=50, out_features=1, bias=True)
            )
          )
          (attn_dropout): Dropout(p=0.3, inplace=False)
          (dense): Linear(in_features=256, out_features=256, bias=True)
          (LayerNorm): LayerNorm((256,), eps=1e-12, elementwise_affine=True)
          (out_dropout): Dropout(p=0.5, inplace=False)
        )
        (feed_forward): FeedForward(
          (dense_1): Linear(in_features=256, out_features=256, bias=True)
          (dense_2): Linear(in_features=256, out_features=256, bias=True)
          (LayerNorm): LayerNorm((256,), eps=1e-12, elementwise_affine=True)
          (dropout): Dropout(p=0.5, inplace=False)
        )
      )
    )
  )
  (ap): ModuleList(
    (0): Linear(in_features=256, out_features=1024, bias=True)
    (1): Linear(in_features=256, out_features=1876, bias=True)
  )
  (LayerNorm): LayerNorm((256,), eps=1e-12, elementwise_affine=True)
  (dropout): Dropout(p=0.5, inplace=False)
  (loss_fct): CrossEntropyLoss()
  (attribute_loss_fct): BCEWithLogitsLoss()
)
Trainable parameters: 7935567
Sat 06 Dec 2025 00:20:50 INFO  epoch 0 training [time: 40.03s, train loss: 2112.3417]
Sat 06 Dec 2025 00:21:30 INFO  epoch 1 training [time: 39.82s, train loss: 1870.7625]
Sat 06 Dec 2025 00:21:32 INFO  epoch 1 evaluating [time: 2.75s, valid_score: 0.012500]
Sat 06 Dec 2025 00:21:32 INFO  valid result: 
recall@3 : 0.006    recall@5 : 0.0082    recall@10 : 0.0125    recall@20 : 0.0246    ndcg@3 : 0.0044    ndcg@5 : 0.0053    ndcg@10 : 0.0067    ndcg@20 : 0.0097    
Sat 06 Dec 2025 00:21:38 INFO  Saving current best: saved/SASRecD_Noising-Dec-06-2025_00-20-09.pth
Sat 06 Dec 2025 00:22:18 INFO  epoch 2 training [time: 39.90s, train loss: 1855.4011]
Sat 06 Dec 2025 00:22:58 INFO  epoch 3 training [time: 39.89s, train loss: 1849.0628]
Sat 06 Dec 2025 00:23:01 INFO  epoch 3 evaluating [time: 2.71s, valid_score: 0.012400]
Sat 06 Dec 2025 00:23:01 INFO  valid result: 
recall@3 : 0.0057    recall@5 : 0.0081    recall@10 : 0.0124    recall@20 : 0.022    ndcg@3 : 0.0043    ndcg@5 : 0.0052    ndcg@10 : 0.0066    ndcg@20 : 0.009    
Sat 06 Dec 2025 00:23:39 INFO  epoch 4 training [time: 38.72s, train loss: 1842.4652]
Sat 06 Dec 2025 00:24:19 INFO  epoch 5 training [time: 39.87s, train loss: 1833.3418]
Sat 06 Dec 2025 00:24:22 INFO  epoch 5 evaluating [time: 2.69s, valid_score: 0.013500]
Sat 06 Dec 2025 00:24:22 INFO  valid result: 
recall@3 : 0.0058    recall@5 : 0.0084    recall@10 : 0.0135    recall@20 : 0.0244    ndcg@3 : 0.0042    ndcg@5 : 0.0053    ndcg@10 : 0.0069    ndcg@20 : 0.0096    
Sat 06 Dec 2025 00:24:25 INFO  Saving current best: saved/SASRecD_Noising-Dec-06-2025_00-20-09.pth
Sat 06 Dec 2025 00:25:05 INFO  epoch 6 training [time: 40.24s, train loss: 1818.7411]
Sat 06 Dec 2025 00:25:44 INFO  epoch 7 training [time: 38.86s, train loss: 1790.4820]
Sat 06 Dec 2025 00:25:47 INFO  epoch 7 evaluating [time: 2.76s, valid_score: 0.020500]
Sat 06 Dec 2025 00:25:47 INFO  valid result: 
recall@3 : 0.0079    recall@5 : 0.0116    recall@10 : 0.0205    recall@20 : 0.035    ndcg@3 : 0.0056    ndcg@5 : 0.0071    ndcg@10 : 0.01    ndcg@20 : 0.0136    
Sat 06 Dec 2025 00:25:50 INFO  Saving current best: saved/SASRecD_Noising-Dec-06-2025_00-20-09.pth
Sat 06 Dec 2025 00:26:30 INFO  epoch 8 training [time: 40.13s, train loss: 1761.7965]
Sat 06 Dec 2025 00:27:10 INFO  epoch 9 training [time: 40.10s, train loss: 1736.6318]
Sat 06 Dec 2025 00:27:13 INFO  epoch 9 evaluating [time: 2.78s, valid_score: 0.025100]
Sat 06 Dec 2025 00:27:13 INFO  valid result: 
recall@3 : 0.0091    recall@5 : 0.0136    recall@10 : 0.0251    recall@20 : 0.0428    ndcg@3 : 0.0064    ndcg@5 : 0.0082    ndcg@10 : 0.0119    ndcg@20 : 0.0163    
Sat 06 Dec 2025 00:27:14 INFO  Saving current best: saved/SASRecD_Noising-Dec-06-2025_00-20-09.pth
Sat 06 Dec 2025 00:27:54 INFO  epoch 10 training [time: 40.15s, train loss: 1713.3910]
Sat 06 Dec 2025 00:28:34 INFO  epoch 11 training [time: 40.22s, train loss: 1690.5094]
Sat 06 Dec 2025 00:28:37 INFO  epoch 11 evaluating [time: 2.75s, valid_score: 0.032600]
Sat 06 Dec 2025 00:28:37 INFO  valid result: 
recall@3 : 0.0122    recall@5 : 0.0189    recall@10 : 0.0326    recall@20 : 0.0529    ndcg@3 : 0.0082    ndcg@5 : 0.011    ndcg@10 : 0.0153    ndcg@20 : 0.0204    
Sat 06 Dec 2025 00:28:40 INFO  Saving current best: saved/SASRecD_Noising-Dec-06-2025_00-20-09.pth
Sat 06 Dec 2025 00:29:19 INFO  epoch 12 training [time: 39.01s, train loss: 1668.3893]
Sat 06 Dec 2025 00:29:59 INFO  epoch 13 training [time: 40.17s, train loss: 1646.7705]
Sat 06 Dec 2025 00:30:02 INFO  epoch 13 evaluating [time: 2.75s, valid_score: 0.039600]
Sat 06 Dec 2025 00:30:02 INFO  valid result: 
recall@3 : 0.0166    recall@5 : 0.0244    recall@10 : 0.0396    recall@20 : 0.0621    ndcg@3 : 0.0108    ndcg@5 : 0.014    ndcg@10 : 0.0189    ndcg@20 : 0.0245    
Sat 06 Dec 2025 00:30:05 INFO  Saving current best: saved/SASRecD_Noising-Dec-06-2025_00-20-09.pth
Sat 06 Dec 2025 00:30:45 INFO  epoch 14 training [time: 40.10s, train loss: 1626.1549]
Sat 06 Dec 2025 00:31:24 INFO  epoch 15 training [time: 38.91s, train loss: 1606.6716]
Sat 06 Dec 2025 00:31:26 INFO  epoch 15 evaluating [time: 2.77s, valid_score: 0.045700]
Sat 06 Dec 2025 00:31:26 INFO  valid result: 
recall@3 : 0.0197    recall@5 : 0.0294    recall@10 : 0.0457    recall@20 : 0.0705    ndcg@3 : 0.0124    ndcg@5 : 0.0164    ndcg@10 : 0.0217    ndcg@20 : 0.0279    
Sat 06 Dec 2025 00:31:29 INFO  Saving current best: saved/SASRecD_Noising-Dec-06-2025_00-20-09.pth
Sat 06 Dec 2025 00:32:09 INFO  epoch 16 training [time: 40.13s, train loss: 1587.9015]
Sat 06 Dec 2025 00:32:49 INFO  epoch 17 training [time: 40.17s, train loss: 1570.3836]
Sat 06 Dec 2025 00:32:52 INFO  epoch 17 evaluating [time: 2.73s, valid_score: 0.050100]
Sat 06 Dec 2025 00:32:52 INFO  valid result: 
recall@3 : 0.022    recall@5 : 0.0327    recall@10 : 0.0501    recall@20 : 0.0755    ndcg@3 : 0.0137    ndcg@5 : 0.0181    ndcg@10 : 0.0237    ndcg@20 : 0.0301    
Sat 06 Dec 2025 00:32:54 INFO  Saving current best: saved/SASRecD_Noising-Dec-06-2025_00-20-09.pth
Sat 06 Dec 2025 00:33:33 INFO  epoch 18 training [time: 38.81s, train loss: 1552.9421]
Sat 06 Dec 2025 00:34:13 INFO  epoch 19 training [time: 40.16s, train loss: 1536.9459]
Sat 06 Dec 2025 00:34:16 INFO  epoch 19 evaluating [time: 2.73s, valid_score: 0.055100]
Sat 06 Dec 2025 00:34:16 INFO  valid result: 
recall@3 : 0.0238    recall@5 : 0.0349    recall@10 : 0.0551    recall@20 : 0.0796    ndcg@3 : 0.0147    ndcg@5 : 0.0192    ndcg@10 : 0.0257    ndcg@20 : 0.0319    
Sat 06 Dec 2025 00:34:18 INFO  Saving current best: saved/SASRecD_Noising-Dec-06-2025_00-20-09.pth
Sat 06 Dec 2025 00:34:58 INFO  epoch 20 training [time: 40.14s, train loss: 1521.0327]
Sat 06 Dec 2025 00:35:37 INFO  epoch 21 training [time: 38.85s, train loss: 1506.3201]
Sat 06 Dec 2025 00:35:40 INFO  epoch 21 evaluating [time: 2.75s, valid_score: 0.056600]
Sat 06 Dec 2025 00:35:40 INFO  valid result: 
recall@3 : 0.0249    recall@5 : 0.0374    recall@10 : 0.0566    recall@20 : 0.0826    ndcg@3 : 0.0153    ndcg@5 : 0.0204    ndcg@10 : 0.0266    ndcg@20 : 0.0332    
Sat 06 Dec 2025 00:35:43 INFO  Saving current best: saved/SASRecD_Noising-Dec-06-2025_00-20-09.pth
Sat 06 Dec 2025 00:36:23 INFO  epoch 22 training [time: 40.24s, train loss: 1491.3666]
Sat 06 Dec 2025 00:37:03 INFO  epoch 23 training [time: 40.12s, train loss: 1478.0450]
Sat 06 Dec 2025 00:37:05 INFO  epoch 23 evaluating [time: 1.50s, valid_score: 0.059500]
Sat 06 Dec 2025 00:37:05 INFO  valid result: 
recall@3 : 0.0267    recall@5 : 0.0389    recall@10 : 0.0595    recall@20 : 0.0861    ndcg@3 : 0.0162    ndcg@5 : 0.0212    ndcg@10 : 0.0279    ndcg@20 : 0.0346    
Sat 06 Dec 2025 00:37:07 INFO  Saving current best: saved/SASRecD_Noising-Dec-06-2025_00-20-09.pth
Sat 06 Dec 2025 00:37:47 INFO  epoch 24 training [time: 40.20s, train loss: 1464.7171]
Sat 06 Dec 2025 00:38:27 INFO  epoch 25 training [time: 40.16s, train loss: 1451.8738]
Sat 06 Dec 2025 00:38:30 INFO  epoch 25 evaluating [time: 2.74s, valid_score: 0.061200]
Sat 06 Dec 2025 00:38:30 INFO  valid result: 
recall@3 : 0.0279    recall@5 : 0.0404    recall@10 : 0.0612    recall@20 : 0.089    ndcg@3 : 0.0168    ndcg@5 : 0.022    ndcg@10 : 0.0287    ndcg@20 : 0.0356    
Sat 06 Dec 2025 00:38:33 INFO  Saving current best: saved/SASRecD_Noising-Dec-06-2025_00-20-09.pth
Sat 06 Dec 2025 00:39:11 INFO  epoch 26 training [time: 38.88s, train loss: 1438.8297]
Sat 06 Dec 2025 00:39:52 INFO  epoch 27 training [time: 40.19s, train loss: 1426.7669]
Sat 06 Dec 2025 00:39:54 INFO  epoch 27 evaluating [time: 2.78s, valid_score: 0.062500]
Sat 06 Dec 2025 00:39:54 INFO  valid result: 
recall@3 : 0.0283    recall@5 : 0.0412    recall@10 : 0.0625    recall@20 : 0.0901    ndcg@3 : 0.017    ndcg@5 : 0.0223    ndcg@10 : 0.0292    ndcg@20 : 0.0361    
Sat 06 Dec 2025 00:39:57 INFO  Saving current best: saved/SASRecD_Noising-Dec-06-2025_00-20-09.pth
Sat 06 Dec 2025 00:40:37 INFO  epoch 28 training [time: 40.18s, train loss: 1414.9414]
Sat 06 Dec 2025 00:41:16 INFO  epoch 29 training [time: 38.91s, train loss: 1402.7934]
Sat 06 Dec 2025 00:41:19 INFO  epoch 29 evaluating [time: 2.76s, valid_score: 0.064300]
Sat 06 Dec 2025 00:41:19 INFO  valid result: 
recall@3 : 0.0282    recall@5 : 0.0412    recall@10 : 0.0643    recall@20 : 0.0913    ndcg@3 : 0.017    ndcg@5 : 0.0223    ndcg@10 : 0.0297    ndcg@20 : 0.0365    
Sat 06 Dec 2025 00:41:21 INFO  Saving current best: saved/SASRecD_Noising-Dec-06-2025_00-20-09.pth
Sat 06 Dec 2025 00:42:01 INFO  epoch 30 training [time: 40.20s, train loss: 1391.6789]
Sat 06 Dec 2025 00:42:42 INFO  epoch 31 training [time: 40.34s, train loss: 1380.2597]
Sat 06 Dec 2025 00:42:44 INFO  epoch 31 evaluating [time: 2.76s, valid_score: 0.064800]
Sat 06 Dec 2025 00:42:44 INFO  valid result: 
recall@3 : 0.0285    recall@5 : 0.0416    recall@10 : 0.0648    recall@20 : 0.0932    ndcg@3 : 0.0172    ndcg@5 : 0.0226    ndcg@10 : 0.0301    ndcg@20 : 0.0372    
Sat 06 Dec 2025 00:42:46 INFO  Saving current best: saved/SASRecD_Noising-Dec-06-2025_00-20-09.pth
Sat 06 Dec 2025 00:43:26 INFO  epoch 32 training [time: 40.40s, train loss: 1369.1566]
Sat 06 Dec 2025 00:44:06 INFO  epoch 33 training [time: 40.28s, train loss: 1358.5848]
Sat 06 Dec 2025 00:44:09 INFO  epoch 33 evaluating [time: 2.74s, valid_score: 0.065100]
Sat 06 Dec 2025 00:44:09 INFO  valid result: 
recall@3 : 0.029    recall@5 : 0.0423    recall@10 : 0.0651    recall@20 : 0.0941    ndcg@3 : 0.0174    ndcg@5 : 0.0229    ndcg@10 : 0.0303    ndcg@20 : 0.0376    
Sat 06 Dec 2025 00:44:11 INFO  Saving current best: saved/SASRecD_Noising-Dec-06-2025_00-20-09.pth
Sat 06 Dec 2025 00:44:50 INFO  epoch 34 training [time: 38.97s, train loss: 1347.6666]
Sat 06 Dec 2025 00:45:31 INFO  epoch 35 training [time: 40.27s, train loss: 1337.5836]
Sat 06 Dec 2025 00:45:33 INFO  epoch 35 evaluating [time: 2.73s, valid_score: 0.065500]
Sat 06 Dec 2025 00:45:33 INFO  valid result: 
recall@3 : 0.0286    recall@5 : 0.0433    recall@10 : 0.0655    recall@20 : 0.0946    ndcg@3 : 0.0173    ndcg@5 : 0.0233    ndcg@10 : 0.0305    ndcg@20 : 0.0378    
Sat 06 Dec 2025 00:45:36 INFO  Saving current best: saved/SASRecD_Noising-Dec-06-2025_00-20-09.pth
Sat 06 Dec 2025 00:46:16 INFO  epoch 36 training [time: 40.33s, train loss: 1327.2392]
Sat 06 Dec 2025 00:46:55 INFO  epoch 37 training [time: 39.11s, train loss: 1316.7442]
Sat 06 Dec 2025 00:46:58 INFO  epoch 37 evaluating [time: 2.78s, valid_score: 0.066600]
Sat 06 Dec 2025 00:46:58 INFO  valid result: 
recall@3 : 0.0293    recall@5 : 0.0438    recall@10 : 0.0666    recall@20 : 0.0954    ndcg@3 : 0.0177    ndcg@5 : 0.0236    ndcg@10 : 0.0309    ndcg@20 : 0.0381    
Sat 06 Dec 2025 00:47:00 INFO  Saving current best: saved/SASRecD_Noising-Dec-06-2025_00-20-09.pth
Sat 06 Dec 2025 00:47:41 INFO  epoch 38 training [time: 40.24s, train loss: 1305.9560]
Sat 06 Dec 2025 00:48:21 INFO  epoch 39 training [time: 40.29s, train loss: 1295.8253]
Sat 06 Dec 2025 00:48:24 INFO  epoch 39 evaluating [time: 2.76s, valid_score: 0.066300]
Sat 06 Dec 2025 00:48:24 INFO  valid result: 
recall@3 : 0.029    recall@5 : 0.0428    recall@10 : 0.0663    recall@20 : 0.0958    ndcg@3 : 0.0175    ndcg@5 : 0.0232    ndcg@10 : 0.0308    ndcg@20 : 0.0382    
Sat 06 Dec 2025 00:49:03 INFO  epoch 40 training [time: 39.32s, train loss: 1285.9992]
Sat 06 Dec 2025 00:49:44 INFO  epoch 41 training [time: 40.73s, train loss: 1275.4711]
Sat 06 Dec 2025 00:49:47 INFO  epoch 41 evaluating [time: 2.79s, valid_score: 0.066100]
Sat 06 Dec 2025 00:49:47 INFO  valid result: 
recall@3 : 0.0289    recall@5 : 0.0435    recall@10 : 0.0661    recall@20 : 0.0966    ndcg@3 : 0.0175    ndcg@5 : 0.0235    ndcg@10 : 0.0308    ndcg@20 : 0.0384    
Sat 06 Dec 2025 00:50:27 INFO  epoch 42 training [time: 40.64s, train loss: 1266.1388]
Sat 06 Dec 2025 00:51:07 INFO  epoch 43 training [time: 39.48s, train loss: 1256.0041]
Sat 06 Dec 2025 00:51:09 INFO  epoch 43 evaluating [time: 2.77s, valid_score: 0.066500]
Sat 06 Dec 2025 00:51:09 INFO  valid result: 
recall@3 : 0.0291    recall@5 : 0.0439    recall@10 : 0.0665    recall@20 : 0.0962    ndcg@3 : 0.0177    ndcg@5 : 0.0237    ndcg@10 : 0.031    ndcg@20 : 0.0385    
Sat 06 Dec 2025 00:51:50 INFO  epoch 44 training [time: 40.45s, train loss: 1245.2247]
Sat 06 Dec 2025 00:52:30 INFO  epoch 45 training [time: 40.30s, train loss: 1235.6674]
Sat 06 Dec 2025 00:52:33 INFO  epoch 45 evaluating [time: 2.74s, valid_score: 0.066800]
Sat 06 Dec 2025 00:52:33 INFO  valid result: 
recall@3 : 0.0291    recall@5 : 0.0437    recall@10 : 0.0668    recall@20 : 0.0968    ndcg@3 : 0.0177    ndcg@5 : 0.0237    ndcg@10 : 0.0312    ndcg@20 : 0.0387    
Sat 06 Dec 2025 00:52:34 INFO  Saving current best: saved/SASRecD_Noising-Dec-06-2025_00-20-09.pth
Sat 06 Dec 2025 00:53:14 INFO  epoch 46 training [time: 40.26s, train loss: 1225.8803]
Sat 06 Dec 2025 00:53:55 INFO  epoch 47 training [time: 40.33s, train loss: 1215.2618]
Sat 06 Dec 2025 00:53:57 INFO  epoch 47 evaluating [time: 2.78s, valid_score: 0.067600]
Sat 06 Dec 2025 00:53:57 INFO  valid result: 
recall@3 : 0.03    recall@5 : 0.0443    recall@10 : 0.0676    recall@20 : 0.0977    ndcg@3 : 0.018    ndcg@5 : 0.0239    ndcg@10 : 0.0314    ndcg@20 : 0.039    
Sat 06 Dec 2025 00:54:00 INFO  Saving current best: saved/SASRecD_Noising-Dec-06-2025_00-20-09.pth
Sat 06 Dec 2025 00:54:39 INFO  epoch 48 training [time: 39.03s, train loss: 1205.5131]
Sat 06 Dec 2025 00:55:19 INFO  epoch 49 training [time: 40.31s, train loss: 1195.2313]
Sat 06 Dec 2025 00:55:22 INFO  epoch 49 evaluating [time: 2.77s, valid_score: 0.067500]
Sat 06 Dec 2025 00:55:22 INFO  valid result: 
recall@3 : 0.0297    recall@5 : 0.0444    recall@10 : 0.0675    recall@20 : 0.0977    ndcg@3 : 0.0179    ndcg@5 : 0.024    ndcg@10 : 0.0314    ndcg@20 : 0.039    
Sat 06 Dec 2025 00:56:02 INFO  epoch 50 training [time: 40.36s, train loss: 1184.6592]
Sat 06 Dec 2025 00:56:41 INFO  epoch 51 training [time: 39.16s, train loss: 1175.2325]
Sat 06 Dec 2025 00:56:44 INFO  epoch 51 evaluating [time: 2.77s, valid_score: 0.066900]
Sat 06 Dec 2025 00:56:44 INFO  valid result: 
recall@3 : 0.0296    recall@5 : 0.0444    recall@10 : 0.0669    recall@20 : 0.0967    ndcg@3 : 0.018    ndcg@5 : 0.0241    ndcg@10 : 0.0313    ndcg@20 : 0.0388    
Sat 06 Dec 2025 00:57:24 INFO  epoch 52 training [time: 40.35s, train loss: 1164.3835]
Sat 06 Dec 2025 00:58:05 INFO  epoch 53 training [time: 40.19s, train loss: 1153.5732]
Sat 06 Dec 2025 00:58:07 INFO  epoch 53 evaluating [time: 2.76s, valid_score: 0.067500]
Sat 06 Dec 2025 00:58:07 INFO  valid result: 
recall@3 : 0.0294    recall@5 : 0.0446    recall@10 : 0.0675    recall@20 : 0.0986    ndcg@3 : 0.0178    ndcg@5 : 0.0241    ndcg@10 : 0.0315    ndcg@20 : 0.0393    
Sat 06 Dec 2025 00:58:46 INFO  epoch 54 training [time: 38.92s, train loss: 1143.6737]
Sat 06 Dec 2025 00:59:27 INFO  epoch 55 training [time: 40.18s, train loss: 1133.5621]
Sat 06 Dec 2025 00:59:29 INFO  epoch 55 evaluating [time: 2.77s, valid_score: 0.067300]
Sat 06 Dec 2025 00:59:29 INFO  valid result: 
recall@3 : 0.0294    recall@5 : 0.0441    recall@10 : 0.0673    recall@20 : 0.0985    ndcg@3 : 0.0178    ndcg@5 : 0.0238    ndcg@10 : 0.0313    ndcg@20 : 0.0392    
Sat 06 Dec 2025 01:00:10 INFO  epoch 56 training [time: 40.27s, train loss: 1123.0736]
Sat 06 Dec 2025 01:00:49 INFO  epoch 57 training [time: 39.12s, train loss: 1111.8611]
Sat 06 Dec 2025 01:00:51 INFO  epoch 57 evaluating [time: 2.75s, valid_score: 0.067500]
Sat 06 Dec 2025 01:00:51 INFO  valid result: 
recall@3 : 0.0295    recall@5 : 0.0446    recall@10 : 0.0675    recall@20 : 0.0982    ndcg@3 : 0.0179    ndcg@5 : 0.0241    ndcg@10 : 0.0315    ndcg@20 : 0.0393    
Sat 06 Dec 2025 01:01:32 INFO  epoch 58 training [time: 40.21s, train loss: 1100.9363]
Sat 06 Dec 2025 01:02:12 INFO  epoch 59 training [time: 40.20s, train loss: 1090.1901]
Sat 06 Dec 2025 01:02:15 INFO  epoch 59 evaluating [time: 2.77s, valid_score: 0.067500]
Sat 06 Dec 2025 01:02:15 INFO  valid result: 
recall@3 : 0.0299    recall@5 : 0.0446    recall@10 : 0.0675    recall@20 : 0.0979    ndcg@3 : 0.0182    ndcg@5 : 0.0243    ndcg@10 : 0.0317    ndcg@20 : 0.0393    
Sat 06 Dec 2025 01:02:54 INFO  epoch 60 training [time: 39.05s, train loss: 1079.4015]
Sat 06 Dec 2025 01:03:34 INFO  epoch 61 training [time: 40.19s, train loss: 1068.6772]
Sat 06 Dec 2025 01:03:37 INFO  epoch 61 evaluating [time: 2.76s, valid_score: 0.067800]
Sat 06 Dec 2025 01:03:37 INFO  valid result: 
recall@3 : 0.0304    recall@5 : 0.044    recall@10 : 0.0678    recall@20 : 0.0985    ndcg@3 : 0.0187    ndcg@5 : 0.0243    ndcg@10 : 0.032    ndcg@20 : 0.0397    
Sat 06 Dec 2025 01:03:39 INFO  Saving current best: saved/SASRecD_Noising-Dec-06-2025_00-20-09.pth
Sat 06 Dec 2025 01:04:19 INFO  epoch 62 training [time: 40.18s, train loss: 1057.6982]
Sat 06 Dec 2025 01:04:58 INFO  epoch 63 training [time: 38.95s, train loss: 1046.8252]
Sat 06 Dec 2025 01:05:01 INFO  epoch 63 evaluating [time: 2.77s, valid_score: 0.067400]
Sat 06 Dec 2025 01:05:01 INFO  valid result: 
recall@3 : 0.029    recall@5 : 0.0445    recall@10 : 0.0674    recall@20 : 0.0984    ndcg@3 : 0.0176    ndcg@5 : 0.024    ndcg@10 : 0.0314    ndcg@20 : 0.0392    
Sat 06 Dec 2025 01:05:41 INFO  epoch 64 training [time: 40.25s, train loss: 1035.2958]
Sat 06 Dec 2025 01:06:22 INFO  epoch 65 training [time: 40.43s, train loss: 1023.6530]
Sat 06 Dec 2025 01:06:25 INFO  epoch 65 evaluating [time: 2.78s, valid_score: 0.067400]
Sat 06 Dec 2025 01:06:25 INFO  valid result: 
recall@3 : 0.03    recall@5 : 0.0445    recall@10 : 0.0674    recall@20 : 0.098    ndcg@3 : 0.0183    ndcg@5 : 0.0243    ndcg@10 : 0.0316    ndcg@20 : 0.0393    
Sat 06 Dec 2025 01:07:04 INFO  epoch 66 training [time: 38.98s, train loss: 1012.8798]
Sat 06 Dec 2025 01:07:44 INFO  epoch 67 training [time: 40.41s, train loss: 1000.7173]
Sat 06 Dec 2025 01:07:47 INFO  epoch 67 evaluating [time: 2.77s, valid_score: 0.066700]
Sat 06 Dec 2025 01:07:47 INFO  valid result: 
recall@3 : 0.0296    recall@5 : 0.0445    recall@10 : 0.0667    recall@20 : 0.0974    ndcg@3 : 0.0181    ndcg@5 : 0.0242    ndcg@10 : 0.0314    ndcg@20 : 0.0391    
Sat 06 Dec 2025 01:08:27 INFO  epoch 68 training [time: 40.24s, train loss: 989.5901]
Sat 06 Dec 2025 01:09:06 INFO  epoch 69 training [time: 38.91s, train loss: 977.9463]
Sat 06 Dec 2025 01:09:09 INFO  epoch 69 evaluating [time: 2.77s, valid_score: 0.067400]
Sat 06 Dec 2025 01:09:09 INFO  valid result: 
recall@3 : 0.0296    recall@5 : 0.0442    recall@10 : 0.0674    recall@20 : 0.0985    ndcg@3 : 0.0184    ndcg@5 : 0.0243    ndcg@10 : 0.0319    ndcg@20 : 0.0397    
Sat 06 Dec 2025 01:09:49 INFO  epoch 70 training [time: 40.32s, train loss: 966.2803]
Sat 06 Dec 2025 01:10:29 INFO  epoch 71 training [time: 40.32s, train loss: 954.3531]
Sat 06 Dec 2025 01:10:32 INFO  epoch 71 evaluating [time: 2.75s, valid_score: 0.066100]
Sat 06 Dec 2025 01:10:32 INFO  valid result: 
recall@3 : 0.0298    recall@5 : 0.0444    recall@10 : 0.0661    recall@20 : 0.0985    ndcg@3 : 0.0185    ndcg@5 : 0.0245    ndcg@10 : 0.0315    ndcg@20 : 0.0396    
Sat 06 Dec 2025 01:11:11 INFO  epoch 72 training [time: 39.08s, train loss: 942.9099]
Sat 06 Dec 2025 01:11:51 INFO  epoch 73 training [time: 40.32s, train loss: 930.3555]
Sat 06 Dec 2025 01:11:54 INFO  epoch 73 evaluating [time: 2.76s, valid_score: 0.067400]
Sat 06 Dec 2025 01:11:54 INFO  valid result: 
recall@3 : 0.0299    recall@5 : 0.0437    recall@10 : 0.0674    recall@20 : 0.0987    ndcg@3 : 0.0184    ndcg@5 : 0.024    ndcg@10 : 0.0317    ndcg@20 : 0.0396    
Sat 06 Dec 2025 01:12:35 INFO  epoch 74 training [time: 40.33s, train loss: 917.9932]
Sat 06 Dec 2025 01:13:13 INFO  epoch 75 training [time: 38.98s, train loss: 906.4487]
Sat 06 Dec 2025 01:13:16 INFO  epoch 75 evaluating [time: 2.78s, valid_score: 0.067300]
Sat 06 Dec 2025 01:13:16 INFO  valid result: 
recall@3 : 0.0304    recall@5 : 0.045    recall@10 : 0.0673    recall@20 : 0.0978    ndcg@3 : 0.0184    ndcg@5 : 0.0244    ndcg@10 : 0.0316    ndcg@20 : 0.0393    
Sat 06 Dec 2025 01:13:57 INFO  epoch 76 training [time: 40.37s, train loss: 894.0077]
Sat 06 Dec 2025 01:14:37 INFO  epoch 77 training [time: 40.22s, train loss: 881.1106]
Sat 06 Dec 2025 01:14:40 INFO  epoch 77 evaluating [time: 2.75s, valid_score: 0.067400]
Sat 06 Dec 2025 01:14:40 INFO  valid result: 
recall@3 : 0.0294    recall@5 : 0.0445    recall@10 : 0.0674    recall@20 : 0.0972    ndcg@3 : 0.0182    ndcg@5 : 0.0244    ndcg@10 : 0.0318    ndcg@20 : 0.0393    
Sat 06 Dec 2025 01:15:18 INFO  epoch 78 training [time: 38.83s, train loss: 868.1508]
Sat 06 Dec 2025 01:15:59 INFO  epoch 79 training [time: 40.29s, train loss: 856.8512]
Sat 06 Dec 2025 01:16:02 INFO  epoch 79 evaluating [time: 2.80s, valid_score: 0.067300]
Sat 06 Dec 2025 01:16:02 INFO  valid result: 
recall@3 : 0.0292    recall@5 : 0.0438    recall@10 : 0.0673    recall@20 : 0.0974    ndcg@3 : 0.018    ndcg@5 : 0.024    ndcg@10 : 0.0316    ndcg@20 : 0.0392    
Sat 06 Dec 2025 01:16:42 INFO  epoch 80 training [time: 40.35s, train loss: 843.8058]
Sat 06 Dec 2025 01:17:21 INFO  epoch 81 training [time: 39.01s, train loss: 831.5050]
Sat 06 Dec 2025 01:17:24 INFO  epoch 81 evaluating [time: 2.78s, valid_score: 0.066900]
Sat 06 Dec 2025 01:17:24 INFO  valid result: 
recall@3 : 0.0294    recall@5 : 0.0444    recall@10 : 0.0669    recall@20 : 0.0982    ndcg@3 : 0.0182    ndcg@5 : 0.0244    ndcg@10 : 0.0316    ndcg@20 : 0.0395    
Sat 06 Dec 2025 01:18:04 INFO  epoch 82 training [time: 40.26s, train loss: 817.0347]
Sat 06 Dec 2025 01:18:44 INFO  epoch 83 training [time: 40.21s, train loss: 804.1118]
Sat 06 Dec 2025 01:18:47 INFO  epoch 83 evaluating [time: 2.79s, valid_score: 0.066900]
Sat 06 Dec 2025 01:18:47 INFO  valid result: 
recall@3 : 0.029    recall@5 : 0.0433    recall@10 : 0.0669    recall@20 : 0.098    ndcg@3 : 0.018    ndcg@5 : 0.0239    ndcg@10 : 0.0315    ndcg@20 : 0.0393    
Sat 06 Dec 2025 01:18:47 INFO  Finished training, best eval result in epoch 61
Sat 06 Dec 2025 01:18:49 INFO  Loading model structure and parameters from saved/SASRecD_Noising-Dec-06-2025_00-20-09.pth
Sat 06 Dec 2025 01:18:50 INFO  best valid : {'recall@3': np.float64(0.0304), 'recall@5': np.float64(0.044), 'recall@10': np.float64(0.0678), 'recall@20': np.float64(0.0985), 'ndcg@3': np.float64(0.0187), 'ndcg@5': np.float64(0.0243), 'ndcg@10': np.float64(0.032), 'ndcg@20': np.float64(0.0397)}
Sat 06 Dec 2025 01:18:50 INFO  test result: {'recall@3': np.float64(0.0231), 'recall@5': np.float64(0.0342), 'recall@10': np.float64(0.0541), 'recall@20': np.float64(0.0789), 'ndcg@3': np.float64(0.0141), 'ndcg@5': np.float64(0.0186), 'ndcg@10': np.float64(0.025), 'ndcg@20': np.float64(0.0313)}
