Fri 05 Dec 2025 23:24:59 INFO  
General Hyper Parameters:
gpu_id = 0
use_gpu = True
seed = 212
state = INFO
reproducibility = False
data_path = ./recbole/data/dataset/Amazon_Sports_and_Outdoors
show_progress = True
save_dataset = False
save_dataloaders = False
benchmark_filename = None

Training Hyper Parameters:
checkpoint_dir = saved
epochs = 200
train_batch_size = 1024
learner = adam
learning_rate = 0.0001
eval_step = 2
stopping_step = 10
clip_grad_norm = None
weight_decay = 0.0
loss_decimal_place = 4

Evaluation Hyper Parameters:
eval_args = {'split': {'LS': 'valid_and_test'}, 'group_by': 'user', 'order': 'TO', 'mode': 'full'}
metrics = ['Recall', 'NDCG']
topk = [3, 5, 10, 20]
valid_metric = Recall@10
valid_metric_bigger = True
eval_batch_size = 256
metric_decimal_place = 4

Dataset Hyper Parameters:
field_separator = 	
seq_separator =  
USER_ID_FIELD = user_id
ITEM_ID_FIELD = item_id
RATING_FIELD = rating
TIME_FIELD = timestamp
seq_len = None
LABEL_FIELD = label
threshold = None
NEG_PREFIX = neg_
load_col = {'inter': ['user_id', 'item_id', 'rating', 'timestamp'], 'item': ['item_id', 'title', 'sales_rank', 'price', 'brand', 'categories', 'sales_type'], 'title_original': ['ent_id', 'ent_emb']}
unload_col = None
unused_col = None
additional_feat_suffix = ['title_original']
rm_dup_inter = None
val_interval = None
filter_inter_by_user_or_item = True
user_inter_num_interval = [5,inf)
item_inter_num_interval = [5,inf)
alias_of_user_id = None
alias_of_item_id = ['ent_id']
alias_of_entity_id = None
alias_of_relation_id = None
preload_weight = {'ent_id': 'ent_emb'}
normalize_field = None
normalize_all = None
ITEM_LIST_LENGTH_FIELD = item_length
LIST_SUFFIX = _list
MAX_ITEM_LIST_LENGTH = 50
POSITION_FIELD = position_id
HEAD_ENTITY_ID_FIELD = head_id
TAIL_ENTITY_ID_FIELD = tail_id
RELATION_ID_FIELD = relation_id
ENTITY_ID_FIELD = entity_id

Other Hyper Parameters: 
neg_sampling = None
multi_gpus = False
repeatable = True
MODEL_TYPE = ModelType.SEQUENTIAL
n_layers = 3
n_heads = 8
hidden_size = 256
orig_attribute_hidden_size = [1024]
attribute_hidden_size = [128, 128]
inner_size = 256
hidden_dropout_prob = 0.5
attn_dropout_prob = 0.3
hidden_act = gelu
layer_norm_eps = 1e-12
initializer_range = 0.02
selected_features = ['ent_emb', 'categories']
feature_type = ['static', 'categorical']
pooling_mode = sum
loss_type = CE
weight_sharing = not
fusion_type = gate
lamdas = [5, 5]
attribute_predictor = ['cos_sim', 'linear']
diffusion = {'device': 'cuda', 'dims': [1000], 'emb_size': 20, 'mean_type': 'x0', 'noise_max': 0.02, 'noise_min': 0.0001, 'noise_scale': 0.1, 'noise_schedule': 'linear-var', 'norm': False, 'num_heads': 4, 'reweight': True, 'sampling_noise': False, 'sampling_steps': 0, 'steps': 5, 'structure': 'MLP', 'time_type': 'cat', 'hiddenSize': 128, 'inputSize': 128}
lambda = 0.5
wandb_run_name = titles_categories(ablation_study)
annealing = False
MODEL_INPUT_TYPE = InputType.POINTWISE
eval_type = EvaluatorType.RANKING
device = cuda
train_neg_sample_args = {'strategy': 'none'}
eval_neg_sample_args = {'strategy': 'full', 'distribution': 'uniform'}


Fri 05 Dec 2025 23:25:03 INFO  Amazon_Sports_and_Outdoors
The number of users: 35599
Average actions of users: 8.324540704533963
The number of items: 18358
Average actions of items: 16.142997221768262
The number of inters: 296337
The sparsity of the dataset: 99.95465569853714%
Remain Fields: ['user_id', 'item_id', 'rating', 'timestamp', 'title', 'price', 'brand', 'categories', 'sales_type', 'sales_rank', 'ent_id', 'ent_emb']
Fri 05 Dec 2025 23:25:06 INFO  [Training]: train_batch_size = [1024] negative sampling: [None]
Fri 05 Dec 2025 23:25:06 INFO  [Evaluation]: eval_batch_size = [256] eval_args: [{'split': {'LS': 'valid_and_test'}, 'group_by': 'user', 'order': 'TO', 'mode': 'full'}]
Fri 05 Dec 2025 23:25:08 INFO  SASRecD_Noising(
  (item_embedding): Embedding(18358, 256, padding_idx=0)
  (position_embedding): Embedding(50, 256)
  (feature_embed_layer_list): ModuleList(
    (0): Embedding(
      18358, 1024
      (mlp): MLP(
        (net): Sequential(
          (0): Linear(in_features=1024, out_features=512, bias=True)
          (1): ReLU()
          (2): Dropout(p=0.1, inplace=False)
          (3): Linear(in_features=512, out_features=256, bias=True)
          (4): ReLU()
          (5): Dropout(p=0.1, inplace=False)
          (6): Linear(in_features=256, out_features=128, bias=True)
          (7): LayerNorm((128,), eps=1e-05, elementwise_affine=True)
        )
      )
    )
    (1): FeatureSeqEmbLayer()
  )
  (trm_encoder): DIFTransformerEncoder(
    (layer): ModuleList(
      (0-2): 3 x DIFTransformerLayer(
        (multi_head_attention): DIFMultiHeadAttention(
          (query): Linear(in_features=256, out_features=256, bias=True)
          (key): Linear(in_features=256, out_features=256, bias=True)
          (value): Linear(in_features=256, out_features=256, bias=True)
          (query_p): Linear(in_features=256, out_features=256, bias=True)
          (key_p): Linear(in_features=256, out_features=256, bias=True)
          (query_layers): ModuleList(
            (0-1): 2 x Linear(in_features=128, out_features=128, bias=True)
          )
          (key_layers): ModuleList(
            (0-1): 2 x Linear(in_features=128, out_features=128, bias=True)
          )
          (fusion_layer): VanillaAttention(
            (projection): Sequential(
              (0): Linear(in_features=50, out_features=50, bias=True)
              (1): ReLU(inplace=True)
              (2): Linear(in_features=50, out_features=1, bias=True)
            )
          )
          (attn_dropout): Dropout(p=0.3, inplace=False)
          (dense): Linear(in_features=256, out_features=256, bias=True)
          (LayerNorm): LayerNorm((256,), eps=1e-12, elementwise_affine=True)
          (out_dropout): Dropout(p=0.5, inplace=False)
        )
        (feed_forward): FeedForward(
          (dense_1): Linear(in_features=256, out_features=256, bias=True)
          (dense_2): Linear(in_features=256, out_features=256, bias=True)
          (LayerNorm): LayerNorm((256,), eps=1e-12, elementwise_affine=True)
          (dropout): Dropout(p=0.5, inplace=False)
        )
      )
    )
  )
  (ap): ModuleList(
    (0): Linear(in_features=256, out_features=1024, bias=True)
    (1): Linear(in_features=256, out_features=1876, bias=True)
  )
  (LayerNorm): LayerNorm((256,), eps=1e-12, elementwise_affine=True)
  (dropout): Dropout(p=0.5, inplace=False)
  (loss_fct): CrossEntropyLoss()
  (attribute_loss_fct): BCEWithLogitsLoss()
)
Trainable parameters: 7935567
Fri 05 Dec 2025 23:25:49 INFO  epoch 0 training [time: 40.53s, train loss: 2113.5898]
Fri 05 Dec 2025 23:26:29 INFO  epoch 1 training [time: 40.15s, train loss: 1870.6536]
Fri 05 Dec 2025 23:26:32 INFO  epoch 1 evaluating [time: 2.81s, valid_score: 0.012400]
Fri 05 Dec 2025 23:26:32 INFO  valid result: 
recall@3 : 0.006    recall@5 : 0.0081    recall@10 : 0.0124    recall@20 : 0.0238    ndcg@3 : 0.0043    ndcg@5 : 0.0052    ndcg@10 : 0.0066    ndcg@20 : 0.0094    
Fri 05 Dec 2025 23:26:38 INFO  Saving current best: saved/SASRecD_Noising-Dec-05-2025_23-25-08.pth
Fri 05 Dec 2025 23:27:18 INFO  epoch 2 training [time: 40.20s, train loss: 1855.3505]
Fri 05 Dec 2025 23:27:58 INFO  epoch 3 training [time: 40.10s, train loss: 1848.8987]
Fri 05 Dec 2025 23:28:01 INFO  epoch 3 evaluating [time: 2.78s, valid_score: 0.012300]
Fri 05 Dec 2025 23:28:01 INFO  valid result: 
recall@3 : 0.0058    recall@5 : 0.0078    recall@10 : 0.0123    recall@20 : 0.0228    ndcg@3 : 0.0043    ndcg@5 : 0.0051    ndcg@10 : 0.0065    ndcg@20 : 0.0092    
Fri 05 Dec 2025 23:28:41 INFO  epoch 4 training [time: 40.11s, train loss: 1841.9694]
Fri 05 Dec 2025 23:29:20 INFO  epoch 5 training [time: 39.09s, train loss: 1832.4491]
Fri 05 Dec 2025 23:29:23 INFO  epoch 5 evaluating [time: 2.83s, valid_score: 0.013100]
Fri 05 Dec 2025 23:29:23 INFO  valid result: 
recall@3 : 0.0055    recall@5 : 0.0079    recall@10 : 0.0131    recall@20 : 0.0245    ndcg@3 : 0.004    ndcg@5 : 0.005    ndcg@10 : 0.0067    ndcg@20 : 0.0095    
Fri 05 Dec 2025 23:29:26 INFO  Saving current best: saved/SASRecD_Noising-Dec-05-2025_23-25-08.pth
Fri 05 Dec 2025 23:30:06 INFO  epoch 6 training [time: 40.30s, train loss: 1814.6442]
Fri 05 Dec 2025 23:30:46 INFO  epoch 7 training [time: 40.15s, train loss: 1783.9444]
Fri 05 Dec 2025 23:30:48 INFO  epoch 7 evaluating [time: 1.82s, valid_score: 0.020500]
Fri 05 Dec 2025 23:30:48 INFO  valid result: 
recall@3 : 0.0074    recall@5 : 0.0117    recall@10 : 0.0205    recall@20 : 0.0351    ndcg@3 : 0.0053    ndcg@5 : 0.0071    ndcg@10 : 0.0099    ndcg@20 : 0.0136    
Fri 05 Dec 2025 23:30:51 INFO  Saving current best: saved/SASRecD_Noising-Dec-05-2025_23-25-08.pth
Fri 05 Dec 2025 23:31:31 INFO  epoch 8 training [time: 40.13s, train loss: 1757.0993]
Fri 05 Dec 2025 23:32:11 INFO  epoch 9 training [time: 40.19s, train loss: 1733.4875]
Fri 05 Dec 2025 23:32:14 INFO  epoch 9 evaluating [time: 2.85s, valid_score: 0.024200]
Fri 05 Dec 2025 23:32:14 INFO  valid result: 
recall@3 : 0.0087    recall@5 : 0.0139    recall@10 : 0.0242    recall@20 : 0.0424    ndcg@3 : 0.0061    ndcg@5 : 0.0083    ndcg@10 : 0.0116    ndcg@20 : 0.0161    
Fri 05 Dec 2025 23:32:17 INFO  Saving current best: saved/SASRecD_Noising-Dec-05-2025_23-25-08.pth
Fri 05 Dec 2025 23:32:56 INFO  epoch 10 training [time: 38.92s, train loss: 1711.2723]
Fri 05 Dec 2025 23:33:36 INFO  epoch 11 training [time: 39.58s, train loss: 1688.7809]
Fri 05 Dec 2025 23:33:38 INFO  epoch 11 evaluating [time: 2.77s, valid_score: 0.032600]
Fri 05 Dec 2025 23:33:38 INFO  valid result: 
recall@3 : 0.0116    recall@5 : 0.0185    recall@10 : 0.0326    recall@20 : 0.054    ndcg@3 : 0.0075    ndcg@5 : 0.0103    ndcg@10 : 0.0149    ndcg@20 : 0.0202    
Fri 05 Dec 2025 23:33:41 INFO  Saving current best: saved/SASRecD_Noising-Dec-05-2025_23-25-08.pth
Fri 05 Dec 2025 23:34:21 INFO  epoch 12 training [time: 40.28s, train loss: 1666.6368]
Fri 05 Dec 2025 23:35:02 INFO  epoch 13 training [time: 40.14s, train loss: 1645.1794]
Fri 05 Dec 2025 23:35:04 INFO  epoch 13 evaluating [time: 2.78s, valid_score: 0.040200]
Fri 05 Dec 2025 23:35:04 INFO  valid result: 
recall@3 : 0.0161    recall@5 : 0.0243    recall@10 : 0.0402    recall@20 : 0.0618    ndcg@3 : 0.0104    ndcg@5 : 0.0137    ndcg@10 : 0.0188    ndcg@20 : 0.0243    
Fri 05 Dec 2025 23:35:07 INFO  Saving current best: saved/SASRecD_Noising-Dec-05-2025_23-25-08.pth
Fri 05 Dec 2025 23:35:46 INFO  epoch 14 training [time: 39.21s, train loss: 1625.0999]
Fri 05 Dec 2025 23:36:27 INFO  epoch 15 training [time: 40.19s, train loss: 1605.5705]
Fri 05 Dec 2025 23:36:29 INFO  epoch 15 evaluating [time: 2.76s, valid_score: 0.045100]
Fri 05 Dec 2025 23:36:29 INFO  valid result: 
recall@3 : 0.0185    recall@5 : 0.0281    recall@10 : 0.0451    recall@20 : 0.0707    ndcg@3 : 0.0118    ndcg@5 : 0.0158    ndcg@10 : 0.0213    ndcg@20 : 0.0277    
Fri 05 Dec 2025 23:36:32 INFO  Saving current best: saved/SASRecD_Noising-Dec-05-2025_23-25-08.pth
Fri 05 Dec 2025 23:37:12 INFO  epoch 16 training [time: 40.15s, train loss: 1586.9995]
Fri 05 Dec 2025 23:37:51 INFO  epoch 17 training [time: 39.09s, train loss: 1569.4711]
Fri 05 Dec 2025 23:37:54 INFO  epoch 17 evaluating [time: 2.74s, valid_score: 0.050500]
Fri 05 Dec 2025 23:37:54 INFO  valid result: 
recall@3 : 0.0209    recall@5 : 0.0316    recall@10 : 0.0505    recall@20 : 0.0769    ndcg@3 : 0.0132    ndcg@5 : 0.0176    ndcg@10 : 0.0237    ndcg@20 : 0.0303    
Fri 05 Dec 2025 23:37:57 INFO  Saving current best: saved/SASRecD_Noising-Dec-05-2025_23-25-08.pth
Fri 05 Dec 2025 23:38:37 INFO  epoch 18 training [time: 40.23s, train loss: 1552.6695]
Fri 05 Dec 2025 23:39:17 INFO  epoch 19 training [time: 40.11s, train loss: 1536.3690]
Fri 05 Dec 2025 23:39:19 INFO  epoch 19 evaluating [time: 1.71s, valid_score: 0.054200]
Fri 05 Dec 2025 23:39:19 INFO  valid result: 
recall@3 : 0.0231    recall@5 : 0.0356    recall@10 : 0.0542    recall@20 : 0.0802    ndcg@3 : 0.0144    ndcg@5 : 0.0195    ndcg@10 : 0.0255    ndcg@20 : 0.0321    
Fri 05 Dec 2025 23:39:21 INFO  Saving current best: saved/SASRecD_Noising-Dec-05-2025_23-25-08.pth
Fri 05 Dec 2025 23:40:01 INFO  epoch 20 training [time: 40.12s, train loss: 1520.5747]
Fri 05 Dec 2025 23:40:41 INFO  epoch 21 training [time: 40.07s, train loss: 1505.7331]
Fri 05 Dec 2025 23:40:44 INFO  epoch 21 evaluating [time: 2.79s, valid_score: 0.057400]
Fri 05 Dec 2025 23:40:44 INFO  valid result: 
recall@3 : 0.0239    recall@5 : 0.0372    recall@10 : 0.0574    recall@20 : 0.084    ndcg@3 : 0.0149    ndcg@5 : 0.0203    ndcg@10 : 0.0268    ndcg@20 : 0.0335    
Fri 05 Dec 2025 23:40:47 INFO  Saving current best: saved/SASRecD_Noising-Dec-05-2025_23-25-08.pth
Fri 05 Dec 2025 23:41:26 INFO  epoch 22 training [time: 39.03s, train loss: 1491.9862]
Fri 05 Dec 2025 23:42:06 INFO  epoch 23 training [time: 40.05s, train loss: 1477.2852]
Fri 05 Dec 2025 23:42:09 INFO  epoch 23 evaluating [time: 2.78s, valid_score: 0.059600]
Fri 05 Dec 2025 23:42:09 INFO  valid result: 
recall@3 : 0.0259    recall@5 : 0.0392    recall@10 : 0.0596    recall@20 : 0.0871    ndcg@3 : 0.0159    ndcg@5 : 0.0213    ndcg@10 : 0.0279    ndcg@20 : 0.0348    
Fri 05 Dec 2025 23:42:11 INFO  Saving current best: saved/SASRecD_Noising-Dec-05-2025_23-25-08.pth
Fri 05 Dec 2025 23:42:52 INFO  epoch 24 training [time: 40.22s, train loss: 1464.2891]
Fri 05 Dec 2025 23:43:31 INFO  epoch 25 training [time: 39.07s, train loss: 1451.5447]
Fri 05 Dec 2025 23:43:33 INFO  epoch 25 evaluating [time: 2.82s, valid_score: 0.061400]
Fri 05 Dec 2025 23:43:33 INFO  valid result: 
recall@3 : 0.0267    recall@5 : 0.0406    recall@10 : 0.0614    recall@20 : 0.0889    ndcg@3 : 0.0163    ndcg@5 : 0.022    ndcg@10 : 0.0286    ndcg@20 : 0.0356    
Fri 05 Dec 2025 23:43:36 INFO  Saving current best: saved/SASRecD_Noising-Dec-05-2025_23-25-08.pth
Fri 05 Dec 2025 23:44:16 INFO  epoch 26 training [time: 40.12s, train loss: 1438.7758]
Fri 05 Dec 2025 23:44:56 INFO  epoch 27 training [time: 40.07s, train loss: 1426.4743]
Fri 05 Dec 2025 23:44:59 INFO  epoch 27 evaluating [time: 2.83s, valid_score: 0.062800]
Fri 05 Dec 2025 23:44:59 INFO  valid result: 
recall@3 : 0.0276    recall@5 : 0.0413    recall@10 : 0.0628    recall@20 : 0.0907    ndcg@3 : 0.0167    ndcg@5 : 0.0223    ndcg@10 : 0.0292    ndcg@20 : 0.0363    
Fri 05 Dec 2025 23:45:02 INFO  Saving current best: saved/SASRecD_Noising-Dec-05-2025_23-25-08.pth
Fri 05 Dec 2025 23:45:41 INFO  epoch 28 training [time: 38.98s, train loss: 1414.9235]
Fri 05 Dec 2025 23:46:21 INFO  epoch 29 training [time: 40.18s, train loss: 1403.0893]
Fri 05 Dec 2025 23:46:24 INFO  epoch 29 evaluating [time: 2.78s, valid_score: 0.063900]
Fri 05 Dec 2025 23:46:24 INFO  valid result: 
recall@3 : 0.0284    recall@5 : 0.0417    recall@10 : 0.0639    recall@20 : 0.0926    ndcg@3 : 0.017    ndcg@5 : 0.0225    ndcg@10 : 0.0297    ndcg@20 : 0.0369    
Fri 05 Dec 2025 23:46:26 INFO  Saving current best: saved/SASRecD_Noising-Dec-05-2025_23-25-08.pth
Fri 05 Dec 2025 23:47:05 INFO  epoch 30 training [time: 39.12s, train loss: 1391.3236]
Fri 05 Dec 2025 23:47:45 INFO  epoch 31 training [time: 40.09s, train loss: 1380.5816]
Fri 05 Dec 2025 23:47:48 INFO  epoch 31 evaluating [time: 2.79s, valid_score: 0.064200]
Fri 05 Dec 2025 23:47:48 INFO  valid result: 
recall@3 : 0.0283    recall@5 : 0.0425    recall@10 : 0.0642    recall@20 : 0.0938    ndcg@3 : 0.017    ndcg@5 : 0.0228    ndcg@10 : 0.0298    ndcg@20 : 0.0372    
Fri 05 Dec 2025 23:47:51 INFO  Saving current best: saved/SASRecD_Noising-Dec-05-2025_23-25-08.pth
Fri 05 Dec 2025 23:48:31 INFO  epoch 32 training [time: 40.26s, train loss: 1369.4010]
Fri 05 Dec 2025 23:49:10 INFO  epoch 33 training [time: 38.99s, train loss: 1357.6663]
Fri 05 Dec 2025 23:49:13 INFO  epoch 33 evaluating [time: 2.76s, valid_score: 0.064800]
Fri 05 Dec 2025 23:49:13 INFO  valid result: 
recall@3 : 0.0292    recall@5 : 0.0423    recall@10 : 0.0648    recall@20 : 0.0957    ndcg@3 : 0.0176    ndcg@5 : 0.023    ndcg@10 : 0.0302    ndcg@20 : 0.038    
Fri 05 Dec 2025 23:49:15 INFO  Saving current best: saved/SASRecD_Noising-Dec-05-2025_23-25-08.pth
Fri 05 Dec 2025 23:49:56 INFO  epoch 34 training [time: 40.17s, train loss: 1347.5964]
Fri 05 Dec 2025 23:50:36 INFO  epoch 35 training [time: 40.15s, train loss: 1337.3673]
Fri 05 Dec 2025 23:50:38 INFO  epoch 35 evaluating [time: 2.78s, valid_score: 0.065300]
Fri 05 Dec 2025 23:50:38 INFO  valid result: 
recall@3 : 0.0293    recall@5 : 0.0426    recall@10 : 0.0653    recall@20 : 0.0952    ndcg@3 : 0.0176    ndcg@5 : 0.0231    ndcg@10 : 0.0304    ndcg@20 : 0.0379    
Fri 05 Dec 2025 23:50:41 INFO  Saving current best: saved/SASRecD_Noising-Dec-05-2025_23-25-08.pth
Fri 05 Dec 2025 23:51:20 INFO  epoch 36 training [time: 38.94s, train loss: 1326.7772]
Fri 05 Dec 2025 23:52:00 INFO  epoch 37 training [time: 40.11s, train loss: 1316.3201]
Fri 05 Dec 2025 23:52:03 INFO  epoch 37 evaluating [time: 2.78s, valid_score: 0.065900]
Fri 05 Dec 2025 23:52:03 INFO  valid result: 
recall@3 : 0.0294    recall@5 : 0.0434    recall@10 : 0.0659    recall@20 : 0.0957    ndcg@3 : 0.0178    ndcg@5 : 0.0235    ndcg@10 : 0.0307    ndcg@20 : 0.0382    
Fri 05 Dec 2025 23:52:06 INFO  Saving current best: saved/SASRecD_Noising-Dec-05-2025_23-25-08.pth
Fri 05 Dec 2025 23:52:46 INFO  epoch 38 training [time: 40.07s, train loss: 1305.9361]
Fri 05 Dec 2025 23:53:25 INFO  epoch 39 training [time: 38.97s, train loss: 1296.2448]
Fri 05 Dec 2025 23:53:27 INFO  epoch 39 evaluating [time: 2.77s, valid_score: 0.065800]
Fri 05 Dec 2025 23:53:27 INFO  valid result: 
recall@3 : 0.0288    recall@5 : 0.0428    recall@10 : 0.0658    recall@20 : 0.0967    ndcg@3 : 0.0173    ndcg@5 : 0.023    ndcg@10 : 0.0305    ndcg@20 : 0.0383    
Fri 05 Dec 2025 23:54:07 INFO  epoch 40 training [time: 39.48s, train loss: 1285.4156]
Fri 05 Dec 2025 23:54:47 INFO  epoch 41 training [time: 40.13s, train loss: 1275.9702]
Fri 05 Dec 2025 23:54:50 INFO  epoch 41 evaluating [time: 2.86s, valid_score: 0.066900]
Fri 05 Dec 2025 23:54:50 INFO  valid result: 
recall@3 : 0.0295    recall@5 : 0.043    recall@10 : 0.0669    recall@20 : 0.0974    ndcg@3 : 0.0179    ndcg@5 : 0.0234    ndcg@10 : 0.0311    ndcg@20 : 0.0388    
Fri 05 Dec 2025 23:54:52 INFO  Saving current best: saved/SASRecD_Noising-Dec-05-2025_23-25-08.pth
Fri 05 Dec 2025 23:55:32 INFO  epoch 42 training [time: 40.21s, train loss: 1265.6159]
Fri 05 Dec 2025 23:56:11 INFO  epoch 43 training [time: 39.15s, train loss: 1255.8706]
Fri 05 Dec 2025 23:56:14 INFO  epoch 43 evaluating [time: 2.80s, valid_score: 0.067000]
Fri 05 Dec 2025 23:56:14 INFO  valid result: 
recall@3 : 0.0293    recall@5 : 0.0433    recall@10 : 0.067    recall@20 : 0.0977    ndcg@3 : 0.0177    ndcg@5 : 0.0235    ndcg@10 : 0.0311    ndcg@20 : 0.0388    
Fri 05 Dec 2025 23:56:17 INFO  Saving current best: saved/SASRecD_Noising-Dec-05-2025_23-25-08.pth
Fri 05 Dec 2025 23:56:57 INFO  epoch 44 training [time: 40.24s, train loss: 1245.5228]
Fri 05 Dec 2025 23:57:37 INFO  epoch 45 training [time: 40.03s, train loss: 1236.1737]
Fri 05 Dec 2025 23:57:40 INFO  epoch 45 evaluating [time: 2.79s, valid_score: 0.067500]
Fri 05 Dec 2025 23:57:40 INFO  valid result: 
recall@3 : 0.0293    recall@5 : 0.0437    recall@10 : 0.0675    recall@20 : 0.099    ndcg@3 : 0.0177    ndcg@5 : 0.0236    ndcg@10 : 0.0313    ndcg@20 : 0.0392    
Fri 05 Dec 2025 23:57:43 INFO  Saving current best: saved/SASRecD_Noising-Dec-05-2025_23-25-08.pth
Fri 05 Dec 2025 23:58:22 INFO  epoch 46 training [time: 39.12s, train loss: 1225.6257]
Fri 05 Dec 2025 23:59:02 INFO  epoch 47 training [time: 40.25s, train loss: 1215.5854]
Fri 05 Dec 2025 23:59:05 INFO  epoch 47 evaluating [time: 2.81s, valid_score: 0.067300]
Fri 05 Dec 2025 23:59:05 INFO  valid result: 
recall@3 : 0.0294    recall@5 : 0.0444    recall@10 : 0.0673    recall@20 : 0.0983    ndcg@3 : 0.0177    ndcg@5 : 0.0239    ndcg@10 : 0.0313    ndcg@20 : 0.0391    
Fri 05 Dec 2025 23:59:45 INFO  epoch 48 training [time: 40.21s, train loss: 1205.4543]
Sat 06 Dec 2025 00:00:24 INFO  epoch 49 training [time: 38.96s, train loss: 1195.4864]
Sat 06 Dec 2025 00:00:27 INFO  epoch 49 evaluating [time: 2.80s, valid_score: 0.067600]
Sat 06 Dec 2025 00:00:27 INFO  valid result: 
recall@3 : 0.0288    recall@5 : 0.0436    recall@10 : 0.0676    recall@20 : 0.0979    ndcg@3 : 0.0174    ndcg@5 : 0.0235    ndcg@10 : 0.0312    ndcg@20 : 0.0389    
Sat 06 Dec 2025 00:00:30 INFO  Saving current best: saved/SASRecD_Noising-Dec-05-2025_23-25-08.pth
Sat 06 Dec 2025 00:01:10 INFO  epoch 50 training [time: 40.16s, train loss: 1185.2836]
Sat 06 Dec 2025 00:01:50 INFO  epoch 51 training [time: 40.00s, train loss: 1174.9619]
Sat 06 Dec 2025 00:01:52 INFO  epoch 51 evaluating [time: 1.62s, valid_score: 0.067700]
Sat 06 Dec 2025 00:01:52 INFO  valid result: 
recall@3 : 0.0299    recall@5 : 0.044    recall@10 : 0.0677    recall@20 : 0.0988    ndcg@3 : 0.018    ndcg@5 : 0.0238    ndcg@10 : 0.0314    ndcg@20 : 0.0393    
Sat 06 Dec 2025 00:01:55 INFO  Saving current best: saved/SASRecD_Noising-Dec-05-2025_23-25-08.pth
Sat 06 Dec 2025 00:02:35 INFO  epoch 52 training [time: 40.30s, train loss: 1164.5669]
Sat 06 Dec 2025 00:03:15 INFO  epoch 53 training [time: 40.40s, train loss: 1154.7640]
Sat 06 Dec 2025 00:03:18 INFO  epoch 53 evaluating [time: 2.87s, valid_score: 0.067700]
Sat 06 Dec 2025 00:03:18 INFO  valid result: 
recall@3 : 0.0299    recall@5 : 0.0442    recall@10 : 0.0677    recall@20 : 0.0996    ndcg@3 : 0.018    ndcg@5 : 0.0239    ndcg@10 : 0.0314    ndcg@20 : 0.0395    
Sat 06 Dec 2025 00:03:57 INFO  epoch 54 training [time: 39.03s, train loss: 1143.5836]
Sat 06 Dec 2025 00:04:38 INFO  epoch 55 training [time: 40.31s, train loss: 1133.4917]
Sat 06 Dec 2025 00:04:40 INFO  epoch 55 evaluating [time: 2.80s, valid_score: 0.068200]
Sat 06 Dec 2025 00:04:40 INFO  valid result: 
recall@3 : 0.0293    recall@5 : 0.0436    recall@10 : 0.0682    recall@20 : 0.0995    ndcg@3 : 0.0177    ndcg@5 : 0.0236    ndcg@10 : 0.0315    ndcg@20 : 0.0394    
Sat 06 Dec 2025 00:04:43 INFO  Saving current best: saved/SASRecD_Noising-Dec-05-2025_23-25-08.pth
Sat 06 Dec 2025 00:05:24 INFO  epoch 56 training [time: 40.27s, train loss: 1122.6769]
Sat 06 Dec 2025 00:06:03 INFO  epoch 57 training [time: 39.03s, train loss: 1112.3937]
Sat 06 Dec 2025 00:06:06 INFO  epoch 57 evaluating [time: 2.82s, valid_score: 0.068200]
Sat 06 Dec 2025 00:06:06 INFO  valid result: 
recall@3 : 0.0291    recall@5 : 0.044    recall@10 : 0.0682    recall@20 : 0.1008    ndcg@3 : 0.0176    ndcg@5 : 0.0238    ndcg@10 : 0.0316    ndcg@20 : 0.0398    
Sat 06 Dec 2025 00:06:46 INFO  epoch 58 training [time: 40.15s, train loss: 1101.7380]
Sat 06 Dec 2025 00:07:26 INFO  epoch 59 training [time: 40.18s, train loss: 1090.9836]
Sat 06 Dec 2025 00:07:29 INFO  epoch 59 evaluating [time: 2.78s, valid_score: 0.067900]
Sat 06 Dec 2025 00:07:29 INFO  valid result: 
recall@3 : 0.0292    recall@5 : 0.0438    recall@10 : 0.0679    recall@20 : 0.0996    ndcg@3 : 0.0178    ndcg@5 : 0.0238    ndcg@10 : 0.0316    ndcg@20 : 0.0396    
Sat 06 Dec 2025 00:08:08 INFO  epoch 60 training [time: 39.05s, train loss: 1079.9431]
Sat 06 Dec 2025 00:08:48 INFO  epoch 61 training [time: 40.10s, train loss: 1068.5004]
Sat 06 Dec 2025 00:08:51 INFO  epoch 61 evaluating [time: 2.78s, valid_score: 0.068200]
Sat 06 Dec 2025 00:08:51 INFO  valid result: 
recall@3 : 0.0297    recall@5 : 0.0442    recall@10 : 0.0682    recall@20 : 0.0987    ndcg@3 : 0.018    ndcg@5 : 0.024    ndcg@10 : 0.0317    ndcg@20 : 0.0394    
Sat 06 Dec 2025 00:09:31 INFO  epoch 62 training [time: 40.17s, train loss: 1058.1788]
Sat 06 Dec 2025 00:10:10 INFO  epoch 63 training [time: 38.96s, train loss: 1046.5831]
Sat 06 Dec 2025 00:10:12 INFO  epoch 63 evaluating [time: 2.75s, valid_score: 0.067700]
Sat 06 Dec 2025 00:10:12 INFO  valid result: 
recall@3 : 0.0293    recall@5 : 0.0437    recall@10 : 0.0677    recall@20 : 0.0998    ndcg@3 : 0.0178    ndcg@5 : 0.0237    ndcg@10 : 0.0314    ndcg@20 : 0.0395    
Sat 06 Dec 2025 00:10:52 INFO  epoch 64 training [time: 40.04s, train loss: 1035.5938]
Sat 06 Dec 2025 00:11:32 INFO  epoch 65 training [time: 40.02s, train loss: 1024.1066]
Sat 06 Dec 2025 00:11:35 INFO  epoch 65 evaluating [time: 2.79s, valid_score: 0.067500]
Sat 06 Dec 2025 00:11:35 INFO  valid result: 
recall@3 : 0.0295    recall@5 : 0.0433    recall@10 : 0.0675    recall@20 : 0.0992    ndcg@3 : 0.018    ndcg@5 : 0.0237    ndcg@10 : 0.0315    ndcg@20 : 0.0395    
Sat 06 Dec 2025 00:12:14 INFO  epoch 66 training [time: 38.95s, train loss: 1012.7647]
Sat 06 Dec 2025 00:12:55 INFO  epoch 67 training [time: 40.26s, train loss: 1001.3003]
Sat 06 Dec 2025 00:12:57 INFO  epoch 67 evaluating [time: 2.85s, valid_score: 0.068100]
Sat 06 Dec 2025 00:12:57 INFO  valid result: 
recall@3 : 0.0292    recall@5 : 0.0433    recall@10 : 0.0681    recall@20 : 0.0998    ndcg@3 : 0.0178    ndcg@5 : 0.0236    ndcg@10 : 0.0316    ndcg@20 : 0.0395    
Sat 06 Dec 2025 00:13:37 INFO  epoch 68 training [time: 40.01s, train loss: 989.8642]
Sat 06 Dec 2025 00:14:17 INFO  epoch 69 training [time: 40.08s, train loss: 978.4477]
Sat 06 Dec 2025 00:14:19 INFO  epoch 69 evaluating [time: 1.55s, valid_score: 0.068100]
Sat 06 Dec 2025 00:14:19 INFO  valid result: 
recall@3 : 0.029    recall@5 : 0.0433    recall@10 : 0.0681    recall@20 : 0.0992    ndcg@3 : 0.0177    ndcg@5 : 0.0236    ndcg@10 : 0.0316    ndcg@20 : 0.0394    
Sat 06 Dec 2025 00:14:59 INFO  epoch 70 training [time: 40.21s, train loss: 966.9645]
Sat 06 Dec 2025 00:15:39 INFO  epoch 71 training [time: 40.20s, train loss: 954.4658]
Sat 06 Dec 2025 00:15:42 INFO  epoch 71 evaluating [time: 2.81s, valid_score: 0.067700]
Sat 06 Dec 2025 00:15:42 INFO  valid result: 
recall@3 : 0.0289    recall@5 : 0.043    recall@10 : 0.0677    recall@20 : 0.0983    ndcg@3 : 0.0176    ndcg@5 : 0.0234    ndcg@10 : 0.0314    ndcg@20 : 0.0391    
Sat 06 Dec 2025 00:16:22 INFO  epoch 72 training [time: 40.21s, train loss: 942.7467]
Sat 06 Dec 2025 00:17:01 INFO  epoch 73 training [time: 38.95s, train loss: 930.7851]
Sat 06 Dec 2025 00:17:04 INFO  epoch 73 evaluating [time: 2.79s, valid_score: 0.067400]
Sat 06 Dec 2025 00:17:04 INFO  valid result: 
recall@3 : 0.0291    recall@5 : 0.0427    recall@10 : 0.0674    recall@20 : 0.0996    ndcg@3 : 0.0178    ndcg@5 : 0.0234    ndcg@10 : 0.0314    ndcg@20 : 0.0394    
Sat 06 Dec 2025 00:17:45 INFO  epoch 74 training [time: 40.38s, train loss: 918.8085]
Sat 06 Dec 2025 00:18:25 INFO  epoch 75 training [time: 40.25s, train loss: 906.6136]
Sat 06 Dec 2025 00:18:26 INFO  epoch 75 evaluating [time: 1.53s, valid_score: 0.067400]
Sat 06 Dec 2025 00:18:26 INFO  valid result: 
recall@3 : 0.029    recall@5 : 0.0438    recall@10 : 0.0674    recall@20 : 0.0983    ndcg@3 : 0.0177    ndcg@5 : 0.0238    ndcg@10 : 0.0314    ndcg@20 : 0.0392    
Sat 06 Dec 2025 00:19:06 INFO  epoch 76 training [time: 40.14s, train loss: 894.3545]
Sat 06 Dec 2025 00:19:47 INFO  epoch 77 training [time: 40.18s, train loss: 881.8243]
Sat 06 Dec 2025 00:19:49 INFO  epoch 77 evaluating [time: 2.79s, valid_score: 0.067800]
Sat 06 Dec 2025 00:19:49 INFO  valid result: 
recall@3 : 0.0288    recall@5 : 0.0435    recall@10 : 0.0678    recall@20 : 0.0992    ndcg@3 : 0.0177    ndcg@5 : 0.0237    ndcg@10 : 0.0315    ndcg@20 : 0.0395    
Sat 06 Dec 2025 00:19:49 INFO  Finished training, best eval result in epoch 55
Sat 06 Dec 2025 00:19:52 INFO  Loading model structure and parameters from saved/SASRecD_Noising-Dec-05-2025_23-25-08.pth
Sat 06 Dec 2025 00:19:55 INFO  best valid : {'recall@3': np.float64(0.0293), 'recall@5': np.float64(0.0436), 'recall@10': np.float64(0.0682), 'recall@20': np.float64(0.0995), 'ndcg@3': np.float64(0.0177), 'ndcg@5': np.float64(0.0236), 'ndcg@10': np.float64(0.0315), 'ndcg@20': np.float64(0.0394)}
Sat 06 Dec 2025 00:19:55 INFO  test result: {'recall@3': np.float64(0.0236), 'recall@5': np.float64(0.0353), 'recall@10': np.float64(0.0543), 'recall@20': np.float64(0.0798), 'ndcg@3': np.float64(0.0144), 'ndcg@5': np.float64(0.0192), 'ndcg@10': np.float64(0.0253), 'ndcg@20': np.float64(0.0318)}
