Fri 05 Dec 2025 18:40:09 INFO  
General Hyper Parameters:
gpu_id = 0
use_gpu = True
seed = 212
state = INFO
reproducibility = False
data_path = ./recbole/data/dataset/Amazon_Sports_and_Outdoors
show_progress = True
save_dataset = False
save_dataloaders = False
benchmark_filename = None

Training Hyper Parameters:
checkpoint_dir = saved
epochs = 200
train_batch_size = 1024
learner = adam
learning_rate = 0.0001
eval_step = 2
stopping_step = 10
clip_grad_norm = None
weight_decay = 0.0
loss_decimal_place = 4

Evaluation Hyper Parameters:
eval_args = {'split': {'LS': 'valid_and_test'}, 'group_by': 'user', 'order': 'TO', 'mode': 'full'}
metrics = ['Recall', 'NDCG']
topk = [3, 5, 10, 20]
valid_metric = Recall@10
valid_metric_bigger = True
eval_batch_size = 256
metric_decimal_place = 4

Dataset Hyper Parameters:
field_separator = 	
seq_separator =  
USER_ID_FIELD = user_id
ITEM_ID_FIELD = item_id
RATING_FIELD = rating
TIME_FIELD = timestamp
seq_len = None
LABEL_FIELD = label
threshold = None
NEG_PREFIX = neg_
load_col = {'inter': ['user_id', 'item_id', 'rating', 'timestamp'], 'item': ['item_id', 'title', 'sales_rank', 'price', 'brand', 'categories', 'sales_type'], 'title_original': ['ent_id', 'ent_emb']}
unload_col = None
unused_col = None
additional_feat_suffix = ['title_original']
rm_dup_inter = None
val_interval = None
filter_inter_by_user_or_item = True
user_inter_num_interval = [5,inf)
item_inter_num_interval = [5,inf)
alias_of_user_id = None
alias_of_item_id = ['ent_id']
alias_of_entity_id = None
alias_of_relation_id = None
preload_weight = {'ent_id': 'ent_emb'}
normalize_field = None
normalize_all = None
ITEM_LIST_LENGTH_FIELD = item_length
LIST_SUFFIX = _list
MAX_ITEM_LIST_LENGTH = 50
POSITION_FIELD = position_id
HEAD_ENTITY_ID_FIELD = head_id
TAIL_ENTITY_ID_FIELD = tail_id
RELATION_ID_FIELD = relation_id
ENTITY_ID_FIELD = entity_id

Other Hyper Parameters: 
neg_sampling = None
multi_gpus = False
repeatable = True
MODEL_TYPE = ModelType.SEQUENTIAL
n_layers = 3
n_heads = 8
hidden_size = 256
orig_attribute_hidden_size = [1024]
attribute_hidden_size = [128, 128]
inner_size = 256
hidden_dropout_prob = 0.5
attn_dropout_prob = 0.3
hidden_act = gelu
layer_norm_eps = 1e-12
initializer_range = 0.02
selected_features = ['ent_emb', 'categories']
feature_type = ['static', 'categorical']
pooling_mode = sum
loss_type = CE
weight_sharing = not
fusion_type = gate
lamdas = [5, 5]
attribute_predictor = ['cos_sim', 'linear']
diffusion = {'device': 'cuda', 'dims': [1000], 'emb_size': 20, 'mean_type': 'x0', 'noise_max': 0.02, 'noise_min': 0.0001, 'noise_scale': 0.1, 'noise_schedule': 'linear-var', 'norm': False, 'num_heads': 4, 'reweight': True, 'sampling_noise': False, 'sampling_steps': 0, 'steps': 5, 'structure': 'MLP', 'time_type': 'cat', 'hiddenSize': 128, 'inputSize': 128}
lambda = 0.5
wandb_run_name = titles_categories(ablation_study)
annealing = False
MODEL_INPUT_TYPE = InputType.POINTWISE
eval_type = EvaluatorType.RANKING
device = cuda
train_neg_sample_args = {'strategy': 'none'}
eval_neg_sample_args = {'strategy': 'full', 'distribution': 'uniform'}


Fri 05 Dec 2025 18:40:13 INFO  Amazon_Sports_and_Outdoors
The number of users: 35599
Average actions of users: 8.324540704533963
The number of items: 18358
Average actions of items: 16.142997221768262
The number of inters: 296337
The sparsity of the dataset: 99.95465569853714%
Remain Fields: ['user_id', 'item_id', 'rating', 'timestamp', 'title', 'price', 'brand', 'categories', 'sales_type', 'sales_rank', 'ent_id', 'ent_emb']
Fri 05 Dec 2025 18:40:16 INFO  [Training]: train_batch_size = [1024] negative sampling: [None]
Fri 05 Dec 2025 18:40:16 INFO  [Evaluation]: eval_batch_size = [256] eval_args: [{'split': {'LS': 'valid_and_test'}, 'group_by': 'user', 'order': 'TO', 'mode': 'full'}]
Fri 05 Dec 2025 18:40:18 INFO  SASRecD_Log_Mlp(
  (item_embedding): Embedding(18358, 256, padding_idx=0)
  (position_embedding): Embedding(50, 256)
  (feature_embed_layer_list): ModuleList(
    (0): Embedding(
      18358, 1024
      (mlp): MLP(
        (net): Sequential(
          (0): Linear(in_features=1024, out_features=512, bias=True)
          (1): ReLU()
          (2): Dropout(p=0.1, inplace=False)
          (3): Linear(in_features=512, out_features=256, bias=True)
          (4): ReLU()
          (5): Dropout(p=0.1, inplace=False)
          (6): Linear(in_features=256, out_features=128, bias=True)
          (7): LayerNorm((128,), eps=1e-05, elementwise_affine=True)
        )
      )
    )
    (1): FeatureSeqEmbLayer()
  )
  (trm_encoder): DIFTransformerEncoder(
    (layer): ModuleList(
      (0-2): 3 x DIFTransformerLayer(
        (multi_head_attention): DIFMultiHeadAttention(
          (query): Linear(in_features=256, out_features=256, bias=True)
          (key): Linear(in_features=256, out_features=256, bias=True)
          (value): Linear(in_features=256, out_features=256, bias=True)
          (query_p): Linear(in_features=256, out_features=256, bias=True)
          (key_p): Linear(in_features=256, out_features=256, bias=True)
          (query_layers): ModuleList(
            (0-1): 2 x Linear(in_features=128, out_features=128, bias=True)
          )
          (key_layers): ModuleList(
            (0-1): 2 x Linear(in_features=128, out_features=128, bias=True)
          )
          (fusion_layer): VanillaAttention(
            (projection): Sequential(
              (0): Linear(in_features=50, out_features=50, bias=True)
              (1): ReLU(inplace=True)
              (2): Linear(in_features=50, out_features=1, bias=True)
            )
          )
          (attn_dropout): Dropout(p=0.3, inplace=False)
          (dense): Linear(in_features=256, out_features=256, bias=True)
          (LayerNorm): LayerNorm((256,), eps=1e-12, elementwise_affine=True)
          (out_dropout): Dropout(p=0.5, inplace=False)
        )
        (feed_forward): FeedForward(
          (dense_1): Linear(in_features=256, out_features=256, bias=True)
          (dense_2): Linear(in_features=256, out_features=256, bias=True)
          (LayerNorm): LayerNorm((256,), eps=1e-12, elementwise_affine=True)
          (dropout): Dropout(p=0.5, inplace=False)
        )
      )
    )
  )
  (ap): ModuleList(
    (0): Linear(in_features=256, out_features=1024, bias=True)
    (1): Linear(in_features=256, out_features=1876, bias=True)
  )
  (LayerNorm): LayerNorm((256,), eps=1e-12, elementwise_affine=True)
  (dropout): Dropout(p=0.5, inplace=False)
  (loss_fct): CrossEntropyLoss()
  (attribute_loss_fct): BCEWithLogitsLoss()
)
Trainable parameters: 7935567
Fri 05 Dec 2025 18:40:58 INFO  epoch 0 training [time: 39.91s, train loss: 2113.9747]
Fri 05 Dec 2025 18:41:38 INFO  epoch 1 training [time: 39.27s, train loss: 1870.9220]
Fri 05 Dec 2025 18:41:40 INFO  epoch 1 evaluating [time: 2.63s, valid_score: 0.012500]
Fri 05 Dec 2025 18:41:40 INFO  valid result: 
recall@3 : 0.006    recall@5 : 0.0081    recall@10 : 0.0125    recall@20 : 0.0237    ndcg@3 : 0.0043    ndcg@5 : 0.0052    ndcg@10 : 0.0066    ndcg@20 : 0.0094    
Fri 05 Dec 2025 18:41:43 INFO  Saving current best: saved/SASRecD_Log_Mlp-Dec-05-2025_18-40-18.pth
Fri 05 Dec 2025 18:42:22 INFO  epoch 2 training [time: 39.30s, train loss: 1855.1605]
Fri 05 Dec 2025 18:43:01 INFO  epoch 3 training [time: 39.28s, train loss: 1848.7027]
Fri 05 Dec 2025 18:43:04 INFO  epoch 3 evaluating [time: 2.71s, valid_score: 0.012800]
Fri 05 Dec 2025 18:43:04 INFO  valid result: 
recall@3 : 0.0059    recall@5 : 0.008    recall@10 : 0.0128    recall@20 : 0.0235    ndcg@3 : 0.0043    ndcg@5 : 0.0052    ndcg@10 : 0.0067    ndcg@20 : 0.0093    
Fri 05 Dec 2025 18:43:07 INFO  Saving current best: saved/SASRecD_Log_Mlp-Dec-05-2025_18-40-18.pth
Fri 05 Dec 2025 18:43:46 INFO  epoch 4 training [time: 39.26s, train loss: 1841.4263]
Fri 05 Dec 2025 18:44:25 INFO  epoch 5 training [time: 39.18s, train loss: 1831.8618]
Fri 05 Dec 2025 18:44:28 INFO  epoch 5 evaluating [time: 2.59s, valid_score: 0.013300]
Fri 05 Dec 2025 18:44:28 INFO  valid result: 
recall@3 : 0.0055    recall@5 : 0.0078    recall@10 : 0.0133    recall@20 : 0.0253    ndcg@3 : 0.004    ndcg@5 : 0.005    ndcg@10 : 0.0067    ndcg@20 : 0.0097    
Fri 05 Dec 2025 18:44:30 INFO  Saving current best: saved/SASRecD_Log_Mlp-Dec-05-2025_18-40-18.pth
Fri 05 Dec 2025 18:45:10 INFO  epoch 6 training [time: 39.45s, train loss: 1812.9611]
Fri 05 Dec 2025 18:45:49 INFO  epoch 7 training [time: 39.50s, train loss: 1782.2723]
Fri 05 Dec 2025 18:45:52 INFO  epoch 7 evaluating [time: 2.60s, valid_score: 0.020500]
Fri 05 Dec 2025 18:45:52 INFO  valid result: 
recall@3 : 0.0077    recall@5 : 0.0121    recall@10 : 0.0205    recall@20 : 0.0353    ndcg@3 : 0.0055    ndcg@5 : 0.0073    ndcg@10 : 0.0101    ndcg@20 : 0.0138    
Fri 05 Dec 2025 18:45:54 INFO  Saving current best: saved/SASRecD_Log_Mlp-Dec-05-2025_18-40-18.pth
Fri 05 Dec 2025 18:46:34 INFO  epoch 8 training [time: 39.44s, train loss: 1755.8880]
Fri 05 Dec 2025 18:47:14 INFO  epoch 9 training [time: 40.54s, train loss: 1732.5759]
Fri 05 Dec 2025 18:47:17 INFO  epoch 9 evaluating [time: 2.61s, valid_score: 0.025000]
Fri 05 Dec 2025 18:47:17 INFO  valid result: 
recall@3 : 0.0092    recall@5 : 0.0144    recall@10 : 0.025    recall@20 : 0.0432    ndcg@3 : 0.0065    ndcg@5 : 0.0087    ndcg@10 : 0.0121    ndcg@20 : 0.0167    
Fri 05 Dec 2025 18:47:19 INFO  Saving current best: saved/SASRecD_Log_Mlp-Dec-05-2025_18-40-18.pth
Fri 05 Dec 2025 18:48:00 INFO  epoch 10 training [time: 40.33s, train loss: 1710.1115]
Fri 05 Dec 2025 18:48:41 INFO  epoch 11 training [time: 41.04s, train loss: 1688.1463]
Fri 05 Dec 2025 18:48:43 INFO  epoch 11 evaluating [time: 2.69s, valid_score: 0.032100]
Fri 05 Dec 2025 18:48:43 INFO  valid result: 
recall@3 : 0.012    recall@5 : 0.0185    recall@10 : 0.0321    recall@20 : 0.0537    ndcg@3 : 0.0079    ndcg@5 : 0.0106    ndcg@10 : 0.0149    ndcg@20 : 0.0204    
Fri 05 Dec 2025 18:48:45 INFO  Saving current best: saved/SASRecD_Log_Mlp-Dec-05-2025_18-40-18.pth
Fri 05 Dec 2025 18:49:27 INFO  epoch 12 training [time: 41.06s, train loss: 1665.7912]
Fri 05 Dec 2025 18:50:08 INFO  epoch 13 training [time: 41.02s, train loss: 1644.6889]
Fri 05 Dec 2025 18:50:10 INFO  epoch 13 evaluating [time: 2.82s, valid_score: 0.040000]
Fri 05 Dec 2025 18:50:10 INFO  valid result: 
recall@3 : 0.0162    recall@5 : 0.0246    recall@10 : 0.04    recall@20 : 0.0625    ndcg@3 : 0.0105    ndcg@5 : 0.014    ndcg@10 : 0.0189    ndcg@20 : 0.0245    
Fri 05 Dec 2025 18:50:13 INFO  Saving current best: saved/SASRecD_Log_Mlp-Dec-05-2025_18-40-18.pth
Fri 05 Dec 2025 18:50:52 INFO  epoch 14 training [time: 38.99s, train loss: 1624.9747]
Fri 05 Dec 2025 18:51:31 INFO  epoch 15 training [time: 39.45s, train loss: 1605.3746]
Fri 05 Dec 2025 18:51:34 INFO  epoch 15 evaluating [time: 2.60s, valid_score: 0.045300]
Fri 05 Dec 2025 18:51:34 INFO  valid result: 
recall@3 : 0.0185    recall@5 : 0.0284    recall@10 : 0.0453    recall@20 : 0.0699    ndcg@3 : 0.0118    ndcg@5 : 0.0159    ndcg@10 : 0.0213    ndcg@20 : 0.0275    
Fri 05 Dec 2025 18:51:36 INFO  Saving current best: saved/SASRecD_Log_Mlp-Dec-05-2025_18-40-18.pth
Fri 05 Dec 2025 18:52:16 INFO  epoch 16 training [time: 39.56s, train loss: 1586.9162]
Fri 05 Dec 2025 18:52:55 INFO  epoch 17 training [time: 39.47s, train loss: 1569.4918]
Fri 05 Dec 2025 18:52:58 INFO  epoch 17 evaluating [time: 2.61s, valid_score: 0.050500]
Fri 05 Dec 2025 18:52:58 INFO  valid result: 
recall@3 : 0.0208    recall@5 : 0.0314    recall@10 : 0.0505    recall@20 : 0.0765    ndcg@3 : 0.0131    ndcg@5 : 0.0174    ndcg@10 : 0.0236    ndcg@20 : 0.0302    
Fri 05 Dec 2025 18:53:00 INFO  Saving current best: saved/SASRecD_Log_Mlp-Dec-05-2025_18-40-18.pth
Fri 05 Dec 2025 18:53:39 INFO  epoch 18 training [time: 39.40s, train loss: 1552.2120]
Fri 05 Dec 2025 18:54:19 INFO  epoch 19 training [time: 39.42s, train loss: 1535.9551]
Fri 05 Dec 2025 18:54:21 INFO  epoch 19 evaluating [time: 2.60s, valid_score: 0.055100]
Fri 05 Dec 2025 18:54:21 INFO  valid result: 
recall@3 : 0.0228    recall@5 : 0.0357    recall@10 : 0.0551    recall@20 : 0.0812    ndcg@3 : 0.0142    ndcg@5 : 0.0195    ndcg@10 : 0.0258    ndcg@20 : 0.0323    
Fri 05 Dec 2025 18:54:23 INFO  Saving current best: saved/SASRecD_Log_Mlp-Dec-05-2025_18-40-18.pth
Fri 05 Dec 2025 18:55:03 INFO  epoch 20 training [time: 39.55s, train loss: 1520.6844]
Fri 05 Dec 2025 18:55:42 INFO  epoch 21 training [time: 39.34s, train loss: 1505.6532]
Fri 05 Dec 2025 18:55:45 INFO  epoch 21 evaluating [time: 2.63s, valid_score: 0.057400]
Fri 05 Dec 2025 18:55:45 INFO  valid result: 
recall@3 : 0.0241    recall@5 : 0.0371    recall@10 : 0.0574    recall@20 : 0.0836    ndcg@3 : 0.0149    ndcg@5 : 0.0203    ndcg@10 : 0.0268    ndcg@20 : 0.0334    
Fri 05 Dec 2025 18:55:47 INFO  Saving current best: saved/SASRecD_Log_Mlp-Dec-05-2025_18-40-18.pth
Fri 05 Dec 2025 18:56:26 INFO  epoch 22 training [time: 38.98s, train loss: 1491.9615]
Fri 05 Dec 2025 18:57:06 INFO  epoch 23 training [time: 39.38s, train loss: 1477.2937]
Fri 05 Dec 2025 18:57:08 INFO  epoch 23 evaluating [time: 2.60s, valid_score: 0.059100]
Fri 05 Dec 2025 18:57:08 INFO  valid result: 
recall@3 : 0.0262    recall@5 : 0.0391    recall@10 : 0.0591    recall@20 : 0.0862    ndcg@3 : 0.0161    ndcg@5 : 0.0214    ndcg@10 : 0.0278    ndcg@20 : 0.0346    
Fri 05 Dec 2025 18:57:11 INFO  Saving current best: saved/SASRecD_Log_Mlp-Dec-05-2025_18-40-18.pth
Fri 05 Dec 2025 18:57:50 INFO  epoch 24 training [time: 39.59s, train loss: 1464.0320]
Fri 05 Dec 2025 18:58:30 INFO  epoch 25 training [time: 39.55s, train loss: 1451.1048]
Fri 05 Dec 2025 18:58:32 INFO  epoch 25 evaluating [time: 2.06s, valid_score: 0.061200]
Fri 05 Dec 2025 18:58:32 INFO  valid result: 
recall@3 : 0.027    recall@5 : 0.0401    recall@10 : 0.0612    recall@20 : 0.0888    ndcg@3 : 0.0164    ndcg@5 : 0.0218    ndcg@10 : 0.0286    ndcg@20 : 0.0355    
Fri 05 Dec 2025 18:58:34 INFO  Saving current best: saved/SASRecD_Log_Mlp-Dec-05-2025_18-40-18.pth
Fri 05 Dec 2025 18:59:14 INFO  epoch 26 training [time: 39.50s, train loss: 1438.6616]
Fri 05 Dec 2025 18:59:53 INFO  epoch 27 training [time: 39.51s, train loss: 1425.9306]
Fri 05 Dec 2025 18:59:56 INFO  epoch 27 evaluating [time: 2.61s, valid_score: 0.062600]
Fri 05 Dec 2025 18:59:56 INFO  valid result: 
recall@3 : 0.0277    recall@5 : 0.0413    recall@10 : 0.0626    recall@20 : 0.0898    ndcg@3 : 0.0168    ndcg@5 : 0.0224    ndcg@10 : 0.0292    ndcg@20 : 0.0361    
Fri 05 Dec 2025 18:59:58 INFO  Saving current best: saved/SASRecD_Log_Mlp-Dec-05-2025_18-40-18.pth
Fri 05 Dec 2025 19:00:38 INFO  epoch 28 training [time: 39.53s, train loss: 1413.7295]
Fri 05 Dec 2025 19:01:17 INFO  epoch 29 training [time: 39.03s, train loss: 1402.5040]
Fri 05 Dec 2025 19:01:19 INFO  epoch 29 evaluating [time: 2.61s, valid_score: 0.063700]
Fri 05 Dec 2025 19:01:19 INFO  valid result: 
recall@3 : 0.0282    recall@5 : 0.0412    recall@10 : 0.0637    recall@20 : 0.0921    ndcg@3 : 0.017    ndcg@5 : 0.0223    ndcg@10 : 0.0296    ndcg@20 : 0.0368    
Fri 05 Dec 2025 19:01:22 INFO  Saving current best: saved/SASRecD_Log_Mlp-Dec-05-2025_18-40-18.pth
Fri 05 Dec 2025 19:02:01 INFO  epoch 30 training [time: 39.54s, train loss: 1390.6828]
Fri 05 Dec 2025 19:02:41 INFO  epoch 31 training [time: 39.45s, train loss: 1379.8314]
Fri 05 Dec 2025 19:02:43 INFO  epoch 31 evaluating [time: 2.59s, valid_score: 0.064500]
Fri 05 Dec 2025 19:02:43 INFO  valid result: 
recall@3 : 0.0283    recall@5 : 0.0422    recall@10 : 0.0645    recall@20 : 0.0931    ndcg@3 : 0.017    ndcg@5 : 0.0227    ndcg@10 : 0.03    ndcg@20 : 0.0371    
Fri 05 Dec 2025 19:02:45 INFO  Saving current best: saved/SASRecD_Log_Mlp-Dec-05-2025_18-40-18.pth
Fri 05 Dec 2025 19:03:24 INFO  epoch 32 training [time: 39.52s, train loss: 1369.0362]
Fri 05 Dec 2025 19:04:04 INFO  epoch 33 training [time: 39.45s, train loss: 1357.3893]
Fri 05 Dec 2025 19:04:07 INFO  epoch 33 evaluating [time: 2.61s, valid_score: 0.064800]
Fri 05 Dec 2025 19:04:07 INFO  valid result: 
recall@3 : 0.0289    recall@5 : 0.0422    recall@10 : 0.0648    recall@20 : 0.0951    ndcg@3 : 0.0175    ndcg@5 : 0.023    ndcg@10 : 0.0303    ndcg@20 : 0.0378    
Fri 05 Dec 2025 19:04:09 INFO  Saving current best: saved/SASRecD_Log_Mlp-Dec-05-2025_18-40-18.pth
Fri 05 Dec 2025 19:04:48 INFO  epoch 34 training [time: 39.41s, train loss: 1347.2016]
Fri 05 Dec 2025 19:05:27 INFO  epoch 35 training [time: 38.90s, train loss: 1336.5251]
Fri 05 Dec 2025 19:05:30 INFO  epoch 35 evaluating [time: 2.61s, valid_score: 0.065400]
Fri 05 Dec 2025 19:05:30 INFO  valid result: 
recall@3 : 0.029    recall@5 : 0.0432    recall@10 : 0.0654    recall@20 : 0.0955    ndcg@3 : 0.0175    ndcg@5 : 0.0234    ndcg@10 : 0.0305    ndcg@20 : 0.0381    
Fri 05 Dec 2025 19:05:32 INFO  Saving current best: saved/SASRecD_Log_Mlp-Dec-05-2025_18-40-18.pth
Fri 05 Dec 2025 19:06:11 INFO  epoch 36 training [time: 39.27s, train loss: 1325.9668]
Fri 05 Dec 2025 19:06:51 INFO  epoch 37 training [time: 39.43s, train loss: 1315.6183]
Fri 05 Dec 2025 19:06:53 INFO  epoch 37 evaluating [time: 2.63s, valid_score: 0.065900]
Fri 05 Dec 2025 19:06:53 INFO  valid result: 
recall@3 : 0.0295    recall@5 : 0.0428    recall@10 : 0.0659    recall@20 : 0.096    ndcg@3 : 0.0179    ndcg@5 : 0.0234    ndcg@10 : 0.0308    ndcg@20 : 0.0384    
Fri 05 Dec 2025 19:06:56 INFO  Saving current best: saved/SASRecD_Log_Mlp-Dec-05-2025_18-40-18.pth
Fri 05 Dec 2025 19:07:35 INFO  epoch 38 training [time: 39.33s, train loss: 1305.5383]
Fri 05 Dec 2025 19:08:15 INFO  epoch 39 training [time: 39.53s, train loss: 1295.0006]
Fri 05 Dec 2025 19:08:17 INFO  epoch 39 evaluating [time: 2.63s, valid_score: 0.066400]
Fri 05 Dec 2025 19:08:17 INFO  valid result: 
recall@3 : 0.0296    recall@5 : 0.0428    recall@10 : 0.0664    recall@20 : 0.0967    ndcg@3 : 0.0179    ndcg@5 : 0.0234    ndcg@10 : 0.031    ndcg@20 : 0.0386    
Fri 05 Dec 2025 19:08:19 INFO  Saving current best: saved/SASRecD_Log_Mlp-Dec-05-2025_18-40-18.pth
Fri 05 Dec 2025 19:08:58 INFO  epoch 40 training [time: 39.61s, train loss: 1285.0099]
Fri 05 Dec 2025 19:09:38 INFO  epoch 41 training [time: 39.44s, train loss: 1275.0615]
Fri 05 Dec 2025 19:09:41 INFO  epoch 41 evaluating [time: 2.64s, valid_score: 0.066500]
Fri 05 Dec 2025 19:09:41 INFO  valid result: 
recall@3 : 0.0301    recall@5 : 0.0434    recall@10 : 0.0665    recall@20 : 0.0971    ndcg@3 : 0.0182    ndcg@5 : 0.0237    ndcg@10 : 0.0312    ndcg@20 : 0.0389    
Fri 05 Dec 2025 19:09:43 INFO  Saving current best: saved/SASRecD_Log_Mlp-Dec-05-2025_18-40-18.pth
Fri 05 Dec 2025 19:10:22 INFO  epoch 42 training [time: 39.46s, train loss: 1264.3672]
Fri 05 Dec 2025 19:11:01 INFO  epoch 43 training [time: 38.89s, train loss: 1254.8904]
Fri 05 Dec 2025 19:11:04 INFO  epoch 43 evaluating [time: 2.60s, valid_score: 0.066500]
Fri 05 Dec 2025 19:11:04 INFO  valid result: 
recall@3 : 0.0297    recall@5 : 0.0434    recall@10 : 0.0665    recall@20 : 0.0974    ndcg@3 : 0.0181    ndcg@5 : 0.0237    ndcg@10 : 0.0312    ndcg@20 : 0.0389    
Fri 05 Dec 2025 19:11:43 INFO  epoch 44 training [time: 39.51s, train loss: 1244.0132]
Fri 05 Dec 2025 19:12:23 INFO  epoch 45 training [time: 39.50s, train loss: 1233.7235]
Fri 05 Dec 2025 19:12:26 INFO  epoch 45 evaluating [time: 2.62s, valid_score: 0.066700]
Fri 05 Dec 2025 19:12:26 INFO  valid result: 
recall@3 : 0.0293    recall@5 : 0.0437    recall@10 : 0.0667    recall@20 : 0.098    ndcg@3 : 0.0177    ndcg@5 : 0.0236    ndcg@10 : 0.0311    ndcg@20 : 0.0389    
Fri 05 Dec 2025 19:12:28 INFO  Saving current best: saved/SASRecD_Log_Mlp-Dec-05-2025_18-40-18.pth
Fri 05 Dec 2025 19:13:07 INFO  epoch 46 training [time: 39.02s, train loss: 1224.4612]
Fri 05 Dec 2025 19:13:46 INFO  epoch 47 training [time: 39.50s, train loss: 1213.8208]
Fri 05 Dec 2025 19:13:49 INFO  epoch 47 evaluating [time: 2.63s, valid_score: 0.067800]
Fri 05 Dec 2025 19:13:49 INFO  valid result: 
recall@3 : 0.03    recall@5 : 0.0441    recall@10 : 0.0678    recall@20 : 0.0979    ndcg@3 : 0.0181    ndcg@5 : 0.0239    ndcg@10 : 0.0315    ndcg@20 : 0.0391    
Fri 05 Dec 2025 19:13:51 INFO  Saving current best: saved/SASRecD_Log_Mlp-Dec-05-2025_18-40-18.pth
Fri 05 Dec 2025 19:14:31 INFO  epoch 48 training [time: 39.48s, train loss: 1203.2855]
Fri 05 Dec 2025 19:15:10 INFO  epoch 49 training [time: 38.90s, train loss: 1193.1824]
Fri 05 Dec 2025 19:15:12 INFO  epoch 49 evaluating [time: 2.61s, valid_score: 0.067000]
Fri 05 Dec 2025 19:15:12 INFO  valid result: 
recall@3 : 0.0296    recall@5 : 0.0438    recall@10 : 0.067    recall@20 : 0.098    ndcg@3 : 0.018    ndcg@5 : 0.0238    ndcg@10 : 0.0312    ndcg@20 : 0.039    
Fri 05 Dec 2025 19:15:52 INFO  epoch 50 training [time: 39.78s, train loss: 1183.4160]
Fri 05 Dec 2025 19:16:32 INFO  epoch 51 training [time: 40.31s, train loss: 1173.2208]
Fri 05 Dec 2025 19:16:35 INFO  epoch 51 evaluating [time: 2.68s, valid_score: 0.067600]
Fri 05 Dec 2025 19:16:35 INFO  valid result: 
recall@3 : 0.0303    recall@5 : 0.0437    recall@10 : 0.0676    recall@20 : 0.0981    ndcg@3 : 0.0184    ndcg@5 : 0.0239    ndcg@10 : 0.0316    ndcg@20 : 0.0393    
Fri 05 Dec 2025 19:17:15 INFO  epoch 52 training [time: 39.80s, train loss: 1162.8022]
Fri 05 Dec 2025 19:17:54 INFO  epoch 53 training [time: 39.20s, train loss: 1152.4423]
Fri 05 Dec 2025 19:17:57 INFO  epoch 53 evaluating [time: 2.65s, valid_score: 0.068000]
Fri 05 Dec 2025 19:17:57 INFO  valid result: 
recall@3 : 0.0306    recall@5 : 0.044    recall@10 : 0.068    recall@20 : 0.0985    ndcg@3 : 0.0185    ndcg@5 : 0.024    ndcg@10 : 0.0317    ndcg@20 : 0.0394    
Fri 05 Dec 2025 19:17:59 INFO  Saving current best: saved/SASRecD_Log_Mlp-Dec-05-2025_18-40-18.pth
Fri 05 Dec 2025 19:18:39 INFO  epoch 54 training [time: 40.00s, train loss: 1142.2221]
Fri 05 Dec 2025 19:19:19 INFO  epoch 55 training [time: 39.78s, train loss: 1131.0010]
Fri 05 Dec 2025 19:19:22 INFO  epoch 55 evaluating [time: 2.62s, valid_score: 0.068100]
Fri 05 Dec 2025 19:19:22 INFO  valid result: 
recall@3 : 0.0299    recall@5 : 0.0437    recall@10 : 0.0681    recall@20 : 0.0981    ndcg@3 : 0.0183    ndcg@5 : 0.024    ndcg@10 : 0.0319    ndcg@20 : 0.0394    
Fri 05 Dec 2025 19:19:23 INFO  Saving current best: saved/SASRecD_Log_Mlp-Dec-05-2025_18-40-18.pth
Fri 05 Dec 2025 19:20:03 INFO  epoch 56 training [time: 39.70s, train loss: 1120.6873]
Fri 05 Dec 2025 19:20:43 INFO  epoch 57 training [time: 39.68s, train loss: 1109.9793]
Fri 05 Dec 2025 19:20:45 INFO  epoch 57 evaluating [time: 2.65s, valid_score: 0.068900]
Fri 05 Dec 2025 19:20:45 INFO  valid result: 
recall@3 : 0.0305    recall@5 : 0.0449    recall@10 : 0.0689    recall@20 : 0.0988    ndcg@3 : 0.0185    ndcg@5 : 0.0244    ndcg@10 : 0.0321    ndcg@20 : 0.0397    
Fri 05 Dec 2025 19:20:48 INFO  Saving current best: saved/SASRecD_Log_Mlp-Dec-05-2025_18-40-18.pth
Fri 05 Dec 2025 19:21:27 INFO  epoch 58 training [time: 39.59s, train loss: 1099.2746]
Fri 05 Dec 2025 19:22:06 INFO  epoch 59 training [time: 39.02s, train loss: 1088.7341]
Fri 05 Dec 2025 19:22:09 INFO  epoch 59 evaluating [time: 2.66s, valid_score: 0.068500]
Fri 05 Dec 2025 19:22:09 INFO  valid result: 
recall@3 : 0.0302    recall@5 : 0.044    recall@10 : 0.0685    recall@20 : 0.0987    ndcg@3 : 0.0184    ndcg@5 : 0.024    ndcg@10 : 0.0319    ndcg@20 : 0.0395    
Fri 05 Dec 2025 19:22:49 INFO  epoch 60 training [time: 39.66s, train loss: 1077.2974]
Fri 05 Dec 2025 19:23:28 INFO  epoch 61 training [time: 39.60s, train loss: 1066.0939]
Fri 05 Dec 2025 19:23:31 INFO  epoch 61 evaluating [time: 2.66s, valid_score: 0.068100]
Fri 05 Dec 2025 19:23:31 INFO  valid result: 
recall@3 : 0.031    recall@5 : 0.0447    recall@10 : 0.0681    recall@20 : 0.0983    ndcg@3 : 0.0188    ndcg@5 : 0.0244    ndcg@10 : 0.032    ndcg@20 : 0.0396    
Fri 05 Dec 2025 19:24:10 INFO  epoch 62 training [time: 39.00s, train loss: 1056.1538]
Fri 05 Dec 2025 19:24:50 INFO  epoch 63 training [time: 39.66s, train loss: 1044.2951]
Fri 05 Dec 2025 19:24:52 INFO  epoch 63 evaluating [time: 2.66s, valid_score: 0.067700]
Fri 05 Dec 2025 19:24:52 INFO  valid result: 
recall@3 : 0.0302    recall@5 : 0.0437    recall@10 : 0.0677    recall@20 : 0.099    ndcg@3 : 0.0184    ndcg@5 : 0.0239    ndcg@10 : 0.0317    ndcg@20 : 0.0396    
Fri 05 Dec 2025 19:25:32 INFO  epoch 64 training [time: 39.57s, train loss: 1032.9967]
Fri 05 Dec 2025 19:26:11 INFO  epoch 65 training [time: 39.41s, train loss: 1021.9619]
Fri 05 Dec 2025 19:26:14 INFO  epoch 65 evaluating [time: 2.62s, valid_score: 0.067700]
Fri 05 Dec 2025 19:26:14 INFO  valid result: 
recall@3 : 0.0302    recall@5 : 0.0439    recall@10 : 0.0677    recall@20 : 0.0989    ndcg@3 : 0.0187    ndcg@5 : 0.0243    ndcg@10 : 0.032    ndcg@20 : 0.0399    
Fri 05 Dec 2025 19:26:53 INFO  epoch 66 training [time: 38.76s, train loss: 1010.6230]
Fri 05 Dec 2025 19:27:32 INFO  epoch 67 training [time: 39.50s, train loss: 999.1228]
Fri 05 Dec 2025 19:27:35 INFO  epoch 67 evaluating [time: 2.65s, valid_score: 0.068000]
Fri 05 Dec 2025 19:27:35 INFO  valid result: 
recall@3 : 0.0306    recall@5 : 0.0441    recall@10 : 0.068    recall@20 : 0.0986    ndcg@3 : 0.0188    ndcg@5 : 0.0243    ndcg@10 : 0.032    ndcg@20 : 0.0397    
Fri 05 Dec 2025 19:28:14 INFO  epoch 68 training [time: 39.54s, train loss: 987.3700]
Fri 05 Dec 2025 19:28:53 INFO  epoch 69 training [time: 38.68s, train loss: 975.0571]
Fri 05 Dec 2025 19:28:56 INFO  epoch 69 evaluating [time: 2.67s, valid_score: 0.067700]
Fri 05 Dec 2025 19:28:56 INFO  valid result: 
recall@3 : 0.0298    recall@5 : 0.0435    recall@10 : 0.0677    recall@20 : 0.0984    ndcg@3 : 0.0183    ndcg@5 : 0.0239    ndcg@10 : 0.0316    ndcg@20 : 0.0394    
Fri 05 Dec 2025 19:29:36 INFO  epoch 70 training [time: 39.80s, train loss: 964.1596]
Fri 05 Dec 2025 19:30:14 INFO  epoch 71 training [time: 38.68s, train loss: 951.3853]
Fri 05 Dec 2025 19:30:17 INFO  epoch 71 evaluating [time: 2.78s, valid_score: 0.067600]
Fri 05 Dec 2025 19:30:17 INFO  valid result: 
recall@3 : 0.0293    recall@5 : 0.0434    recall@10 : 0.0676    recall@20 : 0.0969    ndcg@3 : 0.0182    ndcg@5 : 0.024    ndcg@10 : 0.0318    ndcg@20 : 0.0392    
Fri 05 Dec 2025 19:30:56 INFO  epoch 72 training [time: 39.36s, train loss: 940.1171]
Fri 05 Dec 2025 19:31:36 INFO  epoch 73 training [time: 39.63s, train loss: 928.2145]
Fri 05 Dec 2025 19:31:39 INFO  epoch 73 evaluating [time: 2.64s, valid_score: 0.067600]
Fri 05 Dec 2025 19:31:39 INFO  valid result: 
recall@3 : 0.0296    recall@5 : 0.044    recall@10 : 0.0676    recall@20 : 0.0988    ndcg@3 : 0.0184    ndcg@5 : 0.0243    ndcg@10 : 0.0319    ndcg@20 : 0.0398    
Fri 05 Dec 2025 19:32:18 INFO  epoch 74 training [time: 39.46s, train loss: 915.0642]
Fri 05 Dec 2025 19:32:57 INFO  epoch 75 training [time: 38.76s, train loss: 903.1435]
Fri 05 Dec 2025 19:33:00 INFO  epoch 75 evaluating [time: 2.68s, valid_score: 0.068300]
Fri 05 Dec 2025 19:33:00 INFO  valid result: 
recall@3 : 0.0296    recall@5 : 0.0438    recall@10 : 0.0683    recall@20 : 0.0966    ndcg@3 : 0.0183    ndcg@5 : 0.0242    ndcg@10 : 0.0321    ndcg@20 : 0.0392    
Fri 05 Dec 2025 19:33:38 INFO  epoch 76 training [time: 38.91s, train loss: 890.6235]
Fri 05 Dec 2025 19:34:18 INFO  epoch 77 training [time: 39.38s, train loss: 878.5696]
Fri 05 Dec 2025 19:34:20 INFO  epoch 77 evaluating [time: 2.66s, valid_score: 0.068400]
Fri 05 Dec 2025 19:34:20 INFO  valid result: 
recall@3 : 0.0301    recall@5 : 0.0437    recall@10 : 0.0684    recall@20 : 0.0978    ndcg@3 : 0.0186    ndcg@5 : 0.0242    ndcg@10 : 0.0322    ndcg@20 : 0.0396    
Fri 05 Dec 2025 19:35:00 INFO  epoch 78 training [time: 39.48s, train loss: 866.0732]
Fri 05 Dec 2025 19:35:39 INFO  epoch 79 training [time: 39.45s, train loss: 853.2973]
Fri 05 Dec 2025 19:35:42 INFO  epoch 79 evaluating [time: 2.70s, valid_score: 0.067300]
Fri 05 Dec 2025 19:35:42 INFO  valid result: 
recall@3 : 0.0294    recall@5 : 0.0435    recall@10 : 0.0673    recall@20 : 0.0973    ndcg@3 : 0.0184    ndcg@5 : 0.0242    ndcg@10 : 0.0318    ndcg@20 : 0.0394    
Fri 05 Dec 2025 19:35:42 INFO  Finished training, best eval result in epoch 57
Fri 05 Dec 2025 19:35:44 INFO  Loading model structure and parameters from saved/SASRecD_Log_Mlp-Dec-05-2025_18-40-18.pth
Fri 05 Dec 2025 19:35:47 INFO  best valid : {'recall@3': np.float64(0.0305), 'recall@5': np.float64(0.0449), 'recall@10': np.float64(0.0689), 'recall@20': np.float64(0.0988), 'ndcg@3': np.float64(0.0185), 'ndcg@5': np.float64(0.0244), 'ndcg@10': np.float64(0.0321), 'ndcg@20': np.float64(0.0397)}
Fri 05 Dec 2025 19:35:47 INFO  test result: {'recall@3': np.float64(0.0239), 'recall@5': np.float64(0.0355), 'recall@10': np.float64(0.0547), 'recall@20': np.float64(0.0805), 'ndcg@3': np.float64(0.0147), 'ndcg@5': np.float64(0.0194), 'ndcg@10': np.float64(0.0256), 'ndcg@20': np.float64(0.0321)}
