Tue 09 Dec 2025 21:11:04 INFO  
General Hyper Parameters:
gpu_id = 0
use_gpu = True
seed = 321
state = INFO
reproducibility = False
data_path = ./recbole/data/dataset/Amazon_Sports_and_Outdoors
show_progress = True
save_dataset = False
save_dataloaders = False
benchmark_filename = None

Training Hyper Parameters:
checkpoint_dir = saved
epochs = 200
train_batch_size = 1024
learner = adam
learning_rate = 0.0001
eval_step = 2
stopping_step = 10
clip_grad_norm = None
weight_decay = 0.0
loss_decimal_place = 4

Evaluation Hyper Parameters:
eval_args = {'split': {'LS': 'valid_and_test'}, 'group_by': 'user', 'order': 'TO', 'mode': 'full'}
metrics = ['Recall', 'NDCG']
topk = [3, 5, 10, 20]
valid_metric = Recall@10
valid_metric_bigger = True
eval_batch_size = 256
metric_decimal_place = 4

Dataset Hyper Parameters:
field_separator = 	
seq_separator =  
USER_ID_FIELD = user_id
ITEM_ID_FIELD = item_id
RATING_FIELD = rating
TIME_FIELD = timestamp
seq_len = None
LABEL_FIELD = label
threshold = None
NEG_PREFIX = neg_
load_col = {'inter': ['user_id', 'item_id', 'rating', 'timestamp'], 'item': ['item_id', 'title', 'sales_rank', 'price', 'brand', 'categories', 'sales_type'], 'title_original': ['ent_id', 'ent_emb']}
unload_col = None
unused_col = None
additional_feat_suffix = ['title_original']
rm_dup_inter = None
val_interval = None
filter_inter_by_user_or_item = True
user_inter_num_interval = [5,inf)
item_inter_num_interval = [5,inf)
alias_of_user_id = None
alias_of_item_id = ['ent_id']
alias_of_entity_id = None
alias_of_relation_id = None
preload_weight = {'ent_id': 'ent_emb'}
normalize_field = None
normalize_all = None
ITEM_LIST_LENGTH_FIELD = item_length
LIST_SUFFIX = _list
MAX_ITEM_LIST_LENGTH = 50
POSITION_FIELD = position_id
HEAD_ENTITY_ID_FIELD = head_id
TAIL_ENTITY_ID_FIELD = tail_id
RELATION_ID_FIELD = relation_id
ENTITY_ID_FIELD = entity_id

Other Hyper Parameters: 
neg_sampling = None
multi_gpus = False
repeatable = True
MODEL_TYPE = ModelType.SEQUENTIAL
n_layers = 3
n_heads = 8
hidden_size = 256
orig_attribute_hidden_size = [1024, 4096]
attribute_hidden_size = [128, 128]
inner_size = 256
hidden_dropout_prob = 0.5
attn_dropout_prob = 0.3
hidden_act = gelu
layer_norm_eps = 1e-12
initializer_range = 0.02
selected_features = ['ent_emb', 'categories']
feature_type = ['static', 'categorical']
pooling_mode = sum
loss_type = CE
weight_sharing = not
fusion_type = gate
lamdas = [5, 5]
attribute_predictor = ['cos_sim', 'linear']
diffusion = {'device': 'cuda', 'dims': [1000], 'emb_size': 20, 'mean_type': 'x0', 'noise_max': 0.02, 'noise_min': 0.0001, 'noise_scale': 0.1, 'noise_schedule': 'linear-var', 'norm': False, 'num_heads': 4, 'reweight': True, 'sampling_noise': False, 'sampling_steps': 0, 'steps': 5, 'structure': 'MLP', 'time_type': 'cat', 'hiddenSize': 128, 'inputSize': 128}
lambda = 0.5
wandb_run_name = titles_categories(ablation_study)
annealing = False
MODEL_INPUT_TYPE = InputType.POINTWISE
eval_type = EvaluatorType.RANKING
device = cuda
train_neg_sample_args = {'strategy': 'none'}
eval_neg_sample_args = {'strategy': 'full', 'distribution': 'uniform'}


Tue 09 Dec 2025 21:11:08 INFO  Amazon_Sports_and_Outdoors
The number of users: 35599
Average actions of users: 8.324540704533963
The number of items: 18358
Average actions of items: 16.142997221768262
The number of inters: 296337
The sparsity of the dataset: 99.95465569853714%
Remain Fields: ['user_id', 'item_id', 'rating', 'timestamp', 'title', 'price', 'brand', 'categories', 'sales_type', 'sales_rank', 'ent_id', 'ent_emb']
Tue 09 Dec 2025 21:11:11 INFO  [Training]: train_batch_size = [1024] negative sampling: [None]
Tue 09 Dec 2025 21:11:11 INFO  [Evaluation]: eval_batch_size = [256] eval_args: [{'split': {'LS': 'valid_and_test'}, 'group_by': 'user', 'order': 'TO', 'mode': 'full'}]
Tue 09 Dec 2025 21:11:13 INFO  SASRecD_Denoising(
  (item_embedding): Embedding(18358, 256, padding_idx=0)
  (position_embedding): Embedding(50, 256)
  (feature_embed_layer_list): ModuleList(
    (0): Embedding(
      18358, 1024
      (mlp): MLP(
        (net): Sequential(
          (0): Linear(in_features=1024, out_features=512, bias=True)
          (1): ReLU()
          (2): Dropout(p=0.1, inplace=False)
          (3): Linear(in_features=512, out_features=256, bias=True)
          (4): ReLU()
          (5): Dropout(p=0.1, inplace=False)
          (6): Linear(in_features=256, out_features=128, bias=True)
          (7): LayerNorm((128,), eps=1e-05, elementwise_affine=True)
        )
      )
    )
    (1): FeatureSeqEmbLayer()
  )
  (diffusion): ModuleList(
    (0): GaussianDiffusion(
      (model): DNN(
        (emb_layer): Linear(in_features=10, out_features=10, bias=True)
        (in_layers): ModuleList()
        (out_layers): ModuleList()
        (emb_out_linear): Linear(in_features=138, out_features=128, bias=True)
        (drop): Dropout(p=0.5, inplace=False)
      )
      (loss_layer): Linear(in_features=128, out_features=128, bias=True)
    )
    (1): Identity()
  )
  (trm_encoder): DIFTransformerEncoder(
    (layer): ModuleList(
      (0-2): 3 x DIFTransformerLayer(
        (multi_head_attention): DIFMultiHeadAttention(
          (query): Linear(in_features=256, out_features=256, bias=True)
          (key): Linear(in_features=256, out_features=256, bias=True)
          (value): Linear(in_features=256, out_features=256, bias=True)
          (query_p): Linear(in_features=256, out_features=256, bias=True)
          (key_p): Linear(in_features=256, out_features=256, bias=True)
          (query_layers): ModuleList(
            (0-1): 2 x Linear(in_features=128, out_features=128, bias=True)
          )
          (key_layers): ModuleList(
            (0-1): 2 x Linear(in_features=128, out_features=128, bias=True)
          )
          (fusion_layer): VanillaAttention(
            (projection): Sequential(
              (0): Linear(in_features=50, out_features=50, bias=True)
              (1): ReLU(inplace=True)
              (2): Linear(in_features=50, out_features=1, bias=True)
            )
          )
          (attn_dropout): Dropout(p=0.3, inplace=False)
          (dense): Linear(in_features=256, out_features=256, bias=True)
          (LayerNorm): LayerNorm((256,), eps=1e-12, elementwise_affine=True)
          (out_dropout): Dropout(p=0.5, inplace=False)
        )
        (feed_forward): FeedForward(
          (dense_1): Linear(in_features=256, out_features=256, bias=True)
          (dense_2): Linear(in_features=256, out_features=256, bias=True)
          (LayerNorm): LayerNorm((256,), eps=1e-12, elementwise_affine=True)
          (dropout): Dropout(p=0.5, inplace=False)
        )
      )
    )
  )
  (ap): ModuleList(
    (0): Linear(in_features=256, out_features=1024, bias=True)
    (1): Linear(in_features=256, out_features=1876, bias=True)
  )
  (LayerNorm): LayerNorm((256,), eps=1e-12, elementwise_affine=True)
  (dropout): Dropout(p=0.5, inplace=False)
  (loss_fct): CrossEntropyLoss()
  (attribute_loss_fct): BCEWithLogitsLoss()
)
Trainable parameters: 7969981
Tue 09 Dec 2025 21:13:30 INFO  epoch 0 training [time: 136.11s, train loss: 2127.5080]
Tue 09 Dec 2025 21:15:44 INFO  epoch 1 training [time: 134.77s, train loss: 1873.3901]
Tue 09 Dec 2025 21:16:03 INFO  epoch 1 evaluating [time: 19.13s, valid_score: 0.012400]
Tue 09 Dec 2025 21:16:03 INFO  valid result: 
recall@3 : 0.006    recall@5 : 0.0082    recall@10 : 0.0124    recall@20 : 0.0241    ndcg@3 : 0.0045    ndcg@5 : 0.0053    ndcg@10 : 0.0067    ndcg@20 : 0.0096    
Tue 09 Dec 2025 21:16:06 INFO  Saving current best: saved/SASRecD_Denoising-Dec-09-2025_21-11-13.pth
Tue 09 Dec 2025 21:18:15 INFO  epoch 2 training [time: 128.71s, train loss: 1855.9471]
Tue 09 Dec 2025 21:20:27 INFO  epoch 3 training [time: 132.21s, train loss: 1848.5750]
Tue 09 Dec 2025 21:20:46 INFO  epoch 3 evaluating [time: 18.60s, valid_score: 0.012600]
Tue 09 Dec 2025 21:20:46 INFO  valid result: 
recall@3 : 0.0059    recall@5 : 0.0083    recall@10 : 0.0126    recall@20 : 0.0229    ndcg@3 : 0.0044    ndcg@5 : 0.0054    ndcg@10 : 0.0068    ndcg@20 : 0.0093    
Tue 09 Dec 2025 21:20:48 INFO  Saving current best: saved/SASRecD_Denoising-Dec-09-2025_21-11-13.pth
Tue 09 Dec 2025 21:22:37 INFO  epoch 4 training [time: 108.64s, train loss: 1841.9455]
Tue 09 Dec 2025 21:24:25 INFO  epoch 5 training [time: 107.70s, train loss: 1832.4145]
Tue 09 Dec 2025 21:24:41 INFO  epoch 5 evaluating [time: 15.95s, valid_score: 0.013100]
Tue 09 Dec 2025 21:24:41 INFO  valid result: 
recall@3 : 0.0058    recall@5 : 0.0079    recall@10 : 0.0131    recall@20 : 0.024    ndcg@3 : 0.0043    ndcg@5 : 0.0052    ndcg@10 : 0.0068    ndcg@20 : 0.0095    
Tue 09 Dec 2025 21:24:43 INFO  Saving current best: saved/SASRecD_Denoising-Dec-09-2025_21-11-13.pth
Tue 09 Dec 2025 21:26:32 INFO  epoch 6 training [time: 108.66s, train loss: 1815.8379]
Tue 09 Dec 2025 21:28:24 INFO  epoch 7 training [time: 111.54s, train loss: 1785.5944]
Tue 09 Dec 2025 21:28:39 INFO  epoch 7 evaluating [time: 15.54s, valid_score: 0.020800]
Tue 09 Dec 2025 21:28:39 INFO  valid result: 
recall@3 : 0.0079    recall@5 : 0.0121    recall@10 : 0.0208    recall@20 : 0.0355    ndcg@3 : 0.0056    ndcg@5 : 0.0073    ndcg@10 : 0.0101    ndcg@20 : 0.0137    
Tue 09 Dec 2025 21:28:42 INFO  Saving current best: saved/SASRecD_Denoising-Dec-09-2025_21-11-13.pth
Tue 09 Dec 2025 21:30:29 INFO  epoch 8 training [time: 107.34s, train loss: 1758.2615]
