Fri 05 Dec 2025 20:30:10 INFO  
General Hyper Parameters:
gpu_id = 0
use_gpu = True
seed = 220
state = INFO
reproducibility = False
data_path = ./recbole/data/dataset/Amazon_Sports_and_Outdoors
show_progress = True
save_dataset = False
save_dataloaders = False
benchmark_filename = None

Training Hyper Parameters:
checkpoint_dir = saved
epochs = 200
train_batch_size = 1024
learner = adam
learning_rate = 0.0001
eval_step = 2
stopping_step = 10
clip_grad_norm = None
weight_decay = 0.0
loss_decimal_place = 4

Evaluation Hyper Parameters:
eval_args = {'split': {'LS': 'valid_and_test'}, 'group_by': 'user', 'order': 'TO', 'mode': 'full'}
metrics = ['Recall', 'NDCG']
topk = [3, 5, 10, 20]
valid_metric = Recall@10
valid_metric_bigger = True
eval_batch_size = 256
metric_decimal_place = 4

Dataset Hyper Parameters:
field_separator = 	
seq_separator =  
USER_ID_FIELD = user_id
ITEM_ID_FIELD = item_id
RATING_FIELD = rating
TIME_FIELD = timestamp
seq_len = None
LABEL_FIELD = label
threshold = None
NEG_PREFIX = neg_
load_col = {'inter': ['user_id', 'item_id', 'rating', 'timestamp'], 'item': ['item_id', 'title', 'sales_rank', 'price', 'brand', 'categories', 'sales_type'], 'title_original': ['ent_id', 'ent_emb']}
unload_col = None
unused_col = None
additional_feat_suffix = ['title_original']
rm_dup_inter = None
val_interval = None
filter_inter_by_user_or_item = True
user_inter_num_interval = [5,inf)
item_inter_num_interval = [5,inf)
alias_of_user_id = None
alias_of_item_id = ['ent_id']
alias_of_entity_id = None
alias_of_relation_id = None
preload_weight = {'ent_id': 'ent_emb'}
normalize_field = None
normalize_all = None
ITEM_LIST_LENGTH_FIELD = item_length
LIST_SUFFIX = _list
MAX_ITEM_LIST_LENGTH = 50
POSITION_FIELD = position_id
HEAD_ENTITY_ID_FIELD = head_id
TAIL_ENTITY_ID_FIELD = tail_id
RELATION_ID_FIELD = relation_id
ENTITY_ID_FIELD = entity_id

Other Hyper Parameters: 
neg_sampling = None
multi_gpus = False
repeatable = True
MODEL_TYPE = ModelType.SEQUENTIAL
n_layers = 3
n_heads = 8
hidden_size = 256
orig_attribute_hidden_size = [1024]
attribute_hidden_size = [128, 128]
inner_size = 256
hidden_dropout_prob = 0.5
attn_dropout_prob = 0.3
hidden_act = gelu
layer_norm_eps = 1e-12
initializer_range = 0.02
selected_features = ['ent_emb', 'categories']
feature_type = ['static', 'categorical']
pooling_mode = sum
loss_type = CE
weight_sharing = not
fusion_type = gate
lamdas = [5, 5]
attribute_predictor = ['cos_sim', 'linear']
diffusion = {'device': 'cuda', 'dims': [1000], 'emb_size': 20, 'mean_type': 'x0', 'noise_max': 0.02, 'noise_min': 0.0001, 'noise_scale': 0.1, 'noise_schedule': 'linear-var', 'norm': False, 'num_heads': 4, 'reweight': True, 'sampling_noise': False, 'sampling_steps': 0, 'steps': 5, 'structure': 'MLP', 'time_type': 'cat', 'hiddenSize': 128, 'inputSize': 128}
lambda = 0.5
wandb_run_name = titles_categories(ablation_study)
annealing = False
MODEL_INPUT_TYPE = InputType.POINTWISE
eval_type = EvaluatorType.RANKING
device = cuda
train_neg_sample_args = {'strategy': 'none'}
eval_neg_sample_args = {'strategy': 'full', 'distribution': 'uniform'}


Fri 05 Dec 2025 20:30:15 INFO  Amazon_Sports_and_Outdoors
The number of users: 35599
Average actions of users: 8.324540704533963
The number of items: 18358
Average actions of items: 16.142997221768262
The number of inters: 296337
The sparsity of the dataset: 99.95465569853714%
Remain Fields: ['user_id', 'item_id', 'rating', 'timestamp', 'title', 'price', 'brand', 'categories', 'sales_type', 'sales_rank', 'ent_id', 'ent_emb']
Fri 05 Dec 2025 20:30:18 INFO  [Training]: train_batch_size = [1024] negative sampling: [None]
Fri 05 Dec 2025 20:30:18 INFO  [Evaluation]: eval_batch_size = [256] eval_args: [{'split': {'LS': 'valid_and_test'}, 'group_by': 'user', 'order': 'TO', 'mode': 'full'}]
Fri 05 Dec 2025 20:30:20 INFO  SASRecD_Log_Mlp(
  (item_embedding): Embedding(18358, 256, padding_idx=0)
  (position_embedding): Embedding(50, 256)
  (feature_embed_layer_list): ModuleList(
    (0): Embedding(
      18358, 1024
      (mlp): MLP(
        (net): Sequential(
          (0): Linear(in_features=1024, out_features=512, bias=True)
          (1): ReLU()
          (2): Dropout(p=0.1, inplace=False)
          (3): Linear(in_features=512, out_features=256, bias=True)
          (4): ReLU()
          (5): Dropout(p=0.1, inplace=False)
          (6): Linear(in_features=256, out_features=128, bias=True)
          (7): LayerNorm((128,), eps=1e-05, elementwise_affine=True)
        )
      )
    )
    (1): FeatureSeqEmbLayer()
  )
  (trm_encoder): DIFTransformerEncoder(
    (layer): ModuleList(
      (0-2): 3 x DIFTransformerLayer(
        (multi_head_attention): DIFMultiHeadAttention(
          (query): Linear(in_features=256, out_features=256, bias=True)
          (key): Linear(in_features=256, out_features=256, bias=True)
          (value): Linear(in_features=256, out_features=256, bias=True)
          (query_p): Linear(in_features=256, out_features=256, bias=True)
          (key_p): Linear(in_features=256, out_features=256, bias=True)
          (query_layers): ModuleList(
            (0-1): 2 x Linear(in_features=128, out_features=128, bias=True)
          )
          (key_layers): ModuleList(
            (0-1): 2 x Linear(in_features=128, out_features=128, bias=True)
          )
          (fusion_layer): VanillaAttention(
            (projection): Sequential(
              (0): Linear(in_features=50, out_features=50, bias=True)
              (1): ReLU(inplace=True)
              (2): Linear(in_features=50, out_features=1, bias=True)
            )
          )
          (attn_dropout): Dropout(p=0.3, inplace=False)
          (dense): Linear(in_features=256, out_features=256, bias=True)
          (LayerNorm): LayerNorm((256,), eps=1e-12, elementwise_affine=True)
          (out_dropout): Dropout(p=0.5, inplace=False)
        )
        (feed_forward): FeedForward(
          (dense_1): Linear(in_features=256, out_features=256, bias=True)
          (dense_2): Linear(in_features=256, out_features=256, bias=True)
          (LayerNorm): LayerNorm((256,), eps=1e-12, elementwise_affine=True)
          (dropout): Dropout(p=0.5, inplace=False)
        )
      )
    )
  )
  (ap): ModuleList(
    (0): Linear(in_features=256, out_features=1024, bias=True)
    (1): Linear(in_features=256, out_features=1876, bias=True)
  )
  (LayerNorm): LayerNorm((256,), eps=1e-12, elementwise_affine=True)
  (dropout): Dropout(p=0.5, inplace=False)
  (loss_fct): CrossEntropyLoss()
  (attribute_loss_fct): BCEWithLogitsLoss()
)
Trainable parameters: 7935567
Fri 05 Dec 2025 20:30:59 INFO  epoch 0 training [time: 39.01s, train loss: 2115.8426]
Fri 05 Dec 2025 20:31:39 INFO  epoch 1 training [time: 39.26s, train loss: 1871.0024]
Fri 05 Dec 2025 20:31:41 INFO  epoch 1 evaluating [time: 2.67s, valid_score: 0.012500]
Fri 05 Dec 2025 20:31:41 INFO  valid result: 
recall@3 : 0.006    recall@5 : 0.0078    recall@10 : 0.0125    recall@20 : 0.0239    ndcg@3 : 0.0044    ndcg@5 : 0.0051    ndcg@10 : 0.0066    ndcg@20 : 0.0095    
Fri 05 Dec 2025 20:31:44 INFO  Saving current best: saved/SASRecD_Log_Mlp-Dec-05-2025_20-30-20.pth
Fri 05 Dec 2025 20:32:23 INFO  epoch 2 training [time: 38.86s, train loss: 1855.3129]
Fri 05 Dec 2025 20:33:02 INFO  epoch 3 training [time: 39.59s, train loss: 1848.8724]
Fri 05 Dec 2025 20:33:05 INFO  epoch 3 evaluating [time: 2.62s, valid_score: 0.012600]
Fri 05 Dec 2025 20:33:05 INFO  valid result: 
recall@3 : 0.0058    recall@5 : 0.0078    recall@10 : 0.0126    recall@20 : 0.0231    ndcg@3 : 0.0044    ndcg@5 : 0.0052    ndcg@10 : 0.0067    ndcg@20 : 0.0093    
Fri 05 Dec 2025 20:33:07 INFO  Saving current best: saved/SASRecD_Log_Mlp-Dec-05-2025_20-30-20.pth
Fri 05 Dec 2025 20:33:47 INFO  epoch 4 training [time: 39.52s, train loss: 1842.0244]
Fri 05 Dec 2025 20:34:26 INFO  epoch 5 training [time: 38.79s, train loss: 1832.9606]
Fri 05 Dec 2025 20:34:28 INFO  epoch 5 evaluating [time: 2.62s, valid_score: 0.013800]
Fri 05 Dec 2025 20:34:28 INFO  valid result: 
recall@3 : 0.0054    recall@5 : 0.0081    recall@10 : 0.0138    recall@20 : 0.0236    ndcg@3 : 0.0041    ndcg@5 : 0.0052    ndcg@10 : 0.007    ndcg@20 : 0.0094    
Fri 05 Dec 2025 20:34:31 INFO  Saving current best: saved/SASRecD_Log_Mlp-Dec-05-2025_20-30-20.pth
Fri 05 Dec 2025 20:35:10 INFO  epoch 6 training [time: 39.33s, train loss: 1818.7524]
Fri 05 Dec 2025 20:35:50 INFO  epoch 7 training [time: 39.38s, train loss: 1790.8040]
Fri 05 Dec 2025 20:35:52 INFO  epoch 7 evaluating [time: 2.61s, valid_score: 0.020300]
Fri 05 Dec 2025 20:35:52 INFO  valid result: 
recall@3 : 0.0081    recall@5 : 0.0119    recall@10 : 0.0203    recall@20 : 0.0346    ndcg@3 : 0.0057    ndcg@5 : 0.0072    ndcg@10 : 0.0099    ndcg@20 : 0.0135    
Fri 05 Dec 2025 20:35:54 INFO  Saving current best: saved/SASRecD_Log_Mlp-Dec-05-2025_20-30-20.pth
Fri 05 Dec 2025 20:36:33 INFO  epoch 8 training [time: 39.39s, train loss: 1761.1480]
Fri 05 Dec 2025 20:37:13 INFO  epoch 9 training [time: 39.36s, train loss: 1735.9613]
Fri 05 Dec 2025 20:37:15 INFO  epoch 9 evaluating [time: 2.64s, valid_score: 0.025100]
Fri 05 Dec 2025 20:37:15 INFO  valid result: 
recall@3 : 0.0088    recall@5 : 0.0142    recall@10 : 0.0251    recall@20 : 0.0443    ndcg@3 : 0.0063    ndcg@5 : 0.0085    ndcg@10 : 0.012    ndcg@20 : 0.0169    
Fri 05 Dec 2025 20:37:18 INFO  Saving current best: saved/SASRecD_Log_Mlp-Dec-05-2025_20-30-20.pth
Fri 05 Dec 2025 20:37:57 INFO  epoch 10 training [time: 39.34s, train loss: 1711.5800]
Fri 05 Dec 2025 20:38:36 INFO  epoch 11 training [time: 38.56s, train loss: 1688.0688]
Fri 05 Dec 2025 20:38:38 INFO  epoch 11 evaluating [time: 2.60s, valid_score: 0.032800]
Fri 05 Dec 2025 20:38:38 INFO  valid result: 
recall@3 : 0.0122    recall@5 : 0.0195    recall@10 : 0.0328    recall@20 : 0.0553    ndcg@3 : 0.0081    ndcg@5 : 0.0111    ndcg@10 : 0.0153    ndcg@20 : 0.021    
Fri 05 Dec 2025 20:38:41 INFO  Saving current best: saved/SASRecD_Log_Mlp-Dec-05-2025_20-30-20.pth
Fri 05 Dec 2025 20:39:20 INFO  epoch 12 training [time: 39.43s, train loss: 1665.5714]
Fri 05 Dec 2025 20:40:00 INFO  epoch 13 training [time: 39.42s, train loss: 1645.0058]
Fri 05 Dec 2025 20:40:02 INFO  epoch 13 evaluating [time: 2.62s, valid_score: 0.040300]
Fri 05 Dec 2025 20:40:02 INFO  valid result: 
recall@3 : 0.0169    recall@5 : 0.0248    recall@10 : 0.0403    recall@20 : 0.0635    ndcg@3 : 0.011    ndcg@5 : 0.0142    ndcg@10 : 0.0192    ndcg@20 : 0.025    
Fri 05 Dec 2025 20:40:05 INFO  Saving current best: saved/SASRecD_Log_Mlp-Dec-05-2025_20-30-20.pth
Fri 05 Dec 2025 20:40:43 INFO  epoch 14 training [time: 38.68s, train loss: 1624.6363]
Fri 05 Dec 2025 20:41:23 INFO  epoch 15 training [time: 39.34s, train loss: 1605.0538]
Fri 05 Dec 2025 20:41:25 INFO  epoch 15 evaluating [time: 2.60s, valid_score: 0.045800]
Fri 05 Dec 2025 20:41:25 INFO  valid result: 
recall@3 : 0.0199    recall@5 : 0.0292    recall@10 : 0.0458    recall@20 : 0.0708    ndcg@3 : 0.0126    ndcg@5 : 0.0165    ndcg@10 : 0.0218    ndcg@20 : 0.0281    
Fri 05 Dec 2025 20:41:28 INFO  Saving current best: saved/SASRecD_Log_Mlp-Dec-05-2025_20-30-20.pth
Fri 05 Dec 2025 20:42:07 INFO  epoch 16 training [time: 39.31s, train loss: 1586.4475]
Fri 05 Dec 2025 20:42:46 INFO  epoch 17 training [time: 38.61s, train loss: 1568.6290]
Fri 05 Dec 2025 20:42:48 INFO  epoch 17 evaluating [time: 2.62s, valid_score: 0.051100]
Fri 05 Dec 2025 20:42:48 INFO  valid result: 
recall@3 : 0.0223    recall@5 : 0.0326    recall@10 : 0.0511    recall@20 : 0.0768    ndcg@3 : 0.014    ndcg@5 : 0.0182    ndcg@10 : 0.0241    ndcg@20 : 0.0306    
Fri 05 Dec 2025 20:42:51 INFO  Saving current best: saved/SASRecD_Log_Mlp-Dec-05-2025_20-30-20.pth
Fri 05 Dec 2025 20:43:30 INFO  epoch 18 training [time: 39.38s, train loss: 1551.4827]
Fri 05 Dec 2025 20:44:09 INFO  epoch 19 training [time: 39.31s, train loss: 1535.5029]
Fri 05 Dec 2025 20:44:12 INFO  epoch 19 evaluating [time: 2.63s, valid_score: 0.054700]
Fri 05 Dec 2025 20:44:12 INFO  valid result: 
recall@3 : 0.0243    recall@5 : 0.0355    recall@10 : 0.0547    recall@20 : 0.0815    ndcg@3 : 0.015    ndcg@5 : 0.0196    ndcg@10 : 0.0258    ndcg@20 : 0.0325    
Fri 05 Dec 2025 20:44:15 INFO  Saving current best: saved/SASRecD_Log_Mlp-Dec-05-2025_20-30-20.pth
Fri 05 Dec 2025 20:44:53 INFO  epoch 20 training [time: 38.61s, train loss: 1520.0377]
Fri 05 Dec 2025 20:45:33 INFO  epoch 21 training [time: 39.37s, train loss: 1505.1625]
Fri 05 Dec 2025 20:45:35 INFO  epoch 21 evaluating [time: 2.62s, valid_score: 0.057800]
Fri 05 Dec 2025 20:45:35 INFO  valid result: 
recall@3 : 0.0258    recall@5 : 0.0373    recall@10 : 0.0578    recall@20 : 0.0851    ndcg@3 : 0.0158    ndcg@5 : 0.0206    ndcg@10 : 0.0271    ndcg@20 : 0.034    
Fri 05 Dec 2025 20:45:37 INFO  Saving current best: saved/SASRecD_Log_Mlp-Dec-05-2025_20-30-20.pth
Fri 05 Dec 2025 20:46:17 INFO  epoch 22 training [time: 39.41s, train loss: 1491.3590]
Fri 05 Dec 2025 20:46:55 INFO  epoch 23 training [time: 38.50s, train loss: 1476.9645]
Fri 05 Dec 2025 20:46:58 INFO  epoch 23 evaluating [time: 2.60s, valid_score: 0.059600]
Fri 05 Dec 2025 20:46:58 INFO  valid result: 
recall@3 : 0.0268    recall@5 : 0.0393    recall@10 : 0.0596    recall@20 : 0.0876    ndcg@3 : 0.0163    ndcg@5 : 0.0214    ndcg@10 : 0.028    ndcg@20 : 0.035    
Fri 05 Dec 2025 20:47:00 INFO  Saving current best: saved/SASRecD_Log_Mlp-Dec-05-2025_20-30-20.pth
Fri 05 Dec 2025 20:47:39 INFO  epoch 24 training [time: 39.30s, train loss: 1463.2793]
Fri 05 Dec 2025 20:48:19 INFO  epoch 25 training [time: 39.75s, train loss: 1450.4131]
Fri 05 Dec 2025 20:48:22 INFO  epoch 25 evaluating [time: 2.64s, valid_score: 0.061500]
Fri 05 Dec 2025 20:48:22 INFO  valid result: 
recall@3 : 0.0275    recall@5 : 0.0403    recall@10 : 0.0615    recall@20 : 0.0891    ndcg@3 : 0.0166    ndcg@5 : 0.0218    ndcg@10 : 0.0287    ndcg@20 : 0.0356    
Fri 05 Dec 2025 20:48:24 INFO  Saving current best: saved/SASRecD_Log_Mlp-Dec-05-2025_20-30-20.pth
Fri 05 Dec 2025 20:49:03 INFO  epoch 26 training [time: 39.05s, train loss: 1437.9298]
Fri 05 Dec 2025 20:49:43 INFO  epoch 27 training [time: 39.76s, train loss: 1426.0436]
Fri 05 Dec 2025 20:49:46 INFO  epoch 27 evaluating [time: 2.63s, valid_score: 0.063000]
Fri 05 Dec 2025 20:49:46 INFO  valid result: 
recall@3 : 0.0283    recall@5 : 0.0414    recall@10 : 0.063    recall@20 : 0.0909    ndcg@3 : 0.017    ndcg@5 : 0.0224    ndcg@10 : 0.0294    ndcg@20 : 0.0364    
Fri 05 Dec 2025 20:49:48 INFO  Saving current best: saved/SASRecD_Log_Mlp-Dec-05-2025_20-30-20.pth
Fri 05 Dec 2025 20:50:28 INFO  epoch 28 training [time: 39.69s, train loss: 1413.6793]
Fri 05 Dec 2025 20:51:07 INFO  epoch 29 training [time: 38.97s, train loss: 1402.5465]
Fri 05 Dec 2025 20:51:09 INFO  epoch 29 evaluating [time: 2.65s, valid_score: 0.063900]
Fri 05 Dec 2025 20:51:09 INFO  valid result: 
recall@3 : 0.0287    recall@5 : 0.0417    recall@10 : 0.0639    recall@20 : 0.093    ndcg@3 : 0.0172    ndcg@5 : 0.0226    ndcg@10 : 0.0298    ndcg@20 : 0.0371    
Fri 05 Dec 2025 20:51:12 INFO  Saving current best: saved/SASRecD_Log_Mlp-Dec-05-2025_20-30-20.pth
Fri 05 Dec 2025 20:51:51 INFO  epoch 30 training [time: 39.73s, train loss: 1390.9047]
Fri 05 Dec 2025 20:52:31 INFO  epoch 31 training [time: 39.27s, train loss: 1379.5930]
Fri 05 Dec 2025 20:52:33 INFO  epoch 31 evaluating [time: 2.60s, valid_score: 0.064900]
Fri 05 Dec 2025 20:52:33 INFO  valid result: 
recall@3 : 0.0291    recall@5 : 0.0421    recall@10 : 0.0649    recall@20 : 0.0939    ndcg@3 : 0.0174    ndcg@5 : 0.0228    ndcg@10 : 0.0301    ndcg@20 : 0.0374    
Fri 05 Dec 2025 20:52:35 INFO  Saving current best: saved/SASRecD_Log_Mlp-Dec-05-2025_20-30-20.pth
Fri 05 Dec 2025 20:53:15 INFO  epoch 32 training [time: 39.84s, train loss: 1368.9123]
Fri 05 Dec 2025 20:53:55 INFO  epoch 33 training [time: 39.69s, train loss: 1357.7704]
Fri 05 Dec 2025 20:53:58 INFO  epoch 33 evaluating [time: 2.63s, valid_score: 0.065700]
Fri 05 Dec 2025 20:53:58 INFO  valid result: 
recall@3 : 0.0297    recall@5 : 0.0426    recall@10 : 0.0657    recall@20 : 0.0959    ndcg@3 : 0.0178    ndcg@5 : 0.0231    ndcg@10 : 0.0305    ndcg@20 : 0.0381    
Fri 05 Dec 2025 20:53:59 INFO  Saving current best: saved/SASRecD_Log_Mlp-Dec-05-2025_20-30-20.pth
Fri 05 Dec 2025 20:54:39 INFO  epoch 34 training [time: 39.86s, train loss: 1347.4862]
Fri 05 Dec 2025 20:55:19 INFO  epoch 35 training [time: 39.78s, train loss: 1336.8126]
Fri 05 Dec 2025 20:55:21 INFO  epoch 35 evaluating [time: 2.65s, valid_score: 0.065700]
Fri 05 Dec 2025 20:55:21 INFO  valid result: 
recall@3 : 0.0294    recall@5 : 0.0434    recall@10 : 0.0657    recall@20 : 0.0954    ndcg@3 : 0.0176    ndcg@5 : 0.0234    ndcg@10 : 0.0306    ndcg@20 : 0.038    
Fri 05 Dec 2025 20:56:01 INFO  epoch 36 training [time: 39.75s, train loss: 1326.3679]
Fri 05 Dec 2025 20:56:40 INFO  epoch 37 training [time: 38.92s, train loss: 1316.0969]
Fri 05 Dec 2025 20:56:43 INFO  epoch 37 evaluating [time: 2.63s, valid_score: 0.066500]
Fri 05 Dec 2025 20:56:43 INFO  valid result: 
recall@3 : 0.0301    recall@5 : 0.0435    recall@10 : 0.0665    recall@20 : 0.096    ndcg@3 : 0.0181    ndcg@5 : 0.0236    ndcg@10 : 0.031    ndcg@20 : 0.0385    
Fri 05 Dec 2025 20:56:45 INFO  Saving current best: saved/SASRecD_Log_Mlp-Dec-05-2025_20-30-20.pth
Fri 05 Dec 2025 20:57:25 INFO  epoch 38 training [time: 39.80s, train loss: 1305.7731]
Fri 05 Dec 2025 20:58:05 INFO  epoch 39 training [time: 39.82s, train loss: 1295.7636]
Fri 05 Dec 2025 20:58:07 INFO  epoch 39 evaluating [time: 2.63s, valid_score: 0.066400]
Fri 05 Dec 2025 20:58:07 INFO  valid result: 
recall@3 : 0.0306    recall@5 : 0.0435    recall@10 : 0.0664    recall@20 : 0.0969    ndcg@3 : 0.0183    ndcg@5 : 0.0237    ndcg@10 : 0.031    ndcg@20 : 0.0387    
Fri 05 Dec 2025 20:58:46 INFO  epoch 40 training [time: 39.11s, train loss: 1285.3332]
Fri 05 Dec 2025 20:59:26 INFO  epoch 41 training [time: 39.80s, train loss: 1275.0733]
Fri 05 Dec 2025 20:59:29 INFO  epoch 41 evaluating [time: 2.66s, valid_score: 0.067000]
Fri 05 Dec 2025 20:59:29 INFO  valid result: 
recall@3 : 0.0303    recall@5 : 0.0438    recall@10 : 0.067    recall@20 : 0.0965    ndcg@3 : 0.0182    ndcg@5 : 0.0237    ndcg@10 : 0.0312    ndcg@20 : 0.0387    
Fri 05 Dec 2025 20:59:31 INFO  Saving current best: saved/SASRecD_Log_Mlp-Dec-05-2025_20-30-20.pth
Fri 05 Dec 2025 21:00:11 INFO  epoch 42 training [time: 39.91s, train loss: 1265.2117]
Fri 05 Dec 2025 21:00:50 INFO  epoch 43 training [time: 38.99s, train loss: 1255.2156]
Fri 05 Dec 2025 21:00:53 INFO  epoch 43 evaluating [time: 2.65s, valid_score: 0.066700]
Fri 05 Dec 2025 21:00:53 INFO  valid result: 
recall@3 : 0.0301    recall@5 : 0.0436    recall@10 : 0.0667    recall@20 : 0.0972    ndcg@3 : 0.0181    ndcg@5 : 0.0236    ndcg@10 : 0.031    ndcg@20 : 0.0388    
Fri 05 Dec 2025 21:01:32 INFO  epoch 44 training [time: 39.78s, train loss: 1244.7176]
Fri 05 Dec 2025 21:02:12 INFO  epoch 45 training [time: 39.75s, train loss: 1234.8228]
Fri 05 Dec 2025 21:02:15 INFO  epoch 45 evaluating [time: 2.64s, valid_score: 0.066900]
Fri 05 Dec 2025 21:02:15 INFO  valid result: 
recall@3 : 0.0304    recall@5 : 0.0441    recall@10 : 0.0669    recall@20 : 0.0979    ndcg@3 : 0.0183    ndcg@5 : 0.024    ndcg@10 : 0.0313    ndcg@20 : 0.0391    
Fri 05 Dec 2025 21:02:55 INFO  epoch 46 training [time: 39.78s, train loss: 1225.0200]
Fri 05 Dec 2025 21:03:33 INFO  epoch 47 training [time: 38.97s, train loss: 1214.5205]
Fri 05 Dec 2025 21:03:36 INFO  epoch 47 evaluating [time: 2.63s, valid_score: 0.067200]
Fri 05 Dec 2025 21:03:36 INFO  valid result: 
recall@3 : 0.0301    recall@5 : 0.0436    recall@10 : 0.0672    recall@20 : 0.098    ndcg@3 : 0.0181    ndcg@5 : 0.0237    ndcg@10 : 0.0312    ndcg@20 : 0.039    
Fri 05 Dec 2025 21:03:38 INFO  Saving current best: saved/SASRecD_Log_Mlp-Dec-05-2025_20-30-20.pth
Fri 05 Dec 2025 21:04:18 INFO  epoch 48 training [time: 39.94s, train loss: 1204.7452]
Fri 05 Dec 2025 21:04:58 INFO  epoch 49 training [time: 39.90s, train loss: 1194.4867]
Fri 05 Dec 2025 21:05:00 INFO  epoch 49 evaluating [time: 1.84s, valid_score: 0.067200]
Fri 05 Dec 2025 21:05:00 INFO  valid result: 
recall@3 : 0.0304    recall@5 : 0.0439    recall@10 : 0.0672    recall@20 : 0.098    ndcg@3 : 0.0183    ndcg@5 : 0.0239    ndcg@10 : 0.0313    ndcg@20 : 0.0391    
Fri 05 Dec 2025 21:05:40 INFO  epoch 50 training [time: 39.60s, train loss: 1184.7239]
Fri 05 Dec 2025 21:06:19 INFO  epoch 51 training [time: 39.84s, train loss: 1173.6265]
Fri 05 Dec 2025 21:06:22 INFO  epoch 51 evaluating [time: 2.64s, valid_score: 0.066600]
Fri 05 Dec 2025 21:06:22 INFO  valid result: 
recall@3 : 0.0299    recall@5 : 0.0434    recall@10 : 0.0666    recall@20 : 0.0983    ndcg@3 : 0.0181    ndcg@5 : 0.0237    ndcg@10 : 0.0312    ndcg@20 : 0.0391    
Fri 05 Dec 2025 21:07:02 INFO  epoch 52 training [time: 39.72s, train loss: 1163.6510]
Fri 05 Dec 2025 21:07:41 INFO  epoch 53 training [time: 38.94s, train loss: 1153.8002]
Fri 05 Dec 2025 21:07:43 INFO  epoch 53 evaluating [time: 2.64s, valid_score: 0.068200]
Fri 05 Dec 2025 21:07:43 INFO  valid result: 
recall@3 : 0.0303    recall@5 : 0.0439    recall@10 : 0.0682    recall@20 : 0.0985    ndcg@3 : 0.0183    ndcg@5 : 0.0239    ndcg@10 : 0.0317    ndcg@20 : 0.0393    
Fri 05 Dec 2025 21:07:46 INFO  Saving current best: saved/SASRecD_Log_Mlp-Dec-05-2025_20-30-20.pth
Fri 05 Dec 2025 21:08:26 INFO  epoch 54 training [time: 39.86s, train loss: 1142.7864]
Fri 05 Dec 2025 21:09:05 INFO  epoch 55 training [time: 39.77s, train loss: 1132.5281]
Fri 05 Dec 2025 21:09:08 INFO  epoch 55 evaluating [time: 2.67s, valid_score: 0.068300]
Fri 05 Dec 2025 21:09:08 INFO  valid result: 
recall@3 : 0.0302    recall@5 : 0.0446    recall@10 : 0.0683    recall@20 : 0.0986    ndcg@3 : 0.0183    ndcg@5 : 0.0242    ndcg@10 : 0.0318    ndcg@20 : 0.0394    
Fri 05 Dec 2025 21:09:10 INFO  Saving current best: saved/SASRecD_Log_Mlp-Dec-05-2025_20-30-20.pth
Fri 05 Dec 2025 21:09:49 INFO  epoch 56 training [time: 38.99s, train loss: 1121.7961]
Fri 05 Dec 2025 21:10:29 INFO  epoch 57 training [time: 39.73s, train loss: 1111.1426]
Fri 05 Dec 2025 21:10:32 INFO  epoch 57 evaluating [time: 2.64s, valid_score: 0.067400]
Fri 05 Dec 2025 21:10:32 INFO  valid result: 
recall@3 : 0.0299    recall@5 : 0.0439    recall@10 : 0.0674    recall@20 : 0.0987    ndcg@3 : 0.0182    ndcg@5 : 0.0239    ndcg@10 : 0.0315    ndcg@20 : 0.0394    
Fri 05 Dec 2025 21:11:11 INFO  epoch 58 training [time: 39.72s, train loss: 1099.8825]
Fri 05 Dec 2025 21:11:51 INFO  epoch 59 training [time: 39.69s, train loss: 1089.0015]
Fri 05 Dec 2025 21:11:54 INFO  epoch 59 evaluating [time: 2.59s, valid_score: 0.068300]
Fri 05 Dec 2025 21:11:54 INFO  valid result: 
recall@3 : 0.03    recall@5 : 0.044    recall@10 : 0.0683    recall@20 : 0.1001    ndcg@3 : 0.0182    ndcg@5 : 0.024    ndcg@10 : 0.0318    ndcg@20 : 0.0398    
Fri 05 Dec 2025 21:12:33 INFO  epoch 60 training [time: 39.28s, train loss: 1078.7125]
Fri 05 Dec 2025 21:13:12 INFO  epoch 61 training [time: 39.03s, train loss: 1067.3070]
Fri 05 Dec 2025 21:13:15 INFO  epoch 61 evaluating [time: 2.65s, valid_score: 0.067500]
Fri 05 Dec 2025 21:13:15 INFO  valid result: 
recall@3 : 0.0294    recall@5 : 0.0442    recall@10 : 0.0675    recall@20 : 0.0987    ndcg@3 : 0.0178    ndcg@5 : 0.0239    ndcg@10 : 0.0314    ndcg@20 : 0.0392    
Fri 05 Dec 2025 21:13:54 INFO  epoch 62 training [time: 39.90s, train loss: 1056.1065]
Fri 05 Dec 2025 21:14:34 INFO  epoch 63 training [time: 39.80s, train loss: 1044.8454]
Fri 05 Dec 2025 21:14:37 INFO  epoch 63 evaluating [time: 2.64s, valid_score: 0.067900]
Fri 05 Dec 2025 21:14:37 INFO  valid result: 
recall@3 : 0.0299    recall@5 : 0.0444    recall@10 : 0.0679    recall@20 : 0.0991    ndcg@3 : 0.0183    ndcg@5 : 0.0242    ndcg@10 : 0.0318    ndcg@20 : 0.0397    
Fri 05 Dec 2025 21:15:16 INFO  epoch 64 training [time: 38.99s, train loss: 1034.3076]
Fri 05 Dec 2025 21:15:56 INFO  epoch 65 training [time: 39.62s, train loss: 1023.3408]
Fri 05 Dec 2025 21:15:58 INFO  epoch 65 evaluating [time: 2.63s, valid_score: 0.068800]
Fri 05 Dec 2025 21:15:58 INFO  valid result: 
recall@3 : 0.0306    recall@5 : 0.0442    recall@10 : 0.0688    recall@20 : 0.0987    ndcg@3 : 0.0188    ndcg@5 : 0.0244    ndcg@10 : 0.0323    ndcg@20 : 0.0398    
Fri 05 Dec 2025 21:16:01 INFO  Saving current best: saved/SASRecD_Log_Mlp-Dec-05-2025_20-30-20.pth
Fri 05 Dec 2025 21:16:41 INFO  epoch 66 training [time: 39.86s, train loss: 1011.5717]
Fri 05 Dec 2025 21:17:20 INFO  epoch 67 training [time: 39.06s, train loss: 1000.1278]
Fri 05 Dec 2025 21:17:22 INFO  epoch 67 evaluating [time: 2.68s, valid_score: 0.067600]
Fri 05 Dec 2025 21:17:22 INFO  valid result: 
recall@3 : 0.0297    recall@5 : 0.0434    recall@10 : 0.0676    recall@20 : 0.099    ndcg@3 : 0.0182    ndcg@5 : 0.0238    ndcg@10 : 0.0316    ndcg@20 : 0.0394    
Fri 05 Dec 2025 21:18:02 INFO  epoch 68 training [time: 39.79s, train loss: 988.3062]
Fri 05 Dec 2025 21:18:42 INFO  epoch 69 training [time: 39.81s, train loss: 976.4485]
Fri 05 Dec 2025 21:18:45 INFO  epoch 69 evaluating [time: 2.65s, valid_score: 0.067900]
Fri 05 Dec 2025 21:18:45 INFO  valid result: 
recall@3 : 0.0298    recall@5 : 0.0441    recall@10 : 0.0679    recall@20 : 0.0983    ndcg@3 : 0.0181    ndcg@5 : 0.0239    ndcg@10 : 0.0316    ndcg@20 : 0.0393    
Fri 05 Dec 2025 21:19:24 INFO  epoch 70 training [time: 39.74s, train loss: 964.8946]
Fri 05 Dec 2025 21:20:03 INFO  epoch 71 training [time: 38.93s, train loss: 953.5833]
Fri 05 Dec 2025 21:20:06 INFO  epoch 71 evaluating [time: 2.64s, valid_score: 0.067700]
Fri 05 Dec 2025 21:20:06 INFO  valid result: 
recall@3 : 0.0294    recall@5 : 0.0439    recall@10 : 0.0677    recall@20 : 0.0988    ndcg@3 : 0.0179    ndcg@5 : 0.0239    ndcg@10 : 0.0315    ndcg@20 : 0.0393    
Fri 05 Dec 2025 21:20:46 INFO  epoch 72 training [time: 39.85s, train loss: 940.9358]
Fri 05 Dec 2025 21:21:26 INFO  epoch 73 training [time: 39.90s, train loss: 928.9389]
Fri 05 Dec 2025 21:21:28 INFO  epoch 73 evaluating [time: 2.66s, valid_score: 0.067200]
Fri 05 Dec 2025 21:21:28 INFO  valid result: 
recall@3 : 0.0302    recall@5 : 0.0439    recall@10 : 0.0672    recall@20 : 0.0983    ndcg@3 : 0.0183    ndcg@5 : 0.0239    ndcg@10 : 0.0314    ndcg@20 : 0.0392    
Fri 05 Dec 2025 21:22:07 INFO  epoch 74 training [time: 38.91s, train loss: 917.1648]
Fri 05 Dec 2025 21:22:47 INFO  epoch 75 training [time: 39.81s, train loss: 905.2784]
Fri 05 Dec 2025 21:22:50 INFO  epoch 75 evaluating [time: 2.68s, valid_score: 0.068100]
Fri 05 Dec 2025 21:22:50 INFO  valid result: 
recall@3 : 0.0298    recall@5 : 0.0437    recall@10 : 0.0681    recall@20 : 0.0993    ndcg@3 : 0.0182    ndcg@5 : 0.0239    ndcg@10 : 0.0318    ndcg@20 : 0.0396    
Fri 05 Dec 2025 21:23:29 INFO  epoch 76 training [time: 39.80s, train loss: 892.7527]
Fri 05 Dec 2025 21:24:08 INFO  epoch 77 training [time: 38.95s, train loss: 880.4797]
Fri 05 Dec 2025 21:24:11 INFO  epoch 77 evaluating [time: 2.63s, valid_score: 0.066800]
Fri 05 Dec 2025 21:24:11 INFO  valid result: 
recall@3 : 0.0293    recall@5 : 0.0436    recall@10 : 0.0668    recall@20 : 0.0982    ndcg@3 : 0.0182    ndcg@5 : 0.0241    ndcg@10 : 0.0315    ndcg@20 : 0.0394    
Fri 05 Dec 2025 21:24:51 INFO  epoch 78 training [time: 39.67s, train loss: 867.4624]
Fri 05 Dec 2025 21:25:30 INFO  epoch 79 training [time: 39.74s, train loss: 854.8114]
Fri 05 Dec 2025 21:25:33 INFO  epoch 79 evaluating [time: 2.65s, valid_score: 0.067500]
Fri 05 Dec 2025 21:25:33 INFO  valid result: 
recall@3 : 0.0299    recall@5 : 0.0449    recall@10 : 0.0675    recall@20 : 0.0982    ndcg@3 : 0.0186    ndcg@5 : 0.0247    ndcg@10 : 0.032    ndcg@20 : 0.0397    
Fri 05 Dec 2025 21:26:13 INFO  epoch 80 training [time: 39.92s, train loss: 842.3592]
Fri 05 Dec 2025 21:26:52 INFO  epoch 81 training [time: 38.91s, train loss: 829.7698]
Fri 05 Dec 2025 21:26:55 INFO  epoch 81 evaluating [time: 2.65s, valid_score: 0.066900]
Fri 05 Dec 2025 21:26:55 INFO  valid result: 
recall@3 : 0.0302    recall@5 : 0.0442    recall@10 : 0.0669    recall@20 : 0.0987    ndcg@3 : 0.0185    ndcg@5 : 0.0243    ndcg@10 : 0.0316    ndcg@20 : 0.0396    
Fri 05 Dec 2025 21:27:34 INFO  epoch 82 training [time: 39.91s, train loss: 816.4999]
Fri 05 Dec 2025 21:28:14 INFO  epoch 83 training [time: 39.82s, train loss: 802.6778]
Fri 05 Dec 2025 21:28:17 INFO  epoch 83 evaluating [time: 2.65s, valid_score: 0.066700]
Fri 05 Dec 2025 21:28:17 INFO  valid result: 
recall@3 : 0.0294    recall@5 : 0.0432    recall@10 : 0.0667    recall@20 : 0.0979    ndcg@3 : 0.0183    ndcg@5 : 0.024    ndcg@10 : 0.0316    ndcg@20 : 0.0395    
Fri 05 Dec 2025 21:28:56 INFO  epoch 84 training [time: 38.82s, train loss: 790.7173]
Fri 05 Dec 2025 21:29:36 INFO  epoch 85 training [time: 39.75s, train loss: 777.1985]
Fri 05 Dec 2025 21:29:38 INFO  epoch 85 evaluating [time: 2.69s, valid_score: 0.066900]
Fri 05 Dec 2025 21:29:38 INFO  valid result: 
recall@3 : 0.0298    recall@5 : 0.0439    recall@10 : 0.0669    recall@20 : 0.0974    ndcg@3 : 0.0184    ndcg@5 : 0.0241    ndcg@10 : 0.0315    ndcg@20 : 0.0392    
Fri 05 Dec 2025 21:30:18 INFO  epoch 86 training [time: 39.77s, train loss: 763.3972]
Fri 05 Dec 2025 21:30:57 INFO  epoch 87 training [time: 38.85s, train loss: 749.6076]
Fri 05 Dec 2025 21:30:59 INFO  epoch 87 evaluating [time: 2.64s, valid_score: 0.066900]
Fri 05 Dec 2025 21:30:59 INFO  valid result: 
recall@3 : 0.0299    recall@5 : 0.044    recall@10 : 0.0669    recall@20 : 0.0983    ndcg@3 : 0.0184    ndcg@5 : 0.0242    ndcg@10 : 0.0316    ndcg@20 : 0.0395    
Fri 05 Dec 2025 21:30:59 INFO  Finished training, best eval result in epoch 65
Fri 05 Dec 2025 21:31:01 INFO  Loading model structure and parameters from saved/SASRecD_Log_Mlp-Dec-05-2025_20-30-20.pth
Fri 05 Dec 2025 21:31:04 INFO  best valid : {'recall@3': np.float64(0.0306), 'recall@5': np.float64(0.0442), 'recall@10': np.float64(0.0688), 'recall@20': np.float64(0.0987), 'ndcg@3': np.float64(0.0188), 'ndcg@5': np.float64(0.0244), 'ndcg@10': np.float64(0.0323), 'ndcg@20': np.float64(0.0398)}
Fri 05 Dec 2025 21:31:04 INFO  test result: {'recall@3': np.float64(0.023), 'recall@5': np.float64(0.0345), 'recall@10': np.float64(0.0535), 'recall@20': np.float64(0.08), 'ndcg@3': np.float64(0.0141), 'ndcg@5': np.float64(0.0189), 'ndcg@10': np.float64(0.025), 'ndcg@20': np.float64(0.0317)}
