Fri 05 Dec 2025 22:32:11 INFO  
General Hyper Parameters:
gpu_id = 0
use_gpu = True
seed = 321
state = INFO
reproducibility = False
data_path = ./recbole/data/dataset/Amazon_Sports_and_Outdoors
show_progress = True
save_dataset = False
save_dataloaders = False
benchmark_filename = None

Training Hyper Parameters:
checkpoint_dir = saved
epochs = 200
train_batch_size = 1024
learner = adam
learning_rate = 0.0001
eval_step = 2
stopping_step = 10
clip_grad_norm = None
weight_decay = 0.0
loss_decimal_place = 4

Evaluation Hyper Parameters:
eval_args = {'split': {'LS': 'valid_and_test'}, 'group_by': 'user', 'order': 'TO', 'mode': 'full'}
metrics = ['Recall', 'NDCG']
topk = [3, 5, 10, 20]
valid_metric = Recall@10
valid_metric_bigger = True
eval_batch_size = 256
metric_decimal_place = 4

Dataset Hyper Parameters:
field_separator = 	
seq_separator =  
USER_ID_FIELD = user_id
ITEM_ID_FIELD = item_id
RATING_FIELD = rating
TIME_FIELD = timestamp
seq_len = None
LABEL_FIELD = label
threshold = None
NEG_PREFIX = neg_
load_col = {'inter': ['user_id', 'item_id', 'rating', 'timestamp'], 'item': ['item_id', 'title', 'sales_rank', 'price', 'brand', 'categories', 'sales_type'], 'title_original': ['ent_id', 'ent_emb']}
unload_col = None
unused_col = None
additional_feat_suffix = ['title_original']
rm_dup_inter = None
val_interval = None
filter_inter_by_user_or_item = True
user_inter_num_interval = [5,inf)
item_inter_num_interval = [5,inf)
alias_of_user_id = None
alias_of_item_id = ['ent_id']
alias_of_entity_id = None
alias_of_relation_id = None
preload_weight = {'ent_id': 'ent_emb'}
normalize_field = None
normalize_all = None
ITEM_LIST_LENGTH_FIELD = item_length
LIST_SUFFIX = _list
MAX_ITEM_LIST_LENGTH = 50
POSITION_FIELD = position_id
HEAD_ENTITY_ID_FIELD = head_id
TAIL_ENTITY_ID_FIELD = tail_id
RELATION_ID_FIELD = relation_id
ENTITY_ID_FIELD = entity_id

Other Hyper Parameters: 
neg_sampling = None
multi_gpus = False
repeatable = True
MODEL_TYPE = ModelType.SEQUENTIAL
n_layers = 3
n_heads = 8
hidden_size = 256
orig_attribute_hidden_size = [1024]
attribute_hidden_size = [128, 128]
inner_size = 256
hidden_dropout_prob = 0.5
attn_dropout_prob = 0.3
hidden_act = gelu
layer_norm_eps = 1e-12
initializer_range = 0.02
selected_features = ['ent_emb', 'categories']
feature_type = ['static', 'categorical']
pooling_mode = sum
loss_type = CE
weight_sharing = not
fusion_type = gate
lamdas = [5, 5]
attribute_predictor = ['cos_sim', 'linear']
diffusion = {'device': 'cuda', 'dims': [1000], 'emb_size': 20, 'mean_type': 'x0', 'noise_max': 0.02, 'noise_min': 0.0001, 'noise_scale': 0.1, 'noise_schedule': 'linear-var', 'norm': False, 'num_heads': 4, 'reweight': True, 'sampling_noise': False, 'sampling_steps': 0, 'steps': 5, 'structure': 'MLP', 'time_type': 'cat', 'hiddenSize': 128, 'inputSize': 128}
lambda = 0.5
wandb_run_name = titles_categories(ablation_study)
annealing = False
MODEL_INPUT_TYPE = InputType.POINTWISE
eval_type = EvaluatorType.RANKING
device = cuda
train_neg_sample_args = {'strategy': 'none'}
eval_neg_sample_args = {'strategy': 'full', 'distribution': 'uniform'}


Fri 05 Dec 2025 22:32:15 INFO  Amazon_Sports_and_Outdoors
The number of users: 35599
Average actions of users: 8.324540704533963
The number of items: 18358
Average actions of items: 16.142997221768262
The number of inters: 296337
The sparsity of the dataset: 99.95465569853714%
Remain Fields: ['user_id', 'item_id', 'rating', 'timestamp', 'title', 'price', 'brand', 'categories', 'sales_type', 'sales_rank', 'ent_id', 'ent_emb']
Fri 05 Dec 2025 22:32:18 INFO  [Training]: train_batch_size = [1024] negative sampling: [None]
Fri 05 Dec 2025 22:32:18 INFO  [Evaluation]: eval_batch_size = [256] eval_args: [{'split': {'LS': 'valid_and_test'}, 'group_by': 'user', 'order': 'TO', 'mode': 'full'}]
Fri 05 Dec 2025 22:32:20 INFO  SASRecD_Log_Mlp(
  (item_embedding): Embedding(18358, 256, padding_idx=0)
  (position_embedding): Embedding(50, 256)
  (feature_embed_layer_list): ModuleList(
    (0): Embedding(
      18358, 1024
      (mlp): MLP(
        (net): Sequential(
          (0): Linear(in_features=1024, out_features=512, bias=True)
          (1): ReLU()
          (2): Dropout(p=0.1, inplace=False)
          (3): Linear(in_features=512, out_features=256, bias=True)
          (4): ReLU()
          (5): Dropout(p=0.1, inplace=False)
          (6): Linear(in_features=256, out_features=128, bias=True)
          (7): LayerNorm((128,), eps=1e-05, elementwise_affine=True)
        )
      )
    )
    (1): FeatureSeqEmbLayer()
  )
  (trm_encoder): DIFTransformerEncoder(
    (layer): ModuleList(
      (0-2): 3 x DIFTransformerLayer(
        (multi_head_attention): DIFMultiHeadAttention(
          (query): Linear(in_features=256, out_features=256, bias=True)
          (key): Linear(in_features=256, out_features=256, bias=True)
          (value): Linear(in_features=256, out_features=256, bias=True)
          (query_p): Linear(in_features=256, out_features=256, bias=True)
          (key_p): Linear(in_features=256, out_features=256, bias=True)
          (query_layers): ModuleList(
            (0-1): 2 x Linear(in_features=128, out_features=128, bias=True)
          )
          (key_layers): ModuleList(
            (0-1): 2 x Linear(in_features=128, out_features=128, bias=True)
          )
          (fusion_layer): VanillaAttention(
            (projection): Sequential(
              (0): Linear(in_features=50, out_features=50, bias=True)
              (1): ReLU(inplace=True)
              (2): Linear(in_features=50, out_features=1, bias=True)
            )
          )
          (attn_dropout): Dropout(p=0.3, inplace=False)
          (dense): Linear(in_features=256, out_features=256, bias=True)
          (LayerNorm): LayerNorm((256,), eps=1e-12, elementwise_affine=True)
          (out_dropout): Dropout(p=0.5, inplace=False)
        )
        (feed_forward): FeedForward(
          (dense_1): Linear(in_features=256, out_features=256, bias=True)
          (dense_2): Linear(in_features=256, out_features=256, bias=True)
          (LayerNorm): LayerNorm((256,), eps=1e-12, elementwise_affine=True)
          (dropout): Dropout(p=0.5, inplace=False)
        )
      )
    )
  )
  (ap): ModuleList(
    (0): Linear(in_features=256, out_features=1024, bias=True)
    (1): Linear(in_features=256, out_features=1876, bias=True)
  )
  (LayerNorm): LayerNorm((256,), eps=1e-12, elementwise_affine=True)
  (dropout): Dropout(p=0.5, inplace=False)
  (loss_fct): CrossEntropyLoss()
  (attribute_loss_fct): BCEWithLogitsLoss()
)
Trainable parameters: 7935567
Fri 05 Dec 2025 22:33:00 INFO  epoch 0 training [time: 39.90s, train loss: 2114.5780]
Fri 05 Dec 2025 22:33:40 INFO  epoch 1 training [time: 39.37s, train loss: 1871.0948]
Fri 05 Dec 2025 22:33:42 INFO  epoch 1 evaluating [time: 2.66s, valid_score: 0.012400]
Fri 05 Dec 2025 22:33:42 INFO  valid result: 
recall@3 : 0.006    recall@5 : 0.0081    recall@10 : 0.0124    recall@20 : 0.0237    ndcg@3 : 0.0044    ndcg@5 : 0.0053    ndcg@10 : 0.0066    ndcg@20 : 0.0095    
Fri 05 Dec 2025 22:33:46 INFO  Saving current best: saved/SASRecD_Log_Mlp-Dec-05-2025_22-32-20.pth
Fri 05 Dec 2025 22:34:24 INFO  epoch 2 training [time: 38.43s, train loss: 1855.6120]
Fri 05 Dec 2025 22:35:04 INFO  epoch 3 training [time: 39.45s, train loss: 1849.1494]
Fri 05 Dec 2025 22:35:06 INFO  epoch 3 evaluating [time: 2.63s, valid_score: 0.012700]
Fri 05 Dec 2025 22:35:06 INFO  valid result: 
recall@3 : 0.0059    recall@5 : 0.0081    recall@10 : 0.0127    recall@20 : 0.0236    ndcg@3 : 0.0044    ndcg@5 : 0.0053    ndcg@10 : 0.0068    ndcg@20 : 0.0095    
Fri 05 Dec 2025 22:35:09 INFO  Saving current best: saved/SASRecD_Log_Mlp-Dec-05-2025_22-32-20.pth
Fri 05 Dec 2025 22:35:48 INFO  epoch 4 training [time: 39.45s, train loss: 1842.1254]
Fri 05 Dec 2025 22:36:27 INFO  epoch 5 training [time: 38.56s, train loss: 1832.4746]
Fri 05 Dec 2025 22:36:29 INFO  epoch 5 evaluating [time: 2.67s, valid_score: 0.013900]
Fri 05 Dec 2025 22:36:29 INFO  valid result: 
recall@3 : 0.0057    recall@5 : 0.0083    recall@10 : 0.0139    recall@20 : 0.024    ndcg@3 : 0.0042    ndcg@5 : 0.0052    ndcg@10 : 0.0071    ndcg@20 : 0.0096    
Fri 05 Dec 2025 22:36:32 INFO  Saving current best: saved/SASRecD_Log_Mlp-Dec-05-2025_22-32-20.pth
Fri 05 Dec 2025 22:37:12 INFO  epoch 6 training [time: 39.64s, train loss: 1813.5441]
Fri 05 Dec 2025 22:37:51 INFO  epoch 7 training [time: 39.59s, train loss: 1783.1840]
Fri 05 Dec 2025 22:37:54 INFO  epoch 7 evaluating [time: 2.63s, valid_score: 0.021200]
Fri 05 Dec 2025 22:37:54 INFO  valid result: 
recall@3 : 0.008    recall@5 : 0.0117    recall@10 : 0.0212    recall@20 : 0.0355    ndcg@3 : 0.0058    ndcg@5 : 0.0073    ndcg@10 : 0.0103    ndcg@20 : 0.0139    
Fri 05 Dec 2025 22:37:56 INFO  Saving current best: saved/SASRecD_Log_Mlp-Dec-05-2025_22-32-20.pth
Fri 05 Dec 2025 22:38:35 INFO  epoch 8 training [time: 38.40s, train loss: 1757.1790]
Fri 05 Dec 2025 22:39:14 INFO  epoch 9 training [time: 39.37s, train loss: 1734.1424]
Fri 05 Dec 2025 22:39:17 INFO  epoch 9 evaluating [time: 2.63s, valid_score: 0.025300]
Fri 05 Dec 2025 22:39:17 INFO  valid result: 
recall@3 : 0.0094    recall@5 : 0.0142    recall@10 : 0.0253    recall@20 : 0.0434    ndcg@3 : 0.0067    ndcg@5 : 0.0086    ndcg@10 : 0.0122    ndcg@20 : 0.0167    
Fri 05 Dec 2025 22:39:19 INFO  Saving current best: saved/SASRecD_Log_Mlp-Dec-05-2025_22-32-20.pth
Fri 05 Dec 2025 22:39:59 INFO  epoch 10 training [time: 39.49s, train loss: 1711.6707]
Fri 05 Dec 2025 22:40:37 INFO  epoch 11 training [time: 38.43s, train loss: 1688.9344]
Fri 05 Dec 2025 22:40:40 INFO  epoch 11 evaluating [time: 2.65s, valid_score: 0.032300]
Fri 05 Dec 2025 22:40:40 INFO  valid result: 
recall@3 : 0.0126    recall@5 : 0.0185    recall@10 : 0.0323    recall@20 : 0.0531    ndcg@3 : 0.0085    ndcg@5 : 0.0109    ndcg@10 : 0.0153    ndcg@20 : 0.0206    
Fri 05 Dec 2025 22:40:42 INFO  Saving current best: saved/SASRecD_Log_Mlp-Dec-05-2025_22-32-20.pth
Fri 05 Dec 2025 22:41:22 INFO  epoch 12 training [time: 39.45s, train loss: 1666.9824]
Fri 05 Dec 2025 22:42:01 INFO  epoch 13 training [time: 39.33s, train loss: 1645.4525]
Fri 05 Dec 2025 22:42:04 INFO  epoch 13 evaluating [time: 2.67s, valid_score: 0.039300]
Fri 05 Dec 2025 22:42:04 INFO  valid result: 
recall@3 : 0.016    recall@5 : 0.0243    recall@10 : 0.0393    recall@20 : 0.0615    ndcg@3 : 0.0103    ndcg@5 : 0.0138    ndcg@10 : 0.0186    ndcg@20 : 0.0242    
Fri 05 Dec 2025 22:42:06 INFO  Saving current best: saved/SASRecD_Log_Mlp-Dec-05-2025_22-32-20.pth
Fri 05 Dec 2025 22:42:45 INFO  epoch 14 training [time: 38.61s, train loss: 1625.6375]
Fri 05 Dec 2025 22:43:24 INFO  epoch 15 training [time: 39.47s, train loss: 1605.8136]
Fri 05 Dec 2025 22:43:27 INFO  epoch 15 evaluating [time: 2.63s, valid_score: 0.045700]
Fri 05 Dec 2025 22:43:27 INFO  valid result: 
recall@3 : 0.0185    recall@5 : 0.0286    recall@10 : 0.0457    recall@20 : 0.0686    ndcg@3 : 0.0118    ndcg@5 : 0.016    ndcg@10 : 0.0215    ndcg@20 : 0.0272    
Fri 05 Dec 2025 22:43:29 INFO  Saving current best: saved/SASRecD_Log_Mlp-Dec-05-2025_22-32-20.pth
Fri 05 Dec 2025 22:44:09 INFO  epoch 16 training [time: 39.46s, train loss: 1587.1713]
Fri 05 Dec 2025 22:44:47 INFO  epoch 17 training [time: 38.41s, train loss: 1569.3948]
Fri 05 Dec 2025 22:44:50 INFO  epoch 17 evaluating [time: 2.64s, valid_score: 0.049600]
Fri 05 Dec 2025 22:44:50 INFO  valid result: 
recall@3 : 0.0216    recall@5 : 0.0321    recall@10 : 0.0496    recall@20 : 0.0753    ndcg@3 : 0.0135    ndcg@5 : 0.0178    ndcg@10 : 0.0235    ndcg@20 : 0.0299    
Fri 05 Dec 2025 22:44:52 INFO  Saving current best: saved/SASRecD_Log_Mlp-Dec-05-2025_22-32-20.pth
Fri 05 Dec 2025 22:45:32 INFO  epoch 18 training [time: 39.58s, train loss: 1552.0584]
Fri 05 Dec 2025 22:46:12 INFO  epoch 19 training [time: 39.53s, train loss: 1535.8928]
Fri 05 Dec 2025 22:46:14 INFO  epoch 19 evaluating [time: 2.64s, valid_score: 0.054200]
Fri 05 Dec 2025 22:46:14 INFO  valid result: 
recall@3 : 0.0236    recall@5 : 0.0351    recall@10 : 0.0542    recall@20 : 0.0801    ndcg@3 : 0.0146    ndcg@5 : 0.0193    ndcg@10 : 0.0255    ndcg@20 : 0.032    
Fri 05 Dec 2025 22:46:16 INFO  Saving current best: saved/SASRecD_Log_Mlp-Dec-05-2025_22-32-20.pth
Fri 05 Dec 2025 22:46:55 INFO  epoch 20 training [time: 38.38s, train loss: 1520.1889]
Fri 05 Dec 2025 22:47:35 INFO  epoch 21 training [time: 40.47s, train loss: 1505.3103]
Fri 05 Dec 2025 22:47:36 INFO  epoch 21 evaluating [time: 1.17s, valid_score: 0.057100]
Fri 05 Dec 2025 22:47:36 INFO  valid result: 
recall@3 : 0.0257    recall@5 : 0.0369    recall@10 : 0.0571    recall@20 : 0.083    ndcg@3 : 0.0157    ndcg@5 : 0.0203    ndcg@10 : 0.0268    ndcg@20 : 0.0333    
Fri 05 Dec 2025 22:47:39 INFO  Saving current best: saved/SASRecD_Log_Mlp-Dec-05-2025_22-32-20.pth
Fri 05 Dec 2025 22:48:18 INFO  epoch 22 training [time: 39.47s, train loss: 1490.9592]
Fri 05 Dec 2025 22:48:58 INFO  epoch 23 training [time: 39.45s, train loss: 1476.8570]
Fri 05 Dec 2025 22:49:01 INFO  epoch 23 evaluating [time: 2.64s, valid_score: 0.059200]
Fri 05 Dec 2025 22:49:01 INFO  valid result: 
recall@3 : 0.0262    recall@5 : 0.0388    recall@10 : 0.0592    recall@20 : 0.0854    ndcg@3 : 0.016    ndcg@5 : 0.0212    ndcg@10 : 0.0277    ndcg@20 : 0.0343    
Fri 05 Dec 2025 22:49:03 INFO  Saving current best: saved/SASRecD_Log_Mlp-Dec-05-2025_22-32-20.pth
Fri 05 Dec 2025 22:49:42 INFO  epoch 24 training [time: 38.43s, train loss: 1463.2813]
Fri 05 Dec 2025 22:50:21 INFO  epoch 25 training [time: 39.61s, train loss: 1449.9754]
Fri 05 Dec 2025 22:50:24 INFO  epoch 25 evaluating [time: 2.62s, valid_score: 0.060500]
Fri 05 Dec 2025 22:50:24 INFO  valid result: 
recall@3 : 0.0276    recall@5 : 0.0403    recall@10 : 0.0605    recall@20 : 0.0885    ndcg@3 : 0.0167    ndcg@5 : 0.0219    ndcg@10 : 0.0284    ndcg@20 : 0.0355    
Fri 05 Dec 2025 22:50:27 INFO  Saving current best: saved/SASRecD_Log_Mlp-Dec-05-2025_22-32-20.pth
Fri 05 Dec 2025 22:51:06 INFO  epoch 26 training [time: 39.59s, train loss: 1437.9265]
Fri 05 Dec 2025 22:51:46 INFO  epoch 27 training [time: 39.62s, train loss: 1425.2245]
Fri 05 Dec 2025 22:51:48 INFO  epoch 27 evaluating [time: 1.64s, valid_score: 0.061300]
Fri 05 Dec 2025 22:51:48 INFO  valid result: 
recall@3 : 0.0285    recall@5 : 0.0408    recall@10 : 0.0613    recall@20 : 0.0901    ndcg@3 : 0.0171    ndcg@5 : 0.0221    ndcg@10 : 0.0288    ndcg@20 : 0.036    
Fri 05 Dec 2025 22:51:50 INFO  Saving current best: saved/SASRecD_Log_Mlp-Dec-05-2025_22-32-20.pth
Fri 05 Dec 2025 22:52:30 INFO  epoch 28 training [time: 39.43s, train loss: 1413.2252]
Fri 05 Dec 2025 22:53:09 INFO  epoch 29 training [time: 39.42s, train loss: 1401.6541]
Fri 05 Dec 2025 22:53:12 INFO  epoch 29 evaluating [time: 2.66s, valid_score: 0.063300]
Fri 05 Dec 2025 22:53:12 INFO  valid result: 
recall@3 : 0.0285    recall@5 : 0.0419    recall@10 : 0.0633    recall@20 : 0.0916    ndcg@3 : 0.0172    ndcg@5 : 0.0226    ndcg@10 : 0.0295    ndcg@20 : 0.0366    
Fri 05 Dec 2025 22:53:15 INFO  Saving current best: saved/SASRecD_Log_Mlp-Dec-05-2025_22-32-20.pth
Fri 05 Dec 2025 22:53:53 INFO  epoch 30 training [time: 38.52s, train loss: 1390.0999]
Fri 05 Dec 2025 22:54:33 INFO  epoch 31 training [time: 39.56s, train loss: 1378.3912]
Fri 05 Dec 2025 22:54:36 INFO  epoch 31 evaluating [time: 2.64s, valid_score: 0.064200]
Fri 05 Dec 2025 22:54:36 INFO  valid result: 
recall@3 : 0.029    recall@5 : 0.0419    recall@10 : 0.0642    recall@20 : 0.0924    ndcg@3 : 0.0174    ndcg@5 : 0.0227    ndcg@10 : 0.0299    ndcg@20 : 0.037    
Fri 05 Dec 2025 22:54:38 INFO  Saving current best: saved/SASRecD_Log_Mlp-Dec-05-2025_22-32-20.pth
Fri 05 Dec 2025 22:55:18 INFO  epoch 32 training [time: 39.56s, train loss: 1367.0810]
Fri 05 Dec 2025 22:55:58 INFO  epoch 33 training [time: 39.55s, train loss: 1356.8747]
Fri 05 Dec 2025 22:56:00 INFO  epoch 33 evaluating [time: 2.65s, valid_score: 0.065000]
Fri 05 Dec 2025 22:56:00 INFO  valid result: 
recall@3 : 0.029    recall@5 : 0.0422    recall@10 : 0.065    recall@20 : 0.095    ndcg@3 : 0.0175    ndcg@5 : 0.0229    ndcg@10 : 0.0302    ndcg@20 : 0.0377    
Fri 05 Dec 2025 22:56:03 INFO  Saving current best: saved/SASRecD_Log_Mlp-Dec-05-2025_22-32-20.pth
Fri 05 Dec 2025 22:56:42 INFO  epoch 34 training [time: 38.92s, train loss: 1345.7451]
Fri 05 Dec 2025 22:57:21 INFO  epoch 35 training [time: 38.61s, train loss: 1335.2644]
Fri 05 Dec 2025 22:57:23 INFO  epoch 35 evaluating [time: 2.64s, valid_score: 0.065500]
Fri 05 Dec 2025 22:57:23 INFO  valid result: 
recall@3 : 0.0293    recall@5 : 0.0426    recall@10 : 0.0655    recall@20 : 0.0957    ndcg@3 : 0.0177    ndcg@5 : 0.0231    ndcg@10 : 0.0305    ndcg@20 : 0.0381    
Fri 05 Dec 2025 22:57:26 INFO  Saving current best: saved/SASRecD_Log_Mlp-Dec-05-2025_22-32-20.pth
Fri 05 Dec 2025 22:58:06 INFO  epoch 36 training [time: 39.69s, train loss: 1324.6815]
Fri 05 Dec 2025 22:58:45 INFO  epoch 37 training [time: 38.91s, train loss: 1314.6394]
Fri 05 Dec 2025 22:58:47 INFO  epoch 37 evaluating [time: 2.67s, valid_score: 0.065500]
Fri 05 Dec 2025 22:58:47 INFO  valid result: 
recall@3 : 0.0291    recall@5 : 0.0422    recall@10 : 0.0655    recall@20 : 0.0966    ndcg@3 : 0.0175    ndcg@5 : 0.023    ndcg@10 : 0.0305    ndcg@20 : 0.0383    
Fri 05 Dec 2025 22:59:27 INFO  epoch 38 training [time: 39.39s, train loss: 1303.9623]
Fri 05 Dec 2025 23:00:05 INFO  epoch 39 training [time: 38.41s, train loss: 1294.1873]
Fri 05 Dec 2025 23:00:08 INFO  epoch 39 evaluating [time: 2.62s, valid_score: 0.066400]
Fri 05 Dec 2025 23:00:08 INFO  valid result: 
recall@3 : 0.0289    recall@5 : 0.0425    recall@10 : 0.0664    recall@20 : 0.0964    ndcg@3 : 0.0175    ndcg@5 : 0.0231    ndcg@10 : 0.0308    ndcg@20 : 0.0383    
Fri 05 Dec 2025 23:00:10 INFO  Saving current best: saved/SASRecD_Log_Mlp-Dec-05-2025_22-32-20.pth
Fri 05 Dec 2025 23:00:50 INFO  epoch 40 training [time: 39.59s, train loss: 1283.9560]
Fri 05 Dec 2025 23:01:29 INFO  epoch 41 training [time: 39.37s, train loss: 1273.3504]
Fri 05 Dec 2025 23:01:32 INFO  epoch 41 evaluating [time: 2.64s, valid_score: 0.065600]
Fri 05 Dec 2025 23:01:32 INFO  valid result: 
recall@3 : 0.0294    recall@5 : 0.0429    recall@10 : 0.0656    recall@20 : 0.0967    ndcg@3 : 0.0177    ndcg@5 : 0.0233    ndcg@10 : 0.0307    ndcg@20 : 0.0385    
Fri 05 Dec 2025 23:02:10 INFO  epoch 42 training [time: 38.43s, train loss: 1263.7009]
Fri 05 Dec 2025 23:02:50 INFO  epoch 43 training [time: 39.46s, train loss: 1254.0103]
Fri 05 Dec 2025 23:02:53 INFO  epoch 43 evaluating [time: 2.64s, valid_score: 0.066700]
Fri 05 Dec 2025 23:02:53 INFO  valid result: 
recall@3 : 0.029    recall@5 : 0.0428    recall@10 : 0.0667    recall@20 : 0.0971    ndcg@3 : 0.0175    ndcg@5 : 0.0231    ndcg@10 : 0.0308    ndcg@20 : 0.0385    
Fri 05 Dec 2025 23:02:55 INFO  Saving current best: saved/SASRecD_Log_Mlp-Dec-05-2025_22-32-20.pth
Fri 05 Dec 2025 23:03:35 INFO  epoch 44 training [time: 39.43s, train loss: 1243.2915]
Fri 05 Dec 2025 23:04:14 INFO  epoch 45 training [time: 39.59s, train loss: 1233.5380]
Fri 05 Dec 2025 23:04:16 INFO  epoch 45 evaluating [time: 1.65s, valid_score: 0.066900]
Fri 05 Dec 2025 23:04:16 INFO  valid result: 
recall@3 : 0.0294    recall@5 : 0.0432    recall@10 : 0.0669    recall@20 : 0.0969    ndcg@3 : 0.0178    ndcg@5 : 0.0234    ndcg@10 : 0.0311    ndcg@20 : 0.0387    
Fri 05 Dec 2025 23:04:19 INFO  Saving current best: saved/SASRecD_Log_Mlp-Dec-05-2025_22-32-20.pth
Fri 05 Dec 2025 23:04:59 INFO  epoch 46 training [time: 39.66s, train loss: 1222.5259]
Fri 05 Dec 2025 23:05:38 INFO  epoch 47 training [time: 39.63s, train loss: 1213.4143]
Fri 05 Dec 2025 23:05:41 INFO  epoch 47 evaluating [time: 2.66s, valid_score: 0.067200]
Fri 05 Dec 2025 23:05:41 INFO  valid result: 
recall@3 : 0.0298    recall@5 : 0.0436    recall@10 : 0.0672    recall@20 : 0.0985    ndcg@3 : 0.0179    ndcg@5 : 0.0236    ndcg@10 : 0.0312    ndcg@20 : 0.0391    
Fri 05 Dec 2025 23:05:44 INFO  Saving current best: saved/SASRecD_Log_Mlp-Dec-05-2025_22-32-20.pth
Fri 05 Dec 2025 23:06:22 INFO  epoch 48 training [time: 38.62s, train loss: 1203.3278]
Fri 05 Dec 2025 23:07:02 INFO  epoch 49 training [time: 39.45s, train loss: 1192.5717]
Fri 05 Dec 2025 23:07:04 INFO  epoch 49 evaluating [time: 2.67s, valid_score: 0.067600]
Fri 05 Dec 2025 23:07:04 INFO  valid result: 
recall@3 : 0.0289    recall@5 : 0.0431    recall@10 : 0.0676    recall@20 : 0.0985    ndcg@3 : 0.0174    ndcg@5 : 0.0232    ndcg@10 : 0.0311    ndcg@20 : 0.0389    
Fri 05 Dec 2025 23:07:07 INFO  Saving current best: saved/SASRecD_Log_Mlp-Dec-05-2025_22-32-20.pth
Fri 05 Dec 2025 23:07:47 INFO  epoch 50 training [time: 39.70s, train loss: 1182.6506]
Fri 05 Dec 2025 23:08:26 INFO  epoch 51 training [time: 38.63s, train loss: 1172.6977]
Fri 05 Dec 2025 23:08:28 INFO  epoch 51 evaluating [time: 2.65s, valid_score: 0.067100]
Fri 05 Dec 2025 23:08:28 INFO  valid result: 
recall@3 : 0.0293    recall@5 : 0.0432    recall@10 : 0.0671    recall@20 : 0.0971    ndcg@3 : 0.0178    ndcg@5 : 0.0235    ndcg@10 : 0.0312    ndcg@20 : 0.0387    
Fri 05 Dec 2025 23:09:08 INFO  epoch 52 training [time: 39.72s, train loss: 1162.2596]
Fri 05 Dec 2025 23:09:48 INFO  epoch 53 training [time: 39.85s, train loss: 1151.6267]
Fri 05 Dec 2025 23:09:50 INFO  epoch 53 evaluating [time: 2.65s, valid_score: 0.067700]
Fri 05 Dec 2025 23:09:50 INFO  valid result: 
recall@3 : 0.0296    recall@5 : 0.0441    recall@10 : 0.0677    recall@20 : 0.0978    ndcg@3 : 0.0179    ndcg@5 : 0.0239    ndcg@10 : 0.0315    ndcg@20 : 0.039    
Fri 05 Dec 2025 23:09:53 INFO  Saving current best: saved/SASRecD_Log_Mlp-Dec-05-2025_22-32-20.pth
Fri 05 Dec 2025 23:10:32 INFO  epoch 54 training [time: 38.68s, train loss: 1140.8766]
Fri 05 Dec 2025 23:11:11 INFO  epoch 55 training [time: 39.67s, train loss: 1130.7746]
Fri 05 Dec 2025 23:11:14 INFO  epoch 55 evaluating [time: 2.68s, valid_score: 0.067400]
Fri 05 Dec 2025 23:11:14 INFO  valid result: 
recall@3 : 0.0296    recall@5 : 0.0439    recall@10 : 0.0674    recall@20 : 0.098    ndcg@3 : 0.018    ndcg@5 : 0.0238    ndcg@10 : 0.0314    ndcg@20 : 0.0391    
Fri 05 Dec 2025 23:11:54 INFO  epoch 56 training [time: 39.77s, train loss: 1120.6502]
Fri 05 Dec 2025 23:12:34 INFO  epoch 57 training [time: 39.75s, train loss: 1109.8588]
Fri 05 Dec 2025 23:12:35 INFO  epoch 57 evaluating [time: 1.59s, valid_score: 0.067500]
Fri 05 Dec 2025 23:12:35 INFO  valid result: 
recall@3 : 0.0294    recall@5 : 0.0437    recall@10 : 0.0675    recall@20 : 0.0977    ndcg@3 : 0.0178    ndcg@5 : 0.0237    ndcg@10 : 0.0314    ndcg@20 : 0.039    
Fri 05 Dec 2025 23:13:15 INFO  epoch 58 training [time: 39.79s, train loss: 1099.1358]
Fri 05 Dec 2025 23:13:55 INFO  epoch 59 training [time: 39.84s, train loss: 1087.6502]
Fri 05 Dec 2025 23:13:57 INFO  epoch 59 evaluating [time: 2.64s, valid_score: 0.066900]
Fri 05 Dec 2025 23:13:57 INFO  valid result: 
recall@3 : 0.0294    recall@5 : 0.0438    recall@10 : 0.0669    recall@20 : 0.0975    ndcg@3 : 0.0179    ndcg@5 : 0.0238    ndcg@10 : 0.0313    ndcg@20 : 0.039    
Fri 05 Dec 2025 23:14:37 INFO  epoch 60 training [time: 39.67s, train loss: 1076.8905]
Fri 05 Dec 2025 23:15:16 INFO  epoch 61 training [time: 38.68s, train loss: 1065.8966]
Fri 05 Dec 2025 23:15:18 INFO  epoch 61 evaluating [time: 2.66s, valid_score: 0.067700]
Fri 05 Dec 2025 23:15:18 INFO  valid result: 
recall@3 : 0.0289    recall@5 : 0.0442    recall@10 : 0.0677    recall@20 : 0.0979    ndcg@3 : 0.0176    ndcg@5 : 0.0239    ndcg@10 : 0.0314    ndcg@20 : 0.039    
Fri 05 Dec 2025 23:15:58 INFO  epoch 62 training [time: 39.69s, train loss: 1054.5691]
Fri 05 Dec 2025 23:16:38 INFO  epoch 63 training [time: 39.75s, train loss: 1043.9865]
Fri 05 Dec 2025 23:16:41 INFO  epoch 63 evaluating [time: 2.64s, valid_score: 0.067600]
Fri 05 Dec 2025 23:16:41 INFO  valid result: 
recall@3 : 0.0298    recall@5 : 0.0449    recall@10 : 0.0676    recall@20 : 0.0989    ndcg@3 : 0.0181    ndcg@5 : 0.0243    ndcg@10 : 0.0316    ndcg@20 : 0.0395    
Fri 05 Dec 2025 23:17:19 INFO  epoch 64 training [time: 38.74s, train loss: 1033.2728]
Fri 05 Dec 2025 23:17:59 INFO  epoch 65 training [time: 39.89s, train loss: 1021.1977]
Fri 05 Dec 2025 23:18:02 INFO  epoch 65 evaluating [time: 2.64s, valid_score: 0.067400]
Fri 05 Dec 2025 23:18:02 INFO  valid result: 
recall@3 : 0.0294    recall@5 : 0.0442    recall@10 : 0.0674    recall@20 : 0.098    ndcg@3 : 0.0179    ndcg@5 : 0.024    ndcg@10 : 0.0315    ndcg@20 : 0.0392    
Fri 05 Dec 2025 23:18:42 INFO  epoch 66 training [time: 39.82s, train loss: 1010.3775]
Fri 05 Dec 2025 23:19:20 INFO  epoch 67 training [time: 38.73s, train loss: 998.5021]
Fri 05 Dec 2025 23:19:23 INFO  epoch 67 evaluating [time: 2.68s, valid_score: 0.066700]
Fri 05 Dec 2025 23:19:23 INFO  valid result: 
recall@3 : 0.0292    recall@5 : 0.0437    recall@10 : 0.0667    recall@20 : 0.0981    ndcg@3 : 0.0179    ndcg@5 : 0.0239    ndcg@10 : 0.0313    ndcg@20 : 0.0392    
Fri 05 Dec 2025 23:20:03 INFO  epoch 68 training [time: 39.74s, train loss: 986.4293]
Fri 05 Dec 2025 23:20:43 INFO  epoch 69 training [time: 39.89s, train loss: 975.5116]
Fri 05 Dec 2025 23:20:45 INFO  epoch 69 evaluating [time: 2.65s, valid_score: 0.066300]
Fri 05 Dec 2025 23:20:45 INFO  valid result: 
recall@3 : 0.0288    recall@5 : 0.0437    recall@10 : 0.0663    recall@20 : 0.0974    ndcg@3 : 0.0176    ndcg@5 : 0.0237    ndcg@10 : 0.031    ndcg@20 : 0.0388    
Fri 05 Dec 2025 23:21:24 INFO  epoch 70 training [time: 38.64s, train loss: 962.6733]
Fri 05 Dec 2025 23:22:04 INFO  epoch 71 training [time: 39.60s, train loss: 951.6764]
Fri 05 Dec 2025 23:22:06 INFO  epoch 71 evaluating [time: 2.65s, valid_score: 0.066100]
Fri 05 Dec 2025 23:22:06 INFO  valid result: 
recall@3 : 0.029    recall@5 : 0.0433    recall@10 : 0.0661    recall@20 : 0.0979    ndcg@3 : 0.0178    ndcg@5 : 0.0237    ndcg@10 : 0.031    ndcg@20 : 0.039    
Fri 05 Dec 2025 23:22:46 INFO  epoch 72 training [time: 39.69s, train loss: 939.0354]
Fri 05 Dec 2025 23:23:26 INFO  epoch 73 training [time: 39.62s, train loss: 927.5160]
Fri 05 Dec 2025 23:23:28 INFO  epoch 73 evaluating [time: 2.64s, valid_score: 0.066600]
Fri 05 Dec 2025 23:23:28 INFO  valid result: 
recall@3 : 0.0291    recall@5 : 0.0434    recall@10 : 0.0666    recall@20 : 0.0976    ndcg@3 : 0.0179    ndcg@5 : 0.0238    ndcg@10 : 0.0313    ndcg@20 : 0.0391    
Fri 05 Dec 2025 23:24:07 INFO  epoch 74 training [time: 38.53s, train loss: 915.1525]
Fri 05 Dec 2025 23:24:46 INFO  epoch 75 training [time: 39.65s, train loss: 902.1993]
Fri 05 Dec 2025 23:24:49 INFO  epoch 75 evaluating [time: 2.64s, valid_score: 0.066700]
Fri 05 Dec 2025 23:24:49 INFO  valid result: 
recall@3 : 0.0287    recall@5 : 0.0442    recall@10 : 0.0667    recall@20 : 0.0979    ndcg@3 : 0.0178    ndcg@5 : 0.0241    ndcg@10 : 0.0314    ndcg@20 : 0.0392    
Fri 05 Dec 2025 23:24:49 INFO  Finished training, best eval result in epoch 53
Fri 05 Dec 2025 23:24:51 INFO  Loading model structure and parameters from saved/SASRecD_Log_Mlp-Dec-05-2025_22-32-20.pth
Fri 05 Dec 2025 23:24:54 INFO  best valid : {'recall@3': np.float64(0.0296), 'recall@5': np.float64(0.0441), 'recall@10': np.float64(0.0677), 'recall@20': np.float64(0.0978), 'ndcg@3': np.float64(0.0179), 'ndcg@5': np.float64(0.0239), 'ndcg@10': np.float64(0.0315), 'ndcg@20': np.float64(0.039)}
Fri 05 Dec 2025 23:24:54 INFO  test result: {'recall@3': np.float64(0.0231), 'recall@5': np.float64(0.035), 'recall@10': np.float64(0.054), 'recall@20': np.float64(0.0786), 'ndcg@3': np.float64(0.014), 'ndcg@5': np.float64(0.0189), 'ndcg@10': np.float64(0.0251), 'ndcg@20': np.float64(0.0312)}
