Fri 05 Dec 2025 15:04:06 INFO  
General Hyper Parameters:
gpu_id = 0
use_gpu = True
seed = 215
state = INFO
reproducibility = False
data_path = ./recbole/data/dataset/Amazon_Sports_and_Outdoors
show_progress = True
save_dataset = False
save_dataloaders = False
benchmark_filename = None

Training Hyper Parameters:
checkpoint_dir = saved
epochs = 200
train_batch_size = 1024
learner = adam
learning_rate = 0.0001
eval_step = 2
stopping_step = 10
clip_grad_norm = None
weight_decay = 0.0
loss_decimal_place = 4

Evaluation Hyper Parameters:
eval_args = {'split': {'LS': 'valid_and_test'}, 'group_by': 'user', 'order': 'TO', 'mode': 'full'}
metrics = ['Recall', 'NDCG']
topk = [3, 5, 10, 20]
valid_metric = Recall@10
valid_metric_bigger = True
eval_batch_size = 256
metric_decimal_place = 4

Dataset Hyper Parameters:
field_separator = 	
seq_separator =  
USER_ID_FIELD = user_id
ITEM_ID_FIELD = item_id
RATING_FIELD = rating
TIME_FIELD = timestamp
seq_len = None
LABEL_FIELD = label
threshold = None
NEG_PREFIX = neg_
load_col = {'inter': ['user_id', 'item_id', 'rating', 'timestamp'], 'item': ['item_id', 'title', 'sales_rank', 'price', 'brand', 'categories', 'sales_type'], 'title': ['ent_id', 'ent_emb']}
unload_col = None
unused_col = None
additional_feat_suffix = ['title']
rm_dup_inter = None
val_interval = None
filter_inter_by_user_or_item = True
user_inter_num_interval = [5,inf)
item_inter_num_interval = [5,inf)
alias_of_user_id = None
alias_of_item_id = ['ent_id']
alias_of_entity_id = None
alias_of_relation_id = None
preload_weight = {'ent_id': 'ent_emb'}
normalize_field = None
normalize_all = None
ITEM_LIST_LENGTH_FIELD = item_length
LIST_SUFFIX = _list
MAX_ITEM_LIST_LENGTH = 50
POSITION_FIELD = position_id
HEAD_ENTITY_ID_FIELD = head_id
TAIL_ENTITY_ID_FIELD = tail_id
RELATION_ID_FIELD = relation_id
ENTITY_ID_FIELD = entity_id

Other Hyper Parameters: 
neg_sampling = None
multi_gpus = False
repeatable = True
n_layers = 3
n_heads = 8
hidden_size = 256
attribute_hidden_size = [128, 128]
inner_size = 256
hidden_dropout_prob = 0.5
attn_dropout_prob = 0.3
hidden_act = gelu
layer_norm_eps = 1e-12
initializer_range = 0.02
selected_features = ['ent_emb', 'categories']
pooling_mode = sum
loss_type = CE
weight_sharing = not
fusion_type = gate
lamdas = [5, 5]
attribute_predictor = ['cos_sim', 'linear']
MODEL_TYPE = ModelType.SEQUENTIAL
orig_attribute_hidden_size = [128]
feature_type = ['static', 'categorical']
diffusion = {'device': 'cuda', 'dims': [1000], 'emb_size': 20, 'mean_type': 'x0', 'noise_max': 0.02, 'noise_min': 0.0001, 'noise_scale': 0.1, 'noise_schedule': 'linear-var', 'norm': False, 'num_heads': 4, 'reweight': True, 'sampling_noise': False, 'sampling_steps': 0, 'steps': 5, 'structure': 'MLP', 'time_type': 'cat', 'hiddenSize': 128, 'inputSize': 128}
lambda = 0.5
wandb_run_name = titles_categories(ablation_study)
annealing = False
MODEL_INPUT_TYPE = InputType.POINTWISE
eval_type = EvaluatorType.RANKING
device = cuda
train_neg_sample_args = {'strategy': 'none'}
eval_neg_sample_args = {'strategy': 'full', 'distribution': 'uniform'}


Fri 05 Dec 2025 15:04:07 INFO  Amazon_Sports_and_Outdoors
The number of users: 35599
Average actions of users: 8.324540704533963
The number of items: 18358
Average actions of items: 16.142997221768262
The number of inters: 296337
The sparsity of the dataset: 99.95465569853714%
Remain Fields: ['user_id', 'item_id', 'rating', 'timestamp', 'title', 'price', 'brand', 'categories', 'sales_type', 'sales_rank', 'ent_id', 'ent_emb']
Fri 05 Dec 2025 15:04:10 INFO  [Training]: train_batch_size = [1024] negative sampling: [None]
Fri 05 Dec 2025 15:04:10 INFO  [Evaluation]: eval_batch_size = [256] eval_args: [{'split': {'LS': 'valid_and_test'}, 'group_by': 'user', 'order': 'TO', 'mode': 'full'}]
Fri 05 Dec 2025 15:04:12 INFO  SASRecD(
  (item_embedding): Embedding(18358, 256, padding_idx=0)
  (position_embedding): Embedding(50, 256)
  (feature_embed_layer_list): ModuleList(
    (0): Embedding(
      18358, 128
      (mlp): MLP(
        (net): Sequential(
          (0): Linear(in_features=256, out_features=128, bias=True)
          (1): LayerNorm((128,), eps=1e-05, elementwise_affine=True)
        )
      )
    )
    (1): FeatureSeqEmbLayer()
  )
  (trm_encoder): DIFTransformerEncoder(
    (layer): ModuleList(
      (0-2): 3 x DIFTransformerLayer(
        (multi_head_attention): DIFMultiHeadAttention(
          (query): Linear(in_features=256, out_features=256, bias=True)
          (key): Linear(in_features=256, out_features=256, bias=True)
          (value): Linear(in_features=256, out_features=256, bias=True)
          (query_p): Linear(in_features=256, out_features=256, bias=True)
          (key_p): Linear(in_features=256, out_features=256, bias=True)
          (query_layers): ModuleList(
            (0-1): 2 x Linear(in_features=128, out_features=128, bias=True)
          )
          (key_layers): ModuleList(
            (0-1): 2 x Linear(in_features=128, out_features=128, bias=True)
          )
          (fusion_layer): VanillaAttention(
            (projection): Sequential(
              (0): Linear(in_features=50, out_features=50, bias=True)
              (1): ReLU(inplace=True)
              (2): Linear(in_features=50, out_features=1, bias=True)
            )
          )
          (attn_dropout): Dropout(p=0.3, inplace=False)
          (dense): Linear(in_features=256, out_features=256, bias=True)
          (LayerNorm): LayerNorm((256,), eps=1e-12, elementwise_affine=True)
          (out_dropout): Dropout(p=0.5, inplace=False)
        )
        (feed_forward): FeedForward(
          (dense_1): Linear(in_features=256, out_features=256, bias=True)
          (dense_2): Linear(in_features=256, out_features=256, bias=True)
          (LayerNorm): LayerNorm((256,), eps=1e-12, elementwise_affine=True)
          (dropout): Dropout(p=0.5, inplace=False)
        )
      )
    )
  )
  (ap): ModuleList(
    (0): Linear(in_features=256, out_features=128, bias=True)
    (1): Linear(in_features=256, out_features=1876, bias=True)
  )
  (LayerNorm): LayerNorm((256,), eps=1e-12, elementwise_affine=True)
  (dropout): Dropout(p=0.5, inplace=False)
  (loss_fct): CrossEntropyLoss()
  (attribute_loss_fct): BCEWithLogitsLoss()
)
Trainable parameters: 7049167
Fri 05 Dec 2025 15:04:51 INFO  epoch 0 training [time: 37.88s, train loss: 2059.8535]
Fri 05 Dec 2025 15:05:28 INFO  epoch 1 training [time: 36.73s, train loss: 1827.5502]
Fri 05 Dec 2025 15:05:30 INFO  epoch 1 evaluating [time: 2.51s, valid_score: 0.012400]
Fri 05 Dec 2025 15:05:30 INFO  valid result: 
recall@3 : 0.006    recall@5 : 0.0079    recall@10 : 0.0124    recall@20 : 0.0235    ndcg@3 : 0.0044    ndcg@5 : 0.0053    ndcg@10 : 0.0067    ndcg@20 : 0.0095    
Fri 05 Dec 2025 15:05:32 INFO  Saving current best: saved/SASRecD-Dec-05-2025_15-04-12.pth
Fri 05 Dec 2025 15:06:08 INFO  epoch 2 training [time: 36.85s, train loss: 1812.4769]
Fri 05 Dec 2025 15:06:45 INFO  epoch 3 training [time: 36.65s, train loss: 1805.9087]
Fri 05 Dec 2025 15:06:47 INFO  epoch 3 evaluating [time: 2.42s, valid_score: 0.012800]
Fri 05 Dec 2025 15:06:47 INFO  valid result: 
recall@3 : 0.0058    recall@5 : 0.0081    recall@10 : 0.0128    recall@20 : 0.0231    ndcg@3 : 0.0043    ndcg@5 : 0.0052    ndcg@10 : 0.0067    ndcg@20 : 0.0093    
Fri 05 Dec 2025 15:06:48 INFO  Saving current best: saved/SASRecD-Dec-05-2025_15-04-12.pth
Fri 05 Dec 2025 15:07:25 INFO  epoch 4 training [time: 36.67s, train loss: 1798.8586]
Fri 05 Dec 2025 15:08:02 INFO  epoch 5 training [time: 36.93s, train loss: 1789.2973]
Fri 05 Dec 2025 15:08:05 INFO  epoch 5 evaluating [time: 2.49s, valid_score: 0.013200]
Fri 05 Dec 2025 15:08:05 INFO  valid result: 
recall@3 : 0.0056    recall@5 : 0.0084    recall@10 : 0.0132    recall@20 : 0.0232    ndcg@3 : 0.0041    ndcg@5 : 0.0052    ndcg@10 : 0.0068    ndcg@20 : 0.0093    
Fri 05 Dec 2025 15:08:06 INFO  Saving current best: saved/SASRecD-Dec-05-2025_15-04-12.pth
Fri 05 Dec 2025 15:08:43 INFO  epoch 6 training [time: 36.85s, train loss: 1772.5309]
Fri 05 Dec 2025 15:09:19 INFO  epoch 7 training [time: 36.86s, train loss: 1742.0129]
Fri 05 Dec 2025 15:09:22 INFO  epoch 7 evaluating [time: 2.47s, valid_score: 0.020000]
Fri 05 Dec 2025 15:09:22 INFO  valid result: 
recall@3 : 0.0079    recall@5 : 0.0119    recall@10 : 0.02    recall@20 : 0.0355    ndcg@3 : 0.0056    ndcg@5 : 0.0072    ndcg@10 : 0.0098    ndcg@20 : 0.0137    
Fri 05 Dec 2025 15:09:23 INFO  Saving current best: saved/SASRecD-Dec-05-2025_15-04-12.pth
Fri 05 Dec 2025 15:10:00 INFO  epoch 8 training [time: 36.93s, train loss: 1715.1867]
Fri 05 Dec 2025 15:10:37 INFO  epoch 9 training [time: 36.91s, train loss: 1691.9394]
Fri 05 Dec 2025 15:10:39 INFO  epoch 9 evaluating [time: 2.44s, valid_score: 0.024700]
Fri 05 Dec 2025 15:10:39 INFO  valid result: 
recall@3 : 0.0091    recall@5 : 0.0135    recall@10 : 0.0247    recall@20 : 0.0416    ndcg@3 : 0.0064    ndcg@5 : 0.0082    ndcg@10 : 0.0117    ndcg@20 : 0.016    
Fri 05 Dec 2025 15:10:40 INFO  Saving current best: saved/SASRecD-Dec-05-2025_15-04-12.pth
Fri 05 Dec 2025 15:11:17 INFO  epoch 10 training [time: 36.94s, train loss: 1668.9576]
Fri 05 Dec 2025 15:11:54 INFO  epoch 11 training [time: 36.77s, train loss: 1646.5510]
Fri 05 Dec 2025 15:11:56 INFO  epoch 11 evaluating [time: 2.44s, valid_score: 0.031300]
Fri 05 Dec 2025 15:11:56 INFO  valid result: 
recall@3 : 0.0115    recall@5 : 0.0185    recall@10 : 0.0313    recall@20 : 0.0522    ndcg@3 : 0.0078    ndcg@5 : 0.0107    ndcg@10 : 0.0147    ndcg@20 : 0.02    
Fri 05 Dec 2025 15:11:58 INFO  Saving current best: saved/SASRecD-Dec-05-2025_15-04-12.pth
Fri 05 Dec 2025 15:12:34 INFO  epoch 12 training [time: 36.77s, train loss: 1625.1102]
Fri 05 Dec 2025 15:13:11 INFO  epoch 13 training [time: 36.94s, train loss: 1604.1548]
Fri 05 Dec 2025 15:13:14 INFO  epoch 13 evaluating [time: 2.46s, valid_score: 0.039000]
Fri 05 Dec 2025 15:13:14 INFO  valid result: 
recall@3 : 0.0156    recall@5 : 0.0238    recall@10 : 0.039    recall@20 : 0.0609    ndcg@3 : 0.0103    ndcg@5 : 0.0137    ndcg@10 : 0.0186    ndcg@20 : 0.0241    
Fri 05 Dec 2025 15:13:15 INFO  Saving current best: saved/SASRecD-Dec-05-2025_15-04-12.pth
Fri 05 Dec 2025 15:13:52 INFO  epoch 14 training [time: 36.86s, train loss: 1584.2060]
Fri 05 Dec 2025 15:14:28 INFO  epoch 15 training [time: 36.92s, train loss: 1565.1544]
Fri 05 Dec 2025 15:14:31 INFO  epoch 15 evaluating [time: 2.42s, valid_score: 0.044600]
Fri 05 Dec 2025 15:14:31 INFO  valid result: 
recall@3 : 0.0189    recall@5 : 0.029    recall@10 : 0.0446    recall@20 : 0.069    ndcg@3 : 0.012    ndcg@5 : 0.0162    ndcg@10 : 0.0212    ndcg@20 : 0.0273    
Fri 05 Dec 2025 15:14:32 INFO  Saving current best: saved/SASRecD-Dec-05-2025_15-04-12.pth
Fri 05 Dec 2025 15:15:09 INFO  epoch 16 training [time: 36.80s, train loss: 1547.0134]
Fri 05 Dec 2025 15:15:46 INFO  epoch 17 training [time: 36.73s, train loss: 1529.3945]
Fri 05 Dec 2025 15:15:48 INFO  epoch 17 evaluating [time: 2.37s, valid_score: 0.050100]
Fri 05 Dec 2025 15:15:48 INFO  valid result: 
recall@3 : 0.0206    recall@5 : 0.031    recall@10 : 0.0501    recall@20 : 0.0759    ndcg@3 : 0.0128    ndcg@5 : 0.0171    ndcg@10 : 0.0233    ndcg@20 : 0.0298    
Fri 05 Dec 2025 15:15:49 INFO  Saving current best: saved/SASRecD-Dec-05-2025_15-04-12.pth
Fri 05 Dec 2025 15:16:26 INFO  epoch 18 training [time: 36.88s, train loss: 1512.6732]
Fri 05 Dec 2025 15:17:03 INFO  epoch 19 training [time: 36.86s, train loss: 1496.0719]
Fri 05 Dec 2025 15:17:05 INFO  epoch 19 evaluating [time: 2.50s, valid_score: 0.054200]
Fri 05 Dec 2025 15:17:05 INFO  valid result: 
recall@3 : 0.0223    recall@5 : 0.0339    recall@10 : 0.0542    recall@20 : 0.0808    ndcg@3 : 0.0138    ndcg@5 : 0.0185    ndcg@10 : 0.0251    ndcg@20 : 0.0318    
Fri 05 Dec 2025 15:17:07 INFO  Saving current best: saved/SASRecD-Dec-05-2025_15-04-12.pth
Fri 05 Dec 2025 15:17:43 INFO  epoch 20 training [time: 36.82s, train loss: 1480.7472]
Fri 05 Dec 2025 15:18:20 INFO  epoch 21 training [time: 36.82s, train loss: 1465.3582]
Fri 05 Dec 2025 15:18:23 INFO  epoch 21 evaluating [time: 2.43s, valid_score: 0.057300]
Fri 05 Dec 2025 15:18:23 INFO  valid result: 
recall@3 : 0.0238    recall@5 : 0.0369    recall@10 : 0.0573    recall@20 : 0.0839    ndcg@3 : 0.0147    ndcg@5 : 0.0201    ndcg@10 : 0.0266    ndcg@20 : 0.0333    
Fri 05 Dec 2025 15:18:24 INFO  Saving current best: saved/SASRecD-Dec-05-2025_15-04-12.pth
Fri 05 Dec 2025 15:19:00 INFO  epoch 22 training [time: 36.78s, train loss: 1451.5111]
Fri 05 Dec 2025 15:19:37 INFO  epoch 23 training [time: 36.87s, train loss: 1437.2999]
Fri 05 Dec 2025 15:19:40 INFO  epoch 23 evaluating [time: 2.41s, valid_score: 0.059200]
Fri 05 Dec 2025 15:19:40 INFO  valid result: 
recall@3 : 0.0258    recall@5 : 0.0379    recall@10 : 0.0592    recall@20 : 0.0874    ndcg@3 : 0.0156    ndcg@5 : 0.0206    ndcg@10 : 0.0274    ndcg@20 : 0.0345    
Fri 05 Dec 2025 15:19:41 INFO  Saving current best: saved/SASRecD-Dec-05-2025_15-04-12.pth
Fri 05 Dec 2025 15:20:17 INFO  epoch 24 training [time: 36.83s, train loss: 1424.2098]
Fri 05 Dec 2025 15:20:55 INFO  epoch 25 training [time: 37.11s, train loss: 1411.3168]
Fri 05 Dec 2025 15:20:57 INFO  epoch 25 evaluating [time: 2.34s, valid_score: 0.060500]
Fri 05 Dec 2025 15:20:57 INFO  valid result: 
recall@3 : 0.0266    recall@5 : 0.039    recall@10 : 0.0605    recall@20 : 0.089    ndcg@3 : 0.0159    ndcg@5 : 0.0211    ndcg@10 : 0.028    ndcg@20 : 0.0352    
Fri 05 Dec 2025 15:20:58 INFO  Saving current best: saved/SASRecD-Dec-05-2025_15-04-12.pth
Fri 05 Dec 2025 15:21:34 INFO  epoch 26 training [time: 36.23s, train loss: 1398.4801]
Fri 05 Dec 2025 15:22:10 INFO  epoch 27 training [time: 36.17s, train loss: 1386.3784]
Fri 05 Dec 2025 15:22:13 INFO  epoch 27 evaluating [time: 2.35s, valid_score: 0.062900]
Fri 05 Dec 2025 15:22:13 INFO  valid result: 
recall@3 : 0.0274    recall@5 : 0.0398    recall@10 : 0.0629    recall@20 : 0.0907    ndcg@3 : 0.0164    ndcg@5 : 0.0215    ndcg@10 : 0.0289    ndcg@20 : 0.0359    
Fri 05 Dec 2025 15:22:14 INFO  Saving current best: saved/SASRecD-Dec-05-2025_15-04-12.pth
Fri 05 Dec 2025 15:22:50 INFO  epoch 28 training [time: 36.30s, train loss: 1373.7170]
Fri 05 Dec 2025 15:23:26 INFO  epoch 29 training [time: 36.20s, train loss: 1362.8163]
Fri 05 Dec 2025 15:23:29 INFO  epoch 29 evaluating [time: 2.45s, valid_score: 0.063100]
Fri 05 Dec 2025 15:23:29 INFO  valid result: 
recall@3 : 0.0274    recall@5 : 0.0407    recall@10 : 0.0631    recall@20 : 0.0922    ndcg@3 : 0.0164    ndcg@5 : 0.0219    ndcg@10 : 0.0291    ndcg@20 : 0.0364    
Fri 05 Dec 2025 15:23:30 INFO  Saving current best: saved/SASRecD-Dec-05-2025_15-04-12.pth
Fri 05 Dec 2025 15:24:06 INFO  epoch 30 training [time: 36.19s, train loss: 1351.6522]
Fri 05 Dec 2025 15:24:42 INFO  epoch 31 training [time: 36.20s, train loss: 1340.2038]
Fri 05 Dec 2025 15:24:44 INFO  epoch 31 evaluating [time: 2.34s, valid_score: 0.063900]
Fri 05 Dec 2025 15:24:44 INFO  valid result: 
recall@3 : 0.0284    recall@5 : 0.041    recall@10 : 0.0639    recall@20 : 0.094    ndcg@3 : 0.0169    ndcg@5 : 0.0221    ndcg@10 : 0.0295    ndcg@20 : 0.037    
Fri 05 Dec 2025 15:24:45 INFO  Saving current best: saved/SASRecD-Dec-05-2025_15-04-12.pth
Fri 05 Dec 2025 15:25:22 INFO  epoch 32 training [time: 36.25s, train loss: 1329.4715]
Fri 05 Dec 2025 15:25:58 INFO  epoch 33 training [time: 36.17s, train loss: 1318.5153]
Fri 05 Dec 2025 15:26:00 INFO  epoch 33 evaluating [time: 2.34s, valid_score: 0.064400]
Fri 05 Dec 2025 15:26:00 INFO  valid result: 
recall@3 : 0.0283    recall@5 : 0.0412    recall@10 : 0.0644    recall@20 : 0.0948    ndcg@3 : 0.0169    ndcg@5 : 0.0222    ndcg@10 : 0.0297    ndcg@20 : 0.0373    
Fri 05 Dec 2025 15:26:01 INFO  Saving current best: saved/SASRecD-Dec-05-2025_15-04-12.pth
Fri 05 Dec 2025 15:26:38 INFO  epoch 34 training [time: 36.44s, train loss: 1308.2222]
Fri 05 Dec 2025 15:27:14 INFO  epoch 35 training [time: 36.45s, train loss: 1297.4825]
Fri 05 Dec 2025 15:27:17 INFO  epoch 35 evaluating [time: 2.36s, valid_score: 0.065100]
Fri 05 Dec 2025 15:27:17 INFO  valid result: 
recall@3 : 0.0281    recall@5 : 0.0422    recall@10 : 0.0651    recall@20 : 0.0954    ndcg@3 : 0.0169    ndcg@5 : 0.0227    ndcg@10 : 0.03    ndcg@20 : 0.0377    
Fri 05 Dec 2025 15:27:18 INFO  Saving current best: saved/SASRecD-Dec-05-2025_15-04-12.pth
Fri 05 Dec 2025 15:27:54 INFO  epoch 36 training [time: 36.35s, train loss: 1287.0669]
Fri 05 Dec 2025 15:28:30 INFO  epoch 37 training [time: 36.30s, train loss: 1276.9483]
Fri 05 Dec 2025 15:28:33 INFO  epoch 37 evaluating [time: 2.41s, valid_score: 0.065500]
Fri 05 Dec 2025 15:28:33 INFO  valid result: 
recall@3 : 0.0284    recall@5 : 0.0419    recall@10 : 0.0655    recall@20 : 0.0957    ndcg@3 : 0.017    ndcg@5 : 0.0226    ndcg@10 : 0.0302    ndcg@20 : 0.0378    
Fri 05 Dec 2025 15:28:34 INFO  Saving current best: saved/SASRecD-Dec-05-2025_15-04-12.pth
Fri 05 Dec 2025 15:29:10 INFO  epoch 38 training [time: 36.18s, train loss: 1266.9282]
Fri 05 Dec 2025 15:29:46 INFO  epoch 39 training [time: 36.39s, train loss: 1256.5310]
Fri 05 Dec 2025 15:29:49 INFO  epoch 39 evaluating [time: 2.38s, valid_score: 0.066200]
Fri 05 Dec 2025 15:29:49 INFO  valid result: 
recall@3 : 0.0284    recall@5 : 0.0422    recall@10 : 0.0662    recall@20 : 0.0969    ndcg@3 : 0.0171    ndcg@5 : 0.0228    ndcg@10 : 0.0305    ndcg@20 : 0.0382    
Fri 05 Dec 2025 15:29:50 INFO  Saving current best: saved/SASRecD-Dec-05-2025_15-04-12.pth
Fri 05 Dec 2025 15:30:26 INFO  epoch 40 training [time: 36.40s, train loss: 1246.7483]
Fri 05 Dec 2025 15:31:02 INFO  epoch 41 training [time: 36.30s, train loss: 1236.7029]
Fri 05 Dec 2025 15:31:05 INFO  epoch 41 evaluating [time: 2.39s, valid_score: 0.066800]
Fri 05 Dec 2025 15:31:05 INFO  valid result: 
recall@3 : 0.0289    recall@5 : 0.0427    recall@10 : 0.0668    recall@20 : 0.0973    ndcg@3 : 0.0175    ndcg@5 : 0.0231    ndcg@10 : 0.0309    ndcg@20 : 0.0386    
Fri 05 Dec 2025 15:31:06 INFO  Saving current best: saved/SASRecD-Dec-05-2025_15-04-12.pth
Fri 05 Dec 2025 15:31:42 INFO  epoch 42 training [time: 36.17s, train loss: 1226.7609]
Fri 05 Dec 2025 15:32:18 INFO  epoch 43 training [time: 36.22s, train loss: 1217.5157]
Fri 05 Dec 2025 15:32:20 INFO  epoch 43 evaluating [time: 2.41s, valid_score: 0.066500]
Fri 05 Dec 2025 15:32:20 INFO  valid result: 
recall@3 : 0.0287    recall@5 : 0.0429    recall@10 : 0.0665    recall@20 : 0.0982    ndcg@3 : 0.0173    ndcg@5 : 0.0231    ndcg@10 : 0.0307    ndcg@20 : 0.0387    
Fri 05 Dec 2025 15:32:57 INFO  epoch 44 training [time: 36.21s, train loss: 1207.1274]
Fri 05 Dec 2025 15:33:33 INFO  epoch 45 training [time: 36.29s, train loss: 1196.9910]
Fri 05 Dec 2025 15:33:35 INFO  epoch 45 evaluating [time: 2.46s, valid_score: 0.066600]
Fri 05 Dec 2025 15:33:35 INFO  valid result: 
recall@3 : 0.0293    recall@5 : 0.043    recall@10 : 0.0666    recall@20 : 0.0987    ndcg@3 : 0.0176    ndcg@5 : 0.0232    ndcg@10 : 0.0308    ndcg@20 : 0.0389    
Fri 05 Dec 2025 15:34:12 INFO  epoch 46 training [time: 36.30s, train loss: 1187.0076]
Fri 05 Dec 2025 15:34:48 INFO  epoch 47 training [time: 36.34s, train loss: 1176.4544]
Fri 05 Dec 2025 15:34:50 INFO  epoch 47 evaluating [time: 2.40s, valid_score: 0.067000]
Fri 05 Dec 2025 15:34:50 INFO  valid result: 
recall@3 : 0.029    recall@5 : 0.0429    recall@10 : 0.067    recall@20 : 0.0982    ndcg@3 : 0.0174    ndcg@5 : 0.0231    ndcg@10 : 0.0308    ndcg@20 : 0.0387    
Fri 05 Dec 2025 15:34:52 INFO  Saving current best: saved/SASRecD-Dec-05-2025_15-04-12.pth
Fri 05 Dec 2025 15:35:28 INFO  epoch 48 training [time: 36.48s, train loss: 1167.5359]
Fri 05 Dec 2025 15:36:04 INFO  epoch 49 training [time: 36.26s, train loss: 1156.4936]
Fri 05 Dec 2025 15:36:07 INFO  epoch 49 evaluating [time: 2.37s, valid_score: 0.067300]
Fri 05 Dec 2025 15:36:07 INFO  valid result: 
recall@3 : 0.0294    recall@5 : 0.0435    recall@10 : 0.0673    recall@20 : 0.0989    ndcg@3 : 0.0178    ndcg@5 : 0.0235    ndcg@10 : 0.0312    ndcg@20 : 0.0392    
Fri 05 Dec 2025 15:36:08 INFO  Saving current best: saved/SASRecD-Dec-05-2025_15-04-12.pth
Fri 05 Dec 2025 15:36:44 INFO  epoch 50 training [time: 36.22s, train loss: 1147.3980]
Fri 05 Dec 2025 15:37:20 INFO  epoch 51 training [time: 36.16s, train loss: 1137.1151]
Fri 05 Dec 2025 15:37:23 INFO  epoch 51 evaluating [time: 2.31s, valid_score: 0.067400]
Fri 05 Dec 2025 15:37:23 INFO  valid result: 
recall@3 : 0.0295    recall@5 : 0.0435    recall@10 : 0.0674    recall@20 : 0.0991    ndcg@3 : 0.0177    ndcg@5 : 0.0235    ndcg@10 : 0.0312    ndcg@20 : 0.0392    
Fri 05 Dec 2025 15:37:24 INFO  Saving current best: saved/SASRecD-Dec-05-2025_15-04-12.pth
Fri 05 Dec 2025 15:38:00 INFO  epoch 52 training [time: 36.21s, train loss: 1126.5285]
Fri 05 Dec 2025 15:38:36 INFO  epoch 53 training [time: 36.36s, train loss: 1116.7710]
Fri 05 Dec 2025 15:38:39 INFO  epoch 53 evaluating [time: 2.39s, valid_score: 0.068000]
Fri 05 Dec 2025 15:38:39 INFO  valid result: 
recall@3 : 0.0292    recall@5 : 0.044    recall@10 : 0.068    recall@20 : 0.0992    ndcg@3 : 0.0177    ndcg@5 : 0.0237    ndcg@10 : 0.0315    ndcg@20 : 0.0393    
Fri 05 Dec 2025 15:38:40 INFO  Saving current best: saved/SASRecD-Dec-05-2025_15-04-12.pth
Fri 05 Dec 2025 15:39:16 INFO  epoch 54 training [time: 36.48s, train loss: 1105.7312]
Fri 05 Dec 2025 15:39:53 INFO  epoch 55 training [time: 36.33s, train loss: 1095.4571]
Fri 05 Dec 2025 15:39:55 INFO  epoch 55 evaluating [time: 2.36s, valid_score: 0.066600]
Fri 05 Dec 2025 15:39:55 INFO  valid result: 
recall@3 : 0.0294    recall@5 : 0.0437    recall@10 : 0.0666    recall@20 : 0.0988    ndcg@3 : 0.0178    ndcg@5 : 0.0236    ndcg@10 : 0.031    ndcg@20 : 0.0391    
Fri 05 Dec 2025 15:40:31 INFO  epoch 56 training [time: 36.19s, train loss: 1085.4343]
Fri 05 Dec 2025 15:41:07 INFO  epoch 57 training [time: 36.18s, train loss: 1074.6191]
Fri 05 Dec 2025 15:41:10 INFO  epoch 57 evaluating [time: 2.32s, valid_score: 0.067100]
Fri 05 Dec 2025 15:41:10 INFO  valid result: 
recall@3 : 0.0293    recall@5 : 0.0438    recall@10 : 0.0671    recall@20 : 0.0993    ndcg@3 : 0.0178    ndcg@5 : 0.0237    ndcg@10 : 0.0312    ndcg@20 : 0.0393    
Fri 05 Dec 2025 15:41:46 INFO  epoch 58 training [time: 36.29s, train loss: 1063.9022]
Fri 05 Dec 2025 15:42:22 INFO  epoch 59 training [time: 36.15s, train loss: 1053.7844]
Fri 05 Dec 2025 15:42:24 INFO  epoch 59 evaluating [time: 2.34s, valid_score: 0.067200]
Fri 05 Dec 2025 15:42:24 INFO  valid result: 
recall@3 : 0.0298    recall@5 : 0.0442    recall@10 : 0.0672    recall@20 : 0.0978    ndcg@3 : 0.018    ndcg@5 : 0.0239    ndcg@10 : 0.0313    ndcg@20 : 0.039    
Fri 05 Dec 2025 15:43:01 INFO  epoch 60 training [time: 36.15s, train loss: 1042.9290]
Fri 05 Dec 2025 15:43:37 INFO  epoch 61 training [time: 36.24s, train loss: 1032.1052]
Fri 05 Dec 2025 15:43:39 INFO  epoch 61 evaluating [time: 2.35s, valid_score: 0.067500]
Fri 05 Dec 2025 15:43:39 INFO  valid result: 
recall@3 : 0.0296    recall@5 : 0.0435    recall@10 : 0.0675    recall@20 : 0.098    ndcg@3 : 0.0179    ndcg@5 : 0.0236    ndcg@10 : 0.0313    ndcg@20 : 0.039    
Fri 05 Dec 2025 15:44:15 INFO  epoch 62 training [time: 36.18s, train loss: 1020.9637]
Fri 05 Dec 2025 15:44:52 INFO  epoch 63 training [time: 36.26s, train loss: 1010.0225]
Fri 05 Dec 2025 15:44:54 INFO  epoch 63 evaluating [time: 2.37s, valid_score: 0.067300]
Fri 05 Dec 2025 15:44:54 INFO  valid result: 
recall@3 : 0.0296    recall@5 : 0.0439    recall@10 : 0.0673    recall@20 : 0.0985    ndcg@3 : 0.018    ndcg@5 : 0.0239    ndcg@10 : 0.0314    ndcg@20 : 0.0392    
Fri 05 Dec 2025 15:45:30 INFO  epoch 64 training [time: 36.27s, train loss: 998.2489]
Fri 05 Dec 2025 15:46:06 INFO  epoch 65 training [time: 36.13s, train loss: 987.6353]
Fri 05 Dec 2025 15:46:09 INFO  epoch 65 evaluating [time: 2.43s, valid_score: 0.067700]
Fri 05 Dec 2025 15:46:09 INFO  valid result: 
recall@3 : 0.0297    recall@5 : 0.0444    recall@10 : 0.0677    recall@20 : 0.0987    ndcg@3 : 0.0181    ndcg@5 : 0.0241    ndcg@10 : 0.0316    ndcg@20 : 0.0394    
Fri 05 Dec 2025 15:46:45 INFO  epoch 66 training [time: 36.28s, train loss: 976.4611]
Fri 05 Dec 2025 15:47:21 INFO  epoch 67 training [time: 36.25s, train loss: 964.6750]
Fri 05 Dec 2025 15:47:24 INFO  epoch 67 evaluating [time: 2.39s, valid_score: 0.067100]
Fri 05 Dec 2025 15:47:24 INFO  valid result: 
recall@3 : 0.03    recall@5 : 0.0446    recall@10 : 0.0671    recall@20 : 0.0981    ndcg@3 : 0.0182    ndcg@5 : 0.0241    ndcg@10 : 0.0314    ndcg@20 : 0.0392    
Fri 05 Dec 2025 15:48:00 INFO  epoch 68 training [time: 36.19s, train loss: 952.5848]
Fri 05 Dec 2025 15:48:36 INFO  epoch 69 training [time: 36.17s, train loss: 942.1436]
Fri 05 Dec 2025 15:48:38 INFO  epoch 69 evaluating [time: 2.39s, valid_score: 0.067500]
Fri 05 Dec 2025 15:48:38 INFO  valid result: 
recall@3 : 0.0297    recall@5 : 0.0434    recall@10 : 0.0675    recall@20 : 0.0975    ndcg@3 : 0.0181    ndcg@5 : 0.0237    ndcg@10 : 0.0315    ndcg@20 : 0.0391    
Fri 05 Dec 2025 15:49:15 INFO  epoch 70 training [time: 36.33s, train loss: 930.4488]
Fri 05 Dec 2025 15:49:51 INFO  epoch 71 training [time: 36.25s, train loss: 918.4088]
Fri 05 Dec 2025 15:49:53 INFO  epoch 71 evaluating [time: 2.37s, valid_score: 0.067200]
Fri 05 Dec 2025 15:49:53 INFO  valid result: 
recall@3 : 0.0297    recall@5 : 0.0444    recall@10 : 0.0672    recall@20 : 0.0987    ndcg@3 : 0.0184    ndcg@5 : 0.0245    ndcg@10 : 0.0318    ndcg@20 : 0.0397    
Fri 05 Dec 2025 15:50:30 INFO  epoch 72 training [time: 36.28s, train loss: 906.8326]
Fri 05 Dec 2025 15:51:06 INFO  epoch 73 training [time: 36.27s, train loss: 894.2467]
Fri 05 Dec 2025 15:51:08 INFO  epoch 73 evaluating [time: 2.47s, valid_score: 0.066700]
Fri 05 Dec 2025 15:51:08 INFO  valid result: 
recall@3 : 0.0293    recall@5 : 0.0438    recall@10 : 0.0667    recall@20 : 0.0973    ndcg@3 : 0.0179    ndcg@5 : 0.0239    ndcg@10 : 0.0312    ndcg@20 : 0.0389    
Fri 05 Dec 2025 15:51:45 INFO  epoch 74 training [time: 36.97s, train loss: 881.8454]
Fri 05 Dec 2025 15:52:22 INFO  epoch 75 training [time: 37.04s, train loss: 870.4373]
Fri 05 Dec 2025 15:52:25 INFO  epoch 75 evaluating [time: 2.49s, valid_score: 0.066900]
Fri 05 Dec 2025 15:52:25 INFO  valid result: 
recall@3 : 0.0294    recall@5 : 0.0446    recall@10 : 0.0669    recall@20 : 0.0979    ndcg@3 : 0.0179    ndcg@5 : 0.0241    ndcg@10 : 0.0313    ndcg@20 : 0.0391    
Fri 05 Dec 2025 15:52:25 INFO  Finished training, best eval result in epoch 53
Fri 05 Dec 2025 15:52:26 INFO  Loading model structure and parameters from saved/SASRecD-Dec-05-2025_15-04-12.pth
Fri 05 Dec 2025 15:52:28 INFO  best valid : {'recall@3': np.float64(0.0292), 'recall@5': np.float64(0.044), 'recall@10': np.float64(0.068), 'recall@20': np.float64(0.0992), 'ndcg@3': np.float64(0.0177), 'ndcg@5': np.float64(0.0237), 'ndcg@10': np.float64(0.0315), 'ndcg@20': np.float64(0.0393)}
Fri 05 Dec 2025 15:52:28 INFO  test result: {'recall@3': np.float64(0.0237), 'recall@5': np.float64(0.0353), 'recall@10': np.float64(0.0546), 'recall@20': np.float64(0.0788), 'ndcg@3': np.float64(0.0143), 'ndcg@5': np.float64(0.0191), 'ndcg@10': np.float64(0.0253), 'ndcg@20': np.float64(0.0314)}
