Sun 21 Dec 2025 13:46:19 INFO  
General Hyper Parameters:
gpu_id = 0
use_gpu = True
seed = 321
state = INFO
reproducibility = False
data_path = ./recbole/data/dataset/Amazon_Sports_and_Outdoors
show_progress = True
save_dataset = False
save_dataloaders = False
benchmark_filename = None

Training Hyper Parameters:
checkpoint_dir = saved
epochs = 200
train_batch_size = 1024
learner = adam
learning_rate = 0.0001
eval_step = 2
stopping_step = 10
clip_grad_norm = None
weight_decay = 0.0
loss_decimal_place = 4

Evaluation Hyper Parameters:
eval_args = {'split': {'LS': 'valid_and_test'}, 'group_by': 'user', 'order': 'TO', 'mode': 'full'}
metrics = ['Recall', 'NDCG']
topk = [3, 5, 10, 20]
valid_metric = Recall@10
valid_metric_bigger = True
eval_batch_size = 256
metric_decimal_place = 4

Dataset Hyper Parameters:
field_separator = 	
seq_separator =  
USER_ID_FIELD = user_id
ITEM_ID_FIELD = item_id
RATING_FIELD = rating
TIME_FIELD = timestamp
seq_len = None
LABEL_FIELD = label
threshold = None
NEG_PREFIX = neg_
load_col = {'inter': ['user_id', 'item_id', 'rating', 'timestamp'], 'item': ['item_id', 'title', 'sales_rank', 'price', 'brand', 'categories', 'sales_type'], 'title_original': ['ent_id', 'ent_emb']}
unload_col = None
unused_col = None
additional_feat_suffix = ['title_original']
rm_dup_inter = None
val_interval = None
filter_inter_by_user_or_item = True
user_inter_num_interval = [5,inf)
item_inter_num_interval = [5,inf)
alias_of_user_id = None
alias_of_item_id = ['ent_id']
alias_of_entity_id = None
alias_of_relation_id = None
preload_weight = {'ent_id': 'ent_emb'}
normalize_field = None
normalize_all = None
ITEM_LIST_LENGTH_FIELD = item_length
LIST_SUFFIX = _list
MAX_ITEM_LIST_LENGTH = 50
POSITION_FIELD = position_id
HEAD_ENTITY_ID_FIELD = head_id
TAIL_ENTITY_ID_FIELD = tail_id
RELATION_ID_FIELD = relation_id
ENTITY_ID_FIELD = entity_id

Other Hyper Parameters: 
neg_sampling = None
multi_gpus = False
repeatable = True
MODEL_TYPE = ModelType.SEQUENTIAL
n_layers = 3
n_heads = 8
hidden_size = 256
orig_attribute_hidden_size = [1024, 4096]
attribute_hidden_size = [128, 128]
inner_size = 256
hidden_dropout_prob = 0.5
attn_dropout_prob = 0.3
hidden_act = gelu
layer_norm_eps = 1e-12
initializer_range = 0.02
selected_features = ['ent_emb', 'categories']
feature_type = ['static', 'categorical']
pooling_mode = sum
loss_type = CE
weight_sharing = not
fusion_type = gate
lamdas = [5, 5]
attribute_predictor = ['cos_sim', 'linear']
diffusion = {'device': 'cuda', 'dims': [1000], 'emb_size': 20, 'mean_type': 'x0', 'noise_max': 0.02, 'noise_min': 0.0001, 'noise_scale': 0.1, 'noise_schedule': 'linear-var', 'norm': False, 'num_heads': 4, 'reweight': True, 'sampling_noise': False, 'sampling_steps': 0, 'steps': 5, 'structure': 'MLP', 'time_type': 'cat', 'hiddenSize': 128, 'inputSize': 128}
lambda = 0.5
wandb_run_name = titles_categories(ablation_study)
annealing = False
MODEL_INPUT_TYPE = InputType.POINTWISE
eval_type = EvaluatorType.RANKING
device = cuda
train_neg_sample_args = {'strategy': 'none'}
eval_neg_sample_args = {'strategy': 'full', 'distribution': 'uniform'}


Sun 21 Dec 2025 13:46:24 INFO  Amazon_Sports_and_Outdoors
The number of users: 35599
Average actions of users: 8.324540704533963
The number of items: 18358
Average actions of items: 16.142997221768262
The number of inters: 296337
The sparsity of the dataset: 99.95465569853714%
Remain Fields: ['user_id', 'item_id', 'rating', 'timestamp', 'title', 'price', 'brand', 'categories', 'sales_type', 'sales_rank', 'ent_id', 'ent_emb']
Sun 21 Dec 2025 13:46:27 INFO  [Training]: train_batch_size = [1024] negative sampling: [None]
Sun 21 Dec 2025 13:46:27 INFO  [Evaluation]: eval_batch_size = [256] eval_args: [{'split': {'LS': 'valid_and_test'}, 'group_by': 'user', 'order': 'TO', 'mode': 'full'}]
Sun 21 Dec 2025 13:46:29 INFO  SASRecD_Denoising(
  (item_embedding): Embedding(18358, 256, padding_idx=0)
  (position_embedding): Embedding(50, 256)
  (feature_embed_layer_list): ModuleList(
    (0): Embedding(
      18358, 1024
      (mlp): MLP(
        (net): Sequential(
          (0): Linear(in_features=1024, out_features=512, bias=True)
          (1): ReLU()
          (2): Dropout(p=0.1, inplace=False)
          (3): Linear(in_features=512, out_features=256, bias=True)
          (4): ReLU()
          (5): Dropout(p=0.1, inplace=False)
          (6): Linear(in_features=256, out_features=128, bias=True)
          (7): LayerNorm((128,), eps=1e-05, elementwise_affine=True)
        )
      )
    )
    (1): FeatureSeqEmbLayer()
  )
  (diffusion): ModuleList(
    (0): GaussianDiffusion(
      (model): DNN(
        (emb_layer): Linear(in_features=10, out_features=10, bias=True)
        (in_layers): ModuleList()
        (out_layers): ModuleList()
        (emb_out_linear): Linear(in_features=138, out_features=128, bias=True)
        (drop): Dropout(p=0.5, inplace=False)
      )
      (loss_layer): Linear(in_features=128, out_features=128, bias=True)
    )
    (1): Identity()
  )
  (trm_encoder): DIFTransformerEncoder(
    (layer): ModuleList(
      (0-2): 3 x DIFTransformerLayer(
        (multi_head_attention): DIFMultiHeadAttention(
          (query): Linear(in_features=256, out_features=256, bias=True)
          (key): Linear(in_features=256, out_features=256, bias=True)
          (value): Linear(in_features=256, out_features=256, bias=True)
          (query_p): Linear(in_features=256, out_features=256, bias=True)
          (key_p): Linear(in_features=256, out_features=256, bias=True)
          (query_layers): ModuleList(
            (0-1): 2 x Linear(in_features=128, out_features=128, bias=True)
          )
          (key_layers): ModuleList(
            (0-1): 2 x Linear(in_features=128, out_features=128, bias=True)
          )
          (fusion_layer): VanillaAttention(
            (projection): Sequential(
              (0): Linear(in_features=50, out_features=50, bias=True)
              (1): ReLU(inplace=True)
              (2): Linear(in_features=50, out_features=1, bias=True)
            )
          )
          (attn_dropout): Dropout(p=0.3, inplace=False)
          (dense): Linear(in_features=256, out_features=256, bias=True)
          (LayerNorm): LayerNorm((256,), eps=1e-12, elementwise_affine=True)
          (out_dropout): Dropout(p=0.5, inplace=False)
        )
        (feed_forward): FeedForward(
          (dense_1): Linear(in_features=256, out_features=256, bias=True)
          (dense_2): Linear(in_features=256, out_features=256, bias=True)
          (LayerNorm): LayerNorm((256,), eps=1e-12, elementwise_affine=True)
          (dropout): Dropout(p=0.5, inplace=False)
        )
      )
    )
  )
  (ap): ModuleList(
    (0): Linear(in_features=256, out_features=1024, bias=True)
    (1): Linear(in_features=256, out_features=1876, bias=True)
  )
  (LayerNorm): LayerNorm((256,), eps=1e-12, elementwise_affine=True)
  (dropout): Dropout(p=0.5, inplace=False)
  (loss_fct): CrossEntropyLoss()
  (attribute_loss_fct): BCEWithLogitsLoss()
)
Trainable parameters: 7969981
Sun 21 Dec 2025 13:48:44 INFO  epoch 0 training [time: 134.25s, train loss: 2127.5080]
Sun 21 Dec 2025 13:50:58 INFO  epoch 1 training [time: 134.05s, train loss: 1873.3901]
Sun 21 Dec 2025 13:51:18 INFO  epoch 1 evaluating [time: 19.36s, valid_score: 0.012400]
Sun 21 Dec 2025 13:51:18 INFO  valid result: 
recall@3 : 0.006    recall@5 : 0.0082    recall@10 : 0.0124    recall@20 : 0.0241    ndcg@3 : 0.0045    ndcg@5 : 0.0053    ndcg@10 : 0.0067    ndcg@20 : 0.0096    
Sun 21 Dec 2025 13:51:20 INFO  Saving current best: saved/SASRecD_Denoising-Dec-21-2025_13-46-29.pth
Sun 21 Dec 2025 13:53:31 INFO  epoch 2 training [time: 131.10s, train loss: 1855.9471]
Sun 21 Dec 2025 13:55:43 INFO  epoch 3 training [time: 132.08s, train loss: 1848.5750]
Sun 21 Dec 2025 13:56:05 INFO  epoch 3 evaluating [time: 21.97s, valid_score: 0.012600]
Sun 21 Dec 2025 13:56:05 INFO  valid result: 
recall@3 : 0.0059    recall@5 : 0.0083    recall@10 : 0.0126    recall@20 : 0.0229    ndcg@3 : 0.0044    ndcg@5 : 0.0054    ndcg@10 : 0.0068    ndcg@20 : 0.0093    
Sun 21 Dec 2025 13:56:08 INFO  Saving current best: saved/SASRecD_Denoising-Dec-21-2025_13-46-29.pth
Sun 21 Dec 2025 13:58:19 INFO  epoch 4 training [time: 131.48s, train loss: 1841.9455]
Sun 21 Dec 2025 14:00:29 INFO  epoch 5 training [time: 130.38s, train loss: 1832.4145]
Sun 21 Dec 2025 14:00:48 INFO  epoch 5 evaluating [time: 18.73s, valid_score: 0.013100]
Sun 21 Dec 2025 14:00:48 INFO  valid result: 
recall@3 : 0.0058    recall@5 : 0.0079    recall@10 : 0.0131    recall@20 : 0.024    ndcg@3 : 0.0043    ndcg@5 : 0.0052    ndcg@10 : 0.0068    ndcg@20 : 0.0095    
Sun 21 Dec 2025 14:00:50 INFO  Saving current best: saved/SASRecD_Denoising-Dec-21-2025_13-46-29.pth
Sun 21 Dec 2025 14:03:02 INFO  epoch 6 training [time: 131.15s, train loss: 1815.8379]
Sun 21 Dec 2025 14:05:18 INFO  epoch 7 training [time: 135.95s, train loss: 1785.5944]
Sun 21 Dec 2025 14:05:37 INFO  epoch 7 evaluating [time: 19.56s, valid_score: 0.020800]
Sun 21 Dec 2025 14:05:37 INFO  valid result: 
recall@3 : 0.0079    recall@5 : 0.0121    recall@10 : 0.0208    recall@20 : 0.0355    ndcg@3 : 0.0056    ndcg@5 : 0.0073    ndcg@10 : 0.0101    ndcg@20 : 0.0137    
Sun 21 Dec 2025 14:05:39 INFO  Saving current best: saved/SASRecD_Denoising-Dec-21-2025_13-46-29.pth
Sun 21 Dec 2025 14:07:54 INFO  epoch 8 training [time: 134.21s, train loss: 1758.2615]
Sun 21 Dec 2025 14:10:05 INFO  epoch 9 training [time: 131.22s, train loss: 1734.0974]
Sun 21 Dec 2025 14:10:25 INFO  epoch 9 evaluating [time: 20.53s, valid_score: 0.025300]
Sun 21 Dec 2025 14:10:25 INFO  valid result: 
recall@3 : 0.0089    recall@5 : 0.0141    recall@10 : 0.0253    recall@20 : 0.0434    ndcg@3 : 0.0062    ndcg@5 : 0.0084    ndcg@10 : 0.012    ndcg@20 : 0.0165    
Sun 21 Dec 2025 14:10:28 INFO  Saving current best: saved/SASRecD_Denoising-Dec-21-2025_13-46-29.pth
Sun 21 Dec 2025 14:12:40 INFO  epoch 10 training [time: 132.05s, train loss: 1710.9453]
Sun 21 Dec 2025 14:14:55 INFO  epoch 11 training [time: 135.52s, train loss: 1688.2321]
Sun 21 Dec 2025 14:15:15 INFO  epoch 11 evaluating [time: 19.88s, valid_score: 0.032400]
Sun 21 Dec 2025 14:15:15 INFO  valid result: 
recall@3 : 0.0125    recall@5 : 0.0187    recall@10 : 0.0324    recall@20 : 0.0529    ndcg@3 : 0.0082    ndcg@5 : 0.0108    ndcg@10 : 0.0151    ndcg@20 : 0.0203    
Sun 21 Dec 2025 14:15:17 INFO  Saving current best: saved/SASRecD_Denoising-Dec-21-2025_13-46-29.pth
Sun 21 Dec 2025 14:17:31 INFO  epoch 12 training [time: 133.96s, train loss: 1665.9806]
Sun 21 Dec 2025 14:19:46 INFO  epoch 13 training [time: 134.86s, train loss: 1645.3532]
Sun 21 Dec 2025 14:20:05 INFO  epoch 13 evaluating [time: 19.36s, valid_score: 0.038200]
Sun 21 Dec 2025 14:20:05 INFO  valid result: 
recall@3 : 0.0155    recall@5 : 0.0238    recall@10 : 0.0382    recall@20 : 0.0601    ndcg@3 : 0.0101    ndcg@5 : 0.0135    ndcg@10 : 0.0182    ndcg@20 : 0.0237    
Sun 21 Dec 2025 14:20:08 INFO  Saving current best: saved/SASRecD_Denoising-Dec-21-2025_13-46-29.pth
Sun 21 Dec 2025 14:22:24 INFO  epoch 14 training [time: 136.17s, train loss: 1624.9540]
Sun 21 Dec 2025 14:24:35 INFO  epoch 15 training [time: 131.51s, train loss: 1605.8027]
Sun 21 Dec 2025 14:24:55 INFO  epoch 15 evaluating [time: 19.87s, valid_score: 0.044900]
Sun 21 Dec 2025 14:24:55 INFO  valid result: 
recall@3 : 0.0192    recall@5 : 0.0283    recall@10 : 0.0449    recall@20 : 0.0691    ndcg@3 : 0.0123    ndcg@5 : 0.016    ndcg@10 : 0.0214    ndcg@20 : 0.0275    
Sun 21 Dec 2025 14:24:58 INFO  Saving current best: saved/SASRecD_Denoising-Dec-21-2025_13-46-29.pth
Sun 21 Dec 2025 14:27:10 INFO  epoch 16 training [time: 132.93s, train loss: 1587.3052]
Sun 21 Dec 2025 14:29:20 INFO  epoch 17 training [time: 129.37s, train loss: 1568.8865]
Sun 21 Dec 2025 14:29:43 INFO  epoch 17 evaluating [time: 22.82s, valid_score: 0.049800]
Sun 21 Dec 2025 14:29:43 INFO  valid result: 
recall@3 : 0.0212    recall@5 : 0.032    recall@10 : 0.0498    recall@20 : 0.0754    ndcg@3 : 0.0133    ndcg@5 : 0.0177    ndcg@10 : 0.0234    ndcg@20 : 0.0299    
Sun 21 Dec 2025 14:29:45 INFO  Saving current best: saved/SASRecD_Denoising-Dec-21-2025_13-46-29.pth
Sun 21 Dec 2025 14:31:52 INFO  epoch 18 training [time: 127.54s, train loss: 1552.2210]
Sun 21 Dec 2025 14:34:05 INFO  epoch 19 training [time: 132.79s, train loss: 1536.6914]
Sun 21 Dec 2025 14:34:25 INFO  epoch 19 evaluating [time: 19.76s, valid_score: 0.054300]
Sun 21 Dec 2025 14:34:25 INFO  valid result: 
recall@3 : 0.0229    recall@5 : 0.0351    recall@10 : 0.0543    recall@20 : 0.0799    ndcg@3 : 0.0142    ndcg@5 : 0.0192    ndcg@10 : 0.0254    ndcg@20 : 0.0318    
Sun 21 Dec 2025 14:34:27 INFO  Saving current best: saved/SASRecD_Denoising-Dec-21-2025_13-46-29.pth
Sun 21 Dec 2025 14:36:40 INFO  epoch 20 training [time: 132.48s, train loss: 1520.7827]
Sun 21 Dec 2025 14:38:52 INFO  epoch 21 training [time: 132.51s, train loss: 1505.7244]
Sun 21 Dec 2025 14:39:14 INFO  epoch 21 evaluating [time: 21.52s, valid_score: 0.057400]
Sun 21 Dec 2025 14:39:14 INFO  valid result: 
recall@3 : 0.025    recall@5 : 0.0375    recall@10 : 0.0574    recall@20 : 0.0838    ndcg@3 : 0.0154    ndcg@5 : 0.0205    ndcg@10 : 0.0269    ndcg@20 : 0.0336    
Sun 21 Dec 2025 14:39:16 INFO  Saving current best: saved/SASRecD_Denoising-Dec-21-2025_13-46-29.pth
Sun 21 Dec 2025 14:41:37 INFO  epoch 22 training [time: 140.77s, train loss: 1490.8830]
Sun 21 Dec 2025 14:43:50 INFO  epoch 23 training [time: 132.91s, train loss: 1477.8076]
Sun 21 Dec 2025 14:44:09 INFO  epoch 23 evaluating [time: 19.32s, valid_score: 0.059800]
Sun 21 Dec 2025 14:44:09 INFO  valid result: 
recall@3 : 0.0266    recall@5 : 0.0388    recall@10 : 0.0598    recall@20 : 0.086    ndcg@3 : 0.0163    ndcg@5 : 0.0213    ndcg@10 : 0.0281    ndcg@20 : 0.0347    
Sun 21 Dec 2025 14:44:11 INFO  Saving current best: saved/SASRecD_Denoising-Dec-21-2025_13-46-29.pth
Sun 21 Dec 2025 14:46:25 INFO  epoch 24 training [time: 133.65s, train loss: 1464.3265]
Sun 21 Dec 2025 14:48:37 INFO  epoch 25 training [time: 131.77s, train loss: 1451.4240]
Sun 21 Dec 2025 14:48:57 INFO  epoch 25 evaluating [time: 19.69s, valid_score: 0.061500]
Sun 21 Dec 2025 14:48:57 INFO  valid result: 
recall@3 : 0.027    recall@5 : 0.0395    recall@10 : 0.0615    recall@20 : 0.0886    ndcg@3 : 0.0165    ndcg@5 : 0.0216    ndcg@10 : 0.0288    ndcg@20 : 0.0356    
Sun 21 Dec 2025 14:48:59 INFO  Saving current best: saved/SASRecD_Denoising-Dec-21-2025_13-46-29.pth
Sun 21 Dec 2025 14:51:12 INFO  epoch 26 training [time: 133.47s, train loss: 1438.6997]
Sun 21 Dec 2025 14:53:22 INFO  epoch 27 training [time: 130.00s, train loss: 1426.3895]
Sun 21 Dec 2025 14:53:42 INFO  epoch 27 evaluating [time: 20.26s, valid_score: 0.063400]
Sun 21 Dec 2025 14:53:42 INFO  valid result: 
recall@3 : 0.0274    recall@5 : 0.041    recall@10 : 0.0634    recall@20 : 0.0911    ndcg@3 : 0.0166    ndcg@5 : 0.0222    ndcg@10 : 0.0295    ndcg@20 : 0.0364    
Sun 21 Dec 2025 14:53:45 INFO  Saving current best: saved/SASRecD_Denoising-Dec-21-2025_13-46-29.pth
Sun 21 Dec 2025 14:56:12 INFO  epoch 28 training [time: 147.22s, train loss: 1414.3504]
Sun 21 Dec 2025 14:58:26 INFO  epoch 29 training [time: 133.80s, train loss: 1402.8850]
Sun 21 Dec 2025 14:58:44 INFO  epoch 29 evaluating [time: 18.86s, valid_score: 0.064300]
Sun 21 Dec 2025 14:58:44 INFO  valid result: 
recall@3 : 0.0279    recall@5 : 0.0419    recall@10 : 0.0643    recall@20 : 0.0928    ndcg@3 : 0.0169    ndcg@5 : 0.0226    ndcg@10 : 0.0299    ndcg@20 : 0.0371    
Sun 21 Dec 2025 14:58:47 INFO  Saving current best: saved/SASRecD_Denoising-Dec-21-2025_13-46-29.pth
Sun 21 Dec 2025 15:01:00 INFO  epoch 30 training [time: 133.24s, train loss: 1391.3665]
Sun 21 Dec 2025 15:03:08 INFO  epoch 31 training [time: 128.35s, train loss: 1379.6696]
Sun 21 Dec 2025 15:03:27 INFO  epoch 31 evaluating [time: 18.72s, valid_score: 0.065100]
Sun 21 Dec 2025 15:03:27 INFO  valid result: 
recall@3 : 0.0283    recall@5 : 0.0424    recall@10 : 0.0651    recall@20 : 0.0941    ndcg@3 : 0.0171    ndcg@5 : 0.0228    ndcg@10 : 0.0302    ndcg@20 : 0.0375    
Sun 21 Dec 2025 15:03:29 INFO  Saving current best: saved/SASRecD_Denoising-Dec-21-2025_13-46-29.pth
Sun 21 Dec 2025 15:05:40 INFO  epoch 32 training [time: 130.93s, train loss: 1369.0043]
Sun 21 Dec 2025 15:07:53 INFO  epoch 33 training [time: 132.77s, train loss: 1358.4773]
Sun 21 Dec 2025 15:08:13 INFO  epoch 33 evaluating [time: 19.55s, valid_score: 0.066300]
Sun 21 Dec 2025 15:08:13 INFO  valid result: 
recall@3 : 0.0287    recall@5 : 0.0431    recall@10 : 0.0663    recall@20 : 0.0953    ndcg@3 : 0.0173    ndcg@5 : 0.0233    ndcg@10 : 0.0307    ndcg@20 : 0.038    
Sun 21 Dec 2025 15:08:15 INFO  Saving current best: saved/SASRecD_Denoising-Dec-21-2025_13-46-29.pth
Sun 21 Dec 2025 15:10:27 INFO  epoch 34 training [time: 132.04s, train loss: 1347.6203]
Sun 21 Dec 2025 15:12:45 INFO  epoch 35 training [time: 137.75s, train loss: 1337.0620]
Sun 21 Dec 2025 15:13:06 INFO  epoch 35 evaluating [time: 21.45s, valid_score: 0.065700]
Sun 21 Dec 2025 15:13:06 INFO  valid result: 
recall@3 : 0.0285    recall@5 : 0.0427    recall@10 : 0.0657    recall@20 : 0.0954    ndcg@3 : 0.0173    ndcg@5 : 0.0231    ndcg@10 : 0.0305    ndcg@20 : 0.0381    
Sun 21 Dec 2025 15:15:07 INFO  epoch 36 training [time: 121.01s, train loss: 1327.0265]
Sun 21 Dec 2025 15:17:22 INFO  epoch 37 training [time: 134.69s, train loss: 1316.4935]
Sun 21 Dec 2025 15:17:40 INFO  epoch 37 evaluating [time: 18.54s, valid_score: 0.066800]
Sun 21 Dec 2025 15:17:40 INFO  valid result: 
recall@3 : 0.0284    recall@5 : 0.0433    recall@10 : 0.0668    recall@20 : 0.0968    ndcg@3 : 0.0172    ndcg@5 : 0.0233    ndcg@10 : 0.0308    ndcg@20 : 0.0384    
Sun 21 Dec 2025 15:17:42 INFO  Saving current best: saved/SASRecD_Denoising-Dec-21-2025_13-46-29.pth
Sun 21 Dec 2025 15:19:53 INFO  epoch 38 training [time: 130.20s, train loss: 1306.7152]
Sun 21 Dec 2025 15:22:01 INFO  epoch 39 training [time: 128.04s, train loss: 1296.2241]
Sun 21 Dec 2025 15:22:20 INFO  epoch 39 evaluating [time: 19.02s, valid_score: 0.067500]
Sun 21 Dec 2025 15:22:20 INFO  valid result: 
recall@3 : 0.0291    recall@5 : 0.0434    recall@10 : 0.0675    recall@20 : 0.0978    ndcg@3 : 0.0176    ndcg@5 : 0.0235    ndcg@10 : 0.0312    ndcg@20 : 0.0388    
Sun 21 Dec 2025 15:22:22 INFO  Saving current best: saved/SASRecD_Denoising-Dec-21-2025_13-46-29.pth
Sun 21 Dec 2025 15:24:35 INFO  epoch 40 training [time: 132.61s, train loss: 1286.5590]
Sun 21 Dec 2025 15:26:49 INFO  epoch 41 training [time: 134.31s, train loss: 1276.0217]
Sun 21 Dec 2025 15:27:09 INFO  epoch 41 evaluating [time: 19.64s, valid_score: 0.067500]
Sun 21 Dec 2025 15:27:09 INFO  valid result: 
recall@3 : 0.0295    recall@5 : 0.0435    recall@10 : 0.0675    recall@20 : 0.0976    ndcg@3 : 0.0179    ndcg@5 : 0.0236    ndcg@10 : 0.0314    ndcg@20 : 0.0389    
Sun 21 Dec 2025 15:29:16 INFO  epoch 42 training [time: 127.58s, train loss: 1265.7026]
Sun 21 Dec 2025 15:31:27 INFO  epoch 43 training [time: 130.75s, train loss: 1256.1427]
Sun 21 Dec 2025 15:31:47 INFO  epoch 43 evaluating [time: 20.50s, valid_score: 0.067500]
Sun 21 Dec 2025 15:31:47 INFO  valid result: 
recall@3 : 0.0299    recall@5 : 0.0437    recall@10 : 0.0675    recall@20 : 0.0986    ndcg@3 : 0.0179    ndcg@5 : 0.0236    ndcg@10 : 0.0313    ndcg@20 : 0.0391    
Sun 21 Dec 2025 15:34:06 INFO  epoch 44 training [time: 138.37s, train loss: 1246.1219]
Sun 21 Dec 2025 15:36:11 INFO  epoch 45 training [time: 124.97s, train loss: 1236.7227]
Sun 21 Dec 2025 15:36:30 INFO  epoch 45 evaluating [time: 19.63s, valid_score: 0.067900]
Sun 21 Dec 2025 15:36:30 INFO  valid result: 
recall@3 : 0.0297    recall@5 : 0.0445    recall@10 : 0.0679    recall@20 : 0.0993    ndcg@3 : 0.018    ndcg@5 : 0.0241    ndcg@10 : 0.0316    ndcg@20 : 0.0396    
Sun 21 Dec 2025 15:36:33 INFO  Saving current best: saved/SASRecD_Denoising-Dec-21-2025_13-46-29.pth
Sun 21 Dec 2025 15:38:51 INFO  epoch 46 training [time: 137.95s, train loss: 1226.4373]
Sun 21 Dec 2025 15:40:59 INFO  epoch 47 training [time: 128.88s, train loss: 1216.2254]
Sun 21 Dec 2025 15:41:20 INFO  epoch 47 evaluating [time: 20.31s, valid_score: 0.067700]
Sun 21 Dec 2025 15:41:20 INFO  valid result: 
recall@3 : 0.0297    recall@5 : 0.0441    recall@10 : 0.0677    recall@20 : 0.0986    ndcg@3 : 0.018    ndcg@5 : 0.0239    ndcg@10 : 0.0315    ndcg@20 : 0.0393    
Sun 21 Dec 2025 15:43:41 INFO  epoch 48 training [time: 141.37s, train loss: 1206.4871]
Sun 21 Dec 2025 15:45:56 INFO  epoch 49 training [time: 134.70s, train loss: 1196.2320]
Sun 21 Dec 2025 15:46:16 INFO  epoch 49 evaluating [time: 20.43s, valid_score: 0.067600]
Sun 21 Dec 2025 15:46:16 INFO  valid result: 
recall@3 : 0.0296    recall@5 : 0.0435    recall@10 : 0.0676    recall@20 : 0.0983    ndcg@3 : 0.0179    ndcg@5 : 0.0236    ndcg@10 : 0.0314    ndcg@20 : 0.0391    
Sun 21 Dec 2025 15:48:26 INFO  epoch 50 training [time: 130.24s, train loss: 1186.6178]
Sun 21 Dec 2025 15:50:39 INFO  epoch 51 training [time: 132.04s, train loss: 1176.1432]
Sun 21 Dec 2025 15:50:59 INFO  epoch 51 evaluating [time: 20.00s, valid_score: 0.068000]
Sun 21 Dec 2025 15:50:59 INFO  valid result: 
recall@3 : 0.0298    recall@5 : 0.0439    recall@10 : 0.068    recall@20 : 0.0991    ndcg@3 : 0.018    ndcg@5 : 0.0238    ndcg@10 : 0.0315    ndcg@20 : 0.0394    
Sun 21 Dec 2025 15:51:01 INFO  Saving current best: saved/SASRecD_Denoising-Dec-21-2025_13-46-29.pth
Sun 21 Dec 2025 15:53:13 INFO  epoch 52 training [time: 131.79s, train loss: 1165.8459]
Sun 21 Dec 2025 15:55:29 INFO  epoch 53 training [time: 136.33s, train loss: 1154.9258]
Sun 21 Dec 2025 15:55:50 INFO  epoch 53 evaluating [time: 21.34s, valid_score: 0.067400]
Sun 21 Dec 2025 15:55:50 INFO  valid result: 
recall@3 : 0.0302    recall@5 : 0.0433    recall@10 : 0.0674    recall@20 : 0.0988    ndcg@3 : 0.0184    ndcg@5 : 0.0238    ndcg@10 : 0.0315    ndcg@20 : 0.0395    
Sun 21 Dec 2025 15:57:59 INFO  epoch 54 training [time: 128.81s, train loss: 1144.9569]
Sun 21 Dec 2025 16:00:11 INFO  epoch 55 training [time: 131.48s, train loss: 1134.6120]
Sun 21 Dec 2025 16:00:32 INFO  epoch 55 evaluating [time: 20.98s, valid_score: 0.068100]
Sun 21 Dec 2025 16:00:32 INFO  valid result: 
recall@3 : 0.0298    recall@5 : 0.0442    recall@10 : 0.0681    recall@20 : 0.0989    ndcg@3 : 0.018    ndcg@5 : 0.0239    ndcg@10 : 0.0316    ndcg@20 : 0.0393    
Sun 21 Dec 2025 16:00:34 INFO  Saving current best: saved/SASRecD_Denoising-Dec-21-2025_13-46-29.pth
Sun 21 Dec 2025 16:02:46 INFO  epoch 56 training [time: 132.31s, train loss: 1124.2847]
Sun 21 Dec 2025 16:05:02 INFO  epoch 57 training [time: 136.25s, train loss: 1113.0676]
Sun 21 Dec 2025 16:05:23 INFO  epoch 57 evaluating [time: 21.16s, valid_score: 0.068600]
Sun 21 Dec 2025 16:05:23 INFO  valid result: 
recall@3 : 0.03    recall@5 : 0.0443    recall@10 : 0.0686    recall@20 : 0.0993    ndcg@3 : 0.0182    ndcg@5 : 0.0241    ndcg@10 : 0.0319    ndcg@20 : 0.0396    
Sun 21 Dec 2025 16:05:26 INFO  Saving current best: saved/SASRecD_Denoising-Dec-21-2025_13-46-29.pth
Sun 21 Dec 2025 16:07:40 INFO  epoch 58 training [time: 134.23s, train loss: 1102.6444]
Sun 21 Dec 2025 16:09:52 INFO  epoch 59 training [time: 131.72s, train loss: 1092.2054]
Sun 21 Dec 2025 16:10:12 INFO  epoch 59 evaluating [time: 19.87s, valid_score: 0.068700]
Sun 21 Dec 2025 16:10:12 INFO  valid result: 
recall@3 : 0.03    recall@5 : 0.0438    recall@10 : 0.0687    recall@20 : 0.099    ndcg@3 : 0.0181    ndcg@5 : 0.0238    ndcg@10 : 0.0318    ndcg@20 : 0.0394    
Sun 21 Dec 2025 16:10:14 INFO  Saving current best: saved/SASRecD_Denoising-Dec-21-2025_13-46-29.pth
Sun 21 Dec 2025 16:12:28 INFO  epoch 60 training [time: 134.49s, train loss: 1081.1777]
Sun 21 Dec 2025 16:14:39 INFO  epoch 61 training [time: 131.13s, train loss: 1070.4666]
Sun 21 Dec 2025 16:15:00 INFO  epoch 61 evaluating [time: 20.50s, valid_score: 0.069000]
Sun 21 Dec 2025 16:15:00 INFO  valid result: 
recall@3 : 0.0297    recall@5 : 0.0444    recall@10 : 0.069    recall@20 : 0.0992    ndcg@3 : 0.018    ndcg@5 : 0.024    ndcg@10 : 0.0319    ndcg@20 : 0.0395    
Sun 21 Dec 2025 16:15:02 INFO  Saving current best: saved/SASRecD_Denoising-Dec-21-2025_13-46-29.pth
Sun 21 Dec 2025 16:17:10 INFO  epoch 62 training [time: 128.07s, train loss: 1059.6560]
Sun 21 Dec 2025 16:19:24 INFO  epoch 63 training [time: 133.44s, train loss: 1047.9559]
Sun 21 Dec 2025 16:19:43 INFO  epoch 63 evaluating [time: 19.16s, valid_score: 0.068500]
Sun 21 Dec 2025 16:19:43 INFO  valid result: 
recall@3 : 0.0298    recall@5 : 0.044    recall@10 : 0.0685    recall@20 : 0.0992    ndcg@3 : 0.018    ndcg@5 : 0.0239    ndcg@10 : 0.0317    ndcg@20 : 0.0395    
Sun 21 Dec 2025 16:22:04 INFO  epoch 64 training [time: 141.09s, train loss: 1036.5976]
Sun 21 Dec 2025 16:24:32 INFO  epoch 65 training [time: 148.20s, train loss: 1025.5688]
Sun 21 Dec 2025 16:24:51 INFO  epoch 65 evaluating [time: 19.30s, valid_score: 0.068300]
Sun 21 Dec 2025 16:24:51 INFO  valid result: 
recall@3 : 0.03    recall@5 : 0.0445    recall@10 : 0.0683    recall@20 : 0.0996    ndcg@3 : 0.0182    ndcg@5 : 0.0242    ndcg@10 : 0.0318    ndcg@20 : 0.0397    
Sun 21 Dec 2025 16:27:01 INFO  epoch 66 training [time: 129.99s, train loss: 1014.0522]
Sun 21 Dec 2025 16:29:24 INFO  epoch 67 training [time: 142.94s, train loss: 1002.1883]
Sun 21 Dec 2025 16:29:44 INFO  epoch 67 evaluating [time: 19.62s, valid_score: 0.067200]
Sun 21 Dec 2025 16:29:44 INFO  valid result: 
recall@3 : 0.0296    recall@5 : 0.0436    recall@10 : 0.0672    recall@20 : 0.099    ndcg@3 : 0.018    ndcg@5 : 0.0237    ndcg@10 : 0.0314    ndcg@20 : 0.0394    
Sun 21 Dec 2025 16:32:03 INFO  epoch 68 training [time: 138.88s, train loss: 991.5954]
Sun 21 Dec 2025 16:34:18 INFO  epoch 69 training [time: 135.48s, train loss: 980.2413]
Sun 21 Dec 2025 16:34:38 INFO  epoch 69 evaluating [time: 19.91s, valid_score: 0.068500]
Sun 21 Dec 2025 16:34:38 INFO  valid result: 
recall@3 : 0.0292    recall@5 : 0.0442    recall@10 : 0.0685    recall@20 : 0.0982    ndcg@3 : 0.0177    ndcg@5 : 0.0239    ndcg@10 : 0.0317    ndcg@20 : 0.0392    
Sun 21 Dec 2025 16:36:51 INFO  epoch 70 training [time: 132.85s, train loss: 968.2057]
Sun 21 Dec 2025 16:39:00 INFO  epoch 71 training [time: 129.47s, train loss: 956.4548]
Sun 21 Dec 2025 16:39:20 INFO  epoch 71 evaluating [time: 19.40s, valid_score: 0.067900]
Sun 21 Dec 2025 16:39:20 INFO  valid result: 
recall@3 : 0.03    recall@5 : 0.0438    recall@10 : 0.0679    recall@20 : 0.0985    ndcg@3 : 0.0184    ndcg@5 : 0.0241    ndcg@10 : 0.0318    ndcg@20 : 0.0395    
Sun 21 Dec 2025 16:41:36 INFO  epoch 72 training [time: 136.12s, train loss: 944.5767]
Sun 21 Dec 2025 16:43:41 INFO  epoch 73 training [time: 125.46s, train loss: 932.6859]
Sun 21 Dec 2025 16:44:02 INFO  epoch 73 evaluating [time: 20.44s, valid_score: 0.067400]
Sun 21 Dec 2025 16:44:02 INFO  valid result: 
recall@3 : 0.0297    recall@5 : 0.0435    recall@10 : 0.0674    recall@20 : 0.0987    ndcg@3 : 0.0181    ndcg@5 : 0.0237    ndcg@10 : 0.0315    ndcg@20 : 0.0393    
Sun 21 Dec 2025 16:46:07 INFO  epoch 74 training [time: 125.60s, train loss: 920.0311]
Sun 21 Dec 2025 16:48:15 INFO  epoch 75 training [time: 127.42s, train loss: 907.6447]
Sun 21 Dec 2025 16:48:34 INFO  epoch 75 evaluating [time: 19.21s, valid_score: 0.067500]
Sun 21 Dec 2025 16:48:34 INFO  valid result: 
recall@3 : 0.0298    recall@5 : 0.0444    recall@10 : 0.0675    recall@20 : 0.0978    ndcg@3 : 0.0182    ndcg@5 : 0.0242    ndcg@10 : 0.0316    ndcg@20 : 0.0392    
Sun 21 Dec 2025 16:50:40 INFO  epoch 76 training [time: 126.09s, train loss: 896.0340]
Sun 21 Dec 2025 16:52:39 INFO  epoch 77 training [time: 119.22s, train loss: 882.6578]
Sun 21 Dec 2025 16:52:57 INFO  epoch 77 evaluating [time: 17.48s, valid_score: 0.067500]
Sun 21 Dec 2025 16:52:57 INFO  valid result: 
recall@3 : 0.0289    recall@5 : 0.0434    recall@10 : 0.0675    recall@20 : 0.0969    ndcg@3 : 0.0178    ndcg@5 : 0.0237    ndcg@10 : 0.0315    ndcg@20 : 0.0389    
Sun 21 Dec 2025 16:55:03 INFO  epoch 78 training [time: 126.57s, train loss: 870.6210]
Sun 21 Dec 2025 16:57:08 INFO  epoch 79 training [time: 124.06s, train loss: 858.2802]
Sun 21 Dec 2025 16:57:27 INFO  epoch 79 evaluating [time: 19.24s, valid_score: 0.067600]
Sun 21 Dec 2025 16:57:27 INFO  valid result: 
recall@3 : 0.0296    recall@5 : 0.0429    recall@10 : 0.0676    recall@20 : 0.0978    ndcg@3 : 0.0181    ndcg@5 : 0.0236    ndcg@10 : 0.0316    ndcg@20 : 0.0392    
Sun 21 Dec 2025 16:59:31 INFO  epoch 80 training [time: 124.12s, train loss: 846.1465]
Sun 21 Dec 2025 17:01:34 INFO  epoch 81 training [time: 123.05s, train loss: 832.8378]
Sun 21 Dec 2025 17:01:53 INFO  epoch 81 evaluating [time: 18.66s, valid_score: 0.068100]
Sun 21 Dec 2025 17:01:53 INFO  valid result: 
recall@3 : 0.0289    recall@5 : 0.0437    recall@10 : 0.0681    recall@20 : 0.0983    ndcg@3 : 0.0177    ndcg@5 : 0.0238    ndcg@10 : 0.0316    ndcg@20 : 0.0392    
Sun 21 Dec 2025 17:04:03 INFO  epoch 82 training [time: 130.22s, train loss: 820.2069]
Sun 21 Dec 2025 17:06:11 INFO  epoch 83 training [time: 128.10s, train loss: 807.9719]
Sun 21 Dec 2025 17:06:31 INFO  epoch 83 evaluating [time: 19.88s, valid_score: 0.066900]
Sun 21 Dec 2025 17:06:31 INFO  valid result: 
recall@3 : 0.0288    recall@5 : 0.0428    recall@10 : 0.0669    recall@20 : 0.0974    ndcg@3 : 0.0177    ndcg@5 : 0.0234    ndcg@10 : 0.0312    ndcg@20 : 0.0389    
Sun 21 Dec 2025 17:06:31 INFO  Finished training, best eval result in epoch 61
Sun 21 Dec 2025 17:06:32 INFO  Loading model structure and parameters from saved/SASRecD_Denoising-Dec-21-2025_13-46-29.pth
Sun 21 Dec 2025 17:06:51 INFO  best valid : {'recall@3': np.float64(0.0297), 'recall@5': np.float64(0.0444), 'recall@10': np.float64(0.069), 'recall@20': np.float64(0.0992), 'ndcg@3': np.float64(0.018), 'ndcg@5': np.float64(0.024), 'ndcg@10': np.float64(0.0319), 'ndcg@20': np.float64(0.0395)}
Sun 21 Dec 2025 17:06:51 INFO  test result: {'recall@3': np.float64(0.0236), 'recall@5': np.float64(0.035), 'recall@10': np.float64(0.0547), 'recall@20': np.float64(0.0809), 'ndcg@3': np.float64(0.0145), 'ndcg@5': np.float64(0.0191), 'ndcg@10': np.float64(0.0255), 'ndcg@20': np.float64(0.0321)}
