Fri 05 Dec 2025 17:48:23 INFO  
General Hyper Parameters:
gpu_id = 0
use_gpu = True
seed = 124
state = INFO
reproducibility = False
data_path = ./recbole/data/dataset/Amazon_Sports_and_Outdoors
show_progress = True
save_dataset = False
save_dataloaders = False
benchmark_filename = None

Training Hyper Parameters:
checkpoint_dir = saved
epochs = 200
train_batch_size = 1024
learner = adam
learning_rate = 0.0001
eval_step = 2
stopping_step = 10
clip_grad_norm = None
weight_decay = 0.0
loss_decimal_place = 4

Evaluation Hyper Parameters:
eval_args = {'split': {'LS': 'valid_and_test'}, 'group_by': 'user', 'order': 'TO', 'mode': 'full'}
metrics = ['Recall', 'NDCG']
topk = [3, 5, 10, 20]
valid_metric = Recall@10
valid_metric_bigger = True
eval_batch_size = 256
metric_decimal_place = 4

Dataset Hyper Parameters:
field_separator = 	
seq_separator =  
USER_ID_FIELD = user_id
ITEM_ID_FIELD = item_id
RATING_FIELD = rating
TIME_FIELD = timestamp
seq_len = None
LABEL_FIELD = label
threshold = None
NEG_PREFIX = neg_
load_col = {'inter': ['user_id', 'item_id', 'rating', 'timestamp'], 'item': ['item_id', 'title', 'sales_rank', 'price', 'brand', 'categories', 'sales_type'], 'title': ['ent_id', 'ent_emb']}
unload_col = None
unused_col = None
additional_feat_suffix = ['title']
rm_dup_inter = None
val_interval = None
filter_inter_by_user_or_item = True
user_inter_num_interval = [5,inf)
item_inter_num_interval = [5,inf)
alias_of_user_id = None
alias_of_item_id = ['ent_id']
alias_of_entity_id = None
alias_of_relation_id = None
preload_weight = {'ent_id': 'ent_emb'}
normalize_field = None
normalize_all = None
ITEM_LIST_LENGTH_FIELD = item_length
LIST_SUFFIX = _list
MAX_ITEM_LIST_LENGTH = 50
POSITION_FIELD = position_id
HEAD_ENTITY_ID_FIELD = head_id
TAIL_ENTITY_ID_FIELD = tail_id
RELATION_ID_FIELD = relation_id
ENTITY_ID_FIELD = entity_id

Other Hyper Parameters: 
neg_sampling = None
multi_gpus = False
repeatable = True
n_layers = 3
n_heads = 8
hidden_size = 256
attribute_hidden_size = [128, 128]
inner_size = 256
hidden_dropout_prob = 0.5
attn_dropout_prob = 0.3
hidden_act = gelu
layer_norm_eps = 1e-12
initializer_range = 0.02
selected_features = ['ent_emb', 'categories']
pooling_mode = sum
loss_type = CE
weight_sharing = not
fusion_type = gate
lamdas = [5, 5]
attribute_predictor = ['cos_sim', 'linear']
MODEL_TYPE = ModelType.SEQUENTIAL
orig_attribute_hidden_size = [128]
feature_type = ['static', 'categorical']
diffusion = {'device': 'cuda', 'dims': [1000], 'emb_size': 20, 'mean_type': 'x0', 'noise_max': 0.02, 'noise_min': 0.0001, 'noise_scale': 0.1, 'noise_schedule': 'linear-var', 'norm': False, 'num_heads': 4, 'reweight': True, 'sampling_noise': False, 'sampling_steps': 0, 'steps': 5, 'structure': 'MLP', 'time_type': 'cat', 'hiddenSize': 128, 'inputSize': 128}
lambda = 0.5
wandb_run_name = titles_categories(ablation_study)
annealing = False
MODEL_INPUT_TYPE = InputType.POINTWISE
eval_type = EvaluatorType.RANKING
device = cuda
train_neg_sample_args = {'strategy': 'none'}
eval_neg_sample_args = {'strategy': 'full', 'distribution': 'uniform'}


Fri 05 Dec 2025 17:48:24 INFO  Amazon_Sports_and_Outdoors
The number of users: 35599
Average actions of users: 8.324540704533963
The number of items: 18358
Average actions of items: 16.142997221768262
The number of inters: 296337
The sparsity of the dataset: 99.95465569853714%
Remain Fields: ['user_id', 'item_id', 'rating', 'timestamp', 'title', 'price', 'brand', 'categories', 'sales_type', 'sales_rank', 'ent_id', 'ent_emb']
Fri 05 Dec 2025 17:48:27 INFO  [Training]: train_batch_size = [1024] negative sampling: [None]
Fri 05 Dec 2025 17:48:27 INFO  [Evaluation]: eval_batch_size = [256] eval_args: [{'split': {'LS': 'valid_and_test'}, 'group_by': 'user', 'order': 'TO', 'mode': 'full'}]
Fri 05 Dec 2025 17:48:29 INFO  SASRecD(
  (item_embedding): Embedding(18358, 256, padding_idx=0)
  (position_embedding): Embedding(50, 256)
  (feature_embed_layer_list): ModuleList(
    (0): Embedding(
      18358, 128
      (mlp): MLP(
        (net): Sequential(
          (0): Linear(in_features=256, out_features=128, bias=True)
          (1): LayerNorm((128,), eps=1e-05, elementwise_affine=True)
        )
      )
    )
    (1): FeatureSeqEmbLayer()
  )
  (trm_encoder): DIFTransformerEncoder(
    (layer): ModuleList(
      (0-2): 3 x DIFTransformerLayer(
        (multi_head_attention): DIFMultiHeadAttention(
          (query): Linear(in_features=256, out_features=256, bias=True)
          (key): Linear(in_features=256, out_features=256, bias=True)
          (value): Linear(in_features=256, out_features=256, bias=True)
          (query_p): Linear(in_features=256, out_features=256, bias=True)
          (key_p): Linear(in_features=256, out_features=256, bias=True)
          (query_layers): ModuleList(
            (0-1): 2 x Linear(in_features=128, out_features=128, bias=True)
          )
          (key_layers): ModuleList(
            (0-1): 2 x Linear(in_features=128, out_features=128, bias=True)
          )
          (fusion_layer): VanillaAttention(
            (projection): Sequential(
              (0): Linear(in_features=50, out_features=50, bias=True)
              (1): ReLU(inplace=True)
              (2): Linear(in_features=50, out_features=1, bias=True)
            )
          )
          (attn_dropout): Dropout(p=0.3, inplace=False)
          (dense): Linear(in_features=256, out_features=256, bias=True)
          (LayerNorm): LayerNorm((256,), eps=1e-12, elementwise_affine=True)
          (out_dropout): Dropout(p=0.5, inplace=False)
        )
        (feed_forward): FeedForward(
          (dense_1): Linear(in_features=256, out_features=256, bias=True)
          (dense_2): Linear(in_features=256, out_features=256, bias=True)
          (LayerNorm): LayerNorm((256,), eps=1e-12, elementwise_affine=True)
          (dropout): Dropout(p=0.5, inplace=False)
        )
      )
    )
  )
  (ap): ModuleList(
    (0): Linear(in_features=256, out_features=128, bias=True)
    (1): Linear(in_features=256, out_features=1876, bias=True)
  )
  (LayerNorm): LayerNorm((256,), eps=1e-12, elementwise_affine=True)
  (dropout): Dropout(p=0.5, inplace=False)
  (loss_fct): CrossEntropyLoss()
  (attribute_loss_fct): BCEWithLogitsLoss()
)
Trainable parameters: 7049167
Fri 05 Dec 2025 17:49:07 INFO  epoch 0 training [time: 37.33s, train loss: 2056.1477]
Fri 05 Dec 2025 17:49:43 INFO  epoch 1 training [time: 36.75s, train loss: 1827.4538]
Fri 05 Dec 2025 17:49:46 INFO  epoch 1 evaluating [time: 2.44s, valid_score: 0.012700]
Fri 05 Dec 2025 17:49:46 INFO  valid result: 
recall@3 : 0.006    recall@5 : 0.0081    recall@10 : 0.0127    recall@20 : 0.0232    ndcg@3 : 0.0044    ndcg@5 : 0.0052    ndcg@10 : 0.0067    ndcg@20 : 0.0093    
Fri 05 Dec 2025 17:49:47 INFO  Saving current best: saved/SASRecD-Dec-05-2025_17-48-29.pth
Fri 05 Dec 2025 17:50:24 INFO  epoch 2 training [time: 36.91s, train loss: 1812.5161]
Fri 05 Dec 2025 17:51:01 INFO  epoch 3 training [time: 36.93s, train loss: 1806.1422]
Fri 05 Dec 2025 17:51:03 INFO  epoch 3 evaluating [time: 2.30s, valid_score: 0.012400]
Fri 05 Dec 2025 17:51:03 INFO  valid result: 
recall@3 : 0.006    recall@5 : 0.008    recall@10 : 0.0124    recall@20 : 0.023    ndcg@3 : 0.0045    ndcg@5 : 0.0053    ndcg@10 : 0.0067    ndcg@20 : 0.0093    
Fri 05 Dec 2025 17:51:40 INFO  epoch 4 training [time: 36.84s, train loss: 1799.0591]
Fri 05 Dec 2025 17:52:17 INFO  epoch 5 training [time: 36.73s, train loss: 1789.7672]
Fri 05 Dec 2025 17:52:19 INFO  epoch 5 evaluating [time: 2.35s, valid_score: 0.013100]
Fri 05 Dec 2025 17:52:19 INFO  valid result: 
recall@3 : 0.0058    recall@5 : 0.0081    recall@10 : 0.0131    recall@20 : 0.0242    ndcg@3 : 0.0043    ndcg@5 : 0.0052    ndcg@10 : 0.0068    ndcg@20 : 0.0096    
Fri 05 Dec 2025 17:52:20 INFO  Saving current best: saved/SASRecD-Dec-05-2025_17-48-29.pth
Fri 05 Dec 2025 17:52:57 INFO  epoch 6 training [time: 36.83s, train loss: 1775.6215]
Fri 05 Dec 2025 17:53:34 INFO  epoch 7 training [time: 36.72s, train loss: 1747.7352]
Fri 05 Dec 2025 17:53:36 INFO  epoch 7 evaluating [time: 2.41s, valid_score: 0.020500]
Fri 05 Dec 2025 17:53:36 INFO  valid result: 
recall@3 : 0.0078    recall@5 : 0.0121    recall@10 : 0.0205    recall@20 : 0.035    ndcg@3 : 0.0057    ndcg@5 : 0.0074    ndcg@10 : 0.0101    ndcg@20 : 0.0137    
Fri 05 Dec 2025 17:53:38 INFO  Saving current best: saved/SASRecD-Dec-05-2025_17-48-29.pth
Fri 05 Dec 2025 17:54:14 INFO  epoch 8 training [time: 36.69s, train loss: 1718.3609]
Fri 05 Dec 2025 17:54:51 INFO  epoch 9 training [time: 36.68s, train loss: 1693.9044]
Fri 05 Dec 2025 17:54:53 INFO  epoch 9 evaluating [time: 2.35s, valid_score: 0.026000]
Fri 05 Dec 2025 17:54:53 INFO  valid result: 
recall@3 : 0.0091    recall@5 : 0.0145    recall@10 : 0.026    recall@20 : 0.0427    ndcg@3 : 0.0064    ndcg@5 : 0.0086    ndcg@10 : 0.0123    ndcg@20 : 0.0165    
Fri 05 Dec 2025 17:54:54 INFO  Saving current best: saved/SASRecD-Dec-05-2025_17-48-29.pth
Fri 05 Dec 2025 17:55:31 INFO  epoch 10 training [time: 36.89s, train loss: 1669.7111]
Fri 05 Dec 2025 17:56:08 INFO  epoch 11 training [time: 36.88s, train loss: 1646.5988]
Fri 05 Dec 2025 17:56:11 INFO  epoch 11 evaluating [time: 2.39s, valid_score: 0.033000]
Fri 05 Dec 2025 17:56:11 INFO  valid result: 
recall@3 : 0.0129    recall@5 : 0.0201    recall@10 : 0.033    recall@20 : 0.0544    ndcg@3 : 0.0084    ndcg@5 : 0.0114    ndcg@10 : 0.0155    ndcg@20 : 0.0209    
Fri 05 Dec 2025 17:56:12 INFO  Saving current best: saved/SASRecD-Dec-05-2025_17-48-29.pth
Fri 05 Dec 2025 17:56:49 INFO  epoch 12 training [time: 36.80s, train loss: 1624.4908]
Fri 05 Dec 2025 17:57:25 INFO  epoch 13 training [time: 36.77s, train loss: 1603.2099]
Fri 05 Dec 2025 17:57:28 INFO  epoch 13 evaluating [time: 2.41s, valid_score: 0.040800]
Fri 05 Dec 2025 17:57:28 INFO  valid result: 
recall@3 : 0.0168    recall@5 : 0.0244    recall@10 : 0.0408    recall@20 : 0.0636    ndcg@3 : 0.0109    ndcg@5 : 0.014    ndcg@10 : 0.0193    ndcg@20 : 0.025    
Fri 05 Dec 2025 17:57:29 INFO  Saving current best: saved/SASRecD-Dec-05-2025_17-48-29.pth
Fri 05 Dec 2025 17:58:06 INFO  epoch 14 training [time: 36.69s, train loss: 1582.6760]
Fri 05 Dec 2025 17:58:43 INFO  epoch 15 training [time: 37.11s, train loss: 1563.7697]
Fri 05 Dec 2025 17:58:45 INFO  epoch 15 evaluating [time: 2.38s, valid_score: 0.047700]
Fri 05 Dec 2025 17:58:45 INFO  valid result: 
recall@3 : 0.0194    recall@5 : 0.0294    recall@10 : 0.0477    recall@20 : 0.0699    ndcg@3 : 0.0123    ndcg@5 : 0.0165    ndcg@10 : 0.0224    ndcg@20 : 0.028    
Fri 05 Dec 2025 17:58:46 INFO  Saving current best: saved/SASRecD-Dec-05-2025_17-48-29.pth
Fri 05 Dec 2025 17:59:23 INFO  epoch 16 training [time: 37.04s, train loss: 1545.2101]
Fri 05 Dec 2025 18:00:00 INFO  epoch 17 training [time: 37.18s, train loss: 1527.4279]
Fri 05 Dec 2025 18:00:03 INFO  epoch 17 evaluating [time: 2.44s, valid_score: 0.051100]
Fri 05 Dec 2025 18:00:03 INFO  valid result: 
recall@3 : 0.0222    recall@5 : 0.0331    recall@10 : 0.0511    recall@20 : 0.0749    ndcg@3 : 0.0138    ndcg@5 : 0.0183    ndcg@10 : 0.0241    ndcg@20 : 0.0301    
Fri 05 Dec 2025 18:00:04 INFO  Saving current best: saved/SASRecD-Dec-05-2025_17-48-29.pth
Fri 05 Dec 2025 18:00:41 INFO  epoch 18 training [time: 37.09s, train loss: 1510.4955]
Fri 05 Dec 2025 18:01:18 INFO  epoch 19 training [time: 36.88s, train loss: 1494.7361]
Fri 05 Dec 2025 18:01:20 INFO  epoch 19 evaluating [time: 2.36s, valid_score: 0.054000]
Fri 05 Dec 2025 18:01:20 INFO  valid result: 
recall@3 : 0.0235    recall@5 : 0.036    recall@10 : 0.054    recall@20 : 0.0794    ndcg@3 : 0.0145    ndcg@5 : 0.0196    ndcg@10 : 0.0255    ndcg@20 : 0.0319    
Fri 05 Dec 2025 18:01:21 INFO  Saving current best: saved/SASRecD-Dec-05-2025_17-48-29.pth
Fri 05 Dec 2025 18:01:58 INFO  epoch 20 training [time: 36.97s, train loss: 1478.9883]
Fri 05 Dec 2025 18:02:35 INFO  epoch 21 training [time: 37.00s, train loss: 1464.2513]
Fri 05 Dec 2025 18:02:38 INFO  epoch 21 evaluating [time: 2.42s, valid_score: 0.057000]
Fri 05 Dec 2025 18:02:38 INFO  valid result: 
recall@3 : 0.0248    recall@5 : 0.0372    recall@10 : 0.057    recall@20 : 0.0828    ndcg@3 : 0.0152    ndcg@5 : 0.0203    ndcg@10 : 0.0267    ndcg@20 : 0.0332    
Fri 05 Dec 2025 18:02:39 INFO  Saving current best: saved/SASRecD-Dec-05-2025_17-48-29.pth
Fri 05 Dec 2025 18:03:16 INFO  epoch 22 training [time: 37.12s, train loss: 1449.9862]
Fri 05 Dec 2025 18:03:53 INFO  epoch 23 training [time: 37.21s, train loss: 1436.1597]
Fri 05 Dec 2025 18:03:56 INFO  epoch 23 evaluating [time: 2.37s, valid_score: 0.059200]
Fri 05 Dec 2025 18:03:56 INFO  valid result: 
recall@3 : 0.0264    recall@5 : 0.0389    recall@10 : 0.0592    recall@20 : 0.0859    ndcg@3 : 0.0161    ndcg@5 : 0.0213    ndcg@10 : 0.0278    ndcg@20 : 0.0345    
Fri 05 Dec 2025 18:03:57 INFO  Saving current best: saved/SASRecD-Dec-05-2025_17-48-29.pth
Fri 05 Dec 2025 18:04:34 INFO  epoch 24 training [time: 36.92s, train loss: 1423.0306]
Fri 05 Dec 2025 18:05:11 INFO  epoch 25 training [time: 36.98s, train loss: 1409.7751]
Fri 05 Dec 2025 18:05:13 INFO  epoch 25 evaluating [time: 2.42s, valid_score: 0.060700]
Fri 05 Dec 2025 18:05:13 INFO  valid result: 
recall@3 : 0.0272    recall@5 : 0.0397    recall@10 : 0.0607    recall@20 : 0.0877    ndcg@3 : 0.0164    ndcg@5 : 0.0215    ndcg@10 : 0.0283    ndcg@20 : 0.0351    
Fri 05 Dec 2025 18:05:14 INFO  Saving current best: saved/SASRecD-Dec-05-2025_17-48-29.pth
Fri 05 Dec 2025 18:05:51 INFO  epoch 26 training [time: 37.00s, train loss: 1397.6375]
Fri 05 Dec 2025 18:06:28 INFO  epoch 27 training [time: 37.16s, train loss: 1385.5094]
Fri 05 Dec 2025 18:06:31 INFO  epoch 27 evaluating [time: 2.43s, valid_score: 0.062100]
Fri 05 Dec 2025 18:06:31 INFO  valid result: 
recall@3 : 0.0277    recall@5 : 0.0408    recall@10 : 0.0621    recall@20 : 0.0897    ndcg@3 : 0.0166    ndcg@5 : 0.022    ndcg@10 : 0.0288    ndcg@20 : 0.0358    
Fri 05 Dec 2025 18:06:32 INFO  Saving current best: saved/SASRecD-Dec-05-2025_17-48-29.pth
Fri 05 Dec 2025 18:07:09 INFO  epoch 28 training [time: 37.22s, train loss: 1373.5561]
Fri 05 Dec 2025 18:07:46 INFO  epoch 29 training [time: 37.03s, train loss: 1361.9327]
Fri 05 Dec 2025 18:07:48 INFO  epoch 29 evaluating [time: 2.35s, valid_score: 0.062600]
Fri 05 Dec 2025 18:07:48 INFO  valid result: 
recall@3 : 0.0278    recall@5 : 0.0414    recall@10 : 0.0626    recall@20 : 0.0917    ndcg@3 : 0.0166    ndcg@5 : 0.0222    ndcg@10 : 0.029    ndcg@20 : 0.0363    
Fri 05 Dec 2025 18:07:49 INFO  Saving current best: saved/SASRecD-Dec-05-2025_17-48-29.pth
Fri 05 Dec 2025 18:08:26 INFO  epoch 30 training [time: 36.98s, train loss: 1351.0115]
Fri 05 Dec 2025 18:09:03 INFO  epoch 31 training [time: 36.97s, train loss: 1340.0350]
Fri 05 Dec 2025 18:09:06 INFO  epoch 31 evaluating [time: 2.40s, valid_score: 0.063500]
Fri 05 Dec 2025 18:09:06 INFO  valid result: 
recall@3 : 0.028    recall@5 : 0.0416    recall@10 : 0.0635    recall@20 : 0.0928    ndcg@3 : 0.0166    ndcg@5 : 0.0223    ndcg@10 : 0.0293    ndcg@20 : 0.0367    
Fri 05 Dec 2025 18:09:07 INFO  Saving current best: saved/SASRecD-Dec-05-2025_17-48-29.pth
Fri 05 Dec 2025 18:09:44 INFO  epoch 32 training [time: 37.11s, train loss: 1328.9196]
Fri 05 Dec 2025 18:10:21 INFO  epoch 33 training [time: 37.15s, train loss: 1318.7151]
Fri 05 Dec 2025 18:10:23 INFO  epoch 33 evaluating [time: 2.35s, valid_score: 0.064500]
Fri 05 Dec 2025 18:10:23 INFO  valid result: 
recall@3 : 0.028    recall@5 : 0.0421    recall@10 : 0.0645    recall@20 : 0.0935    ndcg@3 : 0.0168    ndcg@5 : 0.0226    ndcg@10 : 0.0298    ndcg@20 : 0.0371    
Fri 05 Dec 2025 18:10:24 INFO  Saving current best: saved/SASRecD-Dec-05-2025_17-48-29.pth
Fri 05 Dec 2025 18:11:01 INFO  epoch 34 training [time: 36.95s, train loss: 1308.1079]
Fri 05 Dec 2025 18:11:38 INFO  epoch 35 training [time: 36.97s, train loss: 1297.2727]
Fri 05 Dec 2025 18:11:40 INFO  epoch 35 evaluating [time: 2.40s, valid_score: 0.065600]
Fri 05 Dec 2025 18:11:40 INFO  valid result: 
recall@3 : 0.0286    recall@5 : 0.0425    recall@10 : 0.0656    recall@20 : 0.0948    ndcg@3 : 0.0172    ndcg@5 : 0.0229    ndcg@10 : 0.0303    ndcg@20 : 0.0377    
Fri 05 Dec 2025 18:11:41 INFO  Saving current best: saved/SASRecD-Dec-05-2025_17-48-29.pth
Fri 05 Dec 2025 18:12:18 INFO  epoch 36 training [time: 37.01s, train loss: 1287.8220]
Fri 05 Dec 2025 18:12:56 INFO  epoch 37 training [time: 37.07s, train loss: 1277.2030]
Fri 05 Dec 2025 18:12:58 INFO  epoch 37 evaluating [time: 2.39s, valid_score: 0.065500]
Fri 05 Dec 2025 18:12:58 INFO  valid result: 
recall@3 : 0.0283    recall@5 : 0.0428    recall@10 : 0.0655    recall@20 : 0.0955    ndcg@3 : 0.017    ndcg@5 : 0.0229    ndcg@10 : 0.0303    ndcg@20 : 0.0378    
Fri 05 Dec 2025 18:13:35 INFO  epoch 38 training [time: 37.12s, train loss: 1267.4358]
Fri 05 Dec 2025 18:14:12 INFO  epoch 39 training [time: 36.86s, train loss: 1257.6266]
Fri 05 Dec 2025 18:14:14 INFO  epoch 39 evaluating [time: 2.36s, valid_score: 0.066400]
Fri 05 Dec 2025 18:14:14 INFO  valid result: 
recall@3 : 0.0289    recall@5 : 0.0431    recall@10 : 0.0664    recall@20 : 0.0953    ndcg@3 : 0.0173    ndcg@5 : 0.0232    ndcg@10 : 0.0307    ndcg@20 : 0.038    
Fri 05 Dec 2025 18:14:15 INFO  Saving current best: saved/SASRecD-Dec-05-2025_17-48-29.pth
Fri 05 Dec 2025 18:14:52 INFO  epoch 40 training [time: 37.07s, train loss: 1247.8051]
Fri 05 Dec 2025 18:15:30 INFO  epoch 41 training [time: 37.24s, train loss: 1237.8417]
Fri 05 Dec 2025 18:15:32 INFO  epoch 41 evaluating [time: 2.38s, valid_score: 0.066000]
Fri 05 Dec 2025 18:15:32 INFO  valid result: 
recall@3 : 0.0287    recall@5 : 0.0432    recall@10 : 0.066    recall@20 : 0.0955    ndcg@3 : 0.0172    ndcg@5 : 0.0232    ndcg@10 : 0.0306    ndcg@20 : 0.0379    
Fri 05 Dec 2025 18:16:09 INFO  epoch 42 training [time: 37.18s, train loss: 1227.5711]
Fri 05 Dec 2025 18:16:46 INFO  epoch 43 training [time: 37.14s, train loss: 1217.5110]
Fri 05 Dec 2025 18:16:49 INFO  epoch 43 evaluating [time: 2.39s, valid_score: 0.066100]
Fri 05 Dec 2025 18:16:49 INFO  valid result: 
recall@3 : 0.0288    recall@5 : 0.0434    recall@10 : 0.0661    recall@20 : 0.0965    ndcg@3 : 0.0174    ndcg@5 : 0.0234    ndcg@10 : 0.0307    ndcg@20 : 0.0384    
Fri 05 Dec 2025 18:17:26 INFO  epoch 44 training [time: 36.85s, train loss: 1207.9058]
Fri 05 Dec 2025 18:18:03 INFO  epoch 45 training [time: 36.92s, train loss: 1197.6571]
Fri 05 Dec 2025 18:18:05 INFO  epoch 45 evaluating [time: 2.38s, valid_score: 0.067000]
Fri 05 Dec 2025 18:18:05 INFO  valid result: 
recall@3 : 0.0289    recall@5 : 0.0433    recall@10 : 0.067    recall@20 : 0.097    ndcg@3 : 0.0174    ndcg@5 : 0.0233    ndcg@10 : 0.031    ndcg@20 : 0.0385    
Fri 05 Dec 2025 18:18:06 INFO  Saving current best: saved/SASRecD-Dec-05-2025_17-48-29.pth
Fri 05 Dec 2025 18:18:43 INFO  epoch 46 training [time: 37.02s, train loss: 1187.9868]
Fri 05 Dec 2025 18:19:20 INFO  epoch 47 training [time: 37.13s, train loss: 1177.9504]
Fri 05 Dec 2025 18:19:23 INFO  epoch 47 evaluating [time: 2.43s, valid_score: 0.067800]
Fri 05 Dec 2025 18:19:23 INFO  valid result: 
recall@3 : 0.0282    recall@5 : 0.0433    recall@10 : 0.0678    recall@20 : 0.0973    ndcg@3 : 0.017    ndcg@5 : 0.0233    ndcg@10 : 0.0312    ndcg@20 : 0.0385    
Fri 05 Dec 2025 18:19:24 INFO  Saving current best: saved/SASRecD-Dec-05-2025_17-48-29.pth
Fri 05 Dec 2025 18:20:01 INFO  epoch 48 training [time: 37.00s, train loss: 1168.1328]
Fri 05 Dec 2025 18:20:38 INFO  epoch 49 training [time: 36.92s, train loss: 1157.9780]
Fri 05 Dec 2025 18:20:40 INFO  epoch 49 evaluating [time: 2.34s, valid_score: 0.066900]
Fri 05 Dec 2025 18:20:40 INFO  valid result: 
recall@3 : 0.0286    recall@5 : 0.0436    recall@10 : 0.0669    recall@20 : 0.0973    ndcg@3 : 0.0173    ndcg@5 : 0.0235    ndcg@10 : 0.031    ndcg@20 : 0.0387    
Fri 05 Dec 2025 18:21:17 INFO  epoch 50 training [time: 37.06s, train loss: 1147.8048]
Fri 05 Dec 2025 18:21:54 INFO  epoch 51 training [time: 37.04s, train loss: 1137.9338]
Fri 05 Dec 2025 18:21:57 INFO  epoch 51 evaluating [time: 2.42s, valid_score: 0.067600]
Fri 05 Dec 2025 18:21:57 INFO  valid result: 
recall@3 : 0.0297    recall@5 : 0.0443    recall@10 : 0.0676    recall@20 : 0.0978    ndcg@3 : 0.0179    ndcg@5 : 0.0239    ndcg@10 : 0.0314    ndcg@20 : 0.039    
Fri 05 Dec 2025 18:22:34 INFO  epoch 52 training [time: 37.08s, train loss: 1127.4012]
Fri 05 Dec 2025 18:23:11 INFO  epoch 53 training [time: 37.05s, train loss: 1117.6386]
Fri 05 Dec 2025 18:23:13 INFO  epoch 53 evaluating [time: 2.41s, valid_score: 0.067700]
Fri 05 Dec 2025 18:23:13 INFO  valid result: 
recall@3 : 0.0287    recall@5 : 0.0433    recall@10 : 0.0677    recall@20 : 0.0969    ndcg@3 : 0.0176    ndcg@5 : 0.0236    ndcg@10 : 0.0314    ndcg@20 : 0.0388    
Fri 05 Dec 2025 18:23:50 INFO  epoch 54 training [time: 36.97s, train loss: 1106.5011]
Fri 05 Dec 2025 18:24:27 INFO  epoch 55 training [time: 36.83s, train loss: 1096.6871]
Fri 05 Dec 2025 18:24:29 INFO  epoch 55 evaluating [time: 2.36s, valid_score: 0.068100]
Fri 05 Dec 2025 18:24:29 INFO  valid result: 
recall@3 : 0.0291    recall@5 : 0.0436    recall@10 : 0.0681    recall@20 : 0.0982    ndcg@3 : 0.0176    ndcg@5 : 0.0236    ndcg@10 : 0.0316    ndcg@20 : 0.0391    
Fri 05 Dec 2025 18:24:30 INFO  Saving current best: saved/SASRecD-Dec-05-2025_17-48-29.pth
Fri 05 Dec 2025 18:25:07 INFO  epoch 56 training [time: 37.14s, train loss: 1086.1370]
Fri 05 Dec 2025 18:25:45 INFO  epoch 57 training [time: 37.62s, train loss: 1075.5552]
Fri 05 Dec 2025 18:25:48 INFO  epoch 57 evaluating [time: 2.44s, valid_score: 0.068200]
Fri 05 Dec 2025 18:25:48 INFO  valid result: 
recall@3 : 0.0289    recall@5 : 0.0434    recall@10 : 0.0682    recall@20 : 0.099    ndcg@3 : 0.0177    ndcg@5 : 0.0237    ndcg@10 : 0.0317    ndcg@20 : 0.0395    
Fri 05 Dec 2025 18:25:49 INFO  Saving current best: saved/SASRecD-Dec-05-2025_17-48-29.pth
Fri 05 Dec 2025 18:26:26 INFO  epoch 58 training [time: 37.60s, train loss: 1064.5796]
Fri 05 Dec 2025 18:27:03 INFO  epoch 59 training [time: 37.31s, train loss: 1053.8616]
Fri 05 Dec 2025 18:27:06 INFO  epoch 59 evaluating [time: 2.34s, valid_score: 0.067300]
Fri 05 Dec 2025 18:27:06 INFO  valid result: 
recall@3 : 0.0292    recall@5 : 0.0439    recall@10 : 0.0673    recall@20 : 0.0974    ndcg@3 : 0.0178    ndcg@5 : 0.0238    ndcg@10 : 0.0313    ndcg@20 : 0.0389    
Fri 05 Dec 2025 18:27:43 INFO  epoch 60 training [time: 37.42s, train loss: 1043.1991]
Fri 05 Dec 2025 18:28:21 INFO  epoch 61 training [time: 37.57s, train loss: 1032.3733]
Fri 05 Dec 2025 18:28:23 INFO  epoch 61 evaluating [time: 2.47s, valid_score: 0.067700]
Fri 05 Dec 2025 18:28:23 INFO  valid result: 
recall@3 : 0.0289    recall@5 : 0.0436    recall@10 : 0.0677    recall@20 : 0.0978    ndcg@3 : 0.0176    ndcg@5 : 0.0236    ndcg@10 : 0.0314    ndcg@20 : 0.039    
Fri 05 Dec 2025 18:29:01 INFO  epoch 62 training [time: 37.59s, train loss: 1020.8429]
Fri 05 Dec 2025 18:29:38 INFO  epoch 63 training [time: 37.51s, train loss: 1010.5271]
Fri 05 Dec 2025 18:29:41 INFO  epoch 63 evaluating [time: 2.42s, valid_score: 0.068000]
Fri 05 Dec 2025 18:29:41 INFO  valid result: 
recall@3 : 0.0298    recall@5 : 0.0431    recall@10 : 0.068    recall@20 : 0.0967    ndcg@3 : 0.0181    ndcg@5 : 0.0235    ndcg@10 : 0.0315    ndcg@20 : 0.0387    
Fri 05 Dec 2025 18:30:18 INFO  epoch 64 training [time: 37.55s, train loss: 999.3808]
Fri 05 Dec 2025 18:30:56 INFO  epoch 65 training [time: 37.39s, train loss: 988.1267]
Fri 05 Dec 2025 18:30:58 INFO  epoch 65 evaluating [time: 2.41s, valid_score: 0.068100]
Fri 05 Dec 2025 18:30:58 INFO  valid result: 
recall@3 : 0.0288    recall@5 : 0.0432    recall@10 : 0.0681    recall@20 : 0.097    ndcg@3 : 0.0175    ndcg@5 : 0.0234    ndcg@10 : 0.0315    ndcg@20 : 0.0387    
Fri 05 Dec 2025 18:31:36 INFO  epoch 66 training [time: 37.61s, train loss: 976.7400]
Fri 05 Dec 2025 18:32:13 INFO  epoch 67 training [time: 37.50s, train loss: 964.7005]
Fri 05 Dec 2025 18:32:16 INFO  epoch 67 evaluating [time: 2.42s, valid_score: 0.067100]
Fri 05 Dec 2025 18:32:16 INFO  valid result: 
recall@3 : 0.0292    recall@5 : 0.0431    recall@10 : 0.0671    recall@20 : 0.0974    ndcg@3 : 0.0178    ndcg@5 : 0.0236    ndcg@10 : 0.0313    ndcg@20 : 0.0389    
Fri 05 Dec 2025 18:32:55 INFO  epoch 68 training [time: 39.45s, train loss: 953.9921]
Fri 05 Dec 2025 18:33:34 INFO  epoch 69 training [time: 38.98s, train loss: 942.6798]
Fri 05 Dec 2025 18:33:37 INFO  epoch 69 evaluating [time: 2.50s, valid_score: 0.067600]
Fri 05 Dec 2025 18:33:37 INFO  valid result: 
recall@3 : 0.0289    recall@5 : 0.0434    recall@10 : 0.0676    recall@20 : 0.0971    ndcg@3 : 0.018    ndcg@5 : 0.0239    ndcg@10 : 0.0317    ndcg@20 : 0.0392    
Fri 05 Dec 2025 18:34:14 INFO  epoch 70 training [time: 37.37s, train loss: 929.8769]
Fri 05 Dec 2025 18:34:51 INFO  epoch 71 training [time: 36.59s, train loss: 919.0021]
Fri 05 Dec 2025 18:34:53 INFO  epoch 71 evaluating [time: 2.39s, valid_score: 0.066600]
Fri 05 Dec 2025 18:34:53 INFO  valid result: 
recall@3 : 0.0289    recall@5 : 0.0434    recall@10 : 0.0666    recall@20 : 0.0972    ndcg@3 : 0.0176    ndcg@5 : 0.0235    ndcg@10 : 0.0311    ndcg@20 : 0.0388    
Fri 05 Dec 2025 18:35:30 INFO  epoch 72 training [time: 36.72s, train loss: 906.9673]
Fri 05 Dec 2025 18:36:07 INFO  epoch 73 training [time: 37.13s, train loss: 894.9216]
Fri 05 Dec 2025 18:36:09 INFO  epoch 73 evaluating [time: 2.41s, valid_score: 0.067400]
Fri 05 Dec 2025 18:36:09 INFO  valid result: 
recall@3 : 0.029    recall@5 : 0.0433    recall@10 : 0.0674    recall@20 : 0.0965    ndcg@3 : 0.018    ndcg@5 : 0.0239    ndcg@10 : 0.0317    ndcg@20 : 0.039    
Fri 05 Dec 2025 18:36:46 INFO  epoch 74 training [time: 37.09s, train loss: 882.3402]
Fri 05 Dec 2025 18:37:23 INFO  epoch 75 training [time: 36.99s, train loss: 870.6638]
Fri 05 Dec 2025 18:37:26 INFO  epoch 75 evaluating [time: 2.39s, valid_score: 0.067200]
Fri 05 Dec 2025 18:37:26 INFO  valid result: 
recall@3 : 0.0293    recall@5 : 0.044    recall@10 : 0.0672    recall@20 : 0.097    ndcg@3 : 0.0181    ndcg@5 : 0.0242    ndcg@10 : 0.0317    ndcg@20 : 0.0392    
Fri 05 Dec 2025 18:38:03 INFO  epoch 76 training [time: 37.03s, train loss: 858.3909]
Fri 05 Dec 2025 18:38:40 INFO  epoch 77 training [time: 37.22s, train loss: 845.5257]
Fri 05 Dec 2025 18:38:42 INFO  epoch 77 evaluating [time: 2.43s, valid_score: 0.066600]
Fri 05 Dec 2025 18:38:42 INFO  valid result: 
recall@3 : 0.0288    recall@5 : 0.0433    recall@10 : 0.0666    recall@20 : 0.0966    ndcg@3 : 0.0177    ndcg@5 : 0.0236    ndcg@10 : 0.0312    ndcg@20 : 0.0387    
Fri 05 Dec 2025 18:39:20 INFO  epoch 78 training [time: 37.25s, train loss: 833.7998]
Fri 05 Dec 2025 18:39:57 INFO  epoch 79 training [time: 37.35s, train loss: 820.7417]
Fri 05 Dec 2025 18:39:59 INFO  epoch 79 evaluating [time: 2.41s, valid_score: 0.067200]
Fri 05 Dec 2025 18:39:59 INFO  valid result: 
recall@3 : 0.0292    recall@5 : 0.0438    recall@10 : 0.0672    recall@20 : 0.0964    ndcg@3 : 0.0178    ndcg@5 : 0.0238    ndcg@10 : 0.0314    ndcg@20 : 0.0387    
Fri 05 Dec 2025 18:39:59 INFO  Finished training, best eval result in epoch 57
Fri 05 Dec 2025 18:40:00 INFO  Loading model structure and parameters from saved/SASRecD-Dec-05-2025_17-48-29.pth
Fri 05 Dec 2025 18:40:02 INFO  best valid : {'recall@3': np.float64(0.0289), 'recall@5': np.float64(0.0434), 'recall@10': np.float64(0.0682), 'recall@20': np.float64(0.099), 'ndcg@3': np.float64(0.0177), 'ndcg@5': np.float64(0.0237), 'ndcg@10': np.float64(0.0317), 'ndcg@20': np.float64(0.0395)}
Fri 05 Dec 2025 18:40:02 INFO  test result: {'recall@3': np.float64(0.0238), 'recall@5': np.float64(0.0357), 'recall@10': np.float64(0.0543), 'recall@20': np.float64(0.0801), 'ndcg@3': np.float64(0.0145), 'ndcg@5': np.float64(0.0194), 'ndcg@10': np.float64(0.0254), 'ndcg@20': np.float64(0.0319)}
