Fri 31 Oct 2025 00:48:18 INFO  
General Hyper Parameters:
gpu_id = 0
use_gpu = True
seed = 212
state = INFO
reproducibility = True
data_path = ./recbole/data/dataset/Amazon_Sports_and_Outdoors
show_progress = True
save_dataset = False
save_dataloaders = False
benchmark_filename = None

Training Hyper Parameters:
checkpoint_dir = saved
epochs = 200
train_batch_size = 512
learner = adam
learning_rate = 0.0001
eval_step = 2
stopping_step = 10
clip_grad_norm = None
weight_decay = 0.0
loss_decimal_place = 4

Evaluation Hyper Parameters:
eval_args = {'split': {'LS': 'valid_and_test'}, 'group_by': 'user', 'order': 'TO', 'mode': 'full'}
metrics = ['Recall', 'NDCG']
topk = [3, 5, 10, 20]
valid_metric = Recall@10
valid_metric_bigger = True
eval_batch_size = 256
metric_decimal_place = 4

Dataset Hyper Parameters:
field_separator = 	
seq_separator =  
USER_ID_FIELD = user_id
ITEM_ID_FIELD = item_id
RATING_FIELD = rating
TIME_FIELD = timestamp
seq_len = None
LABEL_FIELD = label
threshold = None
NEG_PREFIX = neg_
load_col = {'inter': ['user_id', 'item_id', 'rating', 'timestamp'], 'item': ['item_id', 'title', 'sales_rank', 'price', 'brand', 'categories', 'sales_type'], 'title_original': ['ent_id', 'ent_emb'], 'image_original': ['img_id', 'img_emb']}
unload_col = None
unused_col = None
additional_feat_suffix = ['title_original', 'image_original']
rm_dup_inter = None
val_interval = None
filter_inter_by_user_or_item = True
user_inter_num_interval = [5,inf)
item_inter_num_interval = [5,inf)
alias_of_user_id = None
alias_of_item_id = ['ent_id', 'img_id']
alias_of_entity_id = None
alias_of_relation_id = None
preload_weight = {'ent_id': 'ent_emb', 'img_id': 'img_emb'}
normalize_field = None
normalize_all = None
ITEM_LIST_LENGTH_FIELD = item_length
LIST_SUFFIX = _list
MAX_ITEM_LIST_LENGTH = 50
POSITION_FIELD = position_id
HEAD_ENTITY_ID_FIELD = head_id
TAIL_ENTITY_ID_FIELD = tail_id
RELATION_ID_FIELD = relation_id
ENTITY_ID_FIELD = entity_id

Other Hyper Parameters: 
neg_sampling = None
multi_gpus = False
repeatable = True
n_layers = 3
n_heads = 8
hidden_size = 256
attribute_hidden_size = [128, 128]
inner_size = 256
hidden_dropout_prob = 0.5
attn_dropout_prob = 0.3
hidden_act = gelu
layer_norm_eps = 1e-12
initializer_range = 0.02
selected_features = ['ent_emb', 'img_emb']
pooling_mode = sum
loss_type = CE
weight_sharing = not
fusion_type = gate
lamdas = [5, 5]
attribute_predictor = ['cos_sim', 'cos_sim']
MODEL_TYPE = ModelType.SEQUENTIAL
orig_attribute_hidden_size = [1024, 4096]
feature_type = ['static', 'static']
wandb_run_name = log_mlp_noise_consistency_titles_images
annealing = False
MODEL_INPUT_TYPE = InputType.POINTWISE
eval_type = EvaluatorType.RANKING
device = cuda
train_neg_sample_args = {'strategy': 'none'}
eval_neg_sample_args = {'strategy': 'full', 'distribution': 'uniform'}


Fri 31 Oct 2025 00:48:35 INFO  Amazon_Sports_and_Outdoors
The number of users: 35599
Average actions of users: 8.324540704533963
The number of items: 18358
Average actions of items: 16.142997221768262
The number of inters: 296337
The sparsity of the dataset: 99.95465569853714%
Remain Fields: ['user_id', 'item_id', 'rating', 'timestamp', 'title', 'price', 'brand', 'categories', 'sales_type', 'sales_rank', 'ent_id', 'ent_emb', 'img_id', 'img_emb']
Fri 31 Oct 2025 00:48:38 INFO  [Training]: train_batch_size = [512] negative sampling: [None]
Fri 31 Oct 2025 00:48:38 INFO  [Evaluation]: eval_batch_size = [256] eval_args: [{'split': {'LS': 'valid_and_test'}, 'group_by': 'user', 'order': 'TO', 'mode': 'full'}]
Fri 31 Oct 2025 00:48:40 INFO  SASRecD(
  (item_embedding): Embedding(18358, 256, padding_idx=0)
  (position_embedding): Embedding(50, 256)
  (feature_embed_layer_list): ModuleList(
    (0): Embedding(
      18358, 1024
      (mlp): MLP(
        (net): Sequential(
          (0): Linear(in_features=1024, out_features=512, bias=True)
          (1): ReLU()
          (2): Dropout(p=0.1, inplace=False)
          (3): Linear(in_features=512, out_features=256, bias=True)
          (4): ReLU()
          (5): Dropout(p=0.1, inplace=False)
          (6): Linear(in_features=256, out_features=128, bias=True)
          (7): LayerNorm((128,), eps=1e-05, elementwise_affine=True)
        )
      )
    )
    (1): Embedding(
      18358, 4096
      (mlp): MLP(
        (net): Sequential(
          (0): Linear(in_features=4096, out_features=2048, bias=True)
          (1): ReLU()
          (2): Dropout(p=0.1, inplace=False)
          (3): Linear(in_features=2048, out_features=1024, bias=True)
          (4): ReLU()
          (5): Dropout(p=0.1, inplace=False)
          (6): Linear(in_features=1024, out_features=512, bias=True)
          (7): ReLU()
          (8): Dropout(p=0.1, inplace=False)
          (9): Linear(in_features=512, out_features=256, bias=True)
          (10): ReLU()
          (11): Dropout(p=0.1, inplace=False)
          (12): Linear(in_features=256, out_features=128, bias=True)
          (13): LayerNorm((128,), eps=1e-05, elementwise_affine=True)
        )
      )
    )
  )
  (trm_encoder): DIFTransformerEncoder(
    (layer): ModuleList(
      (0-2): 3 x DIFTransformerLayer(
        (multi_head_attention): DIFMultiHeadAttention(
          (query): Linear(in_features=256, out_features=256, bias=True)
          (key): Linear(in_features=256, out_features=256, bias=True)
          (value): Linear(in_features=256, out_features=256, bias=True)
          (query_p): Linear(in_features=256, out_features=256, bias=True)
          (key_p): Linear(in_features=256, out_features=256, bias=True)
          (query_layers): ModuleList(
            (0-1): 2 x Linear(in_features=128, out_features=128, bias=True)
          )
          (key_layers): ModuleList(
            (0-1): 2 x Linear(in_features=128, out_features=128, bias=True)
          )
          (fusion_layer): VanillaAttention(
            (projection): Sequential(
              (0): Linear(in_features=50, out_features=50, bias=True)
              (1): ReLU(inplace=True)
              (2): Linear(in_features=50, out_features=1, bias=True)
            )
          )
          (attn_dropout): Dropout(p=0.3, inplace=False)
          (dense): Linear(in_features=256, out_features=256, bias=True)
          (LayerNorm): LayerNorm((256,), eps=1e-12, elementwise_affine=True)
          (out_dropout): Dropout(p=0.5, inplace=False)
        )
        (feed_forward): FeedForward(
          (dense_1): Linear(in_features=256, out_features=256, bias=True)
          (dense_2): Linear(in_features=256, out_features=256, bias=True)
          (LayerNorm): LayerNorm((256,), eps=1e-12, elementwise_affine=True)
          (dropout): Dropout(p=0.5, inplace=False)
        )
      )
    )
  )
  (ap): ModuleList(
    (0): Linear(in_features=256, out_features=1024, bias=True)
    (1): Linear(in_features=256, out_features=4096, bias=True)
  )
  (LayerNorm): LayerNorm((256,), eps=1e-12, elementwise_affine=True)
  (dropout): Dropout(p=0.5, inplace=False)
  (loss_fct): CrossEntropyLoss()
  (attribute_loss_fct): BCEWithLogitsLoss()
)
Trainable parameters: 19684219
Fri 31 Oct 2025 00:50:11 INFO  epoch 0 training [time: 90.47s, train loss: 4450.2528]
Fri 31 Oct 2025 00:51:42 INFO  epoch 1 training [time: 90.92s, train loss: 4199.8793]
Fri 31 Oct 2025 00:51:51 INFO  epoch 1 evaluating [time: 8.56s, valid_score: 0.012700]
Fri 31 Oct 2025 00:51:51 INFO  valid result: 
recall@3 : 0.006    recall@5 : 0.0081    recall@10 : 0.0127    recall@20 : 0.0221    ndcg@3 : 0.0044    ndcg@5 : 0.0052    ndcg@10 : 0.0067    ndcg@20 : 0.0091    
Fri 31 Oct 2025 00:51:52 INFO  Saving current best: saved/SASRecD-Oct-31-2025_00-48-40.pth
Fri 31 Oct 2025 00:53:26 INFO  epoch 2 training [time: 93.51s, train loss: 4183.5479]
Fri 31 Oct 2025 00:54:57 INFO  epoch 3 training [time: 91.60s, train loss: 4148.7582]
Fri 31 Oct 2025 00:55:06 INFO  epoch 3 evaluating [time: 8.55s, valid_score: 0.016800]
Fri 31 Oct 2025 00:55:06 INFO  valid result: 
recall@3 : 0.0069    recall@5 : 0.01    recall@10 : 0.0168    recall@20 : 0.0312    ndcg@3 : 0.005    ndcg@5 : 0.0063    ndcg@10 : 0.0084    ndcg@20 : 0.012    
Fri 31 Oct 2025 00:55:07 INFO  Saving current best: saved/SASRecD-Oct-31-2025_00-48-40.pth
Fri 31 Oct 2025 00:56:39 INFO  epoch 4 training [time: 91.98s, train loss: 4064.4412]
Fri 31 Oct 2025 00:58:13 INFO  epoch 5 training [time: 94.24s, train loss: 3992.6178]
Fri 31 Oct 2025 00:58:21 INFO  epoch 5 evaluating [time: 8.36s, valid_score: 0.024400]
Fri 31 Oct 2025 00:58:21 INFO  valid result: 
recall@3 : 0.0088    recall@5 : 0.0141    recall@10 : 0.0244    recall@20 : 0.042    ndcg@3 : 0.0062    ndcg@5 : 0.0084    ndcg@10 : 0.0117    ndcg@20 : 0.0161    
Fri 31 Oct 2025 00:58:22 INFO  Saving current best: saved/SASRecD-Oct-31-2025_00-48-40.pth
Fri 31 Oct 2025 00:59:53 INFO  epoch 6 training [time: 90.85s, train loss: 3930.9773]
Fri 31 Oct 2025 01:01:24 INFO  epoch 7 training [time: 90.74s, train loss: 3871.0866]
Fri 31 Oct 2025 01:01:32 INFO  epoch 7 evaluating [time: 8.40s, valid_score: 0.033400]
Fri 31 Oct 2025 01:01:32 INFO  valid result: 
recall@3 : 0.0129    recall@5 : 0.0193    recall@10 : 0.0334    recall@20 : 0.0553    ndcg@3 : 0.0083    ndcg@5 : 0.0109    ndcg@10 : 0.0154    ndcg@20 : 0.021    
Fri 31 Oct 2025 01:01:33 INFO  Saving current best: saved/SASRecD-Oct-31-2025_00-48-40.pth
Fri 31 Oct 2025 01:03:04 INFO  epoch 8 training [time: 90.50s, train loss: 3814.1469]
Fri 31 Oct 2025 01:04:35 INFO  epoch 9 training [time: 91.04s, train loss: 3759.6392]
Fri 31 Oct 2025 01:04:43 INFO  epoch 9 evaluating [time: 8.41s, valid_score: 0.043600]
Fri 31 Oct 2025 01:04:43 INFO  valid result: 
recall@3 : 0.0183    recall@5 : 0.0267    recall@10 : 0.0436    recall@20 : 0.0678    ndcg@3 : 0.0117    ndcg@5 : 0.0152    ndcg@10 : 0.0206    ndcg@20 : 0.0267    
Fri 31 Oct 2025 01:04:44 INFO  Saving current best: saved/SASRecD-Oct-31-2025_00-48-40.pth
Fri 31 Oct 2025 01:06:15 INFO  epoch 10 training [time: 91.14s, train loss: 3708.3607]
Fri 31 Oct 2025 01:07:46 INFO  epoch 11 training [time: 90.72s, train loss: 3660.4084]
Fri 31 Oct 2025 01:07:54 INFO  epoch 11 evaluating [time: 8.43s, valid_score: 0.050200]
Fri 31 Oct 2025 01:07:54 INFO  valid result: 
recall@3 : 0.0209    recall@5 : 0.0314    recall@10 : 0.0502    recall@20 : 0.0764    ndcg@3 : 0.0132    ndcg@5 : 0.0175    ndcg@10 : 0.0235    ndcg@20 : 0.0301    
Fri 31 Oct 2025 01:07:55 INFO  Saving current best: saved/SASRecD-Oct-31-2025_00-48-40.pth
Fri 31 Oct 2025 01:09:26 INFO  epoch 12 training [time: 90.74s, train loss: 3615.2793]
Fri 31 Oct 2025 01:10:57 INFO  epoch 13 training [time: 91.08s, train loss: 3573.4349]
Fri 31 Oct 2025 01:11:04 INFO  epoch 13 evaluating [time: 6.78s, valid_score: 0.054800]
Fri 31 Oct 2025 01:11:04 INFO  valid result: 
recall@3 : 0.0239    recall@5 : 0.0354    recall@10 : 0.0548    recall@20 : 0.0818    ndcg@3 : 0.0148    ndcg@5 : 0.0195    ndcg@10 : 0.0258    ndcg@20 : 0.0326    
Fri 31 Oct 2025 01:11:05 INFO  Saving current best: saved/SASRecD-Oct-31-2025_00-48-40.pth
Fri 31 Oct 2025 01:12:35 INFO  epoch 14 training [time: 90.69s, train loss: 3533.8080]
Fri 31 Oct 2025 01:14:09 INFO  epoch 15 training [time: 93.20s, train loss: 3497.2619]
Fri 31 Oct 2025 01:14:18 INFO  epoch 15 evaluating [time: 8.84s, valid_score: 0.058500]
Fri 31 Oct 2025 01:14:18 INFO  valid result: 
recall@3 : 0.0254    recall@5 : 0.0379    recall@10 : 0.0585    recall@20 : 0.0858    ndcg@3 : 0.0155    ndcg@5 : 0.0206    ndcg@10 : 0.0273    ndcg@20 : 0.0342    
Fri 31 Oct 2025 01:14:19 INFO  Saving current best: saved/SASRecD-Oct-31-2025_00-48-40.pth
Fri 31 Oct 2025 01:15:56 INFO  epoch 16 training [time: 97.41s, train loss: 3462.9663]
Fri 31 Oct 2025 01:17:27 INFO  epoch 17 training [time: 91.25s, train loss: 3429.6982]
Fri 31 Oct 2025 01:17:36 INFO  epoch 17 evaluating [time: 8.46s, valid_score: 0.060100]
Fri 31 Oct 2025 01:17:36 INFO  valid result: 
recall@3 : 0.0271    recall@5 : 0.0392    recall@10 : 0.0601    recall@20 : 0.0897    ndcg@3 : 0.0163    ndcg@5 : 0.0213    ndcg@10 : 0.0281    ndcg@20 : 0.0355    
Fri 31 Oct 2025 01:17:38 INFO  Saving current best: saved/SASRecD-Oct-31-2025_00-48-40.pth
Fri 31 Oct 2025 01:19:10 INFO  epoch 18 training [time: 92.75s, train loss: 3399.9667]
Fri 31 Oct 2025 01:20:41 INFO  epoch 19 training [time: 90.64s, train loss: 3370.7300]
Fri 31 Oct 2025 01:20:48 INFO  epoch 19 evaluating [time: 6.85s, valid_score: 0.062400]
Fri 31 Oct 2025 01:20:48 INFO  valid result: 
recall@3 : 0.0276    recall@5 : 0.0407    recall@10 : 0.0624    recall@20 : 0.0917    ndcg@3 : 0.0165    ndcg@5 : 0.0219    ndcg@10 : 0.0289    ndcg@20 : 0.0362    
Fri 31 Oct 2025 01:20:49 INFO  Saving current best: saved/SASRecD-Oct-31-2025_00-48-40.pth
Fri 31 Oct 2025 01:22:20 INFO  epoch 20 training [time: 90.72s, train loss: 3344.0303]
Fri 31 Oct 2025 01:23:50 INFO  epoch 21 training [time: 90.76s, train loss: 3318.9308]
Fri 31 Oct 2025 01:23:59 INFO  epoch 21 evaluating [time: 8.45s, valid_score: 0.062900]
Fri 31 Oct 2025 01:23:59 INFO  valid result: 
recall@3 : 0.0283    recall@5 : 0.0414    recall@10 : 0.0629    recall@20 : 0.0935    ndcg@3 : 0.0168    ndcg@5 : 0.0222    ndcg@10 : 0.0291    ndcg@20 : 0.0368    
Fri 31 Oct 2025 01:24:00 INFO  Saving current best: saved/SASRecD-Oct-31-2025_00-48-40.pth
Fri 31 Oct 2025 01:25:32 INFO  epoch 22 training [time: 91.78s, train loss: 3296.1857]
Fri 31 Oct 2025 01:27:02 INFO  epoch 23 training [time: 90.84s, train loss: 3273.9437]
Fri 31 Oct 2025 01:27:11 INFO  epoch 23 evaluating [time: 8.49s, valid_score: 0.064500]
Fri 31 Oct 2025 01:27:11 INFO  valid result: 
recall@3 : 0.0287    recall@5 : 0.0418    recall@10 : 0.0645    recall@20 : 0.0948    ndcg@3 : 0.0171    ndcg@5 : 0.0225    ndcg@10 : 0.0298    ndcg@20 : 0.0374    
Fri 31 Oct 2025 01:27:12 INFO  Saving current best: saved/SASRecD-Oct-31-2025_00-48-40.pth
Fri 31 Oct 2025 01:28:42 INFO  epoch 24 training [time: 90.56s, train loss: 3253.7155]
Fri 31 Oct 2025 01:30:13 INFO  epoch 25 training [time: 90.64s, train loss: 3233.9559]
Fri 31 Oct 2025 01:30:22 INFO  epoch 25 evaluating [time: 8.46s, valid_score: 0.064400]
Fri 31 Oct 2025 01:30:22 INFO  valid result: 
recall@3 : 0.0287    recall@5 : 0.0413    recall@10 : 0.0644    recall@20 : 0.0952    ndcg@3 : 0.0172    ndcg@5 : 0.0224    ndcg@10 : 0.0298    ndcg@20 : 0.0376    
Fri 31 Oct 2025 01:31:52 INFO  epoch 26 training [time: 90.72s, train loss: 3215.9905]
Fri 31 Oct 2025 01:33:23 INFO  epoch 27 training [time: 91.27s, train loss: 3198.7634]
Fri 31 Oct 2025 01:33:30 INFO  epoch 27 evaluating [time: 6.71s, valid_score: 0.065700]
Fri 31 Oct 2025 01:33:30 INFO  valid result: 
recall@3 : 0.0287    recall@5 : 0.0422    recall@10 : 0.0657    recall@20 : 0.0957    ndcg@3 : 0.0172    ndcg@5 : 0.0227    ndcg@10 : 0.0303    ndcg@20 : 0.0379    
Fri 31 Oct 2025 01:33:31 INFO  Saving current best: saved/SASRecD-Oct-31-2025_00-48-40.pth
Fri 31 Oct 2025 01:35:02 INFO  epoch 28 training [time: 90.56s, train loss: 3182.7648]
Fri 31 Oct 2025 01:36:33 INFO  epoch 29 training [time: 90.87s, train loss: 3166.6608]
Fri 31 Oct 2025 01:36:41 INFO  epoch 29 evaluating [time: 8.46s, valid_score: 0.065500]
Fri 31 Oct 2025 01:36:41 INFO  valid result: 
recall@3 : 0.0289    recall@5 : 0.0421    recall@10 : 0.0655    recall@20 : 0.0958    ndcg@3 : 0.0173    ndcg@5 : 0.0227    ndcg@10 : 0.0303    ndcg@20 : 0.0379    
Fri 31 Oct 2025 01:38:12 INFO  epoch 30 training [time: 90.82s, train loss: 3151.7846]
Fri 31 Oct 2025 01:39:42 INFO  epoch 31 training [time: 90.57s, train loss: 3136.9909]
Fri 31 Oct 2025 01:39:51 INFO  epoch 31 evaluating [time: 8.45s, valid_score: 0.065900]
Fri 31 Oct 2025 01:39:51 INFO  valid result: 
recall@3 : 0.0291    recall@5 : 0.0426    recall@10 : 0.0659    recall@20 : 0.0964    ndcg@3 : 0.0175    ndcg@5 : 0.0231    ndcg@10 : 0.0306    ndcg@20 : 0.0382    
Fri 31 Oct 2025 01:39:52 INFO  Saving current best: saved/SASRecD-Oct-31-2025_00-48-40.pth
Fri 31 Oct 2025 01:41:24 INFO  epoch 32 training [time: 92.46s, train loss: 3124.5487]
Fri 31 Oct 2025 01:42:55 INFO  epoch 33 training [time: 90.62s, train loss: 3111.8787]
Fri 31 Oct 2025 01:43:03 INFO  epoch 33 evaluating [time: 8.48s, valid_score: 0.066000]
Fri 31 Oct 2025 01:43:03 INFO  valid result: 
recall@3 : 0.0288    recall@5 : 0.0423    recall@10 : 0.066    recall@20 : 0.0964    ndcg@3 : 0.0177    ndcg@5 : 0.0232    ndcg@10 : 0.0308    ndcg@20 : 0.0385    
Fri 31 Oct 2025 01:43:04 INFO  Saving current best: saved/SASRecD-Oct-31-2025_00-48-40.pth
Fri 31 Oct 2025 01:44:35 INFO  epoch 34 training [time: 90.72s, train loss: 3099.2572]
Fri 31 Oct 2025 01:46:06 INFO  epoch 35 training [time: 90.42s, train loss: 3087.5373]
Fri 31 Oct 2025 01:46:12 INFO  epoch 35 evaluating [time: 6.78s, valid_score: 0.065500]
Fri 31 Oct 2025 01:46:12 INFO  valid result: 
recall@3 : 0.0291    recall@5 : 0.0432    recall@10 : 0.0655    recall@20 : 0.0962    ndcg@3 : 0.0178    ndcg@5 : 0.0236    ndcg@10 : 0.0308    ndcg@20 : 0.0385    
Fri 31 Oct 2025 01:47:43 INFO  epoch 36 training [time: 90.77s, train loss: 3074.5246]
Fri 31 Oct 2025 01:49:15 INFO  epoch 37 training [time: 92.38s, train loss: 3063.4190]
Fri 31 Oct 2025 01:49:22 INFO  epoch 37 evaluating [time: 6.59s, valid_score: 0.065200]
Fri 31 Oct 2025 01:49:22 INFO  valid result: 
recall@3 : 0.0289    recall@5 : 0.0425    recall@10 : 0.0652    recall@20 : 0.095    ndcg@3 : 0.0177    ndcg@5 : 0.0233    ndcg@10 : 0.0306    ndcg@20 : 0.0381    
Fri 31 Oct 2025 01:50:53 INFO  epoch 38 training [time: 90.81s, train loss: 3051.1879]
Fri 31 Oct 2025 01:52:24 INFO  epoch 39 training [time: 90.90s, train loss: 3041.2264]
Fri 31 Oct 2025 01:52:31 INFO  epoch 39 evaluating [time: 7.67s, valid_score: 0.064600]
Fri 31 Oct 2025 01:52:31 INFO  valid result: 
recall@3 : 0.0288    recall@5 : 0.0433    recall@10 : 0.0646    recall@20 : 0.096    ndcg@3 : 0.0178    ndcg@5 : 0.0237    ndcg@10 : 0.0306    ndcg@20 : 0.0385    
Fri 31 Oct 2025 01:54:02 INFO  epoch 40 training [time: 90.68s, train loss: 3030.3878]
Fri 31 Oct 2025 01:55:34 INFO  epoch 41 training [time: 91.50s, train loss: 3019.4852]
Fri 31 Oct 2025 01:55:41 INFO  epoch 41 evaluating [time: 7.57s, valid_score: 0.064100]
Fri 31 Oct 2025 01:55:41 INFO  valid result: 
recall@3 : 0.0292    recall@5 : 0.0429    recall@10 : 0.0641    recall@20 : 0.0944    ndcg@3 : 0.018    ndcg@5 : 0.0236    ndcg@10 : 0.0304    ndcg@20 : 0.0381    
Fri 31 Oct 2025 01:57:12 INFO  epoch 42 training [time: 90.75s, train loss: 3009.2066]
