Tue 09 Dec 2025 15:01:50 INFO  
General Hyper Parameters:
gpu_id = 0
use_gpu = True
seed = 220
state = INFO
reproducibility = False
data_path = ./recbole/data/dataset/Amazon_Sports_and_Outdoors
show_progress = True
save_dataset = False
save_dataloaders = False
benchmark_filename = None

Training Hyper Parameters:
checkpoint_dir = saved
epochs = 200
train_batch_size = 1024
learner = adam
learning_rate = 0.0001
eval_step = 2
stopping_step = 10
clip_grad_norm = None
weight_decay = 0.0
loss_decimal_place = 4

Evaluation Hyper Parameters:
eval_args = {'split': {'LS': 'valid_and_test'}, 'group_by': 'user', 'order': 'TO', 'mode': 'full'}
metrics = ['Recall', 'NDCG']
topk = [3, 5, 10, 20]
valid_metric = Recall@10
valid_metric_bigger = True
eval_batch_size = 256
metric_decimal_place = 4

Dataset Hyper Parameters:
field_separator = 	
seq_separator =  
USER_ID_FIELD = user_id
ITEM_ID_FIELD = item_id
RATING_FIELD = rating
TIME_FIELD = timestamp
seq_len = None
LABEL_FIELD = label
threshold = None
NEG_PREFIX = neg_
load_col = {'inter': ['user_id', 'item_id', 'rating', 'timestamp'], 'item': ['item_id', 'title', 'sales_rank', 'price', 'brand', 'categories', 'sales_type'], 'title_original': ['ent_id', 'ent_emb']}
unload_col = None
unused_col = None
additional_feat_suffix = ['title_original']
rm_dup_inter = None
val_interval = None
filter_inter_by_user_or_item = True
user_inter_num_interval = [5,inf)
item_inter_num_interval = [5,inf)
alias_of_user_id = None
alias_of_item_id = ['ent_id']
alias_of_entity_id = None
alias_of_relation_id = None
preload_weight = {'ent_id': 'ent_emb'}
normalize_field = None
normalize_all = None
ITEM_LIST_LENGTH_FIELD = item_length
LIST_SUFFIX = _list
MAX_ITEM_LIST_LENGTH = 50
POSITION_FIELD = position_id
HEAD_ENTITY_ID_FIELD = head_id
TAIL_ENTITY_ID_FIELD = tail_id
RELATION_ID_FIELD = relation_id
ENTITY_ID_FIELD = entity_id

Other Hyper Parameters: 
neg_sampling = None
multi_gpus = False
repeatable = True
MODEL_TYPE = ModelType.SEQUENTIAL
n_layers = 3
n_heads = 8
hidden_size = 256
orig_attribute_hidden_size = [1024, 4096]
attribute_hidden_size = [128, 128]
inner_size = 256
hidden_dropout_prob = 0.5
attn_dropout_prob = 0.3
hidden_act = gelu
layer_norm_eps = 1e-12
initializer_range = 0.02
selected_features = ['ent_emb', 'categories']
feature_type = ['static', 'categorical']
pooling_mode = sum
loss_type = CE
weight_sharing = not
fusion_type = gate
lamdas = [5, 5]
attribute_predictor = ['cos_sim', 'linear']
diffusion = {'device': 'cuda', 'dims': [1000], 'emb_size': 20, 'mean_type': 'x0', 'noise_max': 0.02, 'noise_min': 0.0001, 'noise_scale': 0.1, 'noise_schedule': 'linear-var', 'norm': False, 'num_heads': 4, 'reweight': True, 'sampling_noise': False, 'sampling_steps': 0, 'steps': 5, 'structure': 'MLP', 'time_type': 'cat', 'hiddenSize': 128, 'inputSize': 128}
lambda = 0.5
wandb_run_name = titles_categories(ablation_study)
annealing = False
MODEL_INPUT_TYPE = InputType.POINTWISE
eval_type = EvaluatorType.RANKING
device = cuda
train_neg_sample_args = {'strategy': 'none'}
eval_neg_sample_args = {'strategy': 'full', 'distribution': 'uniform'}


Tue 09 Dec 2025 15:01:55 INFO  Amazon_Sports_and_Outdoors
The number of users: 35599
Average actions of users: 8.324540704533963
The number of items: 18358
Average actions of items: 16.142997221768262
The number of inters: 296337
The sparsity of the dataset: 99.95465569853714%
Remain Fields: ['user_id', 'item_id', 'rating', 'timestamp', 'title', 'price', 'brand', 'categories', 'sales_type', 'sales_rank', 'ent_id', 'ent_emb']
Tue 09 Dec 2025 15:01:58 INFO  [Training]: train_batch_size = [1024] negative sampling: [None]
Tue 09 Dec 2025 15:01:58 INFO  [Evaluation]: eval_batch_size = [256] eval_args: [{'split': {'LS': 'valid_and_test'}, 'group_by': 'user', 'order': 'TO', 'mode': 'full'}]
Tue 09 Dec 2025 15:02:00 INFO  SASRecD_Denoising(
  (item_embedding): Embedding(18358, 256, padding_idx=0)
  (position_embedding): Embedding(50, 256)
  (feature_embed_layer_list): ModuleList(
    (0): Embedding(
      18358, 1024
      (mlp): MLP(
        (net): Sequential(
          (0): Linear(in_features=1024, out_features=512, bias=True)
          (1): ReLU()
          (2): Dropout(p=0.1, inplace=False)
          (3): Linear(in_features=512, out_features=256, bias=True)
          (4): ReLU()
          (5): Dropout(p=0.1, inplace=False)
          (6): Linear(in_features=256, out_features=128, bias=True)
          (7): LayerNorm((128,), eps=1e-05, elementwise_affine=True)
        )
      )
    )
    (1): FeatureSeqEmbLayer()
  )
  (diffusion): ModuleList(
    (0): GaussianDiffusion(
      (model): DNN(
        (emb_layer): Linear(in_features=10, out_features=10, bias=True)
        (in_layers): ModuleList()
        (out_layers): ModuleList()
        (emb_out_linear): Linear(in_features=138, out_features=128, bias=True)
        (drop): Dropout(p=0.5, inplace=False)
      )
      (loss_layer): Linear(in_features=128, out_features=128, bias=True)
    )
    (1): Identity()
  )
  (trm_encoder): DIFTransformerEncoder(
    (layer): ModuleList(
      (0-2): 3 x DIFTransformerLayer(
        (multi_head_attention): DIFMultiHeadAttention(
          (query): Linear(in_features=256, out_features=256, bias=True)
          (key): Linear(in_features=256, out_features=256, bias=True)
          (value): Linear(in_features=256, out_features=256, bias=True)
          (query_p): Linear(in_features=256, out_features=256, bias=True)
          (key_p): Linear(in_features=256, out_features=256, bias=True)
          (query_layers): ModuleList(
            (0-1): 2 x Linear(in_features=128, out_features=128, bias=True)
          )
          (key_layers): ModuleList(
            (0-1): 2 x Linear(in_features=128, out_features=128, bias=True)
          )
          (fusion_layer): VanillaAttention(
            (projection): Sequential(
              (0): Linear(in_features=50, out_features=50, bias=True)
              (1): ReLU(inplace=True)
              (2): Linear(in_features=50, out_features=1, bias=True)
            )
          )
          (attn_dropout): Dropout(p=0.3, inplace=False)
          (dense): Linear(in_features=256, out_features=256, bias=True)
          (LayerNorm): LayerNorm((256,), eps=1e-12, elementwise_affine=True)
          (out_dropout): Dropout(p=0.5, inplace=False)
        )
        (feed_forward): FeedForward(
          (dense_1): Linear(in_features=256, out_features=256, bias=True)
          (dense_2): Linear(in_features=256, out_features=256, bias=True)
          (LayerNorm): LayerNorm((256,), eps=1e-12, elementwise_affine=True)
          (dropout): Dropout(p=0.5, inplace=False)
        )
      )
    )
  )
  (ap): ModuleList(
    (0): Linear(in_features=256, out_features=1024, bias=True)
    (1): Linear(in_features=256, out_features=1876, bias=True)
  )
  (LayerNorm): LayerNorm((256,), eps=1e-12, elementwise_affine=True)
  (dropout): Dropout(p=0.5, inplace=False)
  (loss_fct): CrossEntropyLoss()
  (attribute_loss_fct): BCEWithLogitsLoss()
)
Trainable parameters: 7969981
Tue 09 Dec 2025 15:04:17 INFO  epoch 0 training [time: 135.86s, train loss: 2124.6930]
Tue 09 Dec 2025 15:06:30 INFO  epoch 1 training [time: 132.70s, train loss: 1873.1487]
Tue 09 Dec 2025 15:06:51 INFO  epoch 1 evaluating [time: 21.55s, valid_score: 0.012200]
Tue 09 Dec 2025 15:06:51 INFO  valid result: 
recall@3 : 0.006    recall@5 : 0.0083    recall@10 : 0.0122    recall@20 : 0.0236    ndcg@3 : 0.0044    ndcg@5 : 0.0054    ndcg@10 : 0.0066    ndcg@20 : 0.0095    
Tue 09 Dec 2025 15:06:58 INFO  Saving current best: saved/SASRecD_Denoising-Dec-09-2025_15-02-00.pth
Tue 09 Dec 2025 15:09:10 INFO  epoch 2 training [time: 132.33s, train loss: 1856.0945]
Tue 09 Dec 2025 15:11:36 INFO  epoch 3 training [time: 145.72s, train loss: 1848.9324]
Tue 09 Dec 2025 15:11:56 INFO  epoch 3 evaluating [time: 20.17s, valid_score: 0.012500]
Tue 09 Dec 2025 15:11:56 INFO  valid result: 
recall@3 : 0.006    recall@5 : 0.008    recall@10 : 0.0125    recall@20 : 0.0232    ndcg@3 : 0.0044    ndcg@5 : 0.0052    ndcg@10 : 0.0067    ndcg@20 : 0.0093    
Tue 09 Dec 2025 15:11:59 INFO  Saving current best: saved/SASRecD_Denoising-Dec-09-2025_15-02-00.pth
Tue 09 Dec 2025 15:14:08 INFO  epoch 4 training [time: 129.52s, train loss: 1842.0370]
Tue 09 Dec 2025 15:16:22 INFO  epoch 5 training [time: 133.96s, train loss: 1832.4850]
Tue 09 Dec 2025 15:16:44 INFO  epoch 5 evaluating [time: 21.49s, valid_score: 0.013000]
Tue 09 Dec 2025 15:16:44 INFO  valid result: 
recall@3 : 0.0057    recall@5 : 0.008    recall@10 : 0.013    recall@20 : 0.0233    ndcg@3 : 0.0042    ndcg@5 : 0.0051    ndcg@10 : 0.0067    ndcg@20 : 0.0093    
Tue 09 Dec 2025 15:16:46 INFO  Saving current best: saved/SASRecD_Denoising-Dec-09-2025_15-02-00.pth
Tue 09 Dec 2025 15:18:40 INFO  epoch 6 training [time: 114.27s, train loss: 1817.0466]
Tue 09 Dec 2025 15:20:27 INFO  epoch 7 training [time: 106.62s, train loss: 1787.6523]
Tue 09 Dec 2025 15:20:43 INFO  epoch 7 evaluating [time: 16.10s, valid_score: 0.020000]
Tue 09 Dec 2025 15:20:43 INFO  valid result: 
recall@3 : 0.0079    recall@5 : 0.0118    recall@10 : 0.02    recall@20 : 0.0348    ndcg@3 : 0.0057    ndcg@5 : 0.0073    ndcg@10 : 0.0099    ndcg@20 : 0.0136    
Tue 09 Dec 2025 15:20:45 INFO  Saving current best: saved/SASRecD_Denoising-Dec-09-2025_15-02-00.pth
Tue 09 Dec 2025 15:23:03 INFO  epoch 8 training [time: 137.36s, train loss: 1759.2437]
Tue 09 Dec 2025 15:25:20 INFO  epoch 9 training [time: 136.97s, train loss: 1735.4722]
Tue 09 Dec 2025 15:25:40 INFO  epoch 9 evaluating [time: 20.91s, valid_score: 0.024300]
Tue 09 Dec 2025 15:25:40 INFO  valid result: 
recall@3 : 0.009    recall@5 : 0.0143    recall@10 : 0.0243    recall@20 : 0.0419    ndcg@3 : 0.0063    ndcg@5 : 0.0085    ndcg@10 : 0.0117    ndcg@20 : 0.0161    
Tue 09 Dec 2025 15:25:43 INFO  Saving current best: saved/SASRecD_Denoising-Dec-09-2025_15-02-00.pth
Tue 09 Dec 2025 15:27:58 INFO  epoch 10 training [time: 135.66s, train loss: 1712.4403]
Tue 09 Dec 2025 15:30:09 INFO  epoch 11 training [time: 131.28s, train loss: 1689.9603]
Tue 09 Dec 2025 15:30:30 INFO  epoch 11 evaluating [time: 20.34s, valid_score: 0.032000]
Tue 09 Dec 2025 15:30:30 INFO  valid result: 
recall@3 : 0.0125    recall@5 : 0.019    recall@10 : 0.032    recall@20 : 0.0543    ndcg@3 : 0.0084    ndcg@5 : 0.011    ndcg@10 : 0.0152    ndcg@20 : 0.0208    
Tue 09 Dec 2025 15:30:32 INFO  Saving current best: saved/SASRecD_Denoising-Dec-09-2025_15-02-00.pth
Tue 09 Dec 2025 15:32:49 INFO  epoch 12 training [time: 136.96s, train loss: 1667.3119]
Tue 09 Dec 2025 15:35:05 INFO  epoch 13 training [time: 136.50s, train loss: 1646.1348]
Tue 09 Dec 2025 15:35:24 INFO  epoch 13 evaluating [time: 19.05s, valid_score: 0.039000]
Tue 09 Dec 2025 15:35:24 INFO  valid result: 
recall@3 : 0.0164    recall@5 : 0.0246    recall@10 : 0.039    recall@20 : 0.0615    ndcg@3 : 0.0107    ndcg@5 : 0.014    ndcg@10 : 0.0187    ndcg@20 : 0.0243    
Tue 09 Dec 2025 15:35:26 INFO  Saving current best: saved/SASRecD_Denoising-Dec-09-2025_15-02-00.pth
Tue 09 Dec 2025 15:37:44 INFO  epoch 14 training [time: 137.32s, train loss: 1624.9323]
Tue 09 Dec 2025 15:39:59 INFO  epoch 15 training [time: 134.84s, train loss: 1605.5414]
Tue 09 Dec 2025 15:40:19 INFO  epoch 15 evaluating [time: 20.47s, valid_score: 0.045700]
Tue 09 Dec 2025 15:40:19 INFO  valid result: 
recall@3 : 0.0193    recall@5 : 0.0287    recall@10 : 0.0457    recall@20 : 0.0697    ndcg@3 : 0.0123    ndcg@5 : 0.0162    ndcg@10 : 0.0217    ndcg@20 : 0.0277    
Tue 09 Dec 2025 15:40:21 INFO  Saving current best: saved/SASRecD_Denoising-Dec-09-2025_15-02-00.pth
Tue 09 Dec 2025 15:42:36 INFO  epoch 16 training [time: 135.42s, train loss: 1586.8933]
Tue 09 Dec 2025 15:45:01 INFO  epoch 17 training [time: 144.81s, train loss: 1569.1204]
Tue 09 Dec 2025 15:45:21 INFO  epoch 17 evaluating [time: 19.56s, valid_score: 0.050300]
Tue 09 Dec 2025 15:45:21 INFO  valid result: 
recall@3 : 0.0213    recall@5 : 0.0315    recall@10 : 0.0503    recall@20 : 0.0758    ndcg@3 : 0.0133    ndcg@5 : 0.0176    ndcg@10 : 0.0237    ndcg@20 : 0.0301    
Tue 09 Dec 2025 15:45:23 INFO  Saving current best: saved/SASRecD_Denoising-Dec-09-2025_15-02-00.pth
Tue 09 Dec 2025 15:47:35 INFO  epoch 18 training [time: 132.19s, train loss: 1551.9701]
Tue 09 Dec 2025 15:49:49 INFO  epoch 19 training [time: 133.67s, train loss: 1535.7187]
Tue 09 Dec 2025 15:50:08 INFO  epoch 19 evaluating [time: 19.11s, valid_score: 0.053800]
Tue 09 Dec 2025 15:50:08 INFO  valid result: 
recall@3 : 0.0237    recall@5 : 0.0353    recall@10 : 0.0538    recall@20 : 0.0796    ndcg@3 : 0.0145    ndcg@5 : 0.0193    ndcg@10 : 0.0253    ndcg@20 : 0.0318    
Tue 09 Dec 2025 15:50:10 INFO  Saving current best: saved/SASRecD_Denoising-Dec-09-2025_15-02-00.pth
Tue 09 Dec 2025 15:52:29 INFO  epoch 20 training [time: 138.81s, train loss: 1520.6192]
Tue 09 Dec 2025 15:54:42 INFO  epoch 21 training [time: 133.77s, train loss: 1505.3440]
Tue 09 Dec 2025 15:55:02 INFO  epoch 21 evaluating [time: 19.94s, valid_score: 0.056800]
Tue 09 Dec 2025 15:55:02 INFO  valid result: 
recall@3 : 0.0244    recall@5 : 0.0374    recall@10 : 0.0568    recall@20 : 0.0831    ndcg@3 : 0.0149    ndcg@5 : 0.0203    ndcg@10 : 0.0265    ndcg@20 : 0.0331    
Tue 09 Dec 2025 15:55:04 INFO  Saving current best: saved/SASRecD_Denoising-Dec-09-2025_15-02-00.pth
Tue 09 Dec 2025 15:57:21 INFO  epoch 22 training [time: 137.03s, train loss: 1491.2385]
Tue 09 Dec 2025 15:59:36 INFO  epoch 23 training [time: 134.83s, train loss: 1477.5012]
Tue 09 Dec 2025 15:59:58 INFO  epoch 23 evaluating [time: 21.35s, valid_score: 0.058800]
Tue 09 Dec 2025 15:59:58 INFO  valid result: 
recall@3 : 0.0259    recall@5 : 0.0386    recall@10 : 0.0588    recall@20 : 0.0868    ndcg@3 : 0.0158    ndcg@5 : 0.021    ndcg@10 : 0.0275    ndcg@20 : 0.0345    
Tue 09 Dec 2025 16:00:00 INFO  Saving current best: saved/SASRecD_Denoising-Dec-09-2025_15-02-00.pth
Tue 09 Dec 2025 16:02:17 INFO  epoch 24 training [time: 136.73s, train loss: 1463.9432]
Tue 09 Dec 2025 16:04:18 INFO  epoch 25 training [time: 121.32s, train loss: 1450.7360]
Tue 09 Dec 2025 16:04:36 INFO  epoch 25 evaluating [time: 18.55s, valid_score: 0.061200]
Tue 09 Dec 2025 16:04:36 INFO  valid result: 
recall@3 : 0.0267    recall@5 : 0.0396    recall@10 : 0.0612    recall@20 : 0.089    ndcg@3 : 0.0161    ndcg@5 : 0.0214    ndcg@10 : 0.0284    ndcg@20 : 0.0354    
Tue 09 Dec 2025 16:04:38 INFO  Saving current best: saved/SASRecD_Denoising-Dec-09-2025_15-02-00.pth
Tue 09 Dec 2025 16:06:46 INFO  epoch 26 training [time: 127.10s, train loss: 1438.0465]
Tue 09 Dec 2025 16:09:02 INFO  epoch 27 training [time: 136.68s, train loss: 1426.0571]
Tue 09 Dec 2025 16:09:23 INFO  epoch 27 evaluating [time: 20.50s, valid_score: 0.062800]
Tue 09 Dec 2025 16:09:23 INFO  valid result: 
recall@3 : 0.0272    recall@5 : 0.0407    recall@10 : 0.0628    recall@20 : 0.091    ndcg@3 : 0.0164    ndcg@5 : 0.0219    ndcg@10 : 0.0291    ndcg@20 : 0.0362    
Tue 09 Dec 2025 16:09:25 INFO  Saving current best: saved/SASRecD_Denoising-Dec-09-2025_15-02-00.pth
Tue 09 Dec 2025 16:11:42 INFO  epoch 28 training [time: 136.89s, train loss: 1414.5363]
Tue 09 Dec 2025 16:13:59 INFO  epoch 29 training [time: 137.57s, train loss: 1402.5887]
Tue 09 Dec 2025 16:14:19 INFO  epoch 29 evaluating [time: 20.18s, valid_score: 0.063400]
Tue 09 Dec 2025 16:14:19 INFO  valid result: 
recall@3 : 0.0273    recall@5 : 0.0411    recall@10 : 0.0634    recall@20 : 0.0922    ndcg@3 : 0.0164    ndcg@5 : 0.0221    ndcg@10 : 0.0293    ndcg@20 : 0.0365    
Tue 09 Dec 2025 16:14:21 INFO  Saving current best: saved/SASRecD_Denoising-Dec-09-2025_15-02-00.pth
Tue 09 Dec 2025 16:16:42 INFO  epoch 30 training [time: 140.72s, train loss: 1391.5634]
Tue 09 Dec 2025 16:18:55 INFO  epoch 31 training [time: 132.82s, train loss: 1379.6660]
Tue 09 Dec 2025 16:19:17 INFO  epoch 31 evaluating [time: 21.69s, valid_score: 0.064400]
Tue 09 Dec 2025 16:19:17 INFO  valid result: 
recall@3 : 0.0277    recall@5 : 0.0417    recall@10 : 0.0644    recall@20 : 0.0939    ndcg@3 : 0.0166    ndcg@5 : 0.0224    ndcg@10 : 0.0297    ndcg@20 : 0.0371    
Tue 09 Dec 2025 16:19:19 INFO  Saving current best: saved/SASRecD_Denoising-Dec-09-2025_15-02-00.pth
Tue 09 Dec 2025 16:21:32 INFO  epoch 32 training [time: 133.76s, train loss: 1368.8201]
Tue 09 Dec 2025 16:23:52 INFO  epoch 33 training [time: 139.89s, train loss: 1358.1533]
Tue 09 Dec 2025 16:24:13 INFO  epoch 33 evaluating [time: 20.58s, valid_score: 0.064700]
Tue 09 Dec 2025 16:24:13 INFO  valid result: 
recall@3 : 0.0287    recall@5 : 0.0422    recall@10 : 0.0647    recall@20 : 0.0948    ndcg@3 : 0.0172    ndcg@5 : 0.0228    ndcg@10 : 0.03    ndcg@20 : 0.0376    
Tue 09 Dec 2025 16:24:15 INFO  Saving current best: saved/SASRecD_Denoising-Dec-09-2025_15-02-00.pth
Tue 09 Dec 2025 16:26:32 INFO  epoch 34 training [time: 136.85s, train loss: 1347.2974]
Tue 09 Dec 2025 16:28:49 INFO  epoch 35 training [time: 137.81s, train loss: 1336.7255]
Tue 09 Dec 2025 16:29:08 INFO  epoch 35 evaluating [time: 18.62s, valid_score: 0.065200]
Tue 09 Dec 2025 16:29:08 INFO  valid result: 
recall@3 : 0.0283    recall@5 : 0.0421    recall@10 : 0.0652    recall@20 : 0.0953    ndcg@3 : 0.0171    ndcg@5 : 0.0228    ndcg@10 : 0.0303    ndcg@20 : 0.0378    
Tue 09 Dec 2025 16:29:10 INFO  Saving current best: saved/SASRecD_Denoising-Dec-09-2025_15-02-00.pth
Tue 09 Dec 2025 16:31:24 INFO  epoch 36 training [time: 133.92s, train loss: 1326.7568]
Tue 09 Dec 2025 16:33:41 INFO  epoch 37 training [time: 137.45s, train loss: 1316.8918]
Tue 09 Dec 2025 16:34:02 INFO  epoch 37 evaluating [time: 20.94s, valid_score: 0.065300]
Tue 09 Dec 2025 16:34:02 INFO  valid result: 
recall@3 : 0.0289    recall@5 : 0.0424    recall@10 : 0.0653    recall@20 : 0.0958    ndcg@3 : 0.0174    ndcg@5 : 0.023    ndcg@10 : 0.0303    ndcg@20 : 0.038    
Tue 09 Dec 2025 16:34:04 INFO  Saving current best: saved/SASRecD_Denoising-Dec-09-2025_15-02-00.pth
Tue 09 Dec 2025 16:36:20 INFO  epoch 38 training [time: 135.47s, train loss: 1306.0720]
Tue 09 Dec 2025 16:38:37 INFO  epoch 39 training [time: 136.96s, train loss: 1296.3465]
Tue 09 Dec 2025 16:38:57 INFO  epoch 39 evaluating [time: 20.45s, valid_score: 0.065900]
Tue 09 Dec 2025 16:38:57 INFO  valid result: 
recall@3 : 0.0289    recall@5 : 0.0422    recall@10 : 0.0659    recall@20 : 0.0969    ndcg@3 : 0.0173    ndcg@5 : 0.0228    ndcg@10 : 0.0304    ndcg@20 : 0.0382    
Tue 09 Dec 2025 16:38:59 INFO  Saving current best: saved/SASRecD_Denoising-Dec-09-2025_15-02-00.pth
Tue 09 Dec 2025 16:41:15 INFO  epoch 40 training [time: 136.25s, train loss: 1285.6152]
Tue 09 Dec 2025 16:43:34 INFO  epoch 41 training [time: 138.51s, train loss: 1276.6373]
Tue 09 Dec 2025 16:43:53 INFO  epoch 41 evaluating [time: 19.31s, valid_score: 0.066900]
Tue 09 Dec 2025 16:43:53 INFO  valid result: 
recall@3 : 0.0292    recall@5 : 0.0426    recall@10 : 0.0669    recall@20 : 0.0973    ndcg@3 : 0.0175    ndcg@5 : 0.023    ndcg@10 : 0.0308    ndcg@20 : 0.0384    
Tue 09 Dec 2025 16:43:55 INFO  Saving current best: saved/SASRecD_Denoising-Dec-09-2025_15-02-00.pth
Tue 09 Dec 2025 16:46:11 INFO  epoch 42 training [time: 135.57s, train loss: 1265.7649]
Tue 09 Dec 2025 16:48:25 INFO  epoch 43 training [time: 133.91s, train loss: 1256.6396]
Tue 09 Dec 2025 16:48:46 INFO  epoch 43 evaluating [time: 20.92s, valid_score: 0.066400]
Tue 09 Dec 2025 16:48:46 INFO  valid result: 
recall@3 : 0.029    recall@5 : 0.0432    recall@10 : 0.0664    recall@20 : 0.0969    ndcg@3 : 0.0175    ndcg@5 : 0.0233    ndcg@10 : 0.0308    ndcg@20 : 0.0385    
Tue 09 Dec 2025 16:51:00 INFO  epoch 44 training [time: 134.49s, train loss: 1246.2653]
Tue 09 Dec 2025 16:53:15 INFO  epoch 45 training [time: 134.92s, train loss: 1236.8553]
Tue 09 Dec 2025 16:53:35 INFO  epoch 45 evaluating [time: 19.87s, valid_score: 0.066100]
Tue 09 Dec 2025 16:53:35 INFO  valid result: 
recall@3 : 0.0295    recall@5 : 0.0433    recall@10 : 0.0661    recall@20 : 0.0967    ndcg@3 : 0.0177    ndcg@5 : 0.0234    ndcg@10 : 0.0307    ndcg@20 : 0.0384    
Tue 09 Dec 2025 16:55:53 INFO  epoch 46 training [time: 137.66s, train loss: 1226.7477]
Tue 09 Dec 2025 16:58:11 INFO  epoch 47 training [time: 138.20s, train loss: 1216.7055]
Tue 09 Dec 2025 16:58:32 INFO  epoch 47 evaluating [time: 21.06s, valid_score: 0.066800]
Tue 09 Dec 2025 16:58:32 INFO  valid result: 
recall@3 : 0.03    recall@5 : 0.0435    recall@10 : 0.0668    recall@20 : 0.0976    ndcg@3 : 0.0179    ndcg@5 : 0.0235    ndcg@10 : 0.031    ndcg@20 : 0.0387    
Tue 09 Dec 2025 17:00:44 INFO  epoch 48 training [time: 132.62s, train loss: 1206.6804]
Tue 09 Dec 2025 17:02:58 INFO  epoch 49 training [time: 133.76s, train loss: 1196.4366]
Tue 09 Dec 2025 17:03:19 INFO  epoch 49 evaluating [time: 20.42s, valid_score: 0.066200]
Tue 09 Dec 2025 17:03:19 INFO  valid result: 
recall@3 : 0.0292    recall@5 : 0.0432    recall@10 : 0.0662    recall@20 : 0.0986    ndcg@3 : 0.0174    ndcg@5 : 0.0232    ndcg@10 : 0.0306    ndcg@20 : 0.0388    
Tue 09 Dec 2025 17:05:38 INFO  epoch 50 training [time: 139.14s, train loss: 1186.2451]
Tue 09 Dec 2025 17:07:52 INFO  epoch 51 training [time: 134.44s, train loss: 1176.3472]
Tue 09 Dec 2025 17:08:12 INFO  epoch 51 evaluating [time: 19.87s, valid_score: 0.067600]
Tue 09 Dec 2025 17:08:12 INFO  valid result: 
recall@3 : 0.029    recall@5 : 0.0434    recall@10 : 0.0676    recall@20 : 0.099    ndcg@3 : 0.0175    ndcg@5 : 0.0235    ndcg@10 : 0.0312    ndcg@20 : 0.0391    
Tue 09 Dec 2025 17:08:14 INFO  Saving current best: saved/SASRecD_Denoising-Dec-09-2025_15-02-00.pth
Tue 09 Dec 2025 17:10:25 INFO  epoch 52 training [time: 131.01s, train loss: 1165.9555]
Tue 09 Dec 2025 17:12:41 INFO  epoch 53 training [time: 136.42s, train loss: 1155.0042]
Tue 09 Dec 2025 17:13:02 INFO  epoch 53 evaluating [time: 20.49s, valid_score: 0.066600]
Tue 09 Dec 2025 17:13:02 INFO  valid result: 
recall@3 : 0.0292    recall@5 : 0.0434    recall@10 : 0.0666    recall@20 : 0.0987    ndcg@3 : 0.0176    ndcg@5 : 0.0234    ndcg@10 : 0.0309    ndcg@20 : 0.0389    
Tue 09 Dec 2025 17:15:12 INFO  epoch 54 training [time: 130.48s, train loss: 1145.0959]
Tue 09 Dec 2025 17:17:31 INFO  epoch 55 training [time: 138.78s, train loss: 1134.7769]
Tue 09 Dec 2025 17:17:51 INFO  epoch 55 evaluating [time: 19.59s, valid_score: 0.067200]
Tue 09 Dec 2025 17:17:51 INFO  valid result: 
recall@3 : 0.0287    recall@5 : 0.0431    recall@10 : 0.0672    recall@20 : 0.0981    ndcg@3 : 0.0172    ndcg@5 : 0.0231    ndcg@10 : 0.0309    ndcg@20 : 0.0386    
Tue 09 Dec 2025 17:20:08 INFO  epoch 56 training [time: 137.24s, train loss: 1124.3430]
Tue 09 Dec 2025 17:22:25 INFO  epoch 57 training [time: 136.82s, train loss: 1114.0846]
Tue 09 Dec 2025 17:22:45 INFO  epoch 57 evaluating [time: 20.15s, valid_score: 0.066500]
Tue 09 Dec 2025 17:22:45 INFO  valid result: 
recall@3 : 0.029    recall@5 : 0.0429    recall@10 : 0.0665    recall@20 : 0.0976    ndcg@3 : 0.0175    ndcg@5 : 0.0232    ndcg@10 : 0.0308    ndcg@20 : 0.0386    
Tue 09 Dec 2025 17:24:55 INFO  epoch 58 training [time: 129.89s, train loss: 1102.8001]
Tue 09 Dec 2025 17:27:11 INFO  epoch 59 training [time: 136.56s, train loss: 1092.4918]
Tue 09 Dec 2025 17:27:32 INFO  epoch 59 evaluating [time: 20.30s, valid_score: 0.066700]
Tue 09 Dec 2025 17:27:32 INFO  valid result: 
recall@3 : 0.0296    recall@5 : 0.0434    recall@10 : 0.0667    recall@20 : 0.0989    ndcg@3 : 0.0178    ndcg@5 : 0.0235    ndcg@10 : 0.031    ndcg@20 : 0.0391    
Tue 09 Dec 2025 17:29:49 INFO  epoch 60 training [time: 136.81s, train loss: 1082.0067]
Tue 09 Dec 2025 17:32:05 INFO  epoch 61 training [time: 136.46s, train loss: 1070.7257]
Tue 09 Dec 2025 17:32:27 INFO  epoch 61 evaluating [time: 22.13s, valid_score: 0.066900]
Tue 09 Dec 2025 17:32:27 INFO  valid result: 
recall@3 : 0.0292    recall@5 : 0.0431    recall@10 : 0.0669    recall@20 : 0.0975    ndcg@3 : 0.0176    ndcg@5 : 0.0234    ndcg@10 : 0.031    ndcg@20 : 0.0387    
Tue 09 Dec 2025 17:34:44 INFO  epoch 62 training [time: 136.55s, train loss: 1059.8444]
Tue 09 Dec 2025 17:37:02 INFO  epoch 63 training [time: 138.27s, train loss: 1048.4857]
Tue 09 Dec 2025 17:37:23 INFO  epoch 63 evaluating [time: 21.30s, valid_score: 0.066400]
Tue 09 Dec 2025 17:37:23 INFO  valid result: 
recall@3 : 0.0291    recall@5 : 0.0421    recall@10 : 0.0664    recall@20 : 0.0976    ndcg@3 : 0.0176    ndcg@5 : 0.0229    ndcg@10 : 0.0308    ndcg@20 : 0.0386    
Tue 09 Dec 2025 17:39:40 INFO  epoch 64 training [time: 136.25s, train loss: 1038.0508]
Tue 09 Dec 2025 17:41:55 INFO  epoch 65 training [time: 135.40s, train loss: 1025.7123]
Tue 09 Dec 2025 17:42:17 INFO  epoch 65 evaluating [time: 21.66s, valid_score: 0.066100]
Tue 09 Dec 2025 17:42:17 INFO  valid result: 
recall@3 : 0.0294    recall@5 : 0.0432    recall@10 : 0.0661    recall@20 : 0.0974    ndcg@3 : 0.0177    ndcg@5 : 0.0234    ndcg@10 : 0.0308    ndcg@20 : 0.0387    
Tue 09 Dec 2025 17:44:33 INFO  epoch 66 training [time: 136.00s, train loss: 1015.0866]
Tue 09 Dec 2025 17:46:42 INFO  epoch 67 training [time: 129.23s, train loss: 1003.7319]
Tue 09 Dec 2025 17:47:04 INFO  epoch 67 evaluating [time: 22.13s, valid_score: 0.067100]
Tue 09 Dec 2025 17:47:04 INFO  valid result: 
recall@3 : 0.0291    recall@5 : 0.0428    recall@10 : 0.0671    recall@20 : 0.0979    ndcg@3 : 0.0177    ndcg@5 : 0.0233    ndcg@10 : 0.0311    ndcg@20 : 0.0389    
Tue 09 Dec 2025 17:49:20 INFO  epoch 68 training [time: 135.51s, train loss: 992.5957]
Tue 09 Dec 2025 17:51:35 INFO  epoch 69 training [time: 135.54s, train loss: 979.7717]
Tue 09 Dec 2025 17:51:54 INFO  epoch 69 evaluating [time: 18.84s, valid_score: 0.067500]
Tue 09 Dec 2025 17:51:54 INFO  valid result: 
recall@3 : 0.0285    recall@5 : 0.0431    recall@10 : 0.0675    recall@20 : 0.0976    ndcg@3 : 0.0174    ndcg@5 : 0.0233    ndcg@10 : 0.0312    ndcg@20 : 0.0388    
Tue 09 Dec 2025 17:54:08 INFO  epoch 70 training [time: 133.87s, train loss: 968.2583]
Tue 09 Dec 2025 17:56:19 INFO  epoch 71 training [time: 131.24s, train loss: 956.8042]
Tue 09 Dec 2025 17:56:40 INFO  epoch 71 evaluating [time: 20.80s, valid_score: 0.065700]
Tue 09 Dec 2025 17:56:40 INFO  valid result: 
recall@3 : 0.029    recall@5 : 0.0431    recall@10 : 0.0657    recall@20 : 0.0967    ndcg@3 : 0.0176    ndcg@5 : 0.0234    ndcg@10 : 0.0307    ndcg@20 : 0.0385    
Tue 09 Dec 2025 17:58:58 INFO  epoch 72 training [time: 138.35s, train loss: 944.8161]
Tue 09 Dec 2025 18:01:16 INFO  epoch 73 training [time: 137.59s, train loss: 933.3491]
Tue 09 Dec 2025 18:01:36 INFO  epoch 73 evaluating [time: 20.74s, valid_score: 0.067100]
Tue 09 Dec 2025 18:01:36 INFO  valid result: 
recall@3 : 0.0293    recall@5 : 0.0437    recall@10 : 0.0671    recall@20 : 0.0983    ndcg@3 : 0.0177    ndcg@5 : 0.0236    ndcg@10 : 0.0312    ndcg@20 : 0.039    
Tue 09 Dec 2025 18:01:36 INFO  Finished training, best eval result in epoch 51
Tue 09 Dec 2025 18:01:38 INFO  Loading model structure and parameters from saved/SASRecD_Denoising-Dec-09-2025_15-02-00.pth
Tue 09 Dec 2025 18:02:00 INFO  best valid : {'recall@3': np.float64(0.029), 'recall@5': np.float64(0.0434), 'recall@10': np.float64(0.0676), 'recall@20': np.float64(0.099), 'ndcg@3': np.float64(0.0175), 'ndcg@5': np.float64(0.0235), 'ndcg@10': np.float64(0.0312), 'ndcg@20': np.float64(0.0391)}
Tue 09 Dec 2025 18:02:00 INFO  test result: {'recall@3': np.float64(0.0232), 'recall@5': np.float64(0.035), 'recall@10': np.float64(0.0553), 'recall@20': np.float64(0.079), 'ndcg@3': np.float64(0.0141), 'ndcg@5': np.float64(0.019), 'ndcg@10': np.float64(0.0256), 'ndcg@20': np.float64(0.0315)}
