Wed 29 Oct 2025 18:15:36 INFO  
General Hyper Parameters:
gpu_id = 0
use_gpu = True
seed = 212
state = INFO
reproducibility = True
data_path = ./recbole/data/dataset/Amazon_Sports_and_Outdoors
show_progress = True
save_dataset = False
save_dataloaders = False
benchmark_filename = None

Training Hyper Parameters:
checkpoint_dir = saved
epochs = 200
train_batch_size = 1024
learner = adam
learning_rate = 0.0001
eval_step = 2
stopping_step = 10
clip_grad_norm = None
weight_decay = 0.0
loss_decimal_place = 4

Evaluation Hyper Parameters:
eval_args = {'split': {'LS': 'valid_and_test'}, 'group_by': 'user', 'order': 'TO', 'mode': 'full'}
metrics = ['Recall', 'NDCG']
topk = [3, 5, 10, 20]
valid_metric = Recall@10
valid_metric_bigger = True
eval_batch_size = 256
metric_decimal_place = 4

Dataset Hyper Parameters:
field_separator = 	
seq_separator =  
USER_ID_FIELD = user_id
ITEM_ID_FIELD = item_id
RATING_FIELD = rating
TIME_FIELD = timestamp
seq_len = None
LABEL_FIELD = label
threshold = None
NEG_PREFIX = neg_
load_col = {'inter': ['user_id', 'item_id', 'rating', 'timestamp'], 'item': ['item_id', 'title', 'sales_rank', 'price', 'brand', 'categories', 'sales_type'], 'title_original': ['ent_id', 'ent_emb']}
unload_col = None
unused_col = None
additional_feat_suffix = ['title_original']
rm_dup_inter = None
val_interval = None
filter_inter_by_user_or_item = True
user_inter_num_interval = [5,inf)
item_inter_num_interval = [5,inf)
alias_of_user_id = None
alias_of_item_id = ['ent_id']
alias_of_entity_id = None
alias_of_relation_id = None
preload_weight = {'ent_id': 'ent_emb'}
normalize_field = None
normalize_all = None
ITEM_LIST_LENGTH_FIELD = item_length
LIST_SUFFIX = _list
MAX_ITEM_LIST_LENGTH = 50
POSITION_FIELD = position_id
HEAD_ENTITY_ID_FIELD = head_id
TAIL_ENTITY_ID_FIELD = tail_id
RELATION_ID_FIELD = relation_id
ENTITY_ID_FIELD = entity_id

Other Hyper Parameters: 
neg_sampling = None
multi_gpus = False
repeatable = True
n_layers = 3
n_heads = 8
hidden_size = 256
attribute_hidden_size = [128]
inner_size = 256
hidden_dropout_prob = 0.5
attn_dropout_prob = 0.3
hidden_act = gelu
layer_norm_eps = 1e-12
initializer_range = 0.02
selected_features = ['ent_emb']
pooling_mode = sum
loss_type = CE
weight_sharing = not
fusion_type = gate
lamdas = [5]
attribute_predictor = ['cos_sim']
MODEL_TYPE = ModelType.SEQUENTIAL
orig_attribute_hidden_size = [1024]
feature_type = ['static']
wandb_run_name = mlp_test
annealing = False
MODEL_INPUT_TYPE = InputType.POINTWISE
eval_type = EvaluatorType.RANKING
device = cuda
train_neg_sample_args = {'strategy': 'none'}
eval_neg_sample_args = {'strategy': 'full', 'distribution': 'uniform'}


Wed 29 Oct 2025 18:15:41 INFO  Amazon_Sports_and_Outdoors
The number of users: 35599
Average actions of users: 8.324540704533963
The number of items: 18358
Average actions of items: 16.142997221768262
The number of inters: 296337
The sparsity of the dataset: 99.95465569853714%
Remain Fields: ['user_id', 'item_id', 'rating', 'timestamp', 'title', 'price', 'brand', 'categories', 'sales_type', 'sales_rank', 'ent_id', 'ent_emb']
Wed 29 Oct 2025 18:15:44 INFO  [Training]: train_batch_size = [1024] negative sampling: [None]
Wed 29 Oct 2025 18:15:44 INFO  [Evaluation]: eval_batch_size = [256] eval_args: [{'split': {'LS': 'valid_and_test'}, 'group_by': 'user', 'order': 'TO', 'mode': 'full'}]
Wed 29 Oct 2025 18:15:46 INFO  SASRecD(
  (item_embedding): Embedding(18358, 256, padding_idx=0)
  (position_embedding): Embedding(50, 256)
  (feature_embed_layer_list): ModuleList(
    (0): Embedding(
      18358, 1024
      (mlp): MLP(
        (net): Sequential(
          (0): Linear(in_features=1024, out_features=512, bias=True)
          (1): ReLU(inplace=True)
          (2): Dropout(p=0.1, inplace=False)
          (3): Linear(in_features=512, out_features=128, bias=True)
          (4): LayerNorm((128,), eps=1e-05, elementwise_affine=True)
        )
      )
    )
  )
  (trm_encoder): DIFTransformerEncoder(
    (layer): ModuleList(
      (0-2): 3 x DIFTransformerLayer(
        (multi_head_attention): DIFMultiHeadAttention(
          (query): Linear(in_features=256, out_features=256, bias=True)
          (key): Linear(in_features=256, out_features=256, bias=True)
          (value): Linear(in_features=256, out_features=256, bias=True)
          (query_p): Linear(in_features=256, out_features=256, bias=True)
          (key_p): Linear(in_features=256, out_features=256, bias=True)
          (query_layers): ModuleList(
            (0): Linear(in_features=128, out_features=128, bias=True)
          )
          (key_layers): ModuleList(
            (0): Linear(in_features=128, out_features=128, bias=True)
          )
          (fusion_layer): VanillaAttention(
            (projection): Sequential(
              (0): Linear(in_features=50, out_features=50, bias=True)
              (1): ReLU(inplace=True)
              (2): Linear(in_features=50, out_features=1, bias=True)
            )
          )
          (attn_dropout): Dropout(p=0.3, inplace=False)
          (dense): Linear(in_features=256, out_features=256, bias=True)
          (LayerNorm): LayerNorm((256,), eps=1e-12, elementwise_affine=True)
          (out_dropout): Dropout(p=0.5, inplace=False)
        )
        (feed_forward): FeedForward(
          (dense_1): Linear(in_features=256, out_features=256, bias=True)
          (dense_2): Linear(in_features=256, out_features=256, bias=True)
          (LayerNorm): LayerNorm((256,), eps=1e-12, elementwise_affine=True)
          (dropout): Dropout(p=0.5, inplace=False)
        )
      )
    )
  )
  (ap): ModuleList(
    (0): Linear(in_features=256, out_features=1024, bias=True)
  )
  (LayerNorm): LayerNorm((256,), eps=1e-12, elementwise_affine=True)
  (dropout): Dropout(p=0.5, inplace=False)
  (loss_fct): CrossEntropyLoss()
  (attribute_loss_fct): BCEWithLogitsLoss()
  (mlps): Module()
)
Trainable parameters: 7255803
Wed 29 Oct 2025 18:16:19 INFO  epoch 0 training [time: 32.08s, train loss: 2194.6819]
Wed 29 Oct 2025 18:16:49 INFO  epoch 1 training [time: 30.46s, train loss: 1992.5913]
Wed 29 Oct 2025 18:16:51 INFO  epoch 1 evaluating [time: 2.17s, valid_score: 0.012400]
Wed 29 Oct 2025 18:16:51 INFO  valid result: 
recall@3 : 0.006    recall@5 : 0.0083    recall@10 : 0.0124    recall@20 : 0.0232    ndcg@3 : 0.0044    ndcg@5 : 0.0054    ndcg@10 : 0.0067    ndcg@20 : 0.0094    
Wed 29 Oct 2025 18:16:51 INFO  Saving current best: saved/SASRecD-Oct-29-2025_18-15-46.pth
Wed 29 Oct 2025 18:17:23 INFO  epoch 2 training [time: 31.31s, train loss: 1979.1721]
Wed 29 Oct 2025 18:17:54 INFO  epoch 3 training [time: 31.45s, train loss: 1974.4060]
Wed 29 Oct 2025 18:17:56 INFO  epoch 3 evaluating [time: 2.11s, valid_score: 0.012800]
Wed 29 Oct 2025 18:17:56 INFO  valid result: 
recall@3 : 0.006    recall@5 : 0.0083    recall@10 : 0.0128    recall@20 : 0.0231    ndcg@3 : 0.0043    ndcg@5 : 0.0053    ndcg@10 : 0.0067    ndcg@20 : 0.0093    
Wed 29 Oct 2025 18:17:56 INFO  Saving current best: saved/SASRecD-Oct-29-2025_18-15-46.pth
Wed 29 Oct 2025 18:18:27 INFO  epoch 4 training [time: 30.34s, train loss: 1968.0704]
Wed 29 Oct 2025 18:18:56 INFO  epoch 5 training [time: 29.50s, train loss: 1949.6251]
Wed 29 Oct 2025 18:18:58 INFO  epoch 5 evaluating [time: 1.99s, valid_score: 0.018800]
Wed 29 Oct 2025 18:18:58 INFO  valid result: 
recall@3 : 0.0073    recall@5 : 0.0108    recall@10 : 0.0188    recall@20 : 0.0313    ndcg@3 : 0.0053    ndcg@5 : 0.0068    ndcg@10 : 0.0093    ndcg@20 : 0.0125    
Wed 29 Oct 2025 18:18:58 INFO  Saving current best: saved/SASRecD-Oct-29-2025_18-15-46.pth
Wed 29 Oct 2025 18:19:30 INFO  epoch 6 training [time: 31.16s, train loss: 1915.1606]
Wed 29 Oct 2025 18:20:01 INFO  epoch 7 training [time: 31.23s, train loss: 1889.4586]
Wed 29 Oct 2025 18:20:03 INFO  epoch 7 evaluating [time: 2.17s, valid_score: 0.022500]
Wed 29 Oct 2025 18:20:03 INFO  valid result: 
recall@3 : 0.0083    recall@5 : 0.013    recall@10 : 0.0225    recall@20 : 0.0381    ndcg@3 : 0.006    ndcg@5 : 0.0079    ndcg@10 : 0.0109    ndcg@20 : 0.0148    
Wed 29 Oct 2025 18:20:03 INFO  Saving current best: saved/SASRecD-Oct-29-2025_18-15-46.pth
Wed 29 Oct 2025 18:20:34 INFO  epoch 8 training [time: 31.09s, train loss: 1867.7024]
Wed 29 Oct 2025 18:21:06 INFO  epoch 9 training [time: 32.11s, train loss: 1847.7533]
Wed 29 Oct 2025 18:21:09 INFO  epoch 9 evaluating [time: 2.18s, valid_score: 0.025200]
Wed 29 Oct 2025 18:21:09 INFO  valid result: 
recall@3 : 0.0095    recall@5 : 0.0146    recall@10 : 0.0252    recall@20 : 0.044    ndcg@3 : 0.0066    ndcg@5 : 0.0087    ndcg@10 : 0.0121    ndcg@20 : 0.0169    
Wed 29 Oct 2025 18:21:09 INFO  Saving current best: saved/SASRecD-Oct-29-2025_18-15-46.pth
Wed 29 Oct 2025 18:21:40 INFO  epoch 10 training [time: 30.99s, train loss: 1827.5421]
Wed 29 Oct 2025 18:22:10 INFO  epoch 11 training [time: 30.06s, train loss: 1807.2748]
Wed 29 Oct 2025 18:22:12 INFO  epoch 11 evaluating [time: 2.00s, valid_score: 0.032400]
Wed 29 Oct 2025 18:22:12 INFO  valid result: 
recall@3 : 0.0121    recall@5 : 0.0194    recall@10 : 0.0324    recall@20 : 0.0528    ndcg@3 : 0.0081    ndcg@5 : 0.0111    ndcg@10 : 0.0153    ndcg@20 : 0.0204    
Wed 29 Oct 2025 18:22:12 INFO  Saving current best: saved/SASRecD-Oct-29-2025_18-15-46.pth
Wed 29 Oct 2025 18:22:43 INFO  epoch 12 training [time: 30.69s, train loss: 1786.4890]
Wed 29 Oct 2025 18:23:13 INFO  epoch 13 training [time: 30.69s, train loss: 1766.4340]
Wed 29 Oct 2025 18:23:15 INFO  epoch 13 evaluating [time: 2.10s, valid_score: 0.039700]
Wed 29 Oct 2025 18:23:15 INFO  valid result: 
recall@3 : 0.0162    recall@5 : 0.0244    recall@10 : 0.0397    recall@20 : 0.0637    ndcg@3 : 0.0104    ndcg@5 : 0.0138    ndcg@10 : 0.0187    ndcg@20 : 0.0247    
Wed 29 Oct 2025 18:23:15 INFO  Saving current best: saved/SASRecD-Oct-29-2025_18-15-46.pth
Wed 29 Oct 2025 18:23:46 INFO  epoch 14 training [time: 30.21s, train loss: 1747.4086]
Wed 29 Oct 2025 18:24:16 INFO  epoch 15 training [time: 30.11s, train loss: 1728.9374]
Wed 29 Oct 2025 18:24:18 INFO  epoch 15 evaluating [time: 2.13s, valid_score: 0.047000]
Wed 29 Oct 2025 18:24:18 INFO  valid result: 
recall@3 : 0.0195    recall@5 : 0.0291    recall@10 : 0.047    recall@20 : 0.0701    ndcg@3 : 0.0123    ndcg@5 : 0.0163    ndcg@10 : 0.022    ndcg@20 : 0.0278    
Wed 29 Oct 2025 18:24:18 INFO  Saving current best: saved/SASRecD-Oct-29-2025_18-15-46.pth
Wed 29 Oct 2025 18:24:48 INFO  epoch 16 training [time: 29.98s, train loss: 1711.4782]
Wed 29 Oct 2025 18:25:18 INFO  epoch 17 training [time: 29.85s, train loss: 1694.8278]
Wed 29 Oct 2025 18:25:20 INFO  epoch 17 evaluating [time: 2.06s, valid_score: 0.050300]
Wed 29 Oct 2025 18:25:20 INFO  valid result: 
recall@3 : 0.0215    recall@5 : 0.0316    recall@10 : 0.0503    recall@20 : 0.0749    ndcg@3 : 0.0134    ndcg@5 : 0.0175    ndcg@10 : 0.0235    ndcg@20 : 0.0297    
Wed 29 Oct 2025 18:25:20 INFO  Saving current best: saved/SASRecD-Oct-29-2025_18-15-46.pth
Wed 29 Oct 2025 18:25:50 INFO  epoch 18 training [time: 29.84s, train loss: 1679.1890]
Wed 29 Oct 2025 18:26:20 INFO  epoch 19 training [time: 30.34s, train loss: 1664.3460]
Wed 29 Oct 2025 18:26:22 INFO  epoch 19 evaluating [time: 1.92s, valid_score: 0.055500]
Wed 29 Oct 2025 18:26:22 INFO  valid result: 
recall@3 : 0.0229    recall@5 : 0.0351    recall@10 : 0.0555    recall@20 : 0.0804    ndcg@3 : 0.0142    ndcg@5 : 0.0193    ndcg@10 : 0.0258    ndcg@20 : 0.0321    
Wed 29 Oct 2025 18:26:22 INFO  Saving current best: saved/SASRecD-Oct-29-2025_18-15-46.pth
Wed 29 Oct 2025 18:26:53 INFO  epoch 20 training [time: 30.49s, train loss: 1650.0622]
Wed 29 Oct 2025 18:27:23 INFO  epoch 21 training [time: 30.35s, train loss: 1636.1271]
Wed 29 Oct 2025 18:27:25 INFO  epoch 21 evaluating [time: 2.09s, valid_score: 0.057400]
Wed 29 Oct 2025 18:27:25 INFO  valid result: 
recall@3 : 0.0244    recall@5 : 0.0369    recall@10 : 0.0574    recall@20 : 0.0837    ndcg@3 : 0.015    ndcg@5 : 0.0201    ndcg@10 : 0.0268    ndcg@20 : 0.0334    
Wed 29 Oct 2025 18:27:25 INFO  Saving current best: saved/SASRecD-Oct-29-2025_18-15-46.pth
Wed 29 Oct 2025 18:27:56 INFO  epoch 22 training [time: 30.22s, train loss: 1623.5978]
Wed 29 Oct 2025 18:28:26 INFO  epoch 23 training [time: 30.61s, train loss: 1610.6235]
Wed 29 Oct 2025 18:28:28 INFO  epoch 23 evaluating [time: 1.94s, valid_score: 0.059800]
Wed 29 Oct 2025 18:28:28 INFO  valid result: 
recall@3 : 0.0252    recall@5 : 0.0386    recall@10 : 0.0598    recall@20 : 0.0864    ndcg@3 : 0.0154    ndcg@5 : 0.021    ndcg@10 : 0.0278    ndcg@20 : 0.0345    
Wed 29 Oct 2025 18:28:28 INFO  Saving current best: saved/SASRecD-Oct-29-2025_18-15-46.pth
Wed 29 Oct 2025 18:28:58 INFO  epoch 24 training [time: 30.02s, train loss: 1598.8211]
Wed 29 Oct 2025 18:29:28 INFO  epoch 25 training [time: 29.43s, train loss: 1587.9249]
Wed 29 Oct 2025 18:29:30 INFO  epoch 25 evaluating [time: 2.07s, valid_score: 0.061400]
Wed 29 Oct 2025 18:29:30 INFO  valid result: 
recall@3 : 0.0268    recall@5 : 0.0398    recall@10 : 0.0614    recall@20 : 0.0903    ndcg@3 : 0.0162    ndcg@5 : 0.0216    ndcg@10 : 0.0285    ndcg@20 : 0.0358    
Wed 29 Oct 2025 18:29:30 INFO  Saving current best: saved/SASRecD-Oct-29-2025_18-15-46.pth
Wed 29 Oct 2025 18:30:00 INFO  epoch 26 training [time: 29.77s, train loss: 1576.4861]
Wed 29 Oct 2025 18:30:29 INFO  epoch 27 training [time: 29.67s, train loss: 1566.0815]
Wed 29 Oct 2025 18:30:32 INFO  epoch 27 evaluating [time: 2.04s, valid_score: 0.063200]
Wed 29 Oct 2025 18:30:32 INFO  valid result: 
recall@3 : 0.0268    recall@5 : 0.0401    recall@10 : 0.0632    recall@20 : 0.0912    ndcg@3 : 0.0162    ndcg@5 : 0.0217    ndcg@10 : 0.0291    ndcg@20 : 0.0362    
Wed 29 Oct 2025 18:30:32 INFO  Saving current best: saved/SASRecD-Oct-29-2025_18-15-46.pth
Wed 29 Oct 2025 18:31:01 INFO  epoch 28 training [time: 29.39s, train loss: 1556.0796]
Wed 29 Oct 2025 18:31:30 INFO  epoch 29 training [time: 29.36s, train loss: 1546.4361]
Wed 29 Oct 2025 18:31:33 INFO  epoch 29 evaluating [time: 2.11s, valid_score: 0.064400]
Wed 29 Oct 2025 18:31:33 INFO  valid result: 
recall@3 : 0.0276    recall@5 : 0.0406    recall@10 : 0.0644    recall@20 : 0.0927    ndcg@3 : 0.0166    ndcg@5 : 0.0219    ndcg@10 : 0.0296    ndcg@20 : 0.0367    
Wed 29 Oct 2025 18:31:33 INFO  Saving current best: saved/SASRecD-Oct-29-2025_18-15-46.pth
Wed 29 Oct 2025 18:32:02 INFO  epoch 30 training [time: 29.20s, train loss: 1537.3982]
Wed 29 Oct 2025 18:32:31 INFO  epoch 31 training [time: 29.38s, train loss: 1528.2234]
Wed 29 Oct 2025 18:32:33 INFO  epoch 31 evaluating [time: 2.07s, valid_score: 0.064500]
Wed 29 Oct 2025 18:32:33 INFO  valid result: 
recall@3 : 0.0277    recall@5 : 0.041    recall@10 : 0.0645    recall@20 : 0.0941    ndcg@3 : 0.0167    ndcg@5 : 0.0222    ndcg@10 : 0.0297    ndcg@20 : 0.0372    
Wed 29 Oct 2025 18:32:33 INFO  Saving current best: saved/SASRecD-Oct-29-2025_18-15-46.pth
Wed 29 Oct 2025 18:33:03 INFO  epoch 32 training [time: 29.68s, train loss: 1519.5003]
Wed 29 Oct 2025 18:33:34 INFO  epoch 33 training [time: 30.48s, train loss: 1511.1240]
Wed 29 Oct 2025 18:33:36 INFO  epoch 33 evaluating [time: 2.08s, valid_score: 0.065300]
Wed 29 Oct 2025 18:33:36 INFO  valid result: 
recall@3 : 0.0282    recall@5 : 0.0415    recall@10 : 0.0653    recall@20 : 0.0945    ndcg@3 : 0.0169    ndcg@5 : 0.0224    ndcg@10 : 0.0301    ndcg@20 : 0.0374    
Wed 29 Oct 2025 18:33:36 INFO  Saving current best: saved/SASRecD-Oct-29-2025_18-15-46.pth
Wed 29 Oct 2025 18:34:06 INFO  epoch 34 training [time: 29.68s, train loss: 1503.7664]
Wed 29 Oct 2025 18:34:36 INFO  epoch 35 training [time: 30.04s, train loss: 1496.1199]
Wed 29 Oct 2025 18:34:38 INFO  epoch 35 evaluating [time: 2.05s, valid_score: 0.065100]
Wed 29 Oct 2025 18:34:38 INFO  valid result: 
recall@3 : 0.0278    recall@5 : 0.0418    recall@10 : 0.0651    recall@20 : 0.0956    ndcg@3 : 0.0167    ndcg@5 : 0.0224    ndcg@10 : 0.0299    ndcg@20 : 0.0376    
Wed 29 Oct 2025 18:35:08 INFO  epoch 36 training [time: 30.22s, train loss: 1489.0363]
Wed 29 Oct 2025 18:35:38 INFO  epoch 37 training [time: 30.11s, train loss: 1482.7729]
Wed 29 Oct 2025 18:35:40 INFO  epoch 37 evaluating [time: 2.10s, valid_score: 0.066000]
Wed 29 Oct 2025 18:35:40 INFO  valid result: 
recall@3 : 0.0285    recall@5 : 0.042    recall@10 : 0.066    recall@20 : 0.0959    ndcg@3 : 0.017    ndcg@5 : 0.0226    ndcg@10 : 0.0303    ndcg@20 : 0.0378    
Wed 29 Oct 2025 18:35:40 INFO  Saving current best: saved/SASRecD-Oct-29-2025_18-15-46.pth
Wed 29 Oct 2025 18:36:10 INFO  epoch 38 training [time: 29.67s, train loss: 1475.4743]
Wed 29 Oct 2025 18:36:40 INFO  epoch 39 training [time: 30.58s, train loss: 1469.0150]
Wed 29 Oct 2025 18:36:43 INFO  epoch 39 evaluating [time: 2.07s, valid_score: 0.066000]
Wed 29 Oct 2025 18:36:43 INFO  valid result: 
recall@3 : 0.0281    recall@5 : 0.0418    recall@10 : 0.066    recall@20 : 0.0968    ndcg@3 : 0.0169    ndcg@5 : 0.0225    ndcg@10 : 0.0303    ndcg@20 : 0.0381    
Wed 29 Oct 2025 18:37:13 INFO  epoch 40 training [time: 30.15s, train loss: 1462.8971]
Wed 29 Oct 2025 18:37:43 INFO  epoch 41 training [time: 30.77s, train loss: 1456.9905]
Wed 29 Oct 2025 18:37:46 INFO  epoch 41 evaluating [time: 2.11s, valid_score: 0.065700]
Wed 29 Oct 2025 18:37:46 INFO  valid result: 
recall@3 : 0.0284    recall@5 : 0.0424    recall@10 : 0.0657    recall@20 : 0.0963    ndcg@3 : 0.0173    ndcg@5 : 0.023    ndcg@10 : 0.0306    ndcg@20 : 0.0383    
Wed 29 Oct 2025 18:38:16 INFO  epoch 42 training [time: 30.13s, train loss: 1450.8776]
Wed 29 Oct 2025 18:38:46 INFO  epoch 43 training [time: 30.23s, train loss: 1445.9763]
Wed 29 Oct 2025 18:38:48 INFO  epoch 43 evaluating [time: 2.08s, valid_score: 0.065900]
Wed 29 Oct 2025 18:38:48 INFO  valid result: 
recall@3 : 0.0286    recall@5 : 0.0422    recall@10 : 0.0659    recall@20 : 0.0964    ndcg@3 : 0.0173    ndcg@5 : 0.0228    ndcg@10 : 0.0305    ndcg@20 : 0.0382    
Wed 29 Oct 2025 18:39:18 INFO  epoch 44 training [time: 30.27s, train loss: 1440.2809]
Wed 29 Oct 2025 18:39:48 INFO  epoch 45 training [time: 30.09s, train loss: 1435.0882]
Wed 29 Oct 2025 18:39:50 INFO  epoch 45 evaluating [time: 2.08s, valid_score: 0.065600]
Wed 29 Oct 2025 18:39:50 INFO  valid result: 
recall@3 : 0.029    recall@5 : 0.0421    recall@10 : 0.0656    recall@20 : 0.0966    ndcg@3 : 0.0176    ndcg@5 : 0.023    ndcg@10 : 0.0306    ndcg@20 : 0.0384    
Wed 29 Oct 2025 18:40:20 INFO  epoch 46 training [time: 29.04s, train loss: 1429.6878]
Wed 29 Oct 2025 18:40:49 INFO  epoch 47 training [time: 29.01s, train loss: 1425.7583]
Wed 29 Oct 2025 18:40:51 INFO  epoch 47 evaluating [time: 2.03s, valid_score: 0.066000]
Wed 29 Oct 2025 18:40:51 INFO  valid result: 
recall@3 : 0.028    recall@5 : 0.0424    recall@10 : 0.066    recall@20 : 0.0966    ndcg@3 : 0.0172    ndcg@5 : 0.0231    ndcg@10 : 0.0307    ndcg@20 : 0.0384    
Wed 29 Oct 2025 18:41:20 INFO  epoch 48 training [time: 29.89s, train loss: 1420.3153]
Wed 29 Oct 2025 18:41:50 INFO  epoch 49 training [time: 29.71s, train loss: 1415.9954]
Wed 29 Oct 2025 18:41:52 INFO  epoch 49 evaluating [time: 2.09s, valid_score: 0.065900]
Wed 29 Oct 2025 18:41:52 INFO  valid result: 
recall@3 : 0.0284    recall@5 : 0.0422    recall@10 : 0.0659    recall@20 : 0.0966    ndcg@3 : 0.0174    ndcg@5 : 0.0231    ndcg@10 : 0.0307    ndcg@20 : 0.0384    
Wed 29 Oct 2025 18:42:23 INFO  epoch 50 training [time: 30.27s, train loss: 1411.4957]
Wed 29 Oct 2025 18:42:53 INFO  epoch 51 training [time: 30.15s, train loss: 1407.0753]
Wed 29 Oct 2025 18:42:55 INFO  epoch 51 evaluating [time: 2.05s, valid_score: 0.065500]
Wed 29 Oct 2025 18:42:55 INFO  valid result: 
recall@3 : 0.0289    recall@5 : 0.0424    recall@10 : 0.0655    recall@20 : 0.0971    ndcg@3 : 0.0176    ndcg@5 : 0.0232    ndcg@10 : 0.0306    ndcg@20 : 0.0385    
Wed 29 Oct 2025 18:43:24 INFO  epoch 52 training [time: 29.57s, train loss: 1403.0394]
Wed 29 Oct 2025 18:43:54 INFO  epoch 53 training [time: 29.57s, train loss: 1399.2027]
Wed 29 Oct 2025 18:43:56 INFO  epoch 53 evaluating [time: 2.02s, valid_score: 0.065800]
Wed 29 Oct 2025 18:43:56 INFO  valid result: 
recall@3 : 0.0284    recall@5 : 0.0425    recall@10 : 0.0658    recall@20 : 0.0965    ndcg@3 : 0.0175    ndcg@5 : 0.0233    ndcg@10 : 0.0308    ndcg@20 : 0.0385    
Wed 29 Oct 2025 18:44:26 INFO  epoch 54 training [time: 29.98s, train loss: 1394.1418]
Wed 29 Oct 2025 18:44:56 INFO  epoch 55 training [time: 30.07s, train loss: 1390.3583]
Wed 29 Oct 2025 18:44:58 INFO  epoch 55 evaluating [time: 2.15s, valid_score: 0.065600]
Wed 29 Oct 2025 18:44:58 INFO  valid result: 
recall@3 : 0.0282    recall@5 : 0.042    recall@10 : 0.0656    recall@20 : 0.0966    ndcg@3 : 0.0173    ndcg@5 : 0.023    ndcg@10 : 0.0306    ndcg@20 : 0.0384    
Wed 29 Oct 2025 18:45:28 INFO  epoch 56 training [time: 29.97s, train loss: 1386.1385]
Wed 29 Oct 2025 18:45:58 INFO  epoch 57 training [time: 29.86s, train loss: 1381.6077]
Wed 29 Oct 2025 18:46:00 INFO  epoch 57 evaluating [time: 2.10s, valid_score: 0.065100]
Wed 29 Oct 2025 18:46:00 INFO  valid result: 
recall@3 : 0.0278    recall@5 : 0.0417    recall@10 : 0.0651    recall@20 : 0.0955    ndcg@3 : 0.0171    ndcg@5 : 0.0229    ndcg@10 : 0.0304    ndcg@20 : 0.0381    
Wed 29 Oct 2025 18:46:30 INFO  epoch 58 training [time: 30.47s, train loss: 1377.9419]
Wed 29 Oct 2025 18:47:01 INFO  epoch 59 training [time: 30.41s, train loss: 1374.6457]
Wed 29 Oct 2025 18:47:03 INFO  epoch 59 evaluating [time: 2.08s, valid_score: 0.064900]
Wed 29 Oct 2025 18:47:03 INFO  valid result: 
recall@3 : 0.0281    recall@5 : 0.0416    recall@10 : 0.0649    recall@20 : 0.0949    ndcg@3 : 0.0174    ndcg@5 : 0.0229    ndcg@10 : 0.0304    ndcg@20 : 0.0379    
Wed 29 Oct 2025 18:47:03 INFO  Finished training, best eval result in epoch 37
Wed 29 Oct 2025 18:47:03 INFO  Loading model structure and parameters from saved/SASRecD-Oct-29-2025_18-15-46.pth
Wed 29 Oct 2025 18:47:05 INFO  best valid : {'recall@3': np.float64(0.0285), 'recall@5': np.float64(0.042), 'recall@10': np.float64(0.066), 'recall@20': np.float64(0.0959), 'ndcg@3': np.float64(0.017), 'ndcg@5': np.float64(0.0226), 'ndcg@10': np.float64(0.0303), 'ndcg@20': np.float64(0.0378)}
Wed 29 Oct 2025 18:47:05 INFO  test result: {'recall@3': np.float64(0.0226), 'recall@5': np.float64(0.034), 'recall@10': np.float64(0.0523), 'recall@20': np.float64(0.0766), 'ndcg@3': np.float64(0.0136), 'ndcg@5': np.float64(0.0182), 'ndcg@10': np.float64(0.0241), 'ndcg@20': np.float64(0.0303)}
