Mon 20 Oct 2025 12:49:36 INFO  
General Hyper Parameters:
gpu_id = 0
use_gpu = True
seed = 212
state = INFO
reproducibility = True
data_path = ./recbole/data/dataset/Amazon_Sports_and_Outdoors
show_progress = True
save_dataset = False
save_dataloaders = False
benchmark_filename = None

Training Hyper Parameters:
checkpoint_dir = saved
epochs = 200
train_batch_size = 1024
learner = adam
learning_rate = 0.0001
eval_step = 2
stopping_step = 10
clip_grad_norm = None
weight_decay = 0.0
loss_decimal_place = 4

Evaluation Hyper Parameters:
eval_args = {'split': {'LS': 'valid_and_test'}, 'group_by': 'user', 'order': 'TO', 'mode': 'full'}
metrics = ['Recall', 'NDCG']
topk = [3, 5, 10, 20]
valid_metric = Recall@10
valid_metric_bigger = True
eval_batch_size = 256
metric_decimal_place = 4

Dataset Hyper Parameters:
field_separator = 	
seq_separator =  
USER_ID_FIELD = user_id
ITEM_ID_FIELD = item_id
RATING_FIELD = rating
TIME_FIELD = timestamp
seq_len = None
LABEL_FIELD = label
threshold = None
NEG_PREFIX = neg_
load_col = {'inter': ['user_id', 'item_id', 'rating', 'timestamp'], 'item': ['item_id', 'title', 'sales_rank', 'price', 'brand', 'categories', 'sales_type'], 'image': ['img_id', 'img_emb']}
unload_col = None
unused_col = None
additional_feat_suffix = ['image']
rm_dup_inter = None
val_interval = None
filter_inter_by_user_or_item = True
user_inter_num_interval = [5,inf)
item_inter_num_interval = [5,inf)
alias_of_user_id = None
alias_of_item_id = ['img_id']
alias_of_entity_id = None
alias_of_relation_id = None
preload_weight = {'img_id': 'img_emb'}
normalize_field = None
normalize_all = None
ITEM_LIST_LENGTH_FIELD = item_length
LIST_SUFFIX = _list
MAX_ITEM_LIST_LENGTH = 50
POSITION_FIELD = position_id
HEAD_ENTITY_ID_FIELD = head_id
TAIL_ENTITY_ID_FIELD = tail_id
RELATION_ID_FIELD = relation_id
ENTITY_ID_FIELD = entity_id

Other Hyper Parameters: 
neg_sampling = None
multi_gpus = False
repeatable = True
n_layers = 3
n_heads = 8
hidden_size = 256
attribute_hidden_size = [128]
inner_size = 256
hidden_dropout_prob = 0.5
attn_dropout_prob = 0.3
hidden_act = gelu
layer_norm_eps = 1e-12
initializer_range = 0.02
selected_features = ['img_emb']
pooling_mode = sum
loss_type = CE
weight_sharing = not
fusion_type = gate
lamdas = [5]
attribute_predictor = ['cos_sim']
MODEL_TYPE = ModelType.SEQUENTIAL
feature_type = ['static']
annealing = False
MODEL_INPUT_TYPE = InputType.POINTWISE
eval_type = EvaluatorType.RANKING
device = cuda
train_neg_sample_args = {'strategy': 'none'}
eval_neg_sample_args = {'strategy': 'full', 'distribution': 'uniform'}


Mon 20 Oct 2025 12:49:37 INFO  Amazon_Sports_and_Outdoors
The number of users: 35599
Average actions of users: 8.324540704533963
The number of items: 18358
Average actions of items: 16.142997221768262
The number of inters: 296337
The sparsity of the dataset: 99.95465569853714%
Remain Fields: ['user_id', 'item_id', 'rating', 'timestamp', 'title', 'price', 'brand', 'categories', 'sales_type', 'sales_rank', 'img_id', 'img_emb']
Mon 20 Oct 2025 12:49:40 INFO  [Training]: train_batch_size = [1024] negative sampling: [None]
Mon 20 Oct 2025 12:49:40 INFO  [Evaluation]: eval_batch_size = [256] eval_args: [{'split': {'LS': 'valid_and_test'}, 'group_by': 'user', 'order': 'TO', 'mode': 'full'}]
Mon 20 Oct 2025 12:49:40 INFO  SASRecD(
  (item_embedding): Embedding(18358, 256, padding_idx=0)
  (position_embedding): Embedding(50, 256)
  (feature_embed_layer_list): ModuleList(
    (0): Embedding(18358, 128)
  )
  (trm_encoder): DIFTransformerEncoder(
    (layer): ModuleList(
      (0-2): 3 x DIFTransformerLayer(
        (multi_head_attention): DIFMultiHeadAttention(
          (query): Linear(in_features=256, out_features=256, bias=True)
          (key): Linear(in_features=256, out_features=256, bias=True)
          (value): Linear(in_features=256, out_features=256, bias=True)
          (query_p): Linear(in_features=256, out_features=256, bias=True)
          (key_p): Linear(in_features=256, out_features=256, bias=True)
          (query_layers): ModuleList(
            (0): Linear(in_features=128, out_features=128, bias=True)
          )
          (key_layers): ModuleList(
            (0): Linear(in_features=128, out_features=128, bias=True)
          )
          (fusion_layer): VanillaAttention(
            (projection): Sequential(
              (0): Linear(in_features=50, out_features=50, bias=True)
              (1): ReLU(inplace=True)
              (2): Linear(in_features=50, out_features=1, bias=True)
            )
          )
          (attn_dropout): Dropout(p=0.3, inplace=False)
          (dense): Linear(in_features=256, out_features=256, bias=True)
          (LayerNorm): LayerNorm((256,), eps=1e-12, elementwise_affine=True)
          (out_dropout): Dropout(p=0.5, inplace=False)
        )
        (feed_forward): FeedForward(
          (dense_1): Linear(in_features=256, out_features=256, bias=True)
          (dense_2): Linear(in_features=256, out_features=256, bias=True)
          (LayerNorm): LayerNorm((256,), eps=1e-12, elementwise_affine=True)
          (dropout): Dropout(p=0.5, inplace=False)
        )
      )
    )
  )
  (ap): ModuleList(
    (0): Linear(in_features=256, out_features=128, bias=True)
  )
  (LayerNorm): LayerNorm((256,), eps=1e-12, elementwise_affine=True)
  (dropout): Dropout(p=0.5, inplace=False)
  (loss_fct): CrossEntropyLoss()
  (attribute_loss_fct): BCEWithLogitsLoss()
)
Trainable parameters: 6434811
Mon 20 Oct 2025 12:50:07 INFO  epoch 0 training [time: 26.99s, train loss: 1896.3811]
Mon 20 Oct 2025 12:50:34 INFO  epoch 1 training [time: 26.59s, train loss: 1737.8830]
Mon 20 Oct 2025 12:50:36 INFO  epoch 1 evaluating [time: 1.75s, valid_score: 0.012900]
Mon 20 Oct 2025 12:50:36 INFO  valid result: 
recall@3 : 0.0059    recall@5 : 0.0082    recall@10 : 0.0129    recall@20 : 0.0224    ndcg@3 : 0.0043    ndcg@5 : 0.0052    ndcg@10 : 0.0067    ndcg@20 : 0.0091    
Mon 20 Oct 2025 12:50:36 INFO  Saving current best: saved/SASRecD-Oct-20-2025_12-49-40.pth
Mon 20 Oct 2025 12:51:03 INFO  epoch 2 training [time: 26.62s, train loss: 1725.8927]
Mon 20 Oct 2025 12:51:29 INFO  epoch 3 training [time: 26.60s, train loss: 1718.8266]
Mon 20 Oct 2025 12:51:31 INFO  epoch 3 evaluating [time: 1.74s, valid_score: 0.012600]
Mon 20 Oct 2025 12:51:31 INFO  valid result: 
recall@3 : 0.0057    recall@5 : 0.0075    recall@10 : 0.0126    recall@20 : 0.0227    ndcg@3 : 0.0042    ndcg@5 : 0.0049    ndcg@10 : 0.0065    ndcg@20 : 0.0091    
Mon 20 Oct 2025 12:51:57 INFO  epoch 4 training [time: 26.60s, train loss: 1710.1972]
Mon 20 Oct 2025 12:52:24 INFO  epoch 5 training [time: 26.62s, train loss: 1698.5281]
Mon 20 Oct 2025 12:52:26 INFO  epoch 5 evaluating [time: 1.74s, valid_score: 0.014400]
Mon 20 Oct 2025 12:52:26 INFO  valid result: 
recall@3 : 0.005    recall@5 : 0.0081    recall@10 : 0.0144    recall@20 : 0.0249    ndcg@3 : 0.0034    ndcg@5 : 0.0047    ndcg@10 : 0.0067    ndcg@20 : 0.0093    
Mon 20 Oct 2025 12:52:26 INFO  Saving current best: saved/SASRecD-Oct-20-2025_12-49-40.pth
Mon 20 Oct 2025 12:52:53 INFO  epoch 6 training [time: 26.66s, train loss: 1681.0802]
Mon 20 Oct 2025 12:53:19 INFO  epoch 7 training [time: 26.62s, train loss: 1653.2069]
Mon 20 Oct 2025 12:53:21 INFO  epoch 7 evaluating [time: 1.73s, valid_score: 0.022000]
Mon 20 Oct 2025 12:53:21 INFO  valid result: 
recall@3 : 0.0077    recall@5 : 0.012    recall@10 : 0.022    recall@20 : 0.0381    ndcg@3 : 0.0054    ndcg@5 : 0.0071    ndcg@10 : 0.0104    ndcg@20 : 0.0144    
Mon 20 Oct 2025 12:53:21 INFO  Saving current best: saved/SASRecD-Oct-20-2025_12-49-40.pth
Mon 20 Oct 2025 12:53:48 INFO  epoch 8 training [time: 26.63s, train loss: 1626.5213]
Mon 20 Oct 2025 12:54:14 INFO  epoch 9 training [time: 26.63s, train loss: 1601.7518]
Mon 20 Oct 2025 12:54:16 INFO  epoch 9 evaluating [time: 1.72s, valid_score: 0.029200]
Mon 20 Oct 2025 12:54:16 INFO  valid result: 
recall@3 : 0.0102    recall@5 : 0.0158    recall@10 : 0.0292    recall@20 : 0.0486    ndcg@3 : 0.0069    ndcg@5 : 0.0092    ndcg@10 : 0.0135    ndcg@20 : 0.0184    
Mon 20 Oct 2025 12:54:16 INFO  Saving current best: saved/SASRecD-Oct-20-2025_12-49-40.pth
Mon 20 Oct 2025 12:54:43 INFO  epoch 10 training [time: 26.62s, train loss: 1578.9503]
Mon 20 Oct 2025 12:55:09 INFO  epoch 11 training [time: 26.61s, train loss: 1557.3891]
Mon 20 Oct 2025 12:55:11 INFO  epoch 11 evaluating [time: 1.73s, valid_score: 0.037500]
Mon 20 Oct 2025 12:55:11 INFO  valid result: 
recall@3 : 0.0144    recall@5 : 0.0222    recall@10 : 0.0375    recall@20 : 0.0585    ndcg@3 : 0.0095    ndcg@5 : 0.0127    ndcg@10 : 0.0176    ndcg@20 : 0.0229    
Mon 20 Oct 2025 12:55:11 INFO  Saving current best: saved/SASRecD-Oct-20-2025_12-49-40.pth
Mon 20 Oct 2025 12:55:38 INFO  epoch 12 training [time: 26.64s, train loss: 1537.0056]
Mon 20 Oct 2025 12:56:04 INFO  epoch 13 training [time: 26.62s, train loss: 1517.9526]
Mon 20 Oct 2025 12:56:06 INFO  epoch 13 evaluating [time: 1.73s, valid_score: 0.042900]
Mon 20 Oct 2025 12:56:06 INFO  valid result: 
recall@3 : 0.0181    recall@5 : 0.027    recall@10 : 0.0429    recall@20 : 0.0662    ndcg@3 : 0.0116    ndcg@5 : 0.0153    ndcg@10 : 0.0204    ndcg@20 : 0.0263    
Mon 20 Oct 2025 12:56:06 INFO  Saving current best: saved/SASRecD-Oct-20-2025_12-49-40.pth
Mon 20 Oct 2025 12:56:33 INFO  epoch 14 training [time: 26.60s, train loss: 1499.5771]
Mon 20 Oct 2025 12:56:59 INFO  epoch 15 training [time: 26.61s, train loss: 1482.0419]
Mon 20 Oct 2025 12:57:01 INFO  epoch 15 evaluating [time: 1.70s, valid_score: 0.048900]
Mon 20 Oct 2025 12:57:01 INFO  valid result: 
recall@3 : 0.0206    recall@5 : 0.0307    recall@10 : 0.0489    recall@20 : 0.0734    ndcg@3 : 0.0129    ndcg@5 : 0.0171    ndcg@10 : 0.0229    ndcg@20 : 0.0291    
Mon 20 Oct 2025 12:57:01 INFO  Saving current best: saved/SASRecD-Oct-20-2025_12-49-40.pth
Mon 20 Oct 2025 12:57:28 INFO  epoch 16 training [time: 26.62s, train loss: 1465.3475]
Mon 20 Oct 2025 12:57:54 INFO  epoch 17 training [time: 26.64s, train loss: 1449.5537]
Mon 20 Oct 2025 12:57:56 INFO  epoch 17 evaluating [time: 1.70s, valid_score: 0.052600]
Mon 20 Oct 2025 12:57:56 INFO  valid result: 
recall@3 : 0.0224    recall@5 : 0.0342    recall@10 : 0.0526    recall@20 : 0.0786    ndcg@3 : 0.014    ndcg@5 : 0.0188    ndcg@10 : 0.0248    ndcg@20 : 0.0313    
Mon 20 Oct 2025 12:57:56 INFO  Saving current best: saved/SASRecD-Oct-20-2025_12-49-40.pth
Mon 20 Oct 2025 12:58:23 INFO  epoch 18 training [time: 26.62s, train loss: 1434.6472]
Mon 20 Oct 2025 12:58:49 INFO  epoch 19 training [time: 26.62s, train loss: 1419.8019]
Mon 20 Oct 2025 12:58:51 INFO  epoch 19 evaluating [time: 1.71s, valid_score: 0.056500]
Mon 20 Oct 2025 12:58:51 INFO  valid result: 
recall@3 : 0.023    recall@5 : 0.0361    recall@10 : 0.0565    recall@20 : 0.0824    ndcg@3 : 0.0142    ndcg@5 : 0.0196    ndcg@10 : 0.0261    ndcg@20 : 0.0326    
Mon 20 Oct 2025 12:58:51 INFO  Saving current best: saved/SASRecD-Oct-20-2025_12-49-40.pth
Mon 20 Oct 2025 12:59:18 INFO  epoch 20 training [time: 26.61s, train loss: 1406.4167]
Mon 20 Oct 2025 12:59:45 INFO  epoch 21 training [time: 26.62s, train loss: 1393.2251]
Mon 20 Oct 2025 12:59:46 INFO  epoch 21 evaluating [time: 1.75s, valid_score: 0.057700]
Mon 20 Oct 2025 12:59:46 INFO  valid result: 
recall@3 : 0.0251    recall@5 : 0.0374    recall@10 : 0.0577    recall@20 : 0.0846    ndcg@3 : 0.0152    ndcg@5 : 0.0203    ndcg@10 : 0.0268    ndcg@20 : 0.0336    
Mon 20 Oct 2025 12:59:46 INFO  Saving current best: saved/SASRecD-Oct-20-2025_12-49-40.pth
Mon 20 Oct 2025 13:00:13 INFO  epoch 22 training [time: 26.63s, train loss: 1380.7765]
Mon 20 Oct 2025 13:00:40 INFO  epoch 23 training [time: 26.64s, train loss: 1368.7503]
Mon 20 Oct 2025 13:00:41 INFO  epoch 23 evaluating [time: 1.70s, valid_score: 0.059900]
Mon 20 Oct 2025 13:00:41 INFO  valid result: 
recall@3 : 0.026    recall@5 : 0.0388    recall@10 : 0.0599    recall@20 : 0.087    ndcg@3 : 0.0157    ndcg@5 : 0.021    ndcg@10 : 0.0278    ndcg@20 : 0.0346    
Mon 20 Oct 2025 13:00:41 INFO  Saving current best: saved/SASRecD-Oct-20-2025_12-49-40.pth
Mon 20 Oct 2025 13:01:08 INFO  epoch 24 training [time: 26.62s, train loss: 1357.0851]
Mon 20 Oct 2025 13:01:35 INFO  epoch 25 training [time: 26.64s, train loss: 1345.9741]
Mon 20 Oct 2025 13:01:36 INFO  epoch 25 evaluating [time: 1.76s, valid_score: 0.060700]
Mon 20 Oct 2025 13:01:36 INFO  valid result: 
recall@3 : 0.0269    recall@5 : 0.0394    recall@10 : 0.0607    recall@20 : 0.0886    ndcg@3 : 0.0162    ndcg@5 : 0.0214    ndcg@10 : 0.0282    ndcg@20 : 0.0353    
Mon 20 Oct 2025 13:01:36 INFO  Saving current best: saved/SASRecD-Oct-20-2025_12-49-40.pth
Mon 20 Oct 2025 13:02:03 INFO  epoch 26 training [time: 26.62s, train loss: 1336.3439]
Mon 20 Oct 2025 13:02:30 INFO  epoch 27 training [time: 26.63s, train loss: 1325.7926]
Mon 20 Oct 2025 13:02:31 INFO  epoch 27 evaluating [time: 1.69s, valid_score: 0.061600]
Mon 20 Oct 2025 13:02:31 INFO  valid result: 
recall@3 : 0.0274    recall@5 : 0.0405    recall@10 : 0.0616    recall@20 : 0.0906    ndcg@3 : 0.0164    ndcg@5 : 0.0218    ndcg@10 : 0.0286    ndcg@20 : 0.0359    
Mon 20 Oct 2025 13:02:31 INFO  Saving current best: saved/SASRecD-Oct-20-2025_12-49-40.pth
Mon 20 Oct 2025 13:02:58 INFO  epoch 28 training [time: 26.62s, train loss: 1316.2428]
Mon 20 Oct 2025 13:03:25 INFO  epoch 29 training [time: 26.63s, train loss: 1307.3501]
Mon 20 Oct 2025 13:03:27 INFO  epoch 29 evaluating [time: 1.75s, valid_score: 0.062600]
Mon 20 Oct 2025 13:03:27 INFO  valid result: 
recall@3 : 0.028    recall@5 : 0.0411    recall@10 : 0.0626    recall@20 : 0.0914    ndcg@3 : 0.0168    ndcg@5 : 0.0222    ndcg@10 : 0.0291    ndcg@20 : 0.0364    
Mon 20 Oct 2025 13:03:27 INFO  Saving current best: saved/SASRecD-Oct-20-2025_12-49-40.pth
Mon 20 Oct 2025 13:03:53 INFO  epoch 30 training [time: 26.62s, train loss: 1298.8560]
Mon 20 Oct 2025 13:04:20 INFO  epoch 31 training [time: 26.62s, train loss: 1290.0013]
Mon 20 Oct 2025 13:04:22 INFO  epoch 31 evaluating [time: 1.73s, valid_score: 0.062600]
Mon 20 Oct 2025 13:04:22 INFO  valid result: 
recall@3 : 0.0281    recall@5 : 0.041    recall@10 : 0.0626    recall@20 : 0.0927    ndcg@3 : 0.0169    ndcg@5 : 0.0222    ndcg@10 : 0.0292    ndcg@20 : 0.0367    
Mon 20 Oct 2025 13:04:48 INFO  epoch 32 training [time: 26.63s, train loss: 1282.2466]
Mon 20 Oct 2025 13:05:15 INFO  epoch 33 training [time: 26.63s, train loss: 1274.7465]
Mon 20 Oct 2025 13:05:17 INFO  epoch 33 evaluating [time: 1.75s, valid_score: 0.062900]
Mon 20 Oct 2025 13:05:17 INFO  valid result: 
recall@3 : 0.0285    recall@5 : 0.0414    recall@10 : 0.0629    recall@20 : 0.0939    ndcg@3 : 0.0172    ndcg@5 : 0.0225    ndcg@10 : 0.0294    ndcg@20 : 0.0373    
Mon 20 Oct 2025 13:05:17 INFO  Saving current best: saved/SASRecD-Oct-20-2025_12-49-40.pth
Mon 20 Oct 2025 13:05:43 INFO  epoch 34 training [time: 26.62s, train loss: 1267.5264]
Mon 20 Oct 2025 13:06:10 INFO  epoch 35 training [time: 26.63s, train loss: 1260.4381]
Mon 20 Oct 2025 13:06:12 INFO  epoch 35 evaluating [time: 1.74s, valid_score: 0.063500]
Mon 20 Oct 2025 13:06:12 INFO  valid result: 
recall@3 : 0.0285    recall@5 : 0.0415    recall@10 : 0.0635    recall@20 : 0.0945    ndcg@3 : 0.0171    ndcg@5 : 0.0225    ndcg@10 : 0.0295    ndcg@20 : 0.0373    
Mon 20 Oct 2025 13:06:12 INFO  Saving current best: saved/SASRecD-Oct-20-2025_12-49-40.pth
Mon 20 Oct 2025 13:06:38 INFO  epoch 36 training [time: 26.64s, train loss: 1253.6284]
Mon 20 Oct 2025 13:07:05 INFO  epoch 37 training [time: 26.65s, train loss: 1247.4687]
Mon 20 Oct 2025 13:07:07 INFO  epoch 37 evaluating [time: 1.74s, valid_score: 0.063700]
Mon 20 Oct 2025 13:07:07 INFO  valid result: 
recall@3 : 0.0284    recall@5 : 0.0419    recall@10 : 0.0637    recall@20 : 0.0941    ndcg@3 : 0.017    ndcg@5 : 0.0226    ndcg@10 : 0.0296    ndcg@20 : 0.0372    
Mon 20 Oct 2025 13:07:07 INFO  Saving current best: saved/SASRecD-Oct-20-2025_12-49-40.pth
Mon 20 Oct 2025 13:07:33 INFO  epoch 38 training [time: 26.63s, train loss: 1241.4600]
Mon 20 Oct 2025 13:08:00 INFO  epoch 39 training [time: 26.65s, train loss: 1235.4524]
Mon 20 Oct 2025 13:08:02 INFO  epoch 39 evaluating [time: 1.72s, valid_score: 0.064600]
Mon 20 Oct 2025 13:08:02 INFO  valid result: 
recall@3 : 0.0289    recall@5 : 0.042    recall@10 : 0.0646    recall@20 : 0.0946    ndcg@3 : 0.0173    ndcg@5 : 0.0227    ndcg@10 : 0.03    ndcg@20 : 0.0375    
Mon 20 Oct 2025 13:08:02 INFO  Saving current best: saved/SASRecD-Oct-20-2025_12-49-40.pth
Mon 20 Oct 2025 13:08:29 INFO  epoch 40 training [time: 26.64s, train loss: 1230.0141]
Mon 20 Oct 2025 13:08:55 INFO  epoch 41 training [time: 26.64s, train loss: 1224.4928]
Mon 20 Oct 2025 13:08:57 INFO  epoch 41 evaluating [time: 1.72s, valid_score: 0.064200]
Mon 20 Oct 2025 13:08:57 INFO  valid result: 
recall@3 : 0.0288    recall@5 : 0.0418    recall@10 : 0.0642    recall@20 : 0.0948    ndcg@3 : 0.0173    ndcg@5 : 0.0227    ndcg@10 : 0.0299    ndcg@20 : 0.0376    
Mon 20 Oct 2025 13:09:24 INFO  epoch 42 training [time: 26.63s, train loss: 1219.1251]
Mon 20 Oct 2025 13:09:50 INFO  epoch 43 training [time: 26.65s, train loss: 1214.3584]
Mon 20 Oct 2025 13:09:52 INFO  epoch 43 evaluating [time: 1.71s, valid_score: 0.064200]
Mon 20 Oct 2025 13:09:52 INFO  valid result: 
recall@3 : 0.029    recall@5 : 0.0423    recall@10 : 0.0642    recall@20 : 0.0954    ndcg@3 : 0.0176    ndcg@5 : 0.023    ndcg@10 : 0.0301    ndcg@20 : 0.0379    
Mon 20 Oct 2025 13:10:19 INFO  epoch 44 training [time: 26.64s, train loss: 1209.4608]
Mon 20 Oct 2025 13:10:45 INFO  epoch 45 training [time: 26.63s, train loss: 1203.7072]
Mon 20 Oct 2025 13:10:47 INFO  epoch 45 evaluating [time: 1.72s, valid_score: 0.064500]
Mon 20 Oct 2025 13:10:47 INFO  valid result: 
recall@3 : 0.0285    recall@5 : 0.0415    recall@10 : 0.0645    recall@20 : 0.0951    ndcg@3 : 0.0174    ndcg@5 : 0.0228    ndcg@10 : 0.0302    ndcg@20 : 0.0378    
Mon 20 Oct 2025 13:11:14 INFO  epoch 46 training [time: 26.65s, train loss: 1199.5413]
Mon 20 Oct 2025 13:11:40 INFO  epoch 47 training [time: 26.64s, train loss: 1194.4780]
Mon 20 Oct 2025 13:11:42 INFO  epoch 47 evaluating [time: 1.72s, valid_score: 0.063300]
Mon 20 Oct 2025 13:11:42 INFO  valid result: 
recall@3 : 0.0288    recall@5 : 0.0416    recall@10 : 0.0633    recall@20 : 0.0946    ndcg@3 : 0.0175    ndcg@5 : 0.0228    ndcg@10 : 0.0298    ndcg@20 : 0.0377    
Mon 20 Oct 2025 13:12:09 INFO  epoch 48 training [time: 26.65s, train loss: 1190.6345]
Mon 20 Oct 2025 13:12:35 INFO  epoch 49 training [time: 26.64s, train loss: 1186.9870]
Mon 20 Oct 2025 13:12:37 INFO  epoch 49 evaluating [time: 1.74s, valid_score: 0.064200]
Mon 20 Oct 2025 13:12:37 INFO  valid result: 
recall@3 : 0.0282    recall@5 : 0.0423    recall@10 : 0.0642    recall@20 : 0.0949    ndcg@3 : 0.0172    ndcg@5 : 0.023    ndcg@10 : 0.03    ndcg@20 : 0.0378    
Mon 20 Oct 2025 13:13:04 INFO  epoch 50 training [time: 26.63s, train loss: 1182.5911]
Mon 20 Oct 2025 13:13:30 INFO  epoch 51 training [time: 26.63s, train loss: 1177.7904]
Mon 20 Oct 2025 13:13:32 INFO  epoch 51 evaluating [time: 1.72s, valid_score: 0.064200]
Mon 20 Oct 2025 13:13:32 INFO  valid result: 
recall@3 : 0.0283    recall@5 : 0.0423    recall@10 : 0.0642    recall@20 : 0.0944    ndcg@3 : 0.0173    ndcg@5 : 0.023    ndcg@10 : 0.03    ndcg@20 : 0.0376    
Mon 20 Oct 2025 13:13:59 INFO  epoch 52 training [time: 26.63s, train loss: 1173.6631]
Mon 20 Oct 2025 13:14:25 INFO  epoch 53 training [time: 26.64s, train loss: 1169.7063]
Mon 20 Oct 2025 13:14:27 INFO  epoch 53 evaluating [time: 1.73s, valid_score: 0.064000]
Mon 20 Oct 2025 13:14:27 INFO  valid result: 
recall@3 : 0.0283    recall@5 : 0.042    recall@10 : 0.064    recall@20 : 0.0949    ndcg@3 : 0.0175    ndcg@5 : 0.0231    ndcg@10 : 0.0302    ndcg@20 : 0.0379    
Mon 20 Oct 2025 13:14:54 INFO  epoch 54 training [time: 26.62s, train loss: 1166.1751]
Mon 20 Oct 2025 13:15:20 INFO  epoch 55 training [time: 26.66s, train loss: 1162.0489]
Mon 20 Oct 2025 13:15:22 INFO  epoch 55 evaluating [time: 1.74s, valid_score: 0.064000]
Mon 20 Oct 2025 13:15:22 INFO  valid result: 
recall@3 : 0.028    recall@5 : 0.0416    recall@10 : 0.064    recall@20 : 0.0945    ndcg@3 : 0.0173    ndcg@5 : 0.0228    ndcg@10 : 0.0301    ndcg@20 : 0.0377    
Mon 20 Oct 2025 13:15:49 INFO  epoch 56 training [time: 26.64s, train loss: 1158.1349]
Mon 20 Oct 2025 13:16:15 INFO  epoch 57 training [time: 26.65s, train loss: 1154.9987]
Mon 20 Oct 2025 13:16:17 INFO  epoch 57 evaluating [time: 1.70s, valid_score: 0.063100]
Mon 20 Oct 2025 13:16:17 INFO  valid result: 
recall@3 : 0.0279    recall@5 : 0.0411    recall@10 : 0.0631    recall@20 : 0.0942    ndcg@3 : 0.0172    ndcg@5 : 0.0226    ndcg@10 : 0.0297    ndcg@20 : 0.0375    
Mon 20 Oct 2025 13:16:44 INFO  epoch 58 training [time: 26.65s, train loss: 1150.9002]
Mon 20 Oct 2025 13:17:10 INFO  epoch 59 training [time: 26.65s, train loss: 1146.6780]
Mon 20 Oct 2025 13:17:12 INFO  epoch 59 evaluating [time: 1.77s, valid_score: 0.064000]
Mon 20 Oct 2025 13:17:12 INFO  valid result: 
recall@3 : 0.0282    recall@5 : 0.0415    recall@10 : 0.064    recall@20 : 0.0935    ndcg@3 : 0.0175    ndcg@5 : 0.0229    ndcg@10 : 0.0301    ndcg@20 : 0.0376    
Mon 20 Oct 2025 13:17:39 INFO  epoch 60 training [time: 26.64s, train loss: 1142.7970]
Mon 20 Oct 2025 13:18:05 INFO  epoch 61 training [time: 26.65s, train loss: 1139.2743]
Mon 20 Oct 2025 13:18:07 INFO  epoch 61 evaluating [time: 1.73s, valid_score: 0.063900]
Mon 20 Oct 2025 13:18:07 INFO  valid result: 
recall@3 : 0.0278    recall@5 : 0.041    recall@10 : 0.0639    recall@20 : 0.0935    ndcg@3 : 0.0173    ndcg@5 : 0.0227    ndcg@10 : 0.0301    ndcg@20 : 0.0375    
Mon 20 Oct 2025 13:18:07 INFO  Finished training, best eval result in epoch 39
Mon 20 Oct 2025 13:18:07 INFO  Loading model structure and parameters from saved/SASRecD-Oct-20-2025_12-49-40.pth
Mon 20 Oct 2025 13:18:09 INFO  best valid : {'recall@3': np.float64(0.0289), 'recall@5': np.float64(0.042), 'recall@10': np.float64(0.0646), 'recall@20': np.float64(0.0946), 'ndcg@3': np.float64(0.0173), 'ndcg@5': np.float64(0.0227), 'ndcg@10': np.float64(0.03), 'ndcg@20': np.float64(0.0375)}
Mon 20 Oct 2025 13:18:09 INFO  test result: {'recall@3': np.float64(0.0232), 'recall@5': np.float64(0.0333), 'recall@10': np.float64(0.0521), 'recall@20': np.float64(0.0763), 'ndcg@3': np.float64(0.0138), 'ndcg@5': np.float64(0.018), 'ndcg@10': np.float64(0.0241), 'ndcg@20': np.float64(0.0301)}
