Mon 20 Oct 2025 19:30:45 INFO  
General Hyper Parameters:
gpu_id = 0
use_gpu = True
seed = 212
state = INFO
reproducibility = True
data_path = ./recbole/data/dataset/Amazon_Sports_and_Outdoors
show_progress = True
save_dataset = False
save_dataloaders = False
benchmark_filename = None

Training Hyper Parameters:
checkpoint_dir = saved
epochs = 200
train_batch_size = 1024
learner = adam
learning_rate = 0.0001
eval_step = 2
stopping_step = 10
clip_grad_norm = None
weight_decay = 0.0
loss_decimal_place = 4

Evaluation Hyper Parameters:
eval_args = {'split': {'LS': 'valid_and_test'}, 'group_by': 'user', 'order': 'TO', 'mode': 'full'}
metrics = ['Recall', 'NDCG']
topk = [3, 5, 10, 20]
valid_metric = Recall@10
valid_metric_bigger = True
eval_batch_size = 256
metric_decimal_place = 4

Dataset Hyper Parameters:
field_separator = 	
seq_separator =  
USER_ID_FIELD = user_id
ITEM_ID_FIELD = item_id
RATING_FIELD = rating
TIME_FIELD = timestamp
seq_len = None
LABEL_FIELD = label
threshold = None
NEG_PREFIX = neg_
load_col = {'inter': ['user_id', 'item_id', 'rating', 'timestamp'], 'item': ['item_id', 'title', 'sales_rank', 'price', 'brand', 'categories', 'sales_type'], 'title': ['ent_id', 'ent_emb']}
unload_col = None
unused_col = None
additional_feat_suffix = ['title']
rm_dup_inter = None
val_interval = None
filter_inter_by_user_or_item = True
user_inter_num_interval = [5,inf)
item_inter_num_interval = [5,inf)
alias_of_user_id = None
alias_of_item_id = ['ent_id']
alias_of_entity_id = None
alias_of_relation_id = None
preload_weight = {'ent_id': 'ent_emb'}
normalize_field = None
normalize_all = None
ITEM_LIST_LENGTH_FIELD = item_length
LIST_SUFFIX = _list
MAX_ITEM_LIST_LENGTH = 50
POSITION_FIELD = position_id
HEAD_ENTITY_ID_FIELD = head_id
TAIL_ENTITY_ID_FIELD = tail_id
RELATION_ID_FIELD = relation_id
ENTITY_ID_FIELD = entity_id

Other Hyper Parameters: 
neg_sampling = None
multi_gpus = False
repeatable = True
n_layers = 3
n_heads = 8
hidden_size = 256
attribute_hidden_size = [128, 64]
inner_size = 256
hidden_dropout_prob = 0.5
attn_dropout_prob = 0.3
hidden_act = gelu
layer_norm_eps = 1e-12
initializer_range = 0.02
selected_features = ['ent_emb', 'categories']
pooling_mode = sum
loss_type = CE
weight_sharing = not
fusion_type = gate
lamdas = [5, 5]
attribute_predictor = ['cos_sim', 'linear']
MODEL_TYPE = ModelType.SEQUENTIAL
feature_type = ['static', 'categorical']
annealing = False
MODEL_INPUT_TYPE = InputType.POINTWISE
eval_type = EvaluatorType.RANKING
device = cuda
train_neg_sample_args = {'strategy': 'none'}
eval_neg_sample_args = {'strategy': 'full', 'distribution': 'uniform'}


Mon 20 Oct 2025 19:30:46 INFO  Amazon_Sports_and_Outdoors
The number of users: 35599
Average actions of users: 8.324540704533963
The number of items: 18358
Average actions of items: 16.142997221768262
The number of inters: 296337
The sparsity of the dataset: 99.95465569853714%
Remain Fields: ['user_id', 'item_id', 'rating', 'timestamp', 'title', 'price', 'brand', 'categories', 'sales_type', 'sales_rank', 'ent_id', 'ent_emb']
Mon 20 Oct 2025 19:30:49 INFO  [Training]: train_batch_size = [1024] negative sampling: [None]
Mon 20 Oct 2025 19:30:49 INFO  [Evaluation]: eval_batch_size = [256] eval_args: [{'split': {'LS': 'valid_and_test'}, 'group_by': 'user', 'order': 'TO', 'mode': 'full'}]
Mon 20 Oct 2025 19:30:49 INFO  SASRecD(
  (item_embedding): Embedding(18358, 256, padding_idx=0)
  (position_embedding): Embedding(50, 256)
  (feature_embed_layer_list): ModuleList(
    (0): Embedding(18358, 128)
    (1): FeatureSeqEmbLayer()
  )
  (trm_encoder): DIFTransformerEncoder(
    (layer): ModuleList(
      (0-2): 3 x DIFTransformerLayer(
        (multi_head_attention): DIFMultiHeadAttention(
          (query): Linear(in_features=256, out_features=256, bias=True)
          (key): Linear(in_features=256, out_features=256, bias=True)
          (value): Linear(in_features=256, out_features=256, bias=True)
          (query_p): Linear(in_features=256, out_features=256, bias=True)
          (key_p): Linear(in_features=256, out_features=256, bias=True)
          (query_layers): ModuleList(
            (0): Linear(in_features=128, out_features=128, bias=True)
            (1): Linear(in_features=64, out_features=64, bias=True)
          )
          (key_layers): ModuleList(
            (0): Linear(in_features=128, out_features=128, bias=True)
            (1): Linear(in_features=64, out_features=64, bias=True)
          )
          (fusion_layer): VanillaAttention(
            (projection): Sequential(
              (0): Linear(in_features=50, out_features=50, bias=True)
              (1): ReLU(inplace=True)
              (2): Linear(in_features=50, out_features=1, bias=True)
            )
          )
          (attn_dropout): Dropout(p=0.3, inplace=False)
          (dense): Linear(in_features=256, out_features=256, bias=True)
          (LayerNorm): LayerNorm((256,), eps=1e-12, elementwise_affine=True)
          (out_dropout): Dropout(p=0.5, inplace=False)
        )
        (feed_forward): FeedForward(
          (dense_1): Linear(in_features=256, out_features=256, bias=True)
          (dense_2): Linear(in_features=256, out_features=256, bias=True)
          (LayerNorm): LayerNorm((256,), eps=1e-12, elementwise_affine=True)
          (dropout): Dropout(p=0.5, inplace=False)
        )
      )
    )
  )
  (ap): ModuleList(
    (0): Linear(in_features=256, out_features=128, bias=True)
    (1): Linear(in_features=256, out_features=1876, bias=True)
  )
  (LayerNorm): LayerNorm((256,), eps=1e-12, elementwise_affine=True)
  (dropout): Dropout(p=0.5, inplace=False)
  (loss_fct): CrossEntropyLoss()
  (attribute_loss_fct): BCEWithLogitsLoss()
)
Trainable parameters: 6941903
Mon 20 Oct 2025 19:31:26 INFO  epoch 0 training [time: 36.22s, train loss: 1951.3052]
Mon 20 Oct 2025 19:32:01 INFO  epoch 1 training [time: 35.59s, train loss: 1740.9436]
Mon 20 Oct 2025 19:32:03 INFO  epoch 1 evaluating [time: 2.23s, valid_score: 0.012600]
Mon 20 Oct 2025 19:32:03 INFO  valid result: 
recall@3 : 0.006    recall@5 : 0.0081    recall@10 : 0.0126    recall@20 : 0.0237    ndcg@3 : 0.0044    ndcg@5 : 0.0052    ndcg@10 : 0.0067    ndcg@20 : 0.0094    
Mon 20 Oct 2025 19:32:05 INFO  Saving current best: saved/SASRecD-Oct-20-2025_19-30-49.pth
Mon 20 Oct 2025 19:32:41 INFO  epoch 2 training [time: 35.48s, train loss: 1726.0151]
Mon 20 Oct 2025 19:33:16 INFO  epoch 3 training [time: 35.54s, train loss: 1718.8266]
Mon 20 Oct 2025 19:33:18 INFO  epoch 3 evaluating [time: 2.20s, valid_score: 0.012500]
Mon 20 Oct 2025 19:33:18 INFO  valid result: 
recall@3 : 0.0058    recall@5 : 0.008    recall@10 : 0.0125    recall@20 : 0.0226    ndcg@3 : 0.0042    ndcg@5 : 0.0051    ndcg@10 : 0.0066    ndcg@20 : 0.0091    
Mon 20 Oct 2025 19:33:55 INFO  epoch 4 training [time: 36.35s, train loss: 1711.0212]
Mon 20 Oct 2025 19:34:30 INFO  epoch 5 training [time: 35.56s, train loss: 1701.3170]
Mon 20 Oct 2025 19:34:32 INFO  epoch 5 evaluating [time: 2.16s, valid_score: 0.013200]
Mon 20 Oct 2025 19:34:32 INFO  valid result: 
recall@3 : 0.0053    recall@5 : 0.0082    recall@10 : 0.0132    recall@20 : 0.0233    ndcg@3 : 0.0038    ndcg@5 : 0.0049    ndcg@10 : 0.0065    ndcg@20 : 0.009    
Mon 20 Oct 2025 19:34:34 INFO  Saving current best: saved/SASRecD-Oct-20-2025_19-30-49.pth
Mon 20 Oct 2025 19:35:11 INFO  epoch 6 training [time: 37.38s, train loss: 1688.0260]
Mon 20 Oct 2025 19:35:48 INFO  epoch 7 training [time: 37.15s, train loss: 1666.3576]
Mon 20 Oct 2025 19:35:50 INFO  epoch 7 evaluating [time: 2.11s, valid_score: 0.019200]
Mon 20 Oct 2025 19:35:50 INFO  valid result: 
recall@3 : 0.0078    recall@5 : 0.012    recall@10 : 0.0192    recall@20 : 0.0331    ndcg@3 : 0.0054    ndcg@5 : 0.0071    ndcg@10 : 0.0094    ndcg@20 : 0.0128    
Mon 20 Oct 2025 19:35:53 INFO  Saving current best: saved/SASRecD-Oct-20-2025_19-30-49.pth
Mon 20 Oct 2025 19:36:32 INFO  epoch 8 training [time: 38.78s, train loss: 1637.8145]
Mon 20 Oct 2025 19:37:09 INFO  epoch 9 training [time: 37.02s, train loss: 1612.0515]
Mon 20 Oct 2025 19:37:11 INFO  epoch 9 evaluating [time: 2.23s, valid_score: 0.025800]
Mon 20 Oct 2025 19:37:11 INFO  valid result: 
recall@3 : 0.0098    recall@5 : 0.015    recall@10 : 0.0258    recall@20 : 0.0439    ndcg@3 : 0.0066    ndcg@5 : 0.0088    ndcg@10 : 0.0122    ndcg@20 : 0.0168    
Mon 20 Oct 2025 19:37:12 INFO  Saving current best: saved/SASRecD-Oct-20-2025_19-30-49.pth
Mon 20 Oct 2025 19:37:50 INFO  epoch 10 training [time: 38.26s, train loss: 1587.9252]
Mon 20 Oct 2025 19:38:29 INFO  epoch 11 training [time: 38.27s, train loss: 1564.1746]
Mon 20 Oct 2025 19:38:31 INFO  epoch 11 evaluating [time: 2.48s, valid_score: 0.033800]
Mon 20 Oct 2025 19:38:31 INFO  valid result: 
recall@3 : 0.0127    recall@5 : 0.0201    recall@10 : 0.0338    recall@20 : 0.055    ndcg@3 : 0.0083    ndcg@5 : 0.0113    ndcg@10 : 0.0157    ndcg@20 : 0.021    
Mon 20 Oct 2025 19:38:32 INFO  Saving current best: saved/SASRecD-Oct-20-2025_19-30-49.pth
Mon 20 Oct 2025 19:39:10 INFO  epoch 12 training [time: 37.56s, train loss: 1541.9373]
Mon 20 Oct 2025 19:39:47 INFO  epoch 13 training [time: 37.37s, train loss: 1520.4712]
Mon 20 Oct 2025 19:39:49 INFO  epoch 13 evaluating [time: 2.21s, valid_score: 0.040900]
Mon 20 Oct 2025 19:39:49 INFO  valid result: 
recall@3 : 0.0165    recall@5 : 0.0255    recall@10 : 0.0409    recall@20 : 0.0628    ndcg@3 : 0.0106    ndcg@5 : 0.0142    ndcg@10 : 0.0192    ndcg@20 : 0.0247    
Mon 20 Oct 2025 19:39:50 INFO  Saving current best: saved/SASRecD-Oct-20-2025_19-30-49.pth
Mon 20 Oct 2025 19:40:26 INFO  epoch 14 training [time: 35.73s, train loss: 1500.4772]
Mon 20 Oct 2025 19:41:03 INFO  epoch 15 training [time: 36.60s, train loss: 1481.6058]
Mon 20 Oct 2025 19:41:05 INFO  epoch 15 evaluating [time: 2.19s, valid_score: 0.046400]
Mon 20 Oct 2025 19:41:05 INFO  valid result: 
recall@3 : 0.0192    recall@5 : 0.0295    recall@10 : 0.0464    recall@20 : 0.0699    ndcg@3 : 0.0123    ndcg@5 : 0.0165    ndcg@10 : 0.022    ndcg@20 : 0.0279    
Mon 20 Oct 2025 19:41:06 INFO  Saving current best: saved/SASRecD-Oct-20-2025_19-30-49.pth
Mon 20 Oct 2025 19:41:42 INFO  epoch 16 training [time: 36.41s, train loss: 1463.1345]
Mon 20 Oct 2025 19:42:19 INFO  epoch 17 training [time: 36.59s, train loss: 1446.0767]
Mon 20 Oct 2025 19:42:21 INFO  epoch 17 evaluating [time: 2.38s, valid_score: 0.050500]
Mon 20 Oct 2025 19:42:21 INFO  valid result: 
recall@3 : 0.0214    recall@5 : 0.0329    recall@10 : 0.0505    recall@20 : 0.0753    ndcg@3 : 0.0133    ndcg@5 : 0.0181    ndcg@10 : 0.0237    ndcg@20 : 0.0299    
Mon 20 Oct 2025 19:42:22 INFO  Saving current best: saved/SASRecD-Oct-20-2025_19-30-49.pth
Mon 20 Oct 2025 19:43:00 INFO  epoch 18 training [time: 37.60s, train loss: 1429.4220]
Mon 20 Oct 2025 19:43:38 INFO  epoch 19 training [time: 38.20s, train loss: 1413.4208]
Mon 20 Oct 2025 19:43:41 INFO  epoch 19 evaluating [time: 2.37s, valid_score: 0.054100]
Mon 20 Oct 2025 19:43:41 INFO  valid result: 
recall@3 : 0.0226    recall@5 : 0.0349    recall@10 : 0.0541    recall@20 : 0.0792    ndcg@3 : 0.0141    ndcg@5 : 0.0191    ndcg@10 : 0.0252    ndcg@20 : 0.0316    
Mon 20 Oct 2025 19:43:42 INFO  Saving current best: saved/SASRecD-Oct-20-2025_19-30-49.pth
Mon 20 Oct 2025 19:44:20 INFO  epoch 20 training [time: 37.92s, train loss: 1398.1478]
Mon 20 Oct 2025 19:44:57 INFO  epoch 21 training [time: 37.61s, train loss: 1383.0836]
Mon 20 Oct 2025 19:44:59 INFO  epoch 21 evaluating [time: 2.27s, valid_score: 0.056200]
Mon 20 Oct 2025 19:44:59 INFO  valid result: 
recall@3 : 0.0246    recall@5 : 0.0373    recall@10 : 0.0562    recall@20 : 0.0833    ndcg@3 : 0.015    ndcg@5 : 0.0203    ndcg@10 : 0.0264    ndcg@20 : 0.0332    
Mon 20 Oct 2025 19:45:01 INFO  Saving current best: saved/SASRecD-Oct-20-2025_19-30-49.pth
Mon 20 Oct 2025 19:45:37 INFO  epoch 22 training [time: 36.55s, train loss: 1369.3871]
Mon 20 Oct 2025 19:46:14 INFO  epoch 23 training [time: 36.83s, train loss: 1355.9445]
Mon 20 Oct 2025 19:46:18 INFO  epoch 23 evaluating [time: 3.91s, valid_score: 0.058500]
Mon 20 Oct 2025 19:46:18 INFO  valid result: 
recall@3 : 0.0259    recall@5 : 0.0388    recall@10 : 0.0585    recall@20 : 0.0854    ndcg@3 : 0.0157    ndcg@5 : 0.021    ndcg@10 : 0.0273    ndcg@20 : 0.0341    
Mon 20 Oct 2025 19:46:20 INFO  Saving current best: saved/SASRecD-Oct-20-2025_19-30-49.pth
Mon 20 Oct 2025 19:46:59 INFO  epoch 24 training [time: 38.88s, train loss: 1342.2487]
Mon 20 Oct 2025 19:47:38 INFO  epoch 25 training [time: 38.94s, train loss: 1329.9346]
Mon 20 Oct 2025 19:47:40 INFO  epoch 25 evaluating [time: 2.18s, valid_score: 0.059800]
Mon 20 Oct 2025 19:47:40 INFO  valid result: 
recall@3 : 0.0265    recall@5 : 0.0398    recall@10 : 0.0598    recall@20 : 0.0881    ndcg@3 : 0.016    ndcg@5 : 0.0215    ndcg@10 : 0.028    ndcg@20 : 0.0351    
Mon 20 Oct 2025 19:47:42 INFO  Saving current best: saved/SASRecD-Oct-20-2025_19-30-49.pth
Mon 20 Oct 2025 19:48:18 INFO  epoch 26 training [time: 36.58s, train loss: 1317.1069]
Mon 20 Oct 2025 19:48:58 INFO  epoch 27 training [time: 39.45s, train loss: 1305.3738]
Mon 20 Oct 2025 19:49:01 INFO  epoch 27 evaluating [time: 3.53s, valid_score: 0.061900]
Mon 20 Oct 2025 19:49:01 INFO  valid result: 
recall@3 : 0.0265    recall@5 : 0.0402    recall@10 : 0.0619    recall@20 : 0.0897    ndcg@3 : 0.016    ndcg@5 : 0.0216    ndcg@10 : 0.0287    ndcg@20 : 0.0356    
Mon 20 Oct 2025 19:49:03 INFO  Saving current best: saved/SASRecD-Oct-20-2025_19-30-49.pth
Mon 20 Oct 2025 19:49:42 INFO  epoch 28 training [time: 38.73s, train loss: 1293.8139]
Mon 20 Oct 2025 19:50:19 INFO  epoch 29 training [time: 36.99s, train loss: 1282.5491]
Mon 20 Oct 2025 19:50:21 INFO  epoch 29 evaluating [time: 2.27s, valid_score: 0.062400]
Mon 20 Oct 2025 19:50:21 INFO  valid result: 
recall@3 : 0.0275    recall@5 : 0.0412    recall@10 : 0.0624    recall@20 : 0.0908    ndcg@3 : 0.0165    ndcg@5 : 0.0221    ndcg@10 : 0.029    ndcg@20 : 0.0362    
Mon 20 Oct 2025 19:50:22 INFO  Saving current best: saved/SASRecD-Oct-20-2025_19-30-49.pth
Mon 20 Oct 2025 19:51:00 INFO  epoch 30 training [time: 37.17s, train loss: 1270.9265]
Mon 20 Oct 2025 19:51:38 INFO  epoch 31 training [time: 38.44s, train loss: 1260.8403]
Mon 20 Oct 2025 19:51:41 INFO  epoch 31 evaluating [time: 2.98s, valid_score: 0.063600]
Mon 20 Oct 2025 19:51:41 INFO  valid result: 
recall@3 : 0.0281    recall@5 : 0.0412    recall@10 : 0.0636    recall@20 : 0.0914    ndcg@3 : 0.0169    ndcg@5 : 0.0223    ndcg@10 : 0.0295    ndcg@20 : 0.0365    
Mon 20 Oct 2025 19:51:43 INFO  Saving current best: saved/SASRecD-Oct-20-2025_19-30-49.pth
Mon 20 Oct 2025 19:52:20 INFO  epoch 32 training [time: 36.68s, train loss: 1249.6091]
Mon 20 Oct 2025 19:52:57 INFO  epoch 33 training [time: 37.62s, train loss: 1239.1788]
Mon 20 Oct 2025 19:53:00 INFO  epoch 33 evaluating [time: 2.36s, valid_score: 0.063500]
Mon 20 Oct 2025 19:53:00 INFO  valid result: 
recall@3 : 0.0284    recall@5 : 0.0414    recall@10 : 0.0635    recall@20 : 0.0924    ndcg@3 : 0.017    ndcg@5 : 0.0224    ndcg@10 : 0.0296    ndcg@20 : 0.0369    
Mon 20 Oct 2025 19:53:37 INFO  epoch 34 training [time: 37.86s, train loss: 1228.9294]
Mon 20 Oct 2025 19:54:15 INFO  epoch 35 training [time: 38.00s, train loss: 1218.6868]
Mon 20 Oct 2025 19:54:18 INFO  epoch 35 evaluating [time: 2.25s, valid_score: 0.064600]
Mon 20 Oct 2025 19:54:18 INFO  valid result: 
recall@3 : 0.0285    recall@5 : 0.042    recall@10 : 0.0646    recall@20 : 0.0934    ndcg@3 : 0.0171    ndcg@5 : 0.0227    ndcg@10 : 0.0299    ndcg@20 : 0.0372    
Mon 20 Oct 2025 19:54:19 INFO  Saving current best: saved/SASRecD-Oct-20-2025_19-30-49.pth
Mon 20 Oct 2025 19:54:55 INFO  epoch 36 training [time: 36.48s, train loss: 1208.5318]
Mon 20 Oct 2025 19:55:32 INFO  epoch 37 training [time: 37.02s, train loss: 1199.2177]
Mon 20 Oct 2025 19:55:34 INFO  epoch 37 evaluating [time: 2.20s, valid_score: 0.064900]
Mon 20 Oct 2025 19:55:34 INFO  valid result: 
recall@3 : 0.0285    recall@5 : 0.0419    recall@10 : 0.0649    recall@20 : 0.0941    ndcg@3 : 0.0171    ndcg@5 : 0.0227    ndcg@10 : 0.0301    ndcg@20 : 0.0374    
Mon 20 Oct 2025 19:55:35 INFO  Saving current best: saved/SASRecD-Oct-20-2025_19-30-49.pth
Mon 20 Oct 2025 19:56:13 INFO  epoch 38 training [time: 37.06s, train loss: 1188.9997]
Mon 20 Oct 2025 19:56:52 INFO  epoch 39 training [time: 39.51s, train loss: 1179.0892]
Mon 20 Oct 2025 19:56:56 INFO  epoch 39 evaluating [time: 3.90s, valid_score: 0.065600]
Mon 20 Oct 2025 19:56:56 INFO  valid result: 
recall@3 : 0.0284    recall@5 : 0.0427    recall@10 : 0.0656    recall@20 : 0.0947    ndcg@3 : 0.017    ndcg@5 : 0.0229    ndcg@10 : 0.0303    ndcg@20 : 0.0376    
Mon 20 Oct 2025 19:56:58 INFO  Saving current best: saved/SASRecD-Oct-20-2025_19-30-49.pth
Mon 20 Oct 2025 19:57:38 INFO  epoch 40 training [time: 39.26s, train loss: 1169.2484]
Mon 20 Oct 2025 19:58:15 INFO  epoch 41 training [time: 37.00s, train loss: 1159.2968]
Mon 20 Oct 2025 19:58:17 INFO  epoch 41 evaluating [time: 2.44s, valid_score: 0.065600]
Mon 20 Oct 2025 19:58:17 INFO  valid result: 
recall@3 : 0.0288    recall@5 : 0.0428    recall@10 : 0.0656    recall@20 : 0.0946    ndcg@3 : 0.0172    ndcg@5 : 0.023    ndcg@10 : 0.0303    ndcg@20 : 0.0376    
Mon 20 Oct 2025 19:58:54 INFO  epoch 42 training [time: 36.61s, train loss: 1149.4071]
Mon 20 Oct 2025 19:59:32 INFO  epoch 43 training [time: 37.93s, train loss: 1139.8237]
Mon 20 Oct 2025 19:59:35 INFO  epoch 43 evaluating [time: 3.15s, valid_score: 0.066500]
Mon 20 Oct 2025 19:59:35 INFO  valid result: 
recall@3 : 0.0292    recall@5 : 0.0424    recall@10 : 0.0665    recall@20 : 0.095    ndcg@3 : 0.0175    ndcg@5 : 0.0229    ndcg@10 : 0.0306    ndcg@20 : 0.0378    
Mon 20 Oct 2025 19:59:36 INFO  Saving current best: saved/SASRecD-Oct-20-2025_19-30-49.pth
Mon 20 Oct 2025 20:00:13 INFO  epoch 44 training [time: 36.63s, train loss: 1130.0948]
Mon 20 Oct 2025 20:00:49 INFO  epoch 45 training [time: 36.54s, train loss: 1120.9649]
Mon 20 Oct 2025 20:00:52 INFO  epoch 45 evaluating [time: 2.22s, valid_score: 0.066200]
Mon 20 Oct 2025 20:00:52 INFO  valid result: 
recall@3 : 0.0292    recall@5 : 0.043    recall@10 : 0.0662    recall@20 : 0.0959    ndcg@3 : 0.0176    ndcg@5 : 0.0232    ndcg@10 : 0.0307    ndcg@20 : 0.0382    
Mon 20 Oct 2025 20:01:28 INFO  epoch 46 training [time: 36.55s, train loss: 1110.5822]
Mon 20 Oct 2025 20:02:05 INFO  epoch 47 training [time: 36.41s, train loss: 1100.5966]
Mon 20 Oct 2025 20:02:07 INFO  epoch 47 evaluating [time: 2.21s, valid_score: 0.066800]
Mon 20 Oct 2025 20:02:07 INFO  valid result: 
recall@3 : 0.0289    recall@5 : 0.0426    recall@10 : 0.0668    recall@20 : 0.096    ndcg@3 : 0.0173    ndcg@5 : 0.023    ndcg@10 : 0.0308    ndcg@20 : 0.0381    
Mon 20 Oct 2025 20:02:08 INFO  Saving current best: saved/SASRecD-Oct-20-2025_19-30-49.pth
Mon 20 Oct 2025 20:02:44 INFO  epoch 48 training [time: 36.49s, train loss: 1090.7692]
Mon 20 Oct 2025 20:03:21 INFO  epoch 49 training [time: 36.57s, train loss: 1080.8217]
Mon 20 Oct 2025 20:03:23 INFO  epoch 49 evaluating [time: 2.22s, valid_score: 0.066800]
Mon 20 Oct 2025 20:03:23 INFO  valid result: 
recall@3 : 0.0291    recall@5 : 0.0425    recall@10 : 0.0668    recall@20 : 0.0963    ndcg@3 : 0.0175    ndcg@5 : 0.023    ndcg@10 : 0.0308    ndcg@20 : 0.0382    
Mon 20 Oct 2025 20:04:00 INFO  epoch 50 training [time: 37.33s, train loss: 1070.7219]
Mon 20 Oct 2025 20:04:37 INFO  epoch 51 training [time: 36.60s, train loss: 1061.0964]
Mon 20 Oct 2025 20:04:39 INFO  epoch 51 evaluating [time: 2.25s, valid_score: 0.066500]
Mon 20 Oct 2025 20:04:39 INFO  valid result: 
recall@3 : 0.0292    recall@5 : 0.0431    recall@10 : 0.0665    recall@20 : 0.0966    ndcg@3 : 0.0176    ndcg@5 : 0.0233    ndcg@10 : 0.0309    ndcg@20 : 0.0384    
Mon 20 Oct 2025 20:05:16 INFO  epoch 52 training [time: 36.49s, train loss: 1050.5981]
Mon 20 Oct 2025 20:05:52 INFO  epoch 53 training [time: 36.45s, train loss: 1040.8164]
Mon 20 Oct 2025 20:05:54 INFO  epoch 53 evaluating [time: 2.21s, valid_score: 0.066500]
Mon 20 Oct 2025 20:05:54 INFO  valid result: 
recall@3 : 0.0295    recall@5 : 0.0436    recall@10 : 0.0665    recall@20 : 0.0967    ndcg@3 : 0.0178    ndcg@5 : 0.0236    ndcg@10 : 0.031    ndcg@20 : 0.0385    
Mon 20 Oct 2025 20:06:31 INFO  epoch 54 training [time: 36.45s, train loss: 1030.5270]
Mon 20 Oct 2025 20:07:07 INFO  epoch 55 training [time: 36.49s, train loss: 1020.3592]
Mon 20 Oct 2025 20:07:10 INFO  epoch 55 evaluating [time: 2.21s, valid_score: 0.067200]
Mon 20 Oct 2025 20:07:10 INFO  valid result: 
recall@3 : 0.029    recall@5 : 0.0437    recall@10 : 0.0672    recall@20 : 0.0969    ndcg@3 : 0.0177    ndcg@5 : 0.0237    ndcg@10 : 0.0312    ndcg@20 : 0.0387    
Mon 20 Oct 2025 20:07:11 INFO  Saving current best: saved/SASRecD-Oct-20-2025_19-30-49.pth
Mon 20 Oct 2025 20:07:48 INFO  epoch 56 training [time: 37.31s, train loss: 1009.3334]
Mon 20 Oct 2025 20:08:24 INFO  epoch 57 training [time: 36.47s, train loss: 999.8062]
Mon 20 Oct 2025 20:08:27 INFO  epoch 57 evaluating [time: 2.24s, valid_score: 0.066900]
Mon 20 Oct 2025 20:08:27 INFO  valid result: 
recall@3 : 0.0294    recall@5 : 0.0433    recall@10 : 0.0669    recall@20 : 0.0964    ndcg@3 : 0.0178    ndcg@5 : 0.0236    ndcg@10 : 0.0312    ndcg@20 : 0.0386    
Mon 20 Oct 2025 20:09:03 INFO  epoch 58 training [time: 36.50s, train loss: 988.7632]
Mon 20 Oct 2025 20:09:40 INFO  epoch 59 training [time: 36.50s, train loss: 977.3143]
Mon 20 Oct 2025 20:09:42 INFO  epoch 59 evaluating [time: 2.22s, valid_score: 0.066400]
Mon 20 Oct 2025 20:09:42 INFO  valid result: 
recall@3 : 0.0292    recall@5 : 0.0432    recall@10 : 0.0664    recall@20 : 0.0971    ndcg@3 : 0.0178    ndcg@5 : 0.0235    ndcg@10 : 0.0309    ndcg@20 : 0.0387    
Mon 20 Oct 2025 20:10:18 INFO  epoch 60 training [time: 36.47s, train loss: 967.4619]
Mon 20 Oct 2025 20:10:55 INFO  epoch 61 training [time: 36.69s, train loss: 956.2776]
Mon 20 Oct 2025 20:10:57 INFO  epoch 61 evaluating [time: 2.39s, valid_score: 0.066500]
Mon 20 Oct 2025 20:10:57 INFO  valid result: 
recall@3 : 0.0289    recall@5 : 0.0431    recall@10 : 0.0665    recall@20 : 0.0964    ndcg@3 : 0.0177    ndcg@5 : 0.0235    ndcg@10 : 0.031    ndcg@20 : 0.0385    
Mon 20 Oct 2025 20:11:34 INFO  epoch 62 training [time: 36.94s, train loss: 945.3403]
Mon 20 Oct 2025 20:12:11 INFO  epoch 63 training [time: 36.49s, train loss: 934.5311]
Mon 20 Oct 2025 20:12:14 INFO  epoch 63 evaluating [time: 2.94s, valid_score: 0.066600]
Mon 20 Oct 2025 20:12:14 INFO  valid result: 
recall@3 : 0.0292    recall@5 : 0.0437    recall@10 : 0.0666    recall@20 : 0.0976    ndcg@3 : 0.0179    ndcg@5 : 0.0239    ndcg@10 : 0.0312    ndcg@20 : 0.039    
Mon 20 Oct 2025 20:12:50 INFO  epoch 64 training [time: 36.55s, train loss: 923.6446]
Mon 20 Oct 2025 20:13:27 INFO  epoch 65 training [time: 36.89s, train loss: 912.3338]
Mon 20 Oct 2025 20:13:29 INFO  epoch 65 evaluating [time: 2.20s, valid_score: 0.066400]
Mon 20 Oct 2025 20:13:29 INFO  valid result: 
recall@3 : 0.0292    recall@5 : 0.0434    recall@10 : 0.0664    recall@20 : 0.0976    ndcg@3 : 0.0178    ndcg@5 : 0.0237    ndcg@10 : 0.031    ndcg@20 : 0.0389    
Mon 20 Oct 2025 20:14:06 INFO  epoch 66 training [time: 36.47s, train loss: 901.2056]
Mon 20 Oct 2025 20:14:42 INFO  epoch 67 training [time: 36.44s, train loss: 890.5815]
Mon 20 Oct 2025 20:14:44 INFO  epoch 67 evaluating [time: 2.19s, valid_score: 0.066600]
Mon 20 Oct 2025 20:14:44 INFO  valid result: 
recall@3 : 0.0291    recall@5 : 0.0431    recall@10 : 0.0666    recall@20 : 0.0965    ndcg@3 : 0.018    ndcg@5 : 0.0237    ndcg@10 : 0.0313    ndcg@20 : 0.0388    
Mon 20 Oct 2025 20:15:21 INFO  epoch 68 training [time: 36.48s, train loss: 878.4333]
Mon 20 Oct 2025 20:15:57 INFO  epoch 69 training [time: 36.49s, train loss: 867.5451]
Mon 20 Oct 2025 20:16:00 INFO  epoch 69 evaluating [time: 2.21s, valid_score: 0.066800]
Mon 20 Oct 2025 20:16:00 INFO  valid result: 
recall@3 : 0.0284    recall@5 : 0.0437    recall@10 : 0.0668    recall@20 : 0.0975    ndcg@3 : 0.0176    ndcg@5 : 0.0239    ndcg@10 : 0.0313    ndcg@20 : 0.039    
Mon 20 Oct 2025 20:16:37 INFO  epoch 70 training [time: 37.41s, train loss: 855.0308]
Mon 20 Oct 2025 20:17:14 INFO  epoch 71 training [time: 36.96s, train loss: 844.2250]
Mon 20 Oct 2025 20:17:16 INFO  epoch 71 evaluating [time: 2.33s, valid_score: 0.066500]
Mon 20 Oct 2025 20:17:16 INFO  valid result: 
recall@3 : 0.0285    recall@5 : 0.0428    recall@10 : 0.0665    recall@20 : 0.097    ndcg@3 : 0.0178    ndcg@5 : 0.0237    ndcg@10 : 0.0313    ndcg@20 : 0.039    
Mon 20 Oct 2025 20:17:53 INFO  epoch 72 training [time: 36.86s, train loss: 831.9620]
Mon 20 Oct 2025 20:18:30 INFO  epoch 73 training [time: 36.82s, train loss: 820.0895]
Mon 20 Oct 2025 20:18:32 INFO  epoch 73 evaluating [time: 2.25s, valid_score: 0.066600]
Mon 20 Oct 2025 20:18:32 INFO  valid result: 
recall@3 : 0.0292    recall@5 : 0.043    recall@10 : 0.0666    recall@20 : 0.0962    ndcg@3 : 0.0177    ndcg@5 : 0.0234    ndcg@10 : 0.031    ndcg@20 : 0.0384    
Mon 20 Oct 2025 20:19:08 INFO  epoch 74 training [time: 36.05s, train loss: 807.6331]
Mon 20 Oct 2025 20:19:45 INFO  epoch 75 training [time: 36.32s, train loss: 795.3900]
Mon 20 Oct 2025 20:19:49 INFO  epoch 75 evaluating [time: 4.53s, valid_score: 0.065800]
Mon 20 Oct 2025 20:19:49 INFO  valid result: 
recall@3 : 0.0291    recall@5 : 0.0428    recall@10 : 0.0658    recall@20 : 0.0955    ndcg@3 : 0.0179    ndcg@5 : 0.0235    ndcg@10 : 0.0309    ndcg@20 : 0.0384    
Mon 20 Oct 2025 20:20:26 INFO  epoch 76 training [time: 36.54s, train loss: 783.2839]
Mon 20 Oct 2025 20:21:03 INFO  epoch 77 training [time: 37.33s, train loss: 770.8378]
Mon 20 Oct 2025 20:21:05 INFO  epoch 77 evaluating [time: 2.20s, valid_score: 0.066200]
Mon 20 Oct 2025 20:21:05 INFO  valid result: 
recall@3 : 0.029    recall@5 : 0.043    recall@10 : 0.0662    recall@20 : 0.0963    ndcg@3 : 0.0179    ndcg@5 : 0.0237    ndcg@10 : 0.0312    ndcg@20 : 0.0387    
Mon 20 Oct 2025 20:21:05 INFO  Finished training, best eval result in epoch 55
Mon 20 Oct 2025 20:21:06 INFO  Loading model structure and parameters from saved/SASRecD-Oct-20-2025_19-30-49.pth
Mon 20 Oct 2025 20:21:09 INFO  best valid : {'recall@3': np.float64(0.029), 'recall@5': np.float64(0.0437), 'recall@10': np.float64(0.0672), 'recall@20': np.float64(0.0969), 'ndcg@3': np.float64(0.0177), 'ndcg@5': np.float64(0.0237), 'ndcg@10': np.float64(0.0312), 'ndcg@20': np.float64(0.0387)}
Mon 20 Oct 2025 20:21:09 INFO  test result: {'recall@3': np.float64(0.0232), 'recall@5': np.float64(0.0356), 'recall@10': np.float64(0.0549), 'recall@20': np.float64(0.0792), 'ndcg@3': np.float64(0.0142), 'ndcg@5': np.float64(0.0193), 'ndcg@10': np.float64(0.0255), 'ndcg@20': np.float64(0.0316)}
