Sun 26 Oct 2025 16:21:26 INFO  
General Hyper Parameters:
gpu_id = 0
use_gpu = True
seed = 212
state = INFO
reproducibility = True
data_path = ./recbole/data/dataset/Amazon_Sports_and_Outdoors
show_progress = True
save_dataset = False
save_dataloaders = False
benchmark_filename = None

Training Hyper Parameters:
checkpoint_dir = saved
epochs = 200
train_batch_size = 1024
learner = adam
learning_rate = 0.0001
eval_step = 2
stopping_step = 10
clip_grad_norm = None
weight_decay = 0.0
loss_decimal_place = 4

Evaluation Hyper Parameters:
eval_args = {'split': {'LS': 'valid_and_test'}, 'group_by': 'user', 'order': 'TO', 'mode': 'full'}
metrics = ['Recall', 'NDCG']
topk = [3, 5, 10, 20]
valid_metric = Recall@10
valid_metric_bigger = True
eval_batch_size = 256
metric_decimal_place = 4

Dataset Hyper Parameters:
field_separator = 	
seq_separator =  
USER_ID_FIELD = user_id
ITEM_ID_FIELD = item_id
RATING_FIELD = rating
TIME_FIELD = timestamp
seq_len = None
LABEL_FIELD = label
threshold = None
NEG_PREFIX = neg_
load_col = {'inter': ['user_id', 'item_id', 'rating', 'timestamp'], 'item': ['item_id', 'title', 'sales_rank', 'price', 'brand', 'categories', 'sales_type'], 'zero': ['ent_id', 'ent_emb']}
unload_col = None
unused_col = None
additional_feat_suffix = ['zero']
rm_dup_inter = None
val_interval = None
filter_inter_by_user_or_item = True
user_inter_num_interval = [5,inf)
item_inter_num_interval = [5,inf)
alias_of_user_id = None
alias_of_item_id = ['ent_id']
alias_of_entity_id = None
alias_of_relation_id = None
preload_weight = {'ent_id': 'ent_emb'}
normalize_field = None
normalize_all = None
ITEM_LIST_LENGTH_FIELD = item_length
LIST_SUFFIX = _list
MAX_ITEM_LIST_LENGTH = 50
POSITION_FIELD = position_id
HEAD_ENTITY_ID_FIELD = head_id
TAIL_ENTITY_ID_FIELD = tail_id
RELATION_ID_FIELD = relation_id
ENTITY_ID_FIELD = entity_id

Other Hyper Parameters: 
neg_sampling = None
multi_gpus = False
repeatable = True
n_layers = 3
n_heads = 8
hidden_size = 256
inner_size = 256
hidden_dropout_prob = 0.5
attn_dropout_prob = 0.3
hidden_act = gelu
layer_norm_eps = 1e-12
initializer_range = 0.02
selected_features = ['ent_emb']
pooling_mode = sum
loss_type = CE
MODEL_TYPE = ModelType.SEQUENTIAL
attribute_hidden_size = [128]
feature_type = ['static']
weight_sharing = not
fusion_type = gate
lamdas = [5]
attribute_predictor = ['cos_sim']
wandb_run_name = baseline
annealing = False
MODEL_INPUT_TYPE = InputType.POINTWISE
eval_type = EvaluatorType.RANKING
device = cuda
train_neg_sample_args = {'strategy': 'none'}
eval_neg_sample_args = {'strategy': 'full', 'distribution': 'uniform'}


Sun 26 Oct 2025 16:21:26 INFO  Amazon_Sports_and_Outdoors
The number of users: 35599
Average actions of users: 8.324540704533963
The number of items: 18358
Average actions of items: 16.142997221768262
The number of inters: 296337
The sparsity of the dataset: 99.95465569853714%
Remain Fields: ['user_id', 'item_id', 'rating', 'timestamp', 'title', 'price', 'brand', 'categories', 'sales_type', 'sales_rank', 'ent_id', 'ent_emb']
Sun 26 Oct 2025 16:21:30 INFO  [Training]: train_batch_size = [1024] negative sampling: [None]
Sun 26 Oct 2025 16:21:30 INFO  [Evaluation]: eval_batch_size = [256] eval_args: [{'split': {'LS': 'valid_and_test'}, 'group_by': 'user', 'order': 'TO', 'mode': 'full'}]
Sun 26 Oct 2025 16:21:31 INFO  SASRecF(
  (item_embedding): Embedding(18358, 256, padding_idx=0)
  (position_embedding): Embedding(50, 256)
  (feature_embed_layer_list): ModuleList(
    (0): Embedding(18358, 128)
  )
  (trm_encoder): TransformerEncoder(
    (layer): ModuleList(
      (0-2): 3 x TransformerLayer(
        (multi_head_attention): MultiHeadAttention(
          (query): Linear(in_features=256, out_features=256, bias=True)
          (key): Linear(in_features=256, out_features=256, bias=True)
          (value): Linear(in_features=256, out_features=256, bias=True)
          (attn_dropout): Dropout(p=0.3, inplace=False)
          (dense): Linear(in_features=256, out_features=256, bias=True)
          (LayerNorm): LayerNorm((256,), eps=1e-12, elementwise_affine=True)
          (out_dropout): Dropout(p=0.5, inplace=False)
        )
        (feed_forward): FeedForward(
          (dense_1): Linear(in_features=256, out_features=256, bias=True)
          (dense_2): Linear(in_features=256, out_features=256, bias=True)
          (LayerNorm): LayerNorm((256,), eps=1e-12, elementwise_affine=True)
          (dropout): Dropout(p=0.5, inplace=False)
        )
      )
    )
  )
  (concat_layer): Linear(in_features=384, out_features=256, bias=True)
  (LayerNorm): LayerNorm((256,), eps=1e-12, elementwise_affine=True)
  (dropout): Dropout(p=0.5, inplace=False)
  (loss_fct): CrossEntropyLoss()
)
Trainable parameters: 5998848
Sun 26 Oct 2025 16:21:47 INFO  epoch 0 training [time: 14.98s, train loss: 1781.6694]
Sun 26 Oct 2025 16:21:59 INFO  epoch 1 training [time: 11.52s, train loss: 1724.1959]
Sun 26 Oct 2025 16:22:00 INFO  epoch 1 evaluating [time: 1.16s, valid_score: 0.013000]
Sun 26 Oct 2025 16:22:00 INFO  valid result: 
recall@3 : 0.0059    recall@5 : 0.0083    recall@10 : 0.013    recall@20 : 0.0239    ndcg@3 : 0.0044    ndcg@5 : 0.0054    ndcg@10 : 0.0069    ndcg@20 : 0.0096    
Sun 26 Oct 2025 16:22:00 INFO  Saving current best: saved/SASRecF-Oct-26-2025_16-21-31.pth
Sun 26 Oct 2025 16:22:14 INFO  epoch 2 training [time: 14.42s, train loss: 1719.1608]
Sun 26 Oct 2025 16:22:26 INFO  epoch 3 training [time: 11.58s, train loss: 1713.1870]
Sun 26 Oct 2025 16:22:27 INFO  epoch 3 evaluating [time: 1.07s, valid_score: 0.013500]
Sun 26 Oct 2025 16:22:27 INFO  valid result: 
recall@3 : 0.0061    recall@5 : 0.0083    recall@10 : 0.0135    recall@20 : 0.0236    ndcg@3 : 0.0044    ndcg@5 : 0.0053    ndcg@10 : 0.007    ndcg@20 : 0.0095    
Sun 26 Oct 2025 16:22:27 INFO  Saving current best: saved/SASRecF-Oct-26-2025_16-21-31.pth
Sun 26 Oct 2025 16:22:42 INFO  epoch 4 training [time: 14.35s, train loss: 1704.9748]
Sun 26 Oct 2025 16:22:53 INFO  epoch 5 training [time: 11.59s, train loss: 1691.9048]
Sun 26 Oct 2025 16:22:54 INFO  epoch 5 evaluating [time: 1.08s, valid_score: 0.016200]
Sun 26 Oct 2025 16:22:54 INFO  valid result: 
recall@3 : 0.0067    recall@5 : 0.0094    recall@10 : 0.0162    recall@20 : 0.027    ndcg@3 : 0.0049    ndcg@5 : 0.006    ndcg@10 : 0.0082    ndcg@20 : 0.0109    
Sun 26 Oct 2025 16:22:54 INFO  Saving current best: saved/SASRecF-Oct-26-2025_16-21-31.pth
Sun 26 Oct 2025 16:23:09 INFO  epoch 6 training [time: 14.40s, train loss: 1666.7157]
Sun 26 Oct 2025 16:23:20 INFO  epoch 7 training [time: 11.56s, train loss: 1641.6424]
Sun 26 Oct 2025 16:23:21 INFO  epoch 7 evaluating [time: 1.06s, valid_score: 0.022400]
Sun 26 Oct 2025 16:23:21 INFO  valid result: 
recall@3 : 0.0087    recall@5 : 0.0135    recall@10 : 0.0224    recall@20 : 0.0373    ndcg@3 : 0.0062    ndcg@5 : 0.0082    ndcg@10 : 0.0111    ndcg@20 : 0.0148    
Sun 26 Oct 2025 16:23:21 INFO  Saving current best: saved/SASRecF-Oct-26-2025_16-21-31.pth
Sun 26 Oct 2025 16:23:36 INFO  epoch 8 training [time: 14.38s, train loss: 1621.4467]
Sun 26 Oct 2025 16:23:50 INFO  epoch 9 training [time: 14.45s, train loss: 1603.1534]
Sun 26 Oct 2025 16:23:48 INFO  epoch 9 evaluating [time: -1.80s, valid_score: 0.026800]
Sun 26 Oct 2025 16:23:48 INFO  valid result: 
recall@3 : 0.0114    recall@5 : 0.0158    recall@10 : 0.0268    recall@20 : 0.0438    ndcg@3 : 0.0085    ndcg@5 : 0.0103    ndcg@10 : 0.0139    ndcg@20 : 0.0182    
Sun 26 Oct 2025 16:23:49 INFO  Saving current best: saved/SASRecF-Oct-26-2025_16-21-31.pth
Sun 26 Oct 2025 16:24:03 INFO  epoch 10 training [time: 14.37s, train loss: 1585.3792]
Sun 26 Oct 2025 16:24:17 INFO  epoch 11 training [time: 14.44s, train loss: 1567.9344]
Sun 26 Oct 2025 16:24:18 INFO  epoch 11 evaluating [time: 1.09s, valid_score: 0.029700]
Sun 26 Oct 2025 16:24:18 INFO  valid result: 
recall@3 : 0.0137    recall@5 : 0.0188    recall@10 : 0.0297    recall@20 : 0.0473    ndcg@3 : 0.0103    ndcg@5 : 0.0124    ndcg@10 : 0.0159    ndcg@20 : 0.0203    
Sun 26 Oct 2025 16:24:19 INFO  Saving current best: saved/SASRecF-Oct-26-2025_16-21-31.pth
Sun 26 Oct 2025 16:24:30 INFO  epoch 12 training [time: 11.61s, train loss: 1550.6165]
Sun 26 Oct 2025 16:24:45 INFO  epoch 13 training [time: 14.43s, train loss: 1533.1877]
Sun 26 Oct 2025 16:24:46 INFO  epoch 13 evaluating [time: 1.10s, valid_score: 0.033300]
Sun 26 Oct 2025 16:24:46 INFO  valid result: 
recall@3 : 0.0161    recall@5 : 0.0218    recall@10 : 0.0333    recall@20 : 0.0526    ndcg@3 : 0.0122    ndcg@5 : 0.0146    ndcg@10 : 0.0183    ndcg@20 : 0.0231    
Sun 26 Oct 2025 16:24:46 INFO  Saving current best: saved/SASRecF-Oct-26-2025_16-21-31.pth
Sun 26 Oct 2025 16:24:57 INFO  epoch 14 training [time: 11.46s, train loss: 1515.8247]
Sun 26 Oct 2025 16:25:12 INFO  epoch 15 training [time: 14.41s, train loss: 1497.8679]
Sun 26 Oct 2025 16:25:13 INFO  epoch 15 evaluating [time: 1.06s, valid_score: 0.036400]
Sun 26 Oct 2025 16:25:13 INFO  valid result: 
recall@3 : 0.0183    recall@5 : 0.0244    recall@10 : 0.0364    recall@20 : 0.0557    ndcg@3 : 0.0143    ndcg@5 : 0.0168    ndcg@10 : 0.0206    ndcg@20 : 0.0255    
Sun 26 Oct 2025 16:25:13 INFO  Saving current best: saved/SASRecF-Oct-26-2025_16-21-31.pth
Sun 26 Oct 2025 16:25:24 INFO  epoch 16 training [time: 11.66s, train loss: 1480.4835]
Sun 26 Oct 2025 16:25:39 INFO  epoch 17 training [time: 14.41s, train loss: 1462.5106]
Sun 26 Oct 2025 16:25:40 INFO  epoch 17 evaluating [time: 1.08s, valid_score: 0.040100]
Sun 26 Oct 2025 16:25:40 INFO  valid result: 
recall@3 : 0.02    recall@5 : 0.0271    recall@10 : 0.0401    recall@20 : 0.06    ndcg@3 : 0.0159    ndcg@5 : 0.0188    ndcg@10 : 0.023    ndcg@20 : 0.0279    
Sun 26 Oct 2025 16:25:40 INFO  Saving current best: saved/SASRecF-Oct-26-2025_16-21-31.pth
Sun 26 Oct 2025 16:25:51 INFO  epoch 18 training [time: 11.51s, train loss: 1444.8143]
Sun 26 Oct 2025 16:26:06 INFO  epoch 19 training [time: 14.36s, train loss: 1426.9103]
Sun 26 Oct 2025 16:26:07 INFO  epoch 19 evaluating [time: 1.07s, valid_score: 0.043500]
Sun 26 Oct 2025 16:26:07 INFO  valid result: 
recall@3 : 0.0228    recall@5 : 0.0299    recall@10 : 0.0435    recall@20 : 0.0638    ndcg@3 : 0.0181    ndcg@5 : 0.0211    ndcg@10 : 0.0254    ndcg@20 : 0.0305    
Sun 26 Oct 2025 16:26:07 INFO  Saving current best: saved/SASRecF-Oct-26-2025_16-21-31.pth
Sun 26 Oct 2025 16:26:19 INFO  epoch 20 training [time: 12.01s, train loss: 1409.1037]
Sun 26 Oct 2025 16:26:35 INFO  epoch 21 training [time: 15.56s, train loss: 1391.5738]
Sun 26 Oct 2025 16:26:36 INFO  epoch 21 evaluating [time: 1.19s, valid_score: 0.045700]
Sun 26 Oct 2025 16:26:36 INFO  valid result: 
recall@3 : 0.0243    recall@5 : 0.0323    recall@10 : 0.0457    recall@20 : 0.0654    ndcg@3 : 0.0194    ndcg@5 : 0.0227    ndcg@10 : 0.027    ndcg@20 : 0.0319    
Sun 26 Oct 2025 16:26:36 INFO  Saving current best: saved/SASRecF-Oct-26-2025_16-21-31.pth
Sun 26 Oct 2025 16:26:48 INFO  epoch 22 training [time: 12.59s, train loss: 1374.3192]
Sun 26 Oct 2025 16:27:04 INFO  epoch 23 training [time: 15.54s, train loss: 1356.8965]
Sun 26 Oct 2025 16:27:05 INFO  epoch 23 evaluating [time: 1.33s, valid_score: 0.047400]
Sun 26 Oct 2025 16:27:05 INFO  valid result: 
recall@3 : 0.0265    recall@5 : 0.0341    recall@10 : 0.0474    recall@20 : 0.0673    ndcg@3 : 0.0212    ndcg@5 : 0.0243    ndcg@10 : 0.0286    ndcg@20 : 0.0336    
Sun 26 Oct 2025 16:27:05 INFO  Saving current best: saved/SASRecF-Oct-26-2025_16-21-31.pth
Sun 26 Oct 2025 16:27:18 INFO  epoch 24 training [time: 12.43s, train loss: 1340.0989]
Sun 26 Oct 2025 16:27:33 INFO  epoch 25 training [time: 14.85s, train loss: 1323.6831]
Sun 26 Oct 2025 16:27:34 INFO  epoch 25 evaluating [time: 1.14s, valid_score: 0.048600]
Sun 26 Oct 2025 16:27:34 INFO  valid result: 
recall@3 : 0.027    recall@5 : 0.0353    recall@10 : 0.0486    recall@20 : 0.0683    ndcg@3 : 0.022    ndcg@5 : 0.0254    ndcg@10 : 0.0297    ndcg@20 : 0.0346    
Sun 26 Oct 2025 16:27:34 INFO  Saving current best: saved/SASRecF-Oct-26-2025_16-21-31.pth
Sun 26 Oct 2025 16:27:47 INFO  epoch 26 training [time: 12.77s, train loss: 1306.8582]
Sun 26 Oct 2025 16:28:02 INFO  epoch 27 training [time: 15.88s, train loss: 1290.4453]
Sun 26 Oct 2025 16:28:04 INFO  epoch 27 evaluating [time: 1.19s, valid_score: 0.050100]
Sun 26 Oct 2025 16:28:04 INFO  valid result: 
recall@3 : 0.0279    recall@5 : 0.0361    recall@10 : 0.0501    recall@20 : 0.0691    ndcg@3 : 0.023    ndcg@5 : 0.0263    ndcg@10 : 0.0308    ndcg@20 : 0.0356    
Sun 26 Oct 2025 16:28:04 INFO  Saving current best: saved/SASRecF-Oct-26-2025_16-21-31.pth
Sun 26 Oct 2025 16:28:17 INFO  epoch 28 training [time: 13.00s, train loss: 1273.8619]
Sun 26 Oct 2025 16:28:33 INFO  epoch 29 training [time: 15.82s, train loss: 1257.6868]
Sun 26 Oct 2025 16:28:34 INFO  epoch 29 evaluating [time: 1.17s, valid_score: 0.050500]
Sun 26 Oct 2025 16:28:34 INFO  valid result: 
recall@3 : 0.0294    recall@5 : 0.0369    recall@10 : 0.0505    recall@20 : 0.0687    ndcg@3 : 0.0239    ndcg@5 : 0.027    ndcg@10 : 0.0314    ndcg@20 : 0.0359    
Sun 26 Oct 2025 16:28:34 INFO  Saving current best: saved/SASRecF-Oct-26-2025_16-21-31.pth
Sun 26 Oct 2025 16:28:47 INFO  epoch 30 training [time: 13.12s, train loss: 1242.1914]
Sun 26 Oct 2025 16:29:03 INFO  epoch 31 training [time: 15.87s, train loss: 1226.2813]
Sun 26 Oct 2025 16:29:04 INFO  epoch 31 evaluating [time: 1.17s, valid_score: 0.050700]
Sun 26 Oct 2025 16:29:04 INFO  valid result: 
recall@3 : 0.0296    recall@5 : 0.0366    recall@10 : 0.0507    recall@20 : 0.069    ndcg@3 : 0.0242    ndcg@5 : 0.0271    ndcg@10 : 0.0316    ndcg@20 : 0.0363    
Sun 26 Oct 2025 16:29:04 INFO  Saving current best: saved/SASRecF-Oct-26-2025_16-21-31.pth
Sun 26 Oct 2025 16:29:17 INFO  epoch 32 training [time: 13.13s, train loss: 1211.2893]
Sun 26 Oct 2025 16:29:33 INFO  epoch 33 training [time: 15.88s, train loss: 1196.2516]
Sun 26 Oct 2025 16:29:34 INFO  epoch 33 evaluating [time: 1.15s, valid_score: 0.050900]
Sun 26 Oct 2025 16:29:34 INFO  valid result: 
recall@3 : 0.03    recall@5 : 0.0372    recall@10 : 0.0509    recall@20 : 0.0699    ndcg@3 : 0.0245    ndcg@5 : 0.0275    ndcg@10 : 0.0319    ndcg@20 : 0.0367    
Sun 26 Oct 2025 16:29:34 INFO  Saving current best: saved/SASRecF-Oct-26-2025_16-21-31.pth
Sun 26 Oct 2025 16:29:47 INFO  epoch 34 training [time: 12.71s, train loss: 1181.1265]
Sun 26 Oct 2025 16:30:03 INFO  epoch 35 training [time: 15.64s, train loss: 1165.9009]
Sun 26 Oct 2025 16:30:04 INFO  epoch 35 evaluating [time: 1.16s, valid_score: 0.051100]
Sun 26 Oct 2025 16:30:04 INFO  valid result: 
recall@3 : 0.0304    recall@5 : 0.0377    recall@10 : 0.0511    recall@20 : 0.0696    ndcg@3 : 0.025    ndcg@5 : 0.028    ndcg@10 : 0.0323    ndcg@20 : 0.037    
Sun 26 Oct 2025 16:30:04 INFO  Saving current best: saved/SASRecF-Oct-26-2025_16-21-31.pth
Sun 26 Oct 2025 16:30:17 INFO  epoch 36 training [time: 13.19s, train loss: 1151.6507]
Sun 26 Oct 2025 16:30:33 INFO  epoch 37 training [time: 15.94s, train loss: 1136.8911]
Sun 26 Oct 2025 16:30:34 INFO  epoch 37 evaluating [time: 1.19s, valid_score: 0.050800]
Sun 26 Oct 2025 16:30:34 INFO  valid result: 
recall@3 : 0.0306    recall@5 : 0.0375    recall@10 : 0.0508    recall@20 : 0.0703    ndcg@3 : 0.0252    ndcg@5 : 0.028    ndcg@10 : 0.0323    ndcg@20 : 0.0372    
Sun 26 Oct 2025 16:30:47 INFO  epoch 38 training [time: 12.92s, train loss: 1123.8006]
Sun 26 Oct 2025 16:31:03 INFO  epoch 39 training [time: 15.88s, train loss: 1108.8760]
Sun 26 Oct 2025 16:31:04 INFO  epoch 39 evaluating [time: 1.20s, valid_score: 0.050700]
Sun 26 Oct 2025 16:31:04 INFO  valid result: 
recall@3 : 0.0306    recall@5 : 0.0374    recall@10 : 0.0507    recall@20 : 0.069    ndcg@3 : 0.0252    ndcg@5 : 0.028    ndcg@10 : 0.0322    ndcg@20 : 0.0368    
Sun 26 Oct 2025 16:31:17 INFO  epoch 40 training [time: 12.98s, train loss: 1095.1977]
Sun 26 Oct 2025 16:31:33 INFO  epoch 41 training [time: 15.88s, train loss: 1082.1609]
Sun 26 Oct 2025 16:31:34 INFO  epoch 41 evaluating [time: 1.16s, valid_score: 0.050100]
Sun 26 Oct 2025 16:31:34 INFO  valid result: 
recall@3 : 0.0307    recall@5 : 0.0374    recall@10 : 0.0501    recall@20 : 0.0683    ndcg@3 : 0.0254    ndcg@5 : 0.0281    ndcg@10 : 0.0322    ndcg@20 : 0.0368    
Sun 26 Oct 2025 16:31:47 INFO  epoch 42 training [time: 12.99s, train loss: 1068.7543]
Sun 26 Oct 2025 16:32:03 INFO  epoch 43 training [time: 15.92s, train loss: 1055.9006]
Sun 26 Oct 2025 16:32:04 INFO  epoch 43 evaluating [time: 1.16s, valid_score: 0.049600]
Sun 26 Oct 2025 16:32:04 INFO  valid result: 
recall@3 : 0.0303    recall@5 : 0.0374    recall@10 : 0.0496    recall@20 : 0.0683    ndcg@3 : 0.0251    ndcg@5 : 0.028    ndcg@10 : 0.032    ndcg@20 : 0.0367    
Sun 26 Oct 2025 16:32:17 INFO  epoch 44 training [time: 13.02s, train loss: 1042.9254]
Sun 26 Oct 2025 16:32:33 INFO  epoch 45 training [time: 15.84s, train loss: 1031.0742]
Sun 26 Oct 2025 16:32:34 INFO  epoch 45 evaluating [time: 1.13s, valid_score: 0.049800]
Sun 26 Oct 2025 16:32:34 INFO  valid result: 
recall@3 : 0.0304    recall@5 : 0.0374    recall@10 : 0.0498    recall@20 : 0.0677    ndcg@3 : 0.0249    ndcg@5 : 0.0278    ndcg@10 : 0.0318    ndcg@20 : 0.0363    
Sun 26 Oct 2025 16:32:47 INFO  epoch 46 training [time: 13.01s, train loss: 1018.5674]
Sun 26 Oct 2025 16:33:03 INFO  epoch 47 training [time: 15.84s, train loss: 1006.5727]
Sun 26 Oct 2025 16:33:04 INFO  epoch 47 evaluating [time: 1.17s, valid_score: 0.049700]
Sun 26 Oct 2025 16:33:04 INFO  valid result: 
recall@3 : 0.0305    recall@5 : 0.0376    recall@10 : 0.0497    recall@20 : 0.0673    ndcg@3 : 0.0251    ndcg@5 : 0.028    ndcg@10 : 0.0319    ndcg@20 : 0.0363    
Sun 26 Oct 2025 16:33:17 INFO  epoch 48 training [time: 12.96s, train loss: 994.9311]
Sun 26 Oct 2025 16:33:33 INFO  epoch 49 training [time: 15.93s, train loss: 983.0703]
Sun 26 Oct 2025 16:33:34 INFO  epoch 49 evaluating [time: 1.17s, valid_score: 0.049200]
Sun 26 Oct 2025 16:33:34 INFO  valid result: 
recall@3 : 0.0303    recall@5 : 0.0375    recall@10 : 0.0492    recall@20 : 0.0658    ndcg@3 : 0.025    ndcg@5 : 0.028    ndcg@10 : 0.0317    ndcg@20 : 0.0359    
Sun 26 Oct 2025 16:33:47 INFO  epoch 50 training [time: 12.97s, train loss: 971.2721]
Sun 26 Oct 2025 16:34:03 INFO  epoch 51 training [time: 15.91s, train loss: 960.6894]
Sun 26 Oct 2025 16:34:04 INFO  epoch 51 evaluating [time: 1.18s, valid_score: 0.049600]
Sun 26 Oct 2025 16:34:04 INFO  valid result: 
recall@3 : 0.0302    recall@5 : 0.0375    recall@10 : 0.0496    recall@20 : 0.066    ndcg@3 : 0.0249    ndcg@5 : 0.0279    ndcg@10 : 0.0318    ndcg@20 : 0.0359    
Sun 26 Oct 2025 16:34:17 INFO  epoch 52 training [time: 12.76s, train loss: 950.0045]
Sun 26 Oct 2025 16:34:33 INFO  epoch 53 training [time: 15.69s, train loss: 939.4857]
Sun 26 Oct 2025 16:34:34 INFO  epoch 53 evaluating [time: 1.16s, valid_score: 0.049100]
Sun 26 Oct 2025 16:34:34 INFO  valid result: 
recall@3 : 0.0297    recall@5 : 0.0372    recall@10 : 0.0491    recall@20 : 0.0654    ndcg@3 : 0.0244    ndcg@5 : 0.0275    ndcg@10 : 0.0313    ndcg@20 : 0.0354    
Sun 26 Oct 2025 16:34:47 INFO  epoch 54 training [time: 13.00s, train loss: 929.2865]
Sun 26 Oct 2025 16:35:03 INFO  epoch 55 training [time: 15.91s, train loss: 918.4241]
Sun 26 Oct 2025 16:35:04 INFO  epoch 55 evaluating [time: 1.23s, valid_score: 0.048500]
Sun 26 Oct 2025 16:35:04 INFO  valid result: 
recall@3 : 0.0295    recall@5 : 0.0372    recall@10 : 0.0485    recall@20 : 0.0648    ndcg@3 : 0.0243    ndcg@5 : 0.0275    ndcg@10 : 0.0311    ndcg@20 : 0.0352    
Sun 26 Oct 2025 16:35:17 INFO  epoch 56 training [time: 12.85s, train loss: 908.9210]
Sun 26 Oct 2025 16:35:33 INFO  epoch 57 training [time: 15.89s, train loss: 898.2208]
Sun 26 Oct 2025 16:35:34 INFO  epoch 57 evaluating [time: 1.22s, valid_score: 0.048400]
Sun 26 Oct 2025 16:35:34 INFO  valid result: 
recall@3 : 0.0294    recall@5 : 0.0369    recall@10 : 0.0484    recall@20 : 0.0645    ndcg@3 : 0.0241    ndcg@5 : 0.0272    ndcg@10 : 0.0309    ndcg@20 : 0.0349    
Sun 26 Oct 2025 16:35:34 INFO  Finished training, best eval result in epoch 35
Sun 26 Oct 2025 16:35:34 INFO  Loading model structure and parameters from saved/SASRecF-Oct-26-2025_16-21-31.pth
Sun 26 Oct 2025 16:35:35 INFO  best valid : {'recall@3': np.float64(0.0304), 'recall@5': np.float64(0.0377), 'recall@10': np.float64(0.0511), 'recall@20': np.float64(0.0696), 'ndcg@3': np.float64(0.025), 'ndcg@5': np.float64(0.028), 'ndcg@10': np.float64(0.0323), 'ndcg@20': np.float64(0.037)}
Sun 26 Oct 2025 16:35:35 INFO  test result: {'recall@3': np.float64(0.0221), 'recall@5': np.float64(0.0285), 'recall@10': np.float64(0.0394), 'recall@20': np.float64(0.0553), 'ndcg@3': np.float64(0.0182), 'ndcg@5': np.float64(0.0208), 'ndcg@10': np.float64(0.0243), 'ndcg@20': np.float64(0.0283)}
