Fri 24 Oct 2025 18:52:49 INFO  
General Hyper Parameters:
gpu_id = 0
use_gpu = True
seed = 212
state = INFO
reproducibility = True
data_path = ./recbole/data/dataset/Amazon_Sports_and_Outdoors
show_progress = True
save_dataset = False
save_dataloaders = False
benchmark_filename = None

Training Hyper Parameters:
checkpoint_dir = saved
epochs = 200
train_batch_size = 1024
learner = adam
learning_rate = 0.0001
eval_step = 2
stopping_step = 10
clip_grad_norm = None
weight_decay = 0.0
loss_decimal_place = 4

Evaluation Hyper Parameters:
eval_args = {'split': {'LS': 'valid_and_test'}, 'group_by': 'user', 'order': 'TO', 'mode': 'full'}
metrics = ['Recall', 'NDCG']
topk = [3, 5, 10, 20]
valid_metric = Recall@10
valid_metric_bigger = True
eval_batch_size = 256
metric_decimal_place = 4

Dataset Hyper Parameters:
field_separator = 	
seq_separator =  
USER_ID_FIELD = user_id
ITEM_ID_FIELD = item_id
RATING_FIELD = rating
TIME_FIELD = timestamp
seq_len = None
LABEL_FIELD = label
threshold = None
NEG_PREFIX = neg_
load_col = {'inter': ['user_id', 'item_id', 'rating', 'timestamp'], 'item': ['item_id', 'title', 'sales_rank', 'price', 'brand', 'categories', 'sales_type'], 'title': ['ent_id', 'ent_emb']}
unload_col = None
unused_col = None
additional_feat_suffix = ['title']
rm_dup_inter = None
val_interval = None
filter_inter_by_user_or_item = True
user_inter_num_interval = [5,inf)
item_inter_num_interval = [5,inf)
alias_of_user_id = None
alias_of_item_id = ['ent_id']
alias_of_entity_id = None
alias_of_relation_id = None
preload_weight = {'ent_id': 'ent_emb'}
normalize_field = None
normalize_all = None
ITEM_LIST_LENGTH_FIELD = item_length
LIST_SUFFIX = _list
MAX_ITEM_LIST_LENGTH = 50
POSITION_FIELD = position_id
HEAD_ENTITY_ID_FIELD = head_id
TAIL_ENTITY_ID_FIELD = tail_id
RELATION_ID_FIELD = relation_id
ENTITY_ID_FIELD = entity_id

Other Hyper Parameters: 
neg_sampling = None
multi_gpus = False
repeatable = True
n_layers = 3
n_heads = 8
hidden_size = 256
inner_size = 256
hidden_dropout_prob = 0.5
attn_dropout_prob = 0.3
hidden_act = gelu
layer_norm_eps = 1e-12
initializer_range = 0.02
selected_features = ['categories']
pooling_mode = sum
loss_type = CE
MODEL_TYPE = ModelType.SEQUENTIAL
attribute_hidden_size = [64]
feature_type = ['categorical']
weight_sharing = not
fusion_type = gate
lamdas = [5]
attribute_predictor = ['linear']
wandb_run_name = titles_with_side_task
annealing = False
MODEL_INPUT_TYPE = InputType.POINTWISE
eval_type = EvaluatorType.RANKING
device = cuda
train_neg_sample_args = {'strategy': 'none'}
eval_neg_sample_args = {'strategy': 'full', 'distribution': 'uniform'}


Fri 24 Oct 2025 18:52:50 INFO  Amazon_Sports_and_Outdoors
The number of users: 35599
Average actions of users: 8.324540704533963
The number of items: 18358
Average actions of items: 16.142997221768262
The number of inters: 296337
The sparsity of the dataset: 99.95465569853714%
Remain Fields: ['user_id', 'item_id', 'rating', 'timestamp', 'title', 'price', 'brand', 'categories', 'sales_type', 'sales_rank', 'ent_id', 'ent_emb']
Fri 24 Oct 2025 18:52:53 INFO  [Training]: train_batch_size = [1024] negative sampling: [None]
Fri 24 Oct 2025 18:52:53 INFO  [Evaluation]: eval_batch_size = [256] eval_args: [{'split': {'LS': 'valid_and_test'}, 'group_by': 'user', 'order': 'TO', 'mode': 'full'}]
Fri 24 Oct 2025 18:52:54 INFO  SASRecF(
  (item_embedding): Embedding(18358, 256, padding_idx=0)
  (position_embedding): Embedding(50, 256)
  (feature_embed_layer_list): ModuleList(
    (0): FeatureSeqEmbLayer()
  )
  (trm_encoder): TransformerEncoder(
    (layer): ModuleList(
      (0-2): 3 x TransformerLayer(
        (multi_head_attention): MultiHeadAttention(
          (query): Linear(in_features=256, out_features=256, bias=True)
          (key): Linear(in_features=256, out_features=256, bias=True)
          (value): Linear(in_features=256, out_features=256, bias=True)
          (attn_dropout): Dropout(p=0.3, inplace=False)
          (dense): Linear(in_features=256, out_features=256, bias=True)
          (LayerNorm): LayerNorm((256,), eps=1e-12, elementwise_affine=True)
          (out_dropout): Dropout(p=0.5, inplace=False)
        )
        (feed_forward): FeedForward(
          (dense_1): Linear(in_features=256, out_features=256, bias=True)
          (dense_2): Linear(in_features=256, out_features=256, bias=True)
          (LayerNorm): LayerNorm((256,), eps=1e-12, elementwise_affine=True)
          (dropout): Dropout(p=0.5, inplace=False)
        )
      )
    )
  )
  (concat_layer): Linear(in_features=320, out_features=256, bias=True)
  (LayerNorm): LayerNorm((256,), eps=1e-12, elementwise_affine=True)
  (dropout): Dropout(p=0.5, inplace=False)
  (loss_fct): CrossEntropyLoss()
)
Trainable parameters: 5982464
Fri 24 Oct 2025 18:53:12 INFO  epoch 0 training [time: 17.38s, train loss: 1770.0021]
Fri 24 Oct 2025 18:53:30 INFO  epoch 1 training [time: 18.22s, train loss: 1716.7825]
Fri 24 Oct 2025 18:53:30 INFO  epoch 1 evaluating [time: -0.07s, valid_score: 0.019700]
Fri 24 Oct 2025 18:53:30 INFO  valid result: 
recall@3 : 0.0081    recall@5 : 0.0108    recall@10 : 0.0197    recall@20 : 0.0328    ndcg@3 : 0.0061    ndcg@5 : 0.0072    ndcg@10 : 0.01    ndcg@20 : 0.0133    
Fri 24 Oct 2025 18:53:32 INFO  Saving current best: saved/SASRecF-Oct-24-2025_18-52-54.pth
Fri 24 Oct 2025 18:53:50 INFO  epoch 2 training [time: 18.75s, train loss: 1684.9199]
Fri 24 Oct 2025 18:54:08 INFO  epoch 3 training [time: 17.53s, train loss: 1654.6465]
Fri 24 Oct 2025 18:54:09 INFO  epoch 3 evaluating [time: 1.33s, valid_score: 0.024300]
Fri 24 Oct 2025 18:54:09 INFO  valid result: 
recall@3 : 0.0094    recall@5 : 0.0137    recall@10 : 0.0243    recall@20 : 0.0418    ndcg@3 : 0.007    ndcg@5 : 0.0087    ndcg@10 : 0.0121    ndcg@20 : 0.0165    
Fri 24 Oct 2025 18:54:10 INFO  Saving current best: saved/SASRecF-Oct-24-2025_18-52-54.pth
Fri 24 Oct 2025 18:54:29 INFO  epoch 4 training [time: 18.61s, train loss: 1633.4204]
Fri 24 Oct 2025 18:54:46 INFO  epoch 5 training [time: 16.81s, train loss: 1616.6209]
Fri 24 Oct 2025 18:54:47 INFO  epoch 5 evaluating [time: 1.31s, valid_score: 0.028500]
Fri 24 Oct 2025 18:54:47 INFO  valid result: 
recall@3 : 0.0111    recall@5 : 0.0178    recall@10 : 0.0285    recall@20 : 0.0481    ndcg@3 : 0.0081    ndcg@5 : 0.0108    ndcg@10 : 0.0143    ndcg@20 : 0.0192    
Fri 24 Oct 2025 18:54:48 INFO  Saving current best: saved/SASRecF-Oct-24-2025_18-52-54.pth
Fri 24 Oct 2025 18:55:05 INFO  epoch 6 training [time: 17.16s, train loss: 1602.3343]
Fri 24 Oct 2025 18:55:24 INFO  epoch 7 training [time: 19.29s, train loss: 1589.0379]
Fri 24 Oct 2025 18:55:26 INFO  epoch 7 evaluating [time: 1.34s, valid_score: 0.031300]
Fri 24 Oct 2025 18:55:26 INFO  valid result: 
recall@3 : 0.0125    recall@5 : 0.0188    recall@10 : 0.0313    recall@20 : 0.0518    ndcg@3 : 0.0092    ndcg@5 : 0.0118    ndcg@10 : 0.0158    ndcg@20 : 0.021    
Fri 24 Oct 2025 18:55:27 INFO  Saving current best: saved/SASRecF-Oct-24-2025_18-52-54.pth
Fri 24 Oct 2025 18:55:44 INFO  epoch 8 training [time: 17.11s, train loss: 1576.9614]
Fri 24 Oct 2025 18:56:03 INFO  epoch 9 training [time: 18.66s, train loss: 1565.5754]
Fri 24 Oct 2025 18:56:04 INFO  epoch 9 evaluating [time: 1.32s, valid_score: 0.035400]
Fri 24 Oct 2025 18:56:04 INFO  valid result: 
recall@3 : 0.014    recall@5 : 0.0214    recall@10 : 0.0354    recall@20 : 0.0554    ndcg@3 : 0.0103    ndcg@5 : 0.0133    ndcg@10 : 0.0178    ndcg@20 : 0.0229    
Fri 24 Oct 2025 18:56:05 INFO  Saving current best: saved/SASRecF-Oct-24-2025_18-52-54.pth
Fri 24 Oct 2025 18:56:22 INFO  epoch 10 training [time: 17.02s, train loss: 1554.2680]
Fri 24 Oct 2025 18:56:39 INFO  epoch 11 training [time: 17.28s, train loss: 1543.5839]
Fri 24 Oct 2025 18:56:41 INFO  epoch 11 evaluating [time: 1.33s, valid_score: 0.037900]
Fri 24 Oct 2025 18:56:41 INFO  valid result: 
recall@3 : 0.0157    recall@5 : 0.0234    recall@10 : 0.0379    recall@20 : 0.0595    ndcg@3 : 0.0114    ndcg@5 : 0.0145    ndcg@10 : 0.0192    ndcg@20 : 0.0246    
Fri 24 Oct 2025 18:56:42 INFO  Saving current best: saved/SASRecF-Oct-24-2025_18-52-54.pth
Fri 24 Oct 2025 18:57:01 INFO  epoch 12 training [time: 19.16s, train loss: 1532.5827]
Fri 24 Oct 2025 18:57:19 INFO  epoch 13 training [time: 18.08s, train loss: 1521.8530]
Fri 24 Oct 2025 18:57:20 INFO  epoch 13 evaluating [time: 1.35s, valid_score: 0.040800]
Fri 24 Oct 2025 18:57:20 INFO  valid result: 
recall@3 : 0.0169    recall@5 : 0.025    recall@10 : 0.0408    recall@20 : 0.0637    ndcg@3 : 0.0124    ndcg@5 : 0.0158    ndcg@10 : 0.0209    ndcg@20 : 0.0266    
Fri 24 Oct 2025 18:57:21 INFO  Saving current best: saved/SASRecF-Oct-24-2025_18-52-54.pth
Fri 24 Oct 2025 18:57:39 INFO  epoch 14 training [time: 18.15s, train loss: 1511.6700]
Fri 24 Oct 2025 18:57:58 INFO  epoch 15 training [time: 18.87s, train loss: 1501.5436]
Fri 24 Oct 2025 18:58:00 INFO  epoch 15 evaluating [time: 1.38s, valid_score: 0.043600]
Fri 24 Oct 2025 18:58:00 INFO  valid result: 
recall@3 : 0.0184    recall@5 : 0.0276    recall@10 : 0.0436    recall@20 : 0.068    ndcg@3 : 0.0138    ndcg@5 : 0.0176    ndcg@10 : 0.0227    ndcg@20 : 0.0289    
Fri 24 Oct 2025 18:58:01 INFO  Saving current best: saved/SASRecF-Oct-24-2025_18-52-54.pth
Fri 24 Oct 2025 18:58:18 INFO  epoch 16 training [time: 17.11s, train loss: 1491.5582]
Fri 24 Oct 2025 18:58:37 INFO  epoch 17 training [time: 19.16s, train loss: 1481.8716]
Fri 24 Oct 2025 18:58:38 INFO  epoch 17 evaluating [time: 1.33s, valid_score: 0.045800]
Fri 24 Oct 2025 18:58:38 INFO  valid result: 
recall@3 : 0.02    recall@5 : 0.0293    recall@10 : 0.0458    recall@20 : 0.0705    ndcg@3 : 0.0149    ndcg@5 : 0.0187    ndcg@10 : 0.024    ndcg@20 : 0.0302    
Fri 24 Oct 2025 18:58:39 INFO  Saving current best: saved/SASRecF-Oct-24-2025_18-52-54.pth
Fri 24 Oct 2025 18:58:58 INFO  epoch 18 training [time: 18.16s, train loss: 1471.9035]
Fri 24 Oct 2025 18:59:15 INFO  epoch 19 training [time: 17.80s, train loss: 1462.3256]
Fri 24 Oct 2025 18:59:17 INFO  epoch 19 evaluating [time: 1.37s, valid_score: 0.047600]
Fri 24 Oct 2025 18:59:17 INFO  valid result: 
recall@3 : 0.0212    recall@5 : 0.0304    recall@10 : 0.0476    recall@20 : 0.073    ndcg@3 : 0.0158    ndcg@5 : 0.0196    ndcg@10 : 0.0251    ndcg@20 : 0.0315    
Fri 24 Oct 2025 18:59:18 INFO  Saving current best: saved/SASRecF-Oct-24-2025_18-52-54.pth
Fri 24 Oct 2025 18:59:36 INFO  epoch 20 training [time: 18.12s, train loss: 1453.0988]
Fri 24 Oct 2025 18:59:53 INFO  epoch 21 training [time: 16.58s, train loss: 1443.8595]
Fri 24 Oct 2025 18:59:54 INFO  epoch 21 evaluating [time: 1.34s, valid_score: 0.049500]
Fri 24 Oct 2025 18:59:54 INFO  valid result: 
recall@3 : 0.0222    recall@5 : 0.0317    recall@10 : 0.0495    recall@20 : 0.0758    ndcg@3 : 0.0166    ndcg@5 : 0.0205    ndcg@10 : 0.0262    ndcg@20 : 0.0328    
Fri 24 Oct 2025 18:59:55 INFO  Saving current best: saved/SASRecF-Oct-24-2025_18-52-54.pth
Fri 24 Oct 2025 19:00:12 INFO  epoch 22 training [time: 17.54s, train loss: 1434.9936]
Fri 24 Oct 2025 19:00:31 INFO  epoch 23 training [time: 18.58s, train loss: 1426.2101]
Fri 24 Oct 2025 19:00:32 INFO  epoch 23 evaluating [time: 1.28s, valid_score: 0.050700]
Fri 24 Oct 2025 19:00:32 INFO  valid result: 
recall@3 : 0.0232    recall@5 : 0.0329    recall@10 : 0.0507    recall@20 : 0.0768    ndcg@3 : 0.0176    ndcg@5 : 0.0215    ndcg@10 : 0.0272    ndcg@20 : 0.0338    
Fri 24 Oct 2025 19:00:34 INFO  Saving current best: saved/SASRecF-Oct-24-2025_18-52-54.pth
Fri 24 Oct 2025 19:00:51 INFO  epoch 24 training [time: 17.25s, train loss: 1416.9920]
Fri 24 Oct 2025 19:01:09 INFO  epoch 25 training [time: 18.67s, train loss: 1408.3081]
Fri 24 Oct 2025 19:01:11 INFO  epoch 25 evaluating [time: 1.35s, valid_score: 0.052300]
Fri 24 Oct 2025 19:01:11 INFO  valid result: 
recall@3 : 0.0234    recall@5 : 0.0333    recall@10 : 0.0523    recall@20 : 0.0779    ndcg@3 : 0.0178    ndcg@5 : 0.0219    ndcg@10 : 0.028    ndcg@20 : 0.0345    
Fri 24 Oct 2025 19:01:12 INFO  Saving current best: saved/SASRecF-Oct-24-2025_18-52-54.pth
Fri 24 Oct 2025 19:01:29 INFO  epoch 26 training [time: 17.44s, train loss: 1399.9623]
Fri 24 Oct 2025 19:01:46 INFO  epoch 27 training [time: 17.20s, train loss: 1391.7337]
Fri 24 Oct 2025 19:01:48 INFO  epoch 27 evaluating [time: 1.37s, valid_score: 0.052700]
Fri 24 Oct 2025 19:01:48 INFO  valid result: 
recall@3 : 0.0247    recall@5 : 0.0337    recall@10 : 0.0527    recall@20 : 0.0779    ndcg@3 : 0.019    ndcg@5 : 0.0227    ndcg@10 : 0.0288    ndcg@20 : 0.0352    
Fri 24 Oct 2025 19:01:49 INFO  Saving current best: saved/SASRecF-Oct-24-2025_18-52-54.pth
Fri 24 Oct 2025 19:02:08 INFO  epoch 28 training [time: 19.11s, train loss: 1383.2951]
Fri 24 Oct 2025 19:02:26 INFO  epoch 29 training [time: 17.64s, train loss: 1375.1817]
Fri 24 Oct 2025 19:02:27 INFO  epoch 29 evaluating [time: 1.35s, valid_score: 0.054300]
Fri 24 Oct 2025 19:02:27 INFO  valid result: 
recall@3 : 0.025    recall@5 : 0.0353    recall@10 : 0.0543    recall@20 : 0.0796    ndcg@3 : 0.019    ndcg@5 : 0.0233    ndcg@10 : 0.0294    ndcg@20 : 0.0357    
Fri 24 Oct 2025 19:02:28 INFO  Saving current best: saved/SASRecF-Oct-24-2025_18-52-54.pth
Fri 24 Oct 2025 19:02:45 INFO  epoch 30 training [time: 17.02s, train loss: 1366.8678]
Fri 24 Oct 2025 19:03:03 INFO  epoch 31 training [time: 18.21s, train loss: 1358.8855]
Fri 24 Oct 2025 19:03:05 INFO  epoch 31 evaluating [time: 1.36s, valid_score: 0.054100]
Fri 24 Oct 2025 19:03:05 INFO  valid result: 
recall@3 : 0.0262    recall@5 : 0.036    recall@10 : 0.0541    recall@20 : 0.0806    ndcg@3 : 0.0198    ndcg@5 : 0.0238    ndcg@10 : 0.0296    ndcg@20 : 0.0362    
Fri 24 Oct 2025 19:03:23 INFO  epoch 32 training [time: 17.79s, train loss: 1350.9770]
Fri 24 Oct 2025 19:03:42 INFO  epoch 33 training [time: 19.50s, train loss: 1343.5005]
Fri 24 Oct 2025 19:03:43 INFO  epoch 33 evaluating [time: 1.29s, valid_score: 0.054800]
Fri 24 Oct 2025 19:03:43 INFO  valid result: 
recall@3 : 0.0263    recall@5 : 0.0361    recall@10 : 0.0548    recall@20 : 0.0801    ndcg@3 : 0.0199    ndcg@5 : 0.0239    ndcg@10 : 0.0299    ndcg@20 : 0.0363    
Fri 24 Oct 2025 19:03:45 INFO  Saving current best: saved/SASRecF-Oct-24-2025_18-52-54.pth
Fri 24 Oct 2025 19:04:02 INFO  epoch 34 training [time: 17.16s, train loss: 1335.4651]
Fri 24 Oct 2025 19:04:19 INFO  epoch 35 training [time: 17.07s, train loss: 1328.2223]
Fri 24 Oct 2025 19:04:20 INFO  epoch 35 evaluating [time: 1.30s, valid_score: 0.054200]
Fri 24 Oct 2025 19:04:20 INFO  valid result: 
recall@3 : 0.0259    recall@5 : 0.0362    recall@10 : 0.0542    recall@20 : 0.0805    ndcg@3 : 0.0196    ndcg@5 : 0.0239    ndcg@10 : 0.0297    ndcg@20 : 0.0363    
Fri 24 Oct 2025 19:04:39 INFO  epoch 36 training [time: 18.45s, train loss: 1320.7301]
Fri 24 Oct 2025 19:04:56 INFO  epoch 37 training [time: 17.12s, train loss: 1312.9987]
Fri 24 Oct 2025 19:04:57 INFO  epoch 37 evaluating [time: 1.32s, valid_score: 0.053800]
Fri 24 Oct 2025 19:04:57 INFO  valid result: 
recall@3 : 0.0265    recall@5 : 0.0362    recall@10 : 0.0538    recall@20 : 0.0801    ndcg@3 : 0.0201    ndcg@5 : 0.0241    ndcg@10 : 0.0298    ndcg@20 : 0.0364    
Fri 24 Oct 2025 19:05:15 INFO  epoch 38 training [time: 18.36s, train loss: 1305.3680]
Fri 24 Oct 2025 19:05:32 INFO  epoch 39 training [time: 17.13s, train loss: 1297.9467]
Fri 24 Oct 2025 19:05:34 INFO  epoch 39 evaluating [time: 1.27s, valid_score: 0.054900]
Fri 24 Oct 2025 19:05:34 INFO  valid result: 
recall@3 : 0.0262    recall@5 : 0.0364    recall@10 : 0.0549    recall@20 : 0.081    ndcg@3 : 0.0202    ndcg@5 : 0.0244    ndcg@10 : 0.0303    ndcg@20 : 0.0369    
Fri 24 Oct 2025 19:05:35 INFO  Saving current best: saved/SASRecF-Oct-24-2025_18-52-54.pth
Fri 24 Oct 2025 19:05:52 INFO  epoch 40 training [time: 16.81s, train loss: 1291.7142]
Fri 24 Oct 2025 19:06:10 INFO  epoch 41 training [time: 18.80s, train loss: 1284.4482]
Fri 24 Oct 2025 19:06:12 INFO  epoch 41 evaluating [time: 1.36s, valid_score: 0.053600]
Fri 24 Oct 2025 19:06:12 INFO  valid result: 
recall@3 : 0.0265    recall@5 : 0.036    recall@10 : 0.0536    recall@20 : 0.0807    ndcg@3 : 0.0202    ndcg@5 : 0.0241    ndcg@10 : 0.0298    ndcg@20 : 0.0366    
Fri 24 Oct 2025 19:06:29 INFO  epoch 42 training [time: 17.45s, train loss: 1277.5033]
Fri 24 Oct 2025 19:06:48 INFO  epoch 43 training [time: 19.20s, train loss: 1270.6368]
Fri 24 Oct 2025 19:06:50 INFO  epoch 43 evaluating [time: 1.26s, valid_score: 0.053600]
Fri 24 Oct 2025 19:06:50 INFO  valid result: 
recall@3 : 0.0259    recall@5 : 0.0353    recall@10 : 0.0536    recall@20 : 0.0808    ndcg@3 : 0.02    ndcg@5 : 0.0239    ndcg@10 : 0.0298    ndcg@20 : 0.0366    
Fri 24 Oct 2025 19:07:07 INFO  epoch 44 training [time: 17.07s, train loss: 1264.0700]
Fri 24 Oct 2025 19:07:24 INFO  epoch 45 training [time: 17.00s, train loss: 1257.1946]
Fri 24 Oct 2025 19:07:25 INFO  epoch 45 evaluating [time: 1.32s, valid_score: 0.053100]
Fri 24 Oct 2025 19:07:25 INFO  valid result: 
recall@3 : 0.0256    recall@5 : 0.035    recall@10 : 0.0531    recall@20 : 0.078    ndcg@3 : 0.0199    ndcg@5 : 0.0238    ndcg@10 : 0.0296    ndcg@20 : 0.0359    
Fri 24 Oct 2025 19:07:44 INFO  epoch 46 training [time: 18.80s, train loss: 1250.5514]
Fri 24 Oct 2025 19:08:02 INFO  epoch 47 training [time: 17.84s, train loss: 1243.8849]
Fri 24 Oct 2025 19:08:03 INFO  epoch 47 evaluating [time: 1.29s, valid_score: 0.053100]
Fri 24 Oct 2025 19:08:03 INFO  valid result: 
recall@3 : 0.0258    recall@5 : 0.035    recall@10 : 0.0531    recall@20 : 0.0796    ndcg@3 : 0.0202    ndcg@5 : 0.024    ndcg@10 : 0.0298    ndcg@20 : 0.0365    
Fri 24 Oct 2025 19:08:22 INFO  epoch 48 training [time: 19.51s, train loss: 1237.3851]
Fri 24 Oct 2025 19:08:40 INFO  epoch 49 training [time: 17.86s, train loss: 1230.4795]
Fri 24 Oct 2025 19:08:42 INFO  epoch 49 evaluating [time: 1.33s, valid_score: 0.051900]
Fri 24 Oct 2025 19:08:42 INFO  valid result: 
recall@3 : 0.0257    recall@5 : 0.0343    recall@10 : 0.0519    recall@20 : 0.0768    ndcg@3 : 0.0202    ndcg@5 : 0.0237    ndcg@10 : 0.0294    ndcg@20 : 0.0357    
Fri 24 Oct 2025 19:08:59 INFO  epoch 50 training [time: 17.76s, train loss: 1224.2899]
Fri 24 Oct 2025 19:09:18 INFO  epoch 51 training [time: 18.59s, train loss: 1217.6090]
Fri 24 Oct 2025 19:09:19 INFO  epoch 51 evaluating [time: 1.31s, valid_score: 0.052800]
Fri 24 Oct 2025 19:09:19 INFO  valid result: 
recall@3 : 0.0257    recall@5 : 0.0348    recall@10 : 0.0528    recall@20 : 0.0771    ndcg@3 : 0.0203    ndcg@5 : 0.0241    ndcg@10 : 0.0298    ndcg@20 : 0.036    
Fri 24 Oct 2025 19:09:36 INFO  epoch 52 training [time: 16.71s, train loss: 1211.5949]
Fri 24 Oct 2025 19:09:54 INFO  epoch 53 training [time: 18.17s, train loss: 1205.2038]
Fri 24 Oct 2025 19:09:55 INFO  epoch 53 evaluating [time: 1.23s, valid_score: 0.052100]
Fri 24 Oct 2025 19:09:55 INFO  valid result: 
recall@3 : 0.0255    recall@5 : 0.0342    recall@10 : 0.0521    recall@20 : 0.0765    ndcg@3 : 0.0201    ndcg@5 : 0.0237    ndcg@10 : 0.0294    ndcg@20 : 0.0355    
Fri 24 Oct 2025 19:10:12 INFO  epoch 54 training [time: 16.43s, train loss: 1198.6728]
Fri 24 Oct 2025 19:10:29 INFO  epoch 55 training [time: 17.12s, train loss: 1193.0656]
Fri 24 Oct 2025 19:10:30 INFO  epoch 55 evaluating [time: 1.36s, valid_score: 0.051200]
Fri 24 Oct 2025 19:10:30 INFO  valid result: 
recall@3 : 0.0253    recall@5 : 0.0338    recall@10 : 0.0512    recall@20 : 0.0752    ndcg@3 : 0.0199    ndcg@5 : 0.0234    ndcg@10 : 0.0289    ndcg@20 : 0.035    
Fri 24 Oct 2025 19:10:50 INFO  epoch 56 training [time: 19.44s, train loss: 1186.1610]
Fri 24 Oct 2025 19:11:08 INFO  epoch 57 training [time: 17.88s, train loss: 1180.3588]
Fri 24 Oct 2025 19:11:09 INFO  epoch 57 evaluating [time: 1.31s, valid_score: 0.050700]
Fri 24 Oct 2025 19:11:09 INFO  valid result: 
recall@3 : 0.0255    recall@5 : 0.0337    recall@10 : 0.0507    recall@20 : 0.0759    ndcg@3 : 0.0199    ndcg@5 : 0.0232    ndcg@10 : 0.0287    ndcg@20 : 0.035    
Fri 24 Oct 2025 19:11:29 INFO  epoch 58 training [time: 19.68s, train loss: 1173.2438]
Fri 24 Oct 2025 19:11:45 INFO  epoch 59 training [time: 16.73s, train loss: 1168.4256]
Fri 24 Oct 2025 19:11:47 INFO  epoch 59 evaluating [time: 1.24s, valid_score: 0.049500]
Fri 24 Oct 2025 19:11:47 INFO  valid result: 
recall@3 : 0.0251    recall@5 : 0.0334    recall@10 : 0.0495    recall@20 : 0.0746    ndcg@3 : 0.0197    ndcg@5 : 0.0231    ndcg@10 : 0.0283    ndcg@20 : 0.0346    
Fri 24 Oct 2025 19:12:03 INFO  epoch 60 training [time: 16.21s, train loss: 1161.4158]
Fri 24 Oct 2025 19:12:21 INFO  epoch 61 training [time: 17.68s, train loss: 1155.9049]
Fri 24 Oct 2025 19:12:22 INFO  epoch 61 evaluating [time: 1.26s, valid_score: 0.050600]
Fri 24 Oct 2025 19:12:22 INFO  valid result: 
recall@3 : 0.0252    recall@5 : 0.0332    recall@10 : 0.0506    recall@20 : 0.0751    ndcg@3 : 0.0197    ndcg@5 : 0.0229    ndcg@10 : 0.0286    ndcg@20 : 0.0347    
Fri 24 Oct 2025 19:12:22 INFO  Finished training, best eval result in epoch 39
Fri 24 Oct 2025 19:12:22 INFO  Loading model structure and parameters from saved/SASRecF-Oct-24-2025_18-52-54.pth
Fri 24 Oct 2025 19:12:24 INFO  best valid : {'recall@3': np.float64(0.0262), 'recall@5': np.float64(0.0364), 'recall@10': np.float64(0.0549), 'recall@20': np.float64(0.081), 'ndcg@3': np.float64(0.0202), 'ndcg@5': np.float64(0.0244), 'ndcg@10': np.float64(0.0303), 'ndcg@20': np.float64(0.0369)}
Fri 24 Oct 2025 19:12:24 INFO  test result: {'recall@3': np.float64(0.0207), 'recall@5': np.float64(0.0283), 'recall@10': np.float64(0.0438), 'recall@20': np.float64(0.0661), 'ndcg@3': np.float64(0.0161), 'ndcg@5': np.float64(0.0192), 'ndcg@10': np.float64(0.0242), 'ndcg@20': np.float64(0.0298)}
