Sat 25 Oct 2025 13:12:53 INFO  
General Hyper Parameters:
gpu_id = 0
use_gpu = True
seed = 212
state = INFO
reproducibility = True
data_path = ./recbole/data/dataset/Amazon_Sports_and_Outdoors
show_progress = True
save_dataset = False
save_dataloaders = False
benchmark_filename = None

Training Hyper Parameters:
checkpoint_dir = saved
epochs = 200
train_batch_size = 1024
learner = adam
learning_rate = 0.0001
eval_step = 2
stopping_step = 10
clip_grad_norm = None
weight_decay = 0.0
loss_decimal_place = 4

Evaluation Hyper Parameters:
eval_args = {'split': {'LS': 'valid_and_test'}, 'group_by': 'user', 'order': 'TO', 'mode': 'full'}
metrics = ['Recall', 'NDCG']
topk = [3, 5, 10, 20]
valid_metric = Recall@10
valid_metric_bigger = True
eval_batch_size = 256
metric_decimal_place = 4

Dataset Hyper Parameters:
field_separator = 	
seq_separator =  
USER_ID_FIELD = user_id
ITEM_ID_FIELD = item_id
RATING_FIELD = rating
TIME_FIELD = timestamp
seq_len = None
LABEL_FIELD = label
threshold = None
NEG_PREFIX = neg_
load_col = {'inter': ['user_id', 'item_id', 'rating', 'timestamp'], 'item': ['item_id', 'title', 'sales_rank', 'price', 'brand', 'categories', 'sales_type'], 'image': ['img_id', 'img_emb']}
unload_col = None
unused_col = None
additional_feat_suffix = ['image']
rm_dup_inter = None
val_interval = None
filter_inter_by_user_or_item = True
user_inter_num_interval = [5,inf)
item_inter_num_interval = [5,inf)
alias_of_user_id = None
alias_of_item_id = ['img_id']
alias_of_entity_id = None
alias_of_relation_id = None
preload_weight = {'img_id': 'img_emb'}
normalize_field = None
normalize_all = None
ITEM_LIST_LENGTH_FIELD = item_length
LIST_SUFFIX = _list
MAX_ITEM_LIST_LENGTH = 50
POSITION_FIELD = position_id
HEAD_ENTITY_ID_FIELD = head_id
TAIL_ENTITY_ID_FIELD = tail_id
RELATION_ID_FIELD = relation_id
ENTITY_ID_FIELD = entity_id

Other Hyper Parameters: 
neg_sampling = None
multi_gpus = False
repeatable = True
n_layers = 3
n_heads = 8
hidden_size = 256
inner_size = 256
hidden_dropout_prob = 0.5
attn_dropout_prob = 0.3
hidden_act = gelu
layer_norm_eps = 1e-12
initializer_range = 0.02
selected_features = ['img_emb']
pooling_mode = sum
loss_type = CE
MODEL_TYPE = ModelType.SEQUENTIAL
attribute_hidden_size = [128]
feature_type = ['static']
weight_sharing = not
fusion_type = gate
lamdas = [5]
attribute_predictor = ['cos_sim']
wandb_run_name = images
annealing = False
MODEL_INPUT_TYPE = InputType.POINTWISE
eval_type = EvaluatorType.RANKING
device = cuda
train_neg_sample_args = {'strategy': 'none'}
eval_neg_sample_args = {'strategy': 'full', 'distribution': 'uniform'}


Sat 25 Oct 2025 13:12:54 INFO  Amazon_Sports_and_Outdoors
The number of users: 35599
Average actions of users: 8.324540704533963
The number of items: 18358
Average actions of items: 16.142997221768262
The number of inters: 296337
The sparsity of the dataset: 99.95465569853714%
Remain Fields: ['user_id', 'item_id', 'rating', 'timestamp', 'title', 'price', 'brand', 'categories', 'sales_type', 'sales_rank', 'img_id', 'img_emb']
Sat 25 Oct 2025 13:12:57 INFO  [Training]: train_batch_size = [1024] negative sampling: [None]
Sat 25 Oct 2025 13:12:57 INFO  [Evaluation]: eval_batch_size = [256] eval_args: [{'split': {'LS': 'valid_and_test'}, 'group_by': 'user', 'order': 'TO', 'mode': 'full'}]
Sat 25 Oct 2025 13:12:58 INFO  SASRecF(
  (item_embedding): Embedding(18358, 256, padding_idx=0)
  (position_embedding): Embedding(50, 256)
  (feature_embed_layer_list): ModuleList(
    (0): Embedding(18358, 128)
  )
  (trm_encoder): TransformerEncoder(
    (layer): ModuleList(
      (0-2): 3 x TransformerLayer(
        (multi_head_attention): MultiHeadAttention(
          (query): Linear(in_features=256, out_features=256, bias=True)
          (key): Linear(in_features=256, out_features=256, bias=True)
          (value): Linear(in_features=256, out_features=256, bias=True)
          (attn_dropout): Dropout(p=0.3, inplace=False)
          (dense): Linear(in_features=256, out_features=256, bias=True)
          (LayerNorm): LayerNorm((256,), eps=1e-12, elementwise_affine=True)
          (out_dropout): Dropout(p=0.5, inplace=False)
        )
        (feed_forward): FeedForward(
          (dense_1): Linear(in_features=256, out_features=256, bias=True)
          (dense_2): Linear(in_features=256, out_features=256, bias=True)
          (LayerNorm): LayerNorm((256,), eps=1e-12, elementwise_affine=True)
          (dropout): Dropout(p=0.5, inplace=False)
        )
      )
    )
  )
  (concat_layer): Linear(in_features=384, out_features=256, bias=True)
  (LayerNorm): LayerNorm((256,), eps=1e-12, elementwise_affine=True)
  (dropout): Dropout(p=0.5, inplace=False)
  (loss_fct): CrossEntropyLoss()
)
Trainable parameters: 5998848
Sat 25 Oct 2025 13:13:13 INFO  epoch 0 training [time: 14.28s, train loss: 1774.8300]
Sat 25 Oct 2025 13:13:24 INFO  epoch 1 training [time: 11.39s, train loss: 1723.1615]
Sat 25 Oct 2025 13:13:26 INFO  epoch 1 evaluating [time: 1.12s, valid_score: 0.013000]
Sat 25 Oct 2025 13:13:26 INFO  valid result: 
recall@3 : 0.006    recall@5 : 0.0083    recall@10 : 0.013    recall@20 : 0.024    ndcg@3 : 0.0045    ndcg@5 : 0.0054    ndcg@10 : 0.0069    ndcg@20 : 0.0096    
Sat 25 Oct 2025 13:13:26 INFO  Saving current best: saved/SASRecF-Oct-25-2025_13-12-58.pth
Sat 25 Oct 2025 13:13:40 INFO  epoch 2 training [time: 13.88s, train loss: 1718.7722]
Sat 25 Oct 2025 13:13:51 INFO  epoch 3 training [time: 11.39s, train loss: 1710.3557]
Sat 25 Oct 2025 13:13:52 INFO  epoch 3 evaluating [time: 1.07s, valid_score: 0.016100]
Sat 25 Oct 2025 13:13:52 INFO  valid result: 
recall@3 : 0.0062    recall@5 : 0.0093    recall@10 : 0.0161    recall@20 : 0.0271    ndcg@3 : 0.0045    ndcg@5 : 0.0058    ndcg@10 : 0.008    ndcg@20 : 0.0107    
Sat 25 Oct 2025 13:13:52 INFO  Saving current best: saved/SASRecF-Oct-25-2025_13-12-58.pth
Sat 25 Oct 2025 13:14:06 INFO  epoch 4 training [time: 13.87s, train loss: 1690.2372]
Sat 25 Oct 2025 13:14:17 INFO  epoch 5 training [time: 11.40s, train loss: 1659.4110]
Sat 25 Oct 2025 13:14:18 INFO  epoch 5 evaluating [time: 1.10s, valid_score: 0.021700]
Sat 25 Oct 2025 13:14:18 INFO  valid result: 
recall@3 : 0.0081    recall@5 : 0.0121    recall@10 : 0.0217    recall@20 : 0.0359    ndcg@3 : 0.0059    ndcg@5 : 0.0075    ndcg@10 : 0.0106    ndcg@20 : 0.0142    
Sat 25 Oct 2025 13:14:19 INFO  Saving current best: saved/SASRecF-Oct-25-2025_13-12-58.pth
Sat 25 Oct 2025 13:14:32 INFO  epoch 6 training [time: 13.90s, train loss: 1637.2447]
Sat 25 Oct 2025 13:14:46 INFO  epoch 7 training [time: 13.89s, train loss: 1618.8582]
Sat 25 Oct 2025 13:14:47 INFO  epoch 7 evaluating [time: 1.06s, valid_score: 0.026500]
Sat 25 Oct 2025 13:14:47 INFO  valid result: 
recall@3 : 0.0103    recall@5 : 0.0151    recall@10 : 0.0265    recall@20 : 0.0431    ndcg@3 : 0.0076    ndcg@5 : 0.0096    ndcg@10 : 0.0133    ndcg@20 : 0.0174    
Sat 25 Oct 2025 13:14:47 INFO  Saving current best: saved/SASRecF-Oct-25-2025_13-12-58.pth
Sat 25 Oct 2025 13:14:59 INFO  epoch 8 training [time: 11.40s, train loss: 1601.0237]
Sat 25 Oct 2025 13:15:13 INFO  epoch 9 training [time: 13.89s, train loss: 1582.3247]
Sat 25 Oct 2025 13:15:14 INFO  epoch 9 evaluating [time: 1.07s, valid_score: 0.032200]
Sat 25 Oct 2025 13:15:14 INFO  valid result: 
recall@3 : 0.0135    recall@5 : 0.019    recall@10 : 0.0322    recall@20 : 0.0508    ndcg@3 : 0.0104    ndcg@5 : 0.0126    ndcg@10 : 0.0168    ndcg@20 : 0.0215    
Sat 25 Oct 2025 13:15:14 INFO  Saving current best: saved/SASRecF-Oct-25-2025_13-12-58.pth
Sat 25 Oct 2025 13:15:25 INFO  epoch 10 training [time: 11.41s, train loss: 1562.9294]
Sat 25 Oct 2025 13:15:39 INFO  epoch 11 training [time: 13.89s, train loss: 1543.7376]
Sat 25 Oct 2025 13:15:40 INFO  epoch 11 evaluating [time: 1.08s, valid_score: 0.037500]
Sat 25 Oct 2025 13:15:40 INFO  valid result: 
recall@3 : 0.0163    recall@5 : 0.0227    recall@10 : 0.0375    recall@20 : 0.0581    ndcg@3 : 0.0125    ndcg@5 : 0.0151    ndcg@10 : 0.0199    ndcg@20 : 0.025    
Sat 25 Oct 2025 13:15:40 INFO  Saving current best: saved/SASRecF-Oct-25-2025_13-12-58.pth
Sat 25 Oct 2025 13:15:52 INFO  epoch 12 training [time: 11.40s, train loss: 1525.9233]
Sat 25 Oct 2025 13:16:06 INFO  epoch 13 training [time: 13.89s, train loss: 1508.7040]
Sat 25 Oct 2025 13:16:07 INFO  epoch 13 evaluating [time: 1.08s, valid_score: 0.041800]
Sat 25 Oct 2025 13:16:07 INFO  valid result: 
recall@3 : 0.0194    recall@5 : 0.0276    recall@10 : 0.0418    recall@20 : 0.0625    ndcg@3 : 0.0148    ndcg@5 : 0.0182    ndcg@10 : 0.0227    ndcg@20 : 0.0279    
Sat 25 Oct 2025 13:16:07 INFO  Saving current best: saved/SASRecF-Oct-25-2025_13-12-58.pth
Sat 25 Oct 2025 13:16:18 INFO  epoch 14 training [time: 11.42s, train loss: 1492.6848]
Sat 25 Oct 2025 13:16:32 INFO  epoch 15 training [time: 13.91s, train loss: 1476.9207]
Sat 25 Oct 2025 13:16:33 INFO  epoch 15 evaluating [time: 1.05s, valid_score: 0.045100]
Sat 25 Oct 2025 13:16:33 INFO  valid result: 
recall@3 : 0.0214    recall@5 : 0.0304    recall@10 : 0.0451    recall@20 : 0.0675    ndcg@3 : 0.0165    ndcg@5 : 0.0202    ndcg@10 : 0.0249    ndcg@20 : 0.0305    
Sat 25 Oct 2025 13:16:33 INFO  Saving current best: saved/SASRecF-Oct-25-2025_13-12-58.pth
Sat 25 Oct 2025 13:16:47 INFO  epoch 16 training [time: 13.90s, train loss: 1461.7678]
Sat 25 Oct 2025 13:16:59 INFO  epoch 17 training [time: 11.41s, train loss: 1446.7312]
Sat 25 Oct 2025 13:17:00 INFO  epoch 17 evaluating [time: 1.06s, valid_score: 0.046800]
Sat 25 Oct 2025 13:17:00 INFO  valid result: 
recall@3 : 0.0228    recall@5 : 0.0322    recall@10 : 0.0468    recall@20 : 0.0708    ndcg@3 : 0.0177    ndcg@5 : 0.0216    ndcg@10 : 0.0263    ndcg@20 : 0.0323    
Sat 25 Oct 2025 13:17:00 INFO  Saving current best: saved/SASRecF-Oct-25-2025_13-12-58.pth
Sat 25 Oct 2025 13:17:14 INFO  epoch 18 training [time: 13.90s, train loss: 1432.0277]
Sat 25 Oct 2025 13:17:25 INFO  epoch 19 training [time: 11.41s, train loss: 1416.9556]
Sat 25 Oct 2025 13:17:26 INFO  epoch 19 evaluating [time: 1.09s, valid_score: 0.050000]
Sat 25 Oct 2025 13:17:26 INFO  valid result: 
recall@3 : 0.0245    recall@5 : 0.0342    recall@10 : 0.05    recall@20 : 0.0735    ndcg@3 : 0.0192    ndcg@5 : 0.0232    ndcg@10 : 0.0283    ndcg@20 : 0.0341    
Sat 25 Oct 2025 13:17:26 INFO  Saving current best: saved/SASRecF-Oct-25-2025_13-12-58.pth
Sat 25 Oct 2025 13:17:40 INFO  epoch 20 training [time: 13.91s, train loss: 1402.2838]
Sat 25 Oct 2025 13:17:52 INFO  epoch 21 training [time: 11.42s, train loss: 1387.1237]
Sat 25 Oct 2025 13:17:53 INFO  epoch 21 evaluating [time: 1.07s, valid_score: 0.051600]
Sat 25 Oct 2025 13:17:53 INFO  valid result: 
recall@3 : 0.0269    recall@5 : 0.0358    recall@10 : 0.0516    recall@20 : 0.076    ndcg@3 : 0.0212    ndcg@5 : 0.0249    ndcg@10 : 0.03    ndcg@20 : 0.0362    
Sat 25 Oct 2025 13:17:53 INFO  Saving current best: saved/SASRecF-Oct-25-2025_13-12-58.pth
Sat 25 Oct 2025 13:18:07 INFO  epoch 22 training [time: 13.88s, train loss: 1372.6212]
Sat 25 Oct 2025 13:18:18 INFO  epoch 23 training [time: 11.40s, train loss: 1357.3118]
Sat 25 Oct 2025 13:18:19 INFO  epoch 23 evaluating [time: 1.09s, valid_score: 0.053200]
Sat 25 Oct 2025 13:18:19 INFO  valid result: 
recall@3 : 0.0282    recall@5 : 0.0371    recall@10 : 0.0532    recall@20 : 0.0773    ndcg@3 : 0.0228    ndcg@5 : 0.0264    ndcg@10 : 0.0316    ndcg@20 : 0.0377    
Sat 25 Oct 2025 13:18:19 INFO  Saving current best: saved/SASRecF-Oct-25-2025_13-12-58.pth
Sat 25 Oct 2025 13:18:33 INFO  epoch 24 training [time: 13.89s, train loss: 1342.7829]
Sat 25 Oct 2025 13:18:47 INFO  epoch 25 training [time: 13.89s, train loss: 1328.1860]
Sat 25 Oct 2025 13:18:45 INFO  epoch 25 evaluating [time: -1.42s, valid_score: 0.053900]
Sat 25 Oct 2025 13:18:45 INFO  valid result: 
recall@3 : 0.0292    recall@5 : 0.0382    recall@10 : 0.0539    recall@20 : 0.0791    ndcg@3 : 0.0239    ndcg@5 : 0.0276    ndcg@10 : 0.0326    ndcg@20 : 0.0389    
Sat 25 Oct 2025 13:18:46 INFO  Saving current best: saved/SASRecF-Oct-25-2025_13-12-58.pth
Sat 25 Oct 2025 13:18:59 INFO  epoch 26 training [time: 13.90s, train loss: 1313.0893]
Sat 25 Oct 2025 13:19:13 INFO  epoch 27 training [time: 13.91s, train loss: 1298.2818]
Sat 25 Oct 2025 13:19:14 INFO  epoch 27 evaluating [time: 1.07s, valid_score: 0.054200]
Sat 25 Oct 2025 13:19:14 INFO  valid result: 
recall@3 : 0.0307    recall@5 : 0.039    recall@10 : 0.0542    recall@20 : 0.0785    ndcg@3 : 0.0248    ndcg@5 : 0.0282    ndcg@10 : 0.0331    ndcg@20 : 0.0392    
Sat 25 Oct 2025 13:19:15 INFO  Saving current best: saved/SASRecF-Oct-25-2025_13-12-58.pth
Sat 25 Oct 2025 13:19:26 INFO  epoch 28 training [time: 11.41s, train loss: 1283.5477]
Sat 25 Oct 2025 13:19:40 INFO  epoch 29 training [time: 13.91s, train loss: 1268.7645]
Sat 25 Oct 2025 13:19:41 INFO  epoch 29 evaluating [time: 1.05s, valid_score: 0.055000]
Sat 25 Oct 2025 13:19:41 INFO  valid result: 
recall@3 : 0.0307    recall@5 : 0.0397    recall@10 : 0.055    recall@20 : 0.0791    ndcg@3 : 0.0252    ndcg@5 : 0.0289    ndcg@10 : 0.0338    ndcg@20 : 0.0398    
Sat 25 Oct 2025 13:19:41 INFO  Saving current best: saved/SASRecF-Oct-25-2025_13-12-58.pth
Sat 25 Oct 2025 13:19:52 INFO  epoch 30 training [time: 11.42s, train loss: 1254.4822]
Sat 25 Oct 2025 13:20:06 INFO  epoch 31 training [time: 13.89s, train loss: 1240.3315]
Sat 25 Oct 2025 13:20:07 INFO  epoch 31 evaluating [time: 1.06s, valid_score: 0.055500]
Sat 25 Oct 2025 13:20:07 INFO  valid result: 
recall@3 : 0.0313    recall@5 : 0.0403    recall@10 : 0.0555    recall@20 : 0.0788    ndcg@3 : 0.0256    ndcg@5 : 0.0293    ndcg@10 : 0.0342    ndcg@20 : 0.0401    
Sat 25 Oct 2025 13:20:07 INFO  Saving current best: saved/SASRecF-Oct-25-2025_13-12-58.pth
Sat 25 Oct 2025 13:20:19 INFO  epoch 32 training [time: 11.43s, train loss: 1226.2298]
Sat 25 Oct 2025 13:20:33 INFO  epoch 33 training [time: 13.96s, train loss: 1211.5815]
Sat 25 Oct 2025 13:20:34 INFO  epoch 33 evaluating [time: 1.07s, valid_score: 0.055900]
Sat 25 Oct 2025 13:20:34 INFO  valid result: 
recall@3 : 0.0315    recall@5 : 0.0406    recall@10 : 0.0559    recall@20 : 0.0794    ndcg@3 : 0.0258    ndcg@5 : 0.0295    ndcg@10 : 0.0344    ndcg@20 : 0.0403    
Sat 25 Oct 2025 13:20:34 INFO  Saving current best: saved/SASRecF-Oct-25-2025_13-12-58.pth
Sat 25 Oct 2025 13:20:45 INFO  epoch 34 training [time: 11.44s, train loss: 1197.8999]
Sat 25 Oct 2025 13:20:59 INFO  epoch 35 training [time: 13.91s, train loss: 1183.0289]
Sat 25 Oct 2025 13:21:00 INFO  epoch 35 evaluating [time: 1.10s, valid_score: 0.055700]
Sat 25 Oct 2025 13:21:00 INFO  valid result: 
recall@3 : 0.0313    recall@5 : 0.0399    recall@10 : 0.0557    recall@20 : 0.0777    ndcg@3 : 0.0257    ndcg@5 : 0.0292    ndcg@10 : 0.0343    ndcg@20 : 0.0398    
Sat 25 Oct 2025 13:21:14 INFO  epoch 36 training [time: 13.90s, train loss: 1169.4161]
Sat 25 Oct 2025 13:21:26 INFO  epoch 37 training [time: 11.40s, train loss: 1155.7946]
Sat 25 Oct 2025 13:21:27 INFO  epoch 37 evaluating [time: 1.08s, valid_score: 0.055500]
Sat 25 Oct 2025 13:21:27 INFO  valid result: 
recall@3 : 0.0317    recall@5 : 0.0405    recall@10 : 0.0555    recall@20 : 0.0776    ndcg@3 : 0.0261    ndcg@5 : 0.0297    ndcg@10 : 0.0345    ndcg@20 : 0.04    
Sat 25 Oct 2025 13:21:41 INFO  epoch 38 training [time: 13.89s, train loss: 1143.1946]
Sat 25 Oct 2025 13:21:52 INFO  epoch 39 training [time: 11.44s, train loss: 1128.8287]
Sat 25 Oct 2025 13:21:53 INFO  epoch 39 evaluating [time: 1.08s, valid_score: 0.055600]
Sat 25 Oct 2025 13:21:53 INFO  valid result: 
recall@3 : 0.0321    recall@5 : 0.0402    recall@10 : 0.0556    recall@20 : 0.0766    ndcg@3 : 0.0263    ndcg@5 : 0.0296    ndcg@10 : 0.0346    ndcg@20 : 0.0399    
Sat 25 Oct 2025 13:22:07 INFO  epoch 40 training [time: 13.92s, train loss: 1116.0980]
Sat 25 Oct 2025 13:22:19 INFO  epoch 41 training [time: 11.42s, train loss: 1102.8922]
Sat 25 Oct 2025 13:22:20 INFO  epoch 41 evaluating [time: 1.07s, valid_score: 0.055400]
Sat 25 Oct 2025 13:22:20 INFO  valid result: 
recall@3 : 0.0319    recall@5 : 0.0401    recall@10 : 0.0554    recall@20 : 0.0761    ndcg@3 : 0.0263    ndcg@5 : 0.0297    ndcg@10 : 0.0346    ndcg@20 : 0.0398    
Sat 25 Oct 2025 13:22:34 INFO  epoch 42 training [time: 13.91s, train loss: 1089.8171]
Sat 25 Oct 2025 13:22:45 INFO  epoch 43 training [time: 11.43s, train loss: 1077.4936]
Sat 25 Oct 2025 13:22:46 INFO  epoch 43 evaluating [time: 1.06s, valid_score: 0.055400]
Sat 25 Oct 2025 13:22:46 INFO  valid result: 
recall@3 : 0.0317    recall@5 : 0.0399    recall@10 : 0.0554    recall@20 : 0.0755    ndcg@3 : 0.0262    ndcg@5 : 0.0295    ndcg@10 : 0.0345    ndcg@20 : 0.0396    
Sat 25 Oct 2025 13:23:00 INFO  epoch 44 training [time: 13.91s, train loss: 1065.0296]
Sat 25 Oct 2025 13:23:14 INFO  epoch 45 training [time: 13.90s, train loss: 1052.5058]
Sat 25 Oct 2025 13:23:15 INFO  epoch 45 evaluating [time: 1.08s, valid_score: 0.054800]
Sat 25 Oct 2025 13:23:15 INFO  valid result: 
recall@3 : 0.0321    recall@5 : 0.0403    recall@10 : 0.0548    recall@20 : 0.0748    ndcg@3 : 0.0264    ndcg@5 : 0.0298    ndcg@10 : 0.0344    ndcg@20 : 0.0395    
Sat 25 Oct 2025 13:23:26 INFO  epoch 46 training [time: 11.41s, train loss: 1040.6099]
Sat 25 Oct 2025 13:23:40 INFO  epoch 47 training [time: 13.91s, train loss: 1028.7180]
Sat 25 Oct 2025 13:23:41 INFO  epoch 47 evaluating [time: 1.06s, valid_score: 0.054300]
Sat 25 Oct 2025 13:23:41 INFO  valid result: 
recall@3 : 0.0318    recall@5 : 0.0403    recall@10 : 0.0543    recall@20 : 0.0737    ndcg@3 : 0.0261    ndcg@5 : 0.0296    ndcg@10 : 0.0341    ndcg@20 : 0.039    
Sat 25 Oct 2025 13:23:53 INFO  epoch 48 training [time: 11.43s, train loss: 1017.0041]
Sat 25 Oct 2025 13:24:07 INFO  epoch 49 training [time: 13.90s, train loss: 1005.7873]
Sat 25 Oct 2025 13:24:08 INFO  epoch 49 evaluating [time: 1.07s, valid_score: 0.053900]
Sat 25 Oct 2025 13:24:08 INFO  valid result: 
recall@3 : 0.0319    recall@5 : 0.0399    recall@10 : 0.0539    recall@20 : 0.0738    ndcg@3 : 0.0261    ndcg@5 : 0.0294    ndcg@10 : 0.0339    ndcg@20 : 0.0389    
Sat 25 Oct 2025 13:24:19 INFO  epoch 50 training [time: 11.42s, train loss: 993.7701]
Sat 25 Oct 2025 13:24:33 INFO  epoch 51 training [time: 13.89s, train loss: 982.7883]
Sat 25 Oct 2025 13:24:34 INFO  epoch 51 evaluating [time: 1.07s, valid_score: 0.053400]
Sat 25 Oct 2025 13:24:34 INFO  valid result: 
recall@3 : 0.0314    recall@5 : 0.0393    recall@10 : 0.0534    recall@20 : 0.0723    ndcg@3 : 0.0258    ndcg@5 : 0.029    ndcg@10 : 0.0336    ndcg@20 : 0.0383    
Sat 25 Oct 2025 13:24:45 INFO  epoch 52 training [time: 11.41s, train loss: 971.6220]
Sat 25 Oct 2025 13:24:59 INFO  epoch 53 training [time: 13.89s, train loss: 960.5986]
Sat 25 Oct 2025 13:25:00 INFO  epoch 53 evaluating [time: 1.08s, valid_score: 0.052600]
Sat 25 Oct 2025 13:25:00 INFO  valid result: 
recall@3 : 0.0306    recall@5 : 0.0395    recall@10 : 0.0526    recall@20 : 0.072    ndcg@3 : 0.0252    ndcg@5 : 0.0289    ndcg@10 : 0.0331    ndcg@20 : 0.0379    
Sat 25 Oct 2025 13:25:12 INFO  epoch 54 training [time: 11.41s, train loss: 950.2534]
Sat 25 Oct 2025 13:25:26 INFO  epoch 55 training [time: 13.89s, train loss: 938.9530]
Sat 25 Oct 2025 13:25:27 INFO  epoch 55 evaluating [time: 1.10s, valid_score: 0.051300]
Sat 25 Oct 2025 13:25:27 INFO  valid result: 
recall@3 : 0.031    recall@5 : 0.0392    recall@10 : 0.0513    recall@20 : 0.0704    ndcg@3 : 0.0252    ndcg@5 : 0.0286    ndcg@10 : 0.0325    ndcg@20 : 0.0373    
Sat 25 Oct 2025 13:25:27 INFO  Finished training, best eval result in epoch 33
Sat 25 Oct 2025 13:25:27 INFO  Loading model structure and parameters from saved/SASRecF-Oct-25-2025_13-12-58.pth
Sat 25 Oct 2025 13:25:28 INFO  best valid : {'recall@3': np.float64(0.0315), 'recall@5': np.float64(0.0406), 'recall@10': np.float64(0.0559), 'recall@20': np.float64(0.0794), 'ndcg@3': np.float64(0.0258), 'ndcg@5': np.float64(0.0295), 'ndcg@10': np.float64(0.0344), 'ndcg@20': np.float64(0.0403)}
Sat 25 Oct 2025 13:25:28 INFO  test result: {'recall@3': np.float64(0.0234), 'recall@5': np.float64(0.0302), 'recall@10': np.float64(0.044), 'recall@20': np.float64(0.0623), 'ndcg@3': np.float64(0.0187), 'ndcg@5': np.float64(0.0215), 'ndcg@10': np.float64(0.0259), 'ndcg@20': np.float64(0.0305)}
