Sat 25 Oct 2025 14:42:13 INFO  
General Hyper Parameters:
gpu_id = 0
use_gpu = True
seed = 212
state = INFO
reproducibility = True
data_path = ./recbole/data/dataset/Amazon_Sports_and_Outdoors
show_progress = True
save_dataset = False
save_dataloaders = False
benchmark_filename = None

Training Hyper Parameters:
checkpoint_dir = saved
epochs = 200
train_batch_size = 1024
learner = adam
learning_rate = 0.0001
eval_step = 2
stopping_step = 10
clip_grad_norm = None
weight_decay = 0.0
loss_decimal_place = 4

Evaluation Hyper Parameters:
eval_args = {'split': {'LS': 'valid_and_test'}, 'group_by': 'user', 'order': 'TO', 'mode': 'full'}
metrics = ['Recall', 'NDCG']
topk = [3, 5, 10, 20]
valid_metric = Recall@10
valid_metric_bigger = True
eval_batch_size = 256
metric_decimal_place = 4

Dataset Hyper Parameters:
field_separator = 	
seq_separator =  
USER_ID_FIELD = user_id
ITEM_ID_FIELD = item_id
RATING_FIELD = rating
TIME_FIELD = timestamp
seq_len = None
LABEL_FIELD = label
threshold = None
NEG_PREFIX = neg_
load_col = {'inter': ['user_id', 'item_id', 'rating', 'timestamp'], 'item': ['item_id', 'title', 'sales_rank', 'price', 'brand', 'categories', 'sales_type'], 'image': ['img_id', 'img_emb']}
unload_col = None
unused_col = None
additional_feat_suffix = ['image']
rm_dup_inter = None
val_interval = None
filter_inter_by_user_or_item = True
user_inter_num_interval = [5,inf)
item_inter_num_interval = [5,inf)
alias_of_user_id = None
alias_of_item_id = ['img_id']
alias_of_entity_id = None
alias_of_relation_id = None
preload_weight = {'img_id': 'img_emb'}
normalize_field = None
normalize_all = None
ITEM_LIST_LENGTH_FIELD = item_length
LIST_SUFFIX = _list
MAX_ITEM_LIST_LENGTH = 50
POSITION_FIELD = position_id
HEAD_ENTITY_ID_FIELD = head_id
TAIL_ENTITY_ID_FIELD = tail_id
RELATION_ID_FIELD = relation_id
ENTITY_ID_FIELD = entity_id

Other Hyper Parameters: 
neg_sampling = None
multi_gpus = False
repeatable = True
n_layers = 3
n_heads = 8
hidden_size = 256
inner_size = 256
hidden_dropout_prob = 0.5
attn_dropout_prob = 0.3
hidden_act = gelu
layer_norm_eps = 1e-12
initializer_range = 0.02
selected_features = ['img_emb', 'categories']
pooling_mode = sum
loss_type = CE
MODEL_TYPE = ModelType.SEQUENTIAL
attribute_hidden_size = [128, 128]
feature_type = ['static', 'categorical']
weight_sharing = not
fusion_type = gate
lamdas = [5, 5]
attribute_predictor = ['cos_sim', 'linear']
wandb_run_name = images_categories
annealing = False
MODEL_INPUT_TYPE = InputType.POINTWISE
eval_type = EvaluatorType.RANKING
device = cuda
train_neg_sample_args = {'strategy': 'none'}
eval_neg_sample_args = {'strategy': 'full', 'distribution': 'uniform'}


Sat 25 Oct 2025 14:42:14 INFO  Amazon_Sports_and_Outdoors
The number of users: 35599
Average actions of users: 8.324540704533963
The number of items: 18358
Average actions of items: 16.142997221768262
The number of inters: 296337
The sparsity of the dataset: 99.95465569853714%
Remain Fields: ['user_id', 'item_id', 'rating', 'timestamp', 'title', 'price', 'brand', 'categories', 'sales_type', 'sales_rank', 'img_id', 'img_emb']
Sat 25 Oct 2025 14:42:18 INFO  [Training]: train_batch_size = [1024] negative sampling: [None]
Sat 25 Oct 2025 14:42:18 INFO  [Evaluation]: eval_batch_size = [256] eval_args: [{'split': {'LS': 'valid_and_test'}, 'group_by': 'user', 'order': 'TO', 'mode': 'full'}]
Sat 25 Oct 2025 14:42:19 INFO  SASRecF(
  (item_embedding): Embedding(18358, 256, padding_idx=0)
  (position_embedding): Embedding(50, 256)
  (feature_embed_layer_list): ModuleList(
    (0): Embedding(18358, 128)
    (1): FeatureSeqEmbLayer()
  )
  (trm_encoder): TransformerEncoder(
    (layer): ModuleList(
      (0-2): 3 x TransformerLayer(
        (multi_head_attention): MultiHeadAttention(
          (query): Linear(in_features=256, out_features=256, bias=True)
          (key): Linear(in_features=256, out_features=256, bias=True)
          (value): Linear(in_features=256, out_features=256, bias=True)
          (attn_dropout): Dropout(p=0.3, inplace=False)
          (dense): Linear(in_features=256, out_features=256, bias=True)
          (LayerNorm): LayerNorm((256,), eps=1e-12, elementwise_affine=True)
          (out_dropout): Dropout(p=0.5, inplace=False)
        )
        (feed_forward): FeedForward(
          (dense_1): Linear(in_features=256, out_features=256, bias=True)
          (dense_2): Linear(in_features=256, out_features=256, bias=True)
          (LayerNorm): LayerNorm((256,), eps=1e-12, elementwise_affine=True)
          (dropout): Dropout(p=0.5, inplace=False)
        )
      )
    )
  )
  (concat_layer): Linear(in_features=512, out_features=256, bias=True)
  (LayerNorm): LayerNorm((256,), eps=1e-12, elementwise_affine=True)
  (dropout): Dropout(p=0.5, inplace=False)
  (loss_fct): CrossEntropyLoss()
)
Trainable parameters: 6031616
Sat 25 Oct 2025 14:42:39 INFO  epoch 0 training [time: 18.60s, train loss: 1769.1167]
Sat 25 Oct 2025 14:42:59 INFO  epoch 1 training [time: 20.41s, train loss: 1710.6294]
Sat 25 Oct 2025 14:43:01 INFO  epoch 1 evaluating [time: 1.57s, valid_score: 0.020700]
Sat 25 Oct 2025 14:43:01 INFO  valid result: 
recall@3 : 0.008    recall@5 : 0.0112    recall@10 : 0.0207    recall@20 : 0.0345    ndcg@3 : 0.0061    ndcg@5 : 0.0074    ndcg@10 : 0.0104    ndcg@20 : 0.0139    
Sat 25 Oct 2025 14:43:02 INFO  Saving current best: saved/SASRecF-Oct-25-2025_14-42-19.pth
Sat 25 Oct 2025 14:43:19 INFO  epoch 2 training [time: 17.32s, train loss: 1676.1958]
Sat 25 Oct 2025 14:43:37 INFO  epoch 3 training [time: 17.77s, train loss: 1649.6767]
Sat 25 Oct 2025 14:43:38 INFO  epoch 3 evaluating [time: 1.55s, valid_score: 0.024000]
Sat 25 Oct 2025 14:43:38 INFO  valid result: 
recall@3 : 0.0086    recall@5 : 0.0136    recall@10 : 0.024    recall@20 : 0.0416    ndcg@3 : 0.0065    ndcg@5 : 0.0085    ndcg@10 : 0.0118    ndcg@20 : 0.0163    
Sat 25 Oct 2025 14:43:40 INFO  Saving current best: saved/SASRecF-Oct-25-2025_14-42-19.pth
Sat 25 Oct 2025 14:43:59 INFO  epoch 4 training [time: 19.65s, train loss: 1630.2262]
Sat 25 Oct 2025 14:44:16 INFO  epoch 5 training [time: 17.18s, train loss: 1614.5400]
Sat 25 Oct 2025 14:44:18 INFO  epoch 5 evaluating [time: 1.54s, valid_score: 0.029000]
Sat 25 Oct 2025 14:44:18 INFO  valid result: 
recall@3 : 0.0108    recall@5 : 0.0163    recall@10 : 0.029    recall@20 : 0.048    ndcg@3 : 0.0079    ndcg@5 : 0.0102    ndcg@10 : 0.0142    ndcg@20 : 0.019    
Sat 25 Oct 2025 14:44:19 INFO  Saving current best: saved/SASRecF-Oct-25-2025_14-42-19.pth
Sat 25 Oct 2025 14:44:36 INFO  epoch 6 training [time: 17.18s, train loss: 1600.6133]
Sat 25 Oct 2025 14:44:56 INFO  epoch 7 training [time: 19.64s, train loss: 1588.3581]
Sat 25 Oct 2025 14:44:57 INFO  epoch 7 evaluating [time: 1.51s, valid_score: 0.031200]
Sat 25 Oct 2025 14:44:57 INFO  valid result: 
recall@3 : 0.0126    recall@5 : 0.0184    recall@10 : 0.0312    recall@20 : 0.0521    ndcg@3 : 0.0092    ndcg@5 : 0.0115    ndcg@10 : 0.0156    ndcg@20 : 0.0209    
Sat 25 Oct 2025 14:44:58 INFO  Saving current best: saved/SASRecF-Oct-25-2025_14-42-19.pth
Sat 25 Oct 2025 14:45:16 INFO  epoch 8 training [time: 18.01s, train loss: 1576.3030]
Sat 25 Oct 2025 14:45:36 INFO  epoch 9 training [time: 19.87s, train loss: 1564.5163]
Sat 25 Oct 2025 14:45:35 INFO  epoch 9 evaluating [time: -1.01s, valid_score: 0.035000]
Sat 25 Oct 2025 14:45:35 INFO  valid result: 
recall@3 : 0.0137    recall@5 : 0.021    recall@10 : 0.035    recall@20 : 0.0567    ndcg@3 : 0.0101    ndcg@5 : 0.0131    ndcg@10 : 0.0176    ndcg@20 : 0.023    
Sat 25 Oct 2025 14:45:36 INFO  Saving current best: saved/SASRecF-Oct-25-2025_14-42-19.pth
Sat 25 Oct 2025 14:45:56 INFO  epoch 10 training [time: 19.71s, train loss: 1553.6362]
Sat 25 Oct 2025 14:46:13 INFO  epoch 11 training [time: 17.18s, train loss: 1542.8009]
Sat 25 Oct 2025 14:46:15 INFO  epoch 11 evaluating [time: 1.48s, valid_score: 0.037600]
Sat 25 Oct 2025 14:46:15 INFO  valid result: 
recall@3 : 0.0157    recall@5 : 0.0235    recall@10 : 0.0376    recall@20 : 0.0604    ndcg@3 : 0.0116    ndcg@5 : 0.0147    ndcg@10 : 0.0192    ndcg@20 : 0.0249    
Sat 25 Oct 2025 14:46:16 INFO  Saving current best: saved/SASRecF-Oct-25-2025_14-42-19.pth
Sat 25 Oct 2025 14:46:35 INFO  epoch 12 training [time: 19.69s, train loss: 1532.4520]
Sat 25 Oct 2025 14:46:53 INFO  epoch 13 training [time: 17.16s, train loss: 1521.4738]
Sat 25 Oct 2025 14:46:54 INFO  epoch 13 evaluating [time: 1.50s, valid_score: 0.040600]
Sat 25 Oct 2025 14:46:54 INFO  valid result: 
recall@3 : 0.0169    recall@5 : 0.0251    recall@10 : 0.0406    recall@20 : 0.0644    ndcg@3 : 0.0125    ndcg@5 : 0.0159    ndcg@10 : 0.0208    ndcg@20 : 0.0268    
Sat 25 Oct 2025 14:46:55 INFO  Saving current best: saved/SASRecF-Oct-25-2025_14-42-19.pth
Sat 25 Oct 2025 14:47:12 INFO  epoch 14 training [time: 17.20s, train loss: 1511.2353]
Sat 25 Oct 2025 14:47:32 INFO  epoch 15 training [time: 19.67s, train loss: 1500.8547]
Sat 25 Oct 2025 14:47:34 INFO  epoch 15 evaluating [time: 1.50s, valid_score: 0.043200]
Sat 25 Oct 2025 14:47:34 INFO  valid result: 
recall@3 : 0.0192    recall@5 : 0.0279    recall@10 : 0.0432    recall@20 : 0.0672    ndcg@3 : 0.0142    ndcg@5 : 0.0178    ndcg@10 : 0.0227    ndcg@20 : 0.0287    
Sat 25 Oct 2025 14:47:35 INFO  Saving current best: saved/SASRecF-Oct-25-2025_14-42-19.pth
Sat 25 Oct 2025 14:47:52 INFO  epoch 16 training [time: 17.19s, train loss: 1491.1955]
Sat 25 Oct 2025 14:48:09 INFO  epoch 17 training [time: 17.38s, train loss: 1481.7025]
Sat 25 Oct 2025 14:48:11 INFO  epoch 17 evaluating [time: 1.53s, valid_score: 0.045800]
Sat 25 Oct 2025 14:48:11 INFO  valid result: 
recall@3 : 0.0199    recall@5 : 0.0288    recall@10 : 0.0458    recall@20 : 0.0705    ndcg@3 : 0.0148    ndcg@5 : 0.0185    ndcg@10 : 0.0239    ndcg@20 : 0.0301    
Sat 25 Oct 2025 14:48:12 INFO  Saving current best: saved/SASRecF-Oct-25-2025_14-42-19.pth
Sat 25 Oct 2025 14:48:32 INFO  epoch 18 training [time: 19.85s, train loss: 1472.2074]
Sat 25 Oct 2025 14:48:49 INFO  epoch 19 training [time: 17.16s, train loss: 1462.6835]
Sat 25 Oct 2025 14:48:50 INFO  epoch 19 evaluating [time: 1.40s, valid_score: 0.047500]
Sat 25 Oct 2025 14:48:50 INFO  valid result: 
recall@3 : 0.0205    recall@5 : 0.0297    recall@10 : 0.0475    recall@20 : 0.0728    ndcg@3 : 0.0155    ndcg@5 : 0.0193    ndcg@10 : 0.025    ndcg@20 : 0.0314    
Sat 25 Oct 2025 14:48:52 INFO  Saving current best: saved/SASRecF-Oct-25-2025_14-42-19.pth
Sat 25 Oct 2025 14:49:08 INFO  epoch 20 training [time: 16.98s, train loss: 1453.9163]
Sat 25 Oct 2025 14:49:28 INFO  epoch 21 training [time: 19.45s, train loss: 1444.6828]
Sat 25 Oct 2025 14:49:29 INFO  epoch 21 evaluating [time: 1.42s, valid_score: 0.049700]
Sat 25 Oct 2025 14:49:29 INFO  valid result: 
recall@3 : 0.0212    recall@5 : 0.0306    recall@10 : 0.0497    recall@20 : 0.0738    ndcg@3 : 0.0162    ndcg@5 : 0.0201    ndcg@10 : 0.0262    ndcg@20 : 0.0323    
Sat 25 Oct 2025 14:49:30 INFO  Saving current best: saved/SASRecF-Oct-25-2025_14-42-19.pth
Sat 25 Oct 2025 14:49:47 INFO  epoch 22 training [time: 17.00s, train loss: 1435.2753]
Sat 25 Oct 2025 14:50:04 INFO  epoch 23 training [time: 16.97s, train loss: 1426.1876]
Sat 25 Oct 2025 14:50:06 INFO  epoch 23 evaluating [time: 1.40s, valid_score: 0.051000]
Sat 25 Oct 2025 14:50:06 INFO  valid result: 
recall@3 : 0.0226    recall@5 : 0.0328    recall@10 : 0.051    recall@20 : 0.0761    ndcg@3 : 0.0171    ndcg@5 : 0.0213    ndcg@10 : 0.0271    ndcg@20 : 0.0335    
Sat 25 Oct 2025 14:50:07 INFO  Saving current best: saved/SASRecF-Oct-25-2025_14-42-19.pth
Sat 25 Oct 2025 14:50:26 INFO  epoch 24 training [time: 19.46s, train loss: 1417.4875]
Sat 25 Oct 2025 14:50:43 INFO  epoch 25 training [time: 16.97s, train loss: 1409.1165]
Sat 25 Oct 2025 14:50:45 INFO  epoch 25 evaluating [time: 1.42s, valid_score: 0.052700]
Sat 25 Oct 2025 14:50:45 INFO  valid result: 
recall@3 : 0.0236    recall@5 : 0.0342    recall@10 : 0.0527    recall@20 : 0.078    ndcg@3 : 0.0179    ndcg@5 : 0.0223    ndcg@10 : 0.0282    ndcg@20 : 0.0346    
Sat 25 Oct 2025 14:50:46 INFO  Saving current best: saved/SASRecF-Oct-25-2025_14-42-19.pth
Sat 25 Oct 2025 14:51:03 INFO  epoch 26 training [time: 16.98s, train loss: 1400.8103]
Sat 25 Oct 2025 14:51:22 INFO  epoch 27 training [time: 19.45s, train loss: 1392.1969]
Sat 25 Oct 2025 14:51:24 INFO  epoch 27 evaluating [time: 1.40s, valid_score: 0.053300]
Sat 25 Oct 2025 14:51:24 INFO  valid result: 
recall@3 : 0.0242    recall@5 : 0.0346    recall@10 : 0.0533    recall@20 : 0.0776    ndcg@3 : 0.0185    ndcg@5 : 0.0227    ndcg@10 : 0.0287    ndcg@20 : 0.0348    
Sat 25 Oct 2025 14:51:25 INFO  Saving current best: saved/SASRecF-Oct-25-2025_14-42-19.pth
Sat 25 Oct 2025 14:51:42 INFO  epoch 28 training [time: 16.99s, train loss: 1383.5319]
Sat 25 Oct 2025 14:52:01 INFO  epoch 29 training [time: 19.46s, train loss: 1375.3301]
Sat 25 Oct 2025 14:52:02 INFO  epoch 29 evaluating [time: 1.41s, valid_score: 0.054100]
Sat 25 Oct 2025 14:52:02 INFO  valid result: 
recall@3 : 0.0259    recall@5 : 0.0358    recall@10 : 0.0541    recall@20 : 0.0792    ndcg@3 : 0.0197    ndcg@5 : 0.0238    ndcg@10 : 0.0297    ndcg@20 : 0.036    
Sat 25 Oct 2025 14:52:03 INFO  Saving current best: saved/SASRecF-Oct-25-2025_14-42-19.pth
Sat 25 Oct 2025 14:52:20 INFO  epoch 30 training [time: 16.98s, train loss: 1367.5268]
Sat 25 Oct 2025 14:52:37 INFO  epoch 31 training [time: 16.98s, train loss: 1359.8042]
Sat 25 Oct 2025 14:52:39 INFO  epoch 31 evaluating [time: 1.38s, valid_score: 0.054300]
Sat 25 Oct 2025 14:52:39 INFO  valid result: 
recall@3 : 0.0266    recall@5 : 0.0362    recall@10 : 0.0543    recall@20 : 0.0791    ndcg@3 : 0.0202    ndcg@5 : 0.0241    ndcg@10 : 0.03    ndcg@20 : 0.0362    
Sat 25 Oct 2025 14:52:40 INFO  Saving current best: saved/SASRecF-Oct-25-2025_14-42-19.pth
Sat 25 Oct 2025 14:52:59 INFO  epoch 32 training [time: 19.49s, train loss: 1351.9663]
Sat 25 Oct 2025 14:53:16 INFO  epoch 33 training [time: 16.98s, train loss: 1343.6212]
Sat 25 Oct 2025 14:53:18 INFO  epoch 33 evaluating [time: 1.44s, valid_score: 0.055000]
Sat 25 Oct 2025 14:53:18 INFO  valid result: 
recall@3 : 0.0265    recall@5 : 0.0363    recall@10 : 0.055    recall@20 : 0.081    ndcg@3 : 0.0203    ndcg@5 : 0.0244    ndcg@10 : 0.0304    ndcg@20 : 0.0369    
Sat 25 Oct 2025 14:53:19 INFO  Saving current best: saved/SASRecF-Oct-25-2025_14-42-19.pth
Sat 25 Oct 2025 14:53:36 INFO  epoch 34 training [time: 16.98s, train loss: 1336.1141]
Sat 25 Oct 2025 14:53:55 INFO  epoch 35 training [time: 19.45s, train loss: 1328.5834]
Sat 25 Oct 2025 14:53:57 INFO  epoch 35 evaluating [time: 1.40s, valid_score: 0.054800]
Sat 25 Oct 2025 14:53:57 INFO  valid result: 
recall@3 : 0.0265    recall@5 : 0.036    recall@10 : 0.0548    recall@20 : 0.0796    ndcg@3 : 0.0202    ndcg@5 : 0.0241    ndcg@10 : 0.0301    ndcg@20 : 0.0363    
Sat 25 Oct 2025 14:54:14 INFO  epoch 36 training [time: 16.98s, train loss: 1321.1697]
Sat 25 Oct 2025 14:54:33 INFO  epoch 37 training [time: 19.45s, train loss: 1313.9598]
Sat 25 Oct 2025 14:54:32 INFO  epoch 37 evaluating [time: -1.06s, valid_score: 0.055400]
Sat 25 Oct 2025 14:54:32 INFO  valid result: 
recall@3 : 0.0266    recall@5 : 0.0361    recall@10 : 0.0554    recall@20 : 0.0807    ndcg@3 : 0.0203    ndcg@5 : 0.0242    ndcg@10 : 0.0304    ndcg@20 : 0.0368    
Sat 25 Oct 2025 14:54:33 INFO  Saving current best: saved/SASRecF-Oct-25-2025_14-42-19.pth
Sat 25 Oct 2025 14:54:53 INFO  epoch 38 training [time: 19.48s, train loss: 1306.6274]
Sat 25 Oct 2025 14:55:10 INFO  epoch 39 training [time: 16.97s, train loss: 1299.7753]
Sat 25 Oct 2025 14:55:11 INFO  epoch 39 evaluating [time: 1.41s, valid_score: 0.054600]
Sat 25 Oct 2025 14:55:11 INFO  valid result: 
recall@3 : 0.0266    recall@5 : 0.0361    recall@10 : 0.0546    recall@20 : 0.0794    ndcg@3 : 0.0206    ndcg@5 : 0.0245    ndcg@10 : 0.0304    ndcg@20 : 0.0367    
Sat 25 Oct 2025 14:55:31 INFO  epoch 40 training [time: 19.45s, train loss: 1292.6821]
Sat 25 Oct 2025 14:55:47 INFO  epoch 41 training [time: 16.97s, train loss: 1285.5231]
Sat 25 Oct 2025 14:55:49 INFO  epoch 41 evaluating [time: 1.40s, valid_score: 0.054700]
Sat 25 Oct 2025 14:55:49 INFO  valid result: 
recall@3 : 0.0269    recall@5 : 0.036    recall@10 : 0.0547    recall@20 : 0.0791    ndcg@3 : 0.0209    ndcg@5 : 0.0246    ndcg@10 : 0.0307    ndcg@20 : 0.0368    
Sat 25 Oct 2025 14:56:06 INFO  epoch 42 training [time: 16.98s, train loss: 1278.4415]
Sat 25 Oct 2025 14:56:25 INFO  epoch 43 training [time: 19.45s, train loss: 1272.5036]
Sat 25 Oct 2025 14:56:27 INFO  epoch 43 evaluating [time: 1.39s, valid_score: 0.054400]
Sat 25 Oct 2025 14:56:27 INFO  valid result: 
recall@3 : 0.0264    recall@5 : 0.0363    recall@10 : 0.0544    recall@20 : 0.0794    ndcg@3 : 0.0206    ndcg@5 : 0.0247    ndcg@10 : 0.0305    ndcg@20 : 0.0368    
Sat 25 Oct 2025 14:56:44 INFO  epoch 44 training [time: 16.97s, train loss: 1265.5081]
Sat 25 Oct 2025 14:57:01 INFO  epoch 45 training [time: 16.98s, train loss: 1259.0014]
Sat 25 Oct 2025 14:57:02 INFO  epoch 45 evaluating [time: 1.43s, valid_score: 0.053500]
Sat 25 Oct 2025 14:57:02 INFO  valid result: 
recall@3 : 0.0252    recall@5 : 0.0361    recall@10 : 0.0535    recall@20 : 0.0785    ndcg@3 : 0.0195    ndcg@5 : 0.024    ndcg@10 : 0.0296    ndcg@20 : 0.0359    
Sat 25 Oct 2025 14:57:22 INFO  epoch 46 training [time: 19.47s, train loss: 1252.2600]
Sat 25 Oct 2025 14:57:39 INFO  epoch 47 training [time: 16.98s, train loss: 1245.9770]
Sat 25 Oct 2025 14:57:40 INFO  epoch 47 evaluating [time: 1.43s, valid_score: 0.054000]
Sat 25 Oct 2025 14:57:40 INFO  valid result: 
recall@3 : 0.0257    recall@5 : 0.0354    recall@10 : 0.054    recall@20 : 0.0779    ndcg@3 : 0.0201    ndcg@5 : 0.0241    ndcg@10 : 0.0301    ndcg@20 : 0.0361    
Sat 25 Oct 2025 14:57:59 INFO  epoch 48 training [time: 19.48s, train loss: 1238.8068]
Sat 25 Oct 2025 14:58:16 INFO  epoch 49 training [time: 16.98s, train loss: 1232.6444]
Sat 25 Oct 2025 14:58:18 INFO  epoch 49 evaluating [time: 1.41s, valid_score: 0.053700]
Sat 25 Oct 2025 14:58:18 INFO  valid result: 
recall@3 : 0.0256    recall@5 : 0.0362    recall@10 : 0.0537    recall@20 : 0.078    ndcg@3 : 0.02    ndcg@5 : 0.0243    ndcg@10 : 0.03    ndcg@20 : 0.0361    
Sat 25 Oct 2025 14:58:35 INFO  epoch 50 training [time: 16.98s, train loss: 1226.1389]
Sat 25 Oct 2025 14:58:54 INFO  epoch 51 training [time: 19.45s, train loss: 1220.1381]
Sat 25 Oct 2025 14:58:56 INFO  epoch 51 evaluating [time: 1.43s, valid_score: 0.053700]
Sat 25 Oct 2025 14:58:56 INFO  valid result: 
recall@3 : 0.0257    recall@5 : 0.036    recall@10 : 0.0537    recall@20 : 0.0781    ndcg@3 : 0.0201    ndcg@5 : 0.0243    ndcg@10 : 0.03    ndcg@20 : 0.0362    
Sat 25 Oct 2025 14:59:13 INFO  epoch 52 training [time: 16.99s, train loss: 1213.7503]
Sat 25 Oct 2025 14:59:30 INFO  epoch 53 training [time: 16.97s, train loss: 1208.2752]
Sat 25 Oct 2025 14:59:31 INFO  epoch 53 evaluating [time: 1.43s, valid_score: 0.052900]
Sat 25 Oct 2025 14:59:31 INFO  valid result: 
recall@3 : 0.0255    recall@5 : 0.0358    recall@10 : 0.0529    recall@20 : 0.0759    ndcg@3 : 0.0199    ndcg@5 : 0.0241    ndcg@10 : 0.0296    ndcg@20 : 0.0354    
Sat 25 Oct 2025 14:59:51 INFO  epoch 54 training [time: 19.47s, train loss: 1201.8685]
Sat 25 Oct 2025 15:00:08 INFO  epoch 55 training [time: 16.97s, train loss: 1195.6371]
Sat 25 Oct 2025 15:00:09 INFO  epoch 55 evaluating [time: 1.41s, valid_score: 0.053600]
Sat 25 Oct 2025 15:00:09 INFO  valid result: 
recall@3 : 0.0253    recall@5 : 0.0353    recall@10 : 0.0536    recall@20 : 0.0766    ndcg@3 : 0.0197    ndcg@5 : 0.0238    ndcg@10 : 0.0297    ndcg@20 : 0.0354    
Sat 25 Oct 2025 15:00:28 INFO  epoch 56 training [time: 19.45s, train loss: 1190.0004]
Sat 25 Oct 2025 15:00:45 INFO  epoch 57 training [time: 16.98s, train loss: 1184.1506]
Sat 25 Oct 2025 15:00:47 INFO  epoch 57 evaluating [time: 1.40s, valid_score: 0.052000]
Sat 25 Oct 2025 15:00:47 INFO  valid result: 
recall@3 : 0.0255    recall@5 : 0.035    recall@10 : 0.052    recall@20 : 0.0759    ndcg@3 : 0.0199    ndcg@5 : 0.0238    ndcg@10 : 0.0293    ndcg@20 : 0.0353    
Sat 25 Oct 2025 15:01:04 INFO  epoch 58 training [time: 16.97s, train loss: 1177.7545]
Sat 25 Oct 2025 15:01:23 INFO  epoch 59 training [time: 19.45s, train loss: 1171.8864]
Sat 25 Oct 2025 15:01:25 INFO  epoch 59 evaluating [time: 1.40s, valid_score: 0.051500]
Sat 25 Oct 2025 15:01:25 INFO  valid result: 
recall@3 : 0.025    recall@5 : 0.0349    recall@10 : 0.0515    recall@20 : 0.0755    ndcg@3 : 0.0195    ndcg@5 : 0.0236    ndcg@10 : 0.029    ndcg@20 : 0.035    
Sat 25 Oct 2025 15:01:25 INFO  Finished training, best eval result in epoch 37
Sat 25 Oct 2025 15:01:25 INFO  Loading model structure and parameters from saved/SASRecF-Oct-25-2025_14-42-19.pth
Sat 25 Oct 2025 15:01:27 INFO  best valid : {'recall@3': np.float64(0.0266), 'recall@5': np.float64(0.0361), 'recall@10': np.float64(0.0554), 'recall@20': np.float64(0.0807), 'ndcg@3': np.float64(0.0203), 'ndcg@5': np.float64(0.0242), 'ndcg@10': np.float64(0.0304), 'ndcg@20': np.float64(0.0368)}
Sat 25 Oct 2025 15:01:27 INFO  test result: {'recall@3': np.float64(0.0203), 'recall@5': np.float64(0.0288), 'recall@10': np.float64(0.0439), 'recall@20': np.float64(0.066), 'ndcg@3': np.float64(0.0156), 'ndcg@5': np.float64(0.0191), 'ndcg@10': np.float64(0.024), 'ndcg@20': np.float64(0.0295)}
