Sat 25 Oct 2025 14:17:05 INFO  
General Hyper Parameters:
gpu_id = 0
use_gpu = True
seed = 212
state = INFO
reproducibility = True
data_path = ./recbole/data/dataset/Amazon_Sports_and_Outdoors
show_progress = True
save_dataset = False
save_dataloaders = False
benchmark_filename = None

Training Hyper Parameters:
checkpoint_dir = saved
epochs = 200
train_batch_size = 1024
learner = adam
learning_rate = 0.0001
eval_step = 2
stopping_step = 10
clip_grad_norm = None
weight_decay = 0.0
loss_decimal_place = 4

Evaluation Hyper Parameters:
eval_args = {'split': {'LS': 'valid_and_test'}, 'group_by': 'user', 'order': 'TO', 'mode': 'full'}
metrics = ['Recall', 'NDCG']
topk = [3, 5, 10, 20]
valid_metric = Recall@10
valid_metric_bigger = True
eval_batch_size = 256
metric_decimal_place = 4

Dataset Hyper Parameters:
field_separator = 	
seq_separator =  
USER_ID_FIELD = user_id
ITEM_ID_FIELD = item_id
RATING_FIELD = rating
TIME_FIELD = timestamp
seq_len = None
LABEL_FIELD = label
threshold = None
NEG_PREFIX = neg_
load_col = {'inter': ['user_id', 'item_id', 'rating', 'timestamp'], 'item': ['item_id', 'title', 'sales_rank', 'price', 'brand', 'categories', 'sales_type'], 'title': ['ent_id', 'ent_emb']}
unload_col = None
unused_col = None
additional_feat_suffix = ['title']
rm_dup_inter = None
val_interval = None
filter_inter_by_user_or_item = True
user_inter_num_interval = [5,inf)
item_inter_num_interval = [5,inf)
alias_of_user_id = None
alias_of_item_id = ['ent_id']
alias_of_entity_id = None
alias_of_relation_id = None
preload_weight = {'ent_id': 'ent_emb'}
normalize_field = None
normalize_all = None
ITEM_LIST_LENGTH_FIELD = item_length
LIST_SUFFIX = _list
MAX_ITEM_LIST_LENGTH = 50
POSITION_FIELD = position_id
HEAD_ENTITY_ID_FIELD = head_id
TAIL_ENTITY_ID_FIELD = tail_id
RELATION_ID_FIELD = relation_id
ENTITY_ID_FIELD = entity_id

Other Hyper Parameters: 
neg_sampling = None
multi_gpus = False
repeatable = True
n_layers = 3
n_heads = 8
hidden_size = 256
inner_size = 256
hidden_dropout_prob = 0.5
attn_dropout_prob = 0.3
hidden_act = gelu
layer_norm_eps = 1e-12
initializer_range = 0.02
selected_features = ['ent_emb', 'categories']
pooling_mode = sum
loss_type = CE
MODEL_TYPE = ModelType.SEQUENTIAL
attribute_hidden_size = [128, 128]
feature_type = ['static', 'categorical']
weight_sharing = not
fusion_type = gate
lamdas = [5, 5]
attribute_predictor = ['cos_sim', 'linear']
wandb_run_name = titles_images_categories
annealing = False
MODEL_INPUT_TYPE = InputType.POINTWISE
eval_type = EvaluatorType.RANKING
device = cuda
train_neg_sample_args = {'strategy': 'none'}
eval_neg_sample_args = {'strategy': 'full', 'distribution': 'uniform'}


Sat 25 Oct 2025 14:17:06 INFO  Amazon_Sports_and_Outdoors
The number of users: 35599
Average actions of users: 8.324540704533963
The number of items: 18358
Average actions of items: 16.142997221768262
The number of inters: 296337
The sparsity of the dataset: 99.95465569853714%
Remain Fields: ['user_id', 'item_id', 'rating', 'timestamp', 'title', 'price', 'brand', 'categories', 'sales_type', 'sales_rank', 'ent_id', 'ent_emb']
Sat 25 Oct 2025 14:17:09 INFO  [Training]: train_batch_size = [1024] negative sampling: [None]
Sat 25 Oct 2025 14:17:09 INFO  [Evaluation]: eval_batch_size = [256] eval_args: [{'split': {'LS': 'valid_and_test'}, 'group_by': 'user', 'order': 'TO', 'mode': 'full'}]
Sat 25 Oct 2025 14:17:11 INFO  SASRecF(
  (item_embedding): Embedding(18358, 256, padding_idx=0)
  (position_embedding): Embedding(50, 256)
  (feature_embed_layer_list): ModuleList(
    (0): Embedding(18358, 128)
    (1): FeatureSeqEmbLayer()
  )
  (trm_encoder): TransformerEncoder(
    (layer): ModuleList(
      (0-2): 3 x TransformerLayer(
        (multi_head_attention): MultiHeadAttention(
          (query): Linear(in_features=256, out_features=256, bias=True)
          (key): Linear(in_features=256, out_features=256, bias=True)
          (value): Linear(in_features=256, out_features=256, bias=True)
          (attn_dropout): Dropout(p=0.3, inplace=False)
          (dense): Linear(in_features=256, out_features=256, bias=True)
          (LayerNorm): LayerNorm((256,), eps=1e-12, elementwise_affine=True)
          (out_dropout): Dropout(p=0.5, inplace=False)
        )
        (feed_forward): FeedForward(
          (dense_1): Linear(in_features=256, out_features=256, bias=True)
          (dense_2): Linear(in_features=256, out_features=256, bias=True)
          (LayerNorm): LayerNorm((256,), eps=1e-12, elementwise_affine=True)
          (dropout): Dropout(p=0.5, inplace=False)
        )
      )
    )
  )
  (concat_layer): Linear(in_features=512, out_features=256, bias=True)
  (LayerNorm): LayerNorm((256,), eps=1e-12, elementwise_affine=True)
  (dropout): Dropout(p=0.5, inplace=False)
  (loss_fct): CrossEntropyLoss()
)
Trainable parameters: 6031616
Sat 25 Oct 2025 14:17:29 INFO  epoch 0 training [time: 17.57s, train loss: 1769.0638]
Sat 25 Oct 2025 14:17:49 INFO  epoch 1 training [time: 19.45s, train loss: 1710.5850]
Sat 25 Oct 2025 14:17:48 INFO  epoch 1 evaluating [time: -0.91s, valid_score: 0.020600]
Sat 25 Oct 2025 14:17:48 INFO  valid result: 
recall@3 : 0.0081    recall@5 : 0.0112    recall@10 : 0.0206    recall@20 : 0.0347    ndcg@3 : 0.0061    ndcg@5 : 0.0074    ndcg@10 : 0.0104    ndcg@20 : 0.0139    
Sat 25 Oct 2025 14:17:49 INFO  Saving current best: saved/SASRecF-Oct-25-2025_14-17-11.pth
Sat 25 Oct 2025 14:18:08 INFO  epoch 2 training [time: 19.44s, train loss: 1676.1198]
Sat 25 Oct 2025 14:18:25 INFO  epoch 3 training [time: 16.95s, train loss: 1649.6357]
Sat 25 Oct 2025 14:18:27 INFO  epoch 3 evaluating [time: 1.44s, valid_score: 0.023800]
Sat 25 Oct 2025 14:18:27 INFO  valid result: 
recall@3 : 0.0086    recall@5 : 0.0137    recall@10 : 0.0238    recall@20 : 0.0418    ndcg@3 : 0.0065    ndcg@5 : 0.0085    ndcg@10 : 0.0118    ndcg@20 : 0.0163    
Sat 25 Oct 2025 14:18:28 INFO  Saving current best: saved/SASRecF-Oct-25-2025_14-17-11.pth
Sat 25 Oct 2025 14:18:47 INFO  epoch 4 training [time: 19.46s, train loss: 1630.1400]
Sat 25 Oct 2025 14:19:04 INFO  epoch 5 training [time: 16.96s, train loss: 1614.3628]
Sat 25 Oct 2025 14:19:06 INFO  epoch 5 evaluating [time: 1.43s, valid_score: 0.028800]
Sat 25 Oct 2025 14:19:06 INFO  valid result: 
recall@3 : 0.0107    recall@5 : 0.0164    recall@10 : 0.0288    recall@20 : 0.048    ndcg@3 : 0.0079    ndcg@5 : 0.0102    ndcg@10 : 0.0142    ndcg@20 : 0.019    
Sat 25 Oct 2025 14:19:07 INFO  Saving current best: saved/SASRecF-Oct-25-2025_14-17-11.pth
Sat 25 Oct 2025 14:19:24 INFO  epoch 6 training [time: 16.96s, train loss: 1600.3691]
Sat 25 Oct 2025 14:19:43 INFO  epoch 7 training [time: 19.46s, train loss: 1588.0539]
Sat 25 Oct 2025 14:19:45 INFO  epoch 7 evaluating [time: 1.43s, valid_score: 0.031100]
Sat 25 Oct 2025 14:19:45 INFO  valid result: 
recall@3 : 0.0126    recall@5 : 0.0185    recall@10 : 0.0311    recall@20 : 0.0524    ndcg@3 : 0.0091    ndcg@5 : 0.0116    ndcg@10 : 0.0156    ndcg@20 : 0.0209    
Sat 25 Oct 2025 14:19:46 INFO  Saving current best: saved/SASRecF-Oct-25-2025_14-17-11.pth
Sat 25 Oct 2025 14:20:03 INFO  epoch 8 training [time: 16.96s, train loss: 1575.9676]
Sat 25 Oct 2025 14:20:20 INFO  epoch 9 training [time: 16.96s, train loss: 1564.1803]
Sat 25 Oct 2025 14:20:21 INFO  epoch 9 evaluating [time: 1.43s, valid_score: 0.035100]
Sat 25 Oct 2025 14:20:21 INFO  valid result: 
recall@3 : 0.0138    recall@5 : 0.0213    recall@10 : 0.0351    recall@20 : 0.0564    ndcg@3 : 0.0101    ndcg@5 : 0.0132    ndcg@10 : 0.0175    ndcg@20 : 0.0229    
Sat 25 Oct 2025 14:20:22 INFO  Saving current best: saved/SASRecF-Oct-25-2025_14-17-11.pth
Sat 25 Oct 2025 14:20:42 INFO  epoch 10 training [time: 19.46s, train loss: 1553.2826]
Sat 25 Oct 2025 14:20:59 INFO  epoch 11 training [time: 16.98s, train loss: 1542.4542]
Sat 25 Oct 2025 14:21:00 INFO  epoch 11 evaluating [time: 1.45s, valid_score: 0.037400]
Sat 25 Oct 2025 14:21:00 INFO  valid result: 
recall@3 : 0.0158    recall@5 : 0.0237    recall@10 : 0.0374    recall@20 : 0.0606    ndcg@3 : 0.0116    ndcg@5 : 0.0148    ndcg@10 : 0.0192    ndcg@20 : 0.0251    
Sat 25 Oct 2025 14:21:01 INFO  Saving current best: saved/SASRecF-Oct-25-2025_14-17-11.pth
Sat 25 Oct 2025 14:21:18 INFO  epoch 12 training [time: 17.01s, train loss: 1532.0887]
Sat 25 Oct 2025 14:21:38 INFO  epoch 13 training [time: 19.46s, train loss: 1521.1189]
Sat 25 Oct 2025 14:21:39 INFO  epoch 13 evaluating [time: 1.40s, valid_score: 0.040500]
Sat 25 Oct 2025 14:21:39 INFO  valid result: 
recall@3 : 0.0173    recall@5 : 0.0258    recall@10 : 0.0405    recall@20 : 0.0642    ndcg@3 : 0.0128    ndcg@5 : 0.0162    ndcg@10 : 0.0209    ndcg@20 : 0.0269    
Sat 25 Oct 2025 14:21:40 INFO  Saving current best: saved/SASRecF-Oct-25-2025_14-17-11.pth
Sat 25 Oct 2025 14:21:57 INFO  epoch 14 training [time: 17.00s, train loss: 1510.9162]
Sat 25 Oct 2025 14:22:16 INFO  epoch 15 training [time: 19.46s, train loss: 1500.5239]
Sat 25 Oct 2025 14:22:18 INFO  epoch 15 evaluating [time: 1.44s, valid_score: 0.043200]
Sat 25 Oct 2025 14:22:18 INFO  valid result: 
recall@3 : 0.0188    recall@5 : 0.0278    recall@10 : 0.0432    recall@20 : 0.0675    ndcg@3 : 0.0141    ndcg@5 : 0.0178    ndcg@10 : 0.0227    ndcg@20 : 0.0288    
Sat 25 Oct 2025 14:22:16 INFO  Saving current best: saved/SASRecF-Oct-25-2025_14-17-11.pth
Sat 25 Oct 2025 14:22:36 INFO  epoch 16 training [time: 19.48s, train loss: 1490.8448]
Sat 25 Oct 2025 14:22:53 INFO  epoch 17 training [time: 16.97s, train loss: 1481.3593]
Sat 25 Oct 2025 14:22:54 INFO  epoch 17 evaluating [time: 1.43s, valid_score: 0.044800]
Sat 25 Oct 2025 14:22:54 INFO  valid result: 
recall@3 : 0.0199    recall@5 : 0.0286    recall@10 : 0.0448    recall@20 : 0.0708    ndcg@3 : 0.0149    ndcg@5 : 0.0184    ndcg@10 : 0.0237    ndcg@20 : 0.0302    
Sat 25 Oct 2025 14:22:55 INFO  Saving current best: saved/SASRecF-Oct-25-2025_14-17-11.pth
Sat 25 Oct 2025 14:23:15 INFO  epoch 18 training [time: 19.46s, train loss: 1471.8634]
Sat 25 Oct 2025 14:23:32 INFO  epoch 19 training [time: 16.96s, train loss: 1462.2797]
Sat 25 Oct 2025 14:23:33 INFO  epoch 19 evaluating [time: 1.41s, valid_score: 0.047700]
Sat 25 Oct 2025 14:23:33 INFO  valid result: 
recall@3 : 0.0207    recall@5 : 0.0297    recall@10 : 0.0477    recall@20 : 0.0732    ndcg@3 : 0.0156    ndcg@5 : 0.0192    ndcg@10 : 0.025    ndcg@20 : 0.0314    
Sat 25 Oct 2025 14:23:34 INFO  Saving current best: saved/SASRecF-Oct-25-2025_14-17-11.pth
Sat 25 Oct 2025 14:23:51 INFO  epoch 20 training [time: 16.97s, train loss: 1453.4860]
Sat 25 Oct 2025 14:24:11 INFO  epoch 21 training [time: 19.46s, train loss: 1444.2554]
Sat 25 Oct 2025 14:24:12 INFO  epoch 21 evaluating [time: 1.40s, valid_score: 0.049300]
Sat 25 Oct 2025 14:24:12 INFO  valid result: 
recall@3 : 0.0213    recall@5 : 0.0317    recall@10 : 0.0493    recall@20 : 0.0747    ndcg@3 : 0.0162    ndcg@5 : 0.0205    ndcg@10 : 0.0262    ndcg@20 : 0.0326    
Sat 25 Oct 2025 14:24:13 INFO  Saving current best: saved/SASRecF-Oct-25-2025_14-17-11.pth
Sat 25 Oct 2025 14:24:30 INFO  epoch 22 training [time: 17.00s, train loss: 1434.8510]
Sat 25 Oct 2025 14:24:47 INFO  epoch 23 training [time: 16.99s, train loss: 1425.7225]
Sat 25 Oct 2025 14:24:49 INFO  epoch 23 evaluating [time: 1.43s, valid_score: 0.051900]
Sat 25 Oct 2025 14:24:49 INFO  valid result: 
recall@3 : 0.0223    recall@5 : 0.0331    recall@10 : 0.0519    recall@20 : 0.0765    ndcg@3 : 0.017    ndcg@5 : 0.0214    ndcg@10 : 0.0274    ndcg@20 : 0.0336    
Sat 25 Oct 2025 14:24:50 INFO  Saving current best: saved/SASRecF-Oct-25-2025_14-17-11.pth
Sat 25 Oct 2025 14:25:09 INFO  epoch 24 training [time: 19.46s, train loss: 1417.0360]
Sat 25 Oct 2025 14:25:26 INFO  epoch 25 training [time: 16.98s, train loss: 1408.6605]
Sat 25 Oct 2025 14:25:27 INFO  epoch 25 evaluating [time: 1.43s, valid_score: 0.052900]
Sat 25 Oct 2025 14:25:27 INFO  valid result: 
recall@3 : 0.0231    recall@5 : 0.0346    recall@10 : 0.0529    recall@20 : 0.0785    ndcg@3 : 0.0177    ndcg@5 : 0.0224    ndcg@10 : 0.0283    ndcg@20 : 0.0347    
Sat 25 Oct 2025 14:25:28 INFO  Saving current best: saved/SASRecF-Oct-25-2025_14-17-11.pth
Sat 25 Oct 2025 14:25:45 INFO  epoch 26 training [time: 16.97s, train loss: 1400.3167]
Sat 25 Oct 2025 14:26:05 INFO  epoch 27 training [time: 19.46s, train loss: 1391.7118]
Sat 25 Oct 2025 14:26:06 INFO  epoch 27 evaluating [time: 1.40s, valid_score: 0.053700]
Sat 25 Oct 2025 14:26:06 INFO  valid result: 
recall@3 : 0.0241    recall@5 : 0.0353    recall@10 : 0.0537    recall@20 : 0.0791    ndcg@3 : 0.0184    ndcg@5 : 0.023    ndcg@10 : 0.0289    ndcg@20 : 0.0353    
Sat 25 Oct 2025 14:26:07 INFO  Saving current best: saved/SASRecF-Oct-25-2025_14-17-11.pth
Sat 25 Oct 2025 14:26:24 INFO  epoch 28 training [time: 16.97s, train loss: 1383.0053]
Sat 25 Oct 2025 14:26:44 INFO  epoch 29 training [time: 19.43s, train loss: 1374.8785]
Sat 25 Oct 2025 14:26:45 INFO  epoch 29 evaluating [time: 1.44s, valid_score: 0.054900]
Sat 25 Oct 2025 14:26:45 INFO  valid result: 
recall@3 : 0.0254    recall@5 : 0.0358    recall@10 : 0.0549    recall@20 : 0.0795    ndcg@3 : 0.0194    ndcg@5 : 0.0237    ndcg@10 : 0.0298    ndcg@20 : 0.036    
Sat 25 Oct 2025 14:26:44 INFO  Saving current best: saved/SASRecF-Oct-25-2025_14-17-11.pth
Sat 25 Oct 2025 14:27:03 INFO  epoch 30 training [time: 19.46s, train loss: 1367.0735]
Sat 25 Oct 2025 14:27:20 INFO  epoch 31 training [time: 16.97s, train loss: 1359.3685]
Sat 25 Oct 2025 14:27:22 INFO  epoch 31 evaluating [time: 1.42s, valid_score: 0.055200]
Sat 25 Oct 2025 14:27:22 INFO  valid result: 
recall@3 : 0.0262    recall@5 : 0.036    recall@10 : 0.0552    recall@20 : 0.0794    ndcg@3 : 0.02    ndcg@5 : 0.024    ndcg@10 : 0.0302    ndcg@20 : 0.0363    
Sat 25 Oct 2025 14:27:23 INFO  Saving current best: saved/SASRecF-Oct-25-2025_14-17-11.pth
Sat 25 Oct 2025 14:27:42 INFO  epoch 32 training [time: 19.48s, train loss: 1351.4983]
Sat 25 Oct 2025 14:27:59 INFO  epoch 33 training [time: 16.96s, train loss: 1343.1743]
Sat 25 Oct 2025 14:28:00 INFO  epoch 33 evaluating [time: 1.43s, valid_score: 0.055200]
Sat 25 Oct 2025 14:28:00 INFO  valid result: 
recall@3 : 0.0264    recall@5 : 0.0367    recall@10 : 0.0552    recall@20 : 0.0813    ndcg@3 : 0.0202    ndcg@5 : 0.0244    ndcg@10 : 0.0303    ndcg@20 : 0.0369    
Sat 25 Oct 2025 14:28:17 INFO  epoch 34 training [time: 16.98s, train loss: 1335.7503]
Sat 25 Oct 2025 14:28:37 INFO  epoch 35 training [time: 19.46s, train loss: 1328.2283]
Sat 25 Oct 2025 14:28:38 INFO  epoch 35 evaluating [time: 1.43s, valid_score: 0.055600]
Sat 25 Oct 2025 14:28:38 INFO  valid result: 
recall@3 : 0.0264    recall@5 : 0.0359    recall@10 : 0.0556    recall@20 : 0.0803    ndcg@3 : 0.02    ndcg@5 : 0.0239    ndcg@10 : 0.0303    ndcg@20 : 0.0365    
Sat 25 Oct 2025 14:28:39 INFO  Saving current best: saved/SASRecF-Oct-25-2025_14-17-11.pth
Sat 25 Oct 2025 14:28:56 INFO  epoch 36 training [time: 17.00s, train loss: 1320.8255]
Sat 25 Oct 2025 14:29:13 INFO  epoch 37 training [time: 16.99s, train loss: 1313.7033]
Sat 25 Oct 2025 14:29:15 INFO  epoch 37 evaluating [time: 1.40s, valid_score: 0.055600]
Sat 25 Oct 2025 14:29:15 INFO  valid result: 
recall@3 : 0.0265    recall@5 : 0.0363    recall@10 : 0.0556    recall@20 : 0.081    ndcg@3 : 0.0202    ndcg@5 : 0.0241    ndcg@10 : 0.0304    ndcg@20 : 0.0367    
Sat 25 Oct 2025 14:29:34 INFO  epoch 38 training [time: 19.47s, train loss: 1306.3972]
Sat 25 Oct 2025 14:29:51 INFO  epoch 39 training [time: 16.98s, train loss: 1299.5712]
Sat 25 Oct 2025 14:29:53 INFO  epoch 39 evaluating [time: 1.42s, valid_score: 0.054600]
Sat 25 Oct 2025 14:29:53 INFO  valid result: 
recall@3 : 0.0265    recall@5 : 0.0363    recall@10 : 0.0546    recall@20 : 0.08    ndcg@3 : 0.0204    ndcg@5 : 0.0244    ndcg@10 : 0.0303    ndcg@20 : 0.0366    
Sat 25 Oct 2025 14:30:12 INFO  epoch 40 training [time: 19.46s, train loss: 1292.5627]
Sat 25 Oct 2025 14:30:29 INFO  epoch 41 training [time: 16.97s, train loss: 1285.3849]
Sat 25 Oct 2025 14:30:30 INFO  epoch 41 evaluating [time: 1.42s, valid_score: 0.054500]
Sat 25 Oct 2025 14:30:30 INFO  valid result: 
recall@3 : 0.0265    recall@5 : 0.036    recall@10 : 0.0545    recall@20 : 0.0798    ndcg@3 : 0.0206    ndcg@5 : 0.0245    ndcg@10 : 0.0305    ndcg@20 : 0.0368    
Sat 25 Oct 2025 14:30:47 INFO  epoch 42 training [time: 16.98s, train loss: 1278.3140]
Sat 25 Oct 2025 14:31:07 INFO  epoch 43 training [time: 19.46s, train loss: 1272.5068]
Sat 25 Oct 2025 14:31:08 INFO  epoch 43 evaluating [time: 1.43s, valid_score: 0.054400]
Sat 25 Oct 2025 14:31:08 INFO  valid result: 
recall@3 : 0.0266    recall@5 : 0.0363    recall@10 : 0.0544    recall@20 : 0.0798    ndcg@3 : 0.0206    ndcg@5 : 0.0246    ndcg@10 : 0.0304    ndcg@20 : 0.0368    
Sat 25 Oct 2025 14:31:25 INFO  epoch 44 training [time: 16.99s, train loss: 1265.5002]
Sat 25 Oct 2025 14:31:42 INFO  epoch 45 training [time: 16.97s, train loss: 1259.0865]
Sat 25 Oct 2025 14:31:44 INFO  epoch 45 evaluating [time: 1.44s, valid_score: 0.053300]
Sat 25 Oct 2025 14:31:44 INFO  valid result: 
recall@3 : 0.0253    recall@5 : 0.0355    recall@10 : 0.0533    recall@20 : 0.0792    ndcg@3 : 0.0196    ndcg@5 : 0.0238    ndcg@10 : 0.0295    ndcg@20 : 0.036    
Sat 25 Oct 2025 14:32:03 INFO  epoch 46 training [time: 19.45s, train loss: 1252.4042]
Sat 25 Oct 2025 14:32:20 INFO  epoch 47 training [time: 16.97s, train loss: 1246.0211]
Sat 25 Oct 2025 14:32:22 INFO  epoch 47 evaluating [time: 1.45s, valid_score: 0.053300]
Sat 25 Oct 2025 14:32:22 INFO  valid result: 
recall@3 : 0.0251    recall@5 : 0.0356    recall@10 : 0.0533    recall@20 : 0.0776    ndcg@3 : 0.0197    ndcg@5 : 0.024    ndcg@10 : 0.0297    ndcg@20 : 0.0358    
Sat 25 Oct 2025 14:32:41 INFO  epoch 48 training [time: 19.46s, train loss: 1238.9686]
Sat 25 Oct 2025 14:32:58 INFO  epoch 49 training [time: 16.97s, train loss: 1232.9544]
Sat 25 Oct 2025 14:32:59 INFO  epoch 49 evaluating [time: 1.41s, valid_score: 0.053500]
Sat 25 Oct 2025 14:32:59 INFO  valid result: 
recall@3 : 0.0254    recall@5 : 0.0362    recall@10 : 0.0535    recall@20 : 0.0776    ndcg@3 : 0.0198    ndcg@5 : 0.0242    ndcg@10 : 0.0298    ndcg@20 : 0.0358    
Sat 25 Oct 2025 14:33:16 INFO  epoch 50 training [time: 17.00s, train loss: 1226.4615]
Sat 25 Oct 2025 14:33:36 INFO  epoch 51 training [time: 19.47s, train loss: 1220.3932]
Sat 25 Oct 2025 14:33:37 INFO  epoch 51 evaluating [time: 1.41s, valid_score: 0.053800]
Sat 25 Oct 2025 14:33:37 INFO  valid result: 
recall@3 : 0.0256    recall@5 : 0.036    recall@10 : 0.0538    recall@20 : 0.0783    ndcg@3 : 0.0198    ndcg@5 : 0.0241    ndcg@10 : 0.0298    ndcg@20 : 0.036    
Sat 25 Oct 2025 14:33:54 INFO  epoch 52 training [time: 16.99s, train loss: 1214.0954]
Sat 25 Oct 2025 14:34:11 INFO  epoch 53 training [time: 16.98s, train loss: 1208.5945]
Sat 25 Oct 2025 14:34:13 INFO  epoch 53 evaluating [time: 1.44s, valid_score: 0.053100]
Sat 25 Oct 2025 14:34:13 INFO  valid result: 
recall@3 : 0.0256    recall@5 : 0.036    recall@10 : 0.0531    recall@20 : 0.0763    ndcg@3 : 0.0199    ndcg@5 : 0.0241    ndcg@10 : 0.0296    ndcg@20 : 0.0354    
Sat 25 Oct 2025 14:34:32 INFO  epoch 54 training [time: 19.46s, train loss: 1202.3084]
Sat 25 Oct 2025 14:34:49 INFO  epoch 55 training [time: 16.99s, train loss: 1196.0973]
Sat 25 Oct 2025 14:34:51 INFO  epoch 55 evaluating [time: 1.46s, valid_score: 0.052900]
Sat 25 Oct 2025 14:34:51 INFO  valid result: 
recall@3 : 0.0256    recall@5 : 0.0355    recall@10 : 0.0529    recall@20 : 0.0764    ndcg@3 : 0.0198    ndcg@5 : 0.0239    ndcg@10 : 0.0295    ndcg@20 : 0.0354    
Sat 25 Oct 2025 14:35:10 INFO  epoch 56 training [time: 19.49s, train loss: 1190.4196]
Sat 25 Oct 2025 14:35:27 INFO  epoch 57 training [time: 16.98s, train loss: 1184.6732]
Sat 25 Oct 2025 14:35:28 INFO  epoch 57 evaluating [time: 1.44s, valid_score: 0.052100]
Sat 25 Oct 2025 14:35:28 INFO  valid result: 
recall@3 : 0.0249    recall@5 : 0.0351    recall@10 : 0.0521    recall@20 : 0.0756    ndcg@3 : 0.0196    ndcg@5 : 0.0238    ndcg@10 : 0.0292    ndcg@20 : 0.0351    
Sat 25 Oct 2025 14:35:28 INFO  Finished training, best eval result in epoch 35
Sat 25 Oct 2025 14:35:29 INFO  Loading model structure and parameters from saved/SASRecF-Oct-25-2025_14-17-11.pth
Sat 25 Oct 2025 14:35:31 INFO  best valid : {'recall@3': np.float64(0.0264), 'recall@5': np.float64(0.0359), 'recall@10': np.float64(0.0556), 'recall@20': np.float64(0.0803), 'ndcg@3': np.float64(0.02), 'ndcg@5': np.float64(0.0239), 'ndcg@10': np.float64(0.0303), 'ndcg@20': np.float64(0.0365)}
Sat 25 Oct 2025 14:35:31 INFO  test result: {'recall@3': np.float64(0.0204), 'recall@5': np.float64(0.028), 'recall@10': np.float64(0.044), 'recall@20': np.float64(0.065), 'ndcg@3': np.float64(0.0157), 'ndcg@5': np.float64(0.0188), 'ndcg@10': np.float64(0.0239), 'ndcg@20': np.float64(0.0292)}
