Sat 25 Oct 2025 12:58:49 INFO  
General Hyper Parameters:
gpu_id = 0
use_gpu = True
seed = 212
state = INFO
reproducibility = True
data_path = ./recbole/data/dataset/Amazon_Sports_and_Outdoors
show_progress = True
save_dataset = False
save_dataloaders = False
benchmark_filename = None

Training Hyper Parameters:
checkpoint_dir = saved
epochs = 200
train_batch_size = 1024
learner = adam
learning_rate = 0.0001
eval_step = 2
stopping_step = 10
clip_grad_norm = None
weight_decay = 0.0
loss_decimal_place = 4

Evaluation Hyper Parameters:
eval_args = {'split': {'LS': 'valid_and_test'}, 'group_by': 'user', 'order': 'TO', 'mode': 'full'}
metrics = ['Recall', 'NDCG']
topk = [3, 5, 10, 20]
valid_metric = Recall@10
valid_metric_bigger = True
eval_batch_size = 256
metric_decimal_place = 4

Dataset Hyper Parameters:
field_separator = 	
seq_separator =  
USER_ID_FIELD = user_id
ITEM_ID_FIELD = item_id
RATING_FIELD = rating
TIME_FIELD = timestamp
seq_len = None
LABEL_FIELD = label
threshold = None
NEG_PREFIX = neg_
load_col = {'inter': ['user_id', 'item_id', 'rating', 'timestamp'], 'item': ['item_id', 'title', 'sales_rank', 'price', 'brand', 'categories', 'sales_type'], 'title': ['ent_id', 'ent_emb']}
unload_col = None
unused_col = None
additional_feat_suffix = ['title']
rm_dup_inter = None
val_interval = None
filter_inter_by_user_or_item = True
user_inter_num_interval = [5,inf)
item_inter_num_interval = [5,inf)
alias_of_user_id = None
alias_of_item_id = ['ent_id']
alias_of_entity_id = None
alias_of_relation_id = None
preload_weight = {'ent_id': 'ent_emb'}
normalize_field = None
normalize_all = None
ITEM_LIST_LENGTH_FIELD = item_length
LIST_SUFFIX = _list
MAX_ITEM_LIST_LENGTH = 50
POSITION_FIELD = position_id
HEAD_ENTITY_ID_FIELD = head_id
TAIL_ENTITY_ID_FIELD = tail_id
RELATION_ID_FIELD = relation_id
ENTITY_ID_FIELD = entity_id

Other Hyper Parameters: 
neg_sampling = None
multi_gpus = False
repeatable = True
n_layers = 3
n_heads = 8
hidden_size = 256
inner_size = 256
hidden_dropout_prob = 0.5
attn_dropout_prob = 0.3
hidden_act = gelu
layer_norm_eps = 1e-12
initializer_range = 0.02
selected_features = ['ent_emb']
pooling_mode = sum
loss_type = CE
MODEL_TYPE = ModelType.SEQUENTIAL
attribute_hidden_size = [128]
feature_type = ['static']
weight_sharing = not
fusion_type = gate
lamdas = [5]
attribute_predictor = ['cos_sim']
wandb_run_name = titles2
annealing = False
MODEL_INPUT_TYPE = InputType.POINTWISE
eval_type = EvaluatorType.RANKING
device = cuda
train_neg_sample_args = {'strategy': 'none'}
eval_neg_sample_args = {'strategy': 'full', 'distribution': 'uniform'}


Sat 25 Oct 2025 12:58:50 INFO  Amazon_Sports_and_Outdoors
The number of users: 35599
Average actions of users: 8.324540704533963
The number of items: 18358
Average actions of items: 16.142997221768262
The number of inters: 296337
The sparsity of the dataset: 99.95465569853714%
Remain Fields: ['user_id', 'item_id', 'rating', 'timestamp', 'title', 'price', 'brand', 'categories', 'sales_type', 'sales_rank', 'ent_id', 'ent_emb']
Sat 25 Oct 2025 12:58:53 INFO  [Training]: train_batch_size = [1024] negative sampling: [None]
Sat 25 Oct 2025 12:58:53 INFO  [Evaluation]: eval_batch_size = [256] eval_args: [{'split': {'LS': 'valid_and_test'}, 'group_by': 'user', 'order': 'TO', 'mode': 'full'}]
Sat 25 Oct 2025 12:58:55 INFO  SASRecF(
  (item_embedding): Embedding(18358, 256, padding_idx=0)
  (position_embedding): Embedding(50, 256)
  (feature_embed_layer_list): ModuleList(
    (0): Embedding(18358, 128)
  )
  (trm_encoder): TransformerEncoder(
    (layer): ModuleList(
      (0-2): 3 x TransformerLayer(
        (multi_head_attention): MultiHeadAttention(
          (query): Linear(in_features=256, out_features=256, bias=True)
          (key): Linear(in_features=256, out_features=256, bias=True)
          (value): Linear(in_features=256, out_features=256, bias=True)
          (attn_dropout): Dropout(p=0.3, inplace=False)
          (dense): Linear(in_features=256, out_features=256, bias=True)
          (LayerNorm): LayerNorm((256,), eps=1e-12, elementwise_affine=True)
          (out_dropout): Dropout(p=0.5, inplace=False)
        )
        (feed_forward): FeedForward(
          (dense_1): Linear(in_features=256, out_features=256, bias=True)
          (dense_2): Linear(in_features=256, out_features=256, bias=True)
          (LayerNorm): LayerNorm((256,), eps=1e-12, elementwise_affine=True)
          (dropout): Dropout(p=0.5, inplace=False)
        )
      )
    )
  )
  (concat_layer): Linear(in_features=384, out_features=256, bias=True)
  (LayerNorm): LayerNorm((256,), eps=1e-12, elementwise_affine=True)
  (dropout): Dropout(p=0.5, inplace=False)
  (loss_fct): CrossEntropyLoss()
)
Trainable parameters: 5998848
Sat 25 Oct 2025 12:59:08 INFO  epoch 0 training [time: 11.97s, train loss: 1771.5008]
Sat 25 Oct 2025 12:59:22 INFO  epoch 1 training [time: 13.86s, train loss: 1722.8410]
Sat 25 Oct 2025 12:59:23 INFO  epoch 1 evaluating [time: 1.20s, valid_score: 0.012700]
Sat 25 Oct 2025 12:59:23 INFO  valid result: 
recall@3 : 0.006    recall@5 : 0.0083    recall@10 : 0.0127    recall@20 : 0.0243    ndcg@3 : 0.0045    ndcg@5 : 0.0054    ndcg@10 : 0.0068    ndcg@20 : 0.0097    
Sat 25 Oct 2025 12:59:23 INFO  Saving current best: saved/SASRecF-Oct-25-2025_12-58-55.pth
Sat 25 Oct 2025 12:59:34 INFO  epoch 2 training [time: 11.38s, train loss: 1715.7805]
Sat 25 Oct 2025 12:59:48 INFO  epoch 3 training [time: 13.85s, train loss: 1686.5738]
Sat 25 Oct 2025 12:59:49 INFO  epoch 3 evaluating [time: 1.08s, valid_score: 0.020800]
Sat 25 Oct 2025 12:59:49 INFO  valid result: 
recall@3 : 0.0077    recall@5 : 0.0123    recall@10 : 0.0208    recall@20 : 0.0351    ndcg@3 : 0.0057    ndcg@5 : 0.0076    ndcg@10 : 0.0104    ndcg@20 : 0.0139    
Sat 25 Oct 2025 12:59:49 INFO  Saving current best: saved/SASRecF-Oct-25-2025_12-58-55.pth
Sat 25 Oct 2025 13:00:01 INFO  epoch 4 training [time: 11.37s, train loss: 1656.6698]
Sat 25 Oct 2025 13:00:15 INFO  epoch 5 training [time: 13.85s, train loss: 1634.2956]
Sat 25 Oct 2025 13:00:16 INFO  epoch 5 evaluating [time: 1.06s, valid_score: 0.025300]
Sat 25 Oct 2025 13:00:16 INFO  valid result: 
recall@3 : 0.0093    recall@5 : 0.0147    recall@10 : 0.0253    recall@20 : 0.0419    ndcg@3 : 0.0068    ndcg@5 : 0.009    ndcg@10 : 0.0124    ndcg@20 : 0.0166    
Sat 25 Oct 2025 13:00:16 INFO  Saving current best: saved/SASRecF-Oct-25-2025_12-58-55.pth
Sat 25 Oct 2025 13:00:27 INFO  epoch 6 training [time: 11.38s, train loss: 1615.6519]
Sat 25 Oct 2025 13:00:41 INFO  epoch 7 training [time: 13.87s, train loss: 1597.8508]
Sat 25 Oct 2025 13:00:42 INFO  epoch 7 evaluating [time: 1.09s, valid_score: 0.030500]
Sat 25 Oct 2025 13:00:42 INFO  valid result: 
recall@3 : 0.0122    recall@5 : 0.0183    recall@10 : 0.0305    recall@20 : 0.0496    ndcg@3 : 0.0089    ndcg@5 : 0.0114    ndcg@10 : 0.0153    ndcg@20 : 0.0201    
Sat 25 Oct 2025 13:00:42 INFO  Saving current best: saved/SASRecF-Oct-25-2025_12-58-55.pth
Sat 25 Oct 2025 13:00:54 INFO  epoch 8 training [time: 11.37s, train loss: 1580.0157]
Sat 25 Oct 2025 13:01:07 INFO  epoch 9 training [time: 13.85s, train loss: 1562.2247]
Sat 25 Oct 2025 13:01:09 INFO  epoch 9 evaluating [time: 1.11s, valid_score: 0.035900]
Sat 25 Oct 2025 13:01:09 INFO  valid result: 
recall@3 : 0.0152    recall@5 : 0.0219    recall@10 : 0.0359    recall@20 : 0.0565    ndcg@3 : 0.0116    ndcg@5 : 0.0143    ndcg@10 : 0.0188    ndcg@20 : 0.024    
Sat 25 Oct 2025 13:01:09 INFO  Saving current best: saved/SASRecF-Oct-25-2025_12-58-55.pth
Sat 25 Oct 2025 13:01:23 INFO  epoch 10 training [time: 13.87s, train loss: 1544.5588]
Sat 25 Oct 2025 13:01:34 INFO  epoch 11 training [time: 11.38s, train loss: 1527.2526]
Sat 25 Oct 2025 13:01:35 INFO  epoch 11 evaluating [time: 1.07s, valid_score: 0.040000]
Sat 25 Oct 2025 13:01:35 INFO  valid result: 
recall@3 : 0.0179    recall@5 : 0.0252    recall@10 : 0.04    recall@20 : 0.0621    ndcg@3 : 0.0137    ndcg@5 : 0.0167    ndcg@10 : 0.0215    ndcg@20 : 0.027    
Sat 25 Oct 2025 13:01:35 INFO  Saving current best: saved/SASRecF-Oct-25-2025_12-58-55.pth
Sat 25 Oct 2025 13:01:49 INFO  epoch 12 training [time: 13.88s, train loss: 1511.1506]
Sat 25 Oct 2025 13:02:00 INFO  epoch 13 training [time: 11.37s, train loss: 1495.8562]
Sat 25 Oct 2025 13:02:01 INFO  epoch 13 evaluating [time: 1.13s, valid_score: 0.044200]
Sat 25 Oct 2025 13:02:01 INFO  valid result: 
recall@3 : 0.0205    recall@5 : 0.0278    recall@10 : 0.0442    recall@20 : 0.0672    ndcg@3 : 0.016    ndcg@5 : 0.019    ndcg@10 : 0.0242    ndcg@20 : 0.03    
Sat 25 Oct 2025 13:02:02 INFO  Saving current best: saved/SASRecF-Oct-25-2025_12-58-55.pth
Sat 25 Oct 2025 13:02:15 INFO  epoch 14 training [time: 13.87s, train loss: 1480.7354]
Sat 25 Oct 2025 13:02:27 INFO  epoch 15 training [time: 11.38s, train loss: 1465.9725]
Sat 25 Oct 2025 13:02:28 INFO  epoch 15 evaluating [time: 1.10s, valid_score: 0.048100]
Sat 25 Oct 2025 13:02:28 INFO  valid result: 
recall@3 : 0.0218    recall@5 : 0.0315    recall@10 : 0.0481    recall@20 : 0.0727    ndcg@3 : 0.0168    ndcg@5 : 0.0208    ndcg@10 : 0.0261    ndcg@20 : 0.0323    
Sat 25 Oct 2025 13:02:28 INFO  Saving current best: saved/SASRecF-Oct-25-2025_12-58-55.pth
Sat 25 Oct 2025 13:02:42 INFO  epoch 16 training [time: 13.86s, train loss: 1452.0436]
Sat 25 Oct 2025 13:02:53 INFO  epoch 17 training [time: 11.39s, train loss: 1438.0675]
Sat 25 Oct 2025 13:02:54 INFO  epoch 17 evaluating [time: 1.08s, valid_score: 0.050500]
Sat 25 Oct 2025 13:02:54 INFO  valid result: 
recall@3 : 0.0234    recall@5 : 0.0334    recall@10 : 0.0505    recall@20 : 0.0761    ndcg@3 : 0.0182    ndcg@5 : 0.0223    ndcg@10 : 0.0278    ndcg@20 : 0.0342    
Sat 25 Oct 2025 13:02:54 INFO  Saving current best: saved/SASRecF-Oct-25-2025_12-58-55.pth
Sat 25 Oct 2025 13:03:08 INFO  epoch 18 training [time: 13.88s, train loss: 1424.2983]
Sat 25 Oct 2025 13:03:22 INFO  epoch 19 training [time: 13.86s, train loss: 1410.3265]
Sat 25 Oct 2025 13:03:23 INFO  epoch 19 evaluating [time: 1.12s, valid_score: 0.053200]
Sat 25 Oct 2025 13:03:23 INFO  valid result: 
recall@3 : 0.0255    recall@5 : 0.0357    recall@10 : 0.0532    recall@20 : 0.0784    ndcg@3 : 0.02    ndcg@5 : 0.0241    ndcg@10 : 0.0298    ndcg@20 : 0.0361    
Sat 25 Oct 2025 13:03:23 INFO  Saving current best: saved/SASRecF-Oct-25-2025_12-58-55.pth
Sat 25 Oct 2025 13:03:35 INFO  epoch 20 training [time: 11.39s, train loss: 1396.6164]
Sat 25 Oct 2025 13:03:49 INFO  epoch 21 training [time: 13.87s, train loss: 1382.9366]
Sat 25 Oct 2025 13:03:50 INFO  epoch 21 evaluating [time: 1.05s, valid_score: 0.055000]
Sat 25 Oct 2025 13:03:50 INFO  valid result: 
recall@3 : 0.0285    recall@5 : 0.0378    recall@10 : 0.055    recall@20 : 0.0806    ndcg@3 : 0.0219    ndcg@5 : 0.0258    ndcg@10 : 0.0313    ndcg@20 : 0.0377    
Sat 25 Oct 2025 13:03:50 INFO  Saving current best: saved/SASRecF-Oct-25-2025_12-58-55.pth
Sat 25 Oct 2025 13:04:01 INFO  epoch 22 training [time: 11.39s, train loss: 1369.1646]
Sat 25 Oct 2025 13:04:15 INFO  epoch 23 training [time: 13.88s, train loss: 1355.0527]
Sat 25 Oct 2025 13:04:16 INFO  epoch 23 evaluating [time: 1.09s, valid_score: 0.056700]
Sat 25 Oct 2025 13:04:16 INFO  valid result: 
recall@3 : 0.029    recall@5 : 0.0387    recall@10 : 0.0567    recall@20 : 0.0825    ndcg@3 : 0.0229    ndcg@5 : 0.0269    ndcg@10 : 0.0327    ndcg@20 : 0.0392    
Sat 25 Oct 2025 13:04:16 INFO  Saving current best: saved/SASRecF-Oct-25-2025_12-58-55.pth
Sat 25 Oct 2025 13:04:28 INFO  epoch 24 training [time: 11.39s, train loss: 1341.4010]
Sat 25 Oct 2025 13:04:41 INFO  epoch 25 training [time: 13.87s, train loss: 1328.0335]
Sat 25 Oct 2025 13:04:43 INFO  epoch 25 evaluating [time: 1.10s, valid_score: 0.057700]
Sat 25 Oct 2025 13:04:43 INFO  valid result: 
recall@3 : 0.03    recall@5 : 0.0396    recall@10 : 0.0577    recall@20 : 0.0836    ndcg@3 : 0.0238    ndcg@5 : 0.0278    ndcg@10 : 0.0336    ndcg@20 : 0.0401    
Sat 25 Oct 2025 13:04:43 INFO  Saving current best: saved/SASRecF-Oct-25-2025_12-58-55.pth
Sat 25 Oct 2025 13:04:54 INFO  epoch 26 training [time: 11.40s, train loss: 1313.7418]
Sat 25 Oct 2025 13:05:08 INFO  epoch 27 training [time: 13.90s, train loss: 1299.6117]
Sat 25 Oct 2025 13:05:09 INFO  epoch 27 evaluating [time: 1.12s, valid_score: 0.057500]
Sat 25 Oct 2025 13:05:09 INFO  valid result: 
recall@3 : 0.0307    recall@5 : 0.0406    recall@10 : 0.0575    recall@20 : 0.0844    ndcg@3 : 0.0247    ndcg@5 : 0.0288    ndcg@10 : 0.0342    ndcg@20 : 0.0409    
Sat 25 Oct 2025 13:05:23 INFO  epoch 28 training [time: 13.85s, train loss: 1285.8080]
Sat 25 Oct 2025 13:05:34 INFO  epoch 29 training [time: 11.38s, train loss: 1272.1998]
Sat 25 Oct 2025 13:05:35 INFO  epoch 29 evaluating [time: 1.12s, valid_score: 0.058100]
Sat 25 Oct 2025 13:05:35 INFO  valid result: 
recall@3 : 0.0317    recall@5 : 0.0411    recall@10 : 0.0581    recall@20 : 0.0848    ndcg@3 : 0.0256    ndcg@5 : 0.0294    ndcg@10 : 0.0349    ndcg@20 : 0.0416    
Sat 25 Oct 2025 13:05:35 INFO  Saving current best: saved/SASRecF-Oct-25-2025_12-58-55.pth
Sat 25 Oct 2025 13:05:49 INFO  epoch 30 training [time: 13.88s, train loss: 1258.5628]
Sat 25 Oct 2025 13:06:01 INFO  epoch 31 training [time: 11.38s, train loss: 1244.9236]
Sat 25 Oct 2025 13:06:02 INFO  epoch 31 evaluating [time: 1.11s, valid_score: 0.058000]
Sat 25 Oct 2025 13:06:02 INFO  valid result: 
recall@3 : 0.0316    recall@5 : 0.041    recall@10 : 0.058    recall@20 : 0.0839    ndcg@3 : 0.0256    ndcg@5 : 0.0295    ndcg@10 : 0.035    ndcg@20 : 0.0415    
Sat 25 Oct 2025 13:06:16 INFO  epoch 32 training [time: 13.88s, train loss: 1231.5509]
Sat 25 Oct 2025 13:06:27 INFO  epoch 33 training [time: 11.38s, train loss: 1217.8481]
Sat 25 Oct 2025 13:06:28 INFO  epoch 33 evaluating [time: 1.11s, valid_score: 0.058300]
Sat 25 Oct 2025 13:06:28 INFO  valid result: 
recall@3 : 0.0325    recall@5 : 0.042    recall@10 : 0.0583    recall@20 : 0.0839    ndcg@3 : 0.0263    ndcg@5 : 0.0302    ndcg@10 : 0.0355    ndcg@20 : 0.0419    
Sat 25 Oct 2025 13:06:28 INFO  Saving current best: saved/SASRecF-Oct-25-2025_12-58-55.pth
Sat 25 Oct 2025 13:06:42 INFO  epoch 34 training [time: 13.88s, train loss: 1204.4264]
Sat 25 Oct 2025 13:06:54 INFO  epoch 35 training [time: 11.39s, train loss: 1190.2029]
Sat 25 Oct 2025 13:06:55 INFO  epoch 35 evaluating [time: 1.07s, valid_score: 0.057400]
Sat 25 Oct 2025 13:06:55 INFO  valid result: 
recall@3 : 0.032    recall@5 : 0.0414    recall@10 : 0.0574    recall@20 : 0.082    ndcg@3 : 0.0261    ndcg@5 : 0.03    ndcg@10 : 0.0351    ndcg@20 : 0.0413    
Sat 25 Oct 2025 13:07:08 INFO  epoch 36 training [time: 13.87s, train loss: 1177.0147]
Sat 25 Oct 2025 13:07:20 INFO  epoch 37 training [time: 11.40s, train loss: 1163.8824]
Sat 25 Oct 2025 13:07:21 INFO  epoch 37 evaluating [time: 1.10s, valid_score: 0.057600]
Sat 25 Oct 2025 13:07:21 INFO  valid result: 
recall@3 : 0.0324    recall@5 : 0.0422    recall@10 : 0.0576    recall@20 : 0.0824    ndcg@3 : 0.0264    ndcg@5 : 0.0304    ndcg@10 : 0.0353    ndcg@20 : 0.0416    
Sat 25 Oct 2025 13:07:35 INFO  epoch 38 training [time: 13.88s, train loss: 1151.2460]
Sat 25 Oct 2025 13:07:49 INFO  epoch 39 training [time: 13.88s, train loss: 1137.8513]
Sat 25 Oct 2025 13:07:50 INFO  epoch 39 evaluating [time: 1.14s, valid_score: 0.057600]
Sat 25 Oct 2025 13:07:50 INFO  valid result: 
recall@3 : 0.0325    recall@5 : 0.0419    recall@10 : 0.0576    recall@20 : 0.0812    ndcg@3 : 0.0263    ndcg@5 : 0.0302    ndcg@10 : 0.0352    ndcg@20 : 0.0412    
Sat 25 Oct 2025 13:08:01 INFO  epoch 40 training [time: 11.37s, train loss: 1124.7530]
Sat 25 Oct 2025 13:08:15 INFO  epoch 41 training [time: 13.86s, train loss: 1111.4974]
Sat 25 Oct 2025 13:08:16 INFO  epoch 41 evaluating [time: 1.10s, valid_score: 0.057300]
Sat 25 Oct 2025 13:08:16 INFO  valid result: 
recall@3 : 0.0325    recall@5 : 0.0414    recall@10 : 0.0573    recall@20 : 0.0797    ndcg@3 : 0.0266    ndcg@5 : 0.0303    ndcg@10 : 0.0354    ndcg@20 : 0.041    
Sat 25 Oct 2025 13:08:28 INFO  epoch 42 training [time: 11.41s, train loss: 1099.2267]
Sat 25 Oct 2025 13:08:42 INFO  epoch 43 training [time: 13.89s, train loss: 1086.7451]
Sat 25 Oct 2025 13:08:43 INFO  epoch 43 evaluating [time: 1.10s, valid_score: 0.057200]
Sat 25 Oct 2025 13:08:43 INFO  valid result: 
recall@3 : 0.0323    recall@5 : 0.0418    recall@10 : 0.0572    recall@20 : 0.0795    ndcg@3 : 0.0264    ndcg@5 : 0.0302    ndcg@10 : 0.0352    ndcg@20 : 0.0408    
Sat 25 Oct 2025 13:08:54 INFO  epoch 44 training [time: 11.40s, train loss: 1074.5757]
Sat 25 Oct 2025 13:09:08 INFO  epoch 45 training [time: 13.88s, train loss: 1062.6893]
Sat 25 Oct 2025 13:09:09 INFO  epoch 45 evaluating [time: 1.13s, valid_score: 0.056400]
Sat 25 Oct 2025 13:09:09 INFO  valid result: 
recall@3 : 0.0324    recall@5 : 0.0406    recall@10 : 0.0564    recall@20 : 0.0785    ndcg@3 : 0.0264    ndcg@5 : 0.0298    ndcg@10 : 0.0349    ndcg@20 : 0.0404    
Sat 25 Oct 2025 13:09:20 INFO  epoch 46 training [time: 11.41s, train loss: 1050.2912]
Sat 25 Oct 2025 13:09:34 INFO  epoch 47 training [time: 13.88s, train loss: 1038.2067]
Sat 25 Oct 2025 13:09:35 INFO  epoch 47 evaluating [time: 1.06s, valid_score: 0.055600]
Sat 25 Oct 2025 13:09:35 INFO  valid result: 
recall@3 : 0.0317    recall@5 : 0.0403    recall@10 : 0.0556    recall@20 : 0.076    ndcg@3 : 0.026    ndcg@5 : 0.0295    ndcg@10 : 0.0345    ndcg@20 : 0.0396    
Sat 25 Oct 2025 13:09:49 INFO  epoch 48 training [time: 13.89s, train loss: 1026.8003]
Sat 25 Oct 2025 13:10:01 INFO  epoch 49 training [time: 11.40s, train loss: 1015.4507]
Sat 25 Oct 2025 13:10:02 INFO  epoch 49 evaluating [time: 1.11s, valid_score: 0.055300]
Sat 25 Oct 2025 13:10:02 INFO  valid result: 
recall@3 : 0.0314    recall@5 : 0.0399    recall@10 : 0.0553    recall@20 : 0.0767    ndcg@3 : 0.0259    ndcg@5 : 0.0295    ndcg@10 : 0.0344    ndcg@20 : 0.0398    
Sat 25 Oct 2025 13:10:16 INFO  epoch 50 training [time: 13.87s, train loss: 1003.2831]
Sat 25 Oct 2025 13:10:27 INFO  epoch 51 training [time: 11.40s, train loss: 992.4802]
Sat 25 Oct 2025 13:10:28 INFO  epoch 51 evaluating [time: 1.13s, valid_score: 0.054400]
Sat 25 Oct 2025 13:10:28 INFO  valid result: 
recall@3 : 0.0316    recall@5 : 0.0394    recall@10 : 0.0544    recall@20 : 0.0749    ndcg@3 : 0.0259    ndcg@5 : 0.0291    ndcg@10 : 0.0339    ndcg@20 : 0.039    
Sat 25 Oct 2025 13:10:42 INFO  epoch 52 training [time: 13.88s, train loss: 981.1212]
Sat 25 Oct 2025 13:10:53 INFO  epoch 53 training [time: 11.38s, train loss: 970.1739]
Sat 25 Oct 2025 13:10:55 INFO  epoch 53 evaluating [time: 1.13s, valid_score: 0.053500]
Sat 25 Oct 2025 13:10:55 INFO  valid result: 
recall@3 : 0.0311    recall@5 : 0.0394    recall@10 : 0.0535    recall@20 : 0.0737    ndcg@3 : 0.0253    ndcg@5 : 0.0288    ndcg@10 : 0.0333    ndcg@20 : 0.0384    
Sat 25 Oct 2025 13:11:08 INFO  epoch 54 training [time: 13.88s, train loss: 959.5178]
Sat 25 Oct 2025 13:11:20 INFO  epoch 55 training [time: 11.39s, train loss: 948.7602]
Sat 25 Oct 2025 13:11:21 INFO  epoch 55 evaluating [time: 1.07s, valid_score: 0.052700]
Sat 25 Oct 2025 13:11:21 INFO  valid result: 
recall@3 : 0.031    recall@5 : 0.0392    recall@10 : 0.0527    recall@20 : 0.0728    ndcg@3 : 0.0253    ndcg@5 : 0.0286    ndcg@10 : 0.033    ndcg@20 : 0.038    
Sat 25 Oct 2025 13:11:21 INFO  Finished training, best eval result in epoch 33
Sat 25 Oct 2025 13:11:21 INFO  Loading model structure and parameters from saved/SASRecF-Oct-25-2025_12-58-55.pth
Sat 25 Oct 2025 13:11:22 INFO  best valid : {'recall@3': np.float64(0.0325), 'recall@5': np.float64(0.042), 'recall@10': np.float64(0.0583), 'recall@20': np.float64(0.0839), 'ndcg@3': np.float64(0.0263), 'ndcg@5': np.float64(0.0302), 'ndcg@10': np.float64(0.0355), 'ndcg@20': np.float64(0.0419)}
Sat 25 Oct 2025 13:11:22 INFO  test result: {'recall@3': np.float64(0.0235), 'recall@5': np.float64(0.0317), 'recall@10': np.float64(0.0463), 'recall@20': np.float64(0.0662), 'ndcg@3': np.float64(0.0188), 'ndcg@5': np.float64(0.0221), 'ndcg@10': np.float64(0.0268), 'ndcg@20': np.float64(0.0318)}
