Sat 25 Oct 2025 13:27:01 INFO  
General Hyper Parameters:
gpu_id = 0
use_gpu = True
seed = 212
state = INFO
reproducibility = True
data_path = ./recbole/data/dataset/Amazon_Sports_and_Outdoors
show_progress = True
save_dataset = False
save_dataloaders = False
benchmark_filename = None

Training Hyper Parameters:
checkpoint_dir = saved
epochs = 200
train_batch_size = 1024
learner = adam
learning_rate = 0.0001
eval_step = 2
stopping_step = 10
clip_grad_norm = None
weight_decay = 0.0
loss_decimal_place = 4

Evaluation Hyper Parameters:
eval_args = {'split': {'LS': 'valid_and_test'}, 'group_by': 'user', 'order': 'TO', 'mode': 'full'}
metrics = ['Recall', 'NDCG']
topk = [3, 5, 10, 20]
valid_metric = Recall@10
valid_metric_bigger = True
eval_batch_size = 256
metric_decimal_place = 4

Dataset Hyper Parameters:
field_separator = 	
seq_separator =  
USER_ID_FIELD = user_id
ITEM_ID_FIELD = item_id
RATING_FIELD = rating
TIME_FIELD = timestamp
seq_len = None
LABEL_FIELD = label
threshold = None
NEG_PREFIX = neg_
load_col = {'inter': ['user_id', 'item_id', 'rating', 'timestamp'], 'item': ['item_id', 'title', 'sales_rank', 'price', 'brand', 'categories', 'sales_type'], 'title': ['ent_id', 'ent_emb'], 'image': ['img_id', 'img_emb']}
unload_col = None
unused_col = None
additional_feat_suffix = ['title', 'image']
rm_dup_inter = None
val_interval = None
filter_inter_by_user_or_item = True
user_inter_num_interval = [5,inf)
item_inter_num_interval = [5,inf)
alias_of_user_id = None
alias_of_item_id = ['ent_id', 'img_id']
alias_of_entity_id = None
alias_of_relation_id = None
preload_weight = {'ent_id': 'ent_emb', 'img_id': 'img_emb'}
normalize_field = None
normalize_all = None
ITEM_LIST_LENGTH_FIELD = item_length
LIST_SUFFIX = _list
MAX_ITEM_LIST_LENGTH = 50
POSITION_FIELD = position_id
HEAD_ENTITY_ID_FIELD = head_id
TAIL_ENTITY_ID_FIELD = tail_id
RELATION_ID_FIELD = relation_id
ENTITY_ID_FIELD = entity_id

Other Hyper Parameters: 
neg_sampling = None
multi_gpus = False
repeatable = True
n_layers = 3
n_heads = 8
hidden_size = 256
inner_size = 256
hidden_dropout_prob = 0.5
attn_dropout_prob = 0.3
hidden_act = gelu
layer_norm_eps = 1e-12
initializer_range = 0.02
selected_features = ['ent_emb', 'img_emb']
pooling_mode = sum
loss_type = CE
MODEL_TYPE = ModelType.SEQUENTIAL
attribute_hidden_size = [128, 128]
feature_type = ['static', 'static']
weight_sharing = not
fusion_type = gate
lamdas = [5, 5]
attribute_predictor = ['cos_sim', 'cos_sim']
wandb_run_name = titles_images
annealing = False
MODEL_INPUT_TYPE = InputType.POINTWISE
eval_type = EvaluatorType.RANKING
device = cuda
train_neg_sample_args = {'strategy': 'none'}
eval_neg_sample_args = {'strategy': 'full', 'distribution': 'uniform'}


Sat 25 Oct 2025 13:27:02 INFO  Amazon_Sports_and_Outdoors
The number of users: 35599
Average actions of users: 8.324540704533963
The number of items: 18358
Average actions of items: 16.142997221768262
The number of inters: 296337
The sparsity of the dataset: 99.95465569853714%
Remain Fields: ['user_id', 'item_id', 'rating', 'timestamp', 'title', 'price', 'brand', 'categories', 'sales_type', 'sales_rank', 'ent_id', 'ent_emb', 'img_id', 'img_emb']
Sat 25 Oct 2025 13:27:06 INFO  [Training]: train_batch_size = [1024] negative sampling: [None]
Sat 25 Oct 2025 13:27:06 INFO  [Evaluation]: eval_batch_size = [256] eval_args: [{'split': {'LS': 'valid_and_test'}, 'group_by': 'user', 'order': 'TO', 'mode': 'full'}]
Sat 25 Oct 2025 13:27:07 INFO  SASRecF(
  (item_embedding): Embedding(18358, 256, padding_idx=0)
  (position_embedding): Embedding(50, 256)
  (feature_embed_layer_list): ModuleList(
    (0-1): 2 x Embedding(18358, 128)
  )
  (trm_encoder): TransformerEncoder(
    (layer): ModuleList(
      (0-2): 3 x TransformerLayer(
        (multi_head_attention): MultiHeadAttention(
          (query): Linear(in_features=256, out_features=256, bias=True)
          (key): Linear(in_features=256, out_features=256, bias=True)
          (value): Linear(in_features=256, out_features=256, bias=True)
          (attn_dropout): Dropout(p=0.3, inplace=False)
          (dense): Linear(in_features=256, out_features=256, bias=True)
          (LayerNorm): LayerNorm((256,), eps=1e-12, elementwise_affine=True)
          (out_dropout): Dropout(p=0.5, inplace=False)
        )
        (feed_forward): FeedForward(
          (dense_1): Linear(in_features=256, out_features=256, bias=True)
          (dense_2): Linear(in_features=256, out_features=256, bias=True)
          (LayerNorm): LayerNorm((256,), eps=1e-12, elementwise_affine=True)
          (dropout): Dropout(p=0.5, inplace=False)
        )
      )
    )
  )
  (concat_layer): Linear(in_features=512, out_features=256, bias=True)
  (LayerNorm): LayerNorm((256,), eps=1e-12, elementwise_affine=True)
  (dropout): Dropout(p=0.5, inplace=False)
  (loss_fct): CrossEntropyLoss()
)
Trainable parameters: 6031616
Sat 25 Oct 2025 13:27:20 INFO  epoch 0 training [time: 11.91s, train loss: 1771.0149]
Sat 25 Oct 2025 13:27:34 INFO  epoch 1 training [time: 13.95s, train loss: 1723.1063]
Sat 25 Oct 2025 13:27:35 INFO  epoch 1 evaluating [time: 1.16s, valid_score: 0.012700]
Sat 25 Oct 2025 13:27:35 INFO  valid result: 
recall@3 : 0.006    recall@5 : 0.0079    recall@10 : 0.0127    recall@20 : 0.024    ndcg@3 : 0.0044    ndcg@5 : 0.0052    ndcg@10 : 0.0067    ndcg@20 : 0.0096    
Sat 25 Oct 2025 13:27:35 INFO  Saving current best: saved/SASRecF-Oct-25-2025_13-27-07.pth
Sat 25 Oct 2025 13:27:46 INFO  epoch 2 training [time: 11.49s, train loss: 1715.8606]
Sat 25 Oct 2025 13:28:00 INFO  epoch 3 training [time: 13.99s, train loss: 1685.8750]
Sat 25 Oct 2025 13:28:01 INFO  epoch 3 evaluating [time: 1.11s, valid_score: 0.021300]
Sat 25 Oct 2025 13:28:01 INFO  valid result: 
recall@3 : 0.0081    recall@5 : 0.0123    recall@10 : 0.0213    recall@20 : 0.0351    ndcg@3 : 0.006    ndcg@5 : 0.0077    ndcg@10 : 0.0106    ndcg@20 : 0.0141    
Sat 25 Oct 2025 13:28:02 INFO  Saving current best: saved/SASRecF-Oct-25-2025_13-27-07.pth
Sat 25 Oct 2025 13:28:13 INFO  epoch 4 training [time: 11.51s, train loss: 1655.7580]
Sat 25 Oct 2025 13:28:27 INFO  epoch 5 training [time: 13.99s, train loss: 1633.4171]
Sat 25 Oct 2025 13:28:28 INFO  epoch 5 evaluating [time: 1.11s, valid_score: 0.025900]
Sat 25 Oct 2025 13:28:28 INFO  valid result: 
recall@3 : 0.0095    recall@5 : 0.0153    recall@10 : 0.0259    recall@20 : 0.043    ndcg@3 : 0.0071    ndcg@5 : 0.0094    ndcg@10 : 0.0128    ndcg@20 : 0.0171    
Sat 25 Oct 2025 13:28:28 INFO  Saving current best: saved/SASRecF-Oct-25-2025_13-27-07.pth
Sat 25 Oct 2025 13:28:42 INFO  epoch 6 training [time: 13.99s, train loss: 1614.2257]
Sat 25 Oct 2025 13:28:54 INFO  epoch 7 training [time: 11.51s, train loss: 1596.1793]
Sat 25 Oct 2025 13:28:55 INFO  epoch 7 evaluating [time: 1.15s, valid_score: 0.030700]
Sat 25 Oct 2025 13:28:55 INFO  valid result: 
recall@3 : 0.0113    recall@5 : 0.018    recall@10 : 0.0307    recall@20 : 0.0496    ndcg@3 : 0.0084    ndcg@5 : 0.0112    ndcg@10 : 0.0152    ndcg@20 : 0.0199    
Sat 25 Oct 2025 13:28:55 INFO  Saving current best: saved/SASRecF-Oct-25-2025_13-27-07.pth
Sat 25 Oct 2025 13:29:09 INFO  epoch 8 training [time: 14.02s, train loss: 1578.0598]
Sat 25 Oct 2025 13:29:21 INFO  epoch 9 training [time: 11.53s, train loss: 1560.4226]
Sat 25 Oct 2025 13:29:22 INFO  epoch 9 evaluating [time: 1.09s, valid_score: 0.035800]
Sat 25 Oct 2025 13:29:22 INFO  valid result: 
recall@3 : 0.0156    recall@5 : 0.0226    recall@10 : 0.0358    recall@20 : 0.0581    ndcg@3 : 0.0116    ndcg@5 : 0.0144    ndcg@10 : 0.0187    ndcg@20 : 0.0243    
Sat 25 Oct 2025 13:29:22 INFO  Saving current best: saved/SASRecF-Oct-25-2025_13-27-07.pth
Sat 25 Oct 2025 13:29:36 INFO  epoch 10 training [time: 14.01s, train loss: 1542.9353]
Sat 25 Oct 2025 13:29:47 INFO  epoch 11 training [time: 11.52s, train loss: 1526.3266]
Sat 25 Oct 2025 13:29:48 INFO  epoch 11 evaluating [time: 1.06s, valid_score: 0.041200]
Sat 25 Oct 2025 13:29:48 INFO  valid result: 
recall@3 : 0.0191    recall@5 : 0.0268    recall@10 : 0.0412    recall@20 : 0.0643    ndcg@3 : 0.0144    ndcg@5 : 0.0175    ndcg@10 : 0.0221    ndcg@20 : 0.0279    
Sat 25 Oct 2025 13:29:48 INFO  Saving current best: saved/SASRecF-Oct-25-2025_13-27-07.pth
Sat 25 Oct 2025 13:30:02 INFO  epoch 12 training [time: 14.02s, train loss: 1510.7294]
Sat 25 Oct 2025 13:30:14 INFO  epoch 13 training [time: 11.54s, train loss: 1495.5075]
Sat 25 Oct 2025 13:30:15 INFO  epoch 13 evaluating [time: 1.06s, valid_score: 0.046700]
Sat 25 Oct 2025 13:30:15 INFO  valid result: 
recall@3 : 0.0206    recall@5 : 0.0296    recall@10 : 0.0467    recall@20 : 0.0697    ndcg@3 : 0.0155    ndcg@5 : 0.0192    ndcg@10 : 0.0247    ndcg@20 : 0.0305    
Sat 25 Oct 2025 13:30:15 INFO  Saving current best: saved/SASRecF-Oct-25-2025_13-27-07.pth
Sat 25 Oct 2025 13:30:29 INFO  epoch 14 training [time: 14.02s, train loss: 1481.3105]
Sat 25 Oct 2025 13:30:41 INFO  epoch 15 training [time: 11.54s, train loss: 1467.3174]
Sat 25 Oct 2025 13:30:42 INFO  epoch 15 evaluating [time: 1.08s, valid_score: 0.051200]
Sat 25 Oct 2025 13:30:42 INFO  valid result: 
recall@3 : 0.0225    recall@5 : 0.0314    recall@10 : 0.0512    recall@20 : 0.0742    ndcg@3 : 0.0172    ndcg@5 : 0.0209    ndcg@10 : 0.0273    ndcg@20 : 0.033    
Sat 25 Oct 2025 13:30:42 INFO  Saving current best: saved/SASRecF-Oct-25-2025_13-27-07.pth
Sat 25 Oct 2025 13:30:56 INFO  epoch 16 training [time: 14.01s, train loss: 1453.3633]
Sat 25 Oct 2025 13:31:10 INFO  epoch 17 training [time: 14.00s, train loss: 1439.5000]
Sat 25 Oct 2025 13:31:11 INFO  epoch 17 evaluating [time: 1.07s, valid_score: 0.053100]
Sat 25 Oct 2025 13:31:11 INFO  valid result: 
recall@3 : 0.025    recall@5 : 0.0341    recall@10 : 0.0531    recall@20 : 0.0776    ndcg@3 : 0.0192    ndcg@5 : 0.023    ndcg@10 : 0.0291    ndcg@20 : 0.0353    
Sat 25 Oct 2025 13:31:11 INFO  Saving current best: saved/SASRecF-Oct-25-2025_13-27-07.pth
Sat 25 Oct 2025 13:31:23 INFO  epoch 18 training [time: 11.54s, train loss: 1426.4278]
Sat 25 Oct 2025 13:31:37 INFO  epoch 19 training [time: 14.01s, train loss: 1413.3456]
Sat 25 Oct 2025 13:31:38 INFO  epoch 19 evaluating [time: 1.09s, valid_score: 0.055900]
Sat 25 Oct 2025 13:31:38 INFO  valid result: 
recall@3 : 0.0269    recall@5 : 0.0374    recall@10 : 0.0559    recall@20 : 0.0806    ndcg@3 : 0.0207    ndcg@5 : 0.025    ndcg@10 : 0.031    ndcg@20 : 0.0372    
Sat 25 Oct 2025 13:31:38 INFO  Saving current best: saved/SASRecF-Oct-25-2025_13-27-07.pth
Sat 25 Oct 2025 13:31:50 INFO  epoch 20 training [time: 12.27s, train loss: 1399.9882]
Sat 25 Oct 2025 13:32:05 INFO  epoch 21 training [time: 14.79s, train loss: 1386.5835]
Sat 25 Oct 2025 13:32:06 INFO  epoch 21 evaluating [time: 1.19s, valid_score: 0.056400]
Sat 25 Oct 2025 13:32:06 INFO  valid result: 
recall@3 : 0.0282    recall@5 : 0.0386    recall@10 : 0.0564    recall@20 : 0.0817    ndcg@3 : 0.0219    ndcg@5 : 0.0262    ndcg@10 : 0.032    ndcg@20 : 0.0383    
Sat 25 Oct 2025 13:32:06 INFO  Saving current best: saved/SASRecF-Oct-25-2025_13-27-07.pth
Sat 25 Oct 2025 13:32:19 INFO  epoch 22 training [time: 12.62s, train loss: 1373.1271]
Sat 25 Oct 2025 13:32:34 INFO  epoch 23 training [time: 14.84s, train loss: 1360.1753]
Sat 25 Oct 2025 13:32:35 INFO  epoch 23 evaluating [time: 1.17s, valid_score: 0.057700]
Sat 25 Oct 2025 13:32:35 INFO  valid result: 
recall@3 : 0.0296    recall@5 : 0.0401    recall@10 : 0.0577    recall@20 : 0.084    ndcg@3 : 0.0231    ndcg@5 : 0.0275    ndcg@10 : 0.0331    ndcg@20 : 0.0398    
Sat 25 Oct 2025 13:32:35 INFO  Saving current best: saved/SASRecF-Oct-25-2025_13-27-07.pth
Sat 25 Oct 2025 13:32:47 INFO  epoch 24 training [time: 12.38s, train loss: 1346.6192]
Sat 25 Oct 2025 13:33:02 INFO  epoch 25 training [time: 14.88s, train loss: 1333.7775]
Sat 25 Oct 2025 13:33:03 INFO  epoch 25 evaluating [time: 1.18s, valid_score: 0.058100]
Sat 25 Oct 2025 13:33:03 INFO  valid result: 
recall@3 : 0.0308    recall@5 : 0.0411    recall@10 : 0.0581    recall@20 : 0.0847    ndcg@3 : 0.0247    ndcg@5 : 0.0289    ndcg@10 : 0.0344    ndcg@20 : 0.0411    
Sat 25 Oct 2025 13:33:03 INFO  Saving current best: saved/SASRecF-Oct-25-2025_13-27-07.pth
Sat 25 Oct 2025 13:33:16 INFO  epoch 26 training [time: 12.42s, train loss: 1320.1509]
Sat 25 Oct 2025 13:33:30 INFO  epoch 27 training [time: 14.78s, train loss: 1307.0065]
Sat 25 Oct 2025 13:33:32 INFO  epoch 27 evaluating [time: 1.18s, valid_score: 0.060000]
Sat 25 Oct 2025 13:33:32 INFO  valid result: 
recall@3 : 0.0326    recall@5 : 0.0421    recall@10 : 0.06    recall@20 : 0.0858    ndcg@3 : 0.0261    ndcg@5 : 0.03    ndcg@10 : 0.0358    ndcg@20 : 0.0423    
Sat 25 Oct 2025 13:33:32 INFO  Saving current best: saved/SASRecF-Oct-25-2025_13-27-07.pth
Sat 25 Oct 2025 13:33:44 INFO  epoch 28 training [time: 12.12s, train loss: 1294.0199]
Sat 25 Oct 2025 13:33:58 INFO  epoch 29 training [time: 14.28s, train loss: 1279.9724]
Sat 25 Oct 2025 13:33:59 INFO  epoch 29 evaluating [time: 1.20s, valid_score: 0.060400]
Sat 25 Oct 2025 13:33:59 INFO  valid result: 
recall@3 : 0.0326    recall@5 : 0.0434    recall@10 : 0.0604    recall@20 : 0.0867    ndcg@3 : 0.0264    ndcg@5 : 0.0309    ndcg@10 : 0.0364    ndcg@20 : 0.043    
Sat 25 Oct 2025 13:33:59 INFO  Saving current best: saved/SASRecF-Oct-25-2025_13-27-07.pth
Sat 25 Oct 2025 13:34:11 INFO  epoch 30 training [time: 11.78s, train loss: 1266.8267]
Sat 25 Oct 2025 13:34:25 INFO  epoch 31 training [time: 14.29s, train loss: 1253.4457]
Sat 25 Oct 2025 13:34:27 INFO  epoch 31 evaluating [time: 1.19s, valid_score: 0.059900]
Sat 25 Oct 2025 13:34:27 INFO  valid result: 
recall@3 : 0.0331    recall@5 : 0.043    recall@10 : 0.0599    recall@20 : 0.0856    ndcg@3 : 0.0269    ndcg@5 : 0.031    ndcg@10 : 0.0364    ndcg@20 : 0.0429    
Sat 25 Oct 2025 13:34:38 INFO  epoch 32 training [time: 11.79s, train loss: 1240.1667]
Sat 25 Oct 2025 13:34:53 INFO  epoch 33 training [time: 14.27s, train loss: 1226.4175]
Sat 25 Oct 2025 13:34:54 INFO  epoch 33 evaluating [time: 1.14s, valid_score: 0.061000]
Sat 25 Oct 2025 13:34:54 INFO  valid result: 
recall@3 : 0.0335    recall@5 : 0.0434    recall@10 : 0.061    recall@20 : 0.0865    ndcg@3 : 0.0275    ndcg@5 : 0.0316    ndcg@10 : 0.0372    ndcg@20 : 0.0436    
Sat 25 Oct 2025 13:34:54 INFO  Saving current best: saved/SASRecF-Oct-25-2025_13-27-07.pth
Sat 25 Oct 2025 13:35:08 INFO  epoch 34 training [time: 14.46s, train loss: 1213.1466]
Sat 25 Oct 2025 13:35:20 INFO  epoch 35 training [time: 11.88s, train loss: 1200.0756]
Sat 25 Oct 2025 13:35:21 INFO  epoch 35 evaluating [time: 1.13s, valid_score: 0.060500]
Sat 25 Oct 2025 13:35:21 INFO  valid result: 
recall@3 : 0.0342    recall@5 : 0.0433    recall@10 : 0.0605    recall@20 : 0.0857    ndcg@3 : 0.0279    ndcg@5 : 0.0316    ndcg@10 : 0.0372    ndcg@20 : 0.0435    
Sat 25 Oct 2025 13:35:36 INFO  epoch 36 training [time: 14.32s, train loss: 1186.7613]
Sat 25 Oct 2025 13:35:48 INFO  epoch 37 training [time: 11.84s, train loss: 1173.6047]
Sat 25 Oct 2025 13:35:49 INFO  epoch 37 evaluating [time: 1.15s, valid_score: 0.060900]
Sat 25 Oct 2025 13:35:49 INFO  valid result: 
recall@3 : 0.0344    recall@5 : 0.0433    recall@10 : 0.0609    recall@20 : 0.085    ndcg@3 : 0.0279    ndcg@5 : 0.0316    ndcg@10 : 0.0372    ndcg@20 : 0.0433    
Sat 25 Oct 2025 13:36:03 INFO  epoch 38 training [time: 14.30s, train loss: 1160.6979]
Sat 25 Oct 2025 13:36:15 INFO  epoch 39 training [time: 11.91s, train loss: 1147.4106]
Sat 25 Oct 2025 13:36:16 INFO  epoch 39 evaluating [time: 1.14s, valid_score: 0.059400]
Sat 25 Oct 2025 13:36:16 INFO  valid result: 
recall@3 : 0.0339    recall@5 : 0.0432    recall@10 : 0.0594    recall@20 : 0.0844    ndcg@3 : 0.0279    ndcg@5 : 0.0317    ndcg@10 : 0.0369    ndcg@20 : 0.0432    
Sat 25 Oct 2025 13:36:30 INFO  epoch 40 training [time: 14.31s, train loss: 1134.3953]
Sat 25 Oct 2025 13:36:42 INFO  epoch 41 training [time: 11.84s, train loss: 1120.8952]
Sat 25 Oct 2025 13:36:43 INFO  epoch 41 evaluating [time: 1.12s, valid_score: 0.058900]
Sat 25 Oct 2025 13:36:43 INFO  valid result: 
recall@3 : 0.0339    recall@5 : 0.043    recall@10 : 0.0589    recall@20 : 0.0817    ndcg@3 : 0.0278    ndcg@5 : 0.0315    ndcg@10 : 0.0366    ndcg@20 : 0.0424    
Sat 25 Oct 2025 13:36:58 INFO  epoch 42 training [time: 14.33s, train loss: 1108.9826]
Sat 25 Oct 2025 13:37:10 INFO  epoch 43 training [time: 11.88s, train loss: 1095.6417]
Sat 25 Oct 2025 13:37:11 INFO  epoch 43 evaluating [time: 1.14s, valid_score: 0.058300]
Sat 25 Oct 2025 13:37:11 INFO  valid result: 
recall@3 : 0.0336    recall@5 : 0.042    recall@10 : 0.0583    recall@20 : 0.0807    ndcg@3 : 0.0276    ndcg@5 : 0.0311    ndcg@10 : 0.0363    ndcg@20 : 0.042    
Sat 25 Oct 2025 13:37:25 INFO  epoch 44 training [time: 14.30s, train loss: 1083.6024]
Sat 25 Oct 2025 13:37:37 INFO  epoch 45 training [time: 11.83s, train loss: 1070.9728]
Sat 25 Oct 2025 13:37:38 INFO  epoch 45 evaluating [time: 1.20s, valid_score: 0.057900]
Sat 25 Oct 2025 13:37:38 INFO  valid result: 
recall@3 : 0.034    recall@5 : 0.0428    recall@10 : 0.0579    recall@20 : 0.0807    ndcg@3 : 0.0279    ndcg@5 : 0.0315    ndcg@10 : 0.0364    ndcg@20 : 0.0421    
Sat 25 Oct 2025 13:37:52 INFO  epoch 46 training [time: 14.24s, train loss: 1058.6789]
Sat 25 Oct 2025 13:38:07 INFO  epoch 47 training [time: 14.34s, train loss: 1046.9602]
Sat 25 Oct 2025 13:38:08 INFO  epoch 47 evaluating [time: 1.16s, valid_score: 0.057300]
Sat 25 Oct 2025 13:38:08 INFO  valid result: 
recall@3 : 0.0334    recall@5 : 0.0418    recall@10 : 0.0573    recall@20 : 0.0797    ndcg@3 : 0.0273    ndcg@5 : 0.0308    ndcg@10 : 0.0358    ndcg@20 : 0.0414    
Sat 25 Oct 2025 13:38:20 INFO  epoch 48 training [time: 11.88s, train loss: 1034.8440]
Sat 25 Oct 2025 13:38:34 INFO  epoch 49 training [time: 14.31s, train loss: 1022.6972]
Sat 25 Oct 2025 13:38:35 INFO  epoch 49 evaluating [time: 1.17s, valid_score: 0.056200]
Sat 25 Oct 2025 13:38:35 INFO  valid result: 
recall@3 : 0.0327    recall@5 : 0.0412    recall@10 : 0.0562    recall@20 : 0.0782    ndcg@3 : 0.027    ndcg@5 : 0.0305    ndcg@10 : 0.0353    ndcg@20 : 0.0408    
Sat 25 Oct 2025 13:38:47 INFO  epoch 50 training [time: 11.85s, train loss: 1010.6142]
Sat 25 Oct 2025 13:39:01 INFO  epoch 51 training [time: 14.36s, train loss: 999.4057]
Sat 25 Oct 2025 13:39:03 INFO  epoch 51 evaluating [time: 1.19s, valid_score: 0.055500]
Sat 25 Oct 2025 13:39:03 INFO  valid result: 
recall@3 : 0.0327    recall@5 : 0.0411    recall@10 : 0.0555    recall@20 : 0.0764    ndcg@3 : 0.0267    ndcg@5 : 0.0301    ndcg@10 : 0.0347    ndcg@20 : 0.04    
Sat 25 Oct 2025 13:39:14 INFO  epoch 52 training [time: 11.78s, train loss: 989.2307]
Sat 25 Oct 2025 13:39:28 INFO  epoch 53 training [time: 14.01s, train loss: 977.7141]
Sat 25 Oct 2025 13:39:30 INFO  epoch 53 evaluating [time: 1.16s, valid_score: 0.054400]
Sat 25 Oct 2025 13:39:30 INFO  valid result: 
recall@3 : 0.0326    recall@5 : 0.0403    recall@10 : 0.0544    recall@20 : 0.0756    ndcg@3 : 0.0265    ndcg@5 : 0.0297    ndcg@10 : 0.0342    ndcg@20 : 0.0395    
Sat 25 Oct 2025 13:39:41 INFO  epoch 54 training [time: 11.56s, train loss: 967.4969]
Sat 25 Oct 2025 13:39:55 INFO  epoch 55 training [time: 14.03s, train loss: 957.0258]
Sat 25 Oct 2025 13:39:56 INFO  epoch 55 evaluating [time: 1.06s, valid_score: 0.054200]
Sat 25 Oct 2025 13:39:56 INFO  valid result: 
recall@3 : 0.0323    recall@5 : 0.0401    recall@10 : 0.0542    recall@20 : 0.0751    ndcg@3 : 0.0263    ndcg@5 : 0.0295    ndcg@10 : 0.034    ndcg@20 : 0.0393    
Sat 25 Oct 2025 13:39:56 INFO  Finished training, best eval result in epoch 33
Sat 25 Oct 2025 13:39:56 INFO  Loading model structure and parameters from saved/SASRecF-Oct-25-2025_13-27-07.pth
Sat 25 Oct 2025 13:39:57 INFO  best valid : {'recall@3': np.float64(0.0335), 'recall@5': np.float64(0.0434), 'recall@10': np.float64(0.061), 'recall@20': np.float64(0.0865), 'ndcg@3': np.float64(0.0275), 'ndcg@5': np.float64(0.0316), 'ndcg@10': np.float64(0.0372), 'ndcg@20': np.float64(0.0436)}
Sat 25 Oct 2025 13:39:57 INFO  test result: {'recall@3': np.float64(0.0259), 'recall@5': np.float64(0.0332), 'recall@10': np.float64(0.0471), 'recall@20': np.float64(0.0668), 'ndcg@3': np.float64(0.0204), 'ndcg@5': np.float64(0.0234), 'ndcg@10': np.float64(0.0278), 'ndcg@20': np.float64(0.0328)}
