Sun 23 Nov 2025 15:27:13 INFO  
General Hyper Parameters:
gpu_id = 0
use_gpu = True
seed = 212
state = INFO
reproducibility = True
data_path = ./recbole/data/dataset/Amazon_Sports_and_Outdoors
show_progress = True
save_dataset = False
save_dataloaders = False
benchmark_filename = None

Training Hyper Parameters:
checkpoint_dir = saved
epochs = 200
train_batch_size = 1024
learner = adam
learning_rate = 0.0001
eval_step = 2
stopping_step = 10
clip_grad_norm = None
weight_decay = 0.0
loss_decimal_place = 4

Evaluation Hyper Parameters:
eval_args = {'split': {'LS': 'valid_and_test'}, 'group_by': 'user', 'order': 'TO', 'mode': 'full'}
metrics = ['Recall', 'NDCG']
topk = [3, 5, 10, 20]
valid_metric = Recall@10
valid_metric_bigger = True
eval_batch_size = 256
metric_decimal_place = 4

Dataset Hyper Parameters:
field_separator = 	
seq_separator =  
USER_ID_FIELD = user_id
ITEM_ID_FIELD = item_id
RATING_FIELD = rating
TIME_FIELD = timestamp
seq_len = None
LABEL_FIELD = label
threshold = None
NEG_PREFIX = neg_
load_col = {'inter': ['user_id', 'item_id', 'rating', 'timestamp'], 'item': ['item_id', 'title', 'sales_rank', 'price', 'brand', 'categories', 'sales_type'], 'title_original': ['ent_id', 'ent_emb'], 'image_original': ['img_id', 'img_emb']}
unload_col = None
unused_col = None
additional_feat_suffix = ['title_original', 'image_original']
rm_dup_inter = None
val_interval = None
filter_inter_by_user_or_item = True
user_inter_num_interval = [5,inf)
item_inter_num_interval = [5,inf)
alias_of_user_id = None
alias_of_item_id = ['ent_id', 'img_id']
alias_of_entity_id = None
alias_of_relation_id = None
preload_weight = {'ent_id': 'ent_emb', 'img_id': 'img_emb'}
normalize_field = None
normalize_all = None
ITEM_LIST_LENGTH_FIELD = item_length
LIST_SUFFIX = _list
MAX_ITEM_LIST_LENGTH = 50
POSITION_FIELD = position_id
HEAD_ENTITY_ID_FIELD = head_id
TAIL_ENTITY_ID_FIELD = tail_id
RELATION_ID_FIELD = relation_id
ENTITY_ID_FIELD = entity_id

Other Hyper Parameters: 
neg_sampling = None
multi_gpus = False
repeatable = True
MODEL_TYPE = ModelType.SEQUENTIAL
n_layers = 3
n_heads = 8
hidden_size = 256
orig_attribute_hidden_size = [1024, 4096]
attribute_hidden_size = [128, 128]
inner_size = 256
hidden_dropout_prob = 0.5
attn_dropout_prob = 0.3
hidden_act = gelu
layer_norm_eps = 1e-12
initializer_range = 0.02
selected_features = ['ent_emb', 'img_emb']
feature_type = ['static', 'static']
pooling_mode = sum
loss_type = CE
weight_sharing = not
fusion_type = gate
lamdas = [5, 5]
attribute_predictor = ['cos_sim', 'cos_sim']
diffusion = {'device': 'cuda', 'dims': [1000], 'emb_size': 20, 'mean_type': 'x0', 'noise_max': 0.02, 'noise_min': 0.0001, 'noise_scale': 0.1, 'noise_schedule': 'linear-var', 'norm': False, 'num_heads': 4, 'reweight': True, 'sampling_noise': False, 'sampling_steps': 0, 'steps': 5, 'structure': 'MLP', 'time_type': 'cat', 'hiddenSize': 128, 'inputSize': 128}
lambda = 0.5
wandb_run_name = titles_images_log_mlp_denoising_klaudia
annealing = False
MODEL_INPUT_TYPE = InputType.POINTWISE
eval_type = EvaluatorType.RANKING
device = cuda
train_neg_sample_args = {'strategy': 'none'}
eval_neg_sample_args = {'strategy': 'full', 'distribution': 'uniform'}


Sun 23 Nov 2025 15:27:31 INFO  Amazon_Sports_and_Outdoors
The number of users: 35599
Average actions of users: 8.324540704533963
The number of items: 18358
Average actions of items: 16.142997221768262
The number of inters: 296337
The sparsity of the dataset: 99.95465569853714%
Remain Fields: ['user_id', 'item_id', 'rating', 'timestamp', 'title', 'price', 'brand', 'categories', 'sales_type', 'sales_rank', 'ent_id', 'ent_emb', 'img_id', 'img_emb']
Sun 23 Nov 2025 15:27:35 INFO  [Training]: train_batch_size = [1024] negative sampling: [None]
Sun 23 Nov 2025 15:27:35 INFO  [Evaluation]: eval_batch_size = [256] eval_args: [{'split': {'LS': 'valid_and_test'}, 'group_by': 'user', 'order': 'TO', 'mode': 'full'}]
Sun 23 Nov 2025 15:27:37 INFO  SASRecF_Denoising(
  (item_embedding): Embedding(18358, 256, padding_idx=0)
  (position_embedding): Embedding(50, 256)
  (diffusion): ModuleList(
    (0-1): 2 x GaussianDiffusion(
      (model): DNN(
        (emb_layer): Linear(in_features=10, out_features=10, bias=True)
        (in_layers): ModuleList()
        (out_layers): ModuleList()
        (emb_out_linear): Linear(in_features=138, out_features=128, bias=True)
        (drop): Dropout(p=0.5, inplace=False)
      )
      (loss_layer): Linear(in_features=128, out_features=128, bias=True)
    )
  )
  (feature_embed_layer_list): ModuleList(
    (0): Embedding(18358, 1024)
    (1): Embedding(18358, 4096)
  )
  (trm_encoder): TransformerEncoder(
    (layer): ModuleList(
      (0-2): 3 x TransformerLayer(
        (multi_head_attention): MultiHeadAttention(
          (query): Linear(in_features=256, out_features=256, bias=True)
          (key): Linear(in_features=256, out_features=256, bias=True)
          (value): Linear(in_features=256, out_features=256, bias=True)
          (attn_dropout): Dropout(p=0.3, inplace=False)
          (dense): Linear(in_features=256, out_features=256, bias=True)
          (LayerNorm): LayerNorm((256,), eps=1e-12, elementwise_affine=True)
          (out_dropout): Dropout(p=0.5, inplace=False)
        )
        (feed_forward): FeedForward(
          (dense_1): Linear(in_features=256, out_features=256, bias=True)
          (dense_2): Linear(in_features=256, out_features=256, bias=True)
          (LayerNorm): LayerNorm((256,), eps=1e-12, elementwise_affine=True)
          (dropout): Dropout(p=0.5, inplace=False)
        )
      )
    )
  )
  (concat_layer): Linear(in_features=512, out_features=256, bias=True)
  (LayerNorm): LayerNorm((256,), eps=1e-12, elementwise_affine=True)
  (dropout): Dropout(p=0.5, inplace=False)
  (loss_fct): CrossEntropyLoss()
)
Trainable parameters: 6100444
Sun 23 Nov 2025 15:31:08 INFO  epoch 0 training [time: 210.23s, train loss: 2716.3787]
Sun 23 Nov 2025 15:34:24 INFO  epoch 1 training [time: 196.63s, train loss: 1889.9764]
Sun 23 Nov 2025 15:34:59 INFO  epoch 1 evaluating [time: 34.30s, valid_score: 0.012200]
Sun 23 Nov 2025 15:34:59 INFO  valid result: 
recall@3 : 0.006    recall@5 : 0.0083    recall@10 : 0.0122    recall@20 : 0.0232    ndcg@3 : 0.0044    ndcg@5 : 0.0054    ndcg@10 : 0.0067    ndcg@20 : 0.0094    
Sun 23 Nov 2025 15:34:59 INFO  Saving current best: saved/SASRecF_Denoising-Nov-23-2025_15-27-37.pth
Sun 23 Nov 2025 15:38:27 INFO  epoch 2 training [time: 208.13s, train loss: 1853.7661]
Sun 23 Nov 2025 15:41:47 INFO  epoch 3 training [time: 199.60s, train loss: 1827.1431]
Sun 23 Nov 2025 15:42:25 INFO  epoch 3 evaluating [time: 37.79s, valid_score: 0.013100]
Sun 23 Nov 2025 15:42:25 INFO  valid result: 
recall@3 : 0.0059    recall@5 : 0.0083    recall@10 : 0.0131    recall@20 : 0.0235    ndcg@3 : 0.0043    ndcg@5 : 0.0053    ndcg@10 : 0.0068    ndcg@20 : 0.0094    
Sun 23 Nov 2025 15:42:25 INFO  Saving current best: saved/SASRecF_Denoising-Nov-23-2025_15-27-37.pth
Sun 23 Nov 2025 15:45:58 INFO  epoch 4 training [time: 212.22s, train loss: 1802.7306]
Sun 23 Nov 2025 15:49:21 INFO  epoch 5 training [time: 203.55s, train loss: 1776.2434]
Sun 23 Nov 2025 15:49:58 INFO  epoch 5 evaluating [time: 36.53s, valid_score: 0.016100]
Sun 23 Nov 2025 15:49:58 INFO  valid result: 
recall@3 : 0.0067    recall@5 : 0.0095    recall@10 : 0.0161    recall@20 : 0.0294    ndcg@3 : 0.0049    ndcg@5 : 0.006    ndcg@10 : 0.0081    ndcg@20 : 0.0115    
Sun 23 Nov 2025 15:49:58 INFO  Saving current best: saved/SASRecF_Denoising-Nov-23-2025_15-27-37.pth
Sun 23 Nov 2025 15:53:27 INFO  epoch 6 training [time: 209.14s, train loss: 1739.4372]
Sun 23 Nov 2025 15:57:01 INFO  epoch 7 training [time: 213.22s, train loss: 1706.4736]
Sun 23 Nov 2025 15:57:36 INFO  epoch 7 evaluating [time: 34.97s, valid_score: 0.023200]
Sun 23 Nov 2025 15:57:36 INFO  valid result: 
recall@3 : 0.0087    recall@5 : 0.014    recall@10 : 0.0232    recall@20 : 0.0385    ndcg@3 : 0.0062    ndcg@5 : 0.0084    ndcg@10 : 0.0113    ndcg@20 : 0.0152    
Sun 23 Nov 2025 15:57:36 INFO  Saving current best: saved/SASRecF_Denoising-Nov-23-2025_15-27-37.pth
Sun 23 Nov 2025 16:01:05 INFO  epoch 8 training [time: 209.07s, train loss: 1680.1507]
Sun 23 Nov 2025 16:04:33 INFO  epoch 9 training [time: 208.19s, train loss: 1656.1144]
Sun 23 Nov 2025 16:05:12 INFO  epoch 9 evaluating [time: 38.39s, valid_score: 0.027100]
Sun 23 Nov 2025 16:05:12 INFO  valid result: 
recall@3 : 0.011    recall@5 : 0.0161    recall@10 : 0.0271    recall@20 : 0.0433    ndcg@3 : 0.0083    ndcg@5 : 0.0104    ndcg@10 : 0.0139    ndcg@20 : 0.018    
Sun 23 Nov 2025 16:05:12 INFO  Saving current best: saved/SASRecF_Denoising-Nov-23-2025_15-27-37.pth
Sun 23 Nov 2025 16:08:44 INFO  epoch 10 training [time: 212.20s, train loss: 1633.9760]
Sun 23 Nov 2025 16:12:22 INFO  epoch 11 training [time: 217.57s, train loss: 1612.8050]
Sun 23 Nov 2025 16:13:00 INFO  epoch 11 evaluating [time: 38.06s, valid_score: 0.028800]
Sun 23 Nov 2025 16:13:00 INFO  valid result: 
recall@3 : 0.0123    recall@5 : 0.0176    recall@10 : 0.0288    recall@20 : 0.0463    ndcg@3 : 0.0094    ndcg@5 : 0.0115    ndcg@10 : 0.0151    ndcg@20 : 0.0195    
Sun 23 Nov 2025 16:13:00 INFO  Saving current best: saved/SASRecF_Denoising-Nov-23-2025_15-27-37.pth
Sun 23 Nov 2025 16:16:28 INFO  epoch 12 training [time: 207.64s, train loss: 1592.7648]
Sun 23 Nov 2025 16:20:16 INFO  epoch 13 training [time: 228.01s, train loss: 1572.4312]
Sun 23 Nov 2025 16:20:54 INFO  epoch 13 evaluating [time: 37.70s, valid_score: 0.032700]
Sun 23 Nov 2025 16:20:54 INFO  valid result: 
recall@3 : 0.014    recall@5 : 0.0198    recall@10 : 0.0327    recall@20 : 0.0507    ndcg@3 : 0.0107    ndcg@5 : 0.0131    ndcg@10 : 0.0172    ndcg@20 : 0.0217    
Sun 23 Nov 2025 16:20:54 INFO  Saving current best: saved/SASRecF_Denoising-Nov-23-2025_15-27-37.pth
Sun 23 Nov 2025 16:24:38 INFO  epoch 14 training [time: 224.14s, train loss: 1552.2431]
Sun 23 Nov 2025 16:28:19 INFO  epoch 15 training [time: 220.15s, train loss: 1532.5682]
Sun 23 Nov 2025 16:28:58 INFO  epoch 15 evaluating [time: 39.72s, valid_score: 0.037300]
Sun 23 Nov 2025 16:28:58 INFO  valid result: 
recall@3 : 0.0164    recall@5 : 0.0226    recall@10 : 0.0373    recall@20 : 0.0574    ndcg@3 : 0.0126    ndcg@5 : 0.0152    ndcg@10 : 0.0199    ndcg@20 : 0.0249    
Sun 23 Nov 2025 16:28:59 INFO  Saving current best: saved/SASRecF_Denoising-Nov-23-2025_15-27-37.pth
Sun 23 Nov 2025 16:32:49 INFO  epoch 16 training [time: 230.27s, train loss: 1512.3889]
Sun 23 Nov 2025 16:36:21 INFO  epoch 17 training [time: 211.83s, train loss: 1492.4067]
Sun 23 Nov 2025 16:36:57 INFO  epoch 17 evaluating [time: 35.79s, valid_score: 0.041500]
Sun 23 Nov 2025 16:36:57 INFO  valid result: 
recall@3 : 0.0186    recall@5 : 0.0264    recall@10 : 0.0415    recall@20 : 0.0611    ndcg@3 : 0.0147    ndcg@5 : 0.0178    ndcg@10 : 0.0227    ndcg@20 : 0.0276    
Sun 23 Nov 2025 16:36:57 INFO  Saving current best: saved/SASRecF_Denoising-Nov-23-2025_15-27-37.pth
Sun 23 Nov 2025 16:40:16 INFO  epoch 18 training [time: 198.90s, train loss: 1472.8321]
Sun 23 Nov 2025 16:43:48 INFO  epoch 19 training [time: 212.36s, train loss: 1453.8070]
Sun 23 Nov 2025 16:44:25 INFO  epoch 19 evaluating [time: 36.89s, valid_score: 0.044300]
Sun 23 Nov 2025 16:44:25 INFO  valid result: 
recall@3 : 0.0208    recall@5 : 0.0297    recall@10 : 0.0443    recall@20 : 0.0648    ndcg@3 : 0.0165    ndcg@5 : 0.0202    ndcg@10 : 0.0249    ndcg@20 : 0.0301    
Sun 23 Nov 2025 16:44:26 INFO  Saving current best: saved/SASRecF_Denoising-Nov-23-2025_15-27-37.pth
Sun 23 Nov 2025 16:48:00 INFO  epoch 20 training [time: 214.69s, train loss: 1434.0488]
Sun 23 Nov 2025 16:51:33 INFO  epoch 21 training [time: 212.91s, train loss: 1415.5117]
Sun 23 Nov 2025 16:52:11 INFO  epoch 21 evaluating [time: 37.78s, valid_score: 0.047800]
Sun 23 Nov 2025 16:52:11 INFO  valid result: 
recall@3 : 0.0236    recall@5 : 0.0322    recall@10 : 0.0478    recall@20 : 0.0674    ndcg@3 : 0.0189    ndcg@5 : 0.0224    ndcg@10 : 0.0274    ndcg@20 : 0.0323    
Sun 23 Nov 2025 16:52:12 INFO  Saving current best: saved/SASRecF_Denoising-Nov-23-2025_15-27-37.pth
Sun 23 Nov 2025 16:55:44 INFO  epoch 22 training [time: 212.34s, train loss: 1396.1129]
Sun 23 Nov 2025 16:59:17 INFO  epoch 23 training [time: 212.84s, train loss: 1378.0173]
Sun 23 Nov 2025 16:59:50 INFO  epoch 23 evaluating [time: 33.51s, valid_score: 0.048600]
Sun 23 Nov 2025 16:59:50 INFO  valid result: 
recall@3 : 0.0261    recall@5 : 0.0339    recall@10 : 0.0486    recall@20 : 0.0687    ndcg@3 : 0.021    ndcg@5 : 0.0242    ndcg@10 : 0.0289    ndcg@20 : 0.034    
Sun 23 Nov 2025 16:59:51 INFO  Saving current best: saved/SASRecF_Denoising-Nov-23-2025_15-27-37.pth
Sun 23 Nov 2025 17:03:20 INFO  epoch 24 training [time: 209.54s, train loss: 1359.7882]
Sun 23 Nov 2025 17:06:53 INFO  epoch 25 training [time: 212.35s, train loss: 1341.5984]
Sun 23 Nov 2025 17:07:26 INFO  epoch 25 evaluating [time: 33.14s, valid_score: 0.049600]
Sun 23 Nov 2025 17:07:26 INFO  valid result: 
recall@3 : 0.0274    recall@5 : 0.0354    recall@10 : 0.0496    recall@20 : 0.0703    ndcg@3 : 0.0222    ndcg@5 : 0.0254    ndcg@10 : 0.03    ndcg@20 : 0.0352    
Sun 23 Nov 2025 17:07:26 INFO  Saving current best: saved/SASRecF_Denoising-Nov-23-2025_15-27-37.pth
Sun 23 Nov 2025 17:11:06 INFO  epoch 26 training [time: 219.60s, train loss: 1323.6339]
Sun 23 Nov 2025 17:14:39 INFO  epoch 27 training [time: 213.29s, train loss: 1306.4284]
Sun 23 Nov 2025 17:15:17 INFO  epoch 27 evaluating [time: 37.29s, valid_score: 0.050500]
Sun 23 Nov 2025 17:15:17 INFO  valid result: 
recall@3 : 0.0291    recall@5 : 0.0369    recall@10 : 0.0505    recall@20 : 0.071    ndcg@3 : 0.0235    ndcg@5 : 0.0266    ndcg@10 : 0.031    ndcg@20 : 0.0362    
Sun 23 Nov 2025 17:15:17 INFO  Saving current best: saved/SASRecF_Denoising-Nov-23-2025_15-27-37.pth
Sun 23 Nov 2025 17:18:48 INFO  epoch 28 training [time: 211.28s, train loss: 1288.9858]
Sun 23 Nov 2025 17:22:19 INFO  epoch 29 training [time: 210.98s, train loss: 1272.4908]
Sun 23 Nov 2025 17:22:55 INFO  epoch 29 evaluating [time: 36.00s, valid_score: 0.050900]
Sun 23 Nov 2025 17:22:55 INFO  valid result: 
recall@3 : 0.0295    recall@5 : 0.0371    recall@10 : 0.0509    recall@20 : 0.0722    ndcg@3 : 0.0242    ndcg@5 : 0.0273    ndcg@10 : 0.0317    ndcg@20 : 0.0371    
Sun 23 Nov 2025 17:22:56 INFO  Saving current best: saved/SASRecF_Denoising-Nov-23-2025_15-27-37.pth
Sun 23 Nov 2025 17:26:05 INFO  epoch 30 training [time: 189.24s, train loss: 1255.9403]
Sun 23 Nov 2025 17:29:37 INFO  epoch 31 training [time: 212.29s, train loss: 1240.0560]
Sun 23 Nov 2025 17:30:16 INFO  epoch 31 evaluating [time: 38.48s, valid_score: 0.052000]
Sun 23 Nov 2025 17:30:16 INFO  valid result: 
recall@3 : 0.0303    recall@5 : 0.0384    recall@10 : 0.052    recall@20 : 0.0732    ndcg@3 : 0.0247    ndcg@5 : 0.0281    ndcg@10 : 0.0324    ndcg@20 : 0.0378    
Sun 23 Nov 2025 17:30:16 INFO  Saving current best: saved/SASRecF_Denoising-Nov-23-2025_15-27-37.pth
Sun 23 Nov 2025 17:33:44 INFO  epoch 32 training [time: 207.72s, train loss: 1223.4592]
Sun 23 Nov 2025 17:37:10 INFO  epoch 33 training [time: 205.67s, train loss: 1207.4044]
Sun 23 Nov 2025 17:37:49 INFO  epoch 33 evaluating [time: 39.77s, valid_score: 0.053200]
Sun 23 Nov 2025 17:37:49 INFO  valid result: 
recall@3 : 0.0305    recall@5 : 0.0385    recall@10 : 0.0532    recall@20 : 0.0734    ndcg@3 : 0.0248    ndcg@5 : 0.0281    ndcg@10 : 0.0328    ndcg@20 : 0.0379    
Sun 23 Nov 2025 17:37:50 INFO  Saving current best: saved/SASRecF_Denoising-Nov-23-2025_15-27-37.pth
Sun 23 Nov 2025 17:41:23 INFO  epoch 34 training [time: 213.30s, train loss: 1192.3949]
Sun 23 Nov 2025 17:44:55 INFO  epoch 35 training [time: 212.05s, train loss: 1177.1697]
Sun 23 Nov 2025 17:45:34 INFO  epoch 35 evaluating [time: 38.54s, valid_score: 0.053300]
Sun 23 Nov 2025 17:45:34 INFO  valid result: 
recall@3 : 0.0313    recall@5 : 0.0385    recall@10 : 0.0533    recall@20 : 0.073    ndcg@3 : 0.0255    ndcg@5 : 0.0285    ndcg@10 : 0.0332    ndcg@20 : 0.0382    
Sun 23 Nov 2025 17:45:34 INFO  Saving current best: saved/SASRecF_Denoising-Nov-23-2025_15-27-37.pth
Sun 23 Nov 2025 17:49:06 INFO  epoch 36 training [time: 211.61s, train loss: 1162.2563]
Sun 23 Nov 2025 17:52:39 INFO  epoch 37 training [time: 212.95s, train loss: 1147.0676]
Sun 23 Nov 2025 17:53:17 INFO  epoch 37 evaluating [time: 38.29s, valid_score: 0.053400]
Sun 23 Nov 2025 17:53:17 INFO  valid result: 
recall@3 : 0.031    recall@5 : 0.0389    recall@10 : 0.0534    recall@20 : 0.0731    ndcg@3 : 0.0254    ndcg@5 : 0.0286    ndcg@10 : 0.0333    ndcg@20 : 0.0383    
Sun 23 Nov 2025 17:53:18 INFO  Saving current best: saved/SASRecF_Denoising-Nov-23-2025_15-27-37.pth
Sun 23 Nov 2025 17:56:44 INFO  epoch 38 training [time: 206.58s, train loss: 1132.9357]
Sun 23 Nov 2025 18:00:13 INFO  epoch 39 training [time: 209.04s, train loss: 1118.6040]
Sun 23 Nov 2025 18:00:48 INFO  epoch 39 evaluating [time: 34.96s, valid_score: 0.053700]
Sun 23 Nov 2025 18:00:48 INFO  valid result: 
recall@3 : 0.0311    recall@5 : 0.0389    recall@10 : 0.0537    recall@20 : 0.0728    ndcg@3 : 0.0257    ndcg@5 : 0.0289    ndcg@10 : 0.0337    ndcg@20 : 0.0385    
Sun 23 Nov 2025 18:00:49 INFO  Saving current best: saved/SASRecF_Denoising-Nov-23-2025_15-27-37.pth
Sun 23 Nov 2025 18:04:20 INFO  epoch 40 training [time: 211.36s, train loss: 1104.5828]
Sun 23 Nov 2025 18:07:48 INFO  epoch 41 training [time: 207.46s, train loss: 1090.7614]
Sun 23 Nov 2025 18:08:23 INFO  epoch 41 evaluating [time: 35.84s, valid_score: 0.053300]
Sun 23 Nov 2025 18:08:23 INFO  valid result: 
recall@3 : 0.0315    recall@5 : 0.0392    recall@10 : 0.0533    recall@20 : 0.0716    ndcg@3 : 0.0259    ndcg@5 : 0.029    ndcg@10 : 0.0336    ndcg@20 : 0.0382    
Sun 23 Nov 2025 18:12:08 INFO  epoch 42 training [time: 224.24s, train loss: 1077.0633]
Sun 23 Nov 2025 18:15:55 INFO  epoch 43 training [time: 226.98s, train loss: 1064.0546]
Sun 23 Nov 2025 18:16:30 INFO  epoch 43 evaluating [time: 35.01s, valid_score: 0.052900]
Sun 23 Nov 2025 18:16:30 INFO  valid result: 
recall@3 : 0.0312    recall@5 : 0.0396    recall@10 : 0.0529    recall@20 : 0.0714    ndcg@3 : 0.0257    ndcg@5 : 0.0291    ndcg@10 : 0.0334    ndcg@20 : 0.038    
Sun 23 Nov 2025 18:20:00 INFO  epoch 44 training [time: 209.99s, train loss: 1051.5587]
Sun 23 Nov 2025 18:23:32 INFO  epoch 45 training [time: 212.27s, train loss: 1038.2516]
Sun 23 Nov 2025 18:24:09 INFO  epoch 45 evaluating [time: 36.99s, valid_score: 0.052600]
Sun 23 Nov 2025 18:24:09 INFO  valid result: 
recall@3 : 0.0314    recall@5 : 0.0396    recall@10 : 0.0526    recall@20 : 0.0699    ndcg@3 : 0.0258    ndcg@5 : 0.0292    ndcg@10 : 0.0333    ndcg@20 : 0.0377    
Sun 23 Nov 2025 18:27:31 INFO  epoch 46 training [time: 202.21s, train loss: 1025.3564]
Sun 23 Nov 2025 18:30:59 INFO  epoch 47 training [time: 207.64s, train loss: 1014.0171]
Sun 23 Nov 2025 18:31:33 INFO  epoch 47 evaluating [time: 34.44s, valid_score: 0.051700]
Sun 23 Nov 2025 18:31:33 INFO  valid result: 
recall@3 : 0.0311    recall@5 : 0.0393    recall@10 : 0.0517    recall@20 : 0.0698    ndcg@3 : 0.0255    ndcg@5 : 0.0289    ndcg@10 : 0.0329    ndcg@20 : 0.0374    
Sun 23 Nov 2025 18:35:00 INFO  epoch 48 training [time: 206.59s, train loss: 1001.6718]
Sun 23 Nov 2025 18:38:17 INFO  epoch 49 training [time: 197.37s, train loss: 990.1345]
Sun 23 Nov 2025 18:38:52 INFO  epoch 49 evaluating [time: 35.20s, valid_score: 0.051200]
Sun 23 Nov 2025 18:38:52 INFO  valid result: 
recall@3 : 0.0311    recall@5 : 0.0388    recall@10 : 0.0512    recall@20 : 0.069    ndcg@3 : 0.0253    ndcg@5 : 0.0285    ndcg@10 : 0.0325    ndcg@20 : 0.037    
Sun 23 Nov 2025 18:42:08 INFO  epoch 50 training [time: 195.23s, train loss: 978.3228]
Sun 23 Nov 2025 18:45:32 INFO  epoch 51 training [time: 204.68s, train loss: 966.9922]
Sun 23 Nov 2025 18:46:06 INFO  epoch 51 evaluating [time: 33.40s, valid_score: 0.051700]
Sun 23 Nov 2025 18:46:06 INFO  valid result: 
recall@3 : 0.031    recall@5 : 0.0388    recall@10 : 0.0517    recall@20 : 0.0687    ndcg@3 : 0.0252    ndcg@5 : 0.0284    ndcg@10 : 0.0326    ndcg@20 : 0.0368    
Sun 23 Nov 2025 18:49:32 INFO  epoch 52 training [time: 206.72s, train loss: 955.4138]
Sun 23 Nov 2025 18:52:56 INFO  epoch 53 training [time: 204.07s, train loss: 945.0530]
Sun 23 Nov 2025 18:53:32 INFO  epoch 53 evaluating [time: 35.09s, valid_score: 0.050900]
Sun 23 Nov 2025 18:53:32 INFO  valid result: 
recall@3 : 0.0305    recall@5 : 0.0383    recall@10 : 0.0509    recall@20 : 0.0674    ndcg@3 : 0.0249    ndcg@5 : 0.0281    ndcg@10 : 0.0321    ndcg@20 : 0.0363    
Sun 23 Nov 2025 18:57:07 INFO  epoch 54 training [time: 215.81s, train loss: 935.3455]
Sun 23 Nov 2025 19:01:12 INFO  epoch 55 training [time: 244.88s, train loss: 924.9839]
Sun 23 Nov 2025 19:01:55 INFO  epoch 55 evaluating [time: 43.07s, valid_score: 0.050400]
Sun 23 Nov 2025 19:01:55 INFO  valid result: 
recall@3 : 0.0302    recall@5 : 0.0379    recall@10 : 0.0504    recall@20 : 0.067    ndcg@3 : 0.0247    ndcg@5 : 0.0279    ndcg@10 : 0.0319    ndcg@20 : 0.0361    
Sun 23 Nov 2025 19:06:13 INFO  epoch 56 training [time: 257.77s, train loss: 913.8916]
Sun 23 Nov 2025 19:10:26 INFO  epoch 57 training [time: 252.73s, train loss: 905.4423]
Sun 23 Nov 2025 19:11:10 INFO  epoch 57 evaluating [time: 44.36s, valid_score: 0.049700]
Sun 23 Nov 2025 19:11:10 INFO  valid result: 
recall@3 : 0.0301    recall@5 : 0.038    recall@10 : 0.0497    recall@20 : 0.0659    ndcg@3 : 0.0245    ndcg@5 : 0.0278    ndcg@10 : 0.0316    ndcg@20 : 0.0356    
Sun 23 Nov 2025 19:15:24 INFO  epoch 58 training [time: 253.45s, train loss: 895.0260]
Sun 23 Nov 2025 19:19:10 INFO  epoch 59 training [time: 226.22s, train loss: 886.3272]
Sun 23 Nov 2025 19:19:48 INFO  epoch 59 evaluating [time: 37.99s, valid_score: 0.049600]
Sun 23 Nov 2025 19:19:48 INFO  valid result: 
recall@3 : 0.0297    recall@5 : 0.0377    recall@10 : 0.0496    recall@20 : 0.0655    ndcg@3 : 0.0243    ndcg@5 : 0.0276    ndcg@10 : 0.0314    ndcg@20 : 0.0355    
Sun 23 Nov 2025 19:23:54 INFO  epoch 60 training [time: 246.10s, train loss: 876.9768]
Sun 23 Nov 2025 19:28:01 INFO  epoch 61 training [time: 247.44s, train loss: 868.5609]
Sun 23 Nov 2025 19:28:46 INFO  epoch 61 evaluating [time: 44.53s, valid_score: 0.049400]
Sun 23 Nov 2025 19:28:46 INFO  valid result: 
recall@3 : 0.029    recall@5 : 0.0372    recall@10 : 0.0494    recall@20 : 0.0655    ndcg@3 : 0.0238    ndcg@5 : 0.0273    ndcg@10 : 0.0312    ndcg@20 : 0.0352    
Sun 23 Nov 2025 19:28:46 INFO  Finished training, best eval result in epoch 39
Sun 23 Nov 2025 19:28:49 INFO  Loading model structure and parameters from saved/SASRecF_Denoising-Nov-23-2025_15-27-37.pth
Sun 23 Nov 2025 19:29:30 INFO  best valid : {'recall@3': np.float64(0.0311), 'recall@5': np.float64(0.0389), 'recall@10': np.float64(0.0537), 'recall@20': np.float64(0.0728), 'ndcg@3': np.float64(0.0257), 'ndcg@5': np.float64(0.0289), 'ndcg@10': np.float64(0.0337), 'ndcg@20': np.float64(0.0385)}
Sun 23 Nov 2025 19:29:30 INFO  test result: {'recall@3': np.float64(0.0222), 'recall@5': np.float64(0.0284), 'recall@10': np.float64(0.0398), 'recall@20': np.float64(0.0549), 'ndcg@3': np.float64(0.0182), 'ndcg@5': np.float64(0.0207), 'ndcg@10': np.float64(0.0244), 'ndcg@20': np.float64(0.0282)}
