Tue 18 Nov 2025 18:13:25 INFO  
General Hyper Parameters:
gpu_id = 0
use_gpu = True
seed = 212
state = INFO
reproducibility = True
data_path = ./recbole/data/dataset/Amazon_Sports_and_Outdoors
show_progress = True
save_dataset = False
save_dataloaders = False
benchmark_filename = None

Training Hyper Parameters:
checkpoint_dir = saved
epochs = 200
train_batch_size = 1024
learner = adam
learning_rate = 0.0001
eval_step = 2
stopping_step = 10
clip_grad_norm = None
weight_decay = 0.0
loss_decimal_place = 4

Evaluation Hyper Parameters:
eval_args = {'split': {'LS': 'valid_and_test'}, 'group_by': 'user', 'order': 'TO', 'mode': 'full'}
metrics = ['Recall', 'NDCG']
topk = [3, 5, 10, 20]
valid_metric = Recall@10
valid_metric_bigger = True
eval_batch_size = 256
metric_decimal_place = 4

Dataset Hyper Parameters:
field_separator = 	
seq_separator =  
USER_ID_FIELD = user_id
ITEM_ID_FIELD = item_id
RATING_FIELD = rating
TIME_FIELD = timestamp
seq_len = None
LABEL_FIELD = label
threshold = None
NEG_PREFIX = neg_
load_col = {'inter': ['user_id', 'item_id', 'rating', 'timestamp'], 'item': ['item_id', 'title', 'sales_rank', 'price', 'brand', 'categories', 'sales_type'], 'title': ['ent_id', 'ent_emb'], 'image': ['img_id', 'img_emb']}
unload_col = None
unused_col = None
additional_feat_suffix = ['title', 'image']
rm_dup_inter = None
val_interval = None
filter_inter_by_user_or_item = True
user_inter_num_interval = [5,inf)
item_inter_num_interval = [5,inf)
alias_of_user_id = None
alias_of_item_id = ['ent_id', 'img_id']
alias_of_entity_id = None
alias_of_relation_id = None
preload_weight = {'ent_id': 'ent_emb', 'img_id': 'img_emb'}
normalize_field = None
normalize_all = None
ITEM_LIST_LENGTH_FIELD = item_length
LIST_SUFFIX = _list
MAX_ITEM_LIST_LENGTH = 50
POSITION_FIELD = position_id
HEAD_ENTITY_ID_FIELD = head_id
TAIL_ENTITY_ID_FIELD = tail_id
RELATION_ID_FIELD = relation_id
ENTITY_ID_FIELD = entity_id

Other Hyper Parameters: 
neg_sampling = None
multi_gpus = False
repeatable = True
MODEL_TYPE = ModelType.SEQUENTIAL
n_layers = 3
n_heads = 8
hidden_size = 256
orig_attribute_hidden_size = [1024, 4096]
attribute_hidden_size = [128, 128]
inner_size = 256
hidden_dropout_prob = 0.5
attn_dropout_prob = 0.3
hidden_act = gelu
layer_norm_eps = 1e-12
initializer_range = 0.02
selected_features = ['ent_emb', 'img_emb']
feature_type = ['static', 'static']
pooling_mode = sum
loss_type = CE
weight_sharing = not
fusion_type = gate
lamdas = [5, 5]
attribute_predictor = ['cos_sim', 'cos_sim']
lambda = 1
diffusion = {'structure': 'transformer', 'hiddenSize': 128, 'inputSize': 128, 'noise_scale': 0.005, 'steps': 10, 'history_num_per_term': 10, 'mean_type': 'x0', 'beta_fixed': True, 'noise_schedule': 'linear', 'noise_min': 0.0001, 'noise_max': 0.005, 'device': 'cuda'}
wandb_run_name = titles_images_denoising
annealing = False
MODEL_INPUT_TYPE = InputType.POINTWISE
eval_type = EvaluatorType.RANKING
device = cuda
train_neg_sample_args = {'strategy': 'none'}
eval_neg_sample_args = {'strategy': 'full', 'distribution': 'uniform'}


Tue 18 Nov 2025 18:13:27 INFO  Amazon_Sports_and_Outdoors
The number of users: 35599
Average actions of users: 8.324540704533963
The number of items: 18358
Average actions of items: 16.142997221768262
The number of inters: 296337
The sparsity of the dataset: 99.95465569853714%
Remain Fields: ['user_id', 'item_id', 'rating', 'timestamp', 'title', 'price', 'brand', 'categories', 'sales_type', 'sales_rank', 'ent_id', 'ent_emb', 'img_id', 'img_emb']
Tue 18 Nov 2025 18:13:30 INFO  [Training]: train_batch_size = [1024] negative sampling: [None]
Tue 18 Nov 2025 18:13:30 INFO  [Evaluation]: eval_batch_size = [256] eval_args: [{'split': {'LS': 'valid_and_test'}, 'group_by': 'user', 'order': 'TO', 'mode': 'full'}]
Tue 18 Nov 2025 18:13:32 INFO  SASRecF_Denoising(
  (item_embedding): Embedding(18358, 256, padding_idx=0)
  (position_embedding): Embedding(50, 256)
  (diffusion): ModuleList(
    (0-1): 2 x GaussianDiffusion(
      (model): TransformerDNN(
        (emb_layer): Linear(in_features=10, out_features=10, bias=True)
        (input_projection): Linear(in_features=138, out_features=128, bias=True)
        (transformer_encoder): TransformerEncoder(
          (layers): ModuleList(
            (0): TransformerEncoderLayer(
              (self_attn): MultiheadAttention(
                (out_proj): NonDynamicallyQuantizableLinear(in_features=128, out_features=128, bias=True)
              )
              (linear1): Linear(in_features=128, out_features=2048, bias=True)
              (dropout): Dropout(p=0.5, inplace=False)
              (linear2): Linear(in_features=2048, out_features=128, bias=True)
              (norm1): LayerNorm((128,), eps=1e-05, elementwise_affine=True)
              (norm2): LayerNorm((128,), eps=1e-05, elementwise_affine=True)
              (dropout1): Dropout(p=0.5, inplace=False)
              (dropout2): Dropout(p=0.5, inplace=False)
            )
          )
        )
        (output_projection): Linear(in_features=128, out_features=128, bias=True)
        (drop): Dropout(p=0.5, inplace=False)
      )
      (loss_layer): Linear(in_features=128, out_features=128, bias=True)
    )
  )
  (feature_embed_layer_list): ModuleList(
    (0-1): 2 x Embedding(18358, 128)
  )
  (trm_encoder): TransformerEncoder(
    (layer): ModuleList(
      (0-2): 3 x TransformerLayer(
        (multi_head_attention): MultiHeadAttention(
          (query): Linear(in_features=256, out_features=256, bias=True)
          (key): Linear(in_features=256, out_features=256, bias=True)
          (value): Linear(in_features=256, out_features=256, bias=True)
          (attn_dropout): Dropout(p=0.3, inplace=False)
          (dense): Linear(in_features=256, out_features=256, bias=True)
          (LayerNorm): LayerNorm((256,), eps=1e-12, elementwise_affine=True)
          (out_dropout): Dropout(p=0.5, inplace=False)
        )
        (feed_forward): FeedForward(
          (dense_1): Linear(in_features=256, out_features=256, bias=True)
          (dense_2): Linear(in_features=256, out_features=256, bias=True)
          (LayerNorm): LayerNorm((256,), eps=1e-12, elementwise_affine=True)
          (dropout): Dropout(p=0.5, inplace=False)
        )
      )
    )
  )
  (concat_layer): Linear(in_features=512, out_features=256, bias=True)
  (LayerNorm): LayerNorm((256,), eps=1e-12, elementwise_affine=True)
  (dropout): Dropout(p=0.5, inplace=False)
  (loss_fct): CrossEntropyLoss()
)
Trainable parameters: 7319516
Tue 18 Nov 2025 18:16:56 INFO  epoch 0 training [time: 203.16s, train loss: 3661.8794]
Tue 18 Nov 2025 18:20:13 INFO  epoch 1 training [time: 197.66s, train loss: 1855.2080]
Tue 18 Nov 2025 18:20:48 INFO  epoch 1 evaluating [time: 34.45s, valid_score: 0.012600]
Tue 18 Nov 2025 18:20:48 INFO  valid result: 
recall@3 : 0.006    recall@5 : 0.0081    recall@10 : 0.0126    recall@20 : 0.0238    ndcg@3 : 0.0045    ndcg@5 : 0.0053    ndcg@10 : 0.0068    ndcg@20 : 0.0096    
Tue 18 Nov 2025 18:20:48 INFO  Saving current best: saved/SASRecF_Denoising-Nov-18-2025_18-13-32.pth
Tue 18 Nov 2025 18:24:24 INFO  epoch 2 training [time: 215.66s, train loss: 1772.9383]
Tue 18 Nov 2025 18:27:43 INFO  epoch 3 training [time: 199.23s, train loss: 1744.7888]
Tue 18 Nov 2025 18:28:16 INFO  epoch 3 evaluating [time: 32.52s, valid_score: 0.012800]
Tue 18 Nov 2025 18:28:16 INFO  valid result: 
recall@3 : 0.0059    recall@5 : 0.008    recall@10 : 0.0128    recall@20 : 0.0239    ndcg@3 : 0.0044    ndcg@5 : 0.0053    ndcg@10 : 0.0068    ndcg@20 : 0.0096    
Tue 18 Nov 2025 18:28:16 INFO  Saving current best: saved/SASRecF_Denoising-Nov-18-2025_18-13-32.pth
Tue 18 Nov 2025 18:31:39 INFO  epoch 4 training [time: 203.58s, train loss: 1725.3852]
Tue 18 Nov 2025 18:34:59 INFO  epoch 5 training [time: 199.87s, train loss: 1699.8968]
Tue 18 Nov 2025 18:35:33 INFO  epoch 5 evaluating [time: 34.21s, valid_score: 0.019200]
Tue 18 Nov 2025 18:35:33 INFO  valid result: 
recall@3 : 0.0072    recall@5 : 0.0105    recall@10 : 0.0192    recall@20 : 0.0318    ndcg@3 : 0.0053    ndcg@5 : 0.0067    ndcg@10 : 0.0094    ndcg@20 : 0.0126    
Tue 18 Nov 2025 18:35:33 INFO  Saving current best: saved/SASRecF_Denoising-Nov-18-2025_18-13-32.pth
Tue 18 Nov 2025 18:38:51 INFO  epoch 6 training [time: 197.90s, train loss: 1667.4748]
Tue 18 Nov 2025 18:42:10 INFO  epoch 7 training [time: 198.86s, train loss: 1643.5000]
Tue 18 Nov 2025 18:42:42 INFO  epoch 7 evaluating [time: 32.16s, valid_score: 0.022600]
Tue 18 Nov 2025 18:42:42 INFO  valid result: 
recall@3 : 0.0089    recall@5 : 0.0131    recall@10 : 0.0226    recall@20 : 0.0379    ndcg@3 : 0.0065    ndcg@5 : 0.0082    ndcg@10 : 0.0113    ndcg@20 : 0.0151    
Tue 18 Nov 2025 18:42:43 INFO  Saving current best: saved/SASRecF_Denoising-Nov-18-2025_18-13-32.pth
Tue 18 Nov 2025 18:46:04 INFO  epoch 8 training [time: 201.71s, train loss: 1624.0577]
Tue 18 Nov 2025 18:49:30 INFO  epoch 9 training [time: 205.34s, train loss: 1605.8880]
Tue 18 Nov 2025 18:50:05 INFO  epoch 9 evaluating [time: 35.15s, valid_score: 0.027000]
Tue 18 Nov 2025 18:50:05 INFO  valid result: 
recall@3 : 0.0116    recall@5 : 0.017    recall@10 : 0.027    recall@20 : 0.044    ndcg@3 : 0.0087    ndcg@5 : 0.0109    ndcg@10 : 0.0141    ndcg@20 : 0.0184    
Tue 18 Nov 2025 18:50:05 INFO  Saving current best: saved/SASRecF_Denoising-Nov-18-2025_18-13-32.pth
Tue 18 Nov 2025 18:53:28 INFO  epoch 10 training [time: 203.41s, train loss: 1587.9537]
Tue 18 Nov 2025 18:56:54 INFO  epoch 11 training [time: 205.78s, train loss: 1569.6756]
Tue 18 Nov 2025 18:57:28 INFO  epoch 11 evaluating [time: 34.01s, valid_score: 0.030200]
Tue 18 Nov 2025 18:57:28 INFO  valid result: 
recall@3 : 0.0136    recall@5 : 0.0187    recall@10 : 0.0302    recall@20 : 0.0487    ndcg@3 : 0.0104    ndcg@5 : 0.0125    ndcg@10 : 0.0162    ndcg@20 : 0.0208    
Tue 18 Nov 2025 18:57:28 INFO  Saving current best: saved/SASRecF_Denoising-Nov-18-2025_18-13-32.pth
Tue 18 Nov 2025 19:00:57 INFO  epoch 12 training [time: 209.16s, train loss: 1552.8425]
Tue 18 Nov 2025 19:04:31 INFO  epoch 13 training [time: 213.93s, train loss: 1535.3666]
Tue 18 Nov 2025 19:05:01 INFO  epoch 13 evaluating [time: 29.77s, valid_score: 0.033500]
Tue 18 Nov 2025 19:05:01 INFO  valid result: 
recall@3 : 0.0157    recall@5 : 0.0214    recall@10 : 0.0335    recall@20 : 0.0537    ndcg@3 : 0.0122    ndcg@5 : 0.0146    ndcg@10 : 0.0184    ndcg@20 : 0.0235    
Tue 18 Nov 2025 19:05:01 INFO  Saving current best: saved/SASRecF_Denoising-Nov-18-2025_18-13-32.pth
Tue 18 Nov 2025 19:08:26 INFO  epoch 14 training [time: 204.99s, train loss: 1518.0136]
Tue 18 Nov 2025 19:11:49 INFO  epoch 15 training [time: 203.14s, train loss: 1500.1026]
Tue 18 Nov 2025 19:12:23 INFO  epoch 15 evaluating [time: 33.87s, valid_score: 0.039000]
Tue 18 Nov 2025 19:12:23 INFO  valid result: 
recall@3 : 0.0191    recall@5 : 0.0261    recall@10 : 0.039    recall@20 : 0.0582    ndcg@3 : 0.0147    ndcg@5 : 0.0176    ndcg@10 : 0.0217    ndcg@20 : 0.0266    
Tue 18 Nov 2025 19:12:23 INFO  Saving current best: saved/SASRecF_Denoising-Nov-18-2025_18-13-32.pth
Tue 18 Nov 2025 19:15:50 INFO  epoch 16 training [time: 206.35s, train loss: 1482.2987]
Tue 18 Nov 2025 19:19:17 INFO  epoch 17 training [time: 207.20s, train loss: 1464.6605]
Tue 18 Nov 2025 19:19:53 INFO  epoch 17 evaluating [time: 36.57s, valid_score: 0.041500]
Tue 18 Nov 2025 19:19:53 INFO  valid result: 
recall@3 : 0.0223    recall@5 : 0.0289    recall@10 : 0.0415    recall@20 : 0.0633    ndcg@3 : 0.017    ndcg@5 : 0.0197    ndcg@10 : 0.0238    ndcg@20 : 0.0293    
Tue 18 Nov 2025 19:19:53 INFO  Saving current best: saved/SASRecF_Denoising-Nov-18-2025_18-13-32.pth
Tue 18 Nov 2025 19:23:22 INFO  epoch 18 training [time: 208.21s, train loss: 1447.0708]
Tue 18 Nov 2025 19:26:49 INFO  epoch 19 training [time: 207.63s, train loss: 1429.7436]
Tue 18 Nov 2025 19:27:23 INFO  epoch 19 evaluating [time: 34.04s, valid_score: 0.045300]
Tue 18 Nov 2025 19:27:23 INFO  valid result: 
recall@3 : 0.0237    recall@5 : 0.0319    recall@10 : 0.0453    recall@20 : 0.0658    ndcg@3 : 0.0186    ndcg@5 : 0.022    ndcg@10 : 0.0263    ndcg@20 : 0.0315    
Tue 18 Nov 2025 19:27:23 INFO  Saving current best: saved/SASRecF_Denoising-Nov-18-2025_18-13-32.pth
Tue 18 Nov 2025 19:30:49 INFO  epoch 20 training [time: 205.92s, train loss: 1412.4056]
Tue 18 Nov 2025 19:34:20 INFO  epoch 21 training [time: 210.55s, train loss: 1394.9826]
Tue 18 Nov 2025 19:34:52 INFO  epoch 21 evaluating [time: 32.45s, valid_score: 0.048000]
Tue 18 Nov 2025 19:34:52 INFO  valid result: 
recall@3 : 0.0253    recall@5 : 0.034    recall@10 : 0.048    recall@20 : 0.0684    ndcg@3 : 0.0203    ndcg@5 : 0.0239    ndcg@10 : 0.0283    ndcg@20 : 0.0334    
Tue 18 Nov 2025 19:34:52 INFO  Saving current best: saved/SASRecF_Denoising-Nov-18-2025_18-13-32.pth
Tue 18 Nov 2025 19:38:14 INFO  epoch 22 training [time: 201.86s, train loss: 1378.1069]
Tue 18 Nov 2025 19:41:42 INFO  epoch 23 training [time: 207.84s, train loss: 1361.7937]
Tue 18 Nov 2025 19:42:15 INFO  epoch 23 evaluating [time: 32.70s, valid_score: 0.048800]
Tue 18 Nov 2025 19:42:15 INFO  valid result: 
recall@3 : 0.0273    recall@5 : 0.0349    recall@10 : 0.0488    recall@20 : 0.0705    ndcg@3 : 0.022    ndcg@5 : 0.0252    ndcg@10 : 0.0297    ndcg@20 : 0.0351    
Tue 18 Nov 2025 19:42:15 INFO  Saving current best: saved/SASRecF_Denoising-Nov-18-2025_18-13-32.pth
Tue 18 Nov 2025 19:45:36 INFO  epoch 24 training [time: 201.11s, train loss: 1344.3416]
Tue 18 Nov 2025 19:48:58 INFO  epoch 25 training [time: 202.28s, train loss: 1327.9883]
Tue 18 Nov 2025 19:49:32 INFO  epoch 25 evaluating [time: 33.83s, valid_score: 0.050100]
Tue 18 Nov 2025 19:49:32 INFO  valid result: 
recall@3 : 0.0283    recall@5 : 0.0356    recall@10 : 0.0501    recall@20 : 0.0704    ndcg@3 : 0.0229    ndcg@5 : 0.0259    ndcg@10 : 0.0305    ndcg@20 : 0.0356    
Tue 18 Nov 2025 19:49:32 INFO  Saving current best: saved/SASRecF_Denoising-Nov-18-2025_18-13-32.pth
Tue 18 Nov 2025 19:53:04 INFO  epoch 26 training [time: 211.79s, train loss: 1311.3746]
Tue 18 Nov 2025 19:56:40 INFO  epoch 27 training [time: 216.20s, train loss: 1294.9553]
Tue 18 Nov 2025 19:57:14 INFO  epoch 27 evaluating [time: 33.91s, valid_score: 0.051200]
Tue 18 Nov 2025 19:57:14 INFO  valid result: 
recall@3 : 0.0291    recall@5 : 0.0368    recall@10 : 0.0512    recall@20 : 0.072    ndcg@3 : 0.0237    ndcg@5 : 0.0269    ndcg@10 : 0.0315    ndcg@20 : 0.0368    
Tue 18 Nov 2025 19:57:14 INFO  Saving current best: saved/SASRecF_Denoising-Nov-18-2025_18-13-32.pth
Tue 18 Nov 2025 20:00:39 INFO  epoch 28 training [time: 204.84s, train loss: 1279.5590]
Tue 18 Nov 2025 20:04:10 INFO  epoch 29 training [time: 211.08s, train loss: 1262.9283]
Tue 18 Nov 2025 20:04:42 INFO  epoch 29 evaluating [time: 31.61s, valid_score: 0.052300]
Tue 18 Nov 2025 20:04:42 INFO  valid result: 
recall@3 : 0.0294    recall@5 : 0.0369    recall@10 : 0.0523    recall@20 : 0.073    ndcg@3 : 0.0243    ndcg@5 : 0.0274    ndcg@10 : 0.0323    ndcg@20 : 0.0375    
Tue 18 Nov 2025 20:04:42 INFO  Saving current best: saved/SASRecF_Denoising-Nov-18-2025_18-13-32.pth
Tue 18 Nov 2025 20:08:02 INFO  epoch 30 training [time: 199.54s, train loss: 1248.0793]
Tue 18 Nov 2025 20:11:26 INFO  epoch 31 training [time: 204.07s, train loss: 1232.3367]
Tue 18 Nov 2025 20:11:57 INFO  epoch 31 evaluating [time: 31.27s, valid_score: 0.052900]
Tue 18 Nov 2025 20:11:57 INFO  valid result: 
recall@3 : 0.0305    recall@5 : 0.0375    recall@10 : 0.0529    recall@20 : 0.0727    ndcg@3 : 0.025    ndcg@5 : 0.0279    ndcg@10 : 0.0328    ndcg@20 : 0.0378    
Tue 18 Nov 2025 20:11:57 INFO  Saving current best: saved/SASRecF_Denoising-Nov-18-2025_18-13-32.pth
Tue 18 Nov 2025 20:15:29 INFO  epoch 32 training [time: 211.77s, train loss: 1216.5090]
Tue 18 Nov 2025 20:19:00 INFO  epoch 33 training [time: 211.22s, train loss: 1201.4978]
Tue 18 Nov 2025 20:19:32 INFO  epoch 33 evaluating [time: 31.83s, valid_score: 0.052300]
Tue 18 Nov 2025 20:19:32 INFO  valid result: 
recall@3 : 0.0311    recall@5 : 0.0385    recall@10 : 0.0523    recall@20 : 0.0727    ndcg@3 : 0.0254    ndcg@5 : 0.0285    ndcg@10 : 0.0329    ndcg@20 : 0.038    
Tue 18 Nov 2025 20:22:58 INFO  epoch 34 training [time: 206.01s, train loss: 1187.0136]
Tue 18 Nov 2025 20:26:31 INFO  epoch 35 training [time: 213.52s, train loss: 1172.5082]
Tue 18 Nov 2025 20:27:02 INFO  epoch 35 evaluating [time: 30.36s, valid_score: 0.053600]
Tue 18 Nov 2025 20:27:02 INFO  valid result: 
recall@3 : 0.031    recall@5 : 0.0388    recall@10 : 0.0536    recall@20 : 0.0726    ndcg@3 : 0.0257    ndcg@5 : 0.0289    ndcg@10 : 0.0336    ndcg@20 : 0.0384    
Tue 18 Nov 2025 20:27:02 INFO  Saving current best: saved/SASRecF_Denoising-Nov-18-2025_18-13-32.pth
Tue 18 Nov 2025 20:30:19 INFO  epoch 36 training [time: 197.34s, train loss: 1157.5596]
Tue 18 Nov 2025 20:33:33 INFO  epoch 37 training [time: 193.96s, train loss: 1143.1588]
Tue 18 Nov 2025 20:34:04 INFO  epoch 37 evaluating [time: 30.43s, valid_score: 0.053300]
Tue 18 Nov 2025 20:34:04 INFO  valid result: 
recall@3 : 0.0316    recall@5 : 0.0395    recall@10 : 0.0533    recall@20 : 0.0716    ndcg@3 : 0.026    ndcg@5 : 0.0292    ndcg@10 : 0.0337    ndcg@20 : 0.0383    
Tue 18 Nov 2025 20:37:18 INFO  epoch 38 training [time: 194.84s, train loss: 1128.7524]
Tue 18 Nov 2025 20:40:39 INFO  epoch 39 training [time: 200.47s, train loss: 1115.0891]
Tue 18 Nov 2025 20:41:11 INFO  epoch 39 evaluating [time: 31.61s, valid_score: 0.052400]
Tue 18 Nov 2025 20:41:11 INFO  valid result: 
recall@3 : 0.0313    recall@5 : 0.0396    recall@10 : 0.0524    recall@20 : 0.0708    ndcg@3 : 0.0258    ndcg@5 : 0.0292    ndcg@10 : 0.0333    ndcg@20 : 0.038    
Tue 18 Nov 2025 20:44:27 INFO  epoch 40 training [time: 196.44s, train loss: 1101.3661]
Tue 18 Nov 2025 20:47:39 INFO  epoch 41 training [time: 192.44s, train loss: 1087.9469]
Tue 18 Nov 2025 20:48:10 INFO  epoch 41 evaluating [time: 30.12s, valid_score: 0.052600]
Tue 18 Nov 2025 20:48:10 INFO  valid result: 
recall@3 : 0.0317    recall@5 : 0.0392    recall@10 : 0.0526    recall@20 : 0.0702    ndcg@3 : 0.0261    ndcg@5 : 0.0292    ndcg@10 : 0.0335    ndcg@20 : 0.038    
Tue 18 Nov 2025 20:51:18 INFO  epoch 42 training [time: 188.21s, train loss: 1075.2632]
Tue 18 Nov 2025 20:54:36 INFO  epoch 43 training [time: 198.58s, train loss: 1061.6153]
Tue 18 Nov 2025 20:55:06 INFO  epoch 43 evaluating [time: 29.70s, valid_score: 0.052800]
Tue 18 Nov 2025 20:55:06 INFO  valid result: 
recall@3 : 0.0316    recall@5 : 0.0392    recall@10 : 0.0528    recall@20 : 0.0701    ndcg@3 : 0.0261    ndcg@5 : 0.0293    ndcg@10 : 0.0336    ndcg@20 : 0.038    
Tue 18 Nov 2025 20:58:28 INFO  epoch 44 training [time: 201.60s, train loss: 1049.3530]
Tue 18 Nov 2025 21:01:57 INFO  epoch 45 training [time: 209.04s, train loss: 1036.7893]
Tue 18 Nov 2025 21:02:28 INFO  epoch 45 evaluating [time: 31.12s, valid_score: 0.051700]
Tue 18 Nov 2025 21:02:28 INFO  valid result: 
recall@3 : 0.0319    recall@5 : 0.0397    recall@10 : 0.0517    recall@20 : 0.0689    ndcg@3 : 0.0263    ndcg@5 : 0.0295    ndcg@10 : 0.0334    ndcg@20 : 0.0377    
Tue 18 Nov 2025 21:05:55 INFO  epoch 46 training [time: 207.13s, train loss: 1024.2809]
Tue 18 Nov 2025 21:09:21 INFO  epoch 47 training [time: 206.51s, train loss: 1012.0947]
Tue 18 Nov 2025 21:09:53 INFO  epoch 47 evaluating [time: 31.52s, valid_score: 0.051200]
Tue 18 Nov 2025 21:09:53 INFO  valid result: 
recall@3 : 0.0317    recall@5 : 0.0392    recall@10 : 0.0512    recall@20 : 0.0683    ndcg@3 : 0.0261    ndcg@5 : 0.0292    ndcg@10 : 0.0331    ndcg@20 : 0.0374    
Tue 18 Nov 2025 21:13:08 INFO  epoch 48 training [time: 194.61s, train loss: 999.9192]
Tue 18 Nov 2025 21:16:31 INFO  epoch 49 training [time: 203.58s, train loss: 988.4309]
Tue 18 Nov 2025 21:17:03 INFO  epoch 49 evaluating [time: 31.83s, valid_score: 0.050600]
Tue 18 Nov 2025 21:17:03 INFO  valid result: 
recall@3 : 0.0316    recall@5 : 0.0389    recall@10 : 0.0506    recall@20 : 0.0685    ndcg@3 : 0.026    ndcg@5 : 0.029    ndcg@10 : 0.0328    ndcg@20 : 0.0373    
Tue 18 Nov 2025 21:20:23 INFO  epoch 50 training [time: 199.77s, train loss: 977.2872]
Tue 18 Nov 2025 21:23:43 INFO  epoch 51 training [time: 200.22s, train loss: 966.7313]
Tue 18 Nov 2025 21:24:14 INFO  epoch 51 evaluating [time: 31.52s, valid_score: 0.050200]
Tue 18 Nov 2025 21:24:14 INFO  valid result: 
recall@3 : 0.0311    recall@5 : 0.0384    recall@10 : 0.0502    recall@20 : 0.0676    ndcg@3 : 0.0257    ndcg@5 : 0.0287    ndcg@10 : 0.0325    ndcg@20 : 0.0369    
Tue 18 Nov 2025 21:27:56 INFO  epoch 52 training [time: 221.61s, train loss: 955.1795]
Tue 18 Nov 2025 21:31:23 INFO  epoch 53 training [time: 207.20s, train loss: 944.4146]
Tue 18 Nov 2025 21:32:02 INFO  epoch 53 evaluating [time: 39.15s, valid_score: 0.050200]
Tue 18 Nov 2025 21:32:02 INFO  valid result: 
recall@3 : 0.031    recall@5 : 0.0384    recall@10 : 0.0502    recall@20 : 0.0669    ndcg@3 : 0.0256    ndcg@5 : 0.0286    ndcg@10 : 0.0324    ndcg@20 : 0.0366    
Tue 18 Nov 2025 21:35:25 INFO  epoch 54 training [time: 202.66s, train loss: 934.5764]
Tue 18 Nov 2025 21:38:50 INFO  epoch 55 training [time: 204.60s, train loss: 924.3882]
Tue 18 Nov 2025 21:39:20 INFO  epoch 55 evaluating [time: 30.79s, valid_score: 0.050000]
Tue 18 Nov 2025 21:39:20 INFO  valid result: 
recall@3 : 0.0307    recall@5 : 0.038    recall@10 : 0.05    recall@20 : 0.0661    ndcg@3 : 0.0254    ndcg@5 : 0.0284    ndcg@10 : 0.0323    ndcg@20 : 0.0363    
Tue 18 Nov 2025 21:42:42 INFO  epoch 56 training [time: 201.60s, train loss: 914.0538]
Tue 18 Nov 2025 21:46:01 INFO  epoch 57 training [time: 199.32s, train loss: 903.9929]
Tue 18 Nov 2025 21:46:31 INFO  epoch 57 evaluating [time: 29.98s, valid_score: 0.048800]
Tue 18 Nov 2025 21:46:31 INFO  valid result: 
recall@3 : 0.03    recall@5 : 0.0372    recall@10 : 0.0488    recall@20 : 0.0648    ndcg@3 : 0.0248    ndcg@5 : 0.0278    ndcg@10 : 0.0315    ndcg@20 : 0.0355    
Tue 18 Nov 2025 21:46:31 INFO  Finished training, best eval result in epoch 35
Tue 18 Nov 2025 21:46:32 INFO  Loading model structure and parameters from saved/SASRecF_Denoising-Nov-18-2025_18-13-32.pth
