Sun 30 Nov 2025 20:40:22 INFO  
General Hyper Parameters:
gpu_id = 0
use_gpu = True
seed = 212
state = INFO
reproducibility = True
data_path = ./recbole/data/dataset/Amazon_Sports_and_Outdoors
show_progress = True
save_dataset = False
save_dataloaders = False
benchmark_filename = None

Training Hyper Parameters:
checkpoint_dir = saved
epochs = 200
train_batch_size = 1024
learner = adam
learning_rate = 0.0001
eval_step = 2
stopping_step = 10
clip_grad_norm = None
weight_decay = 0.0
loss_decimal_place = 4

Evaluation Hyper Parameters:
eval_args = {'split': {'LS': 'valid_and_test'}, 'group_by': 'user', 'order': 'TO', 'mode': 'full'}
metrics = ['Recall', 'NDCG']
topk = [3, 5, 10, 20]
valid_metric = Recall@10
valid_metric_bigger = True
eval_batch_size = 256
metric_decimal_place = 4

Dataset Hyper Parameters:
field_separator = 	
seq_separator =  
USER_ID_FIELD = user_id
ITEM_ID_FIELD = item_id
RATING_FIELD = rating
TIME_FIELD = timestamp
seq_len = None
LABEL_FIELD = label
threshold = None
NEG_PREFIX = neg_
load_col = {'inter': ['user_id', 'item_id', 'rating', 'timestamp'], 'item': ['item_id', 'title', 'sales_rank', 'price', 'brand', 'categories', 'sales_type'], 'zero': ['ent_id', 'ent_emb']}
unload_col = None
unused_col = None
additional_feat_suffix = ['zero']
rm_dup_inter = None
val_interval = None
filter_inter_by_user_or_item = True
user_inter_num_interval = [5,inf)
item_inter_num_interval = [5,inf)
alias_of_user_id = None
alias_of_item_id = ['ent_id']
alias_of_entity_id = None
alias_of_relation_id = None
preload_weight = {'ent_id': 'ent_emb'}
normalize_field = None
normalize_all = None
ITEM_LIST_LENGTH_FIELD = item_length
LIST_SUFFIX = _list
MAX_ITEM_LIST_LENGTH = 50
POSITION_FIELD = position_id
HEAD_ENTITY_ID_FIELD = head_id
TAIL_ENTITY_ID_FIELD = tail_id
RELATION_ID_FIELD = relation_id
ENTITY_ID_FIELD = entity_id

Other Hyper Parameters: 
neg_sampling = None
multi_gpus = False
repeatable = True
MODEL_TYPE = ModelType.SEQUENTIAL
n_layers = 3
n_heads = 8
hidden_size = 256
orig_attribute_hidden_size = [128]
attribute_hidden_size = [128]
inner_size = 256
hidden_dropout_prob = 0.5
attn_dropout_prob = 0.3
hidden_act = gelu
layer_norm_eps = 1e-12
initializer_range = 0.02
selected_features = ['ent_emb']
feature_type = ['static']
pooling_mode = sum
loss_type = CE
weight_sharing = not
fusion_type = gate
lamdas = [5, 5]
attribute_predictor = ['cos_sim']
diffusion = {'device': 'cuda', 'dims': [1000], 'emb_size': 20, 'mean_type': 'x0', 'noise_max': 0.02, 'noise_min': 0.0001, 'noise_scale': 0.1, 'noise_schedule': 'linear-var', 'norm': False, 'num_heads': 4, 'reweight': True, 'sampling_noise': False, 'sampling_steps': 0, 'steps': 5, 'structure': 'MLP', 'time_type': 'cat', 'hiddenSize': 128, 'inputSize': 128}
lambda = 0.5
wandb_run_name = nothing_log_mlp
annealing = False
MODEL_INPUT_TYPE = InputType.POINTWISE
eval_type = EvaluatorType.RANKING
device = cuda
train_neg_sample_args = {'strategy': 'none'}
eval_neg_sample_args = {'strategy': 'full', 'distribution': 'uniform'}


Sun 30 Nov 2025 20:40:22 INFO  Amazon_Sports_and_Outdoors
The number of users: 35599
Average actions of users: 8.324540704533963
The number of items: 18358
Average actions of items: 16.142997221768262
The number of inters: 296337
The sparsity of the dataset: 99.95465569853714%
Remain Fields: ['user_id', 'item_id', 'rating', 'timestamp', 'title', 'price', 'brand', 'categories', 'sales_type', 'sales_rank', 'ent_id', 'ent_emb']
Sun 30 Nov 2025 20:40:23 INFO  [Training]: train_batch_size = [1024] negative sampling: [None]
Sun 30 Nov 2025 20:40:23 INFO  [Evaluation]: eval_batch_size = [256] eval_args: [{'split': {'LS': 'valid_and_test'}, 'group_by': 'user', 'order': 'TO', 'mode': 'full'}]
Sun 30 Nov 2025 20:40:25 INFO  NOVA(
  (item_embedding): Embedding(18358, 256, padding_idx=0)
  (position_embedding): Embedding(50, 256)
  (feature_embed_layer_list): ModuleList(
    (0): Embedding(
      18358, 128
      (mlp): MLP(
        (net): Sequential(
          (0): Linear(in_features=256, out_features=128, bias=True)
          (1): LayerNorm((128,), eps=1e-05, elementwise_affine=True)
        )
      )
    )
  )
  (trm_encoder): NOVATransformerEncoder(
    (layer): ModuleList(
      (0-2): 3 x NOVATransformerLayer(
        (multi_head_attention): NOVAMultiHeadAttention(
          (query): Linear(in_features=256, out_features=256, bias=True)
          (key): Linear(in_features=256, out_features=256, bias=True)
          (value): Linear(in_features=256, out_features=256, bias=True)
          (attn_dropout): Dropout(p=0.3, inplace=False)
          (dense): Linear(in_features=256, out_features=256, bias=True)
          (LayerNorm): LayerNorm((256,), eps=1e-12, elementwise_affine=True)
          (out_dropout): Dropout(p=0.5, inplace=False)
        )
        (feed_forward): FeedForward(
          (dense_1): Linear(in_features=256, out_features=256, bias=True)
          (dense_2): Linear(in_features=256, out_features=256, bias=True)
          (LayerNorm): LayerNorm((256,), eps=1e-12, elementwise_affine=True)
          (dropout): Dropout(p=0.5, inplace=False)
        )
      )
    )
  )
  (concat_layer): Linear(in_features=384, out_features=256, bias=True)
  (LayerNorm): LayerNorm((256,), eps=1e-12, elementwise_affine=True)
  (dropout): Dropout(p=0.5, inplace=False)
  (loss_fct): CrossEntropyLoss()
)
Trainable parameters: 6032000
Sun 30 Nov 2025 20:40:42 INFO  epoch 0 training [time: 16.02s, train loss: 1787.9333]
Sun 30 Nov 2025 20:40:54 INFO  epoch 1 training [time: 12.27s, train loss: 1726.2234]
Sun 30 Nov 2025 20:40:55 INFO  epoch 1 evaluating [time: 1.16s, valid_score: 0.012700]
Sun 30 Nov 2025 20:40:55 INFO  valid result: 
recall@3 : 0.006    recall@5 : 0.0083    recall@10 : 0.0127    recall@20 : 0.0236    ndcg@3 : 0.0044    ndcg@5 : 0.0054    ndcg@10 : 0.0068    ndcg@20 : 0.0095    
Sun 30 Nov 2025 20:40:56 INFO  Saving current best: saved/NOVA-Nov-30-2025_20-40-25.pth
Sun 30 Nov 2025 20:41:10 INFO  epoch 2 training [time: 14.61s, train loss: 1719.1666]
Sun 30 Nov 2025 20:41:23 INFO  epoch 3 training [time: 12.55s, train loss: 1713.2591]
Sun 30 Nov 2025 20:41:24 INFO  epoch 3 evaluating [time: 1.24s, valid_score: 0.012800]
Sun 30 Nov 2025 20:41:24 INFO  valid result: 
recall@3 : 0.0059    recall@5 : 0.0084    recall@10 : 0.0128    recall@20 : 0.0242    ndcg@3 : 0.0045    ndcg@5 : 0.0055    ndcg@10 : 0.0069    ndcg@20 : 0.0097    
Sun 30 Nov 2025 20:41:24 INFO  Saving current best: saved/NOVA-Nov-30-2025_20-40-25.pth
Sun 30 Nov 2025 20:41:40 INFO  epoch 4 training [time: 15.91s, train loss: 1705.2637]
Sun 30 Nov 2025 20:41:53 INFO  epoch 5 training [time: 13.36s, train loss: 1695.4057]
Sun 30 Nov 2025 20:41:55 INFO  epoch 5 evaluating [time: 1.22s, valid_score: 0.013700]
Sun 30 Nov 2025 20:41:55 INFO  valid result: 
recall@3 : 0.006    recall@5 : 0.0084    recall@10 : 0.0137    recall@20 : 0.0249    ndcg@3 : 0.0045    ndcg@5 : 0.0055    ndcg@10 : 0.0072    ndcg@20 : 0.01    
Sun 30 Nov 2025 20:41:55 INFO  Saving current best: saved/NOVA-Nov-30-2025_20-40-25.pth
Sun 30 Nov 2025 20:42:10 INFO  epoch 6 training [time: 15.45s, train loss: 1678.7892]
Sun 30 Nov 2025 20:42:23 INFO  epoch 7 training [time: 12.70s, train loss: 1653.4952]
Sun 30 Nov 2025 20:42:24 INFO  epoch 7 evaluating [time: 1.14s, valid_score: 0.021100]
Sun 30 Nov 2025 20:42:24 INFO  valid result: 
recall@3 : 0.0081    recall@5 : 0.0121    recall@10 : 0.0211    recall@20 : 0.035    ndcg@3 : 0.0059    ndcg@5 : 0.0076    ndcg@10 : 0.0104    ndcg@20 : 0.0139    
Sun 30 Nov 2025 20:42:24 INFO  Saving current best: saved/NOVA-Nov-30-2025_20-40-25.pth
Sun 30 Nov 2025 20:42:40 INFO  epoch 8 training [time: 15.64s, train loss: 1629.8171]
Sun 30 Nov 2025 20:42:53 INFO  epoch 9 training [time: 12.95s, train loss: 1609.5781]
Sun 30 Nov 2025 20:42:54 INFO  epoch 9 evaluating [time: 1.16s, valid_score: 0.024700]
Sun 30 Nov 2025 20:42:54 INFO  valid result: 
recall@3 : 0.0099    recall@5 : 0.0147    recall@10 : 0.0247    recall@20 : 0.0393    ndcg@3 : 0.0074    ndcg@5 : 0.0093    ndcg@10 : 0.0125    ndcg@20 : 0.0162    
Sun 30 Nov 2025 20:42:54 INFO  Saving current best: saved/NOVA-Nov-30-2025_20-40-25.pth
Sun 30 Nov 2025 20:43:09 INFO  epoch 10 training [time: 15.32s, train loss: 1590.6765]
Sun 30 Nov 2025 20:43:22 INFO  epoch 11 training [time: 13.15s, train loss: 1572.0107]
Sun 30 Nov 2025 20:43:24 INFO  epoch 11 evaluating [time: 1.19s, valid_score: 0.029200]
Sun 30 Nov 2025 20:43:24 INFO  valid result: 
recall@3 : 0.0135    recall@5 : 0.0188    recall@10 : 0.0292    recall@20 : 0.0454    ndcg@3 : 0.0101    ndcg@5 : 0.0123    ndcg@10 : 0.0157    ndcg@20 : 0.0198    
Sun 30 Nov 2025 20:43:24 INFO  Saving current best: saved/NOVA-Nov-30-2025_20-40-25.pth
Sun 30 Nov 2025 20:43:39 INFO  epoch 12 training [time: 15.47s, train loss: 1553.3982]
Sun 30 Nov 2025 20:43:52 INFO  epoch 13 training [time: 13.14s, train loss: 1535.0545]
Sun 30 Nov 2025 20:43:53 INFO  epoch 13 evaluating [time: 1.17s, valid_score: 0.032900]
Sun 30 Nov 2025 20:43:53 INFO  valid result: 
recall@3 : 0.0164    recall@5 : 0.0212    recall@10 : 0.0329    recall@20 : 0.0502    ndcg@3 : 0.0127    ndcg@5 : 0.0146    ndcg@10 : 0.0184    ndcg@20 : 0.0227    
Sun 30 Nov 2025 20:43:54 INFO  Saving current best: saved/NOVA-Nov-30-2025_20-40-25.pth
Sun 30 Nov 2025 20:44:09 INFO  epoch 14 training [time: 15.82s, train loss: 1517.3690]
Sun 30 Nov 2025 20:44:22 INFO  epoch 15 training [time: 12.99s, train loss: 1499.1717]
Sun 30 Nov 2025 20:44:23 INFO  epoch 15 evaluating [time: 1.17s, valid_score: 0.037500]
Sun 30 Nov 2025 20:44:23 INFO  valid result: 
recall@3 : 0.0186    recall@5 : 0.0243    recall@10 : 0.0375    recall@20 : 0.0559    ndcg@3 : 0.0143    ndcg@5 : 0.0167    ndcg@10 : 0.0209    ndcg@20 : 0.0255    
Sun 30 Nov 2025 20:44:24 INFO  Saving current best: saved/NOVA-Nov-30-2025_20-40-25.pth
Sun 30 Nov 2025 20:44:39 INFO  epoch 16 training [time: 15.25s, train loss: 1481.1657]
Sun 30 Nov 2025 20:44:51 INFO  epoch 17 training [time: 12.62s, train loss: 1463.1772]
Sun 30 Nov 2025 20:44:53 INFO  epoch 17 evaluating [time: 1.14s, valid_score: 0.040900]
Sun 30 Nov 2025 20:44:53 INFO  valid result: 
recall@3 : 0.0212    recall@5 : 0.0272    recall@10 : 0.0409    recall@20 : 0.0598    ndcg@3 : 0.0167    ndcg@5 : 0.0191    ndcg@10 : 0.0235    ndcg@20 : 0.0283    
Sun 30 Nov 2025 20:44:53 INFO  Saving current best: saved/NOVA-Nov-30-2025_20-40-25.pth
Sun 30 Nov 2025 20:45:08 INFO  epoch 18 training [time: 15.33s, train loss: 1445.3826]
Sun 30 Nov 2025 20:45:21 INFO  epoch 19 training [time: 12.81s, train loss: 1427.2150]
Sun 30 Nov 2025 20:45:22 INFO  epoch 19 evaluating [time: 1.15s, valid_score: 0.043800]
Sun 30 Nov 2025 20:45:22 INFO  valid result: 
recall@3 : 0.023    recall@5 : 0.0301    recall@10 : 0.0438    recall@20 : 0.063    ndcg@3 : 0.0185    ndcg@5 : 0.0215    ndcg@10 : 0.0258    ndcg@20 : 0.0307    
Sun 30 Nov 2025 20:45:22 INFO  Saving current best: saved/NOVA-Nov-30-2025_20-40-25.pth
Sun 30 Nov 2025 20:45:37 INFO  epoch 20 training [time: 15.24s, train loss: 1409.4783]
Sun 30 Nov 2025 20:45:50 INFO  epoch 21 training [time: 12.68s, train loss: 1391.5393]
Sun 30 Nov 2025 20:45:51 INFO  epoch 21 evaluating [time: 1.13s, valid_score: 0.046100]
Sun 30 Nov 2025 20:45:51 INFO  valid result: 
recall@3 : 0.0253    recall@5 : 0.032    recall@10 : 0.0461    recall@20 : 0.0659    ndcg@3 : 0.0206    ndcg@5 : 0.0233    ndcg@10 : 0.0278    ndcg@20 : 0.0328    
Sun 30 Nov 2025 20:45:51 INFO  Saving current best: saved/NOVA-Nov-30-2025_20-40-25.pth
Sun 30 Nov 2025 20:46:06 INFO  epoch 22 training [time: 15.20s, train loss: 1374.1982]
Sun 30 Nov 2025 20:46:19 INFO  epoch 23 training [time: 12.70s, train loss: 1356.3403]
Sun 30 Nov 2025 20:46:20 INFO  epoch 23 evaluating [time: 1.18s, valid_score: 0.048300]
Sun 30 Nov 2025 20:46:20 INFO  valid result: 
recall@3 : 0.027    recall@5 : 0.0348    recall@10 : 0.0483    recall@20 : 0.0678    ndcg@3 : 0.0219    ndcg@5 : 0.0251    ndcg@10 : 0.0294    ndcg@20 : 0.0343    
Sun 30 Nov 2025 20:46:20 INFO  Saving current best: saved/NOVA-Nov-30-2025_20-40-25.pth
Sun 30 Nov 2025 20:46:36 INFO  epoch 24 training [time: 15.20s, train loss: 1339.4755]
Sun 30 Nov 2025 20:46:51 INFO  epoch 25 training [time: 15.20s, train loss: 1322.2649]
Sun 30 Nov 2025 20:46:49 INFO  epoch 25 evaluating [time: -1.30s, valid_score: 0.049600]
Sun 30 Nov 2025 20:46:49 INFO  valid result: 
recall@3 : 0.0285    recall@5 : 0.0358    recall@10 : 0.0496    recall@20 : 0.0692    ndcg@3 : 0.0232    ndcg@5 : 0.0262    ndcg@10 : 0.0306    ndcg@20 : 0.0356    
Sun 30 Nov 2025 20:46:50 INFO  Saving current best: saved/NOVA-Nov-30-2025_20-40-25.pth
Sun 30 Nov 2025 20:47:05 INFO  epoch 26 training [time: 15.23s, train loss: 1305.1986]
Sun 30 Nov 2025 20:47:20 INFO  epoch 27 training [time: 15.17s, train loss: 1288.4936]
Sun 30 Nov 2025 20:47:19 INFO  epoch 27 evaluating [time: -1.32s, valid_score: 0.051100]
Sun 30 Nov 2025 20:47:19 INFO  valid result: 
recall@3 : 0.0294    recall@5 : 0.0368    recall@10 : 0.0511    recall@20 : 0.0705    ndcg@3 : 0.0242    ndcg@5 : 0.0272    ndcg@10 : 0.0318    ndcg@20 : 0.0367    
Sun 30 Nov 2025 20:47:19 INFO  Saving current best: saved/NOVA-Nov-30-2025_20-40-25.pth
Sun 30 Nov 2025 20:47:34 INFO  epoch 28 training [time: 15.28s, train loss: 1271.9262]
Sun 30 Nov 2025 20:47:50 INFO  epoch 29 training [time: 15.77s, train loss: 1254.9966]
Sun 30 Nov 2025 20:47:48 INFO  epoch 29 evaluating [time: -1.32s, valid_score: 0.051700]
Sun 30 Nov 2025 20:47:48 INFO  valid result: 
recall@3 : 0.0306    recall@5 : 0.0378    recall@10 : 0.0517    recall@20 : 0.0714    ndcg@3 : 0.0251    ndcg@5 : 0.0281    ndcg@10 : 0.0325    ndcg@20 : 0.0375    
Sun 30 Nov 2025 20:47:49 INFO  Saving current best: saved/NOVA-Nov-30-2025_20-40-25.pth
Sun 30 Nov 2025 20:48:04 INFO  epoch 30 training [time: 15.59s, train loss: 1239.7745]
Sun 30 Nov 2025 20:48:20 INFO  epoch 31 training [time: 15.74s, train loss: 1223.3480]
Sun 30 Nov 2025 20:48:19 INFO  epoch 31 evaluating [time: -1.28s, valid_score: 0.052300]
Sun 30 Nov 2025 20:48:19 INFO  valid result: 
recall@3 : 0.0312    recall@5 : 0.0384    recall@10 : 0.0523    recall@20 : 0.0721    ndcg@3 : 0.0255    ndcg@5 : 0.0285    ndcg@10 : 0.033    ndcg@20 : 0.0379    
Sun 30 Nov 2025 20:48:19 INFO  Saving current best: saved/NOVA-Nov-30-2025_20-40-25.pth
Sun 30 Nov 2025 20:48:35 INFO  epoch 32 training [time: 15.79s, train loss: 1207.9232]
Sun 30 Nov 2025 20:48:50 INFO  epoch 33 training [time: 15.65s, train loss: 1192.8362]
Sun 30 Nov 2025 20:48:49 INFO  epoch 33 evaluating [time: -1.28s, valid_score: 0.052300]
Sun 30 Nov 2025 20:48:49 INFO  valid result: 
recall@3 : 0.0314    recall@5 : 0.0391    recall@10 : 0.0523    recall@20 : 0.0726    ndcg@3 : 0.0256    ndcg@5 : 0.0288    ndcg@10 : 0.0331    ndcg@20 : 0.0382    
Sun 30 Nov 2025 20:49:04 INFO  epoch 34 training [time: 15.42s, train loss: 1177.2391]
Sun 30 Nov 2025 20:49:20 INFO  epoch 35 training [time: 15.33s, train loss: 1162.1026]
Sun 30 Nov 2025 20:49:18 INFO  epoch 35 evaluating [time: -1.36s, valid_score: 0.052400]
Sun 30 Nov 2025 20:49:18 INFO  valid result: 
recall@3 : 0.0315    recall@5 : 0.0392    recall@10 : 0.0524    recall@20 : 0.0721    ndcg@3 : 0.0258    ndcg@5 : 0.029    ndcg@10 : 0.0332    ndcg@20 : 0.0382    
Sun 30 Nov 2025 20:49:18 INFO  Saving current best: saved/NOVA-Nov-30-2025_20-40-25.pth
Sun 30 Nov 2025 20:49:34 INFO  epoch 36 training [time: 15.66s, train loss: 1146.9502]
Sun 30 Nov 2025 20:49:50 INFO  epoch 37 training [time: 15.62s, train loss: 1133.0315]
Sun 30 Nov 2025 20:49:48 INFO  epoch 37 evaluating [time: -1.25s, valid_score: 0.052100]
Sun 30 Nov 2025 20:49:48 INFO  valid result: 
recall@3 : 0.0316    recall@5 : 0.0399    recall@10 : 0.0521    recall@20 : 0.0719    ndcg@3 : 0.026    ndcg@5 : 0.0294    ndcg@10 : 0.0333    ndcg@20 : 0.0383    
Sun 30 Nov 2025 20:50:04 INFO  epoch 38 training [time: 15.65s, train loss: 1117.5622]
Sun 30 Nov 2025 20:50:19 INFO  epoch 39 training [time: 15.29s, train loss: 1104.0336]
Sun 30 Nov 2025 20:50:18 INFO  epoch 39 evaluating [time: -1.34s, valid_score: 0.052100]
Sun 30 Nov 2025 20:50:18 INFO  valid result: 
recall@3 : 0.0317    recall@5 : 0.0396    recall@10 : 0.0521    recall@20 : 0.0721    ndcg@3 : 0.026    ndcg@5 : 0.0293    ndcg@10 : 0.0333    ndcg@20 : 0.0383    
Sun 30 Nov 2025 20:50:33 INFO  epoch 40 training [time: 15.22s, train loss: 1090.7275]
Sun 30 Nov 2025 20:50:48 INFO  epoch 41 training [time: 15.24s, train loss: 1077.0181]
Sun 30 Nov 2025 20:50:47 INFO  epoch 41 evaluating [time: -1.31s, valid_score: 0.051500]
Sun 30 Nov 2025 20:50:47 INFO  valid result: 
recall@3 : 0.032    recall@5 : 0.0398    recall@10 : 0.0515    recall@20 : 0.0711    ndcg@3 : 0.0262    ndcg@5 : 0.0294    ndcg@10 : 0.0332    ndcg@20 : 0.0381    
Sun 30 Nov 2025 20:51:02 INFO  epoch 42 training [time: 15.27s, train loss: 1063.7503]
Sun 30 Nov 2025 20:51:19 INFO  epoch 43 training [time: 16.08s, train loss: 1050.2011]
Sun 30 Nov 2025 20:51:17 INFO  epoch 43 evaluating [time: -1.26s, valid_score: 0.052600]
Sun 30 Nov 2025 20:51:17 INFO  valid result: 
recall@3 : 0.0321    recall@5 : 0.0395    recall@10 : 0.0526    recall@20 : 0.071    ndcg@3 : 0.0263    ndcg@5 : 0.0294    ndcg@10 : 0.0335    ndcg@20 : 0.0381    
Sun 30 Nov 2025 20:51:17 INFO  Saving current best: saved/NOVA-Nov-30-2025_20-40-25.pth
Sun 30 Nov 2025 20:51:33 INFO  epoch 44 training [time: 15.56s, train loss: 1036.6724]
Sun 30 Nov 2025 20:51:48 INFO  epoch 45 training [time: 15.57s, train loss: 1024.1331]
Sun 30 Nov 2025 20:51:47 INFO  epoch 45 evaluating [time: -1.30s, valid_score: 0.051800]
Sun 30 Nov 2025 20:51:47 INFO  valid result: 
recall@3 : 0.032    recall@5 : 0.0394    recall@10 : 0.0518    recall@20 : 0.0704    ndcg@3 : 0.0262    ndcg@5 : 0.0292    ndcg@10 : 0.0332    ndcg@20 : 0.0379    
Sun 30 Nov 2025 20:52:03 INFO  epoch 46 training [time: 15.64s, train loss: 1012.7726]
Sun 30 Nov 2025 20:52:18 INFO  epoch 47 training [time: 15.46s, train loss: 1000.0223]
Sun 30 Nov 2025 20:52:17 INFO  epoch 47 evaluating [time: -1.27s, valid_score: 0.051100]
Sun 30 Nov 2025 20:52:17 INFO  valid result: 
recall@3 : 0.0316    recall@5 : 0.039    recall@10 : 0.0511    recall@20 : 0.069    ndcg@3 : 0.0259    ndcg@5 : 0.029    ndcg@10 : 0.0329    ndcg@20 : 0.0374    
Sun 30 Nov 2025 20:52:33 INFO  epoch 48 training [time: 15.64s, train loss: 988.7610]
Sun 30 Nov 2025 20:52:46 INFO  epoch 49 training [time: 13.36s, train loss: 977.0032]
Sun 30 Nov 2025 20:52:47 INFO  epoch 49 evaluating [time: 1.21s, valid_score: 0.051100]
Sun 30 Nov 2025 20:52:47 INFO  valid result: 
recall@3 : 0.0317    recall@5 : 0.039    recall@10 : 0.0511    recall@20 : 0.0683    ndcg@3 : 0.026    ndcg@5 : 0.029    ndcg@10 : 0.0328    ndcg@20 : 0.0372    
Sun 30 Nov 2025 20:53:03 INFO  epoch 50 training [time: 15.58s, train loss: 965.6713]
Sun 30 Nov 2025 20:53:16 INFO  epoch 51 training [time: 12.92s, train loss: 954.3653]
Sun 30 Nov 2025 20:53:17 INFO  epoch 51 evaluating [time: 1.12s, valid_score: 0.050100]
Sun 30 Nov 2025 20:53:17 INFO  valid result: 
recall@3 : 0.0311    recall@5 : 0.0387    recall@10 : 0.0501    recall@20 : 0.0672    ndcg@3 : 0.0257    ndcg@5 : 0.0288    ndcg@10 : 0.0325    ndcg@20 : 0.0368    
Sun 30 Nov 2025 20:53:33 INFO  epoch 52 training [time: 15.70s, train loss: 944.1138]
Sun 30 Nov 2025 20:53:46 INFO  epoch 53 training [time: 13.55s, train loss: 933.4326]
Sun 30 Nov 2025 20:53:47 INFO  epoch 53 evaluating [time: 1.18s, valid_score: 0.050500]
Sun 30 Nov 2025 20:53:47 INFO  valid result: 
recall@3 : 0.031    recall@5 : 0.0381    recall@10 : 0.0505    recall@20 : 0.0673    ndcg@3 : 0.0254    ndcg@5 : 0.0284    ndcg@10 : 0.0323    ndcg@20 : 0.0365    
Sun 30 Nov 2025 20:54:03 INFO  epoch 54 training [time: 15.75s, train loss: 923.2643]
Sun 30 Nov 2025 20:54:16 INFO  epoch 55 training [time: 13.34s, train loss: 913.3963]
Sun 30 Nov 2025 20:54:18 INFO  epoch 55 evaluating [time: 1.24s, valid_score: 0.049400]
Sun 30 Nov 2025 20:54:18 INFO  valid result: 
recall@3 : 0.0308    recall@5 : 0.0376    recall@10 : 0.0494    recall@20 : 0.0664    ndcg@3 : 0.0252    ndcg@5 : 0.028    ndcg@10 : 0.0318    ndcg@20 : 0.036    
Sun 30 Nov 2025 20:54:33 INFO  epoch 56 training [time: 15.67s, train loss: 904.2181]
Sun 30 Nov 2025 20:54:46 INFO  epoch 57 training [time: 13.02s, train loss: 894.6477]
Sun 30 Nov 2025 20:54:48 INFO  epoch 57 evaluating [time: 1.27s, valid_score: 0.049000]
Sun 30 Nov 2025 20:54:48 INFO  valid result: 
recall@3 : 0.0303    recall@5 : 0.0378    recall@10 : 0.049    recall@20 : 0.0671    ndcg@3 : 0.0248    ndcg@5 : 0.0279    ndcg@10 : 0.0315    ndcg@20 : 0.036    
Sun 30 Nov 2025 20:55:03 INFO  epoch 58 training [time: 15.22s, train loss: 886.2037]
Sun 30 Nov 2025 20:55:16 INFO  epoch 59 training [time: 13.21s, train loss: 877.4430]
Sun 30 Nov 2025 20:55:17 INFO  epoch 59 evaluating [time: 1.21s, valid_score: 0.048400]
Sun 30 Nov 2025 20:55:17 INFO  valid result: 
recall@3 : 0.0302    recall@5 : 0.0374    recall@10 : 0.0484    recall@20 : 0.0658    ndcg@3 : 0.0247    ndcg@5 : 0.0276    ndcg@10 : 0.0311    ndcg@20 : 0.0355    
Sun 30 Nov 2025 20:55:33 INFO  epoch 60 training [time: 15.87s, train loss: 868.2734]
Sun 30 Nov 2025 20:55:46 INFO  epoch 61 training [time: 13.07s, train loss: 860.7402]
Sun 30 Nov 2025 20:55:47 INFO  epoch 61 evaluating [time: 1.15s, valid_score: 0.048400]
Sun 30 Nov 2025 20:55:47 INFO  valid result: 
recall@3 : 0.0297    recall@5 : 0.0371    recall@10 : 0.0484    recall@20 : 0.0655    ndcg@3 : 0.0242    ndcg@5 : 0.0273    ndcg@10 : 0.0309    ndcg@20 : 0.0352    
Sun 30 Nov 2025 20:56:03 INFO  epoch 62 training [time: 15.50s, train loss: 853.1066]
Sun 30 Nov 2025 20:56:16 INFO  epoch 63 training [time: 13.00s, train loss: 844.5245]
Sun 30 Nov 2025 20:56:17 INFO  epoch 63 evaluating [time: 1.16s, valid_score: 0.048200]
Sun 30 Nov 2025 20:56:17 INFO  valid result: 
recall@3 : 0.0292    recall@5 : 0.0367    recall@10 : 0.0482    recall@20 : 0.0656    ndcg@3 : 0.024    ndcg@5 : 0.0271    ndcg@10 : 0.0308    ndcg@20 : 0.0351    
Sun 30 Nov 2025 20:56:32 INFO  epoch 64 training [time: 15.42s, train loss: 837.1838]
Sun 30 Nov 2025 20:56:45 INFO  epoch 65 training [time: 13.02s, train loss: 829.9566]
Sun 30 Nov 2025 20:56:47 INFO  epoch 65 evaluating [time: 1.17s, valid_score: 0.047400]
Sun 30 Nov 2025 20:56:47 INFO  valid result: 
recall@3 : 0.0289    recall@5 : 0.0365    recall@10 : 0.0474    recall@20 : 0.064    ndcg@3 : 0.0236    ndcg@5 : 0.0267    ndcg@10 : 0.0302    ndcg@20 : 0.0344    
Sun 30 Nov 2025 20:56:47 INFO  Finished training, best eval result in epoch 43
Sun 30 Nov 2025 20:56:47 INFO  Loading model structure and parameters from saved/NOVA-Nov-30-2025_20-40-25.pth
Sun 30 Nov 2025 20:56:48 INFO  best valid : {'recall@3': np.float64(0.0321), 'recall@5': np.float64(0.0395), 'recall@10': np.float64(0.0526), 'recall@20': np.float64(0.071), 'ndcg@3': np.float64(0.0263), 'ndcg@5': np.float64(0.0294), 'ndcg@10': np.float64(0.0335), 'ndcg@20': np.float64(0.0381)}
Sun 30 Nov 2025 20:56:48 INFO  test result: {'recall@3': np.float64(0.0234), 'recall@5': np.float64(0.0293), 'recall@10': np.float64(0.0407), 'recall@20': np.float64(0.0558), 'ndcg@3': np.float64(0.019), 'ndcg@5': np.float64(0.0214), 'ndcg@10': np.float64(0.0251), 'ndcg@20': np.float64(0.0289)}
