Sun 30 Nov 2025 20:58:23 INFO  
General Hyper Parameters:
gpu_id = 0
use_gpu = True
seed = 212
state = INFO
reproducibility = True
data_path = ./recbole/data/dataset/Amazon_Sports_and_Outdoors
show_progress = True
save_dataset = False
save_dataloaders = False
benchmark_filename = None

Training Hyper Parameters:
checkpoint_dir = saved
epochs = 200
train_batch_size = 1024
learner = adam
learning_rate = 0.0001
eval_step = 2
stopping_step = 10
clip_grad_norm = None
weight_decay = 0.0
loss_decimal_place = 4

Evaluation Hyper Parameters:
eval_args = {'split': {'LS': 'valid_and_test'}, 'group_by': 'user', 'order': 'TO', 'mode': 'full'}
metrics = ['Recall', 'NDCG']
topk = [3, 5, 10, 20]
valid_metric = Recall@10
valid_metric_bigger = True
eval_batch_size = 256
metric_decimal_place = 4

Dataset Hyper Parameters:
field_separator = 	
seq_separator =  
USER_ID_FIELD = user_id
ITEM_ID_FIELD = item_id
RATING_FIELD = rating
TIME_FIELD = timestamp
seq_len = None
LABEL_FIELD = label
threshold = None
NEG_PREFIX = neg_
load_col = {'inter': ['user_id', 'item_id', 'rating', 'timestamp'], 'item': ['item_id', 'title', 'sales_rank', 'price', 'brand', 'categories', 'sales_type']}
unload_col = None
unused_col = None
additional_feat_suffix = None
rm_dup_inter = None
val_interval = None
filter_inter_by_user_or_item = True
user_inter_num_interval = [5,inf)
item_inter_num_interval = [5,inf)
alias_of_user_id = None
alias_of_item_id = None
alias_of_entity_id = None
alias_of_relation_id = None
preload_weight = None
normalize_field = None
normalize_all = None
ITEM_LIST_LENGTH_FIELD = item_length
LIST_SUFFIX = _list
MAX_ITEM_LIST_LENGTH = 50
POSITION_FIELD = position_id
HEAD_ENTITY_ID_FIELD = head_id
TAIL_ENTITY_ID_FIELD = tail_id
RELATION_ID_FIELD = relation_id
ENTITY_ID_FIELD = entity_id

Other Hyper Parameters: 
neg_sampling = None
multi_gpus = False
repeatable = True
MODEL_TYPE = ModelType.SEQUENTIAL
n_layers = 3
n_heads = 8
hidden_size = 256
orig_attribute_hidden_size = [128]
attribute_hidden_size = [128]
inner_size = 256
hidden_dropout_prob = 0.5
attn_dropout_prob = 0.3
hidden_act = gelu
layer_norm_eps = 1e-12
initializer_range = 0.02
selected_features = ['categories']
feature_type = ['categorical']
pooling_mode = sum
loss_type = CE
weight_sharing = not
fusion_type = gate
lamdas = [5]
attribute_predictor = ['linear']
diffusion = {'device': 'cuda', 'dims': [1000], 'emb_size': 20, 'mean_type': 'x0', 'noise_max': 0.02, 'noise_min': 0.0001, 'noise_scale': 0.1, 'noise_schedule': 'linear-var', 'norm': False, 'num_heads': 4, 'reweight': True, 'sampling_noise': False, 'sampling_steps': 0, 'steps': 5, 'structure': 'MLP', 'time_type': 'cat', 'hiddenSize': 128, 'inputSize': 128}
lambda = 0.5
wandb_run_name = categories
annealing = False
MODEL_INPUT_TYPE = InputType.POINTWISE
eval_type = EvaluatorType.RANKING
device = cuda
train_neg_sample_args = {'strategy': 'none'}
eval_neg_sample_args = {'strategy': 'full', 'distribution': 'uniform'}


Sun 30 Nov 2025 20:58:23 INFO  Amazon_Sports_and_Outdoors
The number of users: 35599
Average actions of users: 8.324540704533963
The number of items: 18358
Average actions of items: 16.142997221768262
The number of inters: 296337
The sparsity of the dataset: 99.95465569853714%
Remain Fields: ['user_id', 'item_id', 'rating', 'timestamp', 'title', 'price', 'brand', 'categories', 'sales_type', 'sales_rank']
Sun 30 Nov 2025 20:58:27 INFO  [Training]: train_batch_size = [1024] negative sampling: [None]
Sun 30 Nov 2025 20:58:27 INFO  [Evaluation]: eval_batch_size = [256] eval_args: [{'split': {'LS': 'valid_and_test'}, 'group_by': 'user', 'order': 'TO', 'mode': 'full'}]
Sun 30 Nov 2025 20:58:28 INFO  NOVA(
  (item_embedding): Embedding(18358, 256, padding_idx=0)
  (position_embedding): Embedding(50, 256)
  (feature_embed_layer_list): ModuleList(
    (0): FeatureSeqEmbLayer()
  )
  (trm_encoder): NOVATransformerEncoder(
    (layer): ModuleList(
      (0-2): 3 x NOVATransformerLayer(
        (multi_head_attention): NOVAMultiHeadAttention(
          (query): Linear(in_features=256, out_features=256, bias=True)
          (key): Linear(in_features=256, out_features=256, bias=True)
          (value): Linear(in_features=256, out_features=256, bias=True)
          (attn_dropout): Dropout(p=0.3, inplace=False)
          (dense): Linear(in_features=256, out_features=256, bias=True)
          (LayerNorm): LayerNorm((256,), eps=1e-12, elementwise_affine=True)
          (out_dropout): Dropout(p=0.5, inplace=False)
        )
        (feed_forward): FeedForward(
          (dense_1): Linear(in_features=256, out_features=256, bias=True)
          (dense_2): Linear(in_features=256, out_features=256, bias=True)
          (LayerNorm): LayerNorm((256,), eps=1e-12, elementwise_affine=True)
          (dropout): Dropout(p=0.5, inplace=False)
        )
      )
    )
  )
  (concat_layer): Linear(in_features=384, out_features=256, bias=True)
  (LayerNorm): LayerNorm((256,), eps=1e-12, elementwise_affine=True)
  (dropout): Dropout(p=0.5, inplace=False)
  (loss_fct): CrossEntropyLoss()
)
Trainable parameters: 5998848
Sun 30 Nov 2025 20:58:49 INFO  epoch 0 training [time: 19.70s, train loss: 1772.5864]
Sun 30 Nov 2025 20:59:10 INFO  epoch 1 training [time: 21.31s, train loss: 1717.0048]
Sun 30 Nov 2025 20:59:12 INFO  epoch 1 evaluating [time: 1.60s, valid_score: 0.018500]
Sun 30 Nov 2025 20:59:12 INFO  valid result: 
recall@3 : 0.0079    recall@5 : 0.0111    recall@10 : 0.0185    recall@20 : 0.0332    ndcg@3 : 0.0058    ndcg@5 : 0.0072    ndcg@10 : 0.0096    ndcg@20 : 0.0132    
Sun 30 Nov 2025 20:59:13 INFO  Saving current best: saved/NOVA-Nov-30-2025_20-58-28.pth
Sun 30 Nov 2025 20:59:31 INFO  epoch 2 training [time: 18.81s, train loss: 1687.7829]
Sun 30 Nov 2025 20:59:50 INFO  epoch 3 training [time: 18.68s, train loss: 1659.8547]
Sun 30 Nov 2025 20:59:52 INFO  epoch 3 evaluating [time: 1.47s, valid_score: 0.023800]
Sun 30 Nov 2025 20:59:52 INFO  valid result: 
recall@3 : 0.0092    recall@5 : 0.0137    recall@10 : 0.0238    recall@20 : 0.0401    ndcg@3 : 0.0069    ndcg@5 : 0.0087    ndcg@10 : 0.0119    ndcg@20 : 0.0161    
Sun 30 Nov 2025 20:59:53 INFO  Saving current best: saved/NOVA-Nov-30-2025_20-58-28.pth
Sun 30 Nov 2025 21:00:14 INFO  epoch 4 training [time: 21.26s, train loss: 1639.1922]
Sun 30 Nov 2025 21:00:32 INFO  epoch 5 training [time: 18.33s, train loss: 1622.7192]
Sun 30 Nov 2025 21:00:34 INFO  epoch 5 evaluating [time: 1.42s, valid_score: 0.028100]
Sun 30 Nov 2025 21:00:34 INFO  valid result: 
recall@3 : 0.0105    recall@5 : 0.0155    recall@10 : 0.0281    recall@20 : 0.046    ndcg@3 : 0.0075    ndcg@5 : 0.0096    ndcg@10 : 0.0136    ndcg@20 : 0.0181    
Sun 30 Nov 2025 21:00:35 INFO  Saving current best: saved/NOVA-Nov-30-2025_20-58-28.pth
Sun 30 Nov 2025 21:00:53 INFO  epoch 6 training [time: 18.06s, train loss: 1607.7420]
Sun 30 Nov 2025 21:01:13 INFO  epoch 7 training [time: 20.47s, train loss: 1594.5863]
Sun 30 Nov 2025 21:01:12 INFO  epoch 7 evaluating [time: -1.05s, valid_score: 0.030700]
Sun 30 Nov 2025 21:01:12 INFO  valid result: 
recall@3 : 0.0115    recall@5 : 0.018    recall@10 : 0.0307    recall@20 : 0.0505    ndcg@3 : 0.0085    ndcg@5 : 0.0112    ndcg@10 : 0.0152    ndcg@20 : 0.0202    
Sun 30 Nov 2025 21:01:13 INFO  Saving current best: saved/NOVA-Nov-30-2025_20-58-28.pth
Sun 30 Nov 2025 21:01:34 INFO  epoch 8 training [time: 20.55s, train loss: 1582.5469]
Sun 30 Nov 2025 21:01:52 INFO  epoch 9 training [time: 18.01s, train loss: 1570.8275]
Sun 30 Nov 2025 21:01:53 INFO  epoch 9 evaluating [time: 1.45s, valid_score: 0.032900]
Sun 30 Nov 2025 21:01:53 INFO  valid result: 
recall@3 : 0.0127    recall@5 : 0.0199    recall@10 : 0.0329    recall@20 : 0.054    ndcg@3 : 0.0092    ndcg@5 : 0.0122    ndcg@10 : 0.0163    ndcg@20 : 0.0216    
Sun 30 Nov 2025 21:01:54 INFO  Saving current best: saved/NOVA-Nov-30-2025_20-58-28.pth
Sun 30 Nov 2025 21:02:12 INFO  epoch 10 training [time: 18.11s, train loss: 1560.0485]
Sun 30 Nov 2025 21:02:32 INFO  epoch 11 training [time: 20.48s, train loss: 1549.4153]
Sun 30 Nov 2025 21:02:34 INFO  epoch 11 evaluating [time: 1.47s, valid_score: 0.036200]
Sun 30 Nov 2025 21:02:34 INFO  valid result: 
recall@3 : 0.0148    recall@5 : 0.0224    recall@10 : 0.0362    recall@20 : 0.0571    ndcg@3 : 0.0108    ndcg@5 : 0.0139    ndcg@10 : 0.0183    ndcg@20 : 0.0236    
Sun 30 Nov 2025 21:02:35 INFO  Saving current best: saved/NOVA-Nov-30-2025_20-58-28.pth
Sun 30 Nov 2025 21:02:53 INFO  epoch 12 training [time: 18.04s, train loss: 1538.8658]
Sun 30 Nov 2025 21:03:13 INFO  epoch 13 training [time: 20.49s, train loss: 1528.7462]
Sun 30 Nov 2025 21:03:12 INFO  epoch 13 evaluating [time: -1.07s, valid_score: 0.038700]
Sun 30 Nov 2025 21:03:12 INFO  valid result: 
recall@3 : 0.0156    recall@5 : 0.023    recall@10 : 0.0387    recall@20 : 0.0595    ndcg@3 : 0.0115    ndcg@5 : 0.0145    ndcg@10 : 0.0196    ndcg@20 : 0.0248    
Sun 30 Nov 2025 21:03:13 INFO  Saving current best: saved/NOVA-Nov-30-2025_20-58-28.pth
Sun 30 Nov 2025 21:03:34 INFO  epoch 14 training [time: 20.54s, train loss: 1518.6598]
Sun 30 Nov 2025 21:03:52 INFO  epoch 15 training [time: 18.01s, train loss: 1508.6337]
Sun 30 Nov 2025 21:03:53 INFO  epoch 15 evaluating [time: 1.43s, valid_score: 0.041000]
Sun 30 Nov 2025 21:03:53 INFO  valid result: 
recall@3 : 0.017    recall@5 : 0.0255    recall@10 : 0.041    recall@20 : 0.0629    ndcg@3 : 0.0126    ndcg@5 : 0.0161    ndcg@10 : 0.021    ndcg@20 : 0.0265    
Sun 30 Nov 2025 21:03:54 INFO  Saving current best: saved/NOVA-Nov-30-2025_20-58-28.pth
Sun 30 Nov 2025 21:04:12 INFO  epoch 16 training [time: 18.05s, train loss: 1499.1452]
Sun 30 Nov 2025 21:04:33 INFO  epoch 17 training [time: 20.51s, train loss: 1489.9625]
Sun 30 Nov 2025 21:04:34 INFO  epoch 17 evaluating [time: 1.43s, valid_score: 0.043200]
Sun 30 Nov 2025 21:04:34 INFO  valid result: 
recall@3 : 0.0179    recall@5 : 0.0258    recall@10 : 0.0432    recall@20 : 0.0665    ndcg@3 : 0.0133    ndcg@5 : 0.0166    ndcg@10 : 0.0221    ndcg@20 : 0.028    
Sun 30 Nov 2025 21:04:35 INFO  Saving current best: saved/NOVA-Nov-30-2025_20-58-28.pth
Sun 30 Nov 2025 21:04:53 INFO  epoch 18 training [time: 18.07s, train loss: 1480.7824]
Sun 30 Nov 2025 21:05:12 INFO  epoch 19 training [time: 19.25s, train loss: 1471.7032]
Sun 30 Nov 2025 21:05:14 INFO  epoch 19 evaluating [time: 1.54s, valid_score: 0.045000]
Sun 30 Nov 2025 21:05:14 INFO  valid result: 
recall@3 : 0.0192    recall@5 : 0.0274    recall@10 : 0.045    recall@20 : 0.0677    ndcg@3 : 0.0144    ndcg@5 : 0.0177    ndcg@10 : 0.0234    ndcg@20 : 0.0291    
Sun 30 Nov 2025 21:05:15 INFO  Saving current best: saved/NOVA-Nov-30-2025_20-58-28.pth
Sun 30 Nov 2025 21:05:36 INFO  epoch 20 training [time: 21.63s, train loss: 1463.0768]
Sun 30 Nov 2025 21:05:55 INFO  epoch 21 training [time: 18.70s, train loss: 1454.9713]
Sun 30 Nov 2025 21:05:57 INFO  epoch 21 evaluating [time: 1.50s, valid_score: 0.046000]
Sun 30 Nov 2025 21:05:57 INFO  valid result: 
recall@3 : 0.0204    recall@5 : 0.0291    recall@10 : 0.046    recall@20 : 0.0698    ndcg@3 : 0.0154    ndcg@5 : 0.019    ndcg@10 : 0.0244    ndcg@20 : 0.0304    
Sun 30 Nov 2025 21:05:58 INFO  Saving current best: saved/NOVA-Nov-30-2025_20-58-28.pth
Sun 30 Nov 2025 21:06:16 INFO  epoch 22 training [time: 18.66s, train loss: 1445.7949]
Sun 30 Nov 2025 21:06:37 INFO  epoch 23 training [time: 21.12s, train loss: 1437.3397]
Sun 30 Nov 2025 21:06:39 INFO  epoch 23 evaluating [time: 1.46s, valid_score: 0.047300]
Sun 30 Nov 2025 21:06:39 INFO  valid result: 
recall@3 : 0.0216    recall@5 : 0.0311    recall@10 : 0.0473    recall@20 : 0.0712    ndcg@3 : 0.0161    ndcg@5 : 0.02    ndcg@10 : 0.0252    ndcg@20 : 0.0312    
Sun 30 Nov 2025 21:06:40 INFO  Saving current best: saved/NOVA-Nov-30-2025_20-58-28.pth
Sun 30 Nov 2025 21:06:59 INFO  epoch 24 training [time: 18.92s, train loss: 1429.6655]
Sun 30 Nov 2025 21:07:17 INFO  epoch 25 training [time: 18.71s, train loss: 1420.9610]
Sun 30 Nov 2025 21:07:19 INFO  epoch 25 evaluating [time: 1.48s, valid_score: 0.049300]
Sun 30 Nov 2025 21:07:19 INFO  valid result: 
recall@3 : 0.0222    recall@5 : 0.0318    recall@10 : 0.0493    recall@20 : 0.072    ndcg@3 : 0.0168    ndcg@5 : 0.0207    ndcg@10 : 0.0263    ndcg@20 : 0.032    
Sun 30 Nov 2025 21:07:20 INFO  Saving current best: saved/NOVA-Nov-30-2025_20-58-28.pth
Sun 30 Nov 2025 21:07:39 INFO  epoch 26 training [time: 19.23s, train loss: 1413.7699]
Sun 30 Nov 2025 21:08:00 INFO  epoch 27 training [time: 21.12s, train loss: 1405.5883]
Sun 30 Nov 2025 21:08:02 INFO  epoch 27 evaluating [time: 1.45s, valid_score: 0.050100]
Sun 30 Nov 2025 21:08:02 INFO  valid result: 
recall@3 : 0.0228    recall@5 : 0.0324    recall@10 : 0.0501    recall@20 : 0.0732    ndcg@3 : 0.0173    ndcg@5 : 0.0213    ndcg@10 : 0.027    ndcg@20 : 0.0327    
Sun 30 Nov 2025 21:08:03 INFO  Saving current best: saved/NOVA-Nov-30-2025_20-58-28.pth
Sun 30 Nov 2025 21:08:22 INFO  epoch 28 training [time: 19.05s, train loss: 1398.4511]
Sun 30 Nov 2025 21:08:41 INFO  epoch 29 training [time: 18.87s, train loss: 1390.9068]
Sun 30 Nov 2025 21:08:42 INFO  epoch 29 evaluating [time: 1.58s, valid_score: 0.049700]
Sun 30 Nov 2025 21:08:42 INFO  valid result: 
recall@3 : 0.0233    recall@5 : 0.0332    recall@10 : 0.0497    recall@20 : 0.0739    ndcg@3 : 0.0175    ndcg@5 : 0.0216    ndcg@10 : 0.0269    ndcg@20 : 0.033    
Sun 30 Nov 2025 21:09:04 INFO  epoch 30 training [time: 21.63s, train loss: 1383.5702]
Sun 30 Nov 2025 21:09:22 INFO  epoch 31 training [time: 18.56s, train loss: 1375.8719]
Sun 30 Nov 2025 21:09:24 INFO  epoch 31 evaluating [time: 1.44s, valid_score: 0.049600]
Sun 30 Nov 2025 21:09:24 INFO  valid result: 
recall@3 : 0.0232    recall@5 : 0.0333    recall@10 : 0.0496    recall@20 : 0.0742    ndcg@3 : 0.0176    ndcg@5 : 0.0217    ndcg@10 : 0.027    ndcg@20 : 0.0332    
Sun 30 Nov 2025 21:09:43 INFO  epoch 32 training [time: 18.81s, train loss: 1368.8315]
Sun 30 Nov 2025 21:10:04 INFO  epoch 33 training [time: 21.29s, train loss: 1362.4074]
Sun 30 Nov 2025 21:10:05 INFO  epoch 33 evaluating [time: 1.51s, valid_score: 0.051100]
Sun 30 Nov 2025 21:10:05 INFO  valid result: 
recall@3 : 0.024    recall@5 : 0.0336    recall@10 : 0.0511    recall@20 : 0.0753    ndcg@3 : 0.0181    ndcg@5 : 0.022    ndcg@10 : 0.0277    ndcg@20 : 0.0337    
Sun 30 Nov 2025 21:10:06 INFO  Saving current best: saved/NOVA-Nov-30-2025_20-58-28.pth
Sun 30 Nov 2025 21:10:25 INFO  epoch 34 training [time: 18.66s, train loss: 1355.3095]
Sun 30 Nov 2025 21:10:44 INFO  epoch 35 training [time: 18.96s, train loss: 1348.3560]
Sun 30 Nov 2025 21:10:45 INFO  epoch 35 evaluating [time: 1.47s, valid_score: 0.051500]
Sun 30 Nov 2025 21:10:45 INFO  valid result: 
recall@3 : 0.0246    recall@5 : 0.0346    recall@10 : 0.0515    recall@20 : 0.076    ndcg@3 : 0.0188    ndcg@5 : 0.0229    ndcg@10 : 0.0284    ndcg@20 : 0.0345    
Sun 30 Nov 2025 21:10:46 INFO  Saving current best: saved/NOVA-Nov-30-2025_20-58-28.pth
Sun 30 Nov 2025 21:11:07 INFO  epoch 36 training [time: 21.13s, train loss: 1341.8414]
Sun 30 Nov 2025 21:11:26 INFO  epoch 37 training [time: 18.97s, train loss: 1335.0054]
Sun 30 Nov 2025 21:11:28 INFO  epoch 37 evaluating [time: 1.63s, valid_score: 0.051000]
Sun 30 Nov 2025 21:11:28 INFO  valid result: 
recall@3 : 0.0244    recall@5 : 0.0339    recall@10 : 0.051    recall@20 : 0.0765    ndcg@3 : 0.0187    ndcg@5 : 0.0226    ndcg@10 : 0.0281    ndcg@20 : 0.0345    
Sun 30 Nov 2025 21:11:47 INFO  epoch 38 training [time: 18.85s, train loss: 1328.7793]
Sun 30 Nov 2025 21:12:09 INFO  epoch 39 training [time: 21.98s, train loss: 1322.4143]
Sun 30 Nov 2025 21:12:08 INFO  epoch 39 evaluating [time: -0.99s, valid_score: 0.051900]
Sun 30 Nov 2025 21:12:08 INFO  valid result: 
recall@3 : 0.0242    recall@5 : 0.0345    recall@10 : 0.0519    recall@20 : 0.0768    ndcg@3 : 0.0186    ndcg@5 : 0.0228    ndcg@10 : 0.0284    ndcg@20 : 0.0346    
Sun 30 Nov 2025 21:12:09 INFO  Saving current best: saved/NOVA-Nov-30-2025_20-58-28.pth
Sun 30 Nov 2025 21:12:31 INFO  epoch 40 training [time: 21.86s, train loss: 1315.9036]
Sun 30 Nov 2025 21:12:50 INFO  epoch 41 training [time: 19.32s, train loss: 1310.1866]
Sun 30 Nov 2025 21:12:52 INFO  epoch 41 evaluating [time: 1.57s, valid_score: 0.052400]
Sun 30 Nov 2025 21:12:52 INFO  valid result: 
recall@3 : 0.0253    recall@5 : 0.0347    recall@10 : 0.0524    recall@20 : 0.0763    ndcg@3 : 0.0193    ndcg@5 : 0.0231    ndcg@10 : 0.0288    ndcg@20 : 0.0348    
Sun 30 Nov 2025 21:12:53 INFO  Saving current best: saved/NOVA-Nov-30-2025_20-58-28.pth
Sun 30 Nov 2025 21:13:12 INFO  epoch 42 training [time: 18.99s, train loss: 1303.8841]
Sun 30 Nov 2025 21:13:33 INFO  epoch 43 training [time: 21.43s, train loss: 1298.0854]
Sun 30 Nov 2025 21:13:35 INFO  epoch 43 evaluating [time: 1.51s, valid_score: 0.052300]
Sun 30 Nov 2025 21:13:35 INFO  valid result: 
recall@3 : 0.0251    recall@5 : 0.0342    recall@10 : 0.0523    recall@20 : 0.0767    ndcg@3 : 0.0193    ndcg@5 : 0.023    ndcg@10 : 0.0289    ndcg@20 : 0.035    
Sun 30 Nov 2025 21:13:54 INFO  epoch 44 training [time: 19.01s, train loss: 1291.9701]
Sun 30 Nov 2025 21:14:13 INFO  epoch 45 training [time: 18.98s, train loss: 1286.7727]
Sun 30 Nov 2025 21:14:14 INFO  epoch 45 evaluating [time: 1.54s, valid_score: 0.051700]
Sun 30 Nov 2025 21:14:14 INFO  valid result: 
recall@3 : 0.0249    recall@5 : 0.0332    recall@10 : 0.0517    recall@20 : 0.0764    ndcg@3 : 0.0192    ndcg@5 : 0.0226    ndcg@10 : 0.0285    ndcg@20 : 0.0347    
Sun 30 Nov 2025 21:14:36 INFO  epoch 46 training [time: 21.46s, train loss: 1280.4879]
Sun 30 Nov 2025 21:14:55 INFO  epoch 47 training [time: 19.00s, train loss: 1275.1736]
Sun 30 Nov 2025 21:14:56 INFO  epoch 47 evaluating [time: 1.52s, valid_score: 0.052600]
Sun 30 Nov 2025 21:14:56 INFO  valid result: 
recall@3 : 0.0247    recall@5 : 0.0343    recall@10 : 0.0526    recall@20 : 0.0764    ndcg@3 : 0.0195    ndcg@5 : 0.0234    ndcg@10 : 0.0293    ndcg@20 : 0.0353    
Sun 30 Nov 2025 21:14:57 INFO  Saving current best: saved/NOVA-Nov-30-2025_20-58-28.pth
Sun 30 Nov 2025 21:15:16 INFO  epoch 48 training [time: 19.01s, train loss: 1269.9887]
Sun 30 Nov 2025 21:15:38 INFO  epoch 49 training [time: 21.46s, train loss: 1264.0004]
Sun 30 Nov 2025 21:15:37 INFO  epoch 49 evaluating [time: -1.00s, valid_score: 0.051500]
Sun 30 Nov 2025 21:15:37 INFO  valid result: 
recall@3 : 0.0249    recall@5 : 0.0338    recall@10 : 0.0515    recall@20 : 0.075    ndcg@3 : 0.0195    ndcg@5 : 0.0231    ndcg@10 : 0.0288    ndcg@20 : 0.0347    
Sun 30 Nov 2025 21:15:58 INFO  epoch 50 training [time: 21.44s, train loss: 1258.7911]
Sun 30 Nov 2025 21:16:17 INFO  epoch 51 training [time: 19.07s, train loss: 1253.9952]
Sun 30 Nov 2025 21:16:19 INFO  epoch 51 evaluating [time: 1.48s, valid_score: 0.050600]
Sun 30 Nov 2025 21:16:19 INFO  valid result: 
recall@3 : 0.0254    recall@5 : 0.0333    recall@10 : 0.0506    recall@20 : 0.0742    ndcg@3 : 0.0196    ndcg@5 : 0.0228    ndcg@10 : 0.0284    ndcg@20 : 0.0343    
Sun 30 Nov 2025 21:16:38 INFO  epoch 52 training [time: 19.00s, train loss: 1248.6067]
Sun 30 Nov 2025 21:16:59 INFO  epoch 53 training [time: 21.50s, train loss: 1243.8873]
Sun 30 Nov 2025 21:17:01 INFO  epoch 53 evaluating [time: 1.49s, valid_score: 0.050600]
Sun 30 Nov 2025 21:17:01 INFO  valid result: 
recall@3 : 0.0256    recall@5 : 0.0336    recall@10 : 0.0506    recall@20 : 0.0743    ndcg@3 : 0.0199    ndcg@5 : 0.0232    ndcg@10 : 0.0287    ndcg@20 : 0.0346    
Sun 30 Nov 2025 21:17:20 INFO  epoch 54 training [time: 19.02s, train loss: 1239.0787]
Sun 30 Nov 2025 21:17:39 INFO  epoch 55 training [time: 19.05s, train loss: 1233.4666]
Sun 30 Nov 2025 21:17:40 INFO  epoch 55 evaluating [time: 1.48s, valid_score: 0.049900]
Sun 30 Nov 2025 21:17:40 INFO  valid result: 
recall@3 : 0.0248    recall@5 : 0.0335    recall@10 : 0.0499    recall@20 : 0.0745    ndcg@3 : 0.0196    ndcg@5 : 0.0231    ndcg@10 : 0.0284    ndcg@20 : 0.0346    
Sun 30 Nov 2025 21:18:02 INFO  epoch 56 training [time: 21.36s, train loss: 1228.5189]
Sun 30 Nov 2025 21:18:20 INFO  epoch 57 training [time: 18.69s, train loss: 1223.7550]
Sun 30 Nov 2025 21:18:22 INFO  epoch 57 evaluating [time: 1.52s, valid_score: 0.050500]
Sun 30 Nov 2025 21:18:22 INFO  valid result: 
recall@3 : 0.0246    recall@5 : 0.0328    recall@10 : 0.0505    recall@20 : 0.0744    ndcg@3 : 0.0194    ndcg@5 : 0.0228    ndcg@10 : 0.0285    ndcg@20 : 0.0345    
Sun 30 Nov 2025 21:18:41 INFO  epoch 58 training [time: 18.98s, train loss: 1219.0381]
Sun 30 Nov 2025 21:19:02 INFO  epoch 59 training [time: 21.57s, train loss: 1214.0365]
Sun 30 Nov 2025 21:19:04 INFO  epoch 59 evaluating [time: 1.48s, valid_score: 0.050500]
Sun 30 Nov 2025 21:19:04 INFO  valid result: 
recall@3 : 0.0247    recall@5 : 0.0329    recall@10 : 0.0505    recall@20 : 0.074    ndcg@3 : 0.0194    ndcg@5 : 0.0228    ndcg@10 : 0.0284    ndcg@20 : 0.0343    
Sun 30 Nov 2025 21:19:23 INFO  epoch 60 training [time: 18.84s, train loss: 1209.7701]
Sun 30 Nov 2025 21:19:42 INFO  epoch 61 training [time: 19.11s, train loss: 1205.2021]
Sun 30 Nov 2025 21:19:43 INFO  epoch 61 evaluating [time: 1.52s, valid_score: 0.049100]
Sun 30 Nov 2025 21:19:43 INFO  valid result: 
recall@3 : 0.0244    recall@5 : 0.0324    recall@10 : 0.0491    recall@20 : 0.0734    ndcg@3 : 0.0192    ndcg@5 : 0.0225    ndcg@10 : 0.0278    ndcg@20 : 0.0339    
Sun 30 Nov 2025 21:20:05 INFO  epoch 62 training [time: 21.54s, train loss: 1200.1272]
Sun 30 Nov 2025 21:20:24 INFO  epoch 63 training [time: 19.16s, train loss: 1195.1485]
Sun 30 Nov 2025 21:20:25 INFO  epoch 63 evaluating [time: 1.51s, valid_score: 0.048200]
Sun 30 Nov 2025 21:20:25 INFO  valid result: 
recall@3 : 0.0238    recall@5 : 0.0319    recall@10 : 0.0482    recall@20 : 0.0717    ndcg@3 : 0.0189    ndcg@5 : 0.0222    ndcg@10 : 0.0275    ndcg@20 : 0.0334    
Sun 30 Nov 2025 21:20:44 INFO  epoch 64 training [time: 19.05s, train loss: 1190.3952]
Sun 30 Nov 2025 21:21:04 INFO  epoch 65 training [time: 19.07s, train loss: 1186.4845]
Sun 30 Nov 2025 21:21:05 INFO  epoch 65 evaluating [time: 1.50s, valid_score: 0.049200]
Sun 30 Nov 2025 21:21:05 INFO  valid result: 
recall@3 : 0.0243    recall@5 : 0.0328    recall@10 : 0.0492    recall@20 : 0.0724    ndcg@3 : 0.0194    ndcg@5 : 0.0229    ndcg@10 : 0.0281    ndcg@20 : 0.0339    
Sun 30 Nov 2025 21:21:27 INFO  epoch 66 training [time: 21.47s, train loss: 1181.6088]
Sun 30 Nov 2025 21:21:46 INFO  epoch 67 training [time: 19.03s, train loss: 1177.1685]
Sun 30 Nov 2025 21:21:47 INFO  epoch 67 evaluating [time: 1.49s, valid_score: 0.047900]
Sun 30 Nov 2025 21:21:47 INFO  valid result: 
recall@3 : 0.0249    recall@5 : 0.0329    recall@10 : 0.0479    recall@20 : 0.0724    ndcg@3 : 0.0196    ndcg@5 : 0.0229    ndcg@10 : 0.0277    ndcg@20 : 0.0339    
Sun 30 Nov 2025 21:22:06 INFO  epoch 68 training [time: 19.03s, train loss: 1173.1500]
Sun 30 Nov 2025 21:22:27 INFO  epoch 69 training [time: 21.40s, train loss: 1168.1853]
Sun 30 Nov 2025 21:22:29 INFO  epoch 69 evaluating [time: 1.47s, valid_score: 0.047700]
Sun 30 Nov 2025 21:22:29 INFO  valid result: 
recall@3 : 0.0238    recall@5 : 0.0318    recall@10 : 0.0477    recall@20 : 0.0711    ndcg@3 : 0.0191    ndcg@5 : 0.0223    ndcg@10 : 0.0274    ndcg@20 : 0.0333    
Sun 30 Nov 2025 21:22:29 INFO  Finished training, best eval result in epoch 47
Sun 30 Nov 2025 21:22:29 INFO  Loading model structure and parameters from saved/NOVA-Nov-30-2025_20-58-28.pth
Sun 30 Nov 2025 21:22:31 INFO  best valid : {'recall@3': np.float64(0.0247), 'recall@5': np.float64(0.0343), 'recall@10': np.float64(0.0526), 'recall@20': np.float64(0.0764), 'ndcg@3': np.float64(0.0195), 'ndcg@5': np.float64(0.0234), 'ndcg@10': np.float64(0.0293), 'ndcg@20': np.float64(0.0353)}
Sun 30 Nov 2025 21:22:31 INFO  test result: {'recall@3': np.float64(0.019), 'recall@5': np.float64(0.0267), 'recall@10': np.float64(0.0423), 'recall@20': np.float64(0.0632), 'ndcg@3': np.float64(0.0147), 'ndcg@5': np.float64(0.0179), 'ndcg@10': np.float64(0.0229), 'ndcg@20': np.float64(0.0282)}
