Thu 27 Nov 2025 22:37:51 INFO  
General Hyper Parameters:
gpu_id = 0
use_gpu = True
seed = 212
state = INFO
reproducibility = True
data_path = ./recbole/data/dataset/Amazon_Sports_and_Outdoors
show_progress = True
save_dataset = False
save_dataloaders = False
benchmark_filename = None

Training Hyper Parameters:
checkpoint_dir = saved
epochs = 200
train_batch_size = 1024
learner = adam
learning_rate = 0.0001
eval_step = 2
stopping_step = 10
clip_grad_norm = None
weight_decay = 0.0
loss_decimal_place = 4

Evaluation Hyper Parameters:
eval_args = {'split': {'LS': 'valid_and_test'}, 'group_by': 'user', 'order': 'TO', 'mode': 'full'}
metrics = ['Recall', 'NDCG']
topk = [3, 5, 10, 20]
valid_metric = Recall@10
valid_metric_bigger = True
eval_batch_size = 256
metric_decimal_place = 4

Dataset Hyper Parameters:
field_separator = 	
seq_separator =  
USER_ID_FIELD = user_id
ITEM_ID_FIELD = item_id
RATING_FIELD = rating
TIME_FIELD = timestamp
seq_len = None
LABEL_FIELD = label
threshold = None
NEG_PREFIX = neg_
load_col = {'inter': ['user_id', 'item_id', 'rating', 'timestamp'], 'item': ['item_id', 'title', 'sales_rank', 'price', 'brand', 'categories', 'sales_type'], 'title_original': ['ent_id', 'ent_emb'], 'image_original': ['img_id', 'img_emb']}
unload_col = None
unused_col = None
additional_feat_suffix = ['title_original', 'image_original']
rm_dup_inter = None
val_interval = None
filter_inter_by_user_or_item = True
user_inter_num_interval = [5,inf)
item_inter_num_interval = [5,inf)
alias_of_user_id = None
alias_of_item_id = ['ent_id', 'img_id']
alias_of_entity_id = None
alias_of_relation_id = None
preload_weight = {'ent_id': 'ent_emb', 'img_id': 'img_emb'}
normalize_field = None
normalize_all = None
ITEM_LIST_LENGTH_FIELD = item_length
LIST_SUFFIX = _list
MAX_ITEM_LIST_LENGTH = 50
POSITION_FIELD = position_id
HEAD_ENTITY_ID_FIELD = head_id
TAIL_ENTITY_ID_FIELD = tail_id
RELATION_ID_FIELD = relation_id
ENTITY_ID_FIELD = entity_id

Other Hyper Parameters: 
neg_sampling = None
multi_gpus = False
repeatable = True
MODEL_TYPE = ModelType.SEQUENTIAL
n_layers = 3
n_heads = 8
hidden_size = 256
orig_attribute_hidden_size = [1024, 4096]
attribute_hidden_size = [128, 128]
inner_size = 256
hidden_dropout_prob = 0.5
attn_dropout_prob = 0.3
hidden_act = gelu
layer_norm_eps = 1e-12
initializer_range = 0.02
selected_features = ['ent_emb', 'img_emb']
feature_type = ['static', 'static']
pooling_mode = sum
loss_type = CE
weight_sharing = not
fusion_type = gate
lamdas = [5, 5]
attribute_predictor = ['cos_sim', 'cos_sim']
diffusion = {'device': 'cuda', 'dims': [1000], 'emb_size': 20, 'mean_type': 'x0', 'noise_max': 0.02, 'noise_min': 0.0001, 'noise_scale': 0.1, 'noise_schedule': 'linear-var', 'norm': False, 'num_heads': 4, 'reweight': True, 'sampling_noise': False, 'sampling_steps': 0, 'steps': 5, 'structure': 'MLP', 'time_type': 'cat', 'hiddenSize': 128, 'inputSize': 128}
lambda = 0.5
wandb_run_name = titles_images_log_mlp
annealing = False
MODEL_INPUT_TYPE = InputType.POINTWISE
eval_type = EvaluatorType.RANKING
device = cuda
train_neg_sample_args = {'strategy': 'none'}
eval_neg_sample_args = {'strategy': 'full', 'distribution': 'uniform'}


Thu 27 Nov 2025 22:38:08 INFO  Amazon_Sports_and_Outdoors
The number of users: 35599
Average actions of users: 8.324540704533963
The number of items: 18358
Average actions of items: 16.142997221768262
The number of inters: 296337
The sparsity of the dataset: 99.95465569853714%
Remain Fields: ['user_id', 'item_id', 'rating', 'timestamp', 'title', 'price', 'brand', 'categories', 'sales_type', 'sales_rank', 'ent_id', 'ent_emb', 'img_id', 'img_emb']
Thu 27 Nov 2025 22:38:12 INFO  [Training]: train_batch_size = [1024] negative sampling: [None]
Thu 27 Nov 2025 22:38:12 INFO  [Evaluation]: eval_batch_size = [256] eval_args: [{'split': {'LS': 'valid_and_test'}, 'group_by': 'user', 'order': 'TO', 'mode': 'full'}]
Thu 27 Nov 2025 22:38:14 INFO  NOVA(
  (item_embedding): Embedding(18358, 256, padding_idx=0)
  (position_embedding): Embedding(50, 256)
  (feature_embed_layer_list): ModuleList(
    (0): Embedding(
      18358, 1024
      (mlp): MLP(
        (net): Sequential(
          (0): Linear(in_features=1024, out_features=512, bias=True)
          (1): ReLU()
          (2): Dropout(p=0.1, inplace=False)
          (3): Linear(in_features=512, out_features=256, bias=True)
          (4): ReLU()
          (5): Dropout(p=0.1, inplace=False)
          (6): Linear(in_features=256, out_features=128, bias=True)
          (7): LayerNorm((128,), eps=1e-05, elementwise_affine=True)
        )
      )
    )
    (1): Embedding(
      18358, 4096
      (mlp): MLP(
        (net): Sequential(
          (0): Linear(in_features=4096, out_features=2048, bias=True)
          (1): ReLU()
          (2): Dropout(p=0.1, inplace=False)
          (3): Linear(in_features=2048, out_features=1024, bias=True)
          (4): ReLU()
          (5): Dropout(p=0.1, inplace=False)
          (6): Linear(in_features=1024, out_features=512, bias=True)
          (7): ReLU()
          (8): Dropout(p=0.1, inplace=False)
          (9): Linear(in_features=512, out_features=256, bias=True)
          (10): ReLU()
          (11): Dropout(p=0.1, inplace=False)
          (12): Linear(in_features=256, out_features=128, bias=True)
          (13): LayerNorm((128,), eps=1e-05, elementwise_affine=True)
        )
      )
    )
  )
  (trm_encoder): NOVATransformerEncoder(
    (layer): ModuleList(
      (0-2): 3 x NOVATransformerLayer(
        (multi_head_attention): NOVAMultiHeadAttention(
          (query): Linear(in_features=256, out_features=256, bias=True)
          (key): Linear(in_features=256, out_features=256, bias=True)
          (value): Linear(in_features=256, out_features=256, bias=True)
          (attn_dropout): Dropout(p=0.3, inplace=False)
          (dense): Linear(in_features=256, out_features=256, bias=True)
          (LayerNorm): LayerNorm((256,), eps=1e-12, elementwise_affine=True)
          (out_dropout): Dropout(p=0.5, inplace=False)
        )
        (feed_forward): FeedForward(
          (dense_1): Linear(in_features=256, out_features=256, bias=True)
          (dense_2): Linear(in_features=256, out_features=256, bias=True)
          (LayerNorm): LayerNorm((256,), eps=1e-12, elementwise_affine=True)
          (dropout): Dropout(p=0.5, inplace=False)
        )
      )
    )
  )
  (concat_layer): Linear(in_features=512, out_features=256, bias=True)
  (LayerNorm): LayerNorm((256,), eps=1e-12, elementwise_affine=True)
  (dropout): Dropout(p=0.5, inplace=False)
  (loss_fct): CrossEntropyLoss()
)
Trainable parameters: 17899008
Thu 27 Nov 2025 22:39:04 INFO  epoch 0 training [time: 48.75s, train loss: 1770.1859]
Thu 27 Nov 2025 22:39:48 INFO  epoch 1 training [time: 44.86s, train loss: 1723.7066]
Thu 27 Nov 2025 22:39:53 INFO  epoch 1 evaluating [time: 4.26s, valid_score: 0.014100]
Thu 27 Nov 2025 22:39:53 INFO  valid result: 
recall@3 : 0.006    recall@5 : 0.0086    recall@10 : 0.0141    recall@20 : 0.0265    ndcg@3 : 0.0045    ndcg@5 : 0.0056    ndcg@10 : 0.0074    ndcg@20 : 0.0105    
Thu 27 Nov 2025 22:39:54 INFO  Saving current best: saved/NOVA-Nov-27-2025_22-38-14.pth
Thu 27 Nov 2025 22:40:39 INFO  epoch 2 training [time: 44.75s, train loss: 1708.0770]
Thu 27 Nov 2025 22:41:30 INFO  epoch 3 training [time: 51.18s, train loss: 1679.1661]
Thu 27 Nov 2025 22:41:36 INFO  epoch 3 evaluating [time: 6.36s, valid_score: 0.022300]
Thu 27 Nov 2025 22:41:36 INFO  valid result: 
recall@3 : 0.0078    recall@5 : 0.0118    recall@10 : 0.0223    recall@20 : 0.0371    ndcg@3 : 0.0057    ndcg@5 : 0.0073    ndcg@10 : 0.0107    ndcg@20 : 0.0144    
Thu 27 Nov 2025 22:41:42 INFO  Saving current best: saved/NOVA-Nov-27-2025_22-38-14.pth
Thu 27 Nov 2025 22:42:30 INFO  epoch 4 training [time: 47.96s, train loss: 1657.1626]
Thu 27 Nov 2025 22:43:20 INFO  epoch 5 training [time: 50.10s, train loss: 1638.6709]
Thu 27 Nov 2025 22:43:29 INFO  epoch 5 evaluating [time: 9.11s, valid_score: 0.024400]
Thu 27 Nov 2025 22:43:29 INFO  valid result: 
recall@3 : 0.0096    recall@5 : 0.0136    recall@10 : 0.0244    recall@20 : 0.0419    ndcg@3 : 0.007    ndcg@5 : 0.0087    ndcg@10 : 0.0121    ndcg@20 : 0.0166    
Thu 27 Nov 2025 22:43:37 INFO  Saving current best: saved/NOVA-Nov-27-2025_22-38-14.pth
Thu 27 Nov 2025 22:44:25 INFO  epoch 6 training [time: 47.82s, train loss: 1622.6057]
Thu 27 Nov 2025 22:45:14 INFO  epoch 7 training [time: 49.71s, train loss: 1606.9670]
Thu 27 Nov 2025 22:45:23 INFO  epoch 7 evaluating [time: 8.99s, valid_score: 0.029600]
Thu 27 Nov 2025 22:45:23 INFO  valid result: 
recall@3 : 0.0116    recall@5 : 0.0172    recall@10 : 0.0296    recall@20 : 0.0487    ndcg@3 : 0.0085    ndcg@5 : 0.0108    ndcg@10 : 0.0148    ndcg@20 : 0.0196    
Thu 27 Nov 2025 22:45:31 INFO  Saving current best: saved/NOVA-Nov-27-2025_22-38-14.pth
Thu 27 Nov 2025 22:46:20 INFO  epoch 8 training [time: 48.75s, train loss: 1591.8568]
Thu 27 Nov 2025 22:47:08 INFO  epoch 9 training [time: 48.58s, train loss: 1577.3368]
Thu 27 Nov 2025 22:47:15 INFO  epoch 9 evaluating [time: 6.68s, valid_score: 0.035700]
Thu 27 Nov 2025 22:47:15 INFO  valid result: 
recall@3 : 0.0153    recall@5 : 0.0227    recall@10 : 0.0357    recall@20 : 0.0566    ndcg@3 : 0.0115    ndcg@5 : 0.0145    ndcg@10 : 0.0186    ndcg@20 : 0.0239    
Thu 27 Nov 2025 22:47:22 INFO  Saving current best: saved/NOVA-Nov-27-2025_22-38-14.pth
Thu 27 Nov 2025 22:48:12 INFO  epoch 10 training [time: 50.02s, train loss: 1562.8124]
Thu 27 Nov 2025 22:48:57 INFO  epoch 11 training [time: 45.79s, train loss: 1549.1596]
Thu 27 Nov 2025 22:49:06 INFO  epoch 11 evaluating [time: 8.45s, valid_score: 0.039400]
Thu 27 Nov 2025 22:49:06 INFO  valid result: 
recall@3 : 0.0173    recall@5 : 0.0244    recall@10 : 0.0394    recall@20 : 0.061    ndcg@3 : 0.0128    ndcg@5 : 0.0157    ndcg@10 : 0.0205    ndcg@20 : 0.0259    
Thu 27 Nov 2025 22:49:13 INFO  Saving current best: saved/NOVA-Nov-27-2025_22-38-14.pth
Thu 27 Nov 2025 22:50:02 INFO  epoch 12 training [time: 48.72s, train loss: 1536.2500]
Thu 27 Nov 2025 22:50:48 INFO  epoch 13 training [time: 46.61s, train loss: 1523.4064]
Thu 27 Nov 2025 22:50:53 INFO  epoch 13 evaluating [time: 4.43s, valid_score: 0.042400]
Thu 27 Nov 2025 22:50:53 INFO  valid result: 
recall@3 : 0.0198    recall@5 : 0.027    recall@10 : 0.0424    recall@20 : 0.0654    ndcg@3 : 0.0153    ndcg@5 : 0.0182    ndcg@10 : 0.0232    ndcg@20 : 0.0289    
Thu 27 Nov 2025 22:50:54 INFO  Saving current best: saved/NOVA-Nov-27-2025_22-38-14.pth
Thu 27 Nov 2025 22:51:40 INFO  epoch 14 training [time: 46.42s, train loss: 1510.9149]
Thu 27 Nov 2025 22:52:26 INFO  epoch 15 training [time: 45.59s, train loss: 1498.3160]
Thu 27 Nov 2025 22:52:30 INFO  epoch 15 evaluating [time: 4.29s, valid_score: 0.045800]
Thu 27 Nov 2025 22:52:30 INFO  valid result: 
recall@3 : 0.0219    recall@5 : 0.03    recall@10 : 0.0458    recall@20 : 0.0709    ndcg@3 : 0.017    ndcg@5 : 0.0202    ndcg@10 : 0.0253    ndcg@20 : 0.0316    
Thu 27 Nov 2025 22:52:32 INFO  Saving current best: saved/NOVA-Nov-27-2025_22-38-14.pth
Thu 27 Nov 2025 22:53:17 INFO  epoch 16 training [time: 45.19s, train loss: 1486.1780]
Thu 27 Nov 2025 22:54:00 INFO  epoch 17 training [time: 43.60s, train loss: 1474.3550]
Thu 27 Nov 2025 22:54:05 INFO  epoch 17 evaluating [time: 4.35s, valid_score: 0.049100]
Thu 27 Nov 2025 22:54:05 INFO  valid result: 
recall@3 : 0.0233    recall@5 : 0.0314    recall@10 : 0.0491    recall@20 : 0.0733    ndcg@3 : 0.0181    ndcg@5 : 0.0213    ndcg@10 : 0.0271    ndcg@20 : 0.0331    
Thu 27 Nov 2025 22:54:06 INFO  Saving current best: saved/NOVA-Nov-27-2025_22-38-14.pth
Thu 27 Nov 2025 22:54:51 INFO  epoch 18 training [time: 45.28s, train loss: 1462.8190]
Thu 27 Nov 2025 22:55:42 INFO  epoch 19 training [time: 50.51s, train loss: 1449.9491]
Thu 27 Nov 2025 22:55:49 INFO  epoch 19 evaluating [time: 7.36s, valid_score: 0.051700]
Thu 27 Nov 2025 22:55:49 INFO  valid result: 
recall@3 : 0.0251    recall@5 : 0.0341    recall@10 : 0.0517    recall@20 : 0.0758    ndcg@3 : 0.0196    ndcg@5 : 0.0233    ndcg@10 : 0.029    ndcg@20 : 0.035    
Thu 27 Nov 2025 22:55:55 INFO  Saving current best: saved/NOVA-Nov-27-2025_22-38-14.pth
Thu 27 Nov 2025 22:56:45 INFO  epoch 20 training [time: 50.19s, train loss: 1438.5369]
Thu 27 Nov 2025 22:57:35 INFO  epoch 21 training [time: 50.08s, train loss: 1427.0059]
Thu 27 Nov 2025 22:57:46 INFO  epoch 21 evaluating [time: 11.05s, valid_score: 0.052600]
Thu 27 Nov 2025 22:57:46 INFO  valid result: 
recall@3 : 0.027    recall@5 : 0.0364    recall@10 : 0.0526    recall@20 : 0.0784    ndcg@3 : 0.0215    ndcg@5 : 0.0253    ndcg@10 : 0.0305    ndcg@20 : 0.037    
Thu 27 Nov 2025 22:57:51 INFO  Saving current best: saved/NOVA-Nov-27-2025_22-38-14.pth
Thu 27 Nov 2025 22:58:46 INFO  epoch 22 training [time: 54.51s, train loss: 1415.2546]
Thu 27 Nov 2025 22:59:34 INFO  epoch 23 training [time: 47.68s, train loss: 1403.5884]
Thu 27 Nov 2025 22:59:42 INFO  epoch 23 evaluating [time: 8.28s, valid_score: 0.054100]
Thu 27 Nov 2025 22:59:42 INFO  valid result: 
recall@3 : 0.0286    recall@5 : 0.0378    recall@10 : 0.0541    recall@20 : 0.0777    ndcg@3 : 0.0226    ndcg@5 : 0.0264    ndcg@10 : 0.0316    ndcg@20 : 0.0375    
Thu 27 Nov 2025 22:59:49 INFO  Saving current best: saved/NOVA-Nov-27-2025_22-38-14.pth
Thu 27 Nov 2025 23:00:35 INFO  epoch 24 training [time: 46.24s, train loss: 1392.2928]
Thu 27 Nov 2025 23:01:22 INFO  epoch 25 training [time: 46.55s, train loss: 1380.9449]
Thu 27 Nov 2025 23:01:28 INFO  epoch 25 evaluating [time: 6.49s, valid_score: 0.054600]
Thu 27 Nov 2025 23:01:28 INFO  valid result: 
recall@3 : 0.0291    recall@5 : 0.0389    recall@10 : 0.0546    recall@20 : 0.0776    ndcg@3 : 0.0234    ndcg@5 : 0.0274    ndcg@10 : 0.0325    ndcg@20 : 0.0383    
Thu 27 Nov 2025 23:01:35 INFO  Saving current best: saved/NOVA-Nov-27-2025_22-38-14.pth
Thu 27 Nov 2025 23:02:23 INFO  epoch 26 training [time: 48.16s, train loss: 1368.9471]
Thu 27 Nov 2025 23:03:07 INFO  epoch 27 training [time: 43.83s, train loss: 1357.7895]
Thu 27 Nov 2025 23:03:16 INFO  epoch 27 evaluating [time: 9.11s, valid_score: 0.054800]
Thu 27 Nov 2025 23:03:16 INFO  valid result: 
recall@3 : 0.0301    recall@5 : 0.0389    recall@10 : 0.0548    recall@20 : 0.0782    ndcg@3 : 0.0243    ndcg@5 : 0.0278    ndcg@10 : 0.033    ndcg@20 : 0.0388    
Thu 27 Nov 2025 23:03:23 INFO  Saving current best: saved/NOVA-Nov-27-2025_22-38-14.pth
Thu 27 Nov 2025 23:04:11 INFO  epoch 28 training [time: 47.95s, train loss: 1346.4517]
Thu 27 Nov 2025 23:05:01 INFO  epoch 29 training [time: 49.98s, train loss: 1335.2875]
Thu 27 Nov 2025 23:05:05 INFO  epoch 29 evaluating [time: 4.57s, valid_score: 0.056100]
Thu 27 Nov 2025 23:05:05 INFO  valid result: 
recall@3 : 0.0314    recall@5 : 0.0405    recall@10 : 0.0561    recall@20 : 0.0792    ndcg@3 : 0.0254    ndcg@5 : 0.0291    ndcg@10 : 0.0342    ndcg@20 : 0.04    
Thu 27 Nov 2025 23:05:07 INFO  Saving current best: saved/NOVA-Nov-27-2025_22-38-14.pth
Thu 27 Nov 2025 23:05:52 INFO  epoch 30 training [time: 45.22s, train loss: 1324.4584]
Thu 27 Nov 2025 23:06:33 INFO  epoch 31 training [time: 41.48s, train loss: 1313.0719]
Thu 27 Nov 2025 23:06:38 INFO  epoch 31 evaluating [time: 4.51s, valid_score: 0.056500]
Thu 27 Nov 2025 23:06:38 INFO  valid result: 
recall@3 : 0.031    recall@5 : 0.0398    recall@10 : 0.0565    recall@20 : 0.0803    ndcg@3 : 0.0252    ndcg@5 : 0.0288    ndcg@10 : 0.0341    ndcg@20 : 0.0401    
Thu 27 Nov 2025 23:06:39 INFO  Saving current best: saved/NOVA-Nov-27-2025_22-38-14.pth
Thu 27 Nov 2025 23:07:26 INFO  epoch 32 training [time: 47.21s, train loss: 1301.9846]
Thu 27 Nov 2025 23:08:12 INFO  epoch 33 training [time: 45.51s, train loss: 1291.6462]
Thu 27 Nov 2025 23:08:16 INFO  epoch 33 evaluating [time: 4.49s, valid_score: 0.056500]
Thu 27 Nov 2025 23:08:16 INFO  valid result: 
recall@3 : 0.0316    recall@5 : 0.04    recall@10 : 0.0565    recall@20 : 0.0799    ndcg@3 : 0.0256    ndcg@5 : 0.0291    ndcg@10 : 0.0343    ndcg@20 : 0.0402    
Thu 27 Nov 2025 23:09:02 INFO  epoch 34 training [time: 46.35s, train loss: 1280.5739]
Thu 27 Nov 2025 23:09:55 INFO  epoch 35 training [time: 52.13s, train loss: 1270.9412]
Thu 27 Nov 2025 23:10:04 INFO  epoch 35 evaluating [time: 9.23s, valid_score: 0.057200]
Thu 27 Nov 2025 23:10:04 INFO  valid result: 
recall@3 : 0.0323    recall@5 : 0.0407    recall@10 : 0.0572    recall@20 : 0.0794    ndcg@3 : 0.0262    ndcg@5 : 0.0296    ndcg@10 : 0.0349    ndcg@20 : 0.0405    
Thu 27 Nov 2025 23:10:08 INFO  Saving current best: saved/NOVA-Nov-27-2025_22-38-14.pth
Thu 27 Nov 2025 23:10:59 INFO  epoch 36 training [time: 51.36s, train loss: 1259.7620]
Thu 27 Nov 2025 23:11:50 INFO  epoch 37 training [time: 51.02s, train loss: 1249.6451]
Thu 27 Nov 2025 23:11:59 INFO  epoch 37 evaluating [time: 9.38s, valid_score: 0.056100]
Thu 27 Nov 2025 23:11:59 INFO  valid result: 
recall@3 : 0.0317    recall@5 : 0.0403    recall@10 : 0.0561    recall@20 : 0.0789    ndcg@3 : 0.0259    ndcg@5 : 0.0294    ndcg@10 : 0.0345    ndcg@20 : 0.0402    
Thu 27 Nov 2025 23:12:49 INFO  epoch 38 training [time: 49.70s, train loss: 1238.7804]
Thu 27 Nov 2025 23:13:39 INFO  epoch 39 training [time: 50.24s, train loss: 1228.7198]
Thu 27 Nov 2025 23:13:48 INFO  epoch 39 evaluating [time: 8.29s, valid_score: 0.057200]
Thu 27 Nov 2025 23:13:48 INFO  valid result: 
recall@3 : 0.0321    recall@5 : 0.0406    recall@10 : 0.0572    recall@20 : 0.0802    ndcg@3 : 0.0263    ndcg@5 : 0.0298    ndcg@10 : 0.0352    ndcg@20 : 0.041    
Thu 27 Nov 2025 23:14:39 INFO  epoch 40 training [time: 51.80s, train loss: 1219.0004]
Thu 27 Nov 2025 23:15:30 INFO  epoch 41 training [time: 50.25s, train loss: 1208.5847]
Thu 27 Nov 2025 23:15:39 INFO  epoch 41 evaluating [time: 9.30s, valid_score: 0.057500]
Thu 27 Nov 2025 23:15:39 INFO  valid result: 
recall@3 : 0.0322    recall@5 : 0.041    recall@10 : 0.0575    recall@20 : 0.0792    ndcg@3 : 0.0264    ndcg@5 : 0.03    ndcg@10 : 0.0353    ndcg@20 : 0.0408    
Thu 27 Nov 2025 23:15:42 INFO  Saving current best: saved/NOVA-Nov-27-2025_22-38-14.pth
Thu 27 Nov 2025 23:16:34 INFO  epoch 42 training [time: 52.07s, train loss: 1199.5551]
Thu 27 Nov 2025 23:17:24 INFO  epoch 43 training [time: 49.29s, train loss: 1190.4858]
Thu 27 Nov 2025 23:17:33 INFO  epoch 43 evaluating [time: 8.99s, valid_score: 0.056700]
Thu 27 Nov 2025 23:17:33 INFO  valid result: 
recall@3 : 0.0328    recall@5 : 0.0409    recall@10 : 0.0567    recall@20 : 0.0783    ndcg@3 : 0.0269    ndcg@5 : 0.0303    ndcg@10 : 0.0354    ndcg@20 : 0.0408    
Thu 27 Nov 2025 23:18:24 INFO  epoch 44 training [time: 51.02s, train loss: 1179.9880]
Thu 27 Nov 2025 23:19:13 INFO  epoch 45 training [time: 49.23s, train loss: 1170.0909]
Thu 27 Nov 2025 23:19:22 INFO  epoch 45 evaluating [time: 8.54s, valid_score: 0.056300]
Thu 27 Nov 2025 23:19:22 INFO  valid result: 
recall@3 : 0.0313    recall@5 : 0.04    recall@10 : 0.0563    recall@20 : 0.0776    ndcg@3 : 0.0259    ndcg@5 : 0.0295    ndcg@10 : 0.0347    ndcg@20 : 0.0401    
Thu 27 Nov 2025 23:20:13 INFO  epoch 46 training [time: 51.35s, train loss: 1160.5801]
Thu 27 Nov 2025 23:21:02 INFO  epoch 47 training [time: 48.72s, train loss: 1151.1496]
Thu 27 Nov 2025 23:21:11 INFO  epoch 47 evaluating [time: 9.02s, valid_score: 0.056100]
Thu 27 Nov 2025 23:21:11 INFO  valid result: 
recall@3 : 0.0324    recall@5 : 0.041    recall@10 : 0.0561    recall@20 : 0.0773    ndcg@3 : 0.0267    ndcg@5 : 0.0302    ndcg@10 : 0.0351    ndcg@20 : 0.0404    
Thu 27 Nov 2025 23:22:00 INFO  epoch 48 training [time: 49.77s, train loss: 1142.7781]
Thu 27 Nov 2025 23:22:49 INFO  epoch 49 training [time: 48.57s, train loss: 1134.7796]
Thu 27 Nov 2025 23:22:54 INFO  epoch 49 evaluating [time: 4.77s, valid_score: 0.056700]
Thu 27 Nov 2025 23:22:54 INFO  valid result: 
recall@3 : 0.0326    recall@5 : 0.0412    recall@10 : 0.0567    recall@20 : 0.0766    ndcg@3 : 0.0268    ndcg@5 : 0.0303    ndcg@10 : 0.0353    ndcg@20 : 0.0403    
Thu 27 Nov 2025 23:23:46 INFO  epoch 50 training [time: 51.76s, train loss: 1125.3416]
Thu 27 Nov 2025 23:24:36 INFO  epoch 51 training [time: 50.77s, train loss: 1117.0271]
Thu 27 Nov 2025 23:24:43 INFO  epoch 51 evaluating [time: 7.15s, valid_score: 0.054800]
Thu 27 Nov 2025 23:24:43 INFO  valid result: 
recall@3 : 0.0326    recall@5 : 0.0407    recall@10 : 0.0548    recall@20 : 0.0766    ndcg@3 : 0.0268    ndcg@5 : 0.0301    ndcg@10 : 0.0346    ndcg@20 : 0.0401    
Thu 27 Nov 2025 23:25:33 INFO  epoch 52 training [time: 49.18s, train loss: 1107.7789]
Thu 27 Nov 2025 23:26:23 INFO  epoch 53 training [time: 49.88s, train loss: 1098.7125]
Thu 27 Nov 2025 23:26:31 INFO  epoch 53 evaluating [time: 8.74s, valid_score: 0.053900]
Thu 27 Nov 2025 23:26:31 INFO  valid result: 
recall@3 : 0.0327    recall@5 : 0.0399    recall@10 : 0.0539    recall@20 : 0.0745    ndcg@3 : 0.0268    ndcg@5 : 0.0297    ndcg@10 : 0.0342    ndcg@20 : 0.0394    
Thu 27 Nov 2025 23:27:22 INFO  epoch 54 training [time: 50.54s, train loss: 1091.0637]
Thu 27 Nov 2025 23:28:11 INFO  epoch 55 training [time: 49.44s, train loss: 1082.9405]
Thu 27 Nov 2025 23:28:21 INFO  epoch 55 evaluating [time: 9.35s, valid_score: 0.053400]
Thu 27 Nov 2025 23:28:21 INFO  valid result: 
recall@3 : 0.0324    recall@5 : 0.0398    recall@10 : 0.0534    recall@20 : 0.0731    ndcg@3 : 0.0266    ndcg@5 : 0.0296    ndcg@10 : 0.034    ndcg@20 : 0.0389    
Thu 27 Nov 2025 23:29:09 INFO  epoch 56 training [time: 48.63s, train loss: 1074.7338]
Thu 27 Nov 2025 23:29:56 INFO  epoch 57 training [time: 47.20s, train loss: 1066.9099]
Thu 27 Nov 2025 23:30:06 INFO  epoch 57 evaluating [time: 9.12s, valid_score: 0.053100]
Thu 27 Nov 2025 23:30:06 INFO  valid result: 
recall@3 : 0.0323    recall@5 : 0.0405    recall@10 : 0.0531    recall@20 : 0.0732    ndcg@3 : 0.0263    ndcg@5 : 0.0297    ndcg@10 : 0.0337    ndcg@20 : 0.0388    
Thu 27 Nov 2025 23:30:56 INFO  epoch 58 training [time: 50.78s, train loss: 1058.5108]
Thu 27 Nov 2025 23:31:44 INFO  epoch 59 training [time: 48.13s, train loss: 1051.1463]
Thu 27 Nov 2025 23:31:53 INFO  epoch 59 evaluating [time: 8.31s, valid_score: 0.053300]
Thu 27 Nov 2025 23:31:53 INFO  valid result: 
recall@3 : 0.0322    recall@5 : 0.0395    recall@10 : 0.0533    recall@20 : 0.0729    ndcg@3 : 0.0264    ndcg@5 : 0.0294    ndcg@10 : 0.0339    ndcg@20 : 0.0388    
Thu 27 Nov 2025 23:32:37 INFO  epoch 60 training [time: 44.16s, train loss: 1043.1245]
Thu 27 Nov 2025 23:33:21 INFO  epoch 61 training [time: 44.33s, train loss: 1036.0143]
Thu 27 Nov 2025 23:33:26 INFO  epoch 61 evaluating [time: 4.75s, valid_score: 0.052400]
Thu 27 Nov 2025 23:33:26 INFO  valid result: 
recall@3 : 0.0323    recall@5 : 0.0397    recall@10 : 0.0524    recall@20 : 0.0717    ndcg@3 : 0.0265    ndcg@5 : 0.0295    ndcg@10 : 0.0336    ndcg@20 : 0.0384    
Thu 27 Nov 2025 23:34:08 INFO  epoch 62 training [time: 41.88s, train loss: 1028.2945]
Thu 27 Nov 2025 23:34:52 INFO  epoch 63 training [time: 43.70s, train loss: 1020.4696]
Thu 27 Nov 2025 23:34:56 INFO  epoch 63 evaluating [time: 4.71s, valid_score: 0.052800]
Thu 27 Nov 2025 23:34:56 INFO  valid result: 
recall@3 : 0.0315    recall@5 : 0.0387    recall@10 : 0.0528    recall@20 : 0.0708    ndcg@3 : 0.0257    ndcg@5 : 0.0287    ndcg@10 : 0.0332    ndcg@20 : 0.0377    
Thu 27 Nov 2025 23:34:56 INFO  Finished training, best eval result in epoch 41
Thu 27 Nov 2025 23:34:59 INFO  Loading model structure and parameters from saved/NOVA-Nov-27-2025_22-38-14.pth
Thu 27 Nov 2025 23:35:02 INFO  best valid : {'recall@3': np.float64(0.0322), 'recall@5': np.float64(0.041), 'recall@10': np.float64(0.0575), 'recall@20': np.float64(0.0792), 'ndcg@3': np.float64(0.0264), 'ndcg@5': np.float64(0.03), 'ndcg@10': np.float64(0.0353), 'ndcg@20': np.float64(0.0408)}
Thu 27 Nov 2025 23:35:02 INFO  test result: {'recall@3': np.float64(0.0254), 'recall@5': np.float64(0.0328), 'recall@10': np.float64(0.0455), 'recall@20': np.float64(0.0623), 'ndcg@3': np.float64(0.0206), 'ndcg@5': np.float64(0.0237), 'ndcg@10': np.float64(0.0278), 'ndcg@20': np.float64(0.032)}
