Fri 28 Nov 2025 02:41:16 INFO  
General Hyper Parameters:
gpu_id = 0
use_gpu = True
seed = 212
state = INFO
reproducibility = True
data_path = ./recbole/data/dataset/Amazon_Sports_and_Outdoors
show_progress = True
save_dataset = False
save_dataloaders = False
benchmark_filename = None

Training Hyper Parameters:
checkpoint_dir = saved
epochs = 200
train_batch_size = 1024
learner = adam
learning_rate = 0.0001
eval_step = 2
stopping_step = 10
clip_grad_norm = None
weight_decay = 0.0
loss_decimal_place = 4

Evaluation Hyper Parameters:
eval_args = {'split': {'LS': 'valid_and_test'}, 'group_by': 'user', 'order': 'TO', 'mode': 'full'}
metrics = ['Recall', 'NDCG']
topk = [3, 5, 10, 20]
valid_metric = Recall@10
valid_metric_bigger = True
eval_batch_size = 256
metric_decimal_place = 4

Dataset Hyper Parameters:
field_separator = 	
seq_separator =  
USER_ID_FIELD = user_id
ITEM_ID_FIELD = item_id
RATING_FIELD = rating
TIME_FIELD = timestamp
seq_len = None
LABEL_FIELD = label
threshold = None
NEG_PREFIX = neg_
load_col = {'inter': ['user_id', 'item_id', 'rating', 'timestamp'], 'item': ['item_id', 'title', 'sales_rank', 'price', 'brand', 'categories', 'sales_type'], 'title_original': ['ent_id', 'ent_emb']}
unload_col = None
unused_col = None
additional_feat_suffix = ['title_original']
rm_dup_inter = None
val_interval = None
filter_inter_by_user_or_item = True
user_inter_num_interval = [5,inf)
item_inter_num_interval = [5,inf)
alias_of_user_id = None
alias_of_item_id = ['ent_id']
alias_of_entity_id = None
alias_of_relation_id = None
preload_weight = {'ent_id': 'ent_emb'}
normalize_field = None
normalize_all = None
ITEM_LIST_LENGTH_FIELD = item_length
LIST_SUFFIX = _list
MAX_ITEM_LIST_LENGTH = 50
POSITION_FIELD = position_id
HEAD_ENTITY_ID_FIELD = head_id
TAIL_ENTITY_ID_FIELD = tail_id
RELATION_ID_FIELD = relation_id
ENTITY_ID_FIELD = entity_id

Other Hyper Parameters: 
neg_sampling = None
multi_gpus = False
repeatable = True
MODEL_TYPE = ModelType.SEQUENTIAL
n_layers = 3
n_heads = 8
hidden_size = 256
orig_attribute_hidden_size = [1024]
attribute_hidden_size = [128]
inner_size = 256
hidden_dropout_prob = 0.5
attn_dropout_prob = 0.3
hidden_act = gelu
layer_norm_eps = 1e-12
initializer_range = 0.02
selected_features = ['ent_emb']
feature_type = ['static']
pooling_mode = sum
loss_type = CE
weight_sharing = not
fusion_type = gate
lamdas = [5]
attribute_predictor = ['cos_sim']
diffusion = {'device': 'cuda', 'dims': [1000], 'emb_size': 20, 'mean_type': 'x0', 'noise_max': 0.02, 'noise_min': 0.0001, 'noise_scale': 0.1, 'noise_schedule': 'linear-var', 'norm': False, 'num_heads': 4, 'reweight': True, 'sampling_noise': False, 'sampling_steps': 0, 'steps': 5, 'structure': 'MLP', 'time_type': 'cat', 'hiddenSize': 128, 'inputSize': 128}
lambda = 0.5
wandb_run_name = titles_log_mlp
annealing = False
MODEL_INPUT_TYPE = InputType.POINTWISE
eval_type = EvaluatorType.RANKING
device = cuda
train_neg_sample_args = {'strategy': 'none'}
eval_neg_sample_args = {'strategy': 'full', 'distribution': 'uniform'}


Fri 28 Nov 2025 02:41:28 INFO  Amazon_Sports_and_Outdoors
The number of users: 35599
Average actions of users: 8.324540704533963
The number of items: 18358
Average actions of items: 16.142997221768262
The number of inters: 296337
The sparsity of the dataset: 99.95465569853714%
Remain Fields: ['user_id', 'item_id', 'rating', 'timestamp', 'title', 'price', 'brand', 'categories', 'sales_type', 'sales_rank', 'ent_id', 'ent_emb']
Fri 28 Nov 2025 02:41:44 INFO  [Training]: train_batch_size = [1024] negative sampling: [None]
Fri 28 Nov 2025 02:41:44 INFO  [Evaluation]: eval_batch_size = [256] eval_args: [{'split': {'LS': 'valid_and_test'}, 'group_by': 'user', 'order': 'TO', 'mode': 'full'}]
Fri 28 Nov 2025 02:41:48 INFO  NOVA(
  (item_embedding): Embedding(18358, 256, padding_idx=0)
  (position_embedding): Embedding(50, 256)
  (feature_embed_layer_list): ModuleList(
    (0): Embedding(
      18358, 1024
      (mlp): MLP(
        (net): Sequential(
          (0): Linear(in_features=1024, out_features=512, bias=True)
          (1): ReLU()
          (2): Dropout(p=0.1, inplace=False)
          (3): Linear(in_features=512, out_features=256, bias=True)
          (4): ReLU()
          (5): Dropout(p=0.1, inplace=False)
          (6): Linear(in_features=256, out_features=128, bias=True)
          (7): LayerNorm((128,), eps=1e-05, elementwise_affine=True)
        )
      )
    )
  )
  (trm_encoder): NOVATransformerEncoder(
    (layer): ModuleList(
      (0-2): 3 x NOVATransformerLayer(
        (multi_head_attention): NOVAMultiHeadAttention(
          (query): Linear(in_features=256, out_features=256, bias=True)
          (key): Linear(in_features=256, out_features=256, bias=True)
          (value): Linear(in_features=256, out_features=256, bias=True)
          (attn_dropout): Dropout(p=0.3, inplace=False)
          (dense): Linear(in_features=256, out_features=256, bias=True)
          (LayerNorm): LayerNorm((256,), eps=1e-12, elementwise_affine=True)
          (out_dropout): Dropout(p=0.5, inplace=False)
        )
        (feed_forward): FeedForward(
          (dense_1): Linear(in_features=256, out_features=256, bias=True)
          (dense_2): Linear(in_features=256, out_features=256, bias=True)
          (LayerNorm): LayerNorm((256,), eps=1e-12, elementwise_affine=True)
          (dropout): Dropout(p=0.5, inplace=False)
        )
      )
    )
  )
  (concat_layer): Linear(in_features=384, out_features=256, bias=True)
  (LayerNorm): LayerNorm((256,), eps=1e-12, elementwise_affine=True)
  (dropout): Dropout(p=0.5, inplace=False)
  (loss_fct): CrossEntropyLoss()
)
Trainable parameters: 6688128
Fri 28 Nov 2025 02:42:13 INFO  epoch 0 training [time: 21.93s, train loss: 1770.4189]
Fri 28 Nov 2025 02:42:33 INFO  epoch 1 training [time: 19.58s, train loss: 1721.5620]
Fri 28 Nov 2025 02:42:36 INFO  epoch 1 evaluating [time: 3.64s, valid_score: 0.016300]
Fri 28 Nov 2025 02:42:36 INFO  valid result: 
recall@3 : 0.0067    recall@5 : 0.01    recall@10 : 0.0163    recall@20 : 0.0296    ndcg@3 : 0.005    ndcg@5 : 0.0063    ndcg@10 : 0.0083    ndcg@20 : 0.0117    
Fri 28 Nov 2025 02:42:38 INFO  Saving current best: saved/NOVA-Nov-28-2025_02-41-48.pth
Fri 28 Nov 2025 02:42:57 INFO  epoch 2 training [time: 19.13s, train loss: 1696.8745]
Fri 28 Nov 2025 02:43:16 INFO  epoch 3 training [time: 18.39s, train loss: 1669.6332]
Fri 28 Nov 2025 02:43:17 INFO  epoch 3 evaluating [time: 1.67s, valid_score: 0.021600]
Fri 28 Nov 2025 02:43:17 INFO  valid result: 
recall@3 : 0.0081    recall@5 : 0.0122    recall@10 : 0.0216    recall@20 : 0.0362    ndcg@3 : 0.006    ndcg@5 : 0.0077    ndcg@10 : 0.0107    ndcg@20 : 0.0144    
Fri 28 Nov 2025 02:43:18 INFO  Saving current best: saved/NOVA-Nov-28-2025_02-41-48.pth
Fri 28 Nov 2025 02:43:35 INFO  epoch 4 training [time: 16.84s, train loss: 1649.8846]
Fri 28 Nov 2025 02:43:52 INFO  epoch 5 training [time: 16.80s, train loss: 1633.1446]
Fri 28 Nov 2025 02:43:53 INFO  epoch 5 evaluating [time: 1.42s, valid_score: 0.026100]
Fri 28 Nov 2025 02:43:53 INFO  valid result: 
recall@3 : 0.0098    recall@5 : 0.0152    recall@10 : 0.0261    recall@20 : 0.0435    ndcg@3 : 0.0072    ndcg@5 : 0.0094    ndcg@10 : 0.0128    ndcg@20 : 0.0172    
Fri 28 Nov 2025 02:43:54 INFO  Saving current best: saved/NOVA-Nov-28-2025_02-41-48.pth
Fri 28 Nov 2025 02:44:12 INFO  epoch 6 training [time: 17.77s, train loss: 1617.9165]
Fri 28 Nov 2025 02:44:31 INFO  epoch 7 training [time: 19.82s, train loss: 1603.5823]
Fri 28 Nov 2025 02:44:35 INFO  epoch 7 evaluating [time: 3.45s, valid_score: 0.032200]
Fri 28 Nov 2025 02:44:35 INFO  valid result: 
recall@3 : 0.0128    recall@5 : 0.019    recall@10 : 0.0322    recall@20 : 0.0508    ndcg@3 : 0.0091    ndcg@5 : 0.0116    ndcg@10 : 0.0159    ndcg@20 : 0.0205    
Fri 28 Nov 2025 02:44:36 INFO  Saving current best: saved/NOVA-Nov-28-2025_02-41-48.pth
Fri 28 Nov 2025 02:44:56 INFO  epoch 8 training [time: 19.43s, train loss: 1589.4901]
Fri 28 Nov 2025 02:45:15 INFO  epoch 9 training [time: 19.17s, train loss: 1575.9095]
Fri 28 Nov 2025 02:45:18 INFO  epoch 9 evaluating [time: 3.22s, valid_score: 0.036900]
Fri 28 Nov 2025 02:45:18 INFO  valid result: 
recall@3 : 0.016    recall@5 : 0.0233    recall@10 : 0.0369    recall@20 : 0.0569    ndcg@3 : 0.0115    ndcg@5 : 0.0145    ndcg@10 : 0.0189    ndcg@20 : 0.0239    
Fri 28 Nov 2025 02:45:20 INFO  Saving current best: saved/NOVA-Nov-28-2025_02-41-48.pth
Fri 28 Nov 2025 02:45:39 INFO  epoch 10 training [time: 19.32s, train loss: 1563.6882]
Fri 28 Nov 2025 02:45:59 INFO  epoch 11 training [time: 19.35s, train loss: 1551.3190]
Fri 28 Nov 2025 02:46:02 INFO  epoch 11 evaluating [time: 3.65s, valid_score: 0.040700]
Fri 28 Nov 2025 02:46:02 INFO  valid result: 
recall@3 : 0.0181    recall@5 : 0.0258    recall@10 : 0.0407    recall@20 : 0.0633    ndcg@3 : 0.0134    ndcg@5 : 0.0166    ndcg@10 : 0.0214    ndcg@20 : 0.027    
Fri 28 Nov 2025 02:46:04 INFO  Saving current best: saved/NOVA-Nov-28-2025_02-41-48.pth
Fri 28 Nov 2025 02:46:21 INFO  epoch 12 training [time: 17.14s, train loss: 1539.1676]
Fri 28 Nov 2025 02:46:38 INFO  epoch 13 training [time: 16.81s, train loss: 1527.7265]
Fri 28 Nov 2025 02:46:39 INFO  epoch 13 evaluating [time: 1.66s, valid_score: 0.044200]
Fri 28 Nov 2025 02:46:39 INFO  valid result: 
recall@3 : 0.0195    recall@5 : 0.0277    recall@10 : 0.0442    recall@20 : 0.0666    ndcg@3 : 0.0148    ndcg@5 : 0.0181    ndcg@10 : 0.0234    ndcg@20 : 0.029    
Fri 28 Nov 2025 02:46:40 INFO  Saving current best: saved/NOVA-Nov-28-2025_02-41-48.pth
Fri 28 Nov 2025 02:46:57 INFO  epoch 14 training [time: 16.68s, train loss: 1515.8022]
Fri 28 Nov 2025 02:47:16 INFO  epoch 15 training [time: 18.80s, train loss: 1504.4820]
Fri 28 Nov 2025 02:47:19 INFO  epoch 15 evaluating [time: 3.77s, valid_score: 0.047700]
Fri 28 Nov 2025 02:47:19 INFO  valid result: 
recall@3 : 0.0217    recall@5 : 0.0298    recall@10 : 0.0477    recall@20 : 0.0707    ndcg@3 : 0.0166    ndcg@5 : 0.0199    ndcg@10 : 0.0256    ndcg@20 : 0.0314    
Fri 28 Nov 2025 02:47:21 INFO  Saving current best: saved/NOVA-Nov-28-2025_02-41-48.pth
Fri 28 Nov 2025 02:47:40 INFO  epoch 16 training [time: 19.41s, train loss: 1493.6815]
Fri 28 Nov 2025 02:48:00 INFO  epoch 17 training [time: 19.48s, train loss: 1482.8426]
Fri 28 Nov 2025 02:48:03 INFO  epoch 17 evaluating [time: 3.55s, valid_score: 0.049600]
Fri 28 Nov 2025 02:48:03 INFO  valid result: 
recall@3 : 0.0227    recall@5 : 0.0312    recall@10 : 0.0496    recall@20 : 0.0741    ndcg@3 : 0.0177    ndcg@5 : 0.0212    ndcg@10 : 0.0271    ndcg@20 : 0.0333    
Fri 28 Nov 2025 02:48:05 INFO  Saving current best: saved/NOVA-Nov-28-2025_02-41-48.pth
Fri 28 Nov 2025 02:48:24 INFO  epoch 18 training [time: 19.55s, train loss: 1471.8519]
Fri 28 Nov 2025 02:48:44 INFO  epoch 19 training [time: 19.38s, train loss: 1460.7455]
Fri 28 Nov 2025 02:48:47 INFO  epoch 19 evaluating [time: 3.62s, valid_score: 0.052400]
Fri 28 Nov 2025 02:48:47 INFO  valid result: 
recall@3 : 0.0239    recall@5 : 0.0326    recall@10 : 0.0524    recall@20 : 0.0794    ndcg@3 : 0.0185    ndcg@5 : 0.0221    ndcg@10 : 0.0285    ndcg@20 : 0.0352    
Fri 28 Nov 2025 02:48:49 INFO  Saving current best: saved/NOVA-Nov-28-2025_02-41-48.pth
Fri 28 Nov 2025 02:49:08 INFO  epoch 20 training [time: 18.91s, train loss: 1450.4997]
Fri 28 Nov 2025 02:49:25 INFO  epoch 21 training [time: 17.01s, train loss: 1439.3808]
Fri 28 Nov 2025 02:49:26 INFO  epoch 21 evaluating [time: 1.67s, valid_score: 0.054800]
Fri 28 Nov 2025 02:49:26 INFO  valid result: 
recall@3 : 0.0262    recall@5 : 0.0359    recall@10 : 0.0548    recall@20 : 0.0821    ndcg@3 : 0.0203    ndcg@5 : 0.0242    ndcg@10 : 0.0303    ndcg@20 : 0.0372    
Fri 28 Nov 2025 02:49:27 INFO  Saving current best: saved/NOVA-Nov-28-2025_02-41-48.pth
Fri 28 Nov 2025 02:49:44 INFO  epoch 22 training [time: 16.84s, train loss: 1428.9583]
Fri 28 Nov 2025 02:50:01 INFO  epoch 23 training [time: 16.89s, train loss: 1418.0405]
Fri 28 Nov 2025 02:50:04 INFO  epoch 23 evaluating [time: 3.43s, valid_score: 0.056200]
Fri 28 Nov 2025 02:50:04 INFO  valid result: 
recall@3 : 0.0272    recall@5 : 0.0377    recall@10 : 0.0562    recall@20 : 0.0823    ndcg@3 : 0.0212    ndcg@5 : 0.0255    ndcg@10 : 0.0314    ndcg@20 : 0.038    
Fri 28 Nov 2025 02:50:06 INFO  Saving current best: saved/NOVA-Nov-28-2025_02-41-48.pth
Fri 28 Nov 2025 02:50:26 INFO  epoch 24 training [time: 19.45s, train loss: 1407.3833]
Fri 28 Nov 2025 02:50:45 INFO  epoch 25 training [time: 19.50s, train loss: 1396.6124]
Fri 28 Nov 2025 02:50:49 INFO  epoch 25 evaluating [time: 3.86s, valid_score: 0.057100]
Fri 28 Nov 2025 02:50:49 INFO  valid result: 
recall@3 : 0.0283    recall@5 : 0.0389    recall@10 : 0.0571    recall@20 : 0.0846    ndcg@3 : 0.0221    ndcg@5 : 0.0264    ndcg@10 : 0.0323    ndcg@20 : 0.0392    
Fri 28 Nov 2025 02:50:51 INFO  Saving current best: saved/NOVA-Nov-28-2025_02-41-48.pth
Fri 28 Nov 2025 02:51:10 INFO  epoch 26 training [time: 19.72s, train loss: 1385.2813]
Fri 28 Nov 2025 02:51:30 INFO  epoch 27 training [time: 19.37s, train loss: 1374.5895]
Fri 28 Nov 2025 02:51:33 INFO  epoch 27 evaluating [time: 3.56s, valid_score: 0.058000]
Fri 28 Nov 2025 02:51:33 INFO  valid result: 
recall@3 : 0.0281    recall@5 : 0.0392    recall@10 : 0.058    recall@20 : 0.0848    ndcg@3 : 0.0222    ndcg@5 : 0.0268    ndcg@10 : 0.0328    ndcg@20 : 0.0395    
Fri 28 Nov 2025 02:51:35 INFO  Saving current best: saved/NOVA-Nov-28-2025_02-41-48.pth
Fri 28 Nov 2025 02:51:54 INFO  epoch 28 training [time: 19.48s, train loss: 1363.1014]
Fri 28 Nov 2025 02:52:12 INFO  epoch 29 training [time: 17.78s, train loss: 1352.2733]
Fri 28 Nov 2025 02:52:14 INFO  epoch 29 evaluating [time: 2.09s, valid_score: 0.059300]
Fri 28 Nov 2025 02:52:14 INFO  valid result: 
recall@3 : 0.0298    recall@5 : 0.0409    recall@10 : 0.0593    recall@20 : 0.0866    ndcg@3 : 0.0234    ndcg@5 : 0.0279    ndcg@10 : 0.0338    ndcg@20 : 0.0407    
Fri 28 Nov 2025 02:52:15 INFO  Saving current best: saved/NOVA-Nov-28-2025_02-41-48.pth
Fri 28 Nov 2025 02:52:32 INFO  epoch 30 training [time: 16.91s, train loss: 1340.9095]
Fri 28 Nov 2025 02:52:49 INFO  epoch 31 training [time: 16.66s, train loss: 1330.1993]
Fri 28 Nov 2025 02:52:50 INFO  epoch 31 evaluating [time: 1.40s, valid_score: 0.060200]
Fri 28 Nov 2025 02:52:50 INFO  valid result: 
recall@3 : 0.031    recall@5 : 0.0414    recall@10 : 0.0602    recall@20 : 0.0878    ndcg@3 : 0.0245    ndcg@5 : 0.0287    ndcg@10 : 0.0348    ndcg@20 : 0.0417    
Fri 28 Nov 2025 02:52:50 INFO  Saving current best: saved/NOVA-Nov-28-2025_02-41-48.pth
Fri 28 Nov 2025 02:53:09 INFO  epoch 32 training [time: 18.05s, train loss: 1318.5630]
Fri 28 Nov 2025 02:53:28 INFO  epoch 33 training [time: 19.66s, train loss: 1306.8096]
Fri 28 Nov 2025 02:53:31 INFO  epoch 33 evaluating [time: 3.17s, valid_score: 0.061700]
Fri 28 Nov 2025 02:53:31 INFO  valid result: 
recall@3 : 0.0309    recall@5 : 0.0416    recall@10 : 0.0617    recall@20 : 0.0883    ndcg@3 : 0.0247    ndcg@5 : 0.0292    ndcg@10 : 0.0356    ndcg@20 : 0.0423    
Fri 28 Nov 2025 02:53:33 INFO  Saving current best: saved/NOVA-Nov-28-2025_02-41-48.pth
Fri 28 Nov 2025 02:53:52 INFO  epoch 34 training [time: 19.55s, train loss: 1295.8250]
Fri 28 Nov 2025 02:54:13 INFO  epoch 35 training [time: 20.22s, train loss: 1284.1919]
Fri 28 Nov 2025 02:54:16 INFO  epoch 35 evaluating [time: 3.45s, valid_score: 0.059800]
Fri 28 Nov 2025 02:54:16 INFO  valid result: 
recall@3 : 0.0315    recall@5 : 0.0412    recall@10 : 0.0598    recall@20 : 0.0862    ndcg@3 : 0.0256    ndcg@5 : 0.0295    ndcg@10 : 0.0355    ndcg@20 : 0.0422    
Fri 28 Nov 2025 02:54:36 INFO  epoch 36 training [time: 20.27s, train loss: 1272.5465]
Fri 28 Nov 2025 02:54:56 INFO  epoch 37 training [time: 19.79s, train loss: 1261.0787]
Fri 28 Nov 2025 02:55:00 INFO  epoch 37 evaluating [time: 4.16s, valid_score: 0.061500]
Fri 28 Nov 2025 02:55:00 INFO  valid result: 
recall@3 : 0.0317    recall@5 : 0.0423    recall@10 : 0.0615    recall@20 : 0.0883    ndcg@3 : 0.026    ndcg@5 : 0.0303    ndcg@10 : 0.0365    ndcg@20 : 0.0433    
Fri 28 Nov 2025 02:55:18 INFO  epoch 38 training [time: 17.63s, train loss: 1248.8344]
Fri 28 Nov 2025 02:55:35 INFO  epoch 39 training [time: 16.90s, train loss: 1237.3982]
Fri 28 Nov 2025 02:55:37 INFO  epoch 39 evaluating [time: 1.84s, valid_score: 0.062200]
Fri 28 Nov 2025 02:55:37 INFO  valid result: 
recall@3 : 0.033    recall@5 : 0.0428    recall@10 : 0.0622    recall@20 : 0.0876    ndcg@3 : 0.0266    ndcg@5 : 0.0306    ndcg@10 : 0.0369    ndcg@20 : 0.0432    
Fri 28 Nov 2025 02:55:38 INFO  Saving current best: saved/NOVA-Nov-28-2025_02-41-48.pth
Fri 28 Nov 2025 02:55:54 INFO  epoch 40 training [time: 16.82s, train loss: 1225.4579]
Fri 28 Nov 2025 02:56:14 INFO  epoch 41 training [time: 19.69s, train loss: 1213.6292]
Fri 28 Nov 2025 02:56:18 INFO  epoch 41 evaluating [time: 3.74s, valid_score: 0.061500]
Fri 28 Nov 2025 02:56:18 INFO  valid result: 
recall@3 : 0.033    recall@5 : 0.0426    recall@10 : 0.0615    recall@20 : 0.0866    ndcg@3 : 0.0267    ndcg@5 : 0.0307    ndcg@10 : 0.0368    ndcg@20 : 0.043    
Fri 28 Nov 2025 02:56:37 INFO  epoch 42 training [time: 19.51s, train loss: 1201.7114]
Fri 28 Nov 2025 02:56:57 INFO  epoch 43 training [time: 19.73s, train loss: 1189.3212]
Fri 28 Nov 2025 02:57:02 INFO  epoch 43 evaluating [time: 4.52s, valid_score: 0.062000]
Fri 28 Nov 2025 02:57:02 INFO  valid result: 
recall@3 : 0.0334    recall@5 : 0.0429    recall@10 : 0.062    recall@20 : 0.0861    ndcg@3 : 0.0271    ndcg@5 : 0.031    ndcg@10 : 0.0372    ndcg@20 : 0.0432    
Fri 28 Nov 2025 02:57:21 INFO  epoch 44 training [time: 19.29s, train loss: 1177.8775]
Fri 28 Nov 2025 02:57:40 INFO  epoch 45 training [time: 19.62s, train loss: 1165.5064]
Fri 28 Nov 2025 02:57:44 INFO  epoch 45 evaluating [time: 3.85s, valid_score: 0.059900]
Fri 28 Nov 2025 02:57:44 INFO  valid result: 
recall@3 : 0.0328    recall@5 : 0.0427    recall@10 : 0.0599    recall@20 : 0.0849    ndcg@3 : 0.0269    ndcg@5 : 0.031    ndcg@10 : 0.0365    ndcg@20 : 0.0428    
Fri 28 Nov 2025 02:58:03 INFO  epoch 46 training [time: 19.04s, train loss: 1154.0994]
Fri 28 Nov 2025 02:58:21 INFO  epoch 47 training [time: 17.37s, train loss: 1142.4371]
Fri 28 Nov 2025 02:58:22 INFO  epoch 47 evaluating [time: 1.69s, valid_score: 0.060400]
Fri 28 Nov 2025 02:58:22 INFO  valid result: 
recall@3 : 0.0338    recall@5 : 0.0428    recall@10 : 0.0604    recall@20 : 0.0847    ndcg@3 : 0.0277    ndcg@5 : 0.0314    ndcg@10 : 0.037    ndcg@20 : 0.0431    
Fri 28 Nov 2025 02:58:39 INFO  epoch 48 training [time: 16.89s, train loss: 1130.0382]
Fri 28 Nov 2025 02:58:56 INFO  epoch 49 training [time: 16.35s, train loss: 1118.1111]
Fri 28 Nov 2025 02:58:57 INFO  epoch 49 evaluating [time: 1.27s, valid_score: 0.059900]
Fri 28 Nov 2025 02:58:57 INFO  valid result: 
recall@3 : 0.0335    recall@5 : 0.0426    recall@10 : 0.0599    recall@20 : 0.083    ndcg@3 : 0.0273    ndcg@5 : 0.031    ndcg@10 : 0.0365    ndcg@20 : 0.0423    
Fri 28 Nov 2025 02:59:13 INFO  epoch 50 training [time: 16.13s, train loss: 1106.4845]
Fri 28 Nov 2025 02:59:29 INFO  epoch 51 training [time: 15.90s, train loss: 1094.9866]
Fri 28 Nov 2025 02:59:30 INFO  epoch 51 evaluating [time: 1.23s, valid_score: 0.058400]
Fri 28 Nov 2025 02:59:30 INFO  valid result: 
recall@3 : 0.0335    recall@5 : 0.0428    recall@10 : 0.0584    recall@20 : 0.0824    ndcg@3 : 0.0273    ndcg@5 : 0.0311    ndcg@10 : 0.0361    ndcg@20 : 0.0421    
Fri 28 Nov 2025 02:59:46 INFO  epoch 52 training [time: 15.57s, train loss: 1083.2158]
Fri 28 Nov 2025 03:00:01 INFO  epoch 53 training [time: 15.70s, train loss: 1071.5516]
Fri 28 Nov 2025 03:00:03 INFO  epoch 53 evaluating [time: 1.25s, valid_score: 0.057600]
Fri 28 Nov 2025 03:00:03 INFO  valid result: 
recall@3 : 0.0329    recall@5 : 0.0417    recall@10 : 0.0576    recall@20 : 0.0796    ndcg@3 : 0.0268    ndcg@5 : 0.0305    ndcg@10 : 0.0356    ndcg@20 : 0.0411    
Fri 28 Nov 2025 03:00:21 INFO  epoch 54 training [time: 18.26s, train loss: 1060.2783]
Fri 28 Nov 2025 03:00:45 INFO  epoch 55 training [time: 24.13s, train loss: 1048.9490]
Fri 28 Nov 2025 03:00:52 INFO  epoch 55 evaluating [time: 6.58s, valid_score: 0.057600]
Fri 28 Nov 2025 03:00:52 INFO  valid result: 
recall@3 : 0.0329    recall@5 : 0.0417    recall@10 : 0.0576    recall@20 : 0.0798    ndcg@3 : 0.027    ndcg@5 : 0.0307    ndcg@10 : 0.0358    ndcg@20 : 0.0414    
Fri 28 Nov 2025 03:01:13 INFO  epoch 56 training [time: 21.26s, train loss: 1037.4213]
Fri 28 Nov 2025 03:01:29 INFO  epoch 57 training [time: 16.29s, train loss: 1026.3968]
Fri 28 Nov 2025 03:01:34 INFO  epoch 57 evaluating [time: 4.52s, valid_score: 0.056700]
Fri 28 Nov 2025 03:01:34 INFO  valid result: 
recall@3 : 0.0329    recall@5 : 0.0412    recall@10 : 0.0567    recall@20 : 0.078    ndcg@3 : 0.0266    ndcg@5 : 0.03    ndcg@10 : 0.035    ndcg@20 : 0.0404    
Fri 28 Nov 2025 03:01:53 INFO  epoch 58 training [time: 19.18s, train loss: 1015.4347]
Fri 28 Nov 2025 03:02:09 INFO  epoch 59 training [time: 15.53s, train loss: 1004.9259]
Fri 28 Nov 2025 03:02:10 INFO  epoch 59 evaluating [time: 1.28s, valid_score: 0.056400]
Fri 28 Nov 2025 03:02:10 INFO  valid result: 
recall@3 : 0.033    recall@5 : 0.0417    recall@10 : 0.0564    recall@20 : 0.0788    ndcg@3 : 0.027    ndcg@5 : 0.0306    ndcg@10 : 0.0353    ndcg@20 : 0.0409    
Fri 28 Nov 2025 03:02:26 INFO  epoch 60 training [time: 15.99s, train loss: 994.8923]
Fri 28 Nov 2025 03:02:41 INFO  epoch 61 training [time: 15.57s, train loss: 983.2212]
Fri 28 Nov 2025 03:02:43 INFO  epoch 61 evaluating [time: 1.22s, valid_score: 0.055400]
Fri 28 Nov 2025 03:02:43 INFO  valid result: 
recall@3 : 0.0322    recall@5 : 0.041    recall@10 : 0.0554    recall@20 : 0.0768    ndcg@3 : 0.0265    ndcg@5 : 0.0301    ndcg@10 : 0.0348    ndcg@20 : 0.0402    
Fri 28 Nov 2025 03:02:43 INFO  Finished training, best eval result in epoch 39
Fri 28 Nov 2025 03:02:43 INFO  Loading model structure and parameters from saved/NOVA-Nov-28-2025_02-41-48.pth
Fri 28 Nov 2025 03:02:44 INFO  best valid : {'recall@3': np.float64(0.033), 'recall@5': np.float64(0.0428), 'recall@10': np.float64(0.0622), 'recall@20': np.float64(0.0876), 'ndcg@3': np.float64(0.0266), 'ndcg@5': np.float64(0.0306), 'ndcg@10': np.float64(0.0369), 'ndcg@20': np.float64(0.0432)}
Fri 28 Nov 2025 03:02:44 INFO  test result: {'recall@3': np.float64(0.0245), 'recall@5': np.float64(0.0328), 'recall@10': np.float64(0.048), 'recall@20': np.float64(0.0686), 'ndcg@3': np.float64(0.0194), 'ndcg@5': np.float64(0.0228), 'ndcg@10': np.float64(0.0276), 'ndcg@20': np.float64(0.0328)}
