Wed 03 Dec 2025 15:07:53 INFO  
General Hyper Parameters:
gpu_id = 0
use_gpu = True
seed = 212
state = INFO
reproducibility = True
data_path = ./recbole/data/dataset/Amazon_Sports_and_Outdoors
show_progress = True
save_dataset = False
save_dataloaders = False
benchmark_filename = None

Training Hyper Parameters:
checkpoint_dir = saved
epochs = 200
train_batch_size = 1024
learner = adam
learning_rate = 0.0001
eval_step = 2
stopping_step = 10
clip_grad_norm = None
weight_decay = 0.0
loss_decimal_place = 4

Evaluation Hyper Parameters:
eval_args = {'split': {'LS': 'valid_and_test'}, 'group_by': 'user', 'order': 'TO', 'mode': 'full'}
metrics = ['Recall', 'NDCG']
topk = [3, 5, 10, 20]
valid_metric = Recall@10
valid_metric_bigger = True
eval_batch_size = 256
metric_decimal_place = 4

Dataset Hyper Parameters:
field_separator = 	
seq_separator =  
USER_ID_FIELD = user_id
ITEM_ID_FIELD = item_id
RATING_FIELD = rating
TIME_FIELD = timestamp
seq_len = None
LABEL_FIELD = label
threshold = None
NEG_PREFIX = neg_
load_col = {'inter': ['user_id', 'item_id', 'rating', 'timestamp'], 'item': ['item_id', 'title', 'sales_rank', 'price', 'brand', 'categories', 'sales_type'], 'title_original': ['ent_id', 'ent_emb'], 'image_original': ['img_id', 'img_emb']}
unload_col = None
unused_col = None
additional_feat_suffix = ['title_original', 'image_original']
rm_dup_inter = None
val_interval = None
filter_inter_by_user_or_item = True
user_inter_num_interval = [5,inf)
item_inter_num_interval = [5,inf)
alias_of_user_id = None
alias_of_item_id = ['ent_id', 'img_id']
alias_of_entity_id = None
alias_of_relation_id = None
preload_weight = {'ent_id': 'ent_emb', 'img_id': 'img_emb'}
normalize_field = None
normalize_all = None
ITEM_LIST_LENGTH_FIELD = item_length
LIST_SUFFIX = _list
MAX_ITEM_LIST_LENGTH = 50
POSITION_FIELD = position_id
HEAD_ENTITY_ID_FIELD = head_id
TAIL_ENTITY_ID_FIELD = tail_id
RELATION_ID_FIELD = relation_id
ENTITY_ID_FIELD = entity_id

Other Hyper Parameters: 
neg_sampling = None
multi_gpus = False
repeatable = True
MODEL_TYPE = ModelType.SEQUENTIAL
n_layers = 3
n_heads = 8
hidden_size = 256
orig_attribute_hidden_size = [1024, 4096]
attribute_hidden_size = [128, 128]
inner_size = 256
hidden_dropout_prob = 0.5
attn_dropout_prob = 0.3
hidden_act = gelu
layer_norm_eps = 1e-12
initializer_range = 0.02
selected_features = ['ent_emb', 'img_emb']
feature_type = ['static', 'static']
pooling_mode = sum
loss_type = CE
weight_sharing = not
fusion_type = gate
lamdas = [5, 5]
attribute_predictor = ['cos_sim', 'cos_sim']
diffusion = {'device': 'cuda', 'dims': [1000], 'emb_size': 20, 'mean_type': 'x0', 'noise_max': 0.02, 'noise_min': 0.0001, 'noise_scale': 0.1, 'noise_schedule': 'linear-var', 'norm': False, 'num_heads': 4, 'reweight': True, 'sampling_noise': False, 'sampling_steps': 0, 'steps': 5, 'structure': 'MLP', 'time_type': 'cat', 'hiddenSize': 128, 'inputSize': 128}
lambda = 0.5
wandb_run_name = titles_images_log_mlp
annealing = False
MODEL_INPUT_TYPE = InputType.POINTWISE
eval_type = EvaluatorType.RANKING
device = cuda
train_neg_sample_args = {'strategy': 'none'}
eval_neg_sample_args = {'strategy': 'full', 'distribution': 'uniform'}


Wed 03 Dec 2025 15:08:11 INFO  Amazon_Sports_and_Outdoors
The number of users: 35599
Average actions of users: 8.324540704533963
The number of items: 18358
Average actions of items: 16.142997221768262
The number of inters: 296337
The sparsity of the dataset: 99.95465569853714%
Remain Fields: ['user_id', 'item_id', 'rating', 'timestamp', 'title', 'price', 'brand', 'categories', 'sales_type', 'sales_rank', 'ent_id', 'ent_emb', 'img_id', 'img_emb']
Wed 03 Dec 2025 15:08:15 INFO  [Training]: train_batch_size = [1024] negative sampling: [None]
Wed 03 Dec 2025 15:08:15 INFO  [Evaluation]: eval_batch_size = [256] eval_args: [{'split': {'LS': 'valid_and_test'}, 'group_by': 'user', 'order': 'TO', 'mode': 'full'}]
Wed 03 Dec 2025 15:08:18 INFO  NOVA_Denoising(
  (item_embedding): Embedding(18358, 256, padding_idx=0)
  (position_embedding): Embedding(50, 256)
  (feature_embed_layer_list): ModuleList(
    (0): Embedding(
      18358, 1024
      (mlp): MLP(
        (net): Sequential(
          (0): Linear(in_features=1024, out_features=512, bias=True)
          (1): ReLU()
          (2): Dropout(p=0.1, inplace=False)
          (3): Linear(in_features=512, out_features=256, bias=True)
          (4): ReLU()
          (5): Dropout(p=0.1, inplace=False)
          (6): Linear(in_features=256, out_features=128, bias=True)
          (7): LayerNorm((128,), eps=1e-05, elementwise_affine=True)
        )
      )
    )
    (1): Embedding(
      18358, 4096
      (mlp): MLP(
        (net): Sequential(
          (0): Linear(in_features=4096, out_features=2048, bias=True)
          (1): ReLU()
          (2): Dropout(p=0.1, inplace=False)
          (3): Linear(in_features=2048, out_features=1024, bias=True)
          (4): ReLU()
          (5): Dropout(p=0.1, inplace=False)
          (6): Linear(in_features=1024, out_features=512, bias=True)
          (7): ReLU()
          (8): Dropout(p=0.1, inplace=False)
          (9): Linear(in_features=512, out_features=256, bias=True)
          (10): ReLU()
          (11): Dropout(p=0.1, inplace=False)
          (12): Linear(in_features=256, out_features=128, bias=True)
          (13): LayerNorm((128,), eps=1e-05, elementwise_affine=True)
        )
      )
    )
  )
  (diffusion): ModuleList(
    (0-1): 2 x GaussianDiffusion(
      (model): DNN(
        (emb_layer): Linear(in_features=10, out_features=10, bias=True)
        (in_layers): ModuleList()
        (out_layers): ModuleList()
        (emb_out_linear): Linear(in_features=138, out_features=128, bias=True)
        (drop): Dropout(p=0.5, inplace=False)
      )
      (loss_layer): Linear(in_features=128, out_features=128, bias=True)
    )
  )
  (trm_encoder): NOVATransformerEncoder(
    (layer): ModuleList(
      (0-2): 3 x NOVATransformerLayer(
        (multi_head_attention): NOVAMultiHeadAttention(
          (query): Linear(in_features=256, out_features=256, bias=True)
          (key): Linear(in_features=256, out_features=256, bias=True)
          (value): Linear(in_features=256, out_features=256, bias=True)
          (attn_dropout): Dropout(p=0.3, inplace=False)
          (dense): Linear(in_features=256, out_features=256, bias=True)
          (LayerNorm): LayerNorm((256,), eps=1e-12, elementwise_affine=True)
          (out_dropout): Dropout(p=0.5, inplace=False)
        )
        (feed_forward): FeedForward(
          (dense_1): Linear(in_features=256, out_features=256, bias=True)
          (dense_2): Linear(in_features=256, out_features=256, bias=True)
          (LayerNorm): LayerNorm((256,), eps=1e-12, elementwise_affine=True)
          (dropout): Dropout(p=0.5, inplace=False)
        )
      )
    )
  )
  (concat_layer): Linear(in_features=512, out_features=256, bias=True)
  (LayerNorm): LayerNorm((256,), eps=1e-12, elementwise_affine=True)
  (dropout): Dropout(p=0.5, inplace=False)
  (loss_fct): CrossEntropyLoss()
)
Trainable parameters: 17967836
Wed 03 Dec 2025 15:11:44 INFO  epoch 0 training [time: 205.41s, train loss: 1841.2047]
Wed 03 Dec 2025 15:15:10 INFO  epoch 1 training [time: 206.54s, train loss: 1739.2698]
Wed 03 Dec 2025 15:15:47 INFO  epoch 1 evaluating [time: 36.99s, valid_score: 0.012300]
Wed 03 Dec 2025 15:15:47 INFO  valid result: 
recall@3 : 0.006    recall@5 : 0.0082    recall@10 : 0.0123    recall@20 : 0.0232    ndcg@3 : 0.0044    ndcg@5 : 0.0054    ndcg@10 : 0.0067    ndcg@20 : 0.0094    
Wed 03 Dec 2025 15:15:49 INFO  Saving current best: saved/NOVA_Denoising-Dec-03-2025_15-08-18.pth
Wed 03 Dec 2025 15:19:09 INFO  epoch 2 training [time: 200.24s, train loss: 1725.8144]
Wed 03 Dec 2025 15:22:27 INFO  epoch 3 training [time: 198.18s, train loss: 1717.5668]
Wed 03 Dec 2025 15:23:03 INFO  epoch 3 evaluating [time: 35.74s, valid_score: 0.013100]
Wed 03 Dec 2025 15:23:03 INFO  valid result: 
recall@3 : 0.006    recall@5 : 0.0082    recall@10 : 0.0131    recall@20 : 0.0235    ndcg@3 : 0.0044    ndcg@5 : 0.0053    ndcg@10 : 0.0069    ndcg@20 : 0.0095    
Wed 03 Dec 2025 15:23:04 INFO  Saving current best: saved/NOVA_Denoising-Dec-03-2025_15-08-18.pth
Wed 03 Dec 2025 15:26:24 INFO  epoch 4 training [time: 199.69s, train loss: 1708.3245]
Wed 03 Dec 2025 15:29:44 INFO  epoch 5 training [time: 200.11s, train loss: 1697.3034]
Wed 03 Dec 2025 15:30:17 INFO  epoch 5 evaluating [time: 33.45s, valid_score: 0.014500]
Wed 03 Dec 2025 15:30:17 INFO  valid result: 
recall@3 : 0.0061    recall@5 : 0.0083    recall@10 : 0.0145    recall@20 : 0.0258    ndcg@3 : 0.0045    ndcg@5 : 0.0054    ndcg@10 : 0.0074    ndcg@20 : 0.0102    
Wed 03 Dec 2025 15:30:18 INFO  Saving current best: saved/NOVA_Denoising-Dec-03-2025_15-08-18.pth
Wed 03 Dec 2025 15:33:30 INFO  epoch 6 training [time: 191.94s, train loss: 1678.8948]
Wed 03 Dec 2025 15:36:53 INFO  epoch 7 training [time: 202.71s, train loss: 1652.7558]
Wed 03 Dec 2025 15:37:28 INFO  epoch 7 evaluating [time: 34.98s, valid_score: 0.021000]
Wed 03 Dec 2025 15:37:28 INFO  valid result: 
recall@3 : 0.0078    recall@5 : 0.0123    recall@10 : 0.021    recall@20 : 0.0338    ndcg@3 : 0.0057    ndcg@5 : 0.0076    ndcg@10 : 0.0104    ndcg@20 : 0.0136    
Wed 03 Dec 2025 15:37:29 INFO  Saving current best: saved/NOVA_Denoising-Dec-03-2025_15-08-18.pth
Wed 03 Dec 2025 15:40:50 INFO  epoch 8 training [time: 201.84s, train loss: 1629.8724]
Wed 03 Dec 2025 15:44:15 INFO  epoch 9 training [time: 204.64s, train loss: 1610.2468]
Wed 03 Dec 2025 15:44:53 INFO  epoch 9 evaluating [time: 37.47s, valid_score: 0.024300]
Wed 03 Dec 2025 15:44:53 INFO  valid result: 
recall@3 : 0.0092    recall@5 : 0.0137    recall@10 : 0.0243    recall@20 : 0.0393    ndcg@3 : 0.0069    ndcg@5 : 0.0088    ndcg@10 : 0.0122    ndcg@20 : 0.016    
Wed 03 Dec 2025 15:44:53 INFO  Saving current best: saved/NOVA_Denoising-Dec-03-2025_15-08-18.pth
Wed 03 Dec 2025 15:48:26 INFO  epoch 10 training [time: 213.62s, train loss: 1591.5604]
Wed 03 Dec 2025 15:51:59 INFO  epoch 11 training [time: 213.13s, train loss: 1573.5707]
Wed 03 Dec 2025 15:52:34 INFO  epoch 11 evaluating [time: 35.07s, valid_score: 0.028100]
Wed 03 Dec 2025 15:52:34 INFO  valid result: 
recall@3 : 0.0132    recall@5 : 0.0181    recall@10 : 0.0281    recall@20 : 0.0452    ndcg@3 : 0.0103    ndcg@5 : 0.0123    ndcg@10 : 0.0155    ndcg@20 : 0.0198    
Wed 03 Dec 2025 15:52:36 INFO  Saving current best: saved/NOVA_Denoising-Dec-03-2025_15-08-18.pth
Wed 03 Dec 2025 15:56:11 INFO  epoch 12 training [time: 215.16s, train loss: 1555.8286]
Wed 03 Dec 2025 15:59:39 INFO  epoch 13 training [time: 208.67s, train loss: 1537.7152]
Wed 03 Dec 2025 16:00:14 INFO  epoch 13 evaluating [time: 34.92s, valid_score: 0.033100]
Wed 03 Dec 2025 16:00:14 INFO  valid result: 
recall@3 : 0.0151    recall@5 : 0.0207    recall@10 : 0.0331    recall@20 : 0.0513    ndcg@3 : 0.0119    ndcg@5 : 0.0142    ndcg@10 : 0.0182    ndcg@20 : 0.0228    
Wed 03 Dec 2025 16:00:15 INFO  Saving current best: saved/NOVA_Denoising-Dec-03-2025_15-08-18.pth
Wed 03 Dec 2025 16:03:41 INFO  epoch 14 training [time: 205.79s, train loss: 1519.7420]
Wed 03 Dec 2025 16:07:10 INFO  epoch 15 training [time: 209.21s, train loss: 1501.6859]
Wed 03 Dec 2025 16:07:45 INFO  epoch 15 evaluating [time: 34.90s, valid_score: 0.037200]
Wed 03 Dec 2025 16:07:45 INFO  valid result: 
recall@3 : 0.0184    recall@5 : 0.0248    recall@10 : 0.0372    recall@20 : 0.0567    ndcg@3 : 0.0144    ndcg@5 : 0.017    ndcg@10 : 0.021    ndcg@20 : 0.0258    
Wed 03 Dec 2025 16:07:46 INFO  Saving current best: saved/NOVA_Denoising-Dec-03-2025_15-08-18.pth
Wed 03 Dec 2025 16:11:21 INFO  epoch 16 training [time: 215.14s, train loss: 1483.4422]
Wed 03 Dec 2025 16:14:40 INFO  epoch 17 training [time: 198.57s, train loss: 1464.9722]
Wed 03 Dec 2025 16:15:15 INFO  epoch 17 evaluating [time: 35.22s, valid_score: 0.040500]
Wed 03 Dec 2025 16:15:15 INFO  valid result: 
recall@3 : 0.0211    recall@5 : 0.0275    recall@10 : 0.0405    recall@20 : 0.0607    ndcg@3 : 0.017    ndcg@5 : 0.0196    ndcg@10 : 0.0238    ndcg@20 : 0.0289    
Wed 03 Dec 2025 16:15:15 INFO  Saving current best: saved/NOVA_Denoising-Dec-03-2025_15-08-18.pth
Wed 03 Dec 2025 16:18:31 INFO  epoch 18 training [time: 195.82s, train loss: 1446.9610]
Wed 03 Dec 2025 16:21:52 INFO  epoch 19 training [time: 201.03s, train loss: 1428.8763]
Wed 03 Dec 2025 16:22:25 INFO  epoch 19 evaluating [time: 33.14s, valid_score: 0.044600]
Wed 03 Dec 2025 16:22:25 INFO  valid result: 
recall@3 : 0.0226    recall@5 : 0.0298    recall@10 : 0.0446    recall@20 : 0.0643    ndcg@3 : 0.0185    ndcg@5 : 0.0214    ndcg@10 : 0.0262    ndcg@20 : 0.0311    
Wed 03 Dec 2025 16:22:26 INFO  Saving current best: saved/NOVA_Denoising-Dec-03-2025_15-08-18.pth
Wed 03 Dec 2025 16:25:41 INFO  epoch 20 training [time: 194.82s, train loss: 1410.7143]
Wed 03 Dec 2025 16:29:06 INFO  epoch 21 training [time: 205.70s, train loss: 1392.7471]
Wed 03 Dec 2025 16:29:40 INFO  epoch 21 evaluating [time: 33.72s, valid_score: 0.047400]
Wed 03 Dec 2025 16:29:40 INFO  valid result: 
recall@3 : 0.0253    recall@5 : 0.0333    recall@10 : 0.0474    recall@20 : 0.0664    ndcg@3 : 0.0207    ndcg@5 : 0.024    ndcg@10 : 0.0285    ndcg@20 : 0.0333    
Wed 03 Dec 2025 16:29:41 INFO  Saving current best: saved/NOVA_Denoising-Dec-03-2025_15-08-18.pth
Wed 03 Dec 2025 16:33:06 INFO  epoch 22 training [time: 205.05s, train loss: 1374.6324]
Wed 03 Dec 2025 16:36:24 INFO  epoch 23 training [time: 197.74s, train loss: 1357.3484]
Wed 03 Dec 2025 16:36:58 INFO  epoch 23 evaluating [time: 33.76s, valid_score: 0.048600]
Wed 03 Dec 2025 16:36:58 INFO  valid result: 
recall@3 : 0.0268    recall@5 : 0.0349    recall@10 : 0.0486    recall@20 : 0.0678    ndcg@3 : 0.0219    ndcg@5 : 0.0252    ndcg@10 : 0.0296    ndcg@20 : 0.0345    
Wed 03 Dec 2025 16:36:59 INFO  Saving current best: saved/NOVA_Denoising-Dec-03-2025_15-08-18.pth
Wed 03 Dec 2025 16:40:16 INFO  epoch 24 training [time: 197.41s, train loss: 1339.8860]
Wed 03 Dec 2025 16:43:34 INFO  epoch 25 training [time: 198.40s, train loss: 1322.1238]
Wed 03 Dec 2025 16:44:07 INFO  epoch 25 evaluating [time: 32.60s, valid_score: 0.049900]
Wed 03 Dec 2025 16:44:07 INFO  valid result: 
recall@3 : 0.028    recall@5 : 0.0355    recall@10 : 0.0499    recall@20 : 0.0691    ndcg@3 : 0.023    ndcg@5 : 0.0262    ndcg@10 : 0.0308    ndcg@20 : 0.0356    
Wed 03 Dec 2025 16:44:08 INFO  Saving current best: saved/NOVA_Denoising-Dec-03-2025_15-08-18.pth
Wed 03 Dec 2025 16:47:25 INFO  epoch 26 training [time: 197.03s, train loss: 1305.1547]
Wed 03 Dec 2025 16:50:45 INFO  epoch 27 training [time: 199.90s, train loss: 1288.9859]
Wed 03 Dec 2025 16:51:19 INFO  epoch 27 evaluating [time: 33.92s, valid_score: 0.050700]
Wed 03 Dec 2025 16:51:19 INFO  valid result: 
recall@3 : 0.0289    recall@5 : 0.0365    recall@10 : 0.0507    recall@20 : 0.0707    ndcg@3 : 0.0239    ndcg@5 : 0.0271    ndcg@10 : 0.0316    ndcg@20 : 0.0367    
Wed 03 Dec 2025 16:51:20 INFO  Saving current best: saved/NOVA_Denoising-Dec-03-2025_15-08-18.pth
Wed 03 Dec 2025 16:54:42 INFO  epoch 28 training [time: 202.11s, train loss: 1272.0466]
Wed 03 Dec 2025 16:57:59 INFO  epoch 29 training [time: 197.37s, train loss: 1255.6369]
Wed 03 Dec 2025 16:58:34 INFO  epoch 29 evaluating [time: 34.59s, valid_score: 0.051700]
Wed 03 Dec 2025 16:58:34 INFO  valid result: 
recall@3 : 0.03    recall@5 : 0.0376    recall@10 : 0.0517    recall@20 : 0.0712    ndcg@3 : 0.0247    ndcg@5 : 0.0278    ndcg@10 : 0.0323    ndcg@20 : 0.0372    
Wed 03 Dec 2025 16:58:35 INFO  Saving current best: saved/NOVA_Denoising-Dec-03-2025_15-08-18.pth
Wed 03 Dec 2025 17:01:51 INFO  epoch 30 training [time: 196.34s, train loss: 1239.3139]
Wed 03 Dec 2025 17:05:13 INFO  epoch 31 training [time: 201.62s, train loss: 1223.2912]
Wed 03 Dec 2025 17:05:47 INFO  epoch 31 evaluating [time: 34.50s, valid_score: 0.051600]
Wed 03 Dec 2025 17:05:47 INFO  valid result: 
recall@3 : 0.0303    recall@5 : 0.0377    recall@10 : 0.0516    recall@20 : 0.0716    ndcg@3 : 0.0251    ndcg@5 : 0.0281    ndcg@10 : 0.0326    ndcg@20 : 0.0376    
Wed 03 Dec 2025 17:09:13 INFO  epoch 32 training [time: 206.42s, train loss: 1208.1396]
Wed 03 Dec 2025 17:12:29 INFO  epoch 33 training [time: 195.99s, train loss: 1192.0741]
Wed 03 Dec 2025 17:13:03 INFO  epoch 33 evaluating [time: 33.85s, valid_score: 0.053000]
Wed 03 Dec 2025 17:13:03 INFO  valid result: 
recall@3 : 0.0309    recall@5 : 0.0385    recall@10 : 0.053    recall@20 : 0.0729    ndcg@3 : 0.0256    ndcg@5 : 0.0287    ndcg@10 : 0.0334    ndcg@20 : 0.0384    
Wed 03 Dec 2025 17:13:04 INFO  Saving current best: saved/NOVA_Denoising-Dec-03-2025_15-08-18.pth
Wed 03 Dec 2025 17:16:23 INFO  epoch 34 training [time: 198.38s, train loss: 1176.6684]
Wed 03 Dec 2025 17:19:44 INFO  epoch 35 training [time: 201.38s, train loss: 1161.6782]
Wed 03 Dec 2025 17:20:18 INFO  epoch 35 evaluating [time: 34.31s, valid_score: 0.052800]
Wed 03 Dec 2025 17:20:18 INFO  valid result: 
recall@3 : 0.0315    recall@5 : 0.0387    recall@10 : 0.0528    recall@20 : 0.0727    ndcg@3 : 0.0259    ndcg@5 : 0.0289    ndcg@10 : 0.0334    ndcg@20 : 0.0384    
Wed 03 Dec 2025 17:23:41 INFO  epoch 36 training [time: 202.65s, train loss: 1147.0701]
Wed 03 Dec 2025 17:26:55 INFO  epoch 37 training [time: 193.68s, train loss: 1131.8395]
Wed 03 Dec 2025 17:27:29 INFO  epoch 37 evaluating [time: 34.84s, valid_score: 0.053000]
Wed 03 Dec 2025 17:27:29 INFO  valid result: 
recall@3 : 0.0315    recall@5 : 0.0392    recall@10 : 0.053    recall@20 : 0.0724    ndcg@3 : 0.0259    ndcg@5 : 0.0291    ndcg@10 : 0.0334    ndcg@20 : 0.0383    
Wed 03 Dec 2025 17:30:51 INFO  epoch 38 training [time: 201.75s, train loss: 1117.3897]
Wed 03 Dec 2025 17:34:17 INFO  epoch 39 training [time: 206.25s, train loss: 1103.7806]
Wed 03 Dec 2025 17:34:51 INFO  epoch 39 evaluating [time: 33.66s, valid_score: 0.052600]
Wed 03 Dec 2025 17:34:51 INFO  valid result: 
recall@3 : 0.0314    recall@5 : 0.0399    recall@10 : 0.0526    recall@20 : 0.0719    ndcg@3 : 0.0258    ndcg@5 : 0.0293    ndcg@10 : 0.0334    ndcg@20 : 0.0382    
Wed 03 Dec 2025 17:38:04 INFO  epoch 40 training [time: 192.52s, train loss: 1089.1506]
Wed 03 Dec 2025 17:41:24 INFO  epoch 41 training [time: 200.76s, train loss: 1075.7353]
Wed 03 Dec 2025 17:41:58 INFO  epoch 41 evaluating [time: 33.32s, valid_score: 0.053100]
Wed 03 Dec 2025 17:41:58 INFO  valid result: 
recall@3 : 0.0317    recall@5 : 0.0392    recall@10 : 0.0531    recall@20 : 0.0709    ndcg@3 : 0.026    ndcg@5 : 0.0291    ndcg@10 : 0.0335    ndcg@20 : 0.038    
Wed 03 Dec 2025 17:41:59 INFO  Saving current best: saved/NOVA_Denoising-Dec-03-2025_15-08-18.pth
Wed 03 Dec 2025 17:45:20 INFO  epoch 42 training [time: 200.88s, train loss: 1062.2594]
Wed 03 Dec 2025 17:48:47 INFO  epoch 43 training [time: 207.55s, train loss: 1049.8441]
Wed 03 Dec 2025 17:49:24 INFO  epoch 43 evaluating [time: 37.33s, valid_score: 0.052600]
Wed 03 Dec 2025 17:49:24 INFO  valid result: 
recall@3 : 0.0315    recall@5 : 0.0397    recall@10 : 0.0526    recall@20 : 0.0709    ndcg@3 : 0.0257    ndcg@5 : 0.0291    ndcg@10 : 0.0333    ndcg@20 : 0.0379    
Wed 03 Dec 2025 17:53:02 INFO  epoch 44 training [time: 217.73s, train loss: 1036.2163]
Wed 03 Dec 2025 17:56:28 INFO  epoch 45 training [time: 206.11s, train loss: 1023.3424]
Wed 03 Dec 2025 17:57:05 INFO  epoch 45 evaluating [time: 36.78s, valid_score: 0.052400]
Wed 03 Dec 2025 17:57:05 INFO  valid result: 
recall@3 : 0.032    recall@5 : 0.0397    recall@10 : 0.0524    recall@20 : 0.0705    ndcg@3 : 0.0262    ndcg@5 : 0.0293    ndcg@10 : 0.0334    ndcg@20 : 0.038    
Wed 03 Dec 2025 18:00:35 INFO  epoch 46 training [time: 209.64s, train loss: 1011.2428]
Wed 03 Dec 2025 18:04:05 INFO  epoch 47 training [time: 210.71s, train loss: 998.9502]
Wed 03 Dec 2025 18:04:41 INFO  epoch 47 evaluating [time: 35.42s, valid_score: 0.052000]
Wed 03 Dec 2025 18:04:41 INFO  valid result: 
recall@3 : 0.0317    recall@5 : 0.039    recall@10 : 0.052    recall@20 : 0.0696    ndcg@3 : 0.0258    ndcg@5 : 0.0288    ndcg@10 : 0.0329    ndcg@20 : 0.0374    
Wed 03 Dec 2025 18:08:13 INFO  epoch 48 training [time: 211.70s, train loss: 986.5698]
Wed 03 Dec 2025 18:11:36 INFO  epoch 49 training [time: 203.17s, train loss: 976.1765]
Wed 03 Dec 2025 18:12:11 INFO  epoch 49 evaluating [time: 35.57s, valid_score: 0.051800]
Wed 03 Dec 2025 18:12:11 INFO  valid result: 
recall@3 : 0.0315    recall@5 : 0.0387    recall@10 : 0.0518    recall@20 : 0.0698    ndcg@3 : 0.0256    ndcg@5 : 0.0285    ndcg@10 : 0.0327    ndcg@20 : 0.0372    
Wed 03 Dec 2025 18:15:31 INFO  epoch 50 training [time: 199.80s, train loss: 964.2572]
Wed 03 Dec 2025 18:19:01 INFO  epoch 51 training [time: 209.85s, train loss: 954.0346]
Wed 03 Dec 2025 18:19:36 INFO  epoch 51 evaluating [time: 35.23s, valid_score: 0.051500]
Wed 03 Dec 2025 18:19:36 INFO  valid result: 
recall@3 : 0.0312    recall@5 : 0.0388    recall@10 : 0.0515    recall@20 : 0.0696    ndcg@3 : 0.0254    ndcg@5 : 0.0285    ndcg@10 : 0.0326    ndcg@20 : 0.0372    
Wed 03 Dec 2025 18:23:11 INFO  epoch 52 training [time: 214.87s, train loss: 943.2155]
Wed 03 Dec 2025 18:26:45 INFO  epoch 53 training [time: 213.80s, train loss: 932.4055]
Wed 03 Dec 2025 18:27:24 INFO  epoch 53 evaluating [time: 39.22s, valid_score: 0.050500]
Wed 03 Dec 2025 18:27:24 INFO  valid result: 
recall@3 : 0.0306    recall@5 : 0.0382    recall@10 : 0.0505    recall@20 : 0.0686    ndcg@3 : 0.0249    ndcg@5 : 0.028    ndcg@10 : 0.032    ndcg@20 : 0.0366    
Wed 03 Dec 2025 18:30:51 INFO  epoch 54 training [time: 206.95s, train loss: 923.2011]
Wed 03 Dec 2025 18:34:21 INFO  epoch 55 training [time: 210.06s, train loss: 911.7934]
Wed 03 Dec 2025 18:34:55 INFO  epoch 55 evaluating [time: 34.30s, valid_score: 0.050000]
Wed 03 Dec 2025 18:34:55 INFO  valid result: 
recall@3 : 0.0305    recall@5 : 0.0381    recall@10 : 0.05    recall@20 : 0.0687    ndcg@3 : 0.0248    ndcg@5 : 0.0279    ndcg@10 : 0.0318    ndcg@20 : 0.0365    
Wed 03 Dec 2025 18:38:26 INFO  epoch 56 training [time: 210.33s, train loss: 902.6841]
Wed 03 Dec 2025 18:41:56 INFO  epoch 57 training [time: 210.43s, train loss: 893.1306]
Wed 03 Dec 2025 18:42:30 INFO  epoch 57 evaluating [time: 33.94s, valid_score: 0.050000]
Wed 03 Dec 2025 18:42:30 INFO  valid result: 
recall@3 : 0.0303    recall@5 : 0.0378    recall@10 : 0.05    recall@20 : 0.067    ndcg@3 : 0.0246    ndcg@5 : 0.0277    ndcg@10 : 0.0316    ndcg@20 : 0.0359    
Wed 03 Dec 2025 18:45:48 INFO  epoch 58 training [time: 197.92s, train loss: 883.8878]
Wed 03 Dec 2025 18:49:20 INFO  epoch 59 training [time: 211.82s, train loss: 876.4443]
Wed 03 Dec 2025 18:49:58 INFO  epoch 59 evaluating [time: 37.70s, valid_score: 0.049500]
Wed 03 Dec 2025 18:49:58 INFO  valid result: 
recall@3 : 0.0299    recall@5 : 0.0378    recall@10 : 0.0495    recall@20 : 0.0664    ndcg@3 : 0.0242    ndcg@5 : 0.0275    ndcg@10 : 0.0312    ndcg@20 : 0.0355    
Wed 03 Dec 2025 18:53:36 INFO  epoch 60 training [time: 218.50s, train loss: 867.2001]
Wed 03 Dec 2025 18:57:00 INFO  epoch 61 training [time: 204.07s, train loss: 858.5013]
Wed 03 Dec 2025 18:57:34 INFO  epoch 61 evaluating [time: 34.27s, valid_score: 0.049400]
Wed 03 Dec 2025 18:57:34 INFO  valid result: 
recall@3 : 0.03    recall@5 : 0.0377    recall@10 : 0.0494    recall@20 : 0.0668    ndcg@3 : 0.0243    ndcg@5 : 0.0275    ndcg@10 : 0.0312    ndcg@20 : 0.0356    
Wed 03 Dec 2025 19:00:59 INFO  epoch 62 training [time: 204.50s, train loss: 851.0914]
Wed 03 Dec 2025 19:04:25 INFO  epoch 63 training [time: 206.11s, train loss: 843.3019]
Wed 03 Dec 2025 19:05:02 INFO  epoch 63 evaluating [time: 36.84s, valid_score: 0.048700]
Wed 03 Dec 2025 19:05:02 INFO  valid result: 
recall@3 : 0.0299    recall@5 : 0.0376    recall@10 : 0.0487    recall@20 : 0.066    ndcg@3 : 0.0242    ndcg@5 : 0.0274    ndcg@10 : 0.0309    ndcg@20 : 0.0352    
Wed 03 Dec 2025 19:05:02 INFO  Finished training, best eval result in epoch 41
Wed 03 Dec 2025 19:05:02 INFO  Loading model structure and parameters from saved/NOVA_Denoising-Dec-03-2025_15-08-18.pth
Wed 03 Dec 2025 19:05:35 INFO  best valid : {'recall@3': np.float64(0.0317), 'recall@5': np.float64(0.0392), 'recall@10': np.float64(0.0531), 'recall@20': np.float64(0.0709), 'ndcg@3': np.float64(0.026), 'ndcg@5': np.float64(0.0291), 'ndcg@10': np.float64(0.0335), 'ndcg@20': np.float64(0.038)}
Wed 03 Dec 2025 19:05:35 INFO  test result: {'recall@3': np.float64(0.0226), 'recall@5': np.float64(0.0284), 'recall@10': np.float64(0.0396), 'recall@20': np.float64(0.0554), 'ndcg@3': np.float64(0.0183), 'ndcg@5': np.float64(0.0207), 'ndcg@10': np.float64(0.0243), 'ndcg@20': np.float64(0.0283)}
