Thu 27 Nov 2025 23:35:30 INFO  
General Hyper Parameters:
gpu_id = 0
use_gpu = True
seed = 212
state = INFO
reproducibility = True
data_path = ./recbole/data/dataset/Amazon_Sports_and_Outdoors
show_progress = True
save_dataset = False
save_dataloaders = False
benchmark_filename = None

Training Hyper Parameters:
checkpoint_dir = saved
epochs = 200
train_batch_size = 1024
learner = adam
learning_rate = 0.0001
eval_step = 2
stopping_step = 10
clip_grad_norm = None
weight_decay = 0.0
loss_decimal_place = 4

Evaluation Hyper Parameters:
eval_args = {'split': {'LS': 'valid_and_test'}, 'group_by': 'user', 'order': 'TO', 'mode': 'full'}
metrics = ['Recall', 'NDCG']
topk = [3, 5, 10, 20]
valid_metric = Recall@10
valid_metric_bigger = True
eval_batch_size = 256
metric_decimal_place = 4

Dataset Hyper Parameters:
field_separator = 	
seq_separator =  
USER_ID_FIELD = user_id
ITEM_ID_FIELD = item_id
RATING_FIELD = rating
TIME_FIELD = timestamp
seq_len = None
LABEL_FIELD = label
threshold = None
NEG_PREFIX = neg_
load_col = {'inter': ['user_id', 'item_id', 'rating', 'timestamp'], 'item': ['item_id', 'title', 'sales_rank', 'price', 'brand', 'categories', 'sales_type'], 'title_original': ['ent_id', 'ent_emb']}
unload_col = None
unused_col = None
additional_feat_suffix = ['title_original']
rm_dup_inter = None
val_interval = None
filter_inter_by_user_or_item = True
user_inter_num_interval = [5,inf)
item_inter_num_interval = [5,inf)
alias_of_user_id = None
alias_of_item_id = ['ent_id']
alias_of_entity_id = None
alias_of_relation_id = None
preload_weight = {'ent_id': 'ent_emb'}
normalize_field = None
normalize_all = None
ITEM_LIST_LENGTH_FIELD = item_length
LIST_SUFFIX = _list
MAX_ITEM_LIST_LENGTH = 50
POSITION_FIELD = position_id
HEAD_ENTITY_ID_FIELD = head_id
TAIL_ENTITY_ID_FIELD = tail_id
RELATION_ID_FIELD = relation_id
ENTITY_ID_FIELD = entity_id

Other Hyper Parameters: 
neg_sampling = None
multi_gpus = False
repeatable = True
MODEL_TYPE = ModelType.SEQUENTIAL
n_layers = 3
n_heads = 8
hidden_size = 256
orig_attribute_hidden_size = [1024]
attribute_hidden_size = [128, 128]
inner_size = 256
hidden_dropout_prob = 0.5
attn_dropout_prob = 0.3
hidden_act = gelu
layer_norm_eps = 1e-12
initializer_range = 0.02
selected_features = ['ent_emb', 'categories']
feature_type = ['static', 'categorical']
pooling_mode = sum
loss_type = CE
weight_sharing = not
fusion_type = gate
lamdas = [5, 5]
attribute_predictor = ['cos_sim', 'linear']
diffusion = {'device': 'cuda', 'dims': [1000], 'emb_size': 20, 'mean_type': 'x0', 'noise_max': 0.02, 'noise_min': 0.0001, 'noise_scale': 0.1, 'noise_schedule': 'linear-var', 'norm': False, 'num_heads': 4, 'reweight': True, 'sampling_noise': False, 'sampling_steps': 0, 'steps': 5, 'structure': 'MLP', 'time_type': 'cat', 'hiddenSize': 128, 'inputSize': 128}
lambda = 0.5
wandb_run_name = titles_categories_log_mlp
annealing = False
MODEL_INPUT_TYPE = InputType.POINTWISE
eval_type = EvaluatorType.RANKING
device = cuda
train_neg_sample_args = {'strategy': 'none'}
eval_neg_sample_args = {'strategy': 'full', 'distribution': 'uniform'}


Thu 27 Nov 2025 23:35:38 INFO  Amazon_Sports_and_Outdoors
The number of users: 35599
Average actions of users: 8.324540704533963
The number of items: 18358
Average actions of items: 16.142997221768262
The number of inters: 296337
The sparsity of the dataset: 99.95465569853714%
Remain Fields: ['user_id', 'item_id', 'rating', 'timestamp', 'title', 'price', 'brand', 'categories', 'sales_type', 'sales_rank', 'ent_id', 'ent_emb']
Thu 27 Nov 2025 23:35:43 INFO  [Training]: train_batch_size = [1024] negative sampling: [None]
Thu 27 Nov 2025 23:35:43 INFO  [Evaluation]: eval_batch_size = [256] eval_args: [{'split': {'LS': 'valid_and_test'}, 'group_by': 'user', 'order': 'TO', 'mode': 'full'}]
Thu 27 Nov 2025 23:35:46 INFO  NOVA(
  (item_embedding): Embedding(18358, 256, padding_idx=0)
  (position_embedding): Embedding(50, 256)
  (feature_embed_layer_list): ModuleList(
    (0): Embedding(
      18358, 1024
      (mlp): MLP(
        (net): Sequential(
          (0): Linear(in_features=1024, out_features=512, bias=True)
          (1): ReLU()
          (2): Dropout(p=0.1, inplace=False)
          (3): Linear(in_features=512, out_features=256, bias=True)
          (4): ReLU()
          (5): Dropout(p=0.1, inplace=False)
          (6): Linear(in_features=256, out_features=128, bias=True)
          (7): LayerNorm((128,), eps=1e-05, elementwise_affine=True)
        )
      )
    )
    (1): FeatureSeqEmbLayer()
  )
  (trm_encoder): NOVATransformerEncoder(
    (layer): ModuleList(
      (0-2): 3 x NOVATransformerLayer(
        (multi_head_attention): NOVAMultiHeadAttention(
          (query): Linear(in_features=256, out_features=256, bias=True)
          (key): Linear(in_features=256, out_features=256, bias=True)
          (value): Linear(in_features=256, out_features=256, bias=True)
          (attn_dropout): Dropout(p=0.3, inplace=False)
          (dense): Linear(in_features=256, out_features=256, bias=True)
          (LayerNorm): LayerNorm((256,), eps=1e-12, elementwise_affine=True)
          (out_dropout): Dropout(p=0.5, inplace=False)
        )
        (feed_forward): FeedForward(
          (dense_1): Linear(in_features=256, out_features=256, bias=True)
          (dense_2): Linear(in_features=256, out_features=256, bias=True)
          (LayerNorm): LayerNorm((256,), eps=1e-12, elementwise_affine=True)
          (dropout): Dropout(p=0.5, inplace=False)
        )
      )
    )
  )
  (concat_layer): Linear(in_features=512, out_features=256, bias=True)
  (LayerNorm): LayerNorm((256,), eps=1e-12, elementwise_affine=True)
  (dropout): Dropout(p=0.5, inplace=False)
  (loss_fct): CrossEntropyLoss()
)
Trainable parameters: 6720896
Thu 27 Nov 2025 23:36:09 INFO  epoch 0 training [time: 21.41s, train loss: 1771.2073]
Thu 27 Nov 2025 23:36:31 INFO  epoch 1 training [time: 21.66s, train loss: 1715.8435]
Thu 27 Nov 2025 23:36:34 INFO  epoch 1 evaluating [time: 3.86s, valid_score: 0.020100]
Thu 27 Nov 2025 23:36:34 INFO  valid result: 
recall@3 : 0.0075    recall@5 : 0.0115    recall@10 : 0.0201    recall@20 : 0.0324    ndcg@3 : 0.0056    ndcg@5 : 0.0072    ndcg@10 : 0.0099    ndcg@20 : 0.013    
Thu 27 Nov 2025 23:36:49 INFO  Saving current best: saved/NOVA-Nov-27-2025_23-35-46.pth
Thu 27 Nov 2025 23:37:12 INFO  epoch 2 training [time: 23.16s, train loss: 1682.9774]
Thu 27 Nov 2025 23:37:36 INFO  epoch 3 training [time: 23.33s, train loss: 1654.9121]
Thu 27 Nov 2025 23:37:40 INFO  epoch 3 evaluating [time: 3.87s, valid_score: 0.023700]
Thu 27 Nov 2025 23:37:40 INFO  valid result: 
recall@3 : 0.0086    recall@5 : 0.0134    recall@10 : 0.0237    recall@20 : 0.0405    ndcg@3 : 0.0065    ndcg@5 : 0.0085    ndcg@10 : 0.0118    ndcg@20 : 0.016    
Thu 27 Nov 2025 23:37:54 INFO  Saving current best: saved/NOVA-Nov-27-2025_23-35-46.pth
Thu 27 Nov 2025 23:38:18 INFO  epoch 4 training [time: 23.46s, train loss: 1633.3732]
Thu 27 Nov 2025 23:38:39 INFO  epoch 5 training [time: 21.32s, train loss: 1616.0800]
Thu 27 Nov 2025 23:38:41 INFO  epoch 5 evaluating [time: 2.12s, valid_score: 0.028500]
Thu 27 Nov 2025 23:38:41 INFO  valid result: 
recall@3 : 0.0106    recall@5 : 0.016    recall@10 : 0.0285    recall@20 : 0.0476    ndcg@3 : 0.0078    ndcg@5 : 0.01    ndcg@10 : 0.014    ndcg@20 : 0.0188    
Thu 27 Nov 2025 23:38:45 INFO  Saving current best: saved/NOVA-Nov-27-2025_23-35-46.pth
Thu 27 Nov 2025 23:39:06 INFO  epoch 6 training [time: 20.54s, train loss: 1601.1688]
Thu 27 Nov 2025 23:39:28 INFO  epoch 7 training [time: 22.07s, train loss: 1587.4159]
Thu 27 Nov 2025 23:39:30 INFO  epoch 7 evaluating [time: 1.62s, valid_score: 0.032800]
Thu 27 Nov 2025 23:39:30 INFO  valid result: 
recall@3 : 0.0126    recall@5 : 0.0197    recall@10 : 0.0328    recall@20 : 0.0521    ndcg@3 : 0.0093    ndcg@5 : 0.0122    ndcg@10 : 0.0164    ndcg@20 : 0.0212    
Thu 27 Nov 2025 23:39:33 INFO  Saving current best: saved/NOVA-Nov-27-2025_23-35-46.pth
Thu 27 Nov 2025 23:39:53 INFO  epoch 8 training [time: 20.26s, train loss: 1574.8794]
Thu 27 Nov 2025 23:40:13 INFO  epoch 9 training [time: 19.83s, train loss: 1562.4119]
Thu 27 Nov 2025 23:40:14 INFO  epoch 9 evaluating [time: 1.54s, valid_score: 0.037200]
Thu 27 Nov 2025 23:40:14 INFO  valid result: 
recall@3 : 0.015    recall@5 : 0.0226    recall@10 : 0.0372    recall@20 : 0.0581    ndcg@3 : 0.0109    ndcg@5 : 0.0141    ndcg@10 : 0.0188    ndcg@20 : 0.024    
Thu 27 Nov 2025 23:40:17 INFO  Saving current best: saved/NOVA-Nov-27-2025_23-35-46.pth
Thu 27 Nov 2025 23:40:37 INFO  epoch 10 training [time: 19.90s, train loss: 1550.1986]
Thu 27 Nov 2025 23:40:59 INFO  epoch 11 training [time: 21.70s, train loss: 1539.0561]
Thu 27 Nov 2025 23:41:00 INFO  epoch 11 evaluating [time: 1.54s, valid_score: 0.040400]
Thu 27 Nov 2025 23:41:00 INFO  valid result: 
recall@3 : 0.0174    recall@5 : 0.0256    recall@10 : 0.0404    recall@20 : 0.0638    ndcg@3 : 0.0127    ndcg@5 : 0.0161    ndcg@10 : 0.0208    ndcg@20 : 0.0267    
Thu 27 Nov 2025 23:41:03 INFO  Saving current best: saved/NOVA-Nov-27-2025_23-35-46.pth
Thu 27 Nov 2025 23:41:23 INFO  epoch 12 training [time: 19.86s, train loss: 1527.4560]
Thu 27 Nov 2025 23:41:42 INFO  epoch 13 training [time: 19.84s, train loss: 1516.5478]
Thu 27 Nov 2025 23:41:44 INFO  epoch 13 evaluating [time: 1.57s, valid_score: 0.044200]
Thu 27 Nov 2025 23:41:44 INFO  valid result: 
recall@3 : 0.0191    recall@5 : 0.0274    recall@10 : 0.0442    recall@20 : 0.0676    ndcg@3 : 0.0143    ndcg@5 : 0.0177    ndcg@10 : 0.0231    ndcg@20 : 0.0289    
Thu 27 Nov 2025 23:41:46 INFO  Saving current best: saved/NOVA-Nov-27-2025_23-35-46.pth
Thu 27 Nov 2025 23:42:06 INFO  epoch 14 training [time: 19.93s, train loss: 1505.4573]
Thu 27 Nov 2025 23:42:28 INFO  epoch 15 training [time: 21.67s, train loss: 1494.6847]
Thu 27 Nov 2025 23:42:29 INFO  epoch 15 evaluating [time: 1.57s, valid_score: 0.047100]
Thu 27 Nov 2025 23:42:29 INFO  valid result: 
recall@3 : 0.0213    recall@5 : 0.0299    recall@10 : 0.0471    recall@20 : 0.072    ndcg@3 : 0.016    ndcg@5 : 0.0195    ndcg@10 : 0.025    ndcg@20 : 0.0313    
Thu 27 Nov 2025 23:42:32 INFO  Saving current best: saved/NOVA-Nov-27-2025_23-35-46.pth
Thu 27 Nov 2025 23:42:51 INFO  epoch 16 training [time: 19.82s, train loss: 1484.4773]
Thu 27 Nov 2025 23:43:11 INFO  epoch 17 training [time: 19.89s, train loss: 1474.1542]
Thu 27 Nov 2025 23:43:13 INFO  epoch 17 evaluating [time: 1.56s, valid_score: 0.050000]
Thu 27 Nov 2025 23:43:13 INFO  valid result: 
recall@3 : 0.0222    recall@5 : 0.0316    recall@10 : 0.05    recall@20 : 0.0759    ndcg@3 : 0.0169    ndcg@5 : 0.0207    ndcg@10 : 0.0266    ndcg@20 : 0.0331    
Thu 27 Nov 2025 23:43:15 INFO  Saving current best: saved/NOVA-Nov-27-2025_23-35-46.pth
Thu 27 Nov 2025 23:43:37 INFO  epoch 18 training [time: 21.69s, train loss: 1464.3324]
Thu 27 Nov 2025 23:43:57 INFO  epoch 19 training [time: 19.91s, train loss: 1455.2118]
Thu 27 Nov 2025 23:43:58 INFO  epoch 19 evaluating [time: 1.61s, valid_score: 0.051700]
Thu 27 Nov 2025 23:43:58 INFO  valid result: 
recall@3 : 0.0237    recall@5 : 0.0333    recall@10 : 0.0517    recall@20 : 0.0769    ndcg@3 : 0.018    ndcg@5 : 0.0219    ndcg@10 : 0.0278    ndcg@20 : 0.0341    
Thu 27 Nov 2025 23:44:01 INFO  Saving current best: saved/NOVA-Nov-27-2025_23-35-46.pth
Thu 27 Nov 2025 23:44:20 INFO  epoch 20 training [time: 19.81s, train loss: 1445.2524]
Thu 27 Nov 2025 23:44:40 INFO  epoch 21 training [time: 19.89s, train loss: 1435.8322]
Thu 27 Nov 2025 23:44:42 INFO  epoch 21 evaluating [time: 1.58s, valid_score: 0.053100]
Thu 27 Nov 2025 23:44:42 INFO  valid result: 
recall@3 : 0.0249    recall@5 : 0.0357    recall@10 : 0.0531    recall@20 : 0.08    ndcg@3 : 0.0191    ndcg@5 : 0.0235    ndcg@10 : 0.0291    ndcg@20 : 0.0358    
Thu 27 Nov 2025 23:44:44 INFO  Saving current best: saved/NOVA-Nov-27-2025_23-35-46.pth
Thu 27 Nov 2025 23:45:06 INFO  epoch 22 training [time: 21.67s, train loss: 1426.8813]
Thu 27 Nov 2025 23:45:26 INFO  epoch 23 training [time: 19.84s, train loss: 1418.3257]
Thu 27 Nov 2025 23:45:27 INFO  epoch 23 evaluating [time: 1.59s, valid_score: 0.054400]
Thu 27 Nov 2025 23:45:27 INFO  valid result: 
recall@3 : 0.0258    recall@5 : 0.0364    recall@10 : 0.0544    recall@20 : 0.081    ndcg@3 : 0.0197    ndcg@5 : 0.0241    ndcg@10 : 0.0299    ndcg@20 : 0.0365    
Thu 27 Nov 2025 23:45:30 INFO  Saving current best: saved/NOVA-Nov-27-2025_23-35-46.pth
Thu 27 Nov 2025 23:45:50 INFO  epoch 24 training [time: 19.91s, train loss: 1409.5070]
Thu 27 Nov 2025 23:46:09 INFO  epoch 25 training [time: 19.91s, train loss: 1401.4644]
Thu 27 Nov 2025 23:46:11 INFO  epoch 25 evaluating [time: 1.65s, valid_score: 0.055500]
Thu 27 Nov 2025 23:46:11 INFO  valid result: 
recall@3 : 0.0269    recall@5 : 0.0376    recall@10 : 0.0555    recall@20 : 0.0811    ndcg@3 : 0.0206    ndcg@5 : 0.025    ndcg@10 : 0.0307    ndcg@20 : 0.0372    
Thu 27 Nov 2025 23:46:13 INFO  Saving current best: saved/NOVA-Nov-27-2025_23-35-46.pth
Thu 27 Nov 2025 23:46:35 INFO  epoch 26 training [time: 21.89s, train loss: 1392.8981]
Thu 27 Nov 2025 23:46:56 INFO  epoch 27 training [time: 20.25s, train loss: 1384.4510]
Thu 27 Nov 2025 23:46:57 INFO  epoch 27 evaluating [time: 1.65s, valid_score: 0.056200]
Thu 27 Nov 2025 23:46:57 INFO  valid result: 
recall@3 : 0.0282    recall@5 : 0.0385    recall@10 : 0.0562    recall@20 : 0.0826    ndcg@3 : 0.0215    ndcg@5 : 0.0257    ndcg@10 : 0.0314    ndcg@20 : 0.038    
Thu 27 Nov 2025 23:47:00 INFO  Saving current best: saved/NOVA-Nov-27-2025_23-35-46.pth
Thu 27 Nov 2025 23:47:20 INFO  epoch 28 training [time: 20.70s, train loss: 1377.2369]
Thu 27 Nov 2025 23:47:41 INFO  epoch 29 training [time: 20.49s, train loss: 1368.9788]
Thu 27 Nov 2025 23:47:42 INFO  epoch 29 evaluating [time: 1.64s, valid_score: 0.057200]
Thu 27 Nov 2025 23:47:42 INFO  valid result: 
recall@3 : 0.0288    recall@5 : 0.0391    recall@10 : 0.0572    recall@20 : 0.0824    ndcg@3 : 0.0218    ndcg@5 : 0.0261    ndcg@10 : 0.0319    ndcg@20 : 0.0382    
Thu 27 Nov 2025 23:47:45 INFO  Saving current best: saved/NOVA-Nov-27-2025_23-35-46.pth
Thu 27 Nov 2025 23:48:07 INFO  epoch 30 training [time: 22.26s, train loss: 1361.0370]
Thu 27 Nov 2025 23:48:28 INFO  epoch 31 training [time: 20.56s, train loss: 1353.5919]
Thu 27 Nov 2025 23:48:29 INFO  epoch 31 evaluating [time: 1.66s, valid_score: 0.057400]
Thu 27 Nov 2025 23:48:29 INFO  valid result: 
recall@3 : 0.0288    recall@5 : 0.0384    recall@10 : 0.0574    recall@20 : 0.0815    ndcg@3 : 0.0221    ndcg@5 : 0.026    ndcg@10 : 0.0321    ndcg@20 : 0.0381    
Thu 27 Nov 2025 23:48:32 INFO  Saving current best: saved/NOVA-Nov-27-2025_23-35-46.pth
Thu 27 Nov 2025 23:48:52 INFO  epoch 32 training [time: 20.49s, train loss: 1345.9473]
Thu 27 Nov 2025 23:49:12 INFO  epoch 33 training [time: 20.48s, train loss: 1338.3747]
Thu 27 Nov 2025 23:49:14 INFO  epoch 33 evaluating [time: 1.68s, valid_score: 0.057400]
Thu 27 Nov 2025 23:49:14 INFO  valid result: 
recall@3 : 0.029    recall@5 : 0.0392    recall@10 : 0.0574    recall@20 : 0.083    ndcg@3 : 0.0224    ndcg@5 : 0.0266    ndcg@10 : 0.0324    ndcg@20 : 0.0388    
Thu 27 Nov 2025 23:49:36 INFO  epoch 34 training [time: 22.20s, train loss: 1331.2221]
Thu 27 Nov 2025 23:50:00 INFO  epoch 35 training [time: 23.69s, train loss: 1323.8654]
Thu 27 Nov 2025 23:50:06 INFO  epoch 35 evaluating [time: 5.46s, valid_score: 0.057400]
Thu 27 Nov 2025 23:50:06 INFO  valid result: 
recall@3 : 0.0294    recall@5 : 0.0396    recall@10 : 0.0574    recall@20 : 0.0832    ndcg@3 : 0.023    ndcg@5 : 0.0272    ndcg@10 : 0.0329    ndcg@20 : 0.0394    
Thu 27 Nov 2025 23:50:30 INFO  epoch 36 training [time: 24.03s, train loss: 1316.8443]
Thu 27 Nov 2025 23:50:54 INFO  epoch 37 training [time: 24.09s, train loss: 1310.0804]
Thu 27 Nov 2025 23:50:59 INFO  epoch 37 evaluating [time: 5.08s, valid_score: 0.059000]
Thu 27 Nov 2025 23:50:59 INFO  valid result: 
recall@3 : 0.0303    recall@5 : 0.0401    recall@10 : 0.059    recall@20 : 0.0845    ndcg@3 : 0.0238    ndcg@5 : 0.0278    ndcg@10 : 0.0339    ndcg@20 : 0.0403    
Thu 27 Nov 2025 23:51:12 INFO  Saving current best: saved/NOVA-Nov-27-2025_23-35-46.pth
Thu 27 Nov 2025 23:51:35 INFO  epoch 38 training [time: 23.30s, train loss: 1303.1661]
Thu 27 Nov 2025 23:51:57 INFO  epoch 39 training [time: 21.25s, train loss: 1295.8722]
Thu 27 Nov 2025 23:51:58 INFO  epoch 39 evaluating [time: 1.68s, valid_score: 0.058300]
Thu 27 Nov 2025 23:51:58 INFO  valid result: 
recall@3 : 0.0299    recall@5 : 0.0398    recall@10 : 0.0583    recall@20 : 0.0837    ndcg@3 : 0.0234    ndcg@5 : 0.0274    ndcg@10 : 0.0334    ndcg@20 : 0.0397    
Thu 27 Nov 2025 23:52:21 INFO  epoch 40 training [time: 22.62s, train loss: 1288.9344]
Thu 27 Nov 2025 23:52:45 INFO  epoch 41 training [time: 24.54s, train loss: 1282.1620]
Thu 27 Nov 2025 23:52:49 INFO  epoch 41 evaluating [time: 3.91s, valid_score: 0.057000]
Thu 27 Nov 2025 23:52:49 INFO  valid result: 
recall@3 : 0.0294    recall@5 : 0.0395    recall@10 : 0.057    recall@20 : 0.0814    ndcg@3 : 0.023    ndcg@5 : 0.0272    ndcg@10 : 0.0328    ndcg@20 : 0.0389    
Thu 27 Nov 2025 23:53:15 INFO  epoch 42 training [time: 25.94s, train loss: 1274.7739]
Thu 27 Nov 2025 23:53:39 INFO  epoch 43 training [time: 23.94s, train loss: 1268.6059]
Thu 27 Nov 2025 23:53:44 INFO  epoch 43 evaluating [time: 4.61s, valid_score: 0.057200]
Thu 27 Nov 2025 23:53:44 INFO  valid result: 
recall@3 : 0.0291    recall@5 : 0.0391    recall@10 : 0.0572    recall@20 : 0.0816    ndcg@3 : 0.0232    ndcg@5 : 0.0274    ndcg@10 : 0.0332    ndcg@20 : 0.0393    
Thu 27 Nov 2025 23:54:07 INFO  epoch 44 training [time: 23.35s, train loss: 1262.4458]
Thu 27 Nov 2025 23:54:29 INFO  epoch 45 training [time: 21.76s, train loss: 1255.8153]
Thu 27 Nov 2025 23:54:31 INFO  epoch 45 evaluating [time: 1.81s, valid_score: 0.057400]
Thu 27 Nov 2025 23:54:31 INFO  valid result: 
recall@3 : 0.0301    recall@5 : 0.0403    recall@10 : 0.0574    recall@20 : 0.0811    ndcg@3 : 0.0238    ndcg@5 : 0.028    ndcg@10 : 0.0335    ndcg@20 : 0.0395    
Thu 27 Nov 2025 23:54:52 INFO  epoch 46 training [time: 20.73s, train loss: 1249.3423]
Thu 27 Nov 2025 23:55:15 INFO  epoch 47 training [time: 23.58s, train loss: 1243.5291]
Thu 27 Nov 2025 23:55:18 INFO  epoch 47 evaluating [time: 3.12s, valid_score: 0.056000]
Thu 27 Nov 2025 23:55:18 INFO  valid result: 
recall@3 : 0.0294    recall@5 : 0.0389    recall@10 : 0.056    recall@20 : 0.0805    ndcg@3 : 0.0236    ndcg@5 : 0.0274    ndcg@10 : 0.0329    ndcg@20 : 0.0391    
Thu 27 Nov 2025 23:55:44 INFO  epoch 48 training [time: 25.75s, train loss: 1236.4929]
Thu 27 Nov 2025 23:56:08 INFO  epoch 49 training [time: 24.44s, train loss: 1230.3930]
Thu 27 Nov 2025 23:56:14 INFO  epoch 49 evaluating [time: 5.51s, valid_score: 0.056400]
Thu 27 Nov 2025 23:56:14 INFO  valid result: 
recall@3 : 0.0293    recall@5 : 0.0381    recall@10 : 0.0564    recall@20 : 0.0808    ndcg@3 : 0.0236    ndcg@5 : 0.0272    ndcg@10 : 0.0331    ndcg@20 : 0.0392    
Thu 27 Nov 2025 23:56:38 INFO  epoch 50 training [time: 24.23s, train loss: 1224.5259]
Thu 27 Nov 2025 23:57:02 INFO  epoch 51 training [time: 24.17s, train loss: 1218.6067]
Thu 27 Nov 2025 23:57:07 INFO  epoch 51 evaluating [time: 4.59s, valid_score: 0.055400]
Thu 27 Nov 2025 23:57:07 INFO  valid result: 
recall@3 : 0.0287    recall@5 : 0.0389    recall@10 : 0.0554    recall@20 : 0.0792    ndcg@3 : 0.023    ndcg@5 : 0.0272    ndcg@10 : 0.0324    ndcg@20 : 0.0384    
Thu 27 Nov 2025 23:57:29 INFO  epoch 52 training [time: 22.06s, train loss: 1212.4617]
Thu 27 Nov 2025 23:57:51 INFO  epoch 53 training [time: 21.56s, train loss: 1206.4077]
Thu 27 Nov 2025 23:57:53 INFO  epoch 53 evaluating [time: 2.06s, valid_score: 0.055800]
Thu 27 Nov 2025 23:57:53 INFO  valid result: 
recall@3 : 0.0295    recall@5 : 0.0385    recall@10 : 0.0558    recall@20 : 0.0792    ndcg@3 : 0.0236    ndcg@5 : 0.0273    ndcg@10 : 0.0328    ndcg@20 : 0.0387    
Thu 27 Nov 2025 23:58:16 INFO  epoch 54 training [time: 23.15s, train loss: 1199.7447]
Thu 27 Nov 2025 23:58:37 INFO  epoch 55 training [time: 21.35s, train loss: 1194.2594]
Thu 27 Nov 2025 23:58:39 INFO  epoch 55 evaluating [time: 1.80s, valid_score: 0.054900]
Thu 27 Nov 2025 23:58:39 INFO  valid result: 
recall@3 : 0.0284    recall@5 : 0.038    recall@10 : 0.0549    recall@20 : 0.0785    ndcg@3 : 0.0227    ndcg@5 : 0.0266    ndcg@10 : 0.0321    ndcg@20 : 0.038    
Thu 27 Nov 2025 23:59:00 INFO  epoch 56 training [time: 20.98s, train loss: 1189.2510]
Thu 27 Nov 2025 23:59:22 INFO  epoch 57 training [time: 22.32s, train loss: 1183.3781]
Thu 27 Nov 2025 23:59:22 INFO  epoch 57 evaluating [time: -0.11s, valid_score: 0.056100]
Thu 27 Nov 2025 23:59:22 INFO  valid result: 
recall@3 : 0.0296    recall@5 : 0.0393    recall@10 : 0.0561    recall@20 : 0.0789    ndcg@3 : 0.0237    ndcg@5 : 0.0277    ndcg@10 : 0.0331    ndcg@20 : 0.0388    
Thu 27 Nov 2025 23:59:46 INFO  epoch 58 training [time: 23.70s, train loss: 1177.7632]
Fri 28 Nov 2025 00:00:10 INFO  epoch 59 training [time: 23.75s, train loss: 1172.0445]
Fri 28 Nov 2025 00:00:15 INFO  epoch 59 evaluating [time: 5.20s, valid_score: 0.055900]
Fri 28 Nov 2025 00:00:15 INFO  valid result: 
recall@3 : 0.0301    recall@5 : 0.0391    recall@10 : 0.0559    recall@20 : 0.0792    ndcg@3 : 0.0241    ndcg@5 : 0.0278    ndcg@10 : 0.0331    ndcg@20 : 0.039    
Fri 28 Nov 2025 00:00:15 INFO  Finished training, best eval result in epoch 37
Fri 28 Nov 2025 00:00:23 INFO  Loading model structure and parameters from saved/NOVA-Nov-27-2025_23-35-46.pth
Fri 28 Nov 2025 00:00:25 INFO  best valid : {'recall@3': np.float64(0.0303), 'recall@5': np.float64(0.0401), 'recall@10': np.float64(0.059), 'recall@20': np.float64(0.0845), 'ndcg@3': np.float64(0.0238), 'ndcg@5': np.float64(0.0278), 'ndcg@10': np.float64(0.0339), 'ndcg@20': np.float64(0.0403)}
Fri 28 Nov 2025 00:00:25 INFO  test result: {'recall@3': np.float64(0.0225), 'recall@5': np.float64(0.0302), 'recall@10': np.float64(0.046), 'recall@20': np.float64(0.068), 'ndcg@3': np.float64(0.0175), 'ndcg@5': np.float64(0.0207), 'ndcg@10': np.float64(0.0257), 'ndcg@20': np.float64(0.0312)}
