Fri 31 Oct 2025 11:31:37 INFO  
General Hyper Parameters:
gpu_id = 0
use_gpu = True
seed = 212
state = INFO
reproducibility = True
data_path = ./recbole/data/dataset/Amazon_Sports_and_Outdoors
show_progress = True
save_dataset = False
save_dataloaders = False
benchmark_filename = None

Training Hyper Parameters:
checkpoint_dir = saved
epochs = 200
train_batch_size = 1024
learner = adam
learning_rate = 0.0001
eval_step = 2
stopping_step = 10
clip_grad_norm = None
weight_decay = 0.0
loss_decimal_place = 4

Evaluation Hyper Parameters:
eval_args = {'split': {'LS': 'valid_and_test'}, 'group_by': 'user', 'order': 'TO', 'mode': 'full'}
metrics = ['Recall', 'NDCG']
topk = [3, 5, 10, 20]
valid_metric = Recall@10
valid_metric_bigger = True
eval_batch_size = 256
metric_decimal_place = 4

Dataset Hyper Parameters:
field_separator = 	
seq_separator =  
USER_ID_FIELD = user_id
ITEM_ID_FIELD = item_id
RATING_FIELD = rating
TIME_FIELD = timestamp
seq_len = None
LABEL_FIELD = label
threshold = None
NEG_PREFIX = neg_
load_col = {'inter': ['user_id', 'item_id', 'rating', 'timestamp'], 'item': ['item_id', 'title', 'sales_rank', 'price', 'brand', 'categories', 'sales_type'], 'image_original': ['img_id', 'img_emb']}
unload_col = None
unused_col = None
additional_feat_suffix = ['image_original']
rm_dup_inter = None
val_interval = None
filter_inter_by_user_or_item = True
user_inter_num_interval = [5,inf)
item_inter_num_interval = [5,inf)
alias_of_user_id = None
alias_of_item_id = ['img_id']
alias_of_entity_id = None
alias_of_relation_id = None
preload_weight = {'img_id': 'img_emb'}
normalize_field = None
normalize_all = None
ITEM_LIST_LENGTH_FIELD = item_length
LIST_SUFFIX = _list
MAX_ITEM_LIST_LENGTH = 50
POSITION_FIELD = position_id
HEAD_ENTITY_ID_FIELD = head_id
TAIL_ENTITY_ID_FIELD = tail_id
RELATION_ID_FIELD = relation_id
ENTITY_ID_FIELD = entity_id

Other Hyper Parameters: 
neg_sampling = None
multi_gpus = False
repeatable = True
n_layers = 3
n_heads = 8
hidden_size = 256
attribute_hidden_size = [128]
inner_size = 256
hidden_dropout_prob = 0.5
attn_dropout_prob = 0.3
hidden_act = gelu
layer_norm_eps = 1e-12
initializer_range = 0.02
selected_features = ['img_emb']
pooling_mode = sum
loss_type = CE
weight_sharing = not
fusion_type = gate
lamdas = [5]
attribute_predictor = ['cos_sim']
MODEL_TYPE = ModelType.SEQUENTIAL
orig_attribute_hidden_size = [4096]
feature_type = ['static']
wandb_run_name = log_mlp_images
annealing = False
MODEL_INPUT_TYPE = InputType.POINTWISE
eval_type = EvaluatorType.RANKING
device = cuda
train_neg_sample_args = {'strategy': 'none'}
eval_neg_sample_args = {'strategy': 'full', 'distribution': 'uniform'}


Fri 31 Oct 2025 11:31:49 INFO  Amazon_Sports_and_Outdoors
The number of users: 35599
Average actions of users: 8.324540704533963
The number of items: 18358
Average actions of items: 16.142997221768262
The number of inters: 296337
The sparsity of the dataset: 99.95465569853714%
Remain Fields: ['user_id', 'item_id', 'rating', 'timestamp', 'title', 'price', 'brand', 'categories', 'sales_type', 'sales_rank', 'img_id', 'img_emb']
Fri 31 Oct 2025 11:31:52 INFO  [Training]: train_batch_size = [1024] negative sampling: [None]
Fri 31 Oct 2025 11:31:52 INFO  [Evaluation]: eval_batch_size = [256] eval_args: [{'split': {'LS': 'valid_and_test'}, 'group_by': 'user', 'order': 'TO', 'mode': 'full'}]
Fri 31 Oct 2025 11:31:54 INFO  SASRecD(
  (item_embedding): Embedding(18358, 256, padding_idx=0)
  (position_embedding): Embedding(50, 256)
  (feature_embed_layer_list): ModuleList(
    (0): Embedding(
      18358, 4096
      (mlp): MLP(
        (net): Sequential(
          (0): Linear(in_features=4096, out_features=2048, bias=True)
          (1): ReLU()
          (2): Dropout(p=0.1, inplace=False)
          (3): Linear(in_features=2048, out_features=1024, bias=True)
          (4): ReLU()
          (5): Dropout(p=0.1, inplace=False)
          (6): Linear(in_features=1024, out_features=512, bias=True)
          (7): ReLU()
          (8): Dropout(p=0.1, inplace=False)
          (9): Linear(in_features=512, out_features=256, bias=True)
          (10): ReLU()
          (11): Dropout(p=0.1, inplace=False)
          (12): Linear(in_features=256, out_features=128, bias=True)
          (13): LayerNorm((128,), eps=1e-05, elementwise_affine=True)
        )
      )
    )
  )
  (trm_encoder): DIFTransformerEncoder(
    (layer): ModuleList(
      (0-2): 3 x DIFTransformerLayer(
        (multi_head_attention): DIFMultiHeadAttention(
          (query): Linear(in_features=256, out_features=256, bias=True)
          (key): Linear(in_features=256, out_features=256, bias=True)
          (value): Linear(in_features=256, out_features=256, bias=True)
          (query_p): Linear(in_features=256, out_features=256, bias=True)
          (key_p): Linear(in_features=256, out_features=256, bias=True)
          (query_layers): ModuleList(
            (0): Linear(in_features=128, out_features=128, bias=True)
          )
          (key_layers): ModuleList(
            (0): Linear(in_features=128, out_features=128, bias=True)
          )
          (fusion_layer): VanillaAttention(
            (projection): Sequential(
              (0): Linear(in_features=50, out_features=50, bias=True)
              (1): ReLU(inplace=True)
              (2): Linear(in_features=50, out_features=1, bias=True)
            )
          )
          (attn_dropout): Dropout(p=0.3, inplace=False)
          (dense): Linear(in_features=256, out_features=256, bias=True)
          (LayerNorm): LayerNorm((256,), eps=1e-12, elementwise_affine=True)
          (out_dropout): Dropout(p=0.5, inplace=False)
        )
        (feed_forward): FeedForward(
          (dense_1): Linear(in_features=256, out_features=256, bias=True)
          (dense_2): Linear(in_features=256, out_features=256, bias=True)
          (LayerNorm): LayerNorm((256,), eps=1e-12, elementwise_affine=True)
          (dropout): Dropout(p=0.5, inplace=False)
        )
      )
    )
  )
  (ap): ModuleList(
    (0): Linear(in_features=256, out_features=4096, bias=True)
  )
  (LayerNorm): LayerNorm((256,), eps=1e-12, elementwise_affine=True)
  (dropout): Dropout(p=0.5, inplace=False)
  (loss_fct): CrossEntropyLoss()
  (attribute_loss_fct): BCEWithLogitsLoss()
)
Trainable parameters: 18632699
Fri 31 Oct 2025 11:32:47 INFO  epoch 0 training [time: 52.28s, train loss: 2411.2341]
Fri 31 Oct 2025 11:33:40 INFO  epoch 1 training [time: 53.00s, train loss: 2235.5609]
Fri 31 Oct 2025 11:33:43 INFO  epoch 1 evaluating [time: 3.55s, valid_score: 0.012500]
Fri 31 Oct 2025 11:33:43 INFO  valid result: 
recall@3 : 0.006    recall@5 : 0.0081    recall@10 : 0.0125    recall@20 : 0.0237    ndcg@3 : 0.0044    ndcg@5 : 0.0053    ndcg@10 : 0.0067    ndcg@20 : 0.0095    
Fri 31 Oct 2025 11:33:44 INFO  Saving current best: saved/SASRecD-Oct-31-2025_11-31-54.pth
Fri 31 Oct 2025 11:34:38 INFO  epoch 2 training [time: 53.40s, train loss: 2224.4457]
Fri 31 Oct 2025 11:35:30 INFO  epoch 3 training [time: 52.29s, train loss: 2219.1837]
Fri 31 Oct 2025 11:35:34 INFO  epoch 3 evaluating [time: 4.37s, valid_score: 0.013300]
Fri 31 Oct 2025 11:35:34 INFO  valid result: 
recall@3 : 0.0058    recall@5 : 0.0079    recall@10 : 0.0133    recall@20 : 0.0225    ndcg@3 : 0.0042    ndcg@5 : 0.0051    ndcg@10 : 0.0068    ndcg@20 : 0.0091    
Fri 31 Oct 2025 11:35:35 INFO  Saving current best: saved/SASRecD-Oct-31-2025_11-31-54.pth
Fri 31 Oct 2025 11:36:27 INFO  epoch 4 training [time: 52.37s, train loss: 2211.5491]
Fri 31 Oct 2025 11:37:20 INFO  epoch 5 training [time: 52.98s, train loss: 2199.5434]
Fri 31 Oct 2025 11:37:24 INFO  epoch 5 evaluating [time: 3.51s, valid_score: 0.015400]
Fri 31 Oct 2025 11:37:24 INFO  valid result: 
recall@3 : 0.0063    recall@5 : 0.0088    recall@10 : 0.0154    recall@20 : 0.0273    ndcg@3 : 0.0044    ndcg@5 : 0.0054    ndcg@10 : 0.0075    ndcg@20 : 0.0105    
Fri 31 Oct 2025 11:37:25 INFO  Saving current best: saved/SASRecD-Oct-31-2025_11-31-54.pth
Fri 31 Oct 2025 11:38:18 INFO  epoch 6 training [time: 53.12s, train loss: 2174.5314]
Fri 31 Oct 2025 11:39:10 INFO  epoch 7 training [time: 52.17s, train loss: 2143.4769]
Fri 31 Oct 2025 11:39:14 INFO  epoch 7 evaluating [time: 4.40s, valid_score: 0.022700]
Fri 31 Oct 2025 11:39:14 INFO  valid result: 
recall@3 : 0.0081    recall@5 : 0.013    recall@10 : 0.0227    recall@20 : 0.0388    ndcg@3 : 0.0057    ndcg@5 : 0.0077    ndcg@10 : 0.0108    ndcg@20 : 0.0149    
Fri 31 Oct 2025 11:39:15 INFO  Saving current best: saved/SASRecD-Oct-31-2025_11-31-54.pth
Fri 31 Oct 2025 11:40:07 INFO  epoch 8 training [time: 52.08s, train loss: 2117.9040]
Fri 31 Oct 2025 11:41:00 INFO  epoch 9 training [time: 53.01s, train loss: 2095.1375]
Fri 31 Oct 2025 11:41:04 INFO  epoch 9 evaluating [time: 3.48s, valid_score: 0.028600]
Fri 31 Oct 2025 11:41:04 INFO  valid result: 
recall@3 : 0.0099    recall@5 : 0.0157    recall@10 : 0.0286    recall@20 : 0.0476    ndcg@3 : 0.0068    ndcg@5 : 0.0092    ndcg@10 : 0.0133    ndcg@20 : 0.0181    
Fri 31 Oct 2025 11:41:04 INFO  Saving current best: saved/SASRecD-Oct-31-2025_11-31-54.pth
Fri 31 Oct 2025 11:41:58 INFO  epoch 10 training [time: 53.15s, train loss: 2072.6639]
Fri 31 Oct 2025 11:42:50 INFO  epoch 11 training [time: 52.20s, train loss: 2050.0102]
Fri 31 Oct 2025 11:42:54 INFO  epoch 11 evaluating [time: 4.41s, valid_score: 0.035000]
Fri 31 Oct 2025 11:42:54 INFO  valid result: 
recall@3 : 0.0137    recall@5 : 0.0211    recall@10 : 0.035    recall@20 : 0.0573    ndcg@3 : 0.009    ndcg@5 : 0.012    ndcg@10 : 0.0165    ndcg@20 : 0.0221    
Fri 31 Oct 2025 11:42:55 INFO  Saving current best: saved/SASRecD-Oct-31-2025_11-31-54.pth
Fri 31 Oct 2025 11:43:47 INFO  epoch 12 training [time: 52.07s, train loss: 2029.2251]
Fri 31 Oct 2025 11:44:40 INFO  epoch 13 training [time: 53.09s, train loss: 2008.9146]
Fri 31 Oct 2025 11:44:44 INFO  epoch 13 evaluating [time: 3.43s, valid_score: 0.042000]
Fri 31 Oct 2025 11:44:44 INFO  valid result: 
recall@3 : 0.0178    recall@5 : 0.0258    recall@10 : 0.042    recall@20 : 0.0667    ndcg@3 : 0.0114    ndcg@5 : 0.0147    ndcg@10 : 0.0199    ndcg@20 : 0.0261    
Fri 31 Oct 2025 11:44:44 INFO  Saving current best: saved/SASRecD-Oct-31-2025_11-31-54.pth
Fri 31 Oct 2025 11:45:37 INFO  epoch 14 training [time: 53.14s, train loss: 1989.6891]
Fri 31 Oct 2025 11:46:30 INFO  epoch 15 training [time: 52.13s, train loss: 1971.9797]
Fri 31 Oct 2025 11:46:34 INFO  epoch 15 evaluating [time: 4.40s, valid_score: 0.048300]
Fri 31 Oct 2025 11:46:34 INFO  valid result: 
recall@3 : 0.0201    recall@5 : 0.0296    recall@10 : 0.0483    recall@20 : 0.0734    ndcg@3 : 0.0127    ndcg@5 : 0.0166    ndcg@10 : 0.0226    ndcg@20 : 0.029    
Fri 31 Oct 2025 11:46:35 INFO  Saving current best: saved/SASRecD-Oct-31-2025_11-31-54.pth
Fri 31 Oct 2025 11:47:27 INFO  epoch 16 training [time: 52.14s, train loss: 1954.4039]
Fri 31 Oct 2025 11:48:20 INFO  epoch 17 training [time: 53.10s, train loss: 1938.1313]
Fri 31 Oct 2025 11:48:23 INFO  epoch 17 evaluating [time: 3.43s, valid_score: 0.052700]
Fri 31 Oct 2025 11:48:23 INFO  valid result: 
recall@3 : 0.0225    recall@5 : 0.0334    recall@10 : 0.0527    recall@20 : 0.0782    ndcg@3 : 0.0142    ndcg@5 : 0.0186    ndcg@10 : 0.0248    ndcg@20 : 0.0312    
Fri 31 Oct 2025 11:48:24 INFO  Saving current best: saved/SASRecD-Oct-31-2025_11-31-54.pth
Fri 31 Oct 2025 11:49:17 INFO  epoch 18 training [time: 53.11s, train loss: 1922.3771]
Fri 31 Oct 2025 11:50:09 INFO  epoch 19 training [time: 52.05s, train loss: 1907.4065]
Fri 31 Oct 2025 11:50:14 INFO  epoch 19 evaluating [time: 4.42s, valid_score: 0.055000]
Fri 31 Oct 2025 11:50:14 INFO  valid result: 
recall@3 : 0.0241    recall@5 : 0.0353    recall@10 : 0.055    recall@20 : 0.0815    ndcg@3 : 0.015    ndcg@5 : 0.0196    ndcg@10 : 0.0259    ndcg@20 : 0.0326    
Fri 31 Oct 2025 11:50:14 INFO  Saving current best: saved/SASRecD-Oct-31-2025_11-31-54.pth
Fri 31 Oct 2025 11:51:06 INFO  epoch 20 training [time: 52.17s, train loss: 1893.4244]
Fri 31 Oct 2025 11:52:00 INFO  epoch 21 training [time: 53.08s, train loss: 1879.9240]
Fri 31 Oct 2025 11:52:03 INFO  epoch 21 evaluating [time: 3.44s, valid_score: 0.058300]
Fri 31 Oct 2025 11:52:03 INFO  valid result: 
recall@3 : 0.0259    recall@5 : 0.0379    recall@10 : 0.0583    recall@20 : 0.0855    ndcg@3 : 0.0158    ndcg@5 : 0.0207    ndcg@10 : 0.0273    ndcg@20 : 0.0341    
Fri 31 Oct 2025 11:52:04 INFO  Saving current best: saved/SASRecD-Oct-31-2025_11-31-54.pth
Fri 31 Oct 2025 11:52:57 INFO  epoch 22 training [time: 53.14s, train loss: 1866.5994]
Fri 31 Oct 2025 11:53:49 INFO  epoch 23 training [time: 52.20s, train loss: 1854.6978]
Fri 31 Oct 2025 11:53:53 INFO  epoch 23 evaluating [time: 4.43s, valid_score: 0.060300]
Fri 31 Oct 2025 11:53:53 INFO  valid result: 
recall@3 : 0.0264    recall@5 : 0.0392    recall@10 : 0.0603    recall@20 : 0.0879    ndcg@3 : 0.016    ndcg@5 : 0.0212    ndcg@10 : 0.0281    ndcg@20 : 0.035    
Fri 31 Oct 2025 11:53:54 INFO  Saving current best: saved/SASRecD-Oct-31-2025_11-31-54.pth
Fri 31 Oct 2025 11:54:46 INFO  epoch 24 training [time: 52.06s, train loss: 1842.2796]
Fri 31 Oct 2025 11:55:38 INFO  epoch 25 training [time: 52.12s, train loss: 1831.3427]
Fri 31 Oct 2025 11:55:43 INFO  epoch 25 evaluating [time: 4.41s, valid_score: 0.061800]
Fri 31 Oct 2025 11:55:43 INFO  valid result: 
recall@3 : 0.027    recall@5 : 0.0403    recall@10 : 0.0618    recall@20 : 0.0905    ndcg@3 : 0.0164    ndcg@5 : 0.0218    ndcg@10 : 0.0287    ndcg@20 : 0.0359    
Fri 31 Oct 2025 11:55:44 INFO  Saving current best: saved/SASRecD-Oct-31-2025_11-31-54.pth
Fri 31 Oct 2025 11:56:37 INFO  epoch 26 training [time: 53.12s, train loss: 1820.8846]
Fri 31 Oct 2025 11:57:29 INFO  epoch 27 training [time: 52.20s, train loss: 1810.1192]
Fri 31 Oct 2025 11:57:33 INFO  epoch 27 evaluating [time: 4.40s, valid_score: 0.063000]
Fri 31 Oct 2025 11:57:33 INFO  valid result: 
recall@3 : 0.0278    recall@5 : 0.0407    recall@10 : 0.063    recall@20 : 0.091    ndcg@3 : 0.0167    ndcg@5 : 0.022    ndcg@10 : 0.0292    ndcg@20 : 0.0362    
Fri 31 Oct 2025 11:57:34 INFO  Saving current best: saved/SASRecD-Oct-31-2025_11-31-54.pth
Fri 31 Oct 2025 11:58:26 INFO  epoch 28 training [time: 52.27s, train loss: 1799.8780]
Fri 31 Oct 2025 11:59:19 INFO  epoch 29 training [time: 52.32s, train loss: 1790.9774]
Fri 31 Oct 2025 11:59:23 INFO  epoch 29 evaluating [time: 4.39s, valid_score: 0.064200]
Fri 31 Oct 2025 11:59:23 INFO  valid result: 
recall@3 : 0.0283    recall@5 : 0.0414    recall@10 : 0.0642    recall@20 : 0.0924    ndcg@3 : 0.017    ndcg@5 : 0.0224    ndcg@10 : 0.0297    ndcg@20 : 0.0368    
Fri 31 Oct 2025 11:59:24 INFO  Saving current best: saved/SASRecD-Oct-31-2025_11-31-54.pth
Fri 31 Oct 2025 12:00:17 INFO  epoch 30 training [time: 53.24s, train loss: 1782.0876]
Fri 31 Oct 2025 12:01:09 INFO  epoch 31 training [time: 52.19s, train loss: 1773.1863]
Fri 31 Oct 2025 12:01:14 INFO  epoch 31 evaluating [time: 4.41s, valid_score: 0.065200]
Fri 31 Oct 2025 12:01:14 INFO  valid result: 
recall@3 : 0.0285    recall@5 : 0.0424    recall@10 : 0.0652    recall@20 : 0.0935    ndcg@3 : 0.017    ndcg@5 : 0.0228    ndcg@10 : 0.0301    ndcg@20 : 0.0372    
Fri 31 Oct 2025 12:01:14 INFO  Saving current best: saved/SASRecD-Oct-31-2025_11-31-54.pth
Fri 31 Oct 2025 12:02:06 INFO  epoch 32 training [time: 52.15s, train loss: 1764.3439]
Fri 31 Oct 2025 12:02:59 INFO  epoch 33 training [time: 52.15s, train loss: 1756.7505]
Fri 31 Oct 2025 12:03:03 INFO  epoch 33 evaluating [time: 4.32s, valid_score: 0.065700]
Fri 31 Oct 2025 12:03:03 INFO  valid result: 
recall@3 : 0.0283    recall@5 : 0.0425    recall@10 : 0.0657    recall@20 : 0.0943    ndcg@3 : 0.0171    ndcg@5 : 0.0229    ndcg@10 : 0.0303    ndcg@20 : 0.0376    
Fri 31 Oct 2025 12:03:04 INFO  Saving current best: saved/SASRecD-Oct-31-2025_11-31-54.pth
Fri 31 Oct 2025 12:03:57 INFO  epoch 34 training [time: 53.65s, train loss: 1749.0858]
Fri 31 Oct 2025 12:04:49 INFO  epoch 35 training [time: 52.16s, train loss: 1741.6445]
Fri 31 Oct 2025 12:04:54 INFO  epoch 35 evaluating [time: 4.40s, valid_score: 0.065300]
Fri 31 Oct 2025 12:04:54 INFO  valid result: 
recall@3 : 0.0285    recall@5 : 0.0429    recall@10 : 0.0653    recall@20 : 0.0944    ndcg@3 : 0.0171    ndcg@5 : 0.0231    ndcg@10 : 0.0303    ndcg@20 : 0.0376    
Fri 31 Oct 2025 12:05:46 INFO  epoch 36 training [time: 52.11s, train loss: 1734.6688]
Fri 31 Oct 2025 12:06:38 INFO  epoch 37 training [time: 52.21s, train loss: 1727.5750]
Fri 31 Oct 2025 12:06:43 INFO  epoch 37 evaluating [time: 4.40s, valid_score: 0.065300]
Fri 31 Oct 2025 12:06:43 INFO  valid result: 
recall@3 : 0.0289    recall@5 : 0.0435    recall@10 : 0.0653    recall@20 : 0.0946    ndcg@3 : 0.0173    ndcg@5 : 0.0233    ndcg@10 : 0.0303    ndcg@20 : 0.0377    
Fri 31 Oct 2025 12:07:36 INFO  epoch 38 training [time: 53.18s, train loss: 1720.9804]
Fri 31 Oct 2025 12:08:28 INFO  epoch 39 training [time: 52.10s, train loss: 1715.2167]
Fri 31 Oct 2025 12:08:32 INFO  epoch 39 evaluating [time: 4.39s, valid_score: 0.065600]
Fri 31 Oct 2025 12:08:32 INFO  valid result: 
recall@3 : 0.0288    recall@5 : 0.0434    recall@10 : 0.0656    recall@20 : 0.0951    ndcg@3 : 0.0174    ndcg@5 : 0.0233    ndcg@10 : 0.0305    ndcg@20 : 0.0379    
Fri 31 Oct 2025 12:09:24 INFO  epoch 40 training [time: 52.12s, train loss: 1709.2744]
Fri 31 Oct 2025 12:10:16 INFO  epoch 41 training [time: 52.13s, train loss: 1702.8962]
Fri 31 Oct 2025 12:10:21 INFO  epoch 41 evaluating [time: 4.41s, valid_score: 0.065700]
Fri 31 Oct 2025 12:10:21 INFO  valid result: 
recall@3 : 0.0288    recall@5 : 0.0434    recall@10 : 0.0657    recall@20 : 0.0947    ndcg@3 : 0.0174    ndcg@5 : 0.0234    ndcg@10 : 0.0306    ndcg@20 : 0.0379    
Fri 31 Oct 2025 12:11:14 INFO  epoch 42 training [time: 53.17s, train loss: 1696.7650]
Fri 31 Oct 2025 12:12:06 INFO  epoch 43 training [time: 52.26s, train loss: 1691.6189]
Fri 31 Oct 2025 12:12:11 INFO  epoch 43 evaluating [time: 4.40s, valid_score: 0.066200]
Fri 31 Oct 2025 12:12:11 INFO  valid result: 
recall@3 : 0.0287    recall@5 : 0.0431    recall@10 : 0.0662    recall@20 : 0.0949    ndcg@3 : 0.0173    ndcg@5 : 0.0233    ndcg@10 : 0.0307    ndcg@20 : 0.0379    
Fri 31 Oct 2025 12:12:11 INFO  Saving current best: saved/SASRecD-Oct-31-2025_11-31-54.pth
Fri 31 Oct 2025 12:13:04 INFO  epoch 44 training [time: 52.20s, train loss: 1686.8858]
Fri 31 Oct 2025 12:13:56 INFO  epoch 45 training [time: 52.20s, train loss: 1681.6539]
Fri 31 Oct 2025 12:14:00 INFO  epoch 45 evaluating [time: 4.41s, valid_score: 0.065800]
Fri 31 Oct 2025 12:14:00 INFO  valid result: 
recall@3 : 0.029    recall@5 : 0.0432    recall@10 : 0.0658    recall@20 : 0.0945    ndcg@3 : 0.0175    ndcg@5 : 0.0233    ndcg@10 : 0.0306    ndcg@20 : 0.0378    
Fri 31 Oct 2025 12:14:53 INFO  epoch 46 training [time: 53.22s, train loss: 1676.4974]
Fri 31 Oct 2025 12:15:46 INFO  epoch 47 training [time: 52.15s, train loss: 1672.0268]
Fri 31 Oct 2025 12:15:50 INFO  epoch 47 evaluating [time: 4.42s, valid_score: 0.066100]
Fri 31 Oct 2025 12:15:50 INFO  valid result: 
recall@3 : 0.0294    recall@5 : 0.0435    recall@10 : 0.0661    recall@20 : 0.0944    ndcg@3 : 0.0178    ndcg@5 : 0.0236    ndcg@10 : 0.0309    ndcg@20 : 0.038    
Fri 31 Oct 2025 12:16:42 INFO  epoch 48 training [time: 52.09s, train loss: 1666.6336]
Fri 31 Oct 2025 12:17:34 INFO  epoch 49 training [time: 52.12s, train loss: 1662.1509]
Fri 31 Oct 2025 12:17:39 INFO  epoch 49 evaluating [time: 4.41s, valid_score: 0.065500]
Fri 31 Oct 2025 12:17:39 INFO  valid result: 
recall@3 : 0.029    recall@5 : 0.0437    recall@10 : 0.0655    recall@20 : 0.0946    ndcg@3 : 0.0178    ndcg@5 : 0.0238    ndcg@10 : 0.0308    ndcg@20 : 0.0382    
Fri 31 Oct 2025 12:18:32 INFO  epoch 50 training [time: 53.16s, train loss: 1657.4910]
Fri 31 Oct 2025 12:19:24 INFO  epoch 51 training [time: 52.12s, train loss: 1653.3992]
Fri 31 Oct 2025 12:19:28 INFO  epoch 51 evaluating [time: 4.42s, valid_score: 0.065200]
Fri 31 Oct 2025 12:19:28 INFO  valid result: 
recall@3 : 0.0286    recall@5 : 0.0433    recall@10 : 0.0652    recall@20 : 0.0934    ndcg@3 : 0.0176    ndcg@5 : 0.0236    ndcg@10 : 0.0307    ndcg@20 : 0.0378    
Fri 31 Oct 2025 12:20:20 INFO  epoch 52 training [time: 52.08s, train loss: 1649.4747]
Fri 31 Oct 2025 12:21:13 INFO  epoch 53 training [time: 52.12s, train loss: 1644.4912]
Fri 31 Oct 2025 12:21:17 INFO  epoch 53 evaluating [time: 4.41s, valid_score: 0.065200]
Fri 31 Oct 2025 12:21:17 INFO  valid result: 
recall@3 : 0.0284    recall@5 : 0.0432    recall@10 : 0.0652    recall@20 : 0.0944    ndcg@3 : 0.0175    ndcg@5 : 0.0235    ndcg@10 : 0.0306    ndcg@20 : 0.038    
Fri 31 Oct 2025 12:22:10 INFO  epoch 54 training [time: 53.15s, train loss: 1640.3111]
Fri 31 Oct 2025 12:23:02 INFO  epoch 55 training [time: 52.14s, train loss: 1636.4673]
Fri 31 Oct 2025 12:23:07 INFO  epoch 55 evaluating [time: 4.41s, valid_score: 0.064900]
Fri 31 Oct 2025 12:23:07 INFO  valid result: 
recall@3 : 0.0287    recall@5 : 0.0432    recall@10 : 0.0649    recall@20 : 0.0939    ndcg@3 : 0.0176    ndcg@5 : 0.0236    ndcg@10 : 0.0306    ndcg@20 : 0.0379    
Fri 31 Oct 2025 12:23:59 INFO  epoch 56 training [time: 52.13s, train loss: 1631.7134]
Fri 31 Oct 2025 12:24:51 INFO  epoch 57 training [time: 52.12s, train loss: 1627.8955]
Fri 31 Oct 2025 12:24:55 INFO  epoch 57 evaluating [time: 4.40s, valid_score: 0.064200]
Fri 31 Oct 2025 12:24:55 INFO  valid result: 
recall@3 : 0.0286    recall@5 : 0.0424    recall@10 : 0.0642    recall@20 : 0.0933    ndcg@3 : 0.0177    ndcg@5 : 0.0233    ndcg@10 : 0.0304    ndcg@20 : 0.0377    
Fri 31 Oct 2025 12:25:48 INFO  epoch 58 training [time: 53.15s, train loss: 1624.6387]
Fri 31 Oct 2025 12:26:41 INFO  epoch 59 training [time: 52.13s, train loss: 1620.8757]
Fri 31 Oct 2025 12:26:45 INFO  epoch 59 evaluating [time: 4.41s, valid_score: 0.064000]
Fri 31 Oct 2025 12:26:45 INFO  valid result: 
recall@3 : 0.028    recall@5 : 0.0424    recall@10 : 0.064    recall@20 : 0.0928    ndcg@3 : 0.0173    ndcg@5 : 0.0232    ndcg@10 : 0.0302    ndcg@20 : 0.0375    
Fri 31 Oct 2025 12:27:37 INFO  epoch 60 training [time: 52.12s, train loss: 1616.5681]
Fri 31 Oct 2025 12:28:29 INFO  epoch 61 training [time: 52.11s, train loss: 1612.2172]
Fri 31 Oct 2025 12:28:34 INFO  epoch 61 evaluating [time: 4.42s, valid_score: 0.063700]
Fri 31 Oct 2025 12:28:34 INFO  valid result: 
recall@3 : 0.028    recall@5 : 0.0424    recall@10 : 0.0637    recall@20 : 0.0931    ndcg@3 : 0.0173    ndcg@5 : 0.0233    ndcg@10 : 0.0301    ndcg@20 : 0.0375    
Fri 31 Oct 2025 12:29:27 INFO  epoch 62 training [time: 53.47s, train loss: 1608.3840]
Fri 31 Oct 2025 12:30:19 INFO  epoch 63 training [time: 52.01s, train loss: 1604.6358]
Fri 31 Oct 2025 12:30:24 INFO  epoch 63 evaluating [time: 4.44s, valid_score: 0.062700]
Fri 31 Oct 2025 12:30:24 INFO  valid result: 
recall@3 : 0.0275    recall@5 : 0.0423    recall@10 : 0.0627    recall@20 : 0.0925    ndcg@3 : 0.0172    ndcg@5 : 0.0233    ndcg@10 : 0.0299    ndcg@20 : 0.0374    
Fri 31 Oct 2025 12:31:16 INFO  epoch 64 training [time: 52.32s, train loss: 1601.4623]
Fri 31 Oct 2025 12:32:08 INFO  epoch 65 training [time: 52.02s, train loss: 1598.0772]
Fri 31 Oct 2025 12:32:12 INFO  epoch 65 evaluating [time: 4.36s, valid_score: 0.062700]
Fri 31 Oct 2025 12:32:12 INFO  valid result: 
recall@3 : 0.0279    recall@5 : 0.0415    recall@10 : 0.0627    recall@20 : 0.0913    ndcg@3 : 0.0174    ndcg@5 : 0.0229    ndcg@10 : 0.0298    ndcg@20 : 0.037    
Fri 31 Oct 2025 12:32:12 INFO  Finished training, best eval result in epoch 43
Fri 31 Oct 2025 12:32:13 INFO  Loading model structure and parameters from saved/SASRecD-Oct-31-2025_11-31-54.pth
Fri 31 Oct 2025 12:32:17 INFO  best valid : {'recall@3': np.float64(0.0287), 'recall@5': np.float64(0.0431), 'recall@10': np.float64(0.0662), 'recall@20': np.float64(0.0949), 'ndcg@3': np.float64(0.0173), 'ndcg@5': np.float64(0.0233), 'ndcg@10': np.float64(0.0307), 'ndcg@20': np.float64(0.0379)}
Fri 31 Oct 2025 12:32:17 INFO  test result: {'recall@3': np.float64(0.0228), 'recall@5': np.float64(0.0344), 'recall@10': np.float64(0.053), 'recall@20': np.float64(0.0776), 'ndcg@3': np.float64(0.0138), 'ndcg@5': np.float64(0.0186), 'ndcg@10': np.float64(0.0245), 'ndcg@20': np.float64(0.0308)}
