Fri 07 Nov 2025 01:19:39 INFO  
General Hyper Parameters:
gpu_id = 0
use_gpu = True
seed = 212
state = INFO
reproducibility = True
data_path = ./recbole/data/dataset/Amazon_Sports_and_Outdoors
show_progress = True
save_dataset = False
save_dataloaders = False
benchmark_filename = None

Training Hyper Parameters:
checkpoint_dir = saved
epochs = 200
train_batch_size = 1024
learner = adam
learning_rate = 0.0001
eval_step = 2
stopping_step = 10
clip_grad_norm = None
weight_decay = 0.0
loss_decimal_place = 4

Evaluation Hyper Parameters:
eval_args = {'split': {'LS': 'valid_and_test'}, 'group_by': 'user', 'order': 'TO', 'mode': 'full'}
metrics = ['Recall', 'NDCG']
topk = [3, 5, 10, 20]
valid_metric = Recall@10
valid_metric_bigger = True
eval_batch_size = 256
metric_decimal_place = 4

Dataset Hyper Parameters:
field_separator = 	
seq_separator =  
USER_ID_FIELD = user_id
ITEM_ID_FIELD = item_id
RATING_FIELD = rating
TIME_FIELD = timestamp
seq_len = None
LABEL_FIELD = label
threshold = None
NEG_PREFIX = neg_
load_col = {'inter': ['user_id', 'item_id', 'rating', 'timestamp'], 'item': ['item_id', 'title', 'sales_rank', 'price', 'brand', 'categories', 'sales_type'], 'title_original': ['ent_id', 'ent_emb'], 'image_original': ['img_id', 'img_emb']}
unload_col = None
unused_col = None
additional_feat_suffix = ['title_original', 'image_original']
rm_dup_inter = None
val_interval = None
filter_inter_by_user_or_item = True
user_inter_num_interval = [5,inf)
item_inter_num_interval = [5,inf)
alias_of_user_id = None
alias_of_item_id = ['ent_id', 'img_id']
alias_of_entity_id = None
alias_of_relation_id = None
preload_weight = {'ent_id': 'ent_emb', 'img_id': 'img_emb'}
normalize_field = None
normalize_all = None
ITEM_LIST_LENGTH_FIELD = item_length
LIST_SUFFIX = _list
MAX_ITEM_LIST_LENGTH = 50
POSITION_FIELD = position_id
HEAD_ENTITY_ID_FIELD = head_id
TAIL_ENTITY_ID_FIELD = tail_id
RELATION_ID_FIELD = relation_id
ENTITY_ID_FIELD = entity_id

Other Hyper Parameters: 
neg_sampling = None
multi_gpus = False
repeatable = True
n_layers = 3
n_heads = 8
hidden_size = 256
attribute_hidden_size = [128, 128]
inner_size = 256
hidden_dropout_prob = 0.5
attn_dropout_prob = 0.3
hidden_act = gelu
layer_norm_eps = 1e-12
initializer_range = 0.02
selected_features = ['ent_emb', 'img_emb']
pooling_mode = sum
loss_type = CE
weight_sharing = not
fusion_type = gate
lamdas = [5, 5]
attribute_predictor = ['cos_sim', 'cos_sim']
MODEL_TYPE = ModelType.SEQUENTIAL
orig_attribute_hidden_size = [1024, 4096]
feature_type = ['static', 'static']
wandb_run_name = log_mlp_titles_images_noise
annealing = False
MODEL_INPUT_TYPE = InputType.POINTWISE
eval_type = EvaluatorType.RANKING
device = cuda
train_neg_sample_args = {'strategy': 'none'}
eval_neg_sample_args = {'strategy': 'full', 'distribution': 'uniform'}


Fri 07 Nov 2025 01:19:57 INFO  Amazon_Sports_and_Outdoors
The number of users: 35599
Average actions of users: 8.324540704533963
The number of items: 18358
Average actions of items: 16.142997221768262
The number of inters: 296337
The sparsity of the dataset: 99.95465569853714%
Remain Fields: ['user_id', 'item_id', 'rating', 'timestamp', 'title', 'price', 'brand', 'categories', 'sales_type', 'sales_rank', 'ent_id', 'ent_emb', 'img_id', 'img_emb']
Fri 07 Nov 2025 01:20:00 INFO  [Training]: train_batch_size = [1024] negative sampling: [None]
Fri 07 Nov 2025 01:20:00 INFO  [Evaluation]: eval_batch_size = [256] eval_args: [{'split': {'LS': 'valid_and_test'}, 'group_by': 'user', 'order': 'TO', 'mode': 'full'}]
Fri 07 Nov 2025 01:20:02 INFO  SASRecD(
  (item_embedding): Embedding(18358, 256, padding_idx=0)
  (position_embedding): Embedding(50, 256)
  (feature_embed_layer_list): ModuleList(
    (0): Embedding(
      18358, 1024
      (mlp): MLP(
        (net): Sequential(
          (0): Linear(in_features=1024, out_features=512, bias=True)
          (1): ReLU()
          (2): Dropout(p=0.1, inplace=False)
          (3): Linear(in_features=512, out_features=256, bias=True)
          (4): ReLU()
          (5): Dropout(p=0.1, inplace=False)
          (6): Linear(in_features=256, out_features=128, bias=True)
          (7): LayerNorm((128,), eps=1e-05, elementwise_affine=True)
        )
      )
    )
    (1): Embedding(
      18358, 4096
      (mlp): MLP(
        (net): Sequential(
          (0): Linear(in_features=4096, out_features=2048, bias=True)
          (1): ReLU()
          (2): Dropout(p=0.1, inplace=False)
          (3): Linear(in_features=2048, out_features=1024, bias=True)
          (4): ReLU()
          (5): Dropout(p=0.1, inplace=False)
          (6): Linear(in_features=1024, out_features=512, bias=True)
          (7): ReLU()
          (8): Dropout(p=0.1, inplace=False)
          (9): Linear(in_features=512, out_features=256, bias=True)
          (10): ReLU()
          (11): Dropout(p=0.1, inplace=False)
          (12): Linear(in_features=256, out_features=128, bias=True)
          (13): LayerNorm((128,), eps=1e-05, elementwise_affine=True)
        )
      )
    )
  )
  (trm_encoder): DIFTransformerEncoder(
    (layer): ModuleList(
      (0-2): 3 x DIFTransformerLayer(
        (multi_head_attention): DIFMultiHeadAttention(
          (query): Linear(in_features=256, out_features=256, bias=True)
          (key): Linear(in_features=256, out_features=256, bias=True)
          (value): Linear(in_features=256, out_features=256, bias=True)
          (query_p): Linear(in_features=256, out_features=256, bias=True)
          (key_p): Linear(in_features=256, out_features=256, bias=True)
          (query_layers): ModuleList(
            (0-1): 2 x Linear(in_features=128, out_features=128, bias=True)
          )
          (key_layers): ModuleList(
            (0-1): 2 x Linear(in_features=128, out_features=128, bias=True)
          )
          (fusion_layer): VanillaAttention(
            (projection): Sequential(
              (0): Linear(in_features=50, out_features=50, bias=True)
              (1): ReLU(inplace=True)
              (2): Linear(in_features=50, out_features=1, bias=True)
            )
          )
          (attn_dropout): Dropout(p=0.3, inplace=False)
          (dense): Linear(in_features=256, out_features=256, bias=True)
          (LayerNorm): LayerNorm((256,), eps=1e-12, elementwise_affine=True)
          (out_dropout): Dropout(p=0.5, inplace=False)
        )
        (feed_forward): FeedForward(
          (dense_1): Linear(in_features=256, out_features=256, bias=True)
          (dense_2): Linear(in_features=256, out_features=256, bias=True)
          (LayerNorm): LayerNorm((256,), eps=1e-12, elementwise_affine=True)
          (dropout): Dropout(p=0.5, inplace=False)
        )
      )
    )
  )
  (ap): ModuleList(
    (0): Linear(in_features=256, out_features=1024, bias=True)
    (1): Linear(in_features=256, out_features=4096, bias=True)
  )
  (LayerNorm): LayerNorm((256,), eps=1e-12, elementwise_affine=True)
  (dropout): Dropout(p=0.5, inplace=False)
  (loss_fct): CrossEntropyLoss()
  (attribute_loss_fct): BCEWithLogitsLoss()
)
Trainable parameters: 19684219
Fri 07 Nov 2025 01:21:08 INFO  epoch 0 training [time: 65.57s, train loss: 2307.9770]
Fri 07 Nov 2025 01:22:12 INFO  epoch 1 training [time: 64.02s, train loss: 2114.1447]
Fri 07 Nov 2025 01:22:17 INFO  epoch 1 evaluating [time: 5.52s, valid_score: 0.012800]
Fri 07 Nov 2025 01:22:17 INFO  valid result: 
recall@3 : 0.006    recall@5 : 0.0079    recall@10 : 0.0128    recall@20 : 0.0231    ndcg@3 : 0.0044    ndcg@5 : 0.0052    ndcg@10 : 0.0068    ndcg@20 : 0.0093    
Fri 07 Nov 2025 01:22:18 INFO  Saving current best: saved/SASRecD-Nov-07-2025_01-20-02.pth
Fri 07 Nov 2025 01:23:43 INFO  epoch 2 training [time: 84.98s, train loss: 2102.2437]
Fri 07 Nov 2025 01:24:54 INFO  epoch 3 training [time: 70.47s, train loss: 2097.2383]
Fri 07 Nov 2025 01:25:03 INFO  epoch 3 evaluating [time: 8.73s, valid_score: 0.013100]
Fri 07 Nov 2025 01:25:03 INFO  valid result: 
recall@3 : 0.006    recall@5 : 0.0082    recall@10 : 0.0131    recall@20 : 0.0233    ndcg@3 : 0.0044    ndcg@5 : 0.0053    ndcg@10 : 0.0069    ndcg@20 : 0.0094    
Fri 07 Nov 2025 01:25:04 INFO  Saving current best: saved/SASRecD-Nov-07-2025_01-20-02.pth
Fri 07 Nov 2025 01:26:23 INFO  epoch 4 training [time: 78.98s, train loss: 2090.1555]
Fri 07 Nov 2025 01:27:38 INFO  epoch 5 training [time: 75.50s, train loss: 2078.7684]
Fri 07 Nov 2025 01:27:46 INFO  epoch 5 evaluating [time: 8.26s, valid_score: 0.015200]
Fri 07 Nov 2025 01:27:46 INFO  valid result: 
recall@3 : 0.006    recall@5 : 0.009    recall@10 : 0.0152    recall@20 : 0.0277    ndcg@3 : 0.0043    ndcg@5 : 0.0055    ndcg@10 : 0.0075    ndcg@20 : 0.0107    
Fri 07 Nov 2025 01:27:47 INFO  Saving current best: saved/SASRecD-Nov-07-2025_01-20-02.pth
Fri 07 Nov 2025 01:29:10 INFO  epoch 6 training [time: 82.29s, train loss: 2050.7154]
Fri 07 Nov 2025 01:30:28 INFO  epoch 7 training [time: 77.96s, train loss: 2019.7534]
Fri 07 Nov 2025 01:30:36 INFO  epoch 7 evaluating [time: 8.40s, valid_score: 0.022200]
Fri 07 Nov 2025 01:30:36 INFO  valid result: 
recall@3 : 0.0084    recall@5 : 0.0128    recall@10 : 0.0222    recall@20 : 0.0385    ndcg@3 : 0.0058    ndcg@5 : 0.0076    ndcg@10 : 0.0106    ndcg@20 : 0.0147    
Fri 07 Nov 2025 01:30:37 INFO  Saving current best: saved/SASRecD-Nov-07-2025_01-20-02.pth
Fri 07 Nov 2025 01:31:55 INFO  epoch 8 training [time: 78.44s, train loss: 1994.6721]
Fri 07 Nov 2025 01:33:23 INFO  epoch 9 training [time: 87.54s, train loss: 1972.4343]
Fri 07 Nov 2025 01:33:31 INFO  epoch 9 evaluating [time: 8.24s, valid_score: 0.028400]
Fri 07 Nov 2025 01:33:31 INFO  valid result: 
recall@3 : 0.0098    recall@5 : 0.0155    recall@10 : 0.0284    recall@20 : 0.0472    ndcg@3 : 0.0067    ndcg@5 : 0.009    ndcg@10 : 0.0131    ndcg@20 : 0.0178    
Fri 07 Nov 2025 01:33:32 INFO  Saving current best: saved/SASRecD-Nov-07-2025_01-20-02.pth
Fri 07 Nov 2025 01:34:44 INFO  epoch 10 training [time: 71.58s, train loss: 1950.3142]
Fri 07 Nov 2025 01:35:55 INFO  epoch 11 training [time: 71.24s, train loss: 1928.3791]
Fri 07 Nov 2025 01:36:03 INFO  epoch 11 evaluating [time: 8.25s, valid_score: 0.033900]
Fri 07 Nov 2025 01:36:03 INFO  valid result: 
recall@3 : 0.0122    recall@5 : 0.0188    recall@10 : 0.0339    recall@20 : 0.055    ndcg@3 : 0.0081    ndcg@5 : 0.0108    ndcg@10 : 0.0156    ndcg@20 : 0.0209    
Fri 07 Nov 2025 01:36:04 INFO  Saving current best: saved/SASRecD-Nov-07-2025_01-20-02.pth
Fri 07 Nov 2025 01:37:15 INFO  epoch 12 training [time: 70.92s, train loss: 1908.4846]
Fri 07 Nov 2025 01:38:25 INFO  epoch 13 training [time: 70.57s, train loss: 1888.5433]
Fri 07 Nov 2025 01:38:34 INFO  epoch 13 evaluating [time: 8.64s, valid_score: 0.040600]
Fri 07 Nov 2025 01:38:34 INFO  valid result: 
recall@3 : 0.0171    recall@5 : 0.0249    recall@10 : 0.0406    recall@20 : 0.0643    ndcg@3 : 0.0109    ndcg@5 : 0.0141    ndcg@10 : 0.0191    ndcg@20 : 0.0251    
Fri 07 Nov 2025 01:38:35 INFO  Saving current best: saved/SASRecD-Nov-07-2025_01-20-02.pth
Fri 07 Nov 2025 01:39:46 INFO  epoch 14 training [time: 70.82s, train loss: 1869.3137]
Fri 07 Nov 2025 01:40:57 INFO  epoch 15 training [time: 71.34s, train loss: 1850.7108]
Fri 07 Nov 2025 01:41:05 INFO  epoch 15 evaluating [time: 8.21s, valid_score: 0.046700]
Fri 07 Nov 2025 01:41:05 INFO  valid result: 
recall@3 : 0.0192    recall@5 : 0.0292    recall@10 : 0.0467    recall@20 : 0.0718    ndcg@3 : 0.0121    ndcg@5 : 0.0162    ndcg@10 : 0.0218    ndcg@20 : 0.0281    
Fri 07 Nov 2025 01:41:06 INFO  Saving current best: saved/SASRecD-Nov-07-2025_01-20-02.pth
Fri 07 Nov 2025 01:42:18 INFO  epoch 16 training [time: 71.76s, train loss: 1833.2569]
Fri 07 Nov 2025 01:43:29 INFO  epoch 17 training [time: 71.05s, train loss: 1816.3359]
Fri 07 Nov 2025 01:43:38 INFO  epoch 17 evaluating [time: 8.56s, valid_score: 0.051000]
Fri 07 Nov 2025 01:43:38 INFO  valid result: 
recall@3 : 0.0215    recall@5 : 0.0328    recall@10 : 0.051    recall@20 : 0.0772    ndcg@3 : 0.0135    ndcg@5 : 0.0182    ndcg@10 : 0.024    ndcg@20 : 0.0306    
Fri 07 Nov 2025 01:43:38 INFO  Saving current best: saved/SASRecD-Nov-07-2025_01-20-02.pth
Fri 07 Nov 2025 01:44:49 INFO  epoch 18 training [time: 70.51s, train loss: 1801.3214]
Fri 07 Nov 2025 01:46:00 INFO  epoch 19 training [time: 71.19s, train loss: 1785.7337]
Fri 07 Nov 2025 01:46:08 INFO  epoch 19 evaluating [time: 8.37s, valid_score: 0.054700]
Fri 07 Nov 2025 01:46:08 INFO  valid result: 
recall@3 : 0.0229    recall@5 : 0.0347    recall@10 : 0.0547    recall@20 : 0.0814    ndcg@3 : 0.0143    ndcg@5 : 0.0191    ndcg@10 : 0.0255    ndcg@20 : 0.0323    
Fri 07 Nov 2025 01:46:09 INFO  Saving current best: saved/SASRecD-Nov-07-2025_01-20-02.pth
Fri 07 Nov 2025 01:47:20 INFO  epoch 20 training [time: 71.00s, train loss: 1771.4118]
Fri 07 Nov 2025 01:48:31 INFO  epoch 21 training [time: 70.78s, train loss: 1758.1129]
Fri 07 Nov 2025 01:48:39 INFO  epoch 21 evaluating [time: 8.20s, valid_score: 0.057300]
Fri 07 Nov 2025 01:48:39 INFO  valid result: 
recall@3 : 0.0248    recall@5 : 0.0367    recall@10 : 0.0573    recall@20 : 0.0853    ndcg@3 : 0.0153    ndcg@5 : 0.0201    ndcg@10 : 0.0268    ndcg@20 : 0.0338    
Fri 07 Nov 2025 01:48:40 INFO  Saving current best: saved/SASRecD-Nov-07-2025_01-20-02.pth
Fri 07 Nov 2025 01:49:52 INFO  epoch 22 training [time: 71.36s, train loss: 1745.4067]
Fri 07 Nov 2025 01:51:03 INFO  epoch 23 training [time: 70.98s, train loss: 1733.1565]
Fri 07 Nov 2025 01:51:11 INFO  epoch 23 evaluating [time: 8.31s, valid_score: 0.059300]
Fri 07 Nov 2025 01:51:11 INFO  valid result: 
recall@3 : 0.0259    recall@5 : 0.0382    recall@10 : 0.0593    recall@20 : 0.0875    ndcg@3 : 0.0158    ndcg@5 : 0.0208    ndcg@10 : 0.0276    ndcg@20 : 0.0347    
Fri 07 Nov 2025 01:51:12 INFO  Saving current best: saved/SASRecD-Nov-07-2025_01-20-02.pth
Fri 07 Nov 2025 01:52:24 INFO  epoch 24 training [time: 72.36s, train loss: 1720.9948]
Fri 07 Nov 2025 01:53:39 INFO  epoch 25 training [time: 74.30s, train loss: 1710.2629]
Fri 07 Nov 2025 01:53:47 INFO  epoch 25 evaluating [time: 8.46s, valid_score: 0.061200]
Fri 07 Nov 2025 01:53:47 INFO  valid result: 
recall@3 : 0.0264    recall@5 : 0.0386    recall@10 : 0.0612    recall@20 : 0.0899    ndcg@3 : 0.016    ndcg@5 : 0.021    ndcg@10 : 0.0283    ndcg@20 : 0.0355    
Fri 07 Nov 2025 01:53:48 INFO  Saving current best: saved/SASRecD-Nov-07-2025_01-20-02.pth
Fri 07 Nov 2025 01:54:59 INFO  epoch 26 training [time: 71.22s, train loss: 1699.3000]
Fri 07 Nov 2025 01:56:10 INFO  epoch 27 training [time: 71.02s, train loss: 1689.3005]
Fri 07 Nov 2025 01:56:19 INFO  epoch 27 evaluating [time: 8.30s, valid_score: 0.062300]
Fri 07 Nov 2025 01:56:19 INFO  valid result: 
recall@3 : 0.0268    recall@5 : 0.0398    recall@10 : 0.0623    recall@20 : 0.0907    ndcg@3 : 0.0162    ndcg@5 : 0.0215    ndcg@10 : 0.0288    ndcg@20 : 0.0359    
Fri 07 Nov 2025 01:56:19 INFO  Saving current best: saved/SASRecD-Nov-07-2025_01-20-02.pth
Fri 07 Nov 2025 01:57:30 INFO  epoch 28 training [time: 70.90s, train loss: 1679.0791]
Fri 07 Nov 2025 01:58:42 INFO  epoch 29 training [time: 71.30s, train loss: 1670.0542]
Fri 07 Nov 2025 01:58:50 INFO  epoch 29 evaluating [time: 8.44s, valid_score: 0.063000]
Fri 07 Nov 2025 01:58:50 INFO  valid result: 
recall@3 : 0.0274    recall@5 : 0.0406    recall@10 : 0.063    recall@20 : 0.0926    ndcg@3 : 0.0164    ndcg@5 : 0.0218    ndcg@10 : 0.0291    ndcg@20 : 0.0365    
Fri 07 Nov 2025 01:58:51 INFO  Saving current best: saved/SASRecD-Nov-07-2025_01-20-02.pth
Fri 07 Nov 2025 02:00:02 INFO  epoch 30 training [time: 70.76s, train loss: 1660.5310]
Fri 07 Nov 2025 02:01:13 INFO  epoch 31 training [time: 71.02s, train loss: 1651.5783]
Fri 07 Nov 2025 02:01:21 INFO  epoch 31 evaluating [time: 8.53s, valid_score: 0.063700]
Fri 07 Nov 2025 02:01:21 INFO  valid result: 
recall@3 : 0.0278    recall@5 : 0.0413    recall@10 : 0.0637    recall@20 : 0.0931    ndcg@3 : 0.0168    ndcg@5 : 0.0223    ndcg@10 : 0.0295    ndcg@20 : 0.0369    
Fri 07 Nov 2025 02:01:22 INFO  Saving current best: saved/SASRecD-Nov-07-2025_01-20-02.pth
Fri 07 Nov 2025 02:02:33 INFO  epoch 32 training [time: 70.92s, train loss: 1643.5650]
Fri 07 Nov 2025 02:03:44 INFO  epoch 33 training [time: 70.97s, train loss: 1635.9047]
Fri 07 Nov 2025 02:03:51 INFO  epoch 33 evaluating [time: 7.12s, valid_score: 0.064700]
Fri 07 Nov 2025 02:03:51 INFO  valid result: 
recall@3 : 0.0279    recall@5 : 0.0412    recall@10 : 0.0647    recall@20 : 0.0952    ndcg@3 : 0.0167    ndcg@5 : 0.0222    ndcg@10 : 0.0298    ndcg@20 : 0.0374    
Fri 07 Nov 2025 02:03:52 INFO  Saving current best: saved/SASRecD-Nov-07-2025_01-20-02.pth
Fri 07 Nov 2025 02:05:01 INFO  epoch 34 training [time: 68.83s, train loss: 1627.7729]
Fri 07 Nov 2025 02:06:10 INFO  epoch 35 training [time: 68.89s, train loss: 1620.5380]
Fri 07 Nov 2025 02:06:17 INFO  epoch 35 evaluating [time: 7.12s, valid_score: 0.065200]
Fri 07 Nov 2025 02:06:17 INFO  valid result: 
recall@3 : 0.0279    recall@5 : 0.0414    recall@10 : 0.0652    recall@20 : 0.0953    ndcg@3 : 0.0167    ndcg@5 : 0.0223    ndcg@10 : 0.0299    ndcg@20 : 0.0375    
Fri 07 Nov 2025 02:06:18 INFO  Saving current best: saved/SASRecD-Nov-07-2025_01-20-02.pth
Fri 07 Nov 2025 02:07:27 INFO  epoch 36 training [time: 68.84s, train loss: 1613.5186]
Fri 07 Nov 2025 02:08:35 INFO  epoch 37 training [time: 68.83s, train loss: 1606.6927]
Fri 07 Nov 2025 02:08:42 INFO  epoch 37 evaluating [time: 7.02s, valid_score: 0.065800]
Fri 07 Nov 2025 02:08:42 INFO  valid result: 
recall@3 : 0.0289    recall@5 : 0.0411    recall@10 : 0.0658    recall@20 : 0.0957    ndcg@3 : 0.0172    ndcg@5 : 0.0222    ndcg@10 : 0.0302    ndcg@20 : 0.0377    
Fri 07 Nov 2025 02:08:43 INFO  Saving current best: saved/SASRecD-Nov-07-2025_01-20-02.pth
Fri 07 Nov 2025 02:09:52 INFO  epoch 38 training [time: 68.74s, train loss: 1599.9208]
Fri 07 Nov 2025 02:11:01 INFO  epoch 39 training [time: 68.87s, train loss: 1594.1033]
Fri 07 Nov 2025 02:11:08 INFO  epoch 39 evaluating [time: 7.02s, valid_score: 0.066000]
Fri 07 Nov 2025 02:11:08 INFO  valid result: 
recall@3 : 0.0286    recall@5 : 0.0415    recall@10 : 0.066    recall@20 : 0.0961    ndcg@3 : 0.0171    ndcg@5 : 0.0224    ndcg@10 : 0.0304    ndcg@20 : 0.0379    
Fri 07 Nov 2025 02:11:09 INFO  Saving current best: saved/SASRecD-Nov-07-2025_01-20-02.pth
Fri 07 Nov 2025 02:12:18 INFO  epoch 40 training [time: 68.90s, train loss: 1587.6404]
Fri 07 Nov 2025 02:13:33 INFO  epoch 41 training [time: 75.87s, train loss: 1582.2559]
Fri 07 Nov 2025 02:13:40 INFO  epoch 41 evaluating [time: 6.69s, valid_score: 0.066100]
Fri 07 Nov 2025 02:13:40 INFO  valid result: 
recall@3 : 0.0281    recall@5 : 0.0415    recall@10 : 0.0661    recall@20 : 0.0963    ndcg@3 : 0.017    ndcg@5 : 0.0225    ndcg@10 : 0.0305    ndcg@20 : 0.038    
Fri 07 Nov 2025 02:13:41 INFO  Saving current best: saved/SASRecD-Nov-07-2025_01-20-02.pth
Fri 07 Nov 2025 02:14:50 INFO  epoch 42 training [time: 69.29s, train loss: 1575.9563]
Fri 07 Nov 2025 02:16:00 INFO  epoch 43 training [time: 69.36s, train loss: 1570.5930]
Fri 07 Nov 2025 02:16:06 INFO  epoch 43 evaluating [time: 6.67s, valid_score: 0.066700]
Fri 07 Nov 2025 02:16:06 INFO  valid result: 
recall@3 : 0.0283    recall@5 : 0.0421    recall@10 : 0.0667    recall@20 : 0.0957    ndcg@3 : 0.017    ndcg@5 : 0.0227    ndcg@10 : 0.0307    ndcg@20 : 0.038    
Fri 07 Nov 2025 02:16:07 INFO  Saving current best: saved/SASRecD-Nov-07-2025_01-20-02.pth
Fri 07 Nov 2025 02:17:16 INFO  epoch 44 training [time: 69.29s, train loss: 1565.2786]
Fri 07 Nov 2025 02:18:28 INFO  epoch 45 training [time: 72.00s, train loss: 1559.6764]
Fri 07 Nov 2025 02:18:35 INFO  epoch 45 evaluating [time: 6.66s, valid_score: 0.066600]
Fri 07 Nov 2025 02:18:35 INFO  valid result: 
recall@3 : 0.029    recall@5 : 0.0427    recall@10 : 0.0666    recall@20 : 0.095    ndcg@3 : 0.0174    ndcg@5 : 0.0231    ndcg@10 : 0.0307    ndcg@20 : 0.0379    
Fri 07 Nov 2025 02:19:44 INFO  epoch 46 training [time: 69.20s, train loss: 1555.4392]
Fri 07 Nov 2025 02:20:54 INFO  epoch 47 training [time: 69.31s, train loss: 1550.0377]
Fri 07 Nov 2025 02:21:00 INFO  epoch 47 evaluating [time: 6.61s, valid_score: 0.066400]
Fri 07 Nov 2025 02:21:00 INFO  valid result: 
recall@3 : 0.0292    recall@5 : 0.043    recall@10 : 0.0664    recall@20 : 0.0956    ndcg@3 : 0.0178    ndcg@5 : 0.0235    ndcg@10 : 0.031    ndcg@20 : 0.0384    
Fri 07 Nov 2025 02:22:09 INFO  epoch 48 training [time: 69.17s, train loss: 1545.2741]
Fri 07 Nov 2025 02:23:19 INFO  epoch 49 training [time: 69.12s, train loss: 1541.3112]
Fri 07 Nov 2025 02:23:25 INFO  epoch 49 evaluating [time: 6.68s, valid_score: 0.066400]
Fri 07 Nov 2025 02:23:25 INFO  valid result: 
recall@3 : 0.0285    recall@5 : 0.0427    recall@10 : 0.0664    recall@20 : 0.096    ndcg@3 : 0.0175    ndcg@5 : 0.0233    ndcg@10 : 0.0309    ndcg@20 : 0.0384    
Fri 07 Nov 2025 02:24:34 INFO  epoch 50 training [time: 69.10s, train loss: 1535.6763]
Fri 07 Nov 2025 02:25:43 INFO  epoch 51 training [time: 69.14s, train loss: 1531.5544]
Fri 07 Nov 2025 02:25:50 INFO  epoch 51 evaluating [time: 6.62s, valid_score: 0.065000]
Fri 07 Nov 2025 02:25:50 INFO  valid result: 
recall@3 : 0.0287    recall@5 : 0.042    recall@10 : 0.065    recall@20 : 0.0962    ndcg@3 : 0.0176    ndcg@5 : 0.0231    ndcg@10 : 0.0305    ndcg@20 : 0.0384    
Fri 07 Nov 2025 02:26:59 INFO  epoch 52 training [time: 69.07s, train loss: 1527.2037]
Fri 07 Nov 2025 02:28:08 INFO  epoch 53 training [time: 69.16s, train loss: 1523.0046]
Fri 07 Nov 2025 02:28:15 INFO  epoch 53 evaluating [time: 6.59s, valid_score: 0.065400]
Fri 07 Nov 2025 02:28:15 INFO  valid result: 
recall@3 : 0.0287    recall@5 : 0.0422    recall@10 : 0.0654    recall@20 : 0.0951    ndcg@3 : 0.0176    ndcg@5 : 0.0231    ndcg@10 : 0.0306    ndcg@20 : 0.0381    
Fri 07 Nov 2025 02:29:24 INFO  epoch 54 training [time: 69.13s, train loss: 1518.6511]
Fri 07 Nov 2025 02:30:33 INFO  epoch 55 training [time: 69.16s, train loss: 1513.9887]
Fri 07 Nov 2025 02:30:40 INFO  epoch 55 evaluating [time: 6.63s, valid_score: 0.064900]
Fri 07 Nov 2025 02:30:40 INFO  valid result: 
recall@3 : 0.0285    recall@5 : 0.0419    recall@10 : 0.0649    recall@20 : 0.095    ndcg@3 : 0.0175    ndcg@5 : 0.023    ndcg@10 : 0.0305    ndcg@20 : 0.038    
Fri 07 Nov 2025 02:31:49 INFO  epoch 56 training [time: 69.09s, train loss: 1509.9794]
Fri 07 Nov 2025 02:33:03 INFO  epoch 57 training [time: 74.14s, train loss: 1506.0780]
Fri 07 Nov 2025 02:33:11 INFO  epoch 57 evaluating [time: 8.31s, valid_score: 0.064900]
Fri 07 Nov 2025 02:33:11 INFO  valid result: 
recall@3 : 0.0285    recall@5 : 0.0422    recall@10 : 0.0649    recall@20 : 0.0952    ndcg@3 : 0.0176    ndcg@5 : 0.0232    ndcg@10 : 0.0305    ndcg@20 : 0.0381    
Fri 07 Nov 2025 02:34:21 INFO  epoch 58 training [time: 69.18s, train loss: 1502.1730]
Fri 07 Nov 2025 02:35:30 INFO  epoch 59 training [time: 69.16s, train loss: 1498.3227]
Fri 07 Nov 2025 02:35:36 INFO  epoch 59 evaluating [time: 6.64s, valid_score: 0.064200]
Fri 07 Nov 2025 02:35:36 INFO  valid result: 
recall@3 : 0.0281    recall@5 : 0.0422    recall@10 : 0.0642    recall@20 : 0.0939    ndcg@3 : 0.0175    ndcg@5 : 0.0232    ndcg@10 : 0.0303    ndcg@20 : 0.0378    
Fri 07 Nov 2025 02:36:46 INFO  epoch 60 training [time: 69.23s, train loss: 1494.1072]
Fri 07 Nov 2025 02:37:55 INFO  epoch 61 training [time: 69.09s, train loss: 1490.0002]
Fri 07 Nov 2025 02:38:01 INFO  epoch 61 evaluating [time: 6.61s, valid_score: 0.064100]
Fri 07 Nov 2025 02:38:01 INFO  valid result: 
recall@3 : 0.0281    recall@5 : 0.0417    recall@10 : 0.0641    recall@20 : 0.0934    ndcg@3 : 0.0175    ndcg@5 : 0.0231    ndcg@10 : 0.0303    ndcg@20 : 0.0376    
Fri 07 Nov 2025 02:39:11 INFO  epoch 62 training [time: 69.56s, train loss: 1486.0191]
Fri 07 Nov 2025 02:40:20 INFO  epoch 63 training [time: 69.11s, train loss: 1483.2523]
Fri 07 Nov 2025 02:40:27 INFO  epoch 63 evaluating [time: 6.59s, valid_score: 0.064300]
Fri 07 Nov 2025 02:40:27 INFO  valid result: 
recall@3 : 0.0283    recall@5 : 0.0419    recall@10 : 0.0643    recall@20 : 0.0937    ndcg@3 : 0.0175    ndcg@5 : 0.0231    ndcg@10 : 0.0303    ndcg@20 : 0.0377    
Fri 07 Nov 2025 02:41:36 INFO  epoch 64 training [time: 69.19s, train loss: 1479.3565]
Fri 07 Nov 2025 02:42:57 INFO  epoch 65 training [time: 80.82s, train loss: 1475.5990]
Fri 07 Nov 2025 02:43:04 INFO  epoch 65 evaluating [time: 7.07s, valid_score: 0.063500]
Fri 07 Nov 2025 02:43:04 INFO  valid result: 
recall@3 : 0.0283    recall@5 : 0.0411    recall@10 : 0.0635    recall@20 : 0.0926    ndcg@3 : 0.0175    ndcg@5 : 0.0228    ndcg@10 : 0.03    ndcg@20 : 0.0373    
Fri 07 Nov 2025 02:43:04 INFO  Finished training, best eval result in epoch 43
Fri 07 Nov 2025 02:43:04 INFO  Loading model structure and parameters from saved/SASRecD-Nov-07-2025_01-20-02.pth
Fri 07 Nov 2025 02:43:11 INFO  best valid : {'recall@3': np.float64(0.0283), 'recall@5': np.float64(0.0421), 'recall@10': np.float64(0.0667), 'recall@20': np.float64(0.0957), 'ndcg@3': np.float64(0.017), 'ndcg@5': np.float64(0.0227), 'ndcg@10': np.float64(0.0307), 'ndcg@20': np.float64(0.038)}
Fri 07 Nov 2025 02:43:11 INFO  test result: {'recall@3': np.float64(0.0232), 'recall@5': np.float64(0.0345), 'recall@10': np.float64(0.0533), 'recall@20': np.float64(0.0774), 'ndcg@3': np.float64(0.014), 'ndcg@5': np.float64(0.0186), 'ndcg@10': np.float64(0.0247), 'ndcg@20': np.float64(0.0307)}
