Thu 20 Nov 2025 10:46:10 INFO  
General Hyper Parameters:
gpu_id = 0
use_gpu = True
seed = 212
state = INFO
reproducibility = True
data_path = ./recbole/data/dataset/Amazon_Sports_and_Outdoors
show_progress = True
save_dataset = False
save_dataloaders = False
benchmark_filename = None

Training Hyper Parameters:
checkpoint_dir = saved
epochs = 200
train_batch_size = 1024
learner = adam
learning_rate = 0.0001
eval_step = 2
stopping_step = 10
clip_grad_norm = None
weight_decay = 0.0
loss_decimal_place = 4

Evaluation Hyper Parameters:
eval_args = {'split': {'LS': 'valid_and_test'}, 'group_by': 'user', 'order': 'TO', 'mode': 'full'}
metrics = ['Recall', 'NDCG']
topk = [3, 5, 10, 20]
valid_metric = Recall@10
valid_metric_bigger = True
eval_batch_size = 256
metric_decimal_place = 4

Dataset Hyper Parameters:
field_separator = 	
seq_separator =  
USER_ID_FIELD = user_id
ITEM_ID_FIELD = item_id
RATING_FIELD = rating
TIME_FIELD = timestamp
seq_len = None
LABEL_FIELD = label
threshold = None
NEG_PREFIX = neg_
load_col = {'inter': ['user_id', 'item_id', 'rating', 'timestamp'], 'item': ['item_id', 'title', 'sales_rank', 'price', 'brand', 'categories', 'sales_type'], 'image_original': ['img_id', 'img_emb']}
unload_col = None
unused_col = None
additional_feat_suffix = ['image_original']
rm_dup_inter = None
val_interval = None
filter_inter_by_user_or_item = True
user_inter_num_interval = [5,inf)
item_inter_num_interval = [5,inf)
alias_of_user_id = None
alias_of_item_id = ['img_id']
alias_of_entity_id = None
alias_of_relation_id = None
preload_weight = {'img_id': 'img_emb'}
normalize_field = None
normalize_all = None
ITEM_LIST_LENGTH_FIELD = item_length
LIST_SUFFIX = _list
MAX_ITEM_LIST_LENGTH = 50
POSITION_FIELD = position_id
HEAD_ENTITY_ID_FIELD = head_id
TAIL_ENTITY_ID_FIELD = tail_id
RELATION_ID_FIELD = relation_id
ENTITY_ID_FIELD = entity_id

Other Hyper Parameters: 
neg_sampling = None
multi_gpus = False
repeatable = True
n_layers = 3
n_heads = 8
hidden_size = 256
attribute_hidden_size = [128]
inner_size = 256
hidden_dropout_prob = 0.5
attn_dropout_prob = 0.3
hidden_act = gelu
layer_norm_eps = 1e-12
initializer_range = 0.02
selected_features = ['img_emb']
pooling_mode = sum
loss_type = CE
weight_sharing = not
fusion_type = gate
lamdas = [5]
attribute_predictor = ['cos_sim']
MODEL_TYPE = ModelType.SEQUENTIAL
orig_attribute_hidden_size = [4096]
feature_type = ['static']
lambda = 1
diffusion = {'structure': 'transformer', 'hiddenSize': 128, 'inputSize': 128, 'noise_scale': 0.005, 'steps': 10, 'history_num_per_term': 10, 'mean_type': 'x0', 'beta_fixed': True, 'noise_schedule': 'linear', 'noise_min': 0.0001, 'noise_max': 0.005, 'device': 'cuda'}
wandb_run_name = images_log_mlp_noise
annealing = False
MODEL_INPUT_TYPE = InputType.POINTWISE
eval_type = EvaluatorType.RANKING
device = cuda
train_neg_sample_args = {'strategy': 'none'}
eval_neg_sample_args = {'strategy': 'full', 'distribution': 'uniform'}


Thu 20 Nov 2025 10:46:25 INFO  Amazon_Sports_and_Outdoors
The number of users: 35599
Average actions of users: 8.324540704533963
The number of items: 18358
Average actions of items: 16.142997221768262
The number of inters: 296337
The sparsity of the dataset: 99.95465569853714%
Remain Fields: ['user_id', 'item_id', 'rating', 'timestamp', 'title', 'price', 'brand', 'categories', 'sales_type', 'sales_rank', 'img_id', 'img_emb']
Thu 20 Nov 2025 10:46:28 INFO  [Training]: train_batch_size = [1024] negative sampling: [None]
Thu 20 Nov 2025 10:46:28 INFO  [Evaluation]: eval_batch_size = [256] eval_args: [{'split': {'LS': 'valid_and_test'}, 'group_by': 'user', 'order': 'TO', 'mode': 'full'}]
Thu 20 Nov 2025 10:46:30 INFO  SASRecD(
  (item_embedding): Embedding(18358, 256, padding_idx=0)
  (position_embedding): Embedding(50, 256)
  (feature_embed_layer_list): ModuleList(
    (0): Embedding(
      18358, 4096
      (mlp): MLP(
        (net): Sequential(
          (0): Linear(in_features=4096, out_features=2048, bias=True)
          (1): ReLU()
          (2): Dropout(p=0.1, inplace=False)
          (3): Linear(in_features=2048, out_features=1024, bias=True)
          (4): ReLU()
          (5): Dropout(p=0.1, inplace=False)
          (6): Linear(in_features=1024, out_features=512, bias=True)
          (7): ReLU()
          (8): Dropout(p=0.1, inplace=False)
          (9): Linear(in_features=512, out_features=256, bias=True)
          (10): ReLU()
          (11): Dropout(p=0.1, inplace=False)
          (12): Linear(in_features=256, out_features=128, bias=True)
          (13): LayerNorm((128,), eps=1e-05, elementwise_affine=True)
        )
      )
    )
  )
  (trm_encoder): DIFTransformerEncoder(
    (layer): ModuleList(
      (0-2): 3 x DIFTransformerLayer(
        (multi_head_attention): DIFMultiHeadAttention(
          (query): Linear(in_features=256, out_features=256, bias=True)
          (key): Linear(in_features=256, out_features=256, bias=True)
          (value): Linear(in_features=256, out_features=256, bias=True)
          (query_p): Linear(in_features=256, out_features=256, bias=True)
          (key_p): Linear(in_features=256, out_features=256, bias=True)
          (query_layers): ModuleList(
            (0): Linear(in_features=128, out_features=128, bias=True)
          )
          (key_layers): ModuleList(
            (0): Linear(in_features=128, out_features=128, bias=True)
          )
          (fusion_layer): VanillaAttention(
            (projection): Sequential(
              (0): Linear(in_features=50, out_features=50, bias=True)
              (1): ReLU(inplace=True)
              (2): Linear(in_features=50, out_features=1, bias=True)
            )
          )
          (attn_dropout): Dropout(p=0.3, inplace=False)
          (dense): Linear(in_features=256, out_features=256, bias=True)
          (LayerNorm): LayerNorm((256,), eps=1e-12, elementwise_affine=True)
          (out_dropout): Dropout(p=0.5, inplace=False)
        )
        (feed_forward): FeedForward(
          (dense_1): Linear(in_features=256, out_features=256, bias=True)
          (dense_2): Linear(in_features=256, out_features=256, bias=True)
          (LayerNorm): LayerNorm((256,), eps=1e-12, elementwise_affine=True)
          (dropout): Dropout(p=0.5, inplace=False)
        )
      )
    )
  )
  (ap): ModuleList(
    (0): Linear(in_features=256, out_features=4096, bias=True)
  )
  (LayerNorm): LayerNorm((256,), eps=1e-12, elementwise_affine=True)
  (dropout): Dropout(p=0.5, inplace=False)
  (loss_fct): CrossEntropyLoss()
  (attribute_loss_fct): BCEWithLogitsLoss()
)
Trainable parameters: 18632699
Thu 20 Nov 2025 10:47:25 INFO  epoch 0 training [time: 54.35s, train loss: 2411.4703]
Thu 20 Nov 2025 10:48:19 INFO  epoch 1 training [time: 54.62s, train loss: 2235.5334]
Thu 20 Nov 2025 10:48:24 INFO  epoch 1 evaluating [time: 5.09s, valid_score: 0.012500]
Thu 20 Nov 2025 10:48:24 INFO  valid result: 
recall@3 : 0.006    recall@5 : 0.0081    recall@10 : 0.0125    recall@20 : 0.0235    ndcg@3 : 0.0045    ndcg@5 : 0.0053    ndcg@10 : 0.0067    ndcg@20 : 0.0095    
Thu 20 Nov 2025 10:48:25 INFO  Saving current best: saved/SASRecD-Nov-20-2025_10-46-30.pth
Thu 20 Nov 2025 10:49:20 INFO  epoch 2 training [time: 54.26s, train loss: 2224.4912]
Thu 20 Nov 2025 10:50:14 INFO  epoch 3 training [time: 54.72s, train loss: 2219.3056]
Thu 20 Nov 2025 10:50:20 INFO  epoch 3 evaluating [time: 5.12s, valid_score: 0.013200]
Thu 20 Nov 2025 10:50:20 INFO  valid result: 
recall@3 : 0.0058    recall@5 : 0.0079    recall@10 : 0.0132    recall@20 : 0.0226    ndcg@3 : 0.0043    ndcg@5 : 0.0051    ndcg@10 : 0.0068    ndcg@20 : 0.0092    
Thu 20 Nov 2025 10:50:20 INFO  Saving current best: saved/SASRecD-Nov-20-2025_10-46-30.pth
Thu 20 Nov 2025 10:51:15 INFO  epoch 4 training [time: 54.17s, train loss: 2211.7458]
Thu 20 Nov 2025 10:52:10 INFO  epoch 5 training [time: 55.09s, train loss: 2198.6034]
Thu 20 Nov 2025 10:52:15 INFO  epoch 5 evaluating [time: 5.00s, valid_score: 0.016400]
Thu 20 Nov 2025 10:52:15 INFO  valid result: 
recall@3 : 0.0063    recall@5 : 0.009    recall@10 : 0.0164    recall@20 : 0.0283    ndcg@3 : 0.0044    ndcg@5 : 0.0055    ndcg@10 : 0.0079    ndcg@20 : 0.0109    
Thu 20 Nov 2025 10:52:15 INFO  Saving current best: saved/SASRecD-Nov-20-2025_10-46-30.pth
Thu 20 Nov 2025 10:53:10 INFO  epoch 6 training [time: 54.66s, train loss: 2171.7565]
Thu 20 Nov 2025 10:54:07 INFO  epoch 7 training [time: 56.73s, train loss: 2142.0327]
Thu 20 Nov 2025 10:54:12 INFO  epoch 7 evaluating [time: 4.96s, valid_score: 0.022500]
Thu 20 Nov 2025 10:54:12 INFO  valid result: 
recall@3 : 0.0083    recall@5 : 0.0124    recall@10 : 0.0225    recall@20 : 0.0392    ndcg@3 : 0.0058    ndcg@5 : 0.0075    ndcg@10 : 0.0107    ndcg@20 : 0.0149    
Thu 20 Nov 2025 10:54:11 INFO  Saving current best: saved/SASRecD-Nov-20-2025_10-46-30.pth
Thu 20 Nov 2025 10:55:07 INFO  epoch 8 training [time: 56.41s, train loss: 2117.4505]
Thu 20 Nov 2025 10:56:03 INFO  epoch 9 training [time: 55.82s, train loss: 2094.7490]
Thu 20 Nov 2025 10:56:08 INFO  epoch 9 evaluating [time: 5.36s, valid_score: 0.028500]
Thu 20 Nov 2025 10:56:08 INFO  valid result: 
recall@3 : 0.0101    recall@5 : 0.0157    recall@10 : 0.0285    recall@20 : 0.0478    ndcg@3 : 0.0069    ndcg@5 : 0.0092    ndcg@10 : 0.0133    ndcg@20 : 0.0181    
Thu 20 Nov 2025 10:56:09 INFO  Saving current best: saved/SASRecD-Nov-20-2025_10-46-30.pth
Thu 20 Nov 2025 10:57:05 INFO  epoch 10 training [time: 55.78s, train loss: 2072.1243]
Thu 20 Nov 2025 10:58:01 INFO  epoch 11 training [time: 56.43s, train loss: 2049.7347]
Thu 20 Nov 2025 10:58:06 INFO  epoch 11 evaluating [time: 5.17s, valid_score: 0.034800]
Thu 20 Nov 2025 10:58:06 INFO  valid result: 
recall@3 : 0.0139    recall@5 : 0.0206    recall@10 : 0.0348    recall@20 : 0.0574    ndcg@3 : 0.0093    ndcg@5 : 0.012    ndcg@10 : 0.0166    ndcg@20 : 0.0223    
Thu 20 Nov 2025 10:58:07 INFO  Saving current best: saved/SASRecD-Nov-20-2025_10-46-30.pth
Thu 20 Nov 2025 10:59:03 INFO  epoch 12 training [time: 56.25s, train loss: 2028.7693]
Thu 20 Nov 2025 10:59:59 INFO  epoch 13 training [time: 55.35s, train loss: 2008.5113]
Thu 20 Nov 2025 11:00:04 INFO  epoch 13 evaluating [time: 5.23s, valid_score: 0.042400]
Thu 20 Nov 2025 11:00:04 INFO  valid result: 
recall@3 : 0.0171    recall@5 : 0.0257    recall@10 : 0.0424    recall@20 : 0.0666    ndcg@3 : 0.0111    ndcg@5 : 0.0146    ndcg@10 : 0.02    ndcg@20 : 0.0261    
Thu 20 Nov 2025 11:00:05 INFO  Saving current best: saved/SASRecD-Nov-20-2025_10-46-30.pth
Thu 20 Nov 2025 11:01:01 INFO  epoch 14 training [time: 55.75s, train loss: 1989.5276]
Thu 20 Nov 2025 11:01:56 INFO  epoch 15 training [time: 55.65s, train loss: 1971.1230]
Thu 20 Nov 2025 11:02:02 INFO  epoch 15 evaluating [time: 5.29s, valid_score: 0.048500]
Thu 20 Nov 2025 11:02:02 INFO  valid result: 
recall@3 : 0.0204    recall@5 : 0.0295    recall@10 : 0.0485    recall@20 : 0.0726    ndcg@3 : 0.0129    ndcg@5 : 0.0166    ndcg@10 : 0.0228    ndcg@20 : 0.0288    
Thu 20 Nov 2025 11:02:02 INFO  Saving current best: saved/SASRecD-Nov-20-2025_10-46-30.pth
Thu 20 Nov 2025 11:02:58 INFO  epoch 16 training [time: 55.73s, train loss: 1953.8074]
Thu 20 Nov 2025 11:03:55 INFO  epoch 17 training [time: 56.91s, train loss: 1937.2395]
Thu 20 Nov 2025 11:04:05 INFO  epoch 17 evaluating [time: 9.62s, valid_score: 0.053300]
Thu 20 Nov 2025 11:04:05 INFO  valid result: 
recall@3 : 0.0224    recall@5 : 0.0333    recall@10 : 0.0533    recall@20 : 0.0781    ndcg@3 : 0.014    ndcg@5 : 0.0185    ndcg@10 : 0.0249    ndcg@20 : 0.0311    
Thu 20 Nov 2025 11:04:08 INFO  Saving current best: saved/SASRecD-Nov-20-2025_10-46-30.pth
Thu 20 Nov 2025 11:05:10 INFO  epoch 18 training [time: 61.55s, train loss: 1921.5444]
Thu 20 Nov 2025 11:06:07 INFO  epoch 19 training [time: 57.23s, train loss: 1906.3662]
Thu 20 Nov 2025 11:06:15 INFO  epoch 19 evaluating [time: 7.71s, valid_score: 0.055100]
Thu 20 Nov 2025 11:06:15 INFO  valid result: 
recall@3 : 0.0244    recall@5 : 0.036    recall@10 : 0.0551    recall@20 : 0.081    ndcg@3 : 0.0151    ndcg@5 : 0.0199    ndcg@10 : 0.026    ndcg@20 : 0.0326    
Thu 20 Nov 2025 11:06:18 INFO  Saving current best: saved/SASRecD-Nov-20-2025_10-46-30.pth
Thu 20 Nov 2025 11:07:18 INFO  epoch 20 training [time: 59.35s, train loss: 1892.5253]
Thu 20 Nov 2025 11:08:13 INFO  epoch 21 training [time: 55.56s, train loss: 1879.3847]
Thu 20 Nov 2025 11:08:18 INFO  epoch 21 evaluating [time: 5.08s, valid_score: 0.058300]
Thu 20 Nov 2025 11:08:18 INFO  valid result: 
recall@3 : 0.0257    recall@5 : 0.0373    recall@10 : 0.0583    recall@20 : 0.0847    ndcg@3 : 0.0157    ndcg@5 : 0.0205    ndcg@10 : 0.0273    ndcg@20 : 0.0339    
Thu 20 Nov 2025 11:08:19 INFO  Saving current best: saved/SASRecD-Nov-20-2025_10-46-30.pth
Thu 20 Nov 2025 11:09:16 INFO  epoch 22 training [time: 56.98s, train loss: 1865.7956]
Thu 20 Nov 2025 11:10:13 INFO  epoch 23 training [time: 56.74s, train loss: 1853.7426]
Thu 20 Nov 2025 11:10:18 INFO  epoch 23 evaluating [time: 5.15s, valid_score: 0.060100]
Thu 20 Nov 2025 11:10:18 INFO  valid result: 
recall@3 : 0.0267    recall@5 : 0.0389    recall@10 : 0.0601    recall@20 : 0.088    ndcg@3 : 0.0162    ndcg@5 : 0.0212    ndcg@10 : 0.0281    ndcg@20 : 0.0351    
Thu 20 Nov 2025 11:10:19 INFO  Saving current best: saved/SASRecD-Nov-20-2025_10-46-30.pth
Thu 20 Nov 2025 11:11:14 INFO  epoch 24 training [time: 55.46s, train loss: 1841.7695]
Thu 20 Nov 2025 11:12:09 INFO  epoch 25 training [time: 55.17s, train loss: 1830.8762]
Thu 20 Nov 2025 11:12:15 INFO  epoch 25 evaluating [time: 5.25s, valid_score: 0.061900]
Thu 20 Nov 2025 11:12:15 INFO  valid result: 
recall@3 : 0.0276    recall@5 : 0.0394    recall@10 : 0.0619    recall@20 : 0.0907    ndcg@3 : 0.0167    ndcg@5 : 0.0215    ndcg@10 : 0.0288    ndcg@20 : 0.036    
Thu 20 Nov 2025 11:12:15 INFO  Saving current best: saved/SASRecD-Nov-20-2025_10-46-30.pth
Thu 20 Nov 2025 11:13:11 INFO  epoch 26 training [time: 55.34s, train loss: 1820.0599]
Thu 20 Nov 2025 11:14:08 INFO  epoch 27 training [time: 56.83s, train loss: 1808.8160]
Thu 20 Nov 2025 11:14:11 INFO  epoch 27 evaluating [time: 3.25s, valid_score: 0.062600]
Thu 20 Nov 2025 11:14:11 INFO  valid result: 
recall@3 : 0.0279    recall@5 : 0.0406    recall@10 : 0.0626    recall@20 : 0.0924    ndcg@3 : 0.0169    ndcg@5 : 0.0221    ndcg@10 : 0.0291    ndcg@20 : 0.0367    
Thu 20 Nov 2025 11:14:12 INFO  Saving current best: saved/SASRecD-Nov-20-2025_10-46-30.pth
Thu 20 Nov 2025 11:15:09 INFO  epoch 28 training [time: 56.97s, train loss: 1799.7195]
Thu 20 Nov 2025 11:16:04 INFO  epoch 29 training [time: 55.34s, train loss: 1789.9069]
Thu 20 Nov 2025 11:16:09 INFO  epoch 29 evaluating [time: 5.47s, valid_score: 0.064500]
Thu 20 Nov 2025 11:16:09 INFO  valid result: 
recall@3 : 0.0278    recall@5 : 0.0417    recall@10 : 0.0645    recall@20 : 0.0934    ndcg@3 : 0.0167    ndcg@5 : 0.0225    ndcg@10 : 0.0298    ndcg@20 : 0.0371    
Thu 20 Nov 2025 11:16:10 INFO  Saving current best: saved/SASRecD-Nov-20-2025_10-46-30.pth
Thu 20 Nov 2025 11:17:06 INFO  epoch 30 training [time: 55.93s, train loss: 1780.9383]
Thu 20 Nov 2025 11:18:03 INFO  epoch 31 training [time: 56.47s, train loss: 1772.0788]
Thu 20 Nov 2025 11:18:08 INFO  epoch 31 evaluating [time: 5.17s, valid_score: 0.065100]
Thu 20 Nov 2025 11:18:08 INFO  valid result: 
recall@3 : 0.0287    recall@5 : 0.0425    recall@10 : 0.0651    recall@20 : 0.0931    ndcg@3 : 0.0172    ndcg@5 : 0.0229    ndcg@10 : 0.0301    ndcg@20 : 0.0371    
Thu 20 Nov 2025 11:18:09 INFO  Saving current best: saved/SASRecD-Nov-20-2025_10-46-30.pth
Thu 20 Nov 2025 11:19:05 INFO  epoch 32 training [time: 56.29s, train loss: 1763.2456]
Thu 20 Nov 2025 11:20:01 INFO  epoch 33 training [time: 55.81s, train loss: 1755.5737]
Thu 20 Nov 2025 11:20:06 INFO  epoch 33 evaluating [time: 5.34s, valid_score: 0.065100]
Thu 20 Nov 2025 11:20:06 INFO  valid result: 
recall@3 : 0.0286    recall@5 : 0.0428    recall@10 : 0.0651    recall@20 : 0.0941    ndcg@3 : 0.0173    ndcg@5 : 0.0231    ndcg@10 : 0.0303    ndcg@20 : 0.0376    
Thu 20 Nov 2025 11:21:02 INFO  epoch 34 training [time: 55.54s, train loss: 1747.6944]
Thu 20 Nov 2025 11:21:57 INFO  epoch 35 training [time: 55.11s, train loss: 1740.6385]
Thu 20 Nov 2025 11:22:02 INFO  epoch 35 evaluating [time: 5.19s, valid_score: 0.066000]
Thu 20 Nov 2025 11:22:02 INFO  valid result: 
recall@3 : 0.0288    recall@5 : 0.0431    recall@10 : 0.066    recall@20 : 0.0939    ndcg@3 : 0.0173    ndcg@5 : 0.0232    ndcg@10 : 0.0306    ndcg@20 : 0.0376    
Thu 20 Nov 2025 11:22:03 INFO  Saving current best: saved/SASRecD-Nov-20-2025_10-46-30.pth
Thu 20 Nov 2025 11:22:58 INFO  epoch 36 training [time: 55.03s, train loss: 1733.2931]
Thu 20 Nov 2025 11:23:53 INFO  epoch 37 training [time: 55.26s, train loss: 1726.6116]
Thu 20 Nov 2025 11:23:58 INFO  epoch 37 evaluating [time: 5.19s, valid_score: 0.065900]
Thu 20 Nov 2025 11:23:58 INFO  valid result: 
recall@3 : 0.0293    recall@5 : 0.0429    recall@10 : 0.0659    recall@20 : 0.0941    ndcg@3 : 0.0177    ndcg@5 : 0.0232    ndcg@10 : 0.0306    ndcg@20 : 0.0377    
Thu 20 Nov 2025 11:24:54 INFO  epoch 38 training [time: 55.79s, train loss: 1719.6784]
Thu 20 Nov 2025 11:25:50 INFO  epoch 39 training [time: 55.96s, train loss: 1714.0405]
Thu 20 Nov 2025 11:25:55 INFO  epoch 39 evaluating [time: 5.34s, valid_score: 0.066200]
Thu 20 Nov 2025 11:25:55 INFO  valid result: 
recall@3 : 0.0287    recall@5 : 0.0432    recall@10 : 0.0662    recall@20 : 0.0949    ndcg@3 : 0.0174    ndcg@5 : 0.0233    ndcg@10 : 0.0307    ndcg@20 : 0.0379    
Thu 20 Nov 2025 11:25:56 INFO  Saving current best: saved/SASRecD-Nov-20-2025_10-46-30.pth
Thu 20 Nov 2025 11:26:53 INFO  epoch 40 training [time: 56.54s, train loss: 1708.4891]
Thu 20 Nov 2025 11:27:50 INFO  epoch 41 training [time: 57.74s, train loss: 1701.4732]
Thu 20 Nov 2025 11:27:53 INFO  epoch 41 evaluating [time: 3.24s, valid_score: 0.066700]
Thu 20 Nov 2025 11:27:54 INFO  valid result: 
recall@3 : 0.029    recall@5 : 0.0429    recall@10 : 0.0667    recall@20 : 0.0954    ndcg@3 : 0.0176    ndcg@5 : 0.0233    ndcg@10 : 0.031    ndcg@20 : 0.0382    
Thu 20 Nov 2025 11:27:54 INFO  Saving current best: saved/SASRecD-Nov-20-2025_10-46-30.pth
Thu 20 Nov 2025 11:28:52 INFO  epoch 42 training [time: 57.24s, train loss: 1696.2223]
Thu 20 Nov 2025 11:29:48 INFO  epoch 43 training [time: 56.55s, train loss: 1690.5079]
Thu 20 Nov 2025 11:29:55 INFO  epoch 43 evaluating [time: 6.78s, valid_score: 0.066400]
Thu 20 Nov 2025 11:29:55 INFO  valid result: 
recall@3 : 0.0289    recall@5 : 0.0435    recall@10 : 0.0664    recall@20 : 0.0948    ndcg@3 : 0.0175    ndcg@5 : 0.0235    ndcg@10 : 0.0309    ndcg@20 : 0.0381    
Thu 20 Nov 2025 11:30:53 INFO  epoch 44 training [time: 57.92s, train loss: 1685.4742]
Thu 20 Nov 2025 11:31:52 INFO  epoch 45 training [time: 59.58s, train loss: 1680.2124]
Thu 20 Nov 2025 11:31:58 INFO  epoch 45 evaluating [time: 5.84s, valid_score: 0.066500]
Thu 20 Nov 2025 11:31:58 INFO  valid result: 
recall@3 : 0.0284    recall@5 : 0.0427    recall@10 : 0.0665    recall@20 : 0.0949    ndcg@3 : 0.0172    ndcg@5 : 0.0231    ndcg@10 : 0.0308    ndcg@20 : 0.038    
Thu 20 Nov 2025 11:32:57 INFO  epoch 46 training [time: 58.30s, train loss: 1675.8221]
Thu 20 Nov 2025 11:33:53 INFO  epoch 47 training [time: 56.89s, train loss: 1670.6087]
Thu 20 Nov 2025 11:34:00 INFO  epoch 47 evaluating [time: 6.36s, valid_score: 0.066100]
Thu 20 Nov 2025 11:34:00 INFO  valid result: 
recall@3 : 0.0288    recall@5 : 0.0431    recall@10 : 0.0661    recall@20 : 0.0945    ndcg@3 : 0.0178    ndcg@5 : 0.0236    ndcg@10 : 0.031    ndcg@20 : 0.0382    
Thu 20 Nov 2025 11:34:58 INFO  epoch 48 training [time: 58.72s, train loss: 1665.8890]
Thu 20 Nov 2025 11:35:59 INFO  epoch 49 training [time: 60.46s, train loss: 1661.3078]
Thu 20 Nov 2025 11:36:05 INFO  epoch 49 evaluating [time: 5.93s, valid_score: 0.066100]
Thu 20 Nov 2025 11:36:05 INFO  valid result: 
recall@3 : 0.0291    recall@5 : 0.0435    recall@10 : 0.0661    recall@20 : 0.0951    ndcg@3 : 0.0179    ndcg@5 : 0.0238    ndcg@10 : 0.0311    ndcg@20 : 0.0384    
Thu 20 Nov 2025 11:37:04 INFO  epoch 50 training [time: 58.89s, train loss: 1656.0778]
Thu 20 Nov 2025 11:38:01 INFO  epoch 51 training [time: 57.20s, train loss: 1652.3042]
Thu 20 Nov 2025 11:38:04 INFO  epoch 51 evaluating [time: 3.27s, valid_score: 0.065100]
Thu 20 Nov 2025 11:38:04 INFO  valid result: 
recall@3 : 0.0286    recall@5 : 0.0433    recall@10 : 0.0651    recall@20 : 0.0946    ndcg@3 : 0.0176    ndcg@5 : 0.0237    ndcg@10 : 0.0307    ndcg@20 : 0.0381    
Thu 20 Nov 2025 11:39:02 INFO  epoch 52 training [time: 57.72s, train loss: 1647.8205]
Thu 20 Nov 2025 11:40:01 INFO  epoch 53 training [time: 59.19s, train loss: 1643.4635]
Thu 20 Nov 2025 11:40:07 INFO  epoch 53 evaluating [time: 5.66s, valid_score: 0.066000]
Thu 20 Nov 2025 11:40:07 INFO  valid result: 
recall@3 : 0.0287    recall@5 : 0.0432    recall@10 : 0.066    recall@20 : 0.0948    ndcg@3 : 0.0177    ndcg@5 : 0.0237    ndcg@10 : 0.031    ndcg@20 : 0.0382    
Thu 20 Nov 2025 11:41:05 INFO  epoch 54 training [time: 58.32s, train loss: 1639.3140]
Thu 20 Nov 2025 11:42:03 INFO  epoch 55 training [time: 58.08s, train loss: 1634.7794]
Thu 20 Nov 2025 11:42:08 INFO  epoch 55 evaluating [time: 5.18s, valid_score: 0.065400]
Thu 20 Nov 2025 11:42:08 INFO  valid result: 
recall@3 : 0.0285    recall@5 : 0.0432    recall@10 : 0.0654    recall@20 : 0.094    ndcg@3 : 0.0177    ndcg@5 : 0.0237    ndcg@10 : 0.0309    ndcg@20 : 0.0381    
Thu 20 Nov 2025 11:43:06 INFO  epoch 56 training [time: 57.19s, train loss: 1631.0677]
Thu 20 Nov 2025 11:44:01 INFO  epoch 57 training [time: 55.49s, train loss: 1626.7080]
Thu 20 Nov 2025 11:44:06 INFO  epoch 57 evaluating [time: 5.14s, valid_score: 0.065500]
Thu 20 Nov 2025 11:44:06 INFO  valid result: 
recall@3 : 0.0281    recall@5 : 0.0427    recall@10 : 0.0655    recall@20 : 0.0935    ndcg@3 : 0.0174    ndcg@5 : 0.0234    ndcg@10 : 0.0307    ndcg@20 : 0.0378    
Thu 20 Nov 2025 11:45:03 INFO  epoch 58 training [time: 56.45s, train loss: 1622.2935]
Thu 20 Nov 2025 11:45:59 INFO  epoch 59 training [time: 56.60s, train loss: 1619.1429]
Thu 20 Nov 2025 11:46:05 INFO  epoch 59 evaluating [time: 5.48s, valid_score: 0.064800]
Thu 20 Nov 2025 11:46:05 INFO  valid result: 
recall@3 : 0.0282    recall@5 : 0.0426    recall@10 : 0.0648    recall@20 : 0.0934    ndcg@3 : 0.0175    ndcg@5 : 0.0233    ndcg@10 : 0.0305    ndcg@20 : 0.0377    
Thu 20 Nov 2025 11:47:02 INFO  epoch 60 training [time: 57.52s, train loss: 1614.8193]
Thu 20 Nov 2025 11:48:00 INFO  epoch 61 training [time: 57.94s, train loss: 1611.5171]
Thu 20 Nov 2025 11:48:06 INFO  epoch 61 evaluating [time: 5.89s, valid_score: 0.064300]
Thu 20 Nov 2025 11:48:06 INFO  valid result: 
recall@3 : 0.0281    recall@5 : 0.0425    recall@10 : 0.0643    recall@20 : 0.0923    ndcg@3 : 0.0175    ndcg@5 : 0.0234    ndcg@10 : 0.0305    ndcg@20 : 0.0375    
Thu 20 Nov 2025 11:49:05 INFO  epoch 62 training [time: 58.75s, train loss: 1607.5021]
Thu 20 Nov 2025 11:50:03 INFO  epoch 63 training [time: 58.49s, train loss: 1603.5028]
Thu 20 Nov 2025 11:50:10 INFO  epoch 63 evaluating [time: 6.23s, valid_score: 0.064600]
Thu 20 Nov 2025 11:50:10 INFO  valid result: 
recall@3 : 0.0282    recall@5 : 0.0417    recall@10 : 0.0646    recall@20 : 0.0914    ndcg@3 : 0.0176    ndcg@5 : 0.0231    ndcg@10 : 0.0305    ndcg@20 : 0.0372    
Thu 20 Nov 2025 11:50:10 INFO  Finished training, best eval result in epoch 41
Thu 20 Nov 2025 11:50:14 INFO  Loading model structure and parameters from saved/SASRecD-Nov-20-2025_10-46-30.pth
Thu 20 Nov 2025 11:50:23 INFO  best valid : {'recall@3': np.float64(0.029), 'recall@5': np.float64(0.0429), 'recall@10': np.float64(0.0667), 'recall@20': np.float64(0.0954), 'ndcg@3': np.float64(0.0176), 'ndcg@5': np.float64(0.0233), 'ndcg@10': np.float64(0.031), 'ndcg@20': np.float64(0.0382)}
Thu 20 Nov 2025 11:50:23 INFO  test result: {'recall@3': np.float64(0.0228), 'recall@5': np.float64(0.0339), 'recall@10': np.float64(0.0524), 'recall@20': np.float64(0.0773), 'ndcg@3': np.float64(0.0139), 'ndcg@5': np.float64(0.0184), 'ndcg@10': np.float64(0.0244), 'ndcg@20': np.float64(0.0307)}
