Thu 06 Nov 2025 21:20:02 INFO  
General Hyper Parameters:
gpu_id = 0
use_gpu = True
seed = 212
state = INFO
reproducibility = True
data_path = ./recbole/data/dataset/Amazon_Sports_and_Outdoors
show_progress = True
save_dataset = False
save_dataloaders = False
benchmark_filename = None

Training Hyper Parameters:
checkpoint_dir = saved
epochs = 200
train_batch_size = 512
learner = adam
learning_rate = 0.0001
eval_step = 2
stopping_step = 10
clip_grad_norm = None
weight_decay = 0.0
loss_decimal_place = 4

Evaluation Hyper Parameters:
eval_args = {'split': {'LS': 'valid_and_test'}, 'group_by': 'user', 'order': 'TO', 'mode': 'full'}
metrics = ['Recall', 'NDCG']
topk = [3, 5, 10, 20]
valid_metric = Recall@10
valid_metric_bigger = True
eval_batch_size = 256
metric_decimal_place = 4

Dataset Hyper Parameters:
field_separator = 	
seq_separator =  
USER_ID_FIELD = user_id
ITEM_ID_FIELD = item_id
RATING_FIELD = rating
TIME_FIELD = timestamp
seq_len = None
LABEL_FIELD = label
threshold = None
NEG_PREFIX = neg_
load_col = {'inter': ['user_id', 'item_id', 'rating', 'timestamp'], 'item': ['item_id', 'title', 'sales_rank', 'price', 'brand', 'categories', 'sales_type'], 'title_original': ['ent_id', 'ent_emb'], 'image_original': ['img_id', 'img_emb']}
unload_col = None
unused_col = None
additional_feat_suffix = ['title_original', 'image_original']
rm_dup_inter = None
val_interval = None
filter_inter_by_user_or_item = True
user_inter_num_interval = [5,inf)
item_inter_num_interval = [5,inf)
alias_of_user_id = None
alias_of_item_id = ['ent_id', 'img_id']
alias_of_entity_id = None
alias_of_relation_id = None
preload_weight = {'ent_id': 'ent_emb', 'img_id': 'img_emb'}
normalize_field = None
normalize_all = None
ITEM_LIST_LENGTH_FIELD = item_length
LIST_SUFFIX = _list
MAX_ITEM_LIST_LENGTH = 50
POSITION_FIELD = position_id
HEAD_ENTITY_ID_FIELD = head_id
TAIL_ENTITY_ID_FIELD = tail_id
RELATION_ID_FIELD = relation_id
ENTITY_ID_FIELD = entity_id

Other Hyper Parameters: 
neg_sampling = None
multi_gpus = False
repeatable = True
n_layers = 3
n_heads = 8
hidden_size = 256
attribute_hidden_size = [128, 128]
inner_size = 256
hidden_dropout_prob = 0.5
attn_dropout_prob = 0.3
hidden_act = gelu
layer_norm_eps = 1e-12
initializer_range = 0.02
selected_features = ['ent_emb', 'img_emb']
pooling_mode = sum
loss_type = CE
weight_sharing = not
fusion_type = gate
lamdas = [5, 5]
attribute_predictor = ['cos_sim', 'cos_sim']
MODEL_TYPE = ModelType.SEQUENTIAL
orig_attribute_hidden_size = [1024, 4096]
feature_type = ['static', 'static']
wandb_run_name = mlp_side_task_only
annealing = False
MODEL_INPUT_TYPE = InputType.POINTWISE
eval_type = EvaluatorType.RANKING
device = cuda
train_neg_sample_args = {'strategy': 'none'}
eval_neg_sample_args = {'strategy': 'full', 'distribution': 'uniform'}


Thu 06 Nov 2025 21:20:19 INFO  Amazon_Sports_and_Outdoors
The number of users: 35599
Average actions of users: 8.324540704533963
The number of items: 18358
Average actions of items: 16.142997221768262
The number of inters: 296337
The sparsity of the dataset: 99.95465569853714%
Remain Fields: ['user_id', 'item_id', 'rating', 'timestamp', 'title', 'price', 'brand', 'categories', 'sales_type', 'sales_rank', 'ent_id', 'ent_emb', 'img_id', 'img_emb']
Thu 06 Nov 2025 21:20:23 INFO  [Training]: train_batch_size = [512] negative sampling: [None]
Thu 06 Nov 2025 21:20:23 INFO  [Evaluation]: eval_batch_size = [256] eval_args: [{'split': {'LS': 'valid_and_test'}, 'group_by': 'user', 'order': 'TO', 'mode': 'full'}]
Thu 06 Nov 2025 21:20:25 INFO  SASRecD(
  (item_embedding): Embedding(18358, 256, padding_idx=0)
  (position_embedding): Embedding(50, 256)
  (feature_embed_layer_list): ModuleList(
    (0): Embedding(
      18358, 1024
      (mlp): MLP(
        (net): Sequential(
          (0): Linear(in_features=1024, out_features=512, bias=True)
          (1): ReLU()
          (2): Dropout(p=0.1, inplace=False)
          (3): Linear(in_features=512, out_features=256, bias=True)
          (4): ReLU()
          (5): Dropout(p=0.1, inplace=False)
          (6): Linear(in_features=256, out_features=128, bias=True)
          (7): LayerNorm((128,), eps=1e-05, elementwise_affine=True)
        )
      )
    )
    (1): Embedding(
      18358, 4096
      (mlp): MLP(
        (net): Sequential(
          (0): Linear(in_features=4096, out_features=2048, bias=True)
          (1): ReLU()
          (2): Dropout(p=0.1, inplace=False)
          (3): Linear(in_features=2048, out_features=1024, bias=True)
          (4): ReLU()
          (5): Dropout(p=0.1, inplace=False)
          (6): Linear(in_features=1024, out_features=512, bias=True)
          (7): ReLU()
          (8): Dropout(p=0.1, inplace=False)
          (9): Linear(in_features=512, out_features=256, bias=True)
          (10): ReLU()
          (11): Dropout(p=0.1, inplace=False)
          (12): Linear(in_features=256, out_features=128, bias=True)
          (13): LayerNorm((128,), eps=1e-05, elementwise_affine=True)
        )
      )
    )
  )
  (trm_encoder): DIFTransformerEncoder(
    (layer): ModuleList(
      (0-2): 3 x DIFTransformerLayer(
        (multi_head_attention): DIFMultiHeadAttention(
          (query): Linear(in_features=256, out_features=256, bias=True)
          (key): Linear(in_features=256, out_features=256, bias=True)
          (value): Linear(in_features=256, out_features=256, bias=True)
          (query_p): Linear(in_features=256, out_features=256, bias=True)
          (key_p): Linear(in_features=256, out_features=256, bias=True)
          (query_layers): ModuleList(
            (0-1): 2 x Linear(in_features=128, out_features=128, bias=True)
          )
          (key_layers): ModuleList(
            (0-1): 2 x Linear(in_features=128, out_features=128, bias=True)
          )
          (fusion_layer): VanillaAttention(
            (projection): Sequential(
              (0): Linear(in_features=50, out_features=50, bias=True)
              (1): ReLU(inplace=True)
              (2): Linear(in_features=50, out_features=1, bias=True)
            )
          )
          (attn_dropout): Dropout(p=0.3, inplace=False)
          (dense): Linear(in_features=256, out_features=256, bias=True)
          (LayerNorm): LayerNorm((256,), eps=1e-12, elementwise_affine=True)
          (out_dropout): Dropout(p=0.5, inplace=False)
        )
        (feed_forward): FeedForward(
          (dense_1): Linear(in_features=256, out_features=256, bias=True)
          (dense_2): Linear(in_features=256, out_features=256, bias=True)
          (LayerNorm): LayerNorm((256,), eps=1e-12, elementwise_affine=True)
          (dropout): Dropout(p=0.5, inplace=False)
        )
      )
    )
  )
  (ap): ModuleList(
    (0): Linear(in_features=256, out_features=1024, bias=True)
    (1): Linear(in_features=256, out_features=4096, bias=True)
  )
  (LayerNorm): LayerNorm((256,), eps=1e-12, elementwise_affine=True)
  (dropout): Dropout(p=0.5, inplace=False)
  (loss_fct): CrossEntropyLoss()
  (attribute_loss_fct): BCEWithLogitsLoss()
)
Trainable parameters: 19684219
Thu 06 Nov 2025 21:21:27 INFO  epoch 0 training [time: 61.27s, train loss: 888.4115]
Thu 06 Nov 2025 21:22:31 INFO  epoch 1 training [time: 64.07s, train loss: 761.2005]
Thu 06 Nov 2025 21:22:36 INFO  epoch 1 evaluating [time: 5.47s, valid_score: 0.003000]
Thu 06 Nov 2025 21:22:36 INFO  valid result: 
recall@3 : 0.0009    recall@5 : 0.0019    recall@10 : 0.003    recall@20 : 0.0054    ndcg@3 : 0.0005    ndcg@5 : 0.001    ndcg@10 : 0.0013    ndcg@20 : 0.0019    
Thu 06 Nov 2025 21:22:38 INFO  Saving current best: saved/SASRecD-Nov-06-2025_21-20-25.pth
Thu 06 Nov 2025 21:23:39 INFO  epoch 2 training [time: 61.35s, train loss: 757.3594]
Thu 06 Nov 2025 21:24:43 INFO  epoch 3 training [time: 64.12s, train loss: 755.6861]
Thu 06 Nov 2025 21:24:49 INFO  epoch 3 evaluating [time: 5.64s, valid_score: 0.002600]
Thu 06 Nov 2025 21:24:49 INFO  valid result: 
recall@3 : 0.0002    recall@5 : 0.0015    recall@10 : 0.0026    recall@20 : 0.0045    ndcg@3 : 0.0002    ndcg@5 : 0.0007    ndcg@10 : 0.0011    ndcg@20 : 0.0016    
Thu 06 Nov 2025 21:25:51 INFO  epoch 4 training [time: 61.80s, train loss: 754.6522]
Thu 06 Nov 2025 21:26:54 INFO  epoch 5 training [time: 63.60s, train loss: 751.9022]
Thu 06 Nov 2025 21:27:00 INFO  epoch 5 evaluating [time: 5.20s, valid_score: 0.003100]
Thu 06 Nov 2025 21:27:00 INFO  valid result: 
recall@3 : 0.0008    recall@5 : 0.0017    recall@10 : 0.0031    recall@20 : 0.0061    ndcg@3 : 0.0005    ndcg@5 : 0.0008    ndcg@10 : 0.0013    ndcg@20 : 0.002    
Thu 06 Nov 2025 21:27:02 INFO  Saving current best: saved/SASRecD-Nov-06-2025_21-20-25.pth
Thu 06 Nov 2025 21:28:04 INFO  epoch 6 training [time: 62.01s, train loss: 744.1744]
Thu 06 Nov 2025 21:29:06 INFO  epoch 7 training [time: 62.24s, train loss: 741.4735]
Thu 06 Nov 2025 21:29:12 INFO  epoch 7 evaluating [time: 5.41s, valid_score: 0.002100]
Thu 06 Nov 2025 21:29:12 INFO  valid result: 
recall@3 : 0.0002    recall@5 : 0.0006    recall@10 : 0.0021    recall@20 : 0.0045    ndcg@3 : 0.0001    ndcg@5 : 0.0003    ndcg@10 : 0.0008    ndcg@20 : 0.0014    
Thu 06 Nov 2025 21:30:14 INFO  epoch 8 training [time: 62.68s, train loss: 739.1226]
Thu 06 Nov 2025 21:31:16 INFO  epoch 9 training [time: 61.24s, train loss: 736.4248]
Thu 06 Nov 2025 21:31:21 INFO  epoch 9 evaluating [time: 5.40s, valid_score: 0.003300]
Thu 06 Nov 2025 21:31:21 INFO  valid result: 
recall@3 : 0.0005    recall@5 : 0.0012    recall@10 : 0.0033    recall@20 : 0.0064    ndcg@3 : 0.0003    ndcg@5 : 0.0006    ndcg@10 : 0.0013    ndcg@20 : 0.0021    
Thu 06 Nov 2025 21:31:22 INFO  Saving current best: saved/SASRecD-Nov-06-2025_21-20-25.pth
Thu 06 Nov 2025 21:32:24 INFO  epoch 10 training [time: 61.34s, train loss: 733.1106]
Thu 06 Nov 2025 21:33:26 INFO  epoch 11 training [time: 62.15s, train loss: 730.7576]
Thu 06 Nov 2025 21:33:32 INFO  epoch 11 evaluating [time: 5.67s, valid_score: 0.003300]
Thu 06 Nov 2025 21:33:32 INFO  valid result: 
recall@3 : 0.0009    recall@5 : 0.0017    recall@10 : 0.0033    recall@20 : 0.0068    ndcg@3 : 0.0006    ndcg@5 : 0.0009    ndcg@10 : 0.0014    ndcg@20 : 0.0023    
Thu 06 Nov 2025 21:34:36 INFO  epoch 12 training [time: 64.08s, train loss: 728.0971]
Thu 06 Nov 2025 21:35:39 INFO  epoch 13 training [time: 63.54s, train loss: 725.1572]
Thu 06 Nov 2025 21:35:44 INFO  epoch 13 evaluating [time: 5.36s, valid_score: 0.004700]
Thu 06 Nov 2025 21:35:44 INFO  valid result: 
recall@3 : 0.0011    recall@5 : 0.0022    recall@10 : 0.0047    recall@20 : 0.0094    ndcg@3 : 0.0008    ndcg@5 : 0.0012    ndcg@10 : 0.002    ndcg@20 : 0.0032    
Thu 06 Nov 2025 21:35:46 INFO  Saving current best: saved/SASRecD-Nov-06-2025_21-20-25.pth
Thu 06 Nov 2025 21:36:48 INFO  epoch 14 training [time: 62.06s, train loss: 722.4916]
Thu 06 Nov 2025 21:37:51 INFO  epoch 15 training [time: 63.14s, train loss: 720.1891]
Thu 06 Nov 2025 21:37:56 INFO  epoch 15 evaluating [time: 5.36s, valid_score: 0.006300]
Thu 06 Nov 2025 21:37:56 INFO  valid result: 
recall@3 : 0.0017    recall@5 : 0.0028    recall@10 : 0.0063    recall@20 : 0.0115    ndcg@3 : 0.0011    ndcg@5 : 0.0015    ndcg@10 : 0.0026    ndcg@20 : 0.0039    
Thu 06 Nov 2025 21:37:58 INFO  Saving current best: saved/SASRecD-Nov-06-2025_21-20-25.pth
Thu 06 Nov 2025 21:39:00 INFO  epoch 16 training [time: 62.33s, train loss: 718.0690]
Thu 06 Nov 2025 21:40:04 INFO  epoch 17 training [time: 63.50s, train loss: 715.9229]
Thu 06 Nov 2025 21:40:09 INFO  epoch 17 evaluating [time: 5.37s, valid_score: 0.006800]
Thu 06 Nov 2025 21:40:09 INFO  valid result: 
recall@3 : 0.002    recall@5 : 0.0036    recall@10 : 0.0068    recall@20 : 0.0139    ndcg@3 : 0.0013    ndcg@5 : 0.0019    ndcg@10 : 0.0029    ndcg@20 : 0.0047    
Thu 06 Nov 2025 21:40:11 INFO  Saving current best: saved/SASRecD-Nov-06-2025_21-20-25.pth
Thu 06 Nov 2025 21:41:14 INFO  epoch 18 training [time: 63.05s, train loss: 713.8485]
Thu 06 Nov 2025 21:42:16 INFO  epoch 19 training [time: 62.67s, train loss: 711.8621]
Thu 06 Nov 2025 21:42:19 INFO  epoch 19 evaluating [time: 3.19s, valid_score: 0.009100]
Thu 06 Nov 2025 21:42:19 INFO  valid result: 
recall@3 : 0.0022    recall@5 : 0.0042    recall@10 : 0.0091    recall@20 : 0.017    ndcg@3 : 0.0014    ndcg@5 : 0.0022    ndcg@10 : 0.0038    ndcg@20 : 0.0058    
Thu 06 Nov 2025 21:42:21 INFO  Saving current best: saved/SASRecD-Nov-06-2025_21-20-25.pth
Thu 06 Nov 2025 21:43:23 INFO  epoch 20 training [time: 62.75s, train loss: 709.8805]
Thu 06 Nov 2025 21:44:26 INFO  epoch 21 training [time: 62.24s, train loss: 708.2146]
Thu 06 Nov 2025 21:44:31 INFO  epoch 21 evaluating [time: 5.43s, valid_score: 0.011200]
Thu 06 Nov 2025 21:44:31 INFO  valid result: 
recall@3 : 0.0025    recall@5 : 0.0051    recall@10 : 0.0112    recall@20 : 0.019    ndcg@3 : 0.0016    ndcg@5 : 0.0026    ndcg@10 : 0.0046    ndcg@20 : 0.0066    
Thu 06 Nov 2025 21:44:32 INFO  Saving current best: saved/SASRecD-Nov-06-2025_21-20-25.pth
Thu 06 Nov 2025 21:45:37 INFO  epoch 22 training [time: 64.85s, train loss: 706.6210]
Thu 06 Nov 2025 21:46:41 INFO  epoch 23 training [time: 63.65s, train loss: 704.9709]
Thu 06 Nov 2025 21:46:46 INFO  epoch 23 evaluating [time: 5.43s, valid_score: 0.012400]
Thu 06 Nov 2025 21:46:46 INFO  valid result: 
recall@3 : 0.0028    recall@5 : 0.0058    recall@10 : 0.0124    recall@20 : 0.0213    ndcg@3 : 0.0017    ndcg@5 : 0.003    ndcg@10 : 0.0051    ndcg@20 : 0.0073    
Thu 06 Nov 2025 21:46:47 INFO  Saving current best: saved/SASRecD-Nov-06-2025_21-20-25.pth
Thu 06 Nov 2025 21:47:49 INFO  epoch 24 training [time: 61.69s, train loss: 703.4560]
Thu 06 Nov 2025 21:48:52 INFO  epoch 25 training [time: 62.69s, train loss: 702.0190]
Thu 06 Nov 2025 21:48:57 INFO  epoch 25 evaluating [time: 5.32s, valid_score: 0.013200]
Thu 06 Nov 2025 21:48:57 INFO  valid result: 
recall@3 : 0.0032    recall@5 : 0.0065    recall@10 : 0.0132    recall@20 : 0.022    ndcg@3 : 0.0019    ndcg@5 : 0.0032    ndcg@10 : 0.0054    ndcg@20 : 0.0076    
Thu 06 Nov 2025 21:48:59 INFO  Saving current best: saved/SASRecD-Nov-06-2025_21-20-25.pth
Thu 06 Nov 2025 21:50:03 INFO  epoch 26 training [time: 63.72s, train loss: 700.7198]
Thu 06 Nov 2025 21:51:05 INFO  epoch 27 training [time: 62.91s, train loss: 699.5363]
Thu 06 Nov 2025 21:51:09 INFO  epoch 27 evaluating [time: 3.58s, valid_score: 0.013300]
Thu 06 Nov 2025 21:51:09 INFO  valid result: 
recall@3 : 0.0033    recall@5 : 0.0064    recall@10 : 0.0133    recall@20 : 0.0223    ndcg@3 : 0.002    ndcg@5 : 0.0033    ndcg@10 : 0.0055    ndcg@20 : 0.0077    
Thu 06 Nov 2025 21:51:10 INFO  Saving current best: saved/SASRecD-Nov-06-2025_21-20-25.pth
Thu 06 Nov 2025 21:52:13 INFO  epoch 28 training [time: 62.90s, train loss: 698.2319]
Thu 06 Nov 2025 21:53:16 INFO  epoch 29 training [time: 62.96s, train loss: 697.0342]
Thu 06 Nov 2025 21:53:22 INFO  epoch 29 evaluating [time: 5.42s, valid_score: 0.013700]
Thu 06 Nov 2025 21:53:22 INFO  valid result: 
recall@3 : 0.0035    recall@5 : 0.007    recall@10 : 0.0137    recall@20 : 0.0234    ndcg@3 : 0.002    ndcg@5 : 0.0034    ndcg@10 : 0.0055    ndcg@20 : 0.008    
Thu 06 Nov 2025 21:53:23 INFO  Saving current best: saved/SASRecD-Nov-06-2025_21-20-25.pth
Thu 06 Nov 2025 21:54:26 INFO  epoch 30 training [time: 62.74s, train loss: 695.8805]
Thu 06 Nov 2025 21:55:42 INFO  epoch 31 training [time: 75.89s, train loss: 694.5113]
Thu 06 Nov 2025 21:55:52 INFO  epoch 31 evaluating [time: 10.12s, valid_score: 0.014400]
Thu 06 Nov 2025 21:55:52 INFO  valid result: 
recall@3 : 0.0038    recall@5 : 0.0073    recall@10 : 0.0144    recall@20 : 0.0247    ndcg@3 : 0.0022    ndcg@5 : 0.0037    ndcg@10 : 0.0059    ndcg@20 : 0.0085    
Thu 06 Nov 2025 21:56:00 INFO  Saving current best: saved/SASRecD-Nov-06-2025_21-20-25.pth
Thu 06 Nov 2025 21:57:18 INFO  epoch 32 training [time: 77.35s, train loss: 693.4727]
Thu 06 Nov 2025 21:58:34 INFO  epoch 33 training [time: 75.84s, train loss: 692.4492]
Thu 06 Nov 2025 21:58:43 INFO  epoch 33 evaluating [time: 9.85s, valid_score: 0.014600]
Thu 06 Nov 2025 21:58:44 INFO  valid result: 
recall@3 : 0.0039    recall@5 : 0.0078    recall@10 : 0.0146    recall@20 : 0.0245    ndcg@3 : 0.0023    ndcg@5 : 0.0038    ndcg@10 : 0.0061    ndcg@20 : 0.0085    
Thu 06 Nov 2025 21:58:46 INFO  Saving current best: saved/SASRecD-Nov-06-2025_21-20-25.pth
Thu 06 Nov 2025 22:00:01 INFO  epoch 34 training [time: 74.14s, train loss: 691.4137]
Thu 06 Nov 2025 22:01:16 INFO  epoch 35 training [time: 75.43s, train loss: 690.2109]
Thu 06 Nov 2025 22:01:25 INFO  epoch 35 evaluating [time: 8.48s, valid_score: 0.014800]
Thu 06 Nov 2025 22:01:25 INFO  valid result: 
recall@3 : 0.0042    recall@5 : 0.0084    recall@10 : 0.0148    recall@20 : 0.0248    ndcg@3 : 0.0024    ndcg@5 : 0.0041    ndcg@10 : 0.0062    ndcg@20 : 0.0087    
Thu 06 Nov 2025 22:01:30 INFO  Saving current best: saved/SASRecD-Nov-06-2025_21-20-25.pth
Thu 06 Nov 2025 22:02:44 INFO  epoch 36 training [time: 73.66s, train loss: 689.4789]
Thu 06 Nov 2025 22:03:58 INFO  epoch 37 training [time: 74.33s, train loss: 688.2905]
Thu 06 Nov 2025 22:04:08 INFO  epoch 37 evaluating [time: 9.67s, valid_score: 0.014300]
Thu 06 Nov 2025 22:04:08 INFO  valid result: 
recall@3 : 0.004    recall@5 : 0.0075    recall@10 : 0.0143    recall@20 : 0.0249    ndcg@3 : 0.0023    ndcg@5 : 0.0037    ndcg@10 : 0.0059    ndcg@20 : 0.0086    
Thu 06 Nov 2025 22:05:22 INFO  epoch 38 training [time: 74.81s, train loss: 687.3549]
Thu 06 Nov 2025 22:06:38 INFO  epoch 39 training [time: 75.59s, train loss: 686.5875]
Thu 06 Nov 2025 22:06:47 INFO  epoch 39 evaluating [time: 9.08s, valid_score: 0.014800]
Thu 06 Nov 2025 22:06:47 INFO  valid result: 
recall@3 : 0.0042    recall@5 : 0.0079    recall@10 : 0.0148    recall@20 : 0.0256    ndcg@3 : 0.0024    ndcg@5 : 0.0039    ndcg@10 : 0.0061    ndcg@20 : 0.0089    
Thu 06 Nov 2025 22:07:56 INFO  epoch 40 training [time: 69.11s, train loss: 685.5688]
Thu 06 Nov 2025 22:09:05 INFO  epoch 41 training [time: 68.23s, train loss: 684.5402]
Thu 06 Nov 2025 22:09:10 INFO  epoch 41 evaluating [time: 5.21s, valid_score: 0.015400]
Thu 06 Nov 2025 22:09:10 INFO  valid result: 
recall@3 : 0.0044    recall@5 : 0.0081    recall@10 : 0.0154    recall@20 : 0.0257    ndcg@3 : 0.0025    ndcg@5 : 0.0041    ndcg@10 : 0.0064    ndcg@20 : 0.009    
Thu 06 Nov 2025 22:09:11 INFO  Saving current best: saved/SASRecD-Nov-06-2025_21-20-25.pth
Thu 06 Nov 2025 22:10:20 INFO  epoch 42 training [time: 68.96s, train loss: 683.6650]
Thu 06 Nov 2025 22:11:30 INFO  epoch 43 training [time: 70.60s, train loss: 682.8046]
Thu 06 Nov 2025 22:11:40 INFO  epoch 43 evaluating [time: 10.01s, valid_score: 0.015400]
Thu 06 Nov 2025 22:11:40 INFO  valid result: 
recall@3 : 0.0044    recall@5 : 0.0082    recall@10 : 0.0154    recall@20 : 0.0258    ndcg@3 : 0.0025    ndcg@5 : 0.0041    ndcg@10 : 0.0064    ndcg@20 : 0.009    
Thu 06 Nov 2025 22:12:46 INFO  epoch 44 training [time: 65.48s, train loss: 681.8743]
Thu 06 Nov 2025 22:13:58 INFO  epoch 45 training [time: 72.54s, train loss: 681.1407]
Thu 06 Nov 2025 22:14:04 INFO  epoch 45 evaluating [time: 5.38s, valid_score: 0.015400]
Thu 06 Nov 2025 22:14:04 INFO  valid result: 
recall@3 : 0.0045    recall@5 : 0.0083    recall@10 : 0.0154    recall@20 : 0.0259    ndcg@3 : 0.0026    ndcg@5 : 0.0041    ndcg@10 : 0.0064    ndcg@20 : 0.009    
Thu 06 Nov 2025 22:15:04 INFO  epoch 46 training [time: 60.52s, train loss: 680.3487]
Thu 06 Nov 2025 22:16:04 INFO  epoch 47 training [time: 59.97s, train loss: 679.4644]
Thu 06 Nov 2025 22:16:10 INFO  epoch 47 evaluating [time: 5.36s, valid_score: 0.015500]
Thu 06 Nov 2025 22:16:10 INFO  valid result: 
recall@3 : 0.0045    recall@5 : 0.0081    recall@10 : 0.0155    recall@20 : 0.0263    ndcg@3 : 0.0026    ndcg@5 : 0.0041    ndcg@10 : 0.0064    ndcg@20 : 0.0091    
Thu 06 Nov 2025 22:16:11 INFO  Saving current best: saved/SASRecD-Nov-06-2025_21-20-25.pth
Thu 06 Nov 2025 22:17:11 INFO  epoch 48 training [time: 60.02s, train loss: 678.6220]
Thu 06 Nov 2025 22:18:11 INFO  epoch 49 training [time: 59.45s, train loss: 677.7865]
Thu 06 Nov 2025 22:18:16 INFO  epoch 49 evaluating [time: 5.28s, valid_score: 0.015300]
Thu 06 Nov 2025 22:18:16 INFO  valid result: 
recall@3 : 0.0045    recall@5 : 0.0078    recall@10 : 0.0153    recall@20 : 0.0258    ndcg@3 : 0.0026    ndcg@5 : 0.004    ndcg@10 : 0.0064    ndcg@20 : 0.009    
Thu 06 Nov 2025 22:19:15 INFO  epoch 50 training [time: 59.18s, train loss: 677.1592]
Thu 06 Nov 2025 22:20:15 INFO  epoch 51 training [time: 59.38s, train loss: 676.5094]
Thu 06 Nov 2025 22:20:20 INFO  epoch 51 evaluating [time: 5.36s, valid_score: 0.014900]
Thu 06 Nov 2025 22:20:20 INFO  valid result: 
recall@3 : 0.004    recall@5 : 0.0077    recall@10 : 0.0149    recall@20 : 0.0254    ndcg@3 : 0.0023    ndcg@5 : 0.0038    ndcg@10 : 0.0062    ndcg@20 : 0.0088    
Thu 06 Nov 2025 22:21:19 INFO  epoch 52 training [time: 59.43s, train loss: 675.9947]
Thu 06 Nov 2025 22:22:19 INFO  epoch 53 training [time: 59.26s, train loss: 675.1687]
Thu 06 Nov 2025 22:22:24 INFO  epoch 53 evaluating [time: 5.34s, valid_score: 0.015100]
Thu 06 Nov 2025 22:22:24 INFO  valid result: 
recall@3 : 0.0046    recall@5 : 0.0078    recall@10 : 0.0151    recall@20 : 0.0258    ndcg@3 : 0.0027    ndcg@5 : 0.004    ndcg@10 : 0.0064    ndcg@20 : 0.009    
Thu 06 Nov 2025 22:23:23 INFO  epoch 54 training [time: 59.49s, train loss: 674.3317]
Thu 06 Nov 2025 22:24:23 INFO  epoch 55 training [time: 59.30s, train loss: 673.6850]
Thu 06 Nov 2025 22:24:26 INFO  epoch 55 evaluating [time: 3.11s, valid_score: 0.015500]
Thu 06 Nov 2025 22:24:26 INFO  valid result: 
recall@3 : 0.0048    recall@5 : 0.0082    recall@10 : 0.0155    recall@20 : 0.0258    ndcg@3 : 0.0028    ndcg@5 : 0.0042    ndcg@10 : 0.0065    ndcg@20 : 0.0091    
Thu 06 Nov 2025 22:25:25 INFO  epoch 56 training [time: 59.20s, train loss: 672.9963]
Thu 06 Nov 2025 22:26:25 INFO  epoch 57 training [time: 59.69s, train loss: 672.3213]
Thu 06 Nov 2025 22:26:30 INFO  epoch 57 evaluating [time: 5.19s, valid_score: 0.015100]
Thu 06 Nov 2025 22:26:30 INFO  valid result: 
recall@3 : 0.0044    recall@5 : 0.008    recall@10 : 0.0151    recall@20 : 0.0255    ndcg@3 : 0.0026    ndcg@5 : 0.0041    ndcg@10 : 0.0063    ndcg@20 : 0.009    
Thu 06 Nov 2025 22:27:29 INFO  epoch 58 training [time: 59.26s, train loss: 671.7343]
Thu 06 Nov 2025 22:28:28 INFO  epoch 59 training [time: 58.85s, train loss: 671.2030]
Thu 06 Nov 2025 22:28:33 INFO  epoch 59 evaluating [time: 5.11s, valid_score: 0.015200]
Thu 06 Nov 2025 22:28:33 INFO  valid result: 
recall@3 : 0.0042    recall@5 : 0.0078    recall@10 : 0.0152    recall@20 : 0.0258    ndcg@3 : 0.0025    ndcg@5 : 0.0039    ndcg@10 : 0.0063    ndcg@20 : 0.009    
Thu 06 Nov 2025 22:29:32 INFO  epoch 60 training [time: 59.25s, train loss: 670.3922]
Thu 06 Nov 2025 22:30:31 INFO  epoch 61 training [time: 59.10s, train loss: 669.8032]
Thu 06 Nov 2025 22:30:37 INFO  epoch 61 evaluating [time: 5.13s, valid_score: 0.015100]
Thu 06 Nov 2025 22:30:37 INFO  valid result: 
recall@3 : 0.0045    recall@5 : 0.0079    recall@10 : 0.0151    recall@20 : 0.0261    ndcg@3 : 0.0026    ndcg@5 : 0.004    ndcg@10 : 0.0064    ndcg@20 : 0.0091    
Thu 06 Nov 2025 22:31:35 INFO  epoch 62 training [time: 58.82s, train loss: 669.1614]
Thu 06 Nov 2025 22:32:35 INFO  epoch 63 training [time: 59.20s, train loss: 668.5864]
Thu 06 Nov 2025 22:32:40 INFO  epoch 63 evaluating [time: 5.19s, valid_score: 0.014600]
Thu 06 Nov 2025 22:32:40 INFO  valid result: 
recall@3 : 0.0045    recall@5 : 0.0074    recall@10 : 0.0146    recall@20 : 0.0262    ndcg@3 : 0.0027    ndcg@5 : 0.0039    ndcg@10 : 0.0062    ndcg@20 : 0.0091    
Thu 06 Nov 2025 22:33:39 INFO  epoch 64 training [time: 58.96s, train loss: 667.8894]
Thu 06 Nov 2025 22:34:38 INFO  epoch 65 training [time: 59.33s, train loss: 667.4334]
Thu 06 Nov 2025 22:34:43 INFO  epoch 65 evaluating [time: 5.29s, valid_score: 0.015100]
Thu 06 Nov 2025 22:34:43 INFO  valid result: 
recall@3 : 0.0044    recall@5 : 0.0078    recall@10 : 0.0151    recall@20 : 0.0253    ndcg@3 : 0.0026    ndcg@5 : 0.004    ndcg@10 : 0.0063    ndcg@20 : 0.0089    
Thu 06 Nov 2025 22:35:42 INFO  epoch 66 training [time: 58.93s, train loss: 666.6308]
Thu 06 Nov 2025 22:36:41 INFO  epoch 67 training [time: 59.05s, train loss: 666.3082]
Thu 06 Nov 2025 22:36:47 INFO  epoch 67 evaluating [time: 5.27s, valid_score: 0.014900]
Thu 06 Nov 2025 22:36:47 INFO  valid result: 
recall@3 : 0.0046    recall@5 : 0.0083    recall@10 : 0.0149    recall@20 : 0.0256    ndcg@3 : 0.0027    ndcg@5 : 0.0042    ndcg@10 : 0.0063    ndcg@20 : 0.009    
Thu 06 Nov 2025 22:37:45 INFO  epoch 68 training [time: 58.73s, train loss: 665.4840]
Thu 06 Nov 2025 22:38:45 INFO  epoch 69 training [time: 59.47s, train loss: 665.0497]
Thu 06 Nov 2025 22:38:50 INFO  epoch 69 evaluating [time: 5.23s, valid_score: 0.015000]
Thu 06 Nov 2025 22:38:50 INFO  valid result: 
recall@3 : 0.0044    recall@5 : 0.0082    recall@10 : 0.015    recall@20 : 0.0251    ndcg@3 : 0.0026    ndcg@5 : 0.0041    ndcg@10 : 0.0063    ndcg@20 : 0.0089    
Thu 06 Nov 2025 22:38:50 INFO  Finished training, best eval result in epoch 47
Thu 06 Nov 2025 22:38:51 INFO  Loading model structure and parameters from saved/SASRecD-Nov-06-2025_21-20-25.pth
Thu 06 Nov 2025 22:38:53 INFO  best valid : {'recall@3': np.float64(0.0045), 'recall@5': np.float64(0.0081), 'recall@10': np.float64(0.0155), 'recall@20': np.float64(0.0263), 'ndcg@3': np.float64(0.0026), 'ndcg@5': np.float64(0.0041), 'ndcg@10': np.float64(0.0064), 'ndcg@20': np.float64(0.0091)}
Thu 06 Nov 2025 22:38:53 INFO  test result: {'recall@3': np.float64(0.0024), 'recall@5': np.float64(0.0051), 'recall@10': np.float64(0.0096), 'recall@20': np.float64(0.0174), 'ndcg@3': np.float64(0.0014), 'ndcg@5': np.float64(0.0025), 'ndcg@10': np.float64(0.004), 'ndcg@20': np.float64(0.006)}
