Thu 06 Nov 2025 23:13:27 INFO  
General Hyper Parameters:
gpu_id = 0
use_gpu = True
seed = 212
state = INFO
reproducibility = True
data_path = ./recbole/data/dataset/Amazon_Sports_and_Outdoors
show_progress = True
save_dataset = False
save_dataloaders = False
benchmark_filename = None

Training Hyper Parameters:
checkpoint_dir = saved
epochs = 200
train_batch_size = 1024
learner = adam
learning_rate = 0.0001
eval_step = 2
stopping_step = 10
clip_grad_norm = None
weight_decay = 0.0
loss_decimal_place = 4

Evaluation Hyper Parameters:
eval_args = {'split': {'LS': 'valid_and_test'}, 'group_by': 'user', 'order': 'TO', 'mode': 'full'}
metrics = ['Recall', 'NDCG']
topk = [3, 5, 10, 20]
valid_metric = Recall@10
valid_metric_bigger = True
eval_batch_size = 256
metric_decimal_place = 4

Dataset Hyper Parameters:
field_separator = 	
seq_separator =  
USER_ID_FIELD = user_id
ITEM_ID_FIELD = item_id
RATING_FIELD = rating
TIME_FIELD = timestamp
seq_len = None
LABEL_FIELD = label
threshold = None
NEG_PREFIX = neg_
load_col = {'inter': ['user_id', 'item_id', 'rating', 'timestamp'], 'item': ['item_id', 'title', 'sales_rank', 'price', 'brand', 'categories', 'sales_type'], 'title_original': ['ent_id', 'ent_emb']}
unload_col = None
unused_col = None
additional_feat_suffix = ['title_original']
rm_dup_inter = None
val_interval = None
filter_inter_by_user_or_item = True
user_inter_num_interval = [5,inf)
item_inter_num_interval = [5,inf)
alias_of_user_id = None
alias_of_item_id = ['ent_id']
alias_of_entity_id = None
alias_of_relation_id = None
preload_weight = {'ent_id': 'ent_emb'}
normalize_field = None
normalize_all = None
ITEM_LIST_LENGTH_FIELD = item_length
LIST_SUFFIX = _list
MAX_ITEM_LIST_LENGTH = 50
POSITION_FIELD = position_id
HEAD_ENTITY_ID_FIELD = head_id
TAIL_ENTITY_ID_FIELD = tail_id
RELATION_ID_FIELD = relation_id
ENTITY_ID_FIELD = entity_id

Other Hyper Parameters: 
neg_sampling = None
multi_gpus = False
repeatable = True
n_layers = 3
n_heads = 8
hidden_size = 256
attribute_hidden_size = [128]
inner_size = 256
hidden_dropout_prob = 0.5
attn_dropout_prob = 0.3
hidden_act = gelu
layer_norm_eps = 1e-12
initializer_range = 0.02
selected_features = ['ent_emb']
pooling_mode = sum
loss_type = CE
weight_sharing = not
fusion_type = gate
lamdas = [5]
attribute_predictor = ['cos_sim']
MODEL_TYPE = ModelType.SEQUENTIAL
orig_attribute_hidden_size = [1024]
feature_type = ['static']
wandb_run_name = log_mlp_title
annealing = False
MODEL_INPUT_TYPE = InputType.POINTWISE
eval_type = EvaluatorType.RANKING
device = cuda
train_neg_sample_args = {'strategy': 'none'}
eval_neg_sample_args = {'strategy': 'full', 'distribution': 'uniform'}


Thu 06 Nov 2025 23:13:32 INFO  Amazon_Sports_and_Outdoors
The number of users: 35599
Average actions of users: 8.324540704533963
The number of items: 18358
Average actions of items: 16.142997221768262
The number of inters: 296337
The sparsity of the dataset: 99.95465569853714%
Remain Fields: ['user_id', 'item_id', 'rating', 'timestamp', 'title', 'price', 'brand', 'categories', 'sales_type', 'sales_rank', 'ent_id', 'ent_emb']
Thu 06 Nov 2025 23:13:35 INFO  [Training]: train_batch_size = [1024] negative sampling: [None]
Thu 06 Nov 2025 23:13:35 INFO  [Evaluation]: eval_batch_size = [256] eval_args: [{'split': {'LS': 'valid_and_test'}, 'group_by': 'user', 'order': 'TO', 'mode': 'full'}]
Thu 06 Nov 2025 23:13:37 INFO  SASRecD(
  (item_embedding): Embedding(18358, 256, padding_idx=0)
  (position_embedding): Embedding(50, 256)
  (feature_embed_layer_list): ModuleList(
    (0): Embedding(
      18358, 1024
      (mlp): MLP(
        (net): Sequential(
          (0): Linear(in_features=1024, out_features=512, bias=True)
          (1): ReLU()
          (2): Dropout(p=0.1, inplace=False)
          (3): Linear(in_features=512, out_features=256, bias=True)
          (4): ReLU()
          (5): Dropout(p=0.1, inplace=False)
          (6): Linear(in_features=256, out_features=128, bias=True)
          (7): LayerNorm((128,), eps=1e-05, elementwise_affine=True)
        )
      )
    )
  )
  (trm_encoder): DIFTransformerEncoder(
    (layer): ModuleList(
      (0-2): 3 x DIFTransformerLayer(
        (multi_head_attention): DIFMultiHeadAttention(
          (query): Linear(in_features=256, out_features=256, bias=True)
          (key): Linear(in_features=256, out_features=256, bias=True)
          (value): Linear(in_features=256, out_features=256, bias=True)
          (query_p): Linear(in_features=256, out_features=256, bias=True)
          (key_p): Linear(in_features=256, out_features=256, bias=True)
          (query_layers): ModuleList(
            (0): Linear(in_features=128, out_features=128, bias=True)
          )
          (key_layers): ModuleList(
            (0): Linear(in_features=128, out_features=128, bias=True)
          )
          (fusion_layer): VanillaAttention(
            (projection): Sequential(
              (0): Linear(in_features=50, out_features=50, bias=True)
              (1): ReLU(inplace=True)
              (2): Linear(in_features=50, out_features=1, bias=True)
            )
          )
          (attn_dropout): Dropout(p=0.3, inplace=False)
          (dense): Linear(in_features=256, out_features=256, bias=True)
          (LayerNorm): LayerNorm((256,), eps=1e-12, elementwise_affine=True)
          (out_dropout): Dropout(p=0.5, inplace=False)
        )
        (feed_forward): FeedForward(
          (dense_1): Linear(in_features=256, out_features=256, bias=True)
          (dense_2): Linear(in_features=256, out_features=256, bias=True)
          (LayerNorm): LayerNorm((256,), eps=1e-12, elementwise_affine=True)
          (dropout): Dropout(p=0.5, inplace=False)
        )
      )
    )
  )
  (ap): ModuleList(
    (0): Linear(in_features=256, out_features=1024, bias=True)
  )
  (LayerNorm): LayerNorm((256,), eps=1e-12, elementwise_affine=True)
  (dropout): Dropout(p=0.5, inplace=False)
  (loss_fct): CrossEntropyLoss()
  (attribute_loss_fct): BCEWithLogitsLoss()
)
Trainable parameters: 7354363
Thu 06 Nov 2025 23:14:07 INFO  epoch 0 training [time: 31.39s, train loss: 2189.8780]
Thu 06 Nov 2025 23:14:35 INFO  epoch 1 training [time: 28.39s, train loss: 1991.8567]
Thu 06 Nov 2025 23:14:35 INFO  epoch 1 evaluating [time: -0.35s, valid_score: 0.012900]
Thu 06 Nov 2025 23:14:35 INFO  valid result: 
recall@3 : 0.006    recall@5 : 0.0081    recall@10 : 0.0129    recall@20 : 0.024    ndcg@3 : 0.0044    ndcg@5 : 0.0053    ndcg@10 : 0.0068    ndcg@20 : 0.0095    
Thu 06 Nov 2025 23:14:35 INFO  Saving current best: saved/SASRecD-Nov-06-2025_23-13-37.pth
Thu 06 Nov 2025 23:15:06 INFO  epoch 2 training [time: 30.94s, train loss: 1979.1558]
Thu 06 Nov 2025 23:15:34 INFO  epoch 3 training [time: 28.36s, train loss: 1974.4670]
Thu 06 Nov 2025 23:15:36 INFO  epoch 3 evaluating [time: 2.14s, valid_score: 0.012600]
Thu 06 Nov 2025 23:15:36 INFO  valid result: 
recall@3 : 0.0059    recall@5 : 0.0081    recall@10 : 0.0126    recall@20 : 0.0233    ndcg@3 : 0.0043    ndcg@5 : 0.0052    ndcg@10 : 0.0066    ndcg@20 : 0.0093    
Thu 06 Nov 2025 23:16:05 INFO  epoch 4 training [time: 28.69s, train loss: 1968.4750]
Thu 06 Nov 2025 23:16:33 INFO  epoch 5 training [time: 28.38s, train loss: 1956.7117]
Thu 06 Nov 2025 23:16:35 INFO  epoch 5 evaluating [time: 2.09s, valid_score: 0.015200]
Thu 06 Nov 2025 23:16:35 INFO  valid result: 
recall@3 : 0.0058    recall@5 : 0.009    recall@10 : 0.0152    recall@20 : 0.0281    ndcg@3 : 0.0042    ndcg@5 : 0.0055    ndcg@10 : 0.0075    ndcg@20 : 0.0107    
Thu 06 Nov 2025 23:16:36 INFO  Saving current best: saved/SASRecD-Nov-06-2025_23-13-37.pth
Thu 06 Nov 2025 23:17:04 INFO  epoch 6 training [time: 28.41s, train loss: 1926.5332]
Thu 06 Nov 2025 23:17:33 INFO  epoch 7 training [time: 28.59s, train loss: 1895.4304]
Thu 06 Nov 2025 23:17:35 INFO  epoch 7 evaluating [time: 2.09s, valid_score: 0.022200]
Thu 06 Nov 2025 23:17:35 INFO  valid result: 
recall@3 : 0.0083    recall@5 : 0.0125    recall@10 : 0.0222    recall@20 : 0.0377    ndcg@3 : 0.0058    ndcg@5 : 0.0076    ndcg@10 : 0.0106    ndcg@20 : 0.0145    
Thu 06 Nov 2025 23:17:35 INFO  Saving current best: saved/SASRecD-Nov-06-2025_23-13-37.pth
Thu 06 Nov 2025 23:18:04 INFO  epoch 8 training [time: 28.46s, train loss: 1870.0647]
Thu 06 Nov 2025 23:18:32 INFO  epoch 9 training [time: 28.32s, train loss: 1847.9038]
Thu 06 Nov 2025 23:18:34 INFO  epoch 9 evaluating [time: 2.14s, valid_score: 0.026800]
Thu 06 Nov 2025 23:18:34 INFO  valid result: 
recall@3 : 0.0087    recall@5 : 0.0143    recall@10 : 0.0268    recall@20 : 0.0455    ndcg@3 : 0.0061    ndcg@5 : 0.0084    ndcg@10 : 0.0124    ndcg@20 : 0.0171    
Thu 06 Nov 2025 23:18:34 INFO  Saving current best: saved/SASRecD-Nov-06-2025_23-13-37.pth
Thu 06 Nov 2025 23:19:03 INFO  epoch 10 training [time: 28.51s, train loss: 1826.8761]
Thu 06 Nov 2025 23:19:31 INFO  epoch 11 training [time: 28.46s, train loss: 1805.5897]
Thu 06 Nov 2025 23:19:33 INFO  epoch 11 evaluating [time: 2.10s, valid_score: 0.033500]
Thu 06 Nov 2025 23:19:33 INFO  valid result: 
recall@3 : 0.0121    recall@5 : 0.0192    recall@10 : 0.0335    recall@20 : 0.0542    ndcg@3 : 0.008    ndcg@5 : 0.0109    ndcg@10 : 0.0155    ndcg@20 : 0.0207    
Thu 06 Nov 2025 23:19:34 INFO  Saving current best: saved/SASRecD-Nov-06-2025_23-13-37.pth
Thu 06 Nov 2025 23:20:02 INFO  epoch 12 training [time: 28.40s, train loss: 1785.7343]
Thu 06 Nov 2025 23:20:30 INFO  epoch 13 training [time: 28.54s, train loss: 1765.8374]
Thu 06 Nov 2025 23:20:33 INFO  epoch 13 evaluating [time: 2.11s, valid_score: 0.040600]
Thu 06 Nov 2025 23:20:33 INFO  valid result: 
recall@3 : 0.016    recall@5 : 0.0247    recall@10 : 0.0406    recall@20 : 0.0632    ndcg@3 : 0.0103    ndcg@5 : 0.0139    ndcg@10 : 0.019    ndcg@20 : 0.0247    
Thu 06 Nov 2025 23:20:33 INFO  Saving current best: saved/SASRecD-Nov-06-2025_23-13-37.pth
Thu 06 Nov 2025 23:21:01 INFO  epoch 14 training [time: 28.49s, train loss: 1747.0113]
Thu 06 Nov 2025 23:21:30 INFO  epoch 15 training [time: 28.42s, train loss: 1728.8646]
Thu 06 Nov 2025 23:21:32 INFO  epoch 15 evaluating [time: 2.11s, valid_score: 0.047500]
Thu 06 Nov 2025 23:21:32 INFO  valid result: 
recall@3 : 0.0192    recall@5 : 0.0296    recall@10 : 0.0475    recall@20 : 0.0705    ndcg@3 : 0.0122    ndcg@5 : 0.0165    ndcg@10 : 0.0223    ndcg@20 : 0.028    
Thu 06 Nov 2025 23:21:32 INFO  Saving current best: saved/SASRecD-Nov-06-2025_23-13-37.pth
Thu 06 Nov 2025 23:22:01 INFO  epoch 16 training [time: 28.52s, train loss: 1711.5236]
Thu 06 Nov 2025 23:22:29 INFO  epoch 17 training [time: 28.44s, train loss: 1695.1104]
Thu 06 Nov 2025 23:22:31 INFO  epoch 17 evaluating [time: 2.10s, valid_score: 0.051900]
Thu 06 Nov 2025 23:22:31 INFO  valid result: 
recall@3 : 0.0217    recall@5 : 0.033    recall@10 : 0.0519    recall@20 : 0.0764    ndcg@3 : 0.0137    ndcg@5 : 0.0183    ndcg@10 : 0.0244    ndcg@20 : 0.0306    
Thu 06 Nov 2025 23:22:31 INFO  Saving current best: saved/SASRecD-Nov-06-2025_23-13-37.pth
Thu 06 Nov 2025 23:23:00 INFO  epoch 18 training [time: 28.80s, train loss: 1679.3289]
Thu 06 Nov 2025 23:23:31 INFO  epoch 19 training [time: 30.91s, train loss: 1664.1276]
Thu 06 Nov 2025 23:23:31 INFO  epoch 19 evaluating [time: -0.32s, valid_score: 0.055800]
Thu 06 Nov 2025 23:23:31 INFO  valid result: 
recall@3 : 0.0242    recall@5 : 0.0364    recall@10 : 0.0558    recall@20 : 0.0806    ndcg@3 : 0.0149    ndcg@5 : 0.0199    ndcg@10 : 0.0261    ndcg@20 : 0.0324    
Thu 06 Nov 2025 23:23:31 INFO  Saving current best: saved/SASRecD-Nov-06-2025_23-13-37.pth
Thu 06 Nov 2025 23:24:02 INFO  epoch 20 training [time: 30.50s, train loss: 1650.2362]
Thu 06 Nov 2025 23:24:32 INFO  epoch 21 training [time: 30.15s, train loss: 1636.0626]
Thu 06 Nov 2025 23:24:34 INFO  epoch 21 evaluating [time: 2.22s, valid_score: 0.058200]
Thu 06 Nov 2025 23:24:34 INFO  valid result: 
recall@3 : 0.026    recall@5 : 0.0382    recall@10 : 0.0582    recall@20 : 0.084    ndcg@3 : 0.0159    ndcg@5 : 0.0209    ndcg@10 : 0.0273    ndcg@20 : 0.0338    
Thu 06 Nov 2025 23:24:34 INFO  Saving current best: saved/SASRecD-Nov-06-2025_23-13-37.pth
Thu 06 Nov 2025 23:25:03 INFO  epoch 22 training [time: 28.68s, train loss: 1623.3337]
Thu 06 Nov 2025 23:25:31 INFO  epoch 23 training [time: 28.68s, train loss: 1610.9966]
Thu 06 Nov 2025 23:25:34 INFO  epoch 23 evaluating [time: 2.10s, valid_score: 0.060100]
Thu 06 Nov 2025 23:25:34 INFO  valid result: 
recall@3 : 0.0267    recall@5 : 0.0394    recall@10 : 0.0601    recall@20 : 0.0871    ndcg@3 : 0.0161    ndcg@5 : 0.0214    ndcg@10 : 0.028    ndcg@20 : 0.0348    
Thu 06 Nov 2025 23:25:34 INFO  Saving current best: saved/SASRecD-Nov-06-2025_23-13-37.pth
Thu 06 Nov 2025 23:26:02 INFO  epoch 24 training [time: 28.62s, train loss: 1598.9456]
Thu 06 Nov 2025 23:26:31 INFO  epoch 25 training [time: 28.49s, train loss: 1587.8546]
Thu 06 Nov 2025 23:26:33 INFO  epoch 25 evaluating [time: 2.13s, valid_score: 0.061700]
Thu 06 Nov 2025 23:26:33 INFO  valid result: 
recall@3 : 0.0277    recall@5 : 0.0401    recall@10 : 0.0617    recall@20 : 0.0894    ndcg@3 : 0.0167    ndcg@5 : 0.0218    ndcg@10 : 0.0288    ndcg@20 : 0.0358    
Thu 06 Nov 2025 23:26:33 INFO  Saving current best: saved/SASRecD-Nov-06-2025_23-13-37.pth
Thu 06 Nov 2025 23:27:02 INFO  epoch 26 training [time: 28.42s, train loss: 1576.5245]
Thu 06 Nov 2025 23:27:30 INFO  epoch 27 training [time: 28.57s, train loss: 1566.6968]
Thu 06 Nov 2025 23:27:32 INFO  epoch 27 evaluating [time: 2.11s, valid_score: 0.062400]
Thu 06 Nov 2025 23:27:32 INFO  valid result: 
recall@3 : 0.0283    recall@5 : 0.0405    recall@10 : 0.0624    recall@20 : 0.0924    ndcg@3 : 0.017    ndcg@5 : 0.0221    ndcg@10 : 0.0291    ndcg@20 : 0.0366    
Thu 06 Nov 2025 23:27:33 INFO  Saving current best: saved/SASRecD-Nov-06-2025_23-13-37.pth
Thu 06 Nov 2025 23:28:01 INFO  epoch 28 training [time: 28.57s, train loss: 1556.3059]
Thu 06 Nov 2025 23:28:30 INFO  epoch 29 training [time: 28.46s, train loss: 1547.1153]
Thu 06 Nov 2025 23:28:32 INFO  epoch 29 evaluating [time: 2.11s, valid_score: 0.063100]
Thu 06 Nov 2025 23:28:32 INFO  valid result: 
recall@3 : 0.0286    recall@5 : 0.0414    recall@10 : 0.0631    recall@20 : 0.0933    ndcg@3 : 0.0172    ndcg@5 : 0.0224    ndcg@10 : 0.0294    ndcg@20 : 0.0371    
Thu 06 Nov 2025 23:28:32 INFO  Saving current best: saved/SASRecD-Nov-06-2025_23-13-37.pth
Thu 06 Nov 2025 23:29:01 INFO  epoch 30 training [time: 29.11s, train loss: 1537.7612]
Thu 06 Nov 2025 23:29:30 INFO  epoch 31 training [time: 28.50s, train loss: 1529.3039]
Thu 06 Nov 2025 23:29:32 INFO  epoch 31 evaluating [time: 2.10s, valid_score: 0.064400]
Thu 06 Nov 2025 23:29:32 INFO  valid result: 
recall@3 : 0.0289    recall@5 : 0.0416    recall@10 : 0.0644    recall@20 : 0.0948    ndcg@3 : 0.0173    ndcg@5 : 0.0225    ndcg@10 : 0.0298    ndcg@20 : 0.0375    
Thu 06 Nov 2025 23:29:32 INFO  Saving current best: saved/SASRecD-Nov-06-2025_23-13-37.pth
Thu 06 Nov 2025 23:30:00 INFO  epoch 32 training [time: 28.50s, train loss: 1520.5756]
Thu 06 Nov 2025 23:30:29 INFO  epoch 33 training [time: 28.58s, train loss: 1512.0086]
Thu 06 Nov 2025 23:30:31 INFO  epoch 33 evaluating [time: 2.12s, valid_score: 0.065600]
Thu 06 Nov 2025 23:30:31 INFO  valid result: 
recall@3 : 0.0285    recall@5 : 0.042    recall@10 : 0.0656    recall@20 : 0.0955    ndcg@3 : 0.0171    ndcg@5 : 0.0227    ndcg@10 : 0.0303    ndcg@20 : 0.0378    
Thu 06 Nov 2025 23:30:31 INFO  Saving current best: saved/SASRecD-Nov-06-2025_23-13-37.pth
Thu 06 Nov 2025 23:31:00 INFO  epoch 34 training [time: 28.52s, train loss: 1504.6850]
Thu 06 Nov 2025 23:31:28 INFO  epoch 35 training [time: 28.53s, train loss: 1497.6544]
Thu 06 Nov 2025 23:31:31 INFO  epoch 35 evaluating [time: 2.13s, valid_score: 0.066500]
Thu 06 Nov 2025 23:31:31 INFO  valid result: 
recall@3 : 0.0291    recall@5 : 0.0422    recall@10 : 0.0665    recall@20 : 0.095    ndcg@3 : 0.0174    ndcg@5 : 0.0228    ndcg@10 : 0.0306    ndcg@20 : 0.0378    
Thu 06 Nov 2025 23:31:31 INFO  Saving current best: saved/SASRecD-Nov-06-2025_23-13-37.pth
Thu 06 Nov 2025 23:31:59 INFO  epoch 36 training [time: 28.53s, train loss: 1489.9593]
Thu 06 Nov 2025 23:32:28 INFO  epoch 37 training [time: 28.56s, train loss: 1483.5746]
Thu 06 Nov 2025 23:32:30 INFO  epoch 37 evaluating [time: 2.11s, valid_score: 0.067400]
Thu 06 Nov 2025 23:32:30 INFO  valid result: 
recall@3 : 0.029    recall@5 : 0.0426    recall@10 : 0.0674    recall@20 : 0.0962    ndcg@3 : 0.0175    ndcg@5 : 0.0231    ndcg@10 : 0.031    ndcg@20 : 0.0383    
Thu 06 Nov 2025 23:32:30 INFO  Saving current best: saved/SASRecD-Nov-06-2025_23-13-37.pth
Thu 06 Nov 2025 23:32:59 INFO  epoch 38 training [time: 28.49s, train loss: 1476.0601]
Thu 06 Nov 2025 23:33:27 INFO  epoch 39 training [time: 28.54s, train loss: 1470.5327]
Thu 06 Nov 2025 23:33:29 INFO  epoch 39 evaluating [time: 2.11s, valid_score: 0.067100]
Thu 06 Nov 2025 23:33:29 INFO  valid result: 
recall@3 : 0.0288    recall@5 : 0.0429    recall@10 : 0.0671    recall@20 : 0.0967    ndcg@3 : 0.0174    ndcg@5 : 0.0232    ndcg@10 : 0.031    ndcg@20 : 0.0385    
Thu 06 Nov 2025 23:33:58 INFO  epoch 40 training [time: 28.63s, train loss: 1464.7555]
Thu 06 Nov 2025 23:34:27 INFO  epoch 41 training [time: 28.48s, train loss: 1458.3212]
Thu 06 Nov 2025 23:34:29 INFO  epoch 41 evaluating [time: 2.14s, valid_score: 0.067100]
Thu 06 Nov 2025 23:34:29 INFO  valid result: 
recall@3 : 0.029    recall@5 : 0.0433    recall@10 : 0.0671    recall@20 : 0.0969    ndcg@3 : 0.0176    ndcg@5 : 0.0234    ndcg@10 : 0.0311    ndcg@20 : 0.0386    
Thu 06 Nov 2025 23:34:57 INFO  epoch 42 training [time: 28.54s, train loss: 1452.8276]
Thu 06 Nov 2025 23:35:26 INFO  epoch 43 training [time: 28.57s, train loss: 1447.5252]
Thu 06 Nov 2025 23:35:28 INFO  epoch 43 evaluating [time: 2.12s, valid_score: 0.067200]
Thu 06 Nov 2025 23:35:28 INFO  valid result: 
recall@3 : 0.0285    recall@5 : 0.0431    recall@10 : 0.0672    recall@20 : 0.0974    ndcg@3 : 0.0174    ndcg@5 : 0.0234    ndcg@10 : 0.0312    ndcg@20 : 0.0388    
Thu 06 Nov 2025 23:35:56 INFO  epoch 44 training [time: 28.51s, train loss: 1442.1406]
Thu 06 Nov 2025 23:36:25 INFO  epoch 45 training [time: 28.65s, train loss: 1436.9921]
Thu 06 Nov 2025 23:36:27 INFO  epoch 45 evaluating [time: 2.18s, valid_score: 0.067100]
Thu 06 Nov 2025 23:36:27 INFO  valid result: 
recall@3 : 0.029    recall@5 : 0.043    recall@10 : 0.0671    recall@20 : 0.0976    ndcg@3 : 0.0178    ndcg@5 : 0.0236    ndcg@10 : 0.0313    ndcg@20 : 0.039    
Thu 06 Nov 2025 23:36:56 INFO  epoch 46 training [time: 28.69s, train loss: 1432.0839]
Thu 06 Nov 2025 23:37:24 INFO  epoch 47 training [time: 28.56s, train loss: 1427.7657]
Thu 06 Nov 2025 23:37:27 INFO  epoch 47 evaluating [time: 2.13s, valid_score: 0.067200]
Thu 06 Nov 2025 23:37:27 INFO  valid result: 
recall@3 : 0.0293    recall@5 : 0.0435    recall@10 : 0.0672    recall@20 : 0.0977    ndcg@3 : 0.0179    ndcg@5 : 0.0237    ndcg@10 : 0.0313    ndcg@20 : 0.039    
Thu 06 Nov 2025 23:37:55 INFO  epoch 48 training [time: 28.56s, train loss: 1422.8313]
Thu 06 Nov 2025 23:38:24 INFO  epoch 49 training [time: 28.61s, train loss: 1418.0104]
Thu 06 Nov 2025 23:38:26 INFO  epoch 49 evaluating [time: 2.14s, valid_score: 0.067000]
Thu 06 Nov 2025 23:38:26 INFO  valid result: 
recall@3 : 0.0289    recall@5 : 0.0432    recall@10 : 0.067    recall@20 : 0.0974    ndcg@3 : 0.0177    ndcg@5 : 0.0236    ndcg@10 : 0.0312    ndcg@20 : 0.0389    
Thu 06 Nov 2025 23:38:55 INFO  epoch 50 training [time: 28.61s, train loss: 1413.4352]
Thu 06 Nov 2025 23:39:23 INFO  epoch 51 training [time: 28.57s, train loss: 1409.2311]
Thu 06 Nov 2025 23:39:25 INFO  epoch 51 evaluating [time: 2.13s, valid_score: 0.067100]
Thu 06 Nov 2025 23:39:25 INFO  valid result: 
recall@3 : 0.0283    recall@5 : 0.0431    recall@10 : 0.0671    recall@20 : 0.0968    ndcg@3 : 0.0174    ndcg@5 : 0.0235    ndcg@10 : 0.0312    ndcg@20 : 0.0387    
Thu 06 Nov 2025 23:39:54 INFO  epoch 52 training [time: 28.65s, train loss: 1405.2320]
Thu 06 Nov 2025 23:40:22 INFO  epoch 53 training [time: 28.54s, train loss: 1400.7260]
Thu 06 Nov 2025 23:40:25 INFO  epoch 53 evaluating [time: 2.13s, valid_score: 0.067400]
Thu 06 Nov 2025 23:40:25 INFO  valid result: 
recall@3 : 0.0289    recall@5 : 0.0426    recall@10 : 0.0674    recall@20 : 0.0972    ndcg@3 : 0.0177    ndcg@5 : 0.0234    ndcg@10 : 0.0314    ndcg@20 : 0.0389    
Thu 06 Nov 2025 23:40:56 INFO  epoch 54 training [time: 31.19s, train loss: 1397.0135]
Thu 06 Nov 2025 23:41:23 INFO  epoch 55 training [time: 27.21s, train loss: 1392.0948]
Thu 06 Nov 2025 23:41:25 INFO  epoch 55 evaluating [time: 2.18s, valid_score: 0.066600]
Thu 06 Nov 2025 23:41:25 INFO  valid result: 
recall@3 : 0.029    recall@5 : 0.0431    recall@10 : 0.0666    recall@20 : 0.0974    ndcg@3 : 0.0177    ndcg@5 : 0.0236    ndcg@10 : 0.0311    ndcg@20 : 0.0389    
Thu 06 Nov 2025 23:41:54 INFO  epoch 56 training [time: 28.55s, train loss: 1388.4400]
Thu 06 Nov 2025 23:42:22 INFO  epoch 57 training [time: 28.38s, train loss: 1384.4161]
Thu 06 Nov 2025 23:42:24 INFO  epoch 57 evaluating [time: 2.16s, valid_score: 0.066500]
Thu 06 Nov 2025 23:42:24 INFO  valid result: 
recall@3 : 0.0284    recall@5 : 0.0427    recall@10 : 0.0665    recall@20 : 0.097    ndcg@3 : 0.0175    ndcg@5 : 0.0234    ndcg@10 : 0.0311    ndcg@20 : 0.0387    
Thu 06 Nov 2025 23:42:53 INFO  epoch 58 training [time: 28.43s, train loss: 1381.0413]
Thu 06 Nov 2025 23:43:21 INFO  epoch 59 training [time: 28.22s, train loss: 1377.0600]
Thu 06 Nov 2025 23:43:23 INFO  epoch 59 evaluating [time: 2.15s, valid_score: 0.066000]
Thu 06 Nov 2025 23:43:23 INFO  valid result: 
recall@3 : 0.0283    recall@5 : 0.0424    recall@10 : 0.066    recall@20 : 0.0963    ndcg@3 : 0.0175    ndcg@5 : 0.0233    ndcg@10 : 0.0309    ndcg@20 : 0.0385    
Thu 06 Nov 2025 23:43:23 INFO  Finished training, best eval result in epoch 37
Thu 06 Nov 2025 23:43:23 INFO  Loading model structure and parameters from saved/SASRecD-Nov-06-2025_23-13-37.pth
Thu 06 Nov 2025 23:43:25 INFO  best valid : {'recall@3': np.float64(0.029), 'recall@5': np.float64(0.0426), 'recall@10': np.float64(0.0674), 'recall@20': np.float64(0.0962), 'ndcg@3': np.float64(0.0175), 'ndcg@5': np.float64(0.0231), 'ndcg@10': np.float64(0.031), 'ndcg@20': np.float64(0.0383)}
Thu 06 Nov 2025 23:43:25 INFO  test result: {'recall@3': np.float64(0.0228), 'recall@5': np.float64(0.0342), 'recall@10': np.float64(0.053), 'recall@20': np.float64(0.0777), 'ndcg@3': np.float64(0.0138), 'ndcg@5': np.float64(0.0185), 'ndcg@10': np.float64(0.0246), 'ndcg@20': np.float64(0.0308)}
