Fri 31 Oct 2025 12:40:31 INFO  
General Hyper Parameters:
gpu_id = 0
use_gpu = True
seed = 212
state = INFO
reproducibility = True
data_path = ./recbole/data/dataset/Amazon_Sports_and_Outdoors
show_progress = True
save_dataset = False
save_dataloaders = False
benchmark_filename = None

Training Hyper Parameters:
checkpoint_dir = saved
epochs = 200
train_batch_size = 1024
learner = adam
learning_rate = 0.0001
eval_step = 2
stopping_step = 10
clip_grad_norm = None
weight_decay = 0.0
loss_decimal_place = 4

Evaluation Hyper Parameters:
eval_args = {'split': {'LS': 'valid_and_test'}, 'group_by': 'user', 'order': 'TO', 'mode': 'full'}
metrics = ['Recall', 'NDCG']
topk = [3, 5, 10, 20]
valid_metric = Recall@10
valid_metric_bigger = True
eval_batch_size = 256
metric_decimal_place = 4

Dataset Hyper Parameters:
field_separator = 	
seq_separator =  
USER_ID_FIELD = user_id
ITEM_ID_FIELD = item_id
RATING_FIELD = rating
TIME_FIELD = timestamp
seq_len = None
LABEL_FIELD = label
threshold = None
NEG_PREFIX = neg_
load_col = {'inter': ['user_id', 'item_id', 'rating', 'timestamp'], 'item': ['item_id', 'title', 'sales_rank', 'price', 'brand', 'categories', 'sales_type'], 'title_original': ['ent_id', 'ent_emb']}
unload_col = None
unused_col = None
additional_feat_suffix = ['title_original']
rm_dup_inter = None
val_interval = None
filter_inter_by_user_or_item = True
user_inter_num_interval = [5,inf)
item_inter_num_interval = [5,inf)
alias_of_user_id = None
alias_of_item_id = ['ent_id']
alias_of_entity_id = None
alias_of_relation_id = None
preload_weight = {'ent_id': 'ent_emb'}
normalize_field = None
normalize_all = None
ITEM_LIST_LENGTH_FIELD = item_length
LIST_SUFFIX = _list
MAX_ITEM_LIST_LENGTH = 50
POSITION_FIELD = position_id
HEAD_ENTITY_ID_FIELD = head_id
TAIL_ENTITY_ID_FIELD = tail_id
RELATION_ID_FIELD = relation_id
ENTITY_ID_FIELD = entity_id

Other Hyper Parameters: 
neg_sampling = None
multi_gpus = False
repeatable = True
n_layers = 3
n_heads = 8
hidden_size = 256
attribute_hidden_size = [128, 64]
inner_size = 256
hidden_dropout_prob = 0.5
attn_dropout_prob = 0.3
hidden_act = gelu
layer_norm_eps = 1e-12
initializer_range = 0.02
selected_features = ['ent_emb', 'categories']
pooling_mode = sum
loss_type = CE
weight_sharing = not
fusion_type = gate
lamdas = [5, 5]
attribute_predictor = ['cos_sim', 'linear']
MODEL_TYPE = ModelType.SEQUENTIAL
orig_attribute_hidden_size = [1024]
feature_type = ['static', 'categorical']
wandb_run_name = mlp_titles_categories
annealing = False
MODEL_INPUT_TYPE = InputType.POINTWISE
eval_type = EvaluatorType.RANKING
device = cuda
train_neg_sample_args = {'strategy': 'none'}
eval_neg_sample_args = {'strategy': 'full', 'distribution': 'uniform'}


Fri 31 Oct 2025 12:40:36 INFO  Amazon_Sports_and_Outdoors
The number of users: 35599
Average actions of users: 8.324540704533963
The number of items: 18358
Average actions of items: 16.142997221768262
The number of inters: 296337
The sparsity of the dataset: 99.95465569853714%
Remain Fields: ['user_id', 'item_id', 'rating', 'timestamp', 'title', 'price', 'brand', 'categories', 'sales_type', 'sales_rank', 'ent_id', 'ent_emb']
Fri 31 Oct 2025 12:40:39 INFO  [Training]: train_batch_size = [1024] negative sampling: [None]
Fri 31 Oct 2025 12:40:39 INFO  [Evaluation]: eval_batch_size = [256] eval_args: [{'split': {'LS': 'valid_and_test'}, 'group_by': 'user', 'order': 'TO', 'mode': 'full'}]
Fri 31 Oct 2025 12:40:41 INFO  SASRecD(
  (item_embedding): Embedding(18358, 256, padding_idx=0)
  (position_embedding): Embedding(50, 256)
  (feature_embed_layer_list): ModuleList(
    (0): Embedding(
      18358, 1024
      (mlp): MLP(
        (net): Sequential(
          (0): Linear(in_features=1024, out_features=512, bias=True)
          (1): ReLU()
          (2): Dropout(p=0.1, inplace=False)
          (3): Linear(in_features=512, out_features=256, bias=True)
          (4): ReLU()
          (5): Dropout(p=0.1, inplace=False)
          (6): Linear(in_features=256, out_features=128, bias=True)
          (7): LayerNorm((128,), eps=1e-05, elementwise_affine=True)
        )
      )
    )
    (1): FeatureSeqEmbLayer()
  )
  (trm_encoder): DIFTransformerEncoder(
    (layer): ModuleList(
      (0-2): 3 x DIFTransformerLayer(
        (multi_head_attention): DIFMultiHeadAttention(
          (query): Linear(in_features=256, out_features=256, bias=True)
          (key): Linear(in_features=256, out_features=256, bias=True)
          (value): Linear(in_features=256, out_features=256, bias=True)
          (query_p): Linear(in_features=256, out_features=256, bias=True)
          (key_p): Linear(in_features=256, out_features=256, bias=True)
          (query_layers): ModuleList(
            (0): Linear(in_features=128, out_features=128, bias=True)
            (1): Linear(in_features=64, out_features=64, bias=True)
          )
          (key_layers): ModuleList(
            (0): Linear(in_features=128, out_features=128, bias=True)
            (1): Linear(in_features=64, out_features=64, bias=True)
          )
          (fusion_layer): VanillaAttention(
            (projection): Sequential(
              (0): Linear(in_features=50, out_features=50, bias=True)
              (1): ReLU(inplace=True)
              (2): Linear(in_features=50, out_features=1, bias=True)
            )
          )
          (attn_dropout): Dropout(p=0.3, inplace=False)
          (dense): Linear(in_features=256, out_features=256, bias=True)
          (LayerNorm): LayerNorm((256,), eps=1e-12, elementwise_affine=True)
          (out_dropout): Dropout(p=0.5, inplace=False)
        )
        (feed_forward): FeedForward(
          (dense_1): Linear(in_features=256, out_features=256, bias=True)
          (dense_2): Linear(in_features=256, out_features=256, bias=True)
          (LayerNorm): LayerNorm((256,), eps=1e-12, elementwise_affine=True)
          (dropout): Dropout(p=0.5, inplace=False)
        )
      )
    )
  )
  (ap): ModuleList(
    (0): Linear(in_features=256, out_features=1024, bias=True)
    (1): Linear(in_features=256, out_features=1876, bias=True)
  )
  (LayerNorm): LayerNorm((256,), eps=1e-12, elementwise_affine=True)
  (dropout): Dropout(p=0.5, inplace=False)
  (loss_fct): CrossEntropyLoss()
  (attribute_loss_fct): BCEWithLogitsLoss()
)
Trainable parameters: 7861455
Fri 31 Oct 2025 12:41:20 INFO  epoch 0 training [time: 38.81s, train loss: 2116.3951]
Fri 31 Oct 2025 12:41:57 INFO  epoch 1 training [time: 36.40s, train loss: 1870.8101]
Fri 31 Oct 2025 12:41:59 INFO  epoch 1 evaluating [time: 2.61s, valid_score: 0.012700]
Fri 31 Oct 2025 12:41:59 INFO  valid result: 
recall@3 : 0.006    recall@5 : 0.0081    recall@10 : 0.0127    recall@20 : 0.0227    ndcg@3 : 0.0044    ndcg@5 : 0.0053    ndcg@10 : 0.0068    ndcg@20 : 0.0093    
Fri 31 Oct 2025 12:42:02 INFO  Saving current best: saved/SASRecD-Oct-31-2025_12-40-41.pth
Fri 31 Oct 2025 12:42:40 INFO  epoch 2 training [time: 37.61s, train loss: 1855.2998]
Fri 31 Oct 2025 12:43:17 INFO  epoch 3 training [time: 37.51s, train loss: 1848.7292]
Fri 31 Oct 2025 12:43:20 INFO  epoch 3 evaluating [time: 2.52s, valid_score: 0.012500]
Fri 31 Oct 2025 12:43:20 INFO  valid result: 
recall@3 : 0.0059    recall@5 : 0.0083    recall@10 : 0.0125    recall@20 : 0.0228    ndcg@3 : 0.0043    ndcg@5 : 0.0053    ndcg@10 : 0.0066    ndcg@20 : 0.0092    
Fri 31 Oct 2025 12:43:57 INFO  epoch 4 training [time: 37.44s, train loss: 1841.6216]
Fri 31 Oct 2025 12:44:34 INFO  epoch 5 training [time: 36.38s, train loss: 1831.1042]
Fri 31 Oct 2025 12:44:36 INFO  epoch 5 evaluating [time: 2.51s, valid_score: 0.014600]
Fri 31 Oct 2025 12:44:36 INFO  valid result: 
recall@3 : 0.006    recall@5 : 0.0087    recall@10 : 0.0146    recall@20 : 0.0263    ndcg@3 : 0.0044    ndcg@5 : 0.0055    ndcg@10 : 0.0074    ndcg@20 : 0.0103    
Fri 31 Oct 2025 12:44:39 INFO  Saving current best: saved/SASRecD-Oct-31-2025_12-40-41.pth
Fri 31 Oct 2025 12:45:16 INFO  epoch 6 training [time: 37.48s, train loss: 1809.5446]
Fri 31 Oct 2025 12:45:54 INFO  epoch 7 training [time: 37.54s, train loss: 1778.9451]
Fri 31 Oct 2025 12:45:56 INFO  epoch 7 evaluating [time: 2.51s, valid_score: 0.021400]
Fri 31 Oct 2025 12:45:56 INFO  valid result: 
recall@3 : 0.0084    recall@5 : 0.0128    recall@10 : 0.0214    recall@20 : 0.0363    ndcg@3 : 0.0059    ndcg@5 : 0.0077    ndcg@10 : 0.0105    ndcg@20 : 0.0142    
Fri 31 Oct 2025 12:45:59 INFO  Saving current best: saved/SASRecD-Oct-31-2025_12-40-41.pth
Fri 31 Oct 2025 12:46:36 INFO  epoch 8 training [time: 37.61s, train loss: 1754.1889]
Fri 31 Oct 2025 12:47:13 INFO  epoch 9 training [time: 36.36s, train loss: 1732.0154]
Fri 31 Oct 2025 12:47:15 INFO  epoch 9 evaluating [time: 2.51s, valid_score: 0.025700]
Fri 31 Oct 2025 12:47:15 INFO  valid result: 
recall@3 : 0.009    recall@5 : 0.0144    recall@10 : 0.0257    recall@20 : 0.0428    ndcg@3 : 0.0062    ndcg@5 : 0.0084    ndcg@10 : 0.0121    ndcg@20 : 0.0164    
Fri 31 Oct 2025 12:47:17 INFO  Saving current best: saved/SASRecD-Oct-31-2025_12-40-41.pth
Fri 31 Oct 2025 12:47:55 INFO  epoch 10 training [time: 37.52s, train loss: 1710.1445]
Fri 31 Oct 2025 12:48:32 INFO  epoch 11 training [time: 37.45s, train loss: 1687.8121]
Fri 31 Oct 2025 12:48:35 INFO  epoch 11 evaluating [time: 2.50s, valid_score: 0.033100]
Fri 31 Oct 2025 12:48:35 INFO  valid result: 
recall@3 : 0.0113    recall@5 : 0.0181    recall@10 : 0.0331    recall@20 : 0.0537    ndcg@3 : 0.0075    ndcg@5 : 0.0103    ndcg@10 : 0.0151    ndcg@20 : 0.0203    
Fri 31 Oct 2025 12:48:37 INFO  Saving current best: saved/SASRecD-Oct-31-2025_12-40-41.pth
Fri 31 Oct 2025 12:49:14 INFO  epoch 12 training [time: 36.40s, train loss: 1666.2417]
Fri 31 Oct 2025 12:49:51 INFO  epoch 13 training [time: 37.56s, train loss: 1645.2358]
Fri 31 Oct 2025 12:49:54 INFO  epoch 13 evaluating [time: 2.52s, valid_score: 0.039700]
Fri 31 Oct 2025 12:49:54 INFO  valid result: 
recall@3 : 0.0158    recall@5 : 0.0244    recall@10 : 0.0397    recall@20 : 0.0617    ndcg@3 : 0.0104    ndcg@5 : 0.0139    ndcg@10 : 0.0188    ndcg@20 : 0.0243    
Fri 31 Oct 2025 12:49:56 INFO  Saving current best: saved/SASRecD-Oct-31-2025_12-40-41.pth
Fri 31 Oct 2025 12:50:34 INFO  epoch 14 training [time: 37.51s, train loss: 1624.7845]
Fri 31 Oct 2025 12:51:11 INFO  epoch 15 training [time: 37.65s, train loss: 1605.3307]
Fri 31 Oct 2025 12:51:14 INFO  epoch 15 evaluating [time: 2.51s, valid_score: 0.046300]
Fri 31 Oct 2025 12:51:14 INFO  valid result: 
recall@3 : 0.0195    recall@5 : 0.0289    recall@10 : 0.0463    recall@20 : 0.0694    ndcg@3 : 0.0124    ndcg@5 : 0.0163    ndcg@10 : 0.0219    ndcg@20 : 0.0276    
Fri 31 Oct 2025 12:51:16 INFO  Saving current best: saved/SASRecD-Oct-31-2025_12-40-41.pth
Fri 31 Oct 2025 12:51:52 INFO  epoch 16 training [time: 36.45s, train loss: 1586.6370]
Fri 31 Oct 2025 12:52:30 INFO  epoch 17 training [time: 37.71s, train loss: 1569.2837]
Fri 31 Oct 2025 12:52:33 INFO  epoch 17 evaluating [time: 2.51s, valid_score: 0.051200]
Fri 31 Oct 2025 12:52:33 INFO  valid result: 
recall@3 : 0.0212    recall@5 : 0.0328    recall@10 : 0.0512    recall@20 : 0.0763    ndcg@3 : 0.0133    ndcg@5 : 0.018    ndcg@10 : 0.024    ndcg@20 : 0.0303    
Fri 31 Oct 2025 12:52:35 INFO  Saving current best: saved/SASRecD-Oct-31-2025_12-40-41.pth
Fri 31 Oct 2025 12:53:13 INFO  epoch 18 training [time: 37.60s, train loss: 1551.7817]
Fri 31 Oct 2025 12:53:50 INFO  epoch 19 training [time: 37.45s, train loss: 1535.5415]
Fri 31 Oct 2025 12:53:53 INFO  epoch 19 evaluating [time: 2.52s, valid_score: 0.054700]
Fri 31 Oct 2025 12:53:53 INFO  valid result: 
recall@3 : 0.0228    recall@5 : 0.0349    recall@10 : 0.0547    recall@20 : 0.0811    ndcg@3 : 0.0141    ndcg@5 : 0.0191    ndcg@10 : 0.0255    ndcg@20 : 0.0322    
Fri 31 Oct 2025 12:53:54 INFO  Saving current best: saved/SASRecD-Oct-31-2025_12-40-41.pth
Fri 31 Oct 2025 12:54:31 INFO  epoch 20 training [time: 37.55s, train loss: 1520.6021]
Fri 31 Oct 2025 12:55:09 INFO  epoch 21 training [time: 37.45s, train loss: 1505.7455]
Fri 31 Oct 2025 12:55:11 INFO  epoch 21 evaluating [time: 2.48s, valid_score: 0.057000]
Fri 31 Oct 2025 12:55:11 INFO  valid result: 
recall@3 : 0.0246    recall@5 : 0.0374    recall@10 : 0.057    recall@20 : 0.0836    ndcg@3 : 0.015    ndcg@5 : 0.0203    ndcg@10 : 0.0267    ndcg@20 : 0.0334    
Fri 31 Oct 2025 12:55:13 INFO  Saving current best: saved/SASRecD-Oct-31-2025_12-40-41.pth
Fri 31 Oct 2025 12:55:51 INFO  epoch 22 training [time: 37.45s, train loss: 1491.2417]
Fri 31 Oct 2025 12:56:28 INFO  epoch 23 training [time: 37.54s, train loss: 1477.0940]
Fri 31 Oct 2025 12:56:30 INFO  epoch 23 evaluating [time: 1.40s, valid_score: 0.059800]
Fri 31 Oct 2025 12:56:30 INFO  valid result: 
recall@3 : 0.0257    recall@5 : 0.0386    recall@10 : 0.0598    recall@20 : 0.0875    ndcg@3 : 0.0157    ndcg@5 : 0.021    ndcg@10 : 0.0278    ndcg@20 : 0.0348    
Fri 31 Oct 2025 12:56:32 INFO  Saving current best: saved/SASRecD-Oct-31-2025_12-40-41.pth
Fri 31 Oct 2025 12:57:09 INFO  epoch 24 training [time: 37.46s, train loss: 1464.1326]
Fri 31 Oct 2025 12:57:47 INFO  epoch 25 training [time: 37.54s, train loss: 1450.9676]
Fri 31 Oct 2025 12:57:50 INFO  epoch 25 evaluating [time: 2.52s, valid_score: 0.061500]
Fri 31 Oct 2025 12:57:50 INFO  valid result: 
recall@3 : 0.0266    recall@5 : 0.0394    recall@10 : 0.0615    recall@20 : 0.089    ndcg@3 : 0.0161    ndcg@5 : 0.0213    ndcg@10 : 0.0284    ndcg@20 : 0.0354    
Fri 31 Oct 2025 12:57:52 INFO  Saving current best: saved/SASRecD-Oct-31-2025_12-40-41.pth
Fri 31 Oct 2025 12:58:29 INFO  epoch 26 training [time: 37.50s, train loss: 1437.7521]
Fri 31 Oct 2025 12:59:06 INFO  epoch 27 training [time: 36.54s, train loss: 1425.9061]
Fri 31 Oct 2025 12:59:08 INFO  epoch 27 evaluating [time: 2.52s, valid_score: 0.063000]
Fri 31 Oct 2025 12:59:08 INFO  valid result: 
recall@3 : 0.0274    recall@5 : 0.0406    recall@10 : 0.063    recall@20 : 0.0913    ndcg@3 : 0.0165    ndcg@5 : 0.022    ndcg@10 : 0.0292    ndcg@20 : 0.0363    
Fri 31 Oct 2025 12:59:11 INFO  Saving current best: saved/SASRecD-Oct-31-2025_12-40-41.pth
Fri 31 Oct 2025 12:59:48 INFO  epoch 28 training [time: 37.48s, train loss: 1413.8902]
Fri 31 Oct 2025 13:00:25 INFO  epoch 29 training [time: 36.91s, train loss: 1401.8988]
Fri 31 Oct 2025 13:00:27 INFO  epoch 29 evaluating [time: 2.48s, valid_score: 0.063600]
Fri 31 Oct 2025 13:00:27 INFO  valid result: 
recall@3 : 0.0278    recall@5 : 0.0413    recall@10 : 0.0636    recall@20 : 0.0929    ndcg@3 : 0.0168    ndcg@5 : 0.0223    ndcg@10 : 0.0295    ndcg@20 : 0.0368    
Fri 31 Oct 2025 13:00:30 INFO  Saving current best: saved/SASRecD-Oct-31-2025_12-40-41.pth
Fri 31 Oct 2025 13:01:07 INFO  epoch 30 training [time: 37.57s, train loss: 1390.4461]
Fri 31 Oct 2025 13:01:45 INFO  epoch 31 training [time: 37.63s, train loss: 1379.1918]
Fri 31 Oct 2025 13:01:47 INFO  epoch 31 evaluating [time: 2.51s, valid_score: 0.064400]
Fri 31 Oct 2025 13:01:47 INFO  valid result: 
recall@3 : 0.0277    recall@5 : 0.0422    recall@10 : 0.0644    recall@20 : 0.0944    ndcg@3 : 0.0168    ndcg@5 : 0.0227    ndcg@10 : 0.0298    ndcg@20 : 0.0374    
Fri 31 Oct 2025 13:01:50 INFO  Saving current best: saved/SASRecD-Oct-31-2025_12-40-41.pth
Fri 31 Oct 2025 13:02:26 INFO  epoch 32 training [time: 36.52s, train loss: 1367.8390]
Fri 31 Oct 2025 13:03:04 INFO  epoch 33 training [time: 37.55s, train loss: 1356.9136]
Fri 31 Oct 2025 13:03:06 INFO  epoch 33 evaluating [time: 2.53s, valid_score: 0.065300]
Fri 31 Oct 2025 13:03:06 INFO  valid result: 
recall@3 : 0.0285    recall@5 : 0.0425    recall@10 : 0.0653    recall@20 : 0.0954    ndcg@3 : 0.0171    ndcg@5 : 0.0229    ndcg@10 : 0.0302    ndcg@20 : 0.0378    
Fri 31 Oct 2025 13:03:09 INFO  Saving current best: saved/SASRecD-Oct-31-2025_12-40-41.pth
Fri 31 Oct 2025 13:03:46 INFO  epoch 34 training [time: 37.57s, train loss: 1346.3038]
Fri 31 Oct 2025 13:04:24 INFO  epoch 35 training [time: 37.50s, train loss: 1335.8880]
Fri 31 Oct 2025 13:04:26 INFO  epoch 35 evaluating [time: 2.52s, valid_score: 0.065500]
Fri 31 Oct 2025 13:04:26 INFO  valid result: 
recall@3 : 0.0281    recall@5 : 0.0429    recall@10 : 0.0655    recall@20 : 0.0961    ndcg@3 : 0.0171    ndcg@5 : 0.0231    ndcg@10 : 0.0304    ndcg@20 : 0.0381    
Fri 31 Oct 2025 13:04:29 INFO  Saving current best: saved/SASRecD-Oct-31-2025_12-40-41.pth
Fri 31 Oct 2025 13:05:05 INFO  epoch 36 training [time: 36.36s, train loss: 1325.0690]
Fri 31 Oct 2025 13:05:42 INFO  epoch 37 training [time: 37.43s, train loss: 1314.8178]
Fri 31 Oct 2025 13:05:45 INFO  epoch 37 evaluating [time: 2.52s, valid_score: 0.064800]
Fri 31 Oct 2025 13:05:45 INFO  valid result: 
recall@3 : 0.0281    recall@5 : 0.0428    recall@10 : 0.0648    recall@20 : 0.0969    ndcg@3 : 0.017    ndcg@5 : 0.0231    ndcg@10 : 0.0302    ndcg@20 : 0.0382    
Fri 31 Oct 2025 13:06:22 INFO  epoch 38 training [time: 37.58s, train loss: 1304.6769]
Fri 31 Oct 2025 13:07:00 INFO  epoch 39 training [time: 37.48s, train loss: 1293.6330]
Fri 31 Oct 2025 13:07:03 INFO  epoch 39 evaluating [time: 2.53s, valid_score: 0.064700]
Fri 31 Oct 2025 13:07:03 INFO  valid result: 
recall@3 : 0.0286    recall@5 : 0.0427    recall@10 : 0.0647    recall@20 : 0.0972    ndcg@3 : 0.0173    ndcg@5 : 0.0231    ndcg@10 : 0.0301    ndcg@20 : 0.0383    
Fri 31 Oct 2025 13:07:39 INFO  epoch 40 training [time: 36.34s, train loss: 1283.5430]
Fri 31 Oct 2025 13:08:16 INFO  epoch 41 training [time: 37.50s, train loss: 1274.1308]
Fri 31 Oct 2025 13:08:19 INFO  epoch 41 evaluating [time: 2.51s, valid_score: 0.064900]
Fri 31 Oct 2025 13:08:19 INFO  valid result: 
recall@3 : 0.0284    recall@5 : 0.0429    recall@10 : 0.0649    recall@20 : 0.098    ndcg@3 : 0.0171    ndcg@5 : 0.0231    ndcg@10 : 0.0302    ndcg@20 : 0.0385    
Fri 31 Oct 2025 13:08:56 INFO  epoch 42 training [time: 37.49s, train loss: 1263.8268]
Fri 31 Oct 2025 13:09:34 INFO  epoch 43 training [time: 37.53s, train loss: 1253.6469]
Fri 31 Oct 2025 13:09:36 INFO  epoch 43 evaluating [time: 2.51s, valid_score: 0.065900]
Fri 31 Oct 2025 13:09:36 INFO  valid result: 
recall@3 : 0.0292    recall@5 : 0.043    recall@10 : 0.0659    recall@20 : 0.0977    ndcg@3 : 0.0175    ndcg@5 : 0.0232    ndcg@10 : 0.0305    ndcg@20 : 0.0385    
Fri 31 Oct 2025 13:09:39 INFO  Saving current best: saved/SASRecD-Oct-31-2025_12-40-41.pth
Fri 31 Oct 2025 13:10:15 INFO  epoch 44 training [time: 36.37s, train loss: 1244.1922]
Fri 31 Oct 2025 13:10:53 INFO  epoch 45 training [time: 37.69s, train loss: 1233.4292]
Fri 31 Oct 2025 13:10:55 INFO  epoch 45 evaluating [time: 2.55s, valid_score: 0.065400]
Fri 31 Oct 2025 13:10:55 INFO  valid result: 
recall@3 : 0.0288    recall@5 : 0.0431    recall@10 : 0.0654    recall@20 : 0.098    ndcg@3 : 0.0174    ndcg@5 : 0.0232    ndcg@10 : 0.0304    ndcg@20 : 0.0386    
Fri 31 Oct 2025 13:11:33 INFO  epoch 46 training [time: 37.53s, train loss: 1223.8456]
Fri 31 Oct 2025 13:12:10 INFO  epoch 47 training [time: 37.64s, train loss: 1213.1216]
Fri 31 Oct 2025 13:12:13 INFO  epoch 47 evaluating [time: 2.51s, valid_score: 0.065800]
Fri 31 Oct 2025 13:12:13 INFO  valid result: 
recall@3 : 0.0286    recall@5 : 0.043    recall@10 : 0.0658    recall@20 : 0.0982    ndcg@3 : 0.0173    ndcg@5 : 0.0233    ndcg@10 : 0.0306    ndcg@20 : 0.0387    
Fri 31 Oct 2025 13:12:50 INFO  epoch 48 training [time: 37.19s, train loss: 1204.0244]
Fri 31 Oct 2025 13:13:29 INFO  epoch 49 training [time: 38.62s, train loss: 1193.2803]
Fri 31 Oct 2025 13:13:31 INFO  epoch 49 evaluating [time: 2.65s, valid_score: 0.066400]
Fri 31 Oct 2025 13:13:31 INFO  valid result: 
recall@3 : 0.0286    recall@5 : 0.0424    recall@10 : 0.0664    recall@20 : 0.0987    ndcg@3 : 0.0173    ndcg@5 : 0.023    ndcg@10 : 0.0307    ndcg@20 : 0.0388    
Fri 31 Oct 2025 13:13:34 INFO  Saving current best: saved/SASRecD-Oct-31-2025_12-40-41.pth
Fri 31 Oct 2025 13:14:12 INFO  epoch 50 training [time: 37.89s, train loss: 1183.1826]
Fri 31 Oct 2025 13:14:50 INFO  epoch 51 training [time: 38.26s, train loss: 1172.5580]
Fri 31 Oct 2025 13:14:52 INFO  epoch 51 evaluating [time: 2.52s, valid_score: 0.066600]
Fri 31 Oct 2025 13:14:52 INFO  valid result: 
recall@3 : 0.0291    recall@5 : 0.0428    recall@10 : 0.0666    recall@20 : 0.0988    ndcg@3 : 0.0179    ndcg@5 : 0.0235    ndcg@10 : 0.0312    ndcg@20 : 0.0393    
Fri 31 Oct 2025 13:14:53 INFO  Saving current best: saved/SASRecD-Oct-31-2025_12-40-41.pth
Fri 31 Oct 2025 13:15:31 INFO  epoch 52 training [time: 37.56s, train loss: 1162.8542]
Fri 31 Oct 2025 13:16:08 INFO  epoch 53 training [time: 37.44s, train loss: 1152.0764]
Fri 31 Oct 2025 13:16:11 INFO  epoch 53 evaluating [time: 2.51s, valid_score: 0.066700]
Fri 31 Oct 2025 13:16:11 INFO  valid result: 
recall@3 : 0.0292    recall@5 : 0.0433    recall@10 : 0.0667    recall@20 : 0.099    ndcg@3 : 0.0177    ndcg@5 : 0.0235    ndcg@10 : 0.031    ndcg@20 : 0.0391    
Fri 31 Oct 2025 13:16:13 INFO  Saving current best: saved/SASRecD-Oct-31-2025_12-40-41.pth
Fri 31 Oct 2025 13:16:51 INFO  epoch 54 training [time: 37.60s, train loss: 1141.3001]
Fri 31 Oct 2025 13:17:28 INFO  epoch 55 training [time: 37.58s, train loss: 1131.1310]
Fri 31 Oct 2025 13:17:30 INFO  epoch 55 evaluating [time: 1.36s, valid_score: 0.067000]
Fri 31 Oct 2025 13:17:30 INFO  valid result: 
recall@3 : 0.0297    recall@5 : 0.0437    recall@10 : 0.067    recall@20 : 0.0991    ndcg@3 : 0.0182    ndcg@5 : 0.0239    ndcg@10 : 0.0314    ndcg@20 : 0.0395    
Fri 31 Oct 2025 13:17:32 INFO  Saving current best: saved/SASRecD-Oct-31-2025_12-40-41.pth
Fri 31 Oct 2025 13:18:10 INFO  epoch 56 training [time: 37.55s, train loss: 1120.4826]
Fri 31 Oct 2025 13:18:47 INFO  epoch 57 training [time: 37.44s, train loss: 1109.8151]
Fri 31 Oct 2025 13:18:50 INFO  epoch 57 evaluating [time: 2.50s, valid_score: 0.066500]
Fri 31 Oct 2025 13:18:50 INFO  valid result: 
recall@3 : 0.0287    recall@5 : 0.0433    recall@10 : 0.0665    recall@20 : 0.0988    ndcg@3 : 0.0176    ndcg@5 : 0.0236    ndcg@10 : 0.0311    ndcg@20 : 0.0392    
Fri 31 Oct 2025 13:19:27 INFO  epoch 58 training [time: 37.55s, train loss: 1098.6059]
Fri 31 Oct 2025 13:20:05 INFO  epoch 59 training [time: 37.75s, train loss: 1088.2744]
Fri 31 Oct 2025 13:20:06 INFO  epoch 59 evaluating [time: 1.32s, valid_score: 0.067100]
Fri 31 Oct 2025 13:20:06 INFO  valid result: 
recall@3 : 0.029    recall@5 : 0.0429    recall@10 : 0.0671    recall@20 : 0.0988    ndcg@3 : 0.0179    ndcg@5 : 0.0236    ndcg@10 : 0.0313    ndcg@20 : 0.0393    
Fri 31 Oct 2025 13:20:09 INFO  Saving current best: saved/SASRecD-Oct-31-2025_12-40-41.pth
Fri 31 Oct 2025 13:20:46 INFO  epoch 60 training [time: 37.74s, train loss: 1076.7754]
Fri 31 Oct 2025 13:21:24 INFO  epoch 61 training [time: 37.57s, train loss: 1065.8892]
Fri 31 Oct 2025 13:21:27 INFO  epoch 61 evaluating [time: 2.52s, valid_score: 0.067400]
Fri 31 Oct 2025 13:21:27 INFO  valid result: 
recall@3 : 0.0291    recall@5 : 0.0434    recall@10 : 0.0674    recall@20 : 0.0987    ndcg@3 : 0.0178    ndcg@5 : 0.0237    ndcg@10 : 0.0314    ndcg@20 : 0.0393    
Fri 31 Oct 2025 13:21:29 INFO  Saving current best: saved/SASRecD-Oct-31-2025_12-40-41.pth
Fri 31 Oct 2025 13:22:06 INFO  epoch 62 training [time: 37.47s, train loss: 1055.0042]
Fri 31 Oct 2025 13:22:43 INFO  epoch 63 training [time: 36.32s, train loss: 1044.8194]
Fri 31 Oct 2025 13:22:45 INFO  epoch 63 evaluating [time: 2.53s, valid_score: 0.066900]
Fri 31 Oct 2025 13:22:45 INFO  valid result: 
recall@3 : 0.0289    recall@5 : 0.0435    recall@10 : 0.0669    recall@20 : 0.0991    ndcg@3 : 0.0178    ndcg@5 : 0.0238    ndcg@10 : 0.0313    ndcg@20 : 0.0394    
Fri 31 Oct 2025 13:23:23 INFO  epoch 64 training [time: 37.57s, train loss: 1032.3576]
Fri 31 Oct 2025 13:24:00 INFO  epoch 65 training [time: 37.50s, train loss: 1021.3259]
Fri 31 Oct 2025 13:24:03 INFO  epoch 65 evaluating [time: 2.56s, valid_score: 0.067800]
Fri 31 Oct 2025 13:24:03 INFO  valid result: 
recall@3 : 0.0292    recall@5 : 0.043    recall@10 : 0.0678    recall@20 : 0.098    ndcg@3 : 0.0181    ndcg@5 : 0.0238    ndcg@10 : 0.0317    ndcg@20 : 0.0393    
Fri 31 Oct 2025 13:24:05 INFO  Saving current best: saved/SASRecD-Oct-31-2025_12-40-41.pth
Fri 31 Oct 2025 13:24:43 INFO  epoch 66 training [time: 37.81s, train loss: 1010.0153]
Fri 31 Oct 2025 13:25:20 INFO  epoch 67 training [time: 36.71s, train loss: 998.6863]
Fri 31 Oct 2025 13:25:22 INFO  epoch 67 evaluating [time: 2.50s, valid_score: 0.067500]
Fri 31 Oct 2025 13:25:22 INFO  valid result: 
recall@3 : 0.0297    recall@5 : 0.0439    recall@10 : 0.0675    recall@20 : 0.0986    ndcg@3 : 0.0183    ndcg@5 : 0.0241    ndcg@10 : 0.0317    ndcg@20 : 0.0395    
Fri 31 Oct 2025 13:26:00 INFO  epoch 68 training [time: 37.62s, train loss: 986.4738]
Fri 31 Oct 2025 13:26:37 INFO  epoch 69 training [time: 37.61s, train loss: 975.1747]
Fri 31 Oct 2025 13:26:40 INFO  epoch 69 evaluating [time: 2.50s, valid_score: 0.067100]
Fri 31 Oct 2025 13:26:40 INFO  valid result: 
recall@3 : 0.0296    recall@5 : 0.0435    recall@10 : 0.0671    recall@20 : 0.0973    ndcg@3 : 0.0184    ndcg@5 : 0.0242    ndcg@10 : 0.0317    ndcg@20 : 0.0393    
Fri 31 Oct 2025 13:27:17 INFO  epoch 70 training [time: 37.47s, train loss: 963.2123]
Fri 31 Oct 2025 13:27:54 INFO  epoch 71 training [time: 36.37s, train loss: 951.5356]
Fri 31 Oct 2025 13:27:56 INFO  epoch 71 evaluating [time: 2.52s, valid_score: 0.067400]
Fri 31 Oct 2025 13:27:56 INFO  valid result: 
recall@3 : 0.0298    recall@5 : 0.0431    recall@10 : 0.0674    recall@20 : 0.098    ndcg@3 : 0.0184    ndcg@5 : 0.0238    ndcg@10 : 0.0316    ndcg@20 : 0.0393    
Fri 31 Oct 2025 13:28:34 INFO  epoch 72 training [time: 37.44s, train loss: 939.8598]
Fri 31 Oct 2025 13:29:11 INFO  epoch 73 training [time: 37.56s, train loss: 927.3474]
Fri 31 Oct 2025 13:29:14 INFO  epoch 73 evaluating [time: 2.52s, valid_score: 0.066500]
Fri 31 Oct 2025 13:29:14 INFO  valid result: 
recall@3 : 0.0294    recall@5 : 0.0437    recall@10 : 0.0665    recall@20 : 0.099    ndcg@3 : 0.0182    ndcg@5 : 0.0241    ndcg@10 : 0.0314    ndcg@20 : 0.0396    
Fri 31 Oct 2025 13:29:51 INFO  epoch 74 training [time: 37.60s, train loss: 915.3357]
Fri 31 Oct 2025 13:30:29 INFO  epoch 75 training [time: 37.13s, train loss: 902.9082]
Fri 31 Oct 2025 13:30:31 INFO  epoch 75 evaluating [time: 2.54s, valid_score: 0.067600]
Fri 31 Oct 2025 13:30:31 INFO  valid result: 
recall@3 : 0.0297    recall@5 : 0.044    recall@10 : 0.0676    recall@20 : 0.0978    ndcg@3 : 0.0184    ndcg@5 : 0.0243    ndcg@10 : 0.0318    ndcg@20 : 0.0394    
Fri 31 Oct 2025 13:31:09 INFO  epoch 76 training [time: 37.80s, train loss: 890.5419]
Fri 31 Oct 2025 13:31:45 INFO  epoch 77 training [time: 36.46s, train loss: 878.0114]
Fri 31 Oct 2025 13:31:48 INFO  epoch 77 evaluating [time: 2.52s, valid_score: 0.067500]
Fri 31 Oct 2025 13:31:48 INFO  valid result: 
recall@3 : 0.0293    recall@5 : 0.0439    recall@10 : 0.0675    recall@20 : 0.0971    ndcg@3 : 0.0182    ndcg@5 : 0.0241    ndcg@10 : 0.0317    ndcg@20 : 0.0392    
Fri 31 Oct 2025 13:32:25 INFO  epoch 78 training [time: 37.52s, train loss: 866.1692]
Fri 31 Oct 2025 13:33:03 INFO  epoch 79 training [time: 37.47s, train loss: 852.8754]
Fri 31 Oct 2025 13:33:05 INFO  epoch 79 evaluating [time: 2.52s, valid_score: 0.066900]
Fri 31 Oct 2025 13:33:05 INFO  valid result: 
recall@3 : 0.0297    recall@5 : 0.0437    recall@10 : 0.0669    recall@20 : 0.0973    ndcg@3 : 0.0182    ndcg@5 : 0.0239    ndcg@10 : 0.0314    ndcg@20 : 0.0391    
Fri 31 Oct 2025 13:33:43 INFO  epoch 80 training [time: 37.51s, train loss: 839.8816]
Fri 31 Oct 2025 13:34:19 INFO  epoch 81 training [time: 36.33s, train loss: 827.4383]
Fri 31 Oct 2025 13:34:22 INFO  epoch 81 evaluating [time: 2.50s, valid_score: 0.065800]
Fri 31 Oct 2025 13:34:22 INFO  valid result: 
recall@3 : 0.0291    recall@5 : 0.0435    recall@10 : 0.0658    recall@20 : 0.0965    ndcg@3 : 0.0178    ndcg@5 : 0.0237    ndcg@10 : 0.0308    ndcg@20 : 0.0386    
Fri 31 Oct 2025 13:34:59 INFO  epoch 82 training [time: 37.46s, train loss: 814.3268]
Fri 31 Oct 2025 13:35:37 INFO  epoch 83 training [time: 37.47s, train loss: 800.8620]
Fri 31 Oct 2025 13:35:39 INFO  epoch 83 evaluating [time: 2.53s, valid_score: 0.065900]
Fri 31 Oct 2025 13:35:39 INFO  valid result: 
recall@3 : 0.0291    recall@5 : 0.0435    recall@10 : 0.0659    recall@20 : 0.0978    ndcg@3 : 0.0182    ndcg@5 : 0.0242    ndcg@10 : 0.0313    ndcg@20 : 0.0394    
Fri 31 Oct 2025 13:36:17 INFO  epoch 84 training [time: 37.72s, train loss: 788.4901]
Fri 31 Oct 2025 13:36:55 INFO  epoch 85 training [time: 37.61s, train loss: 774.9665]
Fri 31 Oct 2025 13:36:56 INFO  epoch 85 evaluating [time: 1.33s, valid_score: 0.066600]
Fri 31 Oct 2025 13:36:56 INFO  valid result: 
recall@3 : 0.0299    recall@5 : 0.0437    recall@10 : 0.0666    recall@20 : 0.0971    ndcg@3 : 0.0186    ndcg@5 : 0.0243    ndcg@10 : 0.0317    ndcg@20 : 0.0393    
Fri 31 Oct 2025 13:37:33 INFO  epoch 86 training [time: 37.47s, train loss: 761.7445]
Fri 31 Oct 2025 13:38:11 INFO  epoch 87 training [time: 37.45s, train loss: 747.7287]
Fri 31 Oct 2025 13:38:13 INFO  epoch 87 evaluating [time: 2.53s, valid_score: 0.066900]
Fri 31 Oct 2025 13:38:13 INFO  valid result: 
recall@3 : 0.0291    recall@5 : 0.0433    recall@10 : 0.0669    recall@20 : 0.0963    ndcg@3 : 0.0181    ndcg@5 : 0.0239    ndcg@10 : 0.0315    ndcg@20 : 0.039    
Fri 31 Oct 2025 13:38:13 INFO  Finished training, best eval result in epoch 65
Fri 31 Oct 2025 13:38:15 INFO  Loading model structure and parameters from saved/SASRecD-Oct-31-2025_12-40-41.pth
Fri 31 Oct 2025 13:38:17 INFO  best valid : {'recall@3': np.float64(0.0292), 'recall@5': np.float64(0.043), 'recall@10': np.float64(0.0678), 'recall@20': np.float64(0.098), 'ndcg@3': np.float64(0.0181), 'ndcg@5': np.float64(0.0238), 'ndcg@10': np.float64(0.0317), 'ndcg@20': np.float64(0.0393)}
Fri 31 Oct 2025 13:38:17 INFO  test result: {'recall@3': np.float64(0.0237), 'recall@5': np.float64(0.0351), 'recall@10': np.float64(0.0528), 'recall@20': np.float64(0.0785), 'ndcg@3': np.float64(0.0145), 'ndcg@5': np.float64(0.0192), 'ndcg@10': np.float64(0.0248), 'ndcg@20': np.float64(0.0314)}
