Fri 07 Nov 2025 00:37:54 INFO  
General Hyper Parameters:
gpu_id = 0
use_gpu = True
seed = 212
state = INFO
reproducibility = True
data_path = ./recbole/data/dataset/Amazon_Sports_and_Outdoors
show_progress = True
save_dataset = False
save_dataloaders = False
benchmark_filename = None

Training Hyper Parameters:
checkpoint_dir = saved
epochs = 200
train_batch_size = 1024
learner = adam
learning_rate = 0.0001
eval_step = 2
stopping_step = 10
clip_grad_norm = None
weight_decay = 0.0
loss_decimal_place = 4

Evaluation Hyper Parameters:
eval_args = {'split': {'LS': 'valid_and_test'}, 'group_by': 'user', 'order': 'TO', 'mode': 'full'}
metrics = ['Recall', 'NDCG']
topk = [3, 5, 10, 20]
valid_metric = Recall@10
valid_metric_bigger = True
eval_batch_size = 256
metric_decimal_place = 4

Dataset Hyper Parameters:
field_separator = 	
seq_separator =  
USER_ID_FIELD = user_id
ITEM_ID_FIELD = item_id
RATING_FIELD = rating
TIME_FIELD = timestamp
seq_len = None
LABEL_FIELD = label
threshold = None
NEG_PREFIX = neg_
load_col = {'inter': ['user_id', 'item_id', 'rating', 'timestamp'], 'item': ['item_id', 'title', 'sales_rank', 'price', 'brand', 'categories', 'sales_type'], 'title_original': ['ent_id', 'ent_emb']}
unload_col = None
unused_col = None
additional_feat_suffix = ['title_original']
rm_dup_inter = None
val_interval = None
filter_inter_by_user_or_item = True
user_inter_num_interval = [5,inf)
item_inter_num_interval = [5,inf)
alias_of_user_id = None
alias_of_item_id = ['ent_id']
alias_of_entity_id = None
alias_of_relation_id = None
preload_weight = {'ent_id': 'ent_emb'}
normalize_field = None
normalize_all = None
ITEM_LIST_LENGTH_FIELD = item_length
LIST_SUFFIX = _list
MAX_ITEM_LIST_LENGTH = 50
POSITION_FIELD = position_id
HEAD_ENTITY_ID_FIELD = head_id
TAIL_ENTITY_ID_FIELD = tail_id
RELATION_ID_FIELD = relation_id
ENTITY_ID_FIELD = entity_id

Other Hyper Parameters: 
neg_sampling = None
multi_gpus = False
repeatable = True
n_layers = 3
n_heads = 8
hidden_size = 256
attribute_hidden_size = [128]
inner_size = 256
hidden_dropout_prob = 0.5
attn_dropout_prob = 0.3
hidden_act = gelu
layer_norm_eps = 1e-12
initializer_range = 0.02
selected_features = ['ent_emb']
pooling_mode = sum
loss_type = CE
weight_sharing = not
fusion_type = gate
lamdas = [5]
attribute_predictor = ['cos_sim']
MODEL_TYPE = ModelType.SEQUENTIAL
orig_attribute_hidden_size = [1024]
feature_type = ['static']
wandb_run_name = log_mlp_title
annealing = False
MODEL_INPUT_TYPE = InputType.POINTWISE
eval_type = EvaluatorType.RANKING
device = cuda
train_neg_sample_args = {'strategy': 'none'}
eval_neg_sample_args = {'strategy': 'full', 'distribution': 'uniform'}


Fri 07 Nov 2025 00:37:59 INFO  Amazon_Sports_and_Outdoors
The number of users: 35599
Average actions of users: 8.324540704533963
The number of items: 18358
Average actions of items: 16.142997221768262
The number of inters: 296337
The sparsity of the dataset: 99.95465569853714%
Remain Fields: ['user_id', 'item_id', 'rating', 'timestamp', 'title', 'price', 'brand', 'categories', 'sales_type', 'sales_rank', 'ent_id', 'ent_emb']
Fri 07 Nov 2025 00:38:00 INFO  [Training]: train_batch_size = [1024] negative sampling: [None]
Fri 07 Nov 2025 00:38:00 INFO  [Evaluation]: eval_batch_size = [256] eval_args: [{'split': {'LS': 'valid_and_test'}, 'group_by': 'user', 'order': 'TO', 'mode': 'full'}]
Fri 07 Nov 2025 00:38:02 INFO  SASRecD(
  (item_embedding): Embedding(18358, 256, padding_idx=0)
  (position_embedding): Embedding(50, 256)
  (feature_embed_layer_list): ModuleList(
    (0): Embedding(
      18358, 1024
      (mlp): MLP(
        (net): Sequential(
          (0): Linear(in_features=1024, out_features=512, bias=True)
          (1): ReLU()
          (2): Dropout(p=0.1, inplace=False)
          (3): Linear(in_features=512, out_features=256, bias=True)
          (4): ReLU()
          (5): Dropout(p=0.1, inplace=False)
          (6): Linear(in_features=256, out_features=128, bias=True)
          (7): LayerNorm((128,), eps=1e-05, elementwise_affine=True)
        )
      )
    )
  )
  (trm_encoder): DIFTransformerEncoder(
    (layer): ModuleList(
      (0-2): 3 x DIFTransformerLayer(
        (multi_head_attention): DIFMultiHeadAttention(
          (query): Linear(in_features=256, out_features=256, bias=True)
          (key): Linear(in_features=256, out_features=256, bias=True)
          (value): Linear(in_features=256, out_features=256, bias=True)
          (query_p): Linear(in_features=256, out_features=256, bias=True)
          (key_p): Linear(in_features=256, out_features=256, bias=True)
          (query_layers): ModuleList(
            (0): Linear(in_features=128, out_features=128, bias=True)
          )
          (key_layers): ModuleList(
            (0): Linear(in_features=128, out_features=128, bias=True)
          )
          (fusion_layer): VanillaAttention(
            (projection): Sequential(
              (0): Linear(in_features=50, out_features=50, bias=True)
              (1): ReLU(inplace=True)
              (2): Linear(in_features=50, out_features=1, bias=True)
            )
          )
          (attn_dropout): Dropout(p=0.3, inplace=False)
          (dense): Linear(in_features=256, out_features=256, bias=True)
          (LayerNorm): LayerNorm((256,), eps=1e-12, elementwise_affine=True)
          (out_dropout): Dropout(p=0.5, inplace=False)
        )
        (feed_forward): FeedForward(
          (dense_1): Linear(in_features=256, out_features=256, bias=True)
          (dense_2): Linear(in_features=256, out_features=256, bias=True)
          (LayerNorm): LayerNorm((256,), eps=1e-12, elementwise_affine=True)
          (dropout): Dropout(p=0.5, inplace=False)
        )
      )
    )
  )
  (ap): ModuleList(
    (0): Linear(in_features=256, out_features=1024, bias=True)
  )
  (LayerNorm): LayerNorm((256,), eps=1e-12, elementwise_affine=True)
  (dropout): Dropout(p=0.5, inplace=False)
  (loss_fct): CrossEntropyLoss()
  (attribute_loss_fct): BCEWithLogitsLoss()
)
Trainable parameters: 7354363
Fri 07 Nov 2025 00:38:35 INFO  epoch 0 training [time: 31.88s, train loss: 2189.8498]
Fri 07 Nov 2025 00:39:06 INFO  epoch 1 training [time: 31.46s, train loss: 1992.0266]
Fri 07 Nov 2025 00:39:09 INFO  epoch 1 evaluating [time: 2.49s, valid_score: 0.012800]
Fri 07 Nov 2025 00:39:09 INFO  valid result: 
recall@3 : 0.006    recall@5 : 0.008    recall@10 : 0.0128    recall@20 : 0.0235    ndcg@3 : 0.0044    ndcg@5 : 0.0053    ndcg@10 : 0.0068    ndcg@20 : 0.0094    
Fri 07 Nov 2025 00:39:09 INFO  Saving current best: saved/SASRecD-Nov-07-2025_00-38-02.pth
Fri 07 Nov 2025 00:39:40 INFO  epoch 2 training [time: 31.39s, train loss: 1979.1006]
Fri 07 Nov 2025 00:40:12 INFO  epoch 3 training [time: 31.30s, train loss: 1974.6240]
Fri 07 Nov 2025 00:40:14 INFO  epoch 3 evaluating [time: 2.49s, valid_score: 0.012700]
Fri 07 Nov 2025 00:40:14 INFO  valid result: 
recall@3 : 0.0059    recall@5 : 0.0079    recall@10 : 0.0127    recall@20 : 0.0232    ndcg@3 : 0.0043    ndcg@5 : 0.0052    ndcg@10 : 0.0067    ndcg@20 : 0.0093    
Fri 07 Nov 2025 00:40:46 INFO  epoch 4 training [time: 31.23s, train loss: 1968.7877]
Fri 07 Nov 2025 00:41:17 INFO  epoch 5 training [time: 31.22s, train loss: 1958.0818]
Fri 07 Nov 2025 00:41:19 INFO  epoch 5 evaluating [time: 2.48s, valid_score: 0.014700]
Fri 07 Nov 2025 00:41:19 INFO  valid result: 
recall@3 : 0.0059    recall@5 : 0.0088    recall@10 : 0.0147    recall@20 : 0.027    ndcg@3 : 0.0042    ndcg@5 : 0.0054    ndcg@10 : 0.0073    ndcg@20 : 0.0103    
Fri 07 Nov 2025 00:41:20 INFO  Saving current best: saved/SASRecD-Nov-07-2025_00-38-02.pth
Fri 07 Nov 2025 00:41:51 INFO  epoch 6 training [time: 31.26s, train loss: 1927.1422]
Fri 07 Nov 2025 00:42:22 INFO  epoch 7 training [time: 31.21s, train loss: 1896.1863]
Fri 07 Nov 2025 00:42:25 INFO  epoch 7 evaluating [time: 2.56s, valid_score: 0.022200]
Fri 07 Nov 2025 00:42:25 INFO  valid result: 
recall@3 : 0.0081    recall@5 : 0.0124    recall@10 : 0.0222    recall@20 : 0.0375    ndcg@3 : 0.0058    ndcg@5 : 0.0076    ndcg@10 : 0.0107    ndcg@20 : 0.0145    
Fri 07 Nov 2025 00:42:25 INFO  Saving current best: saved/SASRecD-Nov-07-2025_00-38-02.pth
Fri 07 Nov 2025 00:42:56 INFO  epoch 8 training [time: 31.43s, train loss: 1870.3273]
Fri 07 Nov 2025 00:43:27 INFO  epoch 9 training [time: 30.92s, train loss: 1847.3189]
Fri 07 Nov 2025 00:43:30 INFO  epoch 9 evaluating [time: 2.41s, valid_score: 0.027000]
Fri 07 Nov 2025 00:43:30 INFO  valid result: 
recall@3 : 0.0089    recall@5 : 0.0142    recall@10 : 0.027    recall@20 : 0.0453    ndcg@3 : 0.0062    ndcg@5 : 0.0083    ndcg@10 : 0.0124    ndcg@20 : 0.017    
Fri 07 Nov 2025 00:43:30 INFO  Saving current best: saved/SASRecD-Nov-07-2025_00-38-02.pth
Fri 07 Nov 2025 00:43:59 INFO  epoch 10 training [time: 29.11s, train loss: 1825.6547]
Fri 07 Nov 2025 00:44:31 INFO  epoch 11 training [time: 32.32s, train loss: 1804.3154]
Fri 07 Nov 2025 00:44:34 INFO  epoch 11 evaluating [time: 2.38s, valid_score: 0.033500]
Fri 07 Nov 2025 00:44:34 INFO  valid result: 
recall@3 : 0.0126    recall@5 : 0.0192    recall@10 : 0.0335    recall@20 : 0.0557    ndcg@3 : 0.0083    ndcg@5 : 0.011    ndcg@10 : 0.0156    ndcg@20 : 0.0212    
Fri 07 Nov 2025 00:44:34 INFO  Saving current best: saved/SASRecD-Nov-07-2025_00-38-02.pth
Fri 07 Nov 2025 00:45:04 INFO  epoch 12 training [time: 30.25s, train loss: 1784.6230]
Fri 07 Nov 2025 00:45:36 INFO  epoch 13 training [time: 31.49s, train loss: 1764.7492]
Fri 07 Nov 2025 00:45:38 INFO  epoch 13 evaluating [time: 2.46s, valid_score: 0.041000]
Fri 07 Nov 2025 00:45:38 INFO  valid result: 
recall@3 : 0.0166    recall@5 : 0.0253    recall@10 : 0.041    recall@20 : 0.0635    ndcg@3 : 0.0107    ndcg@5 : 0.0142    ndcg@10 : 0.0193    ndcg@20 : 0.025    
Fri 07 Nov 2025 00:45:38 INFO  Saving current best: saved/SASRecD-Nov-07-2025_00-38-02.pth
Fri 07 Nov 2025 00:46:09 INFO  epoch 14 training [time: 31.03s, train loss: 1746.0448]
Fri 07 Nov 2025 00:46:40 INFO  epoch 15 training [time: 31.12s, train loss: 1728.2609]
Fri 07 Nov 2025 00:46:43 INFO  epoch 15 evaluating [time: 2.43s, valid_score: 0.046900]
Fri 07 Nov 2025 00:46:43 INFO  valid result: 
recall@3 : 0.0194    recall@5 : 0.0294    recall@10 : 0.0469    recall@20 : 0.071    ndcg@3 : 0.0124    ndcg@5 : 0.0165    ndcg@10 : 0.0222    ndcg@20 : 0.0282    
Fri 07 Nov 2025 00:46:43 INFO  Saving current best: saved/SASRecD-Nov-07-2025_00-38-02.pth
Fri 07 Nov 2025 00:47:14 INFO  epoch 16 training [time: 31.22s, train loss: 1711.1835]
Fri 07 Nov 2025 00:47:46 INFO  epoch 17 training [time: 31.19s, train loss: 1694.6715]
Fri 07 Nov 2025 00:47:48 INFO  epoch 17 evaluating [time: 2.29s, valid_score: 0.051100]
Fri 07 Nov 2025 00:47:48 INFO  valid result: 
recall@3 : 0.0218    recall@5 : 0.0327    recall@10 : 0.0511    recall@20 : 0.0759    ndcg@3 : 0.0138    ndcg@5 : 0.0183    ndcg@10 : 0.0242    ndcg@20 : 0.0304    
Fri 07 Nov 2025 00:47:48 INFO  Saving current best: saved/SASRecD-Nov-07-2025_00-38-02.pth
Fri 07 Nov 2025 00:48:18 INFO  epoch 18 training [time: 30.11s, train loss: 1678.8551]
Fri 07 Nov 2025 00:48:50 INFO  epoch 19 training [time: 31.88s, train loss: 1664.2155]
Fri 07 Nov 2025 00:48:52 INFO  epoch 19 evaluating [time: 2.26s, valid_score: 0.054700]
Fri 07 Nov 2025 00:48:52 INFO  valid result: 
recall@3 : 0.0235    recall@5 : 0.0358    recall@10 : 0.0547    recall@20 : 0.0807    ndcg@3 : 0.0145    ndcg@5 : 0.0196    ndcg@10 : 0.0256    ndcg@20 : 0.0322    
Fri 07 Nov 2025 00:48:53 INFO  Saving current best: saved/SASRecD-Nov-07-2025_00-38-02.pth
Fri 07 Nov 2025 00:49:24 INFO  epoch 20 training [time: 31.09s, train loss: 1650.6281]
Fri 07 Nov 2025 00:49:55 INFO  epoch 21 training [time: 31.18s, train loss: 1636.9560]
Fri 07 Nov 2025 00:49:57 INFO  epoch 21 evaluating [time: 2.33s, valid_score: 0.056800]
Fri 07 Nov 2025 00:49:57 INFO  valid result: 
recall@3 : 0.0254    recall@5 : 0.038    recall@10 : 0.0568    recall@20 : 0.0843    ndcg@3 : 0.0155    ndcg@5 : 0.0207    ndcg@10 : 0.0268    ndcg@20 : 0.0337    
Fri 07 Nov 2025 00:49:57 INFO  Saving current best: saved/SASRecD-Nov-07-2025_00-38-02.pth
Fri 07 Nov 2025 00:50:29 INFO  epoch 22 training [time: 31.16s, train loss: 1624.0952]
Fri 07 Nov 2025 00:51:00 INFO  epoch 23 training [time: 31.15s, train loss: 1611.5542]
Fri 07 Nov 2025 00:51:02 INFO  epoch 23 evaluating [time: 2.25s, valid_score: 0.059900]
Fri 07 Nov 2025 00:51:02 INFO  valid result: 
recall@3 : 0.0269    recall@5 : 0.0395    recall@10 : 0.0599    recall@20 : 0.0869    ndcg@3 : 0.0163    ndcg@5 : 0.0215    ndcg@10 : 0.028    ndcg@20 : 0.0348    
Fri 07 Nov 2025 00:51:02 INFO  Saving current best: saved/SASRecD-Nov-07-2025_00-38-02.pth
Fri 07 Nov 2025 00:51:33 INFO  epoch 24 training [time: 31.15s, train loss: 1599.7883]
Fri 07 Nov 2025 00:52:04 INFO  epoch 25 training [time: 31.12s, train loss: 1588.5747]
Fri 07 Nov 2025 00:52:07 INFO  epoch 25 evaluating [time: 2.31s, valid_score: 0.061000]
Fri 07 Nov 2025 00:52:07 INFO  valid result: 
recall@3 : 0.0278    recall@5 : 0.0402    recall@10 : 0.061    recall@20 : 0.0896    ndcg@3 : 0.0168    ndcg@5 : 0.0219    ndcg@10 : 0.0286    ndcg@20 : 0.0358    
Fri 07 Nov 2025 00:52:07 INFO  Saving current best: saved/SASRecD-Nov-07-2025_00-38-02.pth
Fri 07 Nov 2025 00:52:39 INFO  epoch 26 training [time: 31.77s, train loss: 1577.4018]
Fri 07 Nov 2025 00:53:12 INFO  epoch 27 training [time: 33.03s, train loss: 1567.1251]
Fri 07 Nov 2025 00:53:14 INFO  epoch 27 evaluating [time: 2.29s, valid_score: 0.062000]
Fri 07 Nov 2025 00:53:14 INFO  valid result: 
recall@3 : 0.0279    recall@5 : 0.0411    recall@10 : 0.062    recall@20 : 0.0914    ndcg@3 : 0.0168    ndcg@5 : 0.0222    ndcg@10 : 0.0289    ndcg@20 : 0.0363    
Fri 07 Nov 2025 00:53:14 INFO  Saving current best: saved/SASRecD-Nov-07-2025_00-38-02.pth
Fri 07 Nov 2025 00:53:46 INFO  epoch 28 training [time: 31.22s, train loss: 1557.2322]
Fri 07 Nov 2025 00:54:17 INFO  epoch 29 training [time: 31.18s, train loss: 1548.3160]
Fri 07 Nov 2025 00:54:19 INFO  epoch 29 evaluating [time: 2.26s, valid_score: 0.063000]
Fri 07 Nov 2025 00:54:19 INFO  valid result: 
recall@3 : 0.0287    recall@5 : 0.0413    recall@10 : 0.063    recall@20 : 0.092    ndcg@3 : 0.0172    ndcg@5 : 0.0224    ndcg@10 : 0.0294    ndcg@20 : 0.0367    
Fri 07 Nov 2025 00:54:19 INFO  Saving current best: saved/SASRecD-Nov-07-2025_00-38-02.pth
Fri 07 Nov 2025 00:54:50 INFO  epoch 30 training [time: 31.12s, train loss: 1538.6861]
Fri 07 Nov 2025 00:55:21 INFO  epoch 31 training [time: 31.18s, train loss: 1530.6149]
Fri 07 Nov 2025 00:55:24 INFO  epoch 31 evaluating [time: 2.26s, valid_score: 0.064600]
Fri 07 Nov 2025 00:55:24 INFO  valid result: 
recall@3 : 0.029    recall@5 : 0.0419    recall@10 : 0.0646    recall@20 : 0.0931    ndcg@3 : 0.0174    ndcg@5 : 0.0226    ndcg@10 : 0.0299    ndcg@20 : 0.0371    
Fri 07 Nov 2025 00:55:24 INFO  Saving current best: saved/SASRecD-Nov-07-2025_00-38-02.pth
Fri 07 Nov 2025 00:55:55 INFO  epoch 32 training [time: 31.15s, train loss: 1522.0393]
Fri 07 Nov 2025 00:56:26 INFO  epoch 33 training [time: 31.12s, train loss: 1513.7933]
Fri 07 Nov 2025 00:56:28 INFO  epoch 33 evaluating [time: 2.25s, valid_score: 0.066000]
Fri 07 Nov 2025 00:56:28 INFO  valid result: 
recall@3 : 0.0286    recall@5 : 0.0422    recall@10 : 0.066    recall@20 : 0.0945    ndcg@3 : 0.0172    ndcg@5 : 0.0228    ndcg@10 : 0.0304    ndcg@20 : 0.0376    
Fri 07 Nov 2025 00:56:29 INFO  Saving current best: saved/SASRecD-Nov-07-2025_00-38-02.pth
Fri 07 Nov 2025 00:57:00 INFO  epoch 34 training [time: 31.13s, train loss: 1506.0184]
Fri 07 Nov 2025 00:57:31 INFO  epoch 35 training [time: 31.16s, train loss: 1498.8173]
Fri 07 Nov 2025 00:57:33 INFO  epoch 35 evaluating [time: 2.24s, valid_score: 0.066100]
Fri 07 Nov 2025 00:57:33 INFO  valid result: 
recall@3 : 0.0289    recall@5 : 0.0424    recall@10 : 0.0661    recall@20 : 0.0949    ndcg@3 : 0.0174    ndcg@5 : 0.0229    ndcg@10 : 0.0305    ndcg@20 : 0.0378    
Fri 07 Nov 2025 00:57:33 INFO  Saving current best: saved/SASRecD-Nov-07-2025_00-38-02.pth
Fri 07 Nov 2025 00:58:05 INFO  epoch 36 training [time: 31.23s, train loss: 1492.3122]
Fri 07 Nov 2025 00:58:36 INFO  epoch 37 training [time: 31.26s, train loss: 1484.8618]
Fri 07 Nov 2025 00:58:38 INFO  epoch 37 evaluating [time: 2.24s, valid_score: 0.066400]
Fri 07 Nov 2025 00:58:38 INFO  valid result: 
recall@3 : 0.0288    recall@5 : 0.0426    recall@10 : 0.0664    recall@20 : 0.0949    ndcg@3 : 0.0173    ndcg@5 : 0.0231    ndcg@10 : 0.0307    ndcg@20 : 0.0379    
Fri 07 Nov 2025 00:58:38 INFO  Saving current best: saved/SASRecD-Nov-07-2025_00-38-02.pth
Fri 07 Nov 2025 00:59:10 INFO  epoch 38 training [time: 31.13s, train loss: 1478.3564]
Fri 07 Nov 2025 00:59:41 INFO  epoch 39 training [time: 31.11s, train loss: 1472.2503]
Fri 07 Nov 2025 00:59:43 INFO  epoch 39 evaluating [time: 2.22s, valid_score: 0.066700]
Fri 07 Nov 2025 00:59:43 INFO  valid result: 
recall@3 : 0.0286    recall@5 : 0.0428    recall@10 : 0.0667    recall@20 : 0.0954    ndcg@3 : 0.0171    ndcg@5 : 0.023    ndcg@10 : 0.0307    ndcg@20 : 0.0379    
Fri 07 Nov 2025 00:59:43 INFO  Saving current best: saved/SASRecD-Nov-07-2025_00-38-02.pth
Fri 07 Nov 2025 01:00:14 INFO  epoch 40 training [time: 31.07s, train loss: 1466.3225]
Fri 07 Nov 2025 01:00:45 INFO  epoch 41 training [time: 31.19s, train loss: 1460.5370]
Fri 07 Nov 2025 01:00:48 INFO  epoch 41 evaluating [time: 2.28s, valid_score: 0.067200]
Fri 07 Nov 2025 01:00:48 INFO  valid result: 
recall@3 : 0.029    recall@5 : 0.0432    recall@10 : 0.0672    recall@20 : 0.0961    ndcg@3 : 0.0175    ndcg@5 : 0.0233    ndcg@10 : 0.031    ndcg@20 : 0.0383    
Fri 07 Nov 2025 01:00:48 INFO  Saving current best: saved/SASRecD-Nov-07-2025_00-38-02.pth
Fri 07 Nov 2025 01:01:19 INFO  epoch 42 training [time: 31.22s, train loss: 1455.6892]
Fri 07 Nov 2025 01:01:50 INFO  epoch 43 training [time: 31.13s, train loss: 1449.6892]
Fri 07 Nov 2025 01:01:53 INFO  epoch 43 evaluating [time: 2.35s, valid_score: 0.067400]
Fri 07 Nov 2025 01:01:53 INFO  valid result: 
recall@3 : 0.029    recall@5 : 0.0437    recall@10 : 0.0674    recall@20 : 0.0963    ndcg@3 : 0.0174    ndcg@5 : 0.0235    ndcg@10 : 0.031    ndcg@20 : 0.0384    
Fri 07 Nov 2025 01:01:54 INFO  Saving current best: saved/SASRecD-Nov-07-2025_00-38-02.pth
Fri 07 Nov 2025 01:02:25 INFO  epoch 44 training [time: 31.25s, train loss: 1444.6610]
Fri 07 Nov 2025 01:02:56 INFO  epoch 45 training [time: 31.12s, train loss: 1439.9450]
Fri 07 Nov 2025 01:02:58 INFO  epoch 45 evaluating [time: 2.24s, valid_score: 0.067100]
Fri 07 Nov 2025 01:02:58 INFO  valid result: 
recall@3 : 0.0288    recall@5 : 0.0435    recall@10 : 0.0671    recall@20 : 0.097    ndcg@3 : 0.0175    ndcg@5 : 0.0236    ndcg@10 : 0.0311    ndcg@20 : 0.0387    
Fri 07 Nov 2025 01:03:29 INFO  epoch 46 training [time: 31.15s, train loss: 1435.3056]
Fri 07 Nov 2025 01:04:01 INFO  epoch 47 training [time: 31.19s, train loss: 1430.3860]
Fri 07 Nov 2025 01:04:03 INFO  epoch 47 evaluating [time: 2.24s, valid_score: 0.067100]
Fri 07 Nov 2025 01:04:03 INFO  valid result: 
recall@3 : 0.0288    recall@5 : 0.0433    recall@10 : 0.0671    recall@20 : 0.0969    ndcg@3 : 0.0176    ndcg@5 : 0.0236    ndcg@10 : 0.0312    ndcg@20 : 0.0387    
Fri 07 Nov 2025 01:04:34 INFO  epoch 48 training [time: 31.09s, train loss: 1425.8317]
Fri 07 Nov 2025 01:05:05 INFO  epoch 49 training [time: 31.33s, train loss: 1420.9706]
Fri 07 Nov 2025 01:05:08 INFO  epoch 49 evaluating [time: 2.27s, valid_score: 0.066900]
Fri 07 Nov 2025 01:05:08 INFO  valid result: 
recall@3 : 0.0289    recall@5 : 0.0437    recall@10 : 0.0669    recall@20 : 0.0976    ndcg@3 : 0.0176    ndcg@5 : 0.0237    ndcg@10 : 0.0312    ndcg@20 : 0.0389    
Fri 07 Nov 2025 01:05:39 INFO  epoch 50 training [time: 31.23s, train loss: 1416.6771]
Fri 07 Nov 2025 01:06:10 INFO  epoch 51 training [time: 31.25s, train loss: 1412.4833]
Fri 07 Nov 2025 01:06:12 INFO  epoch 51 evaluating [time: 2.31s, valid_score: 0.066700]
Fri 07 Nov 2025 01:06:12 INFO  valid result: 
recall@3 : 0.029    recall@5 : 0.0432    recall@10 : 0.0667    recall@20 : 0.0965    ndcg@3 : 0.0177    ndcg@5 : 0.0235    ndcg@10 : 0.0311    ndcg@20 : 0.0386    
Fri 07 Nov 2025 01:06:43 INFO  epoch 52 training [time: 31.07s, train loss: 1408.4589]
Fri 07 Nov 2025 01:07:15 INFO  epoch 53 training [time: 31.30s, train loss: 1404.2838]
Fri 07 Nov 2025 01:07:17 INFO  epoch 53 evaluating [time: 2.27s, valid_score: 0.066600]
Fri 07 Nov 2025 01:07:17 INFO  valid result: 
recall@3 : 0.0288    recall@5 : 0.0434    recall@10 : 0.0666    recall@20 : 0.0976    ndcg@3 : 0.0176    ndcg@5 : 0.0236    ndcg@10 : 0.0311    ndcg@20 : 0.0389    
Fri 07 Nov 2025 01:07:48 INFO  epoch 54 training [time: 31.11s, train loss: 1399.6836]
Fri 07 Nov 2025 01:08:19 INFO  epoch 55 training [time: 31.28s, train loss: 1396.0783]
Fri 07 Nov 2025 01:08:22 INFO  epoch 55 evaluating [time: 2.23s, valid_score: 0.066200]
Fri 07 Nov 2025 01:08:22 INFO  valid result: 
recall@3 : 0.0283    recall@5 : 0.0433    recall@10 : 0.0662    recall@20 : 0.0969    ndcg@3 : 0.0173    ndcg@5 : 0.0235    ndcg@10 : 0.0309    ndcg@20 : 0.0386    
Fri 07 Nov 2025 01:08:53 INFO  epoch 56 training [time: 31.15s, train loss: 1392.6035]
Fri 07 Nov 2025 01:09:24 INFO  epoch 57 training [time: 31.15s, train loss: 1388.3289]
Fri 07 Nov 2025 01:09:26 INFO  epoch 57 evaluating [time: 2.23s, valid_score: 0.065600]
Fri 07 Nov 2025 01:09:26 INFO  valid result: 
recall@3 : 0.0285    recall@5 : 0.0431    recall@10 : 0.0656    recall@20 : 0.0962    ndcg@3 : 0.0174    ndcg@5 : 0.0234    ndcg@10 : 0.0306    ndcg@20 : 0.0384    
Fri 07 Nov 2025 01:09:57 INFO  epoch 58 training [time: 31.18s, train loss: 1385.2631]
Fri 07 Nov 2025 01:10:28 INFO  epoch 59 training [time: 31.17s, train loss: 1381.2657]
Fri 07 Nov 2025 01:10:31 INFO  epoch 59 evaluating [time: 2.24s, valid_score: 0.065500]
Fri 07 Nov 2025 01:10:31 INFO  valid result: 
recall@3 : 0.0281    recall@5 : 0.0435    recall@10 : 0.0655    recall@20 : 0.0957    ndcg@3 : 0.0172    ndcg@5 : 0.0236    ndcg@10 : 0.0307    ndcg@20 : 0.0383    
Fri 07 Nov 2025 01:11:02 INFO  epoch 60 training [time: 31.05s, train loss: 1377.5053]
Fri 07 Nov 2025 01:11:33 INFO  epoch 61 training [time: 31.13s, train loss: 1373.5747]
Fri 07 Nov 2025 01:11:35 INFO  epoch 61 evaluating [time: 2.29s, valid_score: 0.065000]
Fri 07 Nov 2025 01:11:35 INFO  valid result: 
recall@3 : 0.0283    recall@5 : 0.043    recall@10 : 0.065    recall@20 : 0.0955    ndcg@3 : 0.0174    ndcg@5 : 0.0234    ndcg@10 : 0.0305    ndcg@20 : 0.0382    
Fri 07 Nov 2025 01:12:06 INFO  epoch 62 training [time: 31.13s, train loss: 1370.3210]
Fri 07 Nov 2025 01:12:37 INFO  epoch 63 training [time: 31.12s, train loss: 1366.6489]
Fri 07 Nov 2025 01:12:40 INFO  epoch 63 evaluating [time: 2.27s, valid_score: 0.065400]
Fri 07 Nov 2025 01:12:40 INFO  valid result: 
recall@3 : 0.028    recall@5 : 0.0425    recall@10 : 0.0654    recall@20 : 0.0952    ndcg@3 : 0.0172    ndcg@5 : 0.0231    ndcg@10 : 0.0305    ndcg@20 : 0.038    
Fri 07 Nov 2025 01:13:11 INFO  epoch 64 training [time: 31.07s, train loss: 1362.5399]
Fri 07 Nov 2025 01:13:42 INFO  epoch 65 training [time: 31.11s, train loss: 1359.7740]
Fri 07 Nov 2025 01:13:44 INFO  epoch 65 evaluating [time: 2.24s, valid_score: 0.065600]
Fri 07 Nov 2025 01:13:44 INFO  valid result: 
recall@3 : 0.0275    recall@5 : 0.0421    recall@10 : 0.0656    recall@20 : 0.0949    ndcg@3 : 0.017    ndcg@5 : 0.023    ndcg@10 : 0.0306    ndcg@20 : 0.038    
Fri 07 Nov 2025 01:13:44 INFO  Finished training, best eval result in epoch 43
Fri 07 Nov 2025 01:13:44 INFO  Loading model structure and parameters from saved/SASRecD-Nov-07-2025_00-38-02.pth
Fri 07 Nov 2025 01:13:46 INFO  best valid : {'recall@3': np.float64(0.029), 'recall@5': np.float64(0.0437), 'recall@10': np.float64(0.0674), 'recall@20': np.float64(0.0963), 'ndcg@3': np.float64(0.0174), 'ndcg@5': np.float64(0.0235), 'ndcg@10': np.float64(0.031), 'ndcg@20': np.float64(0.0384)}
Fri 07 Nov 2025 01:13:46 INFO  test result: {'recall@3': np.float64(0.0234), 'recall@5': np.float64(0.0355), 'recall@10': np.float64(0.0536), 'recall@20': np.float64(0.0777), 'ndcg@3': np.float64(0.0141), 'ndcg@5': np.float64(0.019), 'ndcg@10': np.float64(0.0248), 'ndcg@20': np.float64(0.0309)}
