Wed 15 Oct 2025 16:48:20 INFO  
General Hyper Parameters:
gpu_id = 0
use_gpu = True
seed = 212
state = INFO
reproducibility = True
data_path = ./recbole/data/dataset/Amazon_Sports_and_Outdoors
show_progress = True
save_dataset = False
save_dataloaders = False
benchmark_filename = None

Training Hyper Parameters:
checkpoint_dir = saved
epochs = 200
train_batch_size = 1024
learner = adam
learning_rate = 0.0001
eval_step = 2
stopping_step = 10
clip_grad_norm = None
weight_decay = 0.0
loss_decimal_place = 4

Evaluation Hyper Parameters:
eval_args = {'split': {'LS': 'valid_and_test'}, 'group_by': 'user', 'order': 'TO', 'mode': 'full'}
metrics = ['Recall', 'NDCG']
topk = [3, 5, 10, 20]
valid_metric = Recall@10
valid_metric_bigger = True
eval_batch_size = 256
metric_decimal_place = 4

Dataset Hyper Parameters:
field_separator = 	
seq_separator =  
USER_ID_FIELD = user_id
ITEM_ID_FIELD = item_id
RATING_FIELD = rating
TIME_FIELD = timestamp
seq_len = None
LABEL_FIELD = label
threshold = None
NEG_PREFIX = neg_
load_col = {'inter': ['user_id', 'item_id', 'rating', 'timestamp'], 'item': ['item_id', 'title', 'sales_rank', 'price', 'brand', 'categories', 'sales_type']}
unload_col = None
unused_col = None
additional_feat_suffix = None
rm_dup_inter = None
val_interval = None
filter_inter_by_user_or_item = True
user_inter_num_interval = [5,inf)
item_inter_num_interval = [5,inf)
alias_of_user_id = None
alias_of_item_id = None
alias_of_entity_id = None
alias_of_relation_id = None
preload_weight = None
normalize_field = None
normalize_all = None
ITEM_LIST_LENGTH_FIELD = item_length
LIST_SUFFIX = _list
MAX_ITEM_LIST_LENGTH = 50
POSITION_FIELD = position_id
HEAD_ENTITY_ID_FIELD = head_id
TAIL_ENTITY_ID_FIELD = tail_id
RELATION_ID_FIELD = relation_id
ENTITY_ID_FIELD = entity_id

Other Hyper Parameters: 
neg_sampling = None
multi_gpus = False
repeatable = True
n_layers = 3
n_heads = 8
hidden_size = 256
attribute_hidden_size = [64]
inner_size = 256
hidden_dropout_prob = 0.5
attn_dropout_prob = 0.3
hidden_act = gelu
layer_norm_eps = 1e-12
initializer_range = 0.02
selected_features = ['categories']
pooling_mode = sum
loss_type = CE
weight_sharing = not
fusion_type = gate
lamdas = [5]
attribute_predictor = ['linear']
MODEL_TYPE = ModelType.SEQUENTIAL
feature_type = ['categorical']
annealing = False
MODEL_INPUT_TYPE = InputType.POINTWISE
eval_type = EvaluatorType.RANKING
device = cuda
train_neg_sample_args = {'strategy': 'none'}
eval_neg_sample_args = {'strategy': 'full', 'distribution': 'uniform'}


Wed 15 Oct 2025 16:48:20 INFO  Amazon_Sports_and_Outdoors
The number of users: 35599
Average actions of users: 8.324540704533963
The number of items: 18358
Average actions of items: 16.142997221768262
The number of inters: 296337
The sparsity of the dataset: 99.95465569853714%
Remain Fields: ['user_id', 'item_id', 'rating', 'timestamp', 'title', 'price', 'brand', 'categories', 'sales_type', 'sales_rank']
Wed 15 Oct 2025 16:48:23 INFO  [Training]: train_batch_size = [1024] negative sampling: [None]
Wed 15 Oct 2025 16:48:23 INFO  [Evaluation]: eval_batch_size = [256] eval_args: [{'split': {'LS': 'valid_and_test'}, 'group_by': 'user', 'order': 'TO', 'mode': 'full'}]
Wed 15 Oct 2025 16:48:23 INFO  SASRecD(
  (item_embedding): Embedding(18358, 256, padding_idx=0)
  (position_embedding): Embedding(50, 256)
  (feature_embed_layer_list): ModuleList(
    (0): FeatureSeqEmbLayer()
  )
  (trm_encoder): DIFTransformerEncoder(
    (layer): ModuleList(
      (0-2): 3 x DIFTransformerLayer(
        (multi_head_attention): DIFMultiHeadAttention(
          (query): Linear(in_features=256, out_features=256, bias=True)
          (key): Linear(in_features=256, out_features=256, bias=True)
          (value): Linear(in_features=256, out_features=256, bias=True)
          (query_p): Linear(in_features=256, out_features=256, bias=True)
          (key_p): Linear(in_features=256, out_features=256, bias=True)
          (query_layers): ModuleList(
            (0): Linear(in_features=64, out_features=64, bias=True)
          )
          (key_layers): ModuleList(
            (0): Linear(in_features=64, out_features=64, bias=True)
          )
          (fusion_layer): VanillaAttention(
            (projection): Sequential(
              (0): Linear(in_features=50, out_features=50, bias=True)
              (1): ReLU(inplace=True)
              (2): Linear(in_features=50, out_features=1, bias=True)
            )
          )
          (attn_dropout): Dropout(p=0.3, inplace=False)
          (dense): Linear(in_features=256, out_features=256, bias=True)
          (LayerNorm): LayerNorm((256,), eps=1e-12, elementwise_affine=True)
          (out_dropout): Dropout(p=0.5, inplace=False)
        )
        (feed_forward): FeedForward(
          (dense_1): Linear(in_features=256, out_features=256, bias=True)
          (dense_2): Linear(in_features=256, out_features=256, bias=True)
          (LayerNorm): LayerNorm((256,), eps=1e-12, elementwise_affine=True)
          (dropout): Dropout(p=0.5, inplace=False)
        )
      )
    )
  )
  (ap): ModuleList(
    (0): Linear(in_features=256, out_features=1876, bias=True)
  )
  (LayerNorm): LayerNorm((256,), eps=1e-12, elementwise_affine=True)
  (dropout): Dropout(p=0.5, inplace=False)
  (loss_fct): CrossEntropyLoss()
  (attribute_loss_fct): BCEWithLogitsLoss()
)
Trainable parameters: 6809935
Wed 15 Oct 2025 16:48:54 INFO  epoch 0 training [time: 30.60s, train loss: 2042.3535]
Wed 15 Oct 2025 16:49:25 INFO  epoch 1 training [time: 30.23s, train loss: 1748.0532]
Wed 15 Oct 2025 16:49:27 INFO  epoch 1 evaluating [time: 1.99s, valid_score: 0.012300]
Wed 15 Oct 2025 16:49:27 INFO  valid result: 
recall@3 : 0.006    recall@5 : 0.0083    recall@10 : 0.0123    recall@20 : 0.0226    ndcg@3 : 0.0044    ndcg@5 : 0.0054    ndcg@10 : 0.0067    ndcg@20 : 0.0092    
Wed 15 Oct 2025 16:49:28 INFO  Saving current best: saved/SASRecD-Oct-15-2025_16-48-23.pth
Wed 15 Oct 2025 16:49:58 INFO  epoch 2 training [time: 30.20s, train loss: 1729.7771]
Wed 15 Oct 2025 16:50:28 INFO  epoch 3 training [time: 30.20s, train loss: 1721.2096]
Wed 15 Oct 2025 16:50:30 INFO  epoch 3 evaluating [time: 1.91s, valid_score: 0.012500]
Wed 15 Oct 2025 16:50:30 INFO  valid result: 
recall@3 : 0.0058    recall@5 : 0.008    recall@10 : 0.0125    recall@20 : 0.0227    ndcg@3 : 0.0042    ndcg@5 : 0.0052    ndcg@10 : 0.0066    ndcg@20 : 0.0091    
Wed 15 Oct 2025 16:50:31 INFO  Saving current best: saved/SASRecD-Oct-15-2025_16-48-23.pth
Wed 15 Oct 2025 16:51:01 INFO  epoch 4 training [time: 30.22s, train loss: 1712.8345]
Wed 15 Oct 2025 16:51:31 INFO  epoch 5 training [time: 30.17s, train loss: 1703.0822]
Wed 15 Oct 2025 16:51:33 INFO  epoch 5 evaluating [time: 1.92s, valid_score: 0.013400]
Wed 15 Oct 2025 16:51:33 INFO  valid result: 
recall@3 : 0.0059    recall@5 : 0.0086    recall@10 : 0.0134    recall@20 : 0.0231    ndcg@3 : 0.0042    ndcg@5 : 0.0054    ndcg@10 : 0.0069    ndcg@20 : 0.0093    
Wed 15 Oct 2025 16:51:34 INFO  Saving current best: saved/SASRecD-Oct-15-2025_16-48-23.pth
Wed 15 Oct 2025 16:52:04 INFO  epoch 6 training [time: 30.17s, train loss: 1689.9055]
Wed 15 Oct 2025 16:52:34 INFO  epoch 7 training [time: 30.14s, train loss: 1667.7875]
Wed 15 Oct 2025 16:52:36 INFO  epoch 7 evaluating [time: 1.89s, valid_score: 0.019100]
Wed 15 Oct 2025 16:52:36 INFO  valid result: 
recall@3 : 0.0071    recall@5 : 0.011    recall@10 : 0.0191    recall@20 : 0.0326    ndcg@3 : 0.005    ndcg@5 : 0.0066    ndcg@10 : 0.0092    ndcg@20 : 0.0126    
Wed 15 Oct 2025 16:52:37 INFO  Saving current best: saved/SASRecD-Oct-15-2025_16-48-23.pth
Wed 15 Oct 2025 16:53:07 INFO  epoch 8 training [time: 30.23s, train loss: 1639.1778]
Wed 15 Oct 2025 16:53:37 INFO  epoch 9 training [time: 30.17s, train loss: 1613.3146]
Wed 15 Oct 2025 16:53:39 INFO  epoch 9 evaluating [time: 1.95s, valid_score: 0.025700]
Wed 15 Oct 2025 16:53:39 INFO  valid result: 
recall@3 : 0.0093    recall@5 : 0.0146    recall@10 : 0.0257    recall@20 : 0.0431    ndcg@3 : 0.0065    ndcg@5 : 0.0087    ndcg@10 : 0.0123    ndcg@20 : 0.0167    
Wed 15 Oct 2025 16:53:40 INFO  Saving current best: saved/SASRecD-Oct-15-2025_16-48-23.pth
Wed 15 Oct 2025 16:54:10 INFO  epoch 10 training [time: 30.14s, train loss: 1588.0657]
Wed 15 Oct 2025 16:54:41 INFO  epoch 11 training [time: 30.14s, train loss: 1564.0270]
Wed 15 Oct 2025 16:54:43 INFO  epoch 11 evaluating [time: 1.90s, valid_score: 0.032200]
Wed 15 Oct 2025 16:54:43 INFO  valid result: 
recall@3 : 0.0124    recall@5 : 0.0187    recall@10 : 0.0322    recall@20 : 0.0538    ndcg@3 : 0.0083    ndcg@5 : 0.0109    ndcg@10 : 0.0152    ndcg@20 : 0.0206    
Wed 15 Oct 2025 16:54:43 INFO  Saving current best: saved/SASRecD-Oct-15-2025_16-48-23.pth
Wed 15 Oct 2025 16:55:14 INFO  epoch 12 training [time: 30.21s, train loss: 1540.5630]
Wed 15 Oct 2025 16:55:44 INFO  epoch 13 training [time: 30.18s, train loss: 1518.7291]
Wed 15 Oct 2025 16:55:46 INFO  epoch 13 evaluating [time: 1.94s, valid_score: 0.038700]
Wed 15 Oct 2025 16:55:46 INFO  valid result: 
recall@3 : 0.0158    recall@5 : 0.0238    recall@10 : 0.0387    recall@20 : 0.0615    ndcg@3 : 0.0104    ndcg@5 : 0.0136    ndcg@10 : 0.0185    ndcg@20 : 0.0242    
Wed 15 Oct 2025 16:55:47 INFO  Saving current best: saved/SASRecD-Oct-15-2025_16-48-23.pth
Wed 15 Oct 2025 16:56:17 INFO  epoch 14 training [time: 30.21s, train loss: 1497.4611]
Wed 15 Oct 2025 16:56:47 INFO  epoch 15 training [time: 30.18s, train loss: 1477.8605]
Wed 15 Oct 2025 16:56:49 INFO  epoch 15 evaluating [time: 1.91s, valid_score: 0.044700]
Wed 15 Oct 2025 16:56:49 INFO  valid result: 
recall@3 : 0.0192    recall@5 : 0.0279    recall@10 : 0.0447    recall@20 : 0.0677    ndcg@3 : 0.0124    ndcg@5 : 0.016    ndcg@10 : 0.0214    ndcg@20 : 0.0272    
Wed 15 Oct 2025 16:56:50 INFO  Saving current best: saved/SASRecD-Oct-15-2025_16-48-23.pth
Wed 15 Oct 2025 16:57:20 INFO  epoch 16 training [time: 30.19s, train loss: 1457.8523]
Wed 15 Oct 2025 16:57:51 INFO  epoch 17 training [time: 30.76s, train loss: 1438.3754]
Wed 15 Oct 2025 16:57:52 INFO  epoch 17 evaluating [time: 1.33s, valid_score: 0.048500]
Wed 15 Oct 2025 16:57:52 INFO  valid result: 
recall@3 : 0.0206    recall@5 : 0.0315    recall@10 : 0.0485    recall@20 : 0.0733    ndcg@3 : 0.0134    ndcg@5 : 0.0178    ndcg@10 : 0.0233    ndcg@20 : 0.0295    
Wed 15 Oct 2025 16:57:53 INFO  Saving current best: saved/SASRecD-Oct-15-2025_16-48-23.pth
Wed 15 Oct 2025 16:58:23 INFO  epoch 18 training [time: 30.21s, train loss: 1420.6331]
Wed 15 Oct 2025 16:58:54 INFO  epoch 19 training [time: 30.80s, train loss: 1402.4782]
Wed 15 Oct 2025 16:58:55 INFO  epoch 19 evaluating [time: 1.32s, valid_score: 0.052100]
Wed 15 Oct 2025 16:58:55 INFO  valid result: 
recall@3 : 0.0225    recall@5 : 0.0349    recall@10 : 0.0521    recall@20 : 0.0784    ndcg@3 : 0.0143    ndcg@5 : 0.0193    ndcg@10 : 0.0249    ndcg@20 : 0.0315    
Wed 15 Oct 2025 16:58:56 INFO  Saving current best: saved/SASRecD-Oct-15-2025_16-48-23.pth
Wed 15 Oct 2025 16:59:26 INFO  epoch 20 training [time: 30.24s, train loss: 1384.4865]
Wed 15 Oct 2025 16:59:57 INFO  epoch 21 training [time: 30.82s, train loss: 1367.2709]
Wed 15 Oct 2025 16:59:58 INFO  epoch 21 evaluating [time: 1.27s, valid_score: 0.055600]
Wed 15 Oct 2025 16:59:58 INFO  valid result: 
recall@3 : 0.0246    recall@5 : 0.0364    recall@10 : 0.0556    recall@20 : 0.0815    ndcg@3 : 0.0153    ndcg@5 : 0.0201    ndcg@10 : 0.0263    ndcg@20 : 0.0328    
Wed 15 Oct 2025 16:59:59 INFO  Saving current best: saved/SASRecD-Oct-15-2025_16-48-23.pth
Wed 15 Oct 2025 17:00:29 INFO  epoch 22 training [time: 30.17s, train loss: 1349.8070]
Wed 15 Oct 2025 17:01:00 INFO  epoch 23 training [time: 30.76s, train loss: 1332.5011]
Wed 15 Oct 2025 17:01:01 INFO  epoch 23 evaluating [time: 1.31s, valid_score: 0.057200]
Wed 15 Oct 2025 17:01:01 INFO  valid result: 
recall@3 : 0.0256    recall@5 : 0.0376    recall@10 : 0.0572    recall@20 : 0.0836    ndcg@3 : 0.0157    ndcg@5 : 0.0206    ndcg@10 : 0.0269    ndcg@20 : 0.0336    
Wed 15 Oct 2025 17:01:02 INFO  Saving current best: saved/SASRecD-Oct-15-2025_16-48-23.pth
Wed 15 Oct 2025 17:01:32 INFO  epoch 24 training [time: 30.25s, train loss: 1315.8471]
Wed 15 Oct 2025 17:02:03 INFO  epoch 25 training [time: 30.78s, train loss: 1298.7996]
Wed 15 Oct 2025 17:02:05 INFO  epoch 25 evaluating [time: 1.32s, valid_score: 0.059500]
Wed 15 Oct 2025 17:02:05 INFO  valid result: 
recall@3 : 0.0264    recall@5 : 0.0385    recall@10 : 0.0595    recall@20 : 0.0851    ndcg@3 : 0.0162    ndcg@5 : 0.0212    ndcg@10 : 0.028    ndcg@20 : 0.0344    
Wed 15 Oct 2025 17:02:05 INFO  Saving current best: saved/SASRecD-Oct-15-2025_16-48-23.pth
Wed 15 Oct 2025 17:02:36 INFO  epoch 26 training [time: 30.10s, train loss: 1281.9908]
Wed 15 Oct 2025 17:03:06 INFO  epoch 27 training [time: 30.75s, train loss: 1265.2546]
Wed 15 Oct 2025 17:03:08 INFO  epoch 27 evaluating [time: 1.31s, valid_score: 0.060300]
Wed 15 Oct 2025 17:03:08 INFO  valid result: 
recall@3 : 0.0266    recall@5 : 0.0397    recall@10 : 0.0603    recall@20 : 0.0869    ndcg@3 : 0.0162    ndcg@5 : 0.0216    ndcg@10 : 0.0282    ndcg@20 : 0.0349    
Wed 15 Oct 2025 17:03:08 INFO  Saving current best: saved/SASRecD-Oct-15-2025_16-48-23.pth
Wed 15 Oct 2025 17:03:39 INFO  epoch 28 training [time: 30.17s, train loss: 1247.7230]
Wed 15 Oct 2025 17:04:09 INFO  epoch 29 training [time: 30.76s, train loss: 1230.9125]
Wed 15 Oct 2025 17:04:11 INFO  epoch 29 evaluating [time: 1.30s, valid_score: 0.061600]
Wed 15 Oct 2025 17:04:11 INFO  valid result: 
recall@3 : 0.0275    recall@5 : 0.0399    recall@10 : 0.0616    recall@20 : 0.0893    ndcg@3 : 0.0169    ndcg@5 : 0.022    ndcg@10 : 0.029    ndcg@20 : 0.0359    
Wed 15 Oct 2025 17:04:12 INFO  Saving current best: saved/SASRecD-Oct-15-2025_16-48-23.pth
Wed 15 Oct 2025 17:04:42 INFO  epoch 30 training [time: 30.12s, train loss: 1214.2897]
Wed 15 Oct 2025 17:05:12 INFO  epoch 31 training [time: 30.75s, train loss: 1197.1774]
Wed 15 Oct 2025 17:05:14 INFO  epoch 31 evaluating [time: 1.31s, valid_score: 0.062200]
Wed 15 Oct 2025 17:05:14 INFO  valid result: 
recall@3 : 0.0277    recall@5 : 0.0406    recall@10 : 0.0622    recall@20 : 0.0903    ndcg@3 : 0.017    ndcg@5 : 0.0223    ndcg@10 : 0.0292    ndcg@20 : 0.0363    
Wed 15 Oct 2025 17:05:15 INFO  Saving current best: saved/SASRecD-Oct-15-2025_16-48-23.pth
Wed 15 Oct 2025 17:05:45 INFO  epoch 32 training [time: 30.17s, train loss: 1179.8766]
Wed 15 Oct 2025 17:06:15 INFO  epoch 33 training [time: 30.77s, train loss: 1162.8859]
Wed 15 Oct 2025 17:06:17 INFO  epoch 33 evaluating [time: 1.28s, valid_score: 0.062700]
Wed 15 Oct 2025 17:06:17 INFO  valid result: 
recall@3 : 0.0282    recall@5 : 0.0406    recall@10 : 0.0627    recall@20 : 0.0909    ndcg@3 : 0.0172    ndcg@5 : 0.0224    ndcg@10 : 0.0294    ndcg@20 : 0.0365    
Wed 15 Oct 2025 17:06:18 INFO  Saving current best: saved/SASRecD-Oct-15-2025_16-48-23.pth
Wed 15 Oct 2025 17:06:48 INFO  epoch 34 training [time: 30.76s, train loss: 1145.2001]
Wed 15 Oct 2025 17:07:19 INFO  epoch 35 training [time: 30.19s, train loss: 1128.1121]
Wed 15 Oct 2025 17:07:20 INFO  epoch 35 evaluating [time: 1.26s, valid_score: 0.063800]
Wed 15 Oct 2025 17:07:20 INFO  valid result: 
recall@3 : 0.0278    recall@5 : 0.0409    recall@10 : 0.0638    recall@20 : 0.0924    ndcg@3 : 0.017    ndcg@5 : 0.0224    ndcg@10 : 0.0298    ndcg@20 : 0.037    
Wed 15 Oct 2025 17:07:21 INFO  Saving current best: saved/SASRecD-Oct-15-2025_16-48-23.pth
Wed 15 Oct 2025 17:07:52 INFO  epoch 36 training [time: 30.86s, train loss: 1110.6073]
Wed 15 Oct 2025 17:08:22 INFO  epoch 37 training [time: 30.13s, train loss: 1093.3292]
Wed 15 Oct 2025 17:08:23 INFO  epoch 37 evaluating [time: 1.28s, valid_score: 0.064100]
Wed 15 Oct 2025 17:08:23 INFO  valid result: 
recall@3 : 0.0286    recall@5 : 0.042    recall@10 : 0.0641    recall@20 : 0.093    ndcg@3 : 0.0174    ndcg@5 : 0.0229    ndcg@10 : 0.03    ndcg@20 : 0.0373    
Wed 15 Oct 2025 17:08:24 INFO  Saving current best: saved/SASRecD-Oct-15-2025_16-48-23.pth
Wed 15 Oct 2025 17:08:55 INFO  epoch 38 training [time: 30.86s, train loss: 1076.5074]
Wed 15 Oct 2025 17:09:25 INFO  epoch 39 training [time: 30.21s, train loss: 1058.3244]
Wed 15 Oct 2025 17:09:26 INFO  epoch 39 evaluating [time: 1.32s, valid_score: 0.064700]
Wed 15 Oct 2025 17:09:26 INFO  valid result: 
recall@3 : 0.029    recall@5 : 0.0425    recall@10 : 0.0647    recall@20 : 0.0938    ndcg@3 : 0.0177    ndcg@5 : 0.0232    ndcg@10 : 0.0304    ndcg@20 : 0.0377    
Wed 15 Oct 2025 17:09:27 INFO  Saving current best: saved/SASRecD-Oct-15-2025_16-48-23.pth
Wed 15 Oct 2025 17:09:58 INFO  epoch 40 training [time: 30.66s, train loss: 1041.5659]
Wed 15 Oct 2025 17:10:28 INFO  epoch 41 training [time: 30.23s, train loss: 1023.2941]
Wed 15 Oct 2025 17:10:30 INFO  epoch 41 evaluating [time: 1.91s, valid_score: 0.064500]
Wed 15 Oct 2025 17:10:30 INFO  valid result: 
recall@3 : 0.0288    recall@5 : 0.0419    recall@10 : 0.0645    recall@20 : 0.0946    ndcg@3 : 0.0176    ndcg@5 : 0.023    ndcg@10 : 0.0303    ndcg@20 : 0.0378    
Wed 15 Oct 2025 17:11:00 INFO  epoch 42 training [time: 30.13s, train loss: 1005.5357]
Wed 15 Oct 2025 17:11:30 INFO  epoch 43 training [time: 30.13s, train loss: 987.4727]
Wed 15 Oct 2025 17:11:32 INFO  epoch 43 evaluating [time: 1.96s, valid_score: 0.065100]
Wed 15 Oct 2025 17:11:32 INFO  valid result: 
recall@3 : 0.0292    recall@5 : 0.0423    recall@10 : 0.0651    recall@20 : 0.0955    ndcg@3 : 0.0177    ndcg@5 : 0.0231    ndcg@10 : 0.0304    ndcg@20 : 0.038    
Wed 15 Oct 2025 17:11:33 INFO  Saving current best: saved/SASRecD-Oct-15-2025_16-48-23.pth
Wed 15 Oct 2025 17:12:03 INFO  epoch 44 training [time: 30.16s, train loss: 969.1207]
Wed 15 Oct 2025 17:12:33 INFO  epoch 45 training [time: 30.16s, train loss: 951.0017]
Wed 15 Oct 2025 17:12:35 INFO  epoch 45 evaluating [time: 1.93s, valid_score: 0.065400]
Wed 15 Oct 2025 17:12:35 INFO  valid result: 
recall@3 : 0.0296    recall@5 : 0.0427    recall@10 : 0.0654    recall@20 : 0.0948    ndcg@3 : 0.018    ndcg@5 : 0.0234    ndcg@10 : 0.0307    ndcg@20 : 0.0381    
Wed 15 Oct 2025 17:12:36 INFO  Saving current best: saved/SASRecD-Oct-15-2025_16-48-23.pth
Wed 15 Oct 2025 17:13:06 INFO  epoch 46 training [time: 30.21s, train loss: 932.7559]
Wed 15 Oct 2025 17:13:36 INFO  epoch 47 training [time: 30.17s, train loss: 913.4476]
Wed 15 Oct 2025 17:13:38 INFO  epoch 47 evaluating [time: 1.91s, valid_score: 0.065500]
Wed 15 Oct 2025 17:13:38 INFO  valid result: 
recall@3 : 0.0293    recall@5 : 0.0432    recall@10 : 0.0655    recall@20 : 0.0955    ndcg@3 : 0.0178    ndcg@5 : 0.0236    ndcg@10 : 0.0307    ndcg@20 : 0.0383    
Wed 15 Oct 2025 17:13:39 INFO  Saving current best: saved/SASRecD-Oct-15-2025_16-48-23.pth
Wed 15 Oct 2025 17:14:09 INFO  epoch 48 training [time: 30.21s, train loss: 894.6357]
Wed 15 Oct 2025 17:14:40 INFO  epoch 49 training [time: 30.18s, train loss: 876.4469]
Wed 15 Oct 2025 17:14:41 INFO  epoch 49 evaluating [time: 1.89s, valid_score: 0.065800]
Wed 15 Oct 2025 17:14:41 INFO  valid result: 
recall@3 : 0.0294    recall@5 : 0.0428    recall@10 : 0.0658    recall@20 : 0.0962    ndcg@3 : 0.0179    ndcg@5 : 0.0235    ndcg@10 : 0.0308    ndcg@20 : 0.0384    
Wed 15 Oct 2025 17:14:42 INFO  Saving current best: saved/SASRecD-Oct-15-2025_16-48-23.pth
Wed 15 Oct 2025 17:15:13 INFO  epoch 50 training [time: 30.20s, train loss: 857.4300]
Wed 15 Oct 2025 17:15:43 INFO  epoch 51 training [time: 30.10s, train loss: 837.5569]
Wed 15 Oct 2025 17:15:45 INFO  epoch 51 evaluating [time: 1.90s, valid_score: 0.065800]
Wed 15 Oct 2025 17:15:45 INFO  valid result: 
recall@3 : 0.0293    recall@5 : 0.0437    recall@10 : 0.0658    recall@20 : 0.0961    ndcg@3 : 0.0179    ndcg@5 : 0.0238    ndcg@10 : 0.0309    ndcg@20 : 0.0385    
Wed 15 Oct 2025 17:16:15 INFO  epoch 52 training [time: 30.15s, train loss: 818.2572]
Wed 15 Oct 2025 17:16:45 INFO  epoch 53 training [time: 30.09s, train loss: 798.5230]
Wed 15 Oct 2025 17:16:47 INFO  epoch 53 evaluating [time: 1.88s, valid_score: 0.066500]
Wed 15 Oct 2025 17:16:47 INFO  valid result: 
recall@3 : 0.0295    recall@5 : 0.0433    recall@10 : 0.0665    recall@20 : 0.096    ndcg@3 : 0.0179    ndcg@5 : 0.0236    ndcg@10 : 0.031    ndcg@20 : 0.0385    
Wed 15 Oct 2025 17:16:48 INFO  Saving current best: saved/SASRecD-Oct-15-2025_16-48-23.pth
Wed 15 Oct 2025 17:17:18 INFO  epoch 54 training [time: 30.16s, train loss: 778.0181]
Wed 15 Oct 2025 17:17:48 INFO  epoch 55 training [time: 30.16s, train loss: 758.3349]
Wed 15 Oct 2025 17:17:50 INFO  epoch 55 evaluating [time: 1.92s, valid_score: 0.066300]
Wed 15 Oct 2025 17:17:50 INFO  valid result: 
recall@3 : 0.0294    recall@5 : 0.0438    recall@10 : 0.0663    recall@20 : 0.0958    ndcg@3 : 0.0178    ndcg@5 : 0.0237    ndcg@10 : 0.031    ndcg@20 : 0.0384    
Wed 15 Oct 2025 17:18:20 INFO  epoch 56 training [time: 30.15s, train loss: 738.8198]
Wed 15 Oct 2025 17:18:50 INFO  epoch 57 training [time: 30.15s, train loss: 717.8511]
Wed 15 Oct 2025 17:18:52 INFO  epoch 57 evaluating [time: 1.92s, valid_score: 0.066700]
Wed 15 Oct 2025 17:18:52 INFO  valid result: 
recall@3 : 0.0293    recall@5 : 0.0428    recall@10 : 0.0667    recall@20 : 0.0964    ndcg@3 : 0.0179    ndcg@5 : 0.0234    ndcg@10 : 0.0311    ndcg@20 : 0.0386    
Wed 15 Oct 2025 17:18:53 INFO  Saving current best: saved/SASRecD-Oct-15-2025_16-48-23.pth
Wed 15 Oct 2025 17:19:23 INFO  epoch 58 training [time: 30.15s, train loss: 697.5576]
Wed 15 Oct 2025 17:19:53 INFO  epoch 59 training [time: 30.14s, train loss: 676.4889]
Wed 15 Oct 2025 17:19:55 INFO  epoch 59 evaluating [time: 1.90s, valid_score: 0.066400]
Wed 15 Oct 2025 17:19:55 INFO  valid result: 
recall@3 : 0.0292    recall@5 : 0.0436    recall@10 : 0.0664    recall@20 : 0.0965    ndcg@3 : 0.0178    ndcg@5 : 0.0237    ndcg@10 : 0.0311    ndcg@20 : 0.0387    
Wed 15 Oct 2025 17:20:25 INFO  epoch 60 training [time: 30.20s, train loss: 655.3802]
Wed 15 Oct 2025 17:20:55 INFO  epoch 61 training [time: 30.16s, train loss: 634.3397]
Wed 15 Oct 2025 17:20:57 INFO  epoch 61 evaluating [time: 1.89s, valid_score: 0.065800]
Wed 15 Oct 2025 17:20:57 INFO  valid result: 
recall@3 : 0.0294    recall@5 : 0.0435    recall@10 : 0.0658    recall@20 : 0.097    ndcg@3 : 0.018    ndcg@5 : 0.0238    ndcg@10 : 0.031    ndcg@20 : 0.0388    
Wed 15 Oct 2025 17:21:28 INFO  epoch 62 training [time: 30.24s, train loss: 613.0112]
Wed 15 Oct 2025 17:21:58 INFO  epoch 63 training [time: 30.15s, train loss: 591.9124]
Wed 15 Oct 2025 17:22:00 INFO  epoch 63 evaluating [time: 1.92s, valid_score: 0.067500]
Wed 15 Oct 2025 17:22:00 INFO  valid result: 
recall@3 : 0.0296    recall@5 : 0.044    recall@10 : 0.0675    recall@20 : 0.097    ndcg@3 : 0.0181    ndcg@5 : 0.024    ndcg@10 : 0.0315    ndcg@20 : 0.0389    
Wed 15 Oct 2025 17:22:00 INFO  Saving current best: saved/SASRecD-Oct-15-2025_16-48-23.pth
Wed 15 Oct 2025 17:22:30 INFO  epoch 64 training [time: 30.04s, train loss: 569.6199]
Wed 15 Oct 2025 17:23:01 INFO  epoch 65 training [time: 30.13s, train loss: 547.3273]
Wed 15 Oct 2025 17:23:03 INFO  epoch 65 evaluating [time: 1.97s, valid_score: 0.066700]
Wed 15 Oct 2025 17:23:03 INFO  valid result: 
recall@3 : 0.0297    recall@5 : 0.0442    recall@10 : 0.0667    recall@20 : 0.0964    ndcg@3 : 0.0182    ndcg@5 : 0.0241    ndcg@10 : 0.0314    ndcg@20 : 0.0389    
Wed 15 Oct 2025 17:23:33 INFO  epoch 66 training [time: 30.11s, train loss: 525.9033]
Wed 15 Oct 2025 17:24:03 INFO  epoch 67 training [time: 30.23s, train loss: 503.1422]
Wed 15 Oct 2025 17:24:05 INFO  epoch 67 evaluating [time: 1.92s, valid_score: 0.065800]
Wed 15 Oct 2025 17:24:05 INFO  valid result: 
recall@3 : 0.0296    recall@5 : 0.0437    recall@10 : 0.0658    recall@20 : 0.0963    ndcg@3 : 0.0181    ndcg@5 : 0.0239    ndcg@10 : 0.031    ndcg@20 : 0.0387    
Wed 15 Oct 2025 17:24:35 INFO  epoch 68 training [time: 30.19s, train loss: 480.3745]
Wed 15 Oct 2025 17:25:05 INFO  epoch 69 training [time: 30.20s, train loss: 457.8700]
Wed 15 Oct 2025 17:25:07 INFO  epoch 69 evaluating [time: 1.92s, valid_score: 0.067600]
Wed 15 Oct 2025 17:25:07 INFO  valid result: 
recall@3 : 0.0295    recall@5 : 0.0434    recall@10 : 0.0676    recall@20 : 0.0969    ndcg@3 : 0.018    ndcg@5 : 0.0237    ndcg@10 : 0.0315    ndcg@20 : 0.0388    
Wed 15 Oct 2025 17:25:08 INFO  Saving current best: saved/SASRecD-Oct-15-2025_16-48-23.pth
Wed 15 Oct 2025 17:25:38 INFO  epoch 70 training [time: 30.11s, train loss: 434.6840]
Wed 15 Oct 2025 17:26:08 INFO  epoch 71 training [time: 30.23s, train loss: 410.6141]
Wed 15 Oct 2025 17:26:10 INFO  epoch 71 evaluating [time: 1.91s, valid_score: 0.067100]
Wed 15 Oct 2025 17:26:10 INFO  valid result: 
recall@3 : 0.03    recall@5 : 0.0433    recall@10 : 0.0671    recall@20 : 0.0974    ndcg@3 : 0.0183    ndcg@5 : 0.0238    ndcg@10 : 0.0315    ndcg@20 : 0.0391    
Wed 15 Oct 2025 17:26:40 INFO  epoch 72 training [time: 30.12s, train loss: 387.3710]
Wed 15 Oct 2025 17:27:11 INFO  epoch 73 training [time: 30.21s, train loss: 363.5980]
Wed 15 Oct 2025 17:27:12 INFO  epoch 73 evaluating [time: 1.90s, valid_score: 0.066800]
Wed 15 Oct 2025 17:27:12 INFO  valid result: 
recall@3 : 0.0295    recall@5 : 0.0431    recall@10 : 0.0668    recall@20 : 0.0954    ndcg@3 : 0.018    ndcg@5 : 0.0236    ndcg@10 : 0.0312    ndcg@20 : 0.0384    
Wed 15 Oct 2025 17:27:43 INFO  epoch 74 training [time: 30.16s, train loss: 339.9975]
Wed 15 Oct 2025 17:28:13 INFO  epoch 75 training [time: 30.22s, train loss: 316.1904]
Wed 15 Oct 2025 17:28:15 INFO  epoch 75 evaluating [time: 1.91s, valid_score: 0.066100]
Wed 15 Oct 2025 17:28:15 INFO  valid result: 
recall@3 : 0.0297    recall@5 : 0.0442    recall@10 : 0.0661    recall@20 : 0.0967    ndcg@3 : 0.0182    ndcg@5 : 0.0242    ndcg@10 : 0.0312    ndcg@20 : 0.0389    
Wed 15 Oct 2025 17:28:45 INFO  epoch 76 training [time: 30.14s, train loss: 291.8231]
Wed 15 Oct 2025 17:29:15 INFO  epoch 77 training [time: 30.16s, train loss: 267.0733]
Wed 15 Oct 2025 17:29:17 INFO  epoch 77 evaluating [time: 1.93s, valid_score: 0.067500]
Wed 15 Oct 2025 17:29:17 INFO  valid result: 
recall@3 : 0.03    recall@5 : 0.0438    recall@10 : 0.0675    recall@20 : 0.0974    ndcg@3 : 0.0183    ndcg@5 : 0.024    ndcg@10 : 0.0316    ndcg@20 : 0.0392    
Wed 15 Oct 2025 17:29:47 INFO  epoch 78 training [time: 30.02s, train loss: 242.1766]
Wed 15 Oct 2025 17:30:17 INFO  epoch 79 training [time: 30.25s, train loss: 216.9290]
Wed 15 Oct 2025 17:30:19 INFO  epoch 79 evaluating [time: 1.93s, valid_score: 0.066500]
Wed 15 Oct 2025 17:30:19 INFO  valid result: 
recall@3 : 0.0293    recall@5 : 0.0433    recall@10 : 0.0665    recall@20 : 0.0964    ndcg@3 : 0.018    ndcg@5 : 0.0238    ndcg@10 : 0.0313    ndcg@20 : 0.0388    
Wed 15 Oct 2025 17:30:49 INFO  epoch 80 training [time: 30.02s, train loss: 192.3240]
Wed 15 Oct 2025 17:31:19 INFO  epoch 81 training [time: 30.19s, train loss: 166.3472]
Wed 15 Oct 2025 17:31:21 INFO  epoch 81 evaluating [time: 1.93s, valid_score: 0.067000]
Wed 15 Oct 2025 17:31:21 INFO  valid result: 
recall@3 : 0.0291    recall@5 : 0.0437    recall@10 : 0.067    recall@20 : 0.0967    ndcg@3 : 0.0179    ndcg@5 : 0.024    ndcg@10 : 0.0315    ndcg@20 : 0.039    
Wed 15 Oct 2025 17:31:51 INFO  epoch 82 training [time: 30.14s, train loss: 140.3978]
Wed 15 Oct 2025 17:32:22 INFO  epoch 83 training [time: 30.19s, train loss: 114.6291]
Wed 15 Oct 2025 17:32:24 INFO  epoch 83 evaluating [time: 1.89s, valid_score: 0.067400]
Wed 15 Oct 2025 17:32:24 INFO  valid result: 
recall@3 : 0.0294    recall@5 : 0.0449    recall@10 : 0.0674    recall@20 : 0.0964    ndcg@3 : 0.0181    ndcg@5 : 0.0245    ndcg@10 : 0.0317    ndcg@20 : 0.039    
Wed 15 Oct 2025 17:32:54 INFO  epoch 84 training [time: 30.14s, train loss: 88.6304]
Wed 15 Oct 2025 17:33:24 INFO  epoch 85 training [time: 30.18s, train loss: 62.1467]
Wed 15 Oct 2025 17:33:26 INFO  epoch 85 evaluating [time: 1.91s, valid_score: 0.067100]
Wed 15 Oct 2025 17:33:26 INFO  valid result: 
recall@3 : 0.0293    recall@5 : 0.0439    recall@10 : 0.0671    recall@20 : 0.0963    ndcg@3 : 0.0179    ndcg@5 : 0.0239    ndcg@10 : 0.0314    ndcg@20 : 0.0387    
Wed 15 Oct 2025 17:33:56 INFO  epoch 86 training [time: 30.14s, train loss: 35.3280]
Wed 15 Oct 2025 17:34:26 INFO  epoch 87 training [time: 30.15s, train loss: 8.4384]
Wed 15 Oct 2025 17:34:28 INFO  epoch 87 evaluating [time: 1.90s, valid_score: 0.065900]
Wed 15 Oct 2025 17:34:28 INFO  valid result: 
recall@3 : 0.0288    recall@5 : 0.0434    recall@10 : 0.0659    recall@20 : 0.0957    ndcg@3 : 0.0178    ndcg@5 : 0.0238    ndcg@10 : 0.031    ndcg@20 : 0.0385    
Wed 15 Oct 2025 17:34:58 INFO  epoch 88 training [time: 30.13s, train loss: -18.3491]
Wed 15 Oct 2025 17:35:28 INFO  epoch 89 training [time: 30.18s, train loss: -45.8411]
Wed 15 Oct 2025 17:35:30 INFO  epoch 89 evaluating [time: 1.96s, valid_score: 0.065500]
Wed 15 Oct 2025 17:35:30 INFO  valid result: 
recall@3 : 0.0302    recall@5 : 0.0437    recall@10 : 0.0655    recall@20 : 0.0957    ndcg@3 : 0.0186    ndcg@5 : 0.0242    ndcg@10 : 0.0312    ndcg@20 : 0.0388    
Wed 15 Oct 2025 17:36:00 INFO  epoch 90 training [time: 30.14s, train loss: -73.6545]
Wed 15 Oct 2025 17:36:30 INFO  epoch 91 training [time: 30.10s, train loss: -101.1150]
Wed 15 Oct 2025 17:36:32 INFO  epoch 91 evaluating [time: 1.93s, valid_score: 0.067200]
Wed 15 Oct 2025 17:36:32 INFO  valid result: 
recall@3 : 0.0292    recall@5 : 0.0433    recall@10 : 0.0672    recall@20 : 0.0965    ndcg@3 : 0.018    ndcg@5 : 0.0238    ndcg@10 : 0.0315    ndcg@20 : 0.0389    
Wed 15 Oct 2025 17:36:32 INFO  Finished training, best eval result in epoch 69
Wed 15 Oct 2025 17:36:33 INFO  Loading model structure and parameters from saved/SASRecD-Oct-15-2025_16-48-23.pth
Wed 15 Oct 2025 17:36:35 INFO  best valid : {'recall@3': np.float64(0.0295), 'recall@5': np.float64(0.0434), 'recall@10': np.float64(0.0676), 'recall@20': np.float64(0.0969), 'ndcg@3': np.float64(0.018), 'ndcg@5': np.float64(0.0237), 'ndcg@10': np.float64(0.0315), 'ndcg@20': np.float64(0.0388)}
Wed 15 Oct 2025 17:36:35 INFO  test result: {'recall@3': np.float64(0.0237), 'recall@5': np.float64(0.0349), 'recall@10': np.float64(0.0535), 'recall@20': np.float64(0.0786), 'ndcg@3': np.float64(0.0145), 'ndcg@5': np.float64(0.0191), 'ndcg@10': np.float64(0.0251), 'ndcg@20': np.float64(0.0314)}
