Tue 14 Oct 2025 19:17:56 INFO  
General Hyper Parameters:
gpu_id = 0
use_gpu = True
seed = 212
state = INFO
reproducibility = True
data_path = ./recbole/data/dataset/Amazon_Sports_and_Outdoors
show_progress = True
save_dataset = False
save_dataloaders = False
benchmark_filename = None

Training Hyper Parameters:
checkpoint_dir = saved
epochs = 200
train_batch_size = 1024
learner = adam
learning_rate = 0.0001
eval_step = 2
stopping_step = 10
clip_grad_norm = None
weight_decay = 0.0
loss_decimal_place = 4

Evaluation Hyper Parameters:
eval_args = {'split': {'LS': 'valid_and_test'}, 'group_by': 'user', 'order': 'TO', 'mode': 'full'}
metrics = ['Recall', 'NDCG']
topk = [3, 5, 10, 20]
valid_metric = Recall@10
valid_metric_bigger = True
eval_batch_size = 256
metric_decimal_place = 4

Dataset Hyper Parameters:
field_separator = 	
seq_separator =  
USER_ID_FIELD = user_id
ITEM_ID_FIELD = item_id
RATING_FIELD = rating
TIME_FIELD = timestamp
seq_len = None
LABEL_FIELD = label
threshold = None
NEG_PREFIX = neg_
load_col = {'inter': ['user_id', 'item_id', 'rating', 'timestamp'], 'item': ['item_id', 'title', 'sales_rank', 'price', 'brand', 'categories', 'sales_type'], 'image': ['img_id', 'img_emb']}
unload_col = None
unused_col = None
additional_feat_suffix = ['image']
rm_dup_inter = None
val_interval = None
filter_inter_by_user_or_item = True
user_inter_num_interval = [5,inf)
item_inter_num_interval = [5,inf)
alias_of_user_id = None
alias_of_item_id = ['img_id']
alias_of_entity_id = None
alias_of_relation_id = None
preload_weight = {'img_id': 'img_emb'}
normalize_field = None
normalize_all = None
ITEM_LIST_LENGTH_FIELD = item_length
LIST_SUFFIX = _list
MAX_ITEM_LIST_LENGTH = 50
POSITION_FIELD = position_id
HEAD_ENTITY_ID_FIELD = head_id
TAIL_ENTITY_ID_FIELD = tail_id
RELATION_ID_FIELD = relation_id
ENTITY_ID_FIELD = entity_id

Other Hyper Parameters: 
neg_sampling = None
multi_gpus = False
repeatable = True
n_layers = 3
n_heads = 8
hidden_size = 256
attribute_hidden_size = [128, 64]
inner_size = 256
hidden_dropout_prob = 0.5
attn_dropout_prob = 0.3
hidden_act = gelu
layer_norm_eps = 1e-12
initializer_range = 0.02
selected_features = ['img_emb', 'categories']
pooling_mode = sum
loss_type = CE
weight_sharing = not
fusion_type = gate
lamdas = [5, 5]
attribute_predictor = ['cos_sim', 'linear']
MODEL_TYPE = ModelType.SEQUENTIAL
feature_type = ['static', 'categorical']
annealing = False
MODEL_INPUT_TYPE = InputType.POINTWISE
eval_type = EvaluatorType.RANKING
device = cuda
train_neg_sample_args = {'strategy': 'none'}
eval_neg_sample_args = {'strategy': 'full', 'distribution': 'uniform'}


Tue 14 Oct 2025 19:17:57 INFO  Amazon_Sports_and_Outdoors
The number of users: 35599
Average actions of users: 8.324540704533963
The number of items: 18358
Average actions of items: 16.142997221768262
The number of inters: 296337
The sparsity of the dataset: 99.95465569853714%
Remain Fields: ['user_id', 'item_id', 'rating', 'timestamp', 'title', 'price', 'brand', 'categories', 'sales_type', 'sales_rank', 'img_id', 'img_emb']
Tue 14 Oct 2025 19:18:00 INFO  [Training]: train_batch_size = [1024] negative sampling: [None]
Tue 14 Oct 2025 19:18:00 INFO  [Evaluation]: eval_batch_size = [256] eval_args: [{'split': {'LS': 'valid_and_test'}, 'group_by': 'user', 'order': 'TO', 'mode': 'full'}]
Tue 14 Oct 2025 19:18:01 INFO  SASRecD(
  (item_embedding): Embedding(18358, 256, padding_idx=0)
  (position_embedding): Embedding(50, 256)
  (feature_embed_layer_list): ModuleList(
    (0): Embedding(18358, 128)
    (1): FeatureSeqEmbLayer()
  )
  (trm_encoder): DIFTransformerEncoder(
    (layer): ModuleList(
      (0-2): 3 x DIFTransformerLayer(
        (multi_head_attention): DIFMultiHeadAttention(
          (query): Linear(in_features=256, out_features=256, bias=True)
          (key): Linear(in_features=256, out_features=256, bias=True)
          (value): Linear(in_features=256, out_features=256, bias=True)
          (query_p): Linear(in_features=256, out_features=256, bias=True)
          (key_p): Linear(in_features=256, out_features=256, bias=True)
          (query_layers): ModuleList(
            (0): Linear(in_features=128, out_features=128, bias=True)
            (1): Linear(in_features=64, out_features=64, bias=True)
          )
          (key_layers): ModuleList(
            (0): Linear(in_features=128, out_features=128, bias=True)
            (1): Linear(in_features=64, out_features=64, bias=True)
          )
          (fusion_layer): VanillaAttention(
            (projection): Sequential(
              (0): Linear(in_features=50, out_features=50, bias=True)
              (1): ReLU(inplace=True)
              (2): Linear(in_features=50, out_features=1, bias=True)
            )
          )
          (attn_dropout): Dropout(p=0.3, inplace=False)
          (dense): Linear(in_features=256, out_features=256, bias=True)
          (LayerNorm): LayerNorm((256,), eps=1e-12, elementwise_affine=True)
          (out_dropout): Dropout(p=0.5, inplace=False)
        )
        (feed_forward): FeedForward(
          (dense_1): Linear(in_features=256, out_features=256, bias=True)
          (dense_2): Linear(in_features=256, out_features=256, bias=True)
          (LayerNorm): LayerNorm((256,), eps=1e-12, elementwise_affine=True)
          (dropout): Dropout(p=0.5, inplace=False)
        )
      )
    )
  )
  (ap): ModuleList(
    (0): Linear(in_features=256, out_features=128, bias=True)
    (1): Linear(in_features=256, out_features=1876, bias=True)
  )
  (LayerNorm): LayerNorm((256,), eps=1e-12, elementwise_affine=True)
  (dropout): Dropout(p=0.5, inplace=False)
  (loss_fct): CrossEntropyLoss()
  (attribute_loss_fct): BCEWithLogitsLoss()
)
Trainable parameters: 6941903
Tue 14 Oct 2025 19:18:37 INFO  epoch 0 training [time: 36.08s, train loss: 2141.9689]
Tue 14 Oct 2025 19:19:14 INFO  epoch 1 training [time: 37.09s, train loss: 1921.4479]
Tue 14 Oct 2025 19:19:17 INFO  epoch 1 evaluating [time: 2.63s, valid_score: 0.012600]
Tue 14 Oct 2025 19:19:17 INFO  valid result: 
recall@3 : 0.006    recall@5 : 0.0082    recall@10 : 0.0126    recall@20 : 0.0236    ndcg@3 : 0.0044    ndcg@5 : 0.0053    ndcg@10 : 0.0067    ndcg@20 : 0.0094    
Tue 14 Oct 2025 19:19:18 INFO  Saving current best: saved/SASRecD-Oct-14-2025_19-18-01.pth
Tue 14 Oct 2025 19:19:56 INFO  epoch 2 training [time: 37.30s, train loss: 1906.7248]
Tue 14 Oct 2025 19:20:33 INFO  epoch 3 training [time: 37.21s, train loss: 1900.0827]
Tue 14 Oct 2025 19:20:35 INFO  epoch 3 evaluating [time: 2.50s, valid_score: 0.012300]
Tue 14 Oct 2025 19:20:35 INFO  valid result: 
recall@3 : 0.0059    recall@5 : 0.008    recall@10 : 0.0123    recall@20 : 0.0228    ndcg@3 : 0.0043    ndcg@5 : 0.0052    ndcg@10 : 0.0066    ndcg@20 : 0.0092    
Tue 14 Oct 2025 19:21:11 INFO  epoch 4 training [time: 36.03s, train loss: 1892.5818]
Tue 14 Oct 2025 19:21:48 INFO  epoch 5 training [time: 37.07s, train loss: 1883.1857]
Tue 14 Oct 2025 19:21:51 INFO  epoch 5 evaluating [time: 2.48s, valid_score: 0.013200]
Tue 14 Oct 2025 19:21:51 INFO  valid result: 
recall@3 : 0.0055    recall@5 : 0.0081    recall@10 : 0.0132    recall@20 : 0.0237    ndcg@3 : 0.004    ndcg@5 : 0.0051    ndcg@10 : 0.0067    ndcg@20 : 0.0093    
Tue 14 Oct 2025 19:21:52 INFO  Saving current best: saved/SASRecD-Oct-14-2025_19-18-01.pth
Tue 14 Oct 2025 19:22:29 INFO  epoch 6 training [time: 37.02s, train loss: 1866.9870]
Tue 14 Oct 2025 19:23:06 INFO  epoch 7 training [time: 36.96s, train loss: 1839.1772]
Tue 14 Oct 2025 19:23:08 INFO  epoch 7 evaluating [time: 2.53s, valid_score: 0.020000]
Tue 14 Oct 2025 19:23:08 INFO  valid result: 
recall@3 : 0.0082    recall@5 : 0.0121    recall@10 : 0.02    recall@20 : 0.0352    ndcg@3 : 0.0058    ndcg@5 : 0.0074    ndcg@10 : 0.0099    ndcg@20 : 0.0137    
Tue 14 Oct 2025 19:23:09 INFO  Saving current best: saved/SASRecD-Oct-14-2025_19-18-01.pth
Tue 14 Oct 2025 19:23:45 INFO  epoch 8 training [time: 36.01s, train loss: 1812.0833]
Tue 14 Oct 2025 19:24:23 INFO  epoch 9 training [time: 37.20s, train loss: 1788.6034]
Tue 14 Oct 2025 19:24:25 INFO  epoch 9 evaluating [time: 2.50s, valid_score: 0.026300]
Tue 14 Oct 2025 19:24:25 INFO  valid result: 
recall@3 : 0.0098    recall@5 : 0.0152    recall@10 : 0.0263    recall@20 : 0.0434    ndcg@3 : 0.0067    ndcg@5 : 0.0089    ndcg@10 : 0.0125    ndcg@20 : 0.0168    
Tue 14 Oct 2025 19:24:26 INFO  Saving current best: saved/SASRecD-Oct-14-2025_19-18-01.pth
Tue 14 Oct 2025 19:25:03 INFO  epoch 10 training [time: 36.88s, train loss: 1765.8782]
Tue 14 Oct 2025 19:25:40 INFO  epoch 11 training [time: 37.25s, train loss: 1742.7400]
Tue 14 Oct 2025 19:25:43 INFO  epoch 11 evaluating [time: 2.51s, valid_score: 0.033700]
Tue 14 Oct 2025 19:25:43 INFO  valid result: 
recall@3 : 0.0124    recall@5 : 0.0196    recall@10 : 0.0337    recall@20 : 0.0554    ndcg@3 : 0.0083    ndcg@5 : 0.0112    ndcg@10 : 0.0157    ndcg@20 : 0.0212    
Tue 14 Oct 2025 19:25:44 INFO  Saving current best: saved/SASRecD-Oct-14-2025_19-18-01.pth
Tue 14 Oct 2025 19:26:20 INFO  epoch 12 training [time: 35.99s, train loss: 1720.3497]
Tue 14 Oct 2025 19:26:57 INFO  epoch 13 training [time: 37.23s, train loss: 1698.7632]
Tue 14 Oct 2025 19:27:00 INFO  epoch 13 evaluating [time: 2.50s, valid_score: 0.041200]
Tue 14 Oct 2025 19:27:00 INFO  valid result: 
recall@3 : 0.0167    recall@5 : 0.0249    recall@10 : 0.0412    recall@20 : 0.063    ndcg@3 : 0.0108    ndcg@5 : 0.0142    ndcg@10 : 0.0194    ndcg@20 : 0.0249    
Tue 14 Oct 2025 19:27:01 INFO  Saving current best: saved/SASRecD-Oct-14-2025_19-18-01.pth
Tue 14 Oct 2025 19:27:38 INFO  epoch 14 training [time: 37.35s, train loss: 1678.6456]
Tue 14 Oct 2025 19:28:16 INFO  epoch 15 training [time: 37.88s, train loss: 1659.2359]
Tue 14 Oct 2025 19:28:18 INFO  epoch 15 evaluating [time: 2.50s, valid_score: 0.046800]
Tue 14 Oct 2025 19:28:18 INFO  valid result: 
recall@3 : 0.0195    recall@5 : 0.0293    recall@10 : 0.0468    recall@20 : 0.0695    ndcg@3 : 0.0124    ndcg@5 : 0.0164    ndcg@10 : 0.0221    ndcg@20 : 0.0278    
Tue 14 Oct 2025 19:28:19 INFO  Saving current best: saved/SASRecD-Oct-14-2025_19-18-01.pth
Tue 14 Oct 2025 19:28:55 INFO  epoch 16 training [time: 36.07s, train loss: 1640.6856]
Tue 14 Oct 2025 19:29:33 INFO  epoch 17 training [time: 37.09s, train loss: 1623.3616]
Tue 14 Oct 2025 19:29:35 INFO  epoch 17 evaluating [time: 2.54s, valid_score: 0.050900]
Tue 14 Oct 2025 19:29:35 INFO  valid result: 
recall@3 : 0.0219    recall@5 : 0.0327    recall@10 : 0.0509    recall@20 : 0.0755    ndcg@3 : 0.0136    ndcg@5 : 0.018    ndcg@10 : 0.0239    ndcg@20 : 0.0301    
Tue 14 Oct 2025 19:29:36 INFO  Saving current best: saved/SASRecD-Oct-14-2025_19-18-01.pth
Tue 14 Oct 2025 19:30:13 INFO  epoch 18 training [time: 37.09s, train loss: 1606.1918]
Tue 14 Oct 2025 19:30:50 INFO  epoch 19 training [time: 37.08s, train loss: 1589.7857]
Tue 14 Oct 2025 19:30:53 INFO  epoch 19 evaluating [time: 2.49s, valid_score: 0.054200]
Tue 14 Oct 2025 19:30:53 INFO  valid result: 
recall@3 : 0.0226    recall@5 : 0.0348    recall@10 : 0.0542    recall@20 : 0.08    ndcg@3 : 0.0141    ndcg@5 : 0.0192    ndcg@10 : 0.0254    ndcg@20 : 0.0319    
Tue 14 Oct 2025 19:30:54 INFO  Saving current best: saved/SASRecD-Oct-14-2025_19-18-01.pth
Tue 14 Oct 2025 19:31:31 INFO  epoch 20 training [time: 37.25s, train loss: 1574.1689]
Tue 14 Oct 2025 19:32:07 INFO  epoch 21 training [time: 36.08s, train loss: 1559.1294]
Tue 14 Oct 2025 19:32:10 INFO  epoch 21 evaluating [time: 2.49s, valid_score: 0.057400]
Tue 14 Oct 2025 19:32:10 INFO  valid result: 
recall@3 : 0.0248    recall@5 : 0.0373    recall@10 : 0.0574    recall@20 : 0.0836    ndcg@3 : 0.0152    ndcg@5 : 0.0203    ndcg@10 : 0.0268    ndcg@20 : 0.0334    
Tue 14 Oct 2025 19:32:11 INFO  Saving current best: saved/SASRecD-Oct-14-2025_19-18-01.pth
Tue 14 Oct 2025 19:32:48 INFO  epoch 22 training [time: 37.18s, train loss: 1544.7936]
Tue 14 Oct 2025 19:33:25 INFO  epoch 23 training [time: 37.11s, train loss: 1531.0648]
Tue 14 Oct 2025 19:33:28 INFO  epoch 23 evaluating [time: 2.56s, valid_score: 0.059100]
Tue 14 Oct 2025 19:33:28 INFO  valid result: 
recall@3 : 0.0261    recall@5 : 0.0385    recall@10 : 0.0591    recall@20 : 0.0867    ndcg@3 : 0.0158    ndcg@5 : 0.0209    ndcg@10 : 0.0275    ndcg@20 : 0.0344    
Tue 14 Oct 2025 19:33:29 INFO  Saving current best: saved/SASRecD-Oct-14-2025_19-18-01.pth
Tue 14 Oct 2025 19:34:06 INFO  epoch 24 training [time: 37.03s, train loss: 1517.7871]
Tue 14 Oct 2025 19:34:42 INFO  epoch 25 training [time: 36.01s, train loss: 1504.6811]
Tue 14 Oct 2025 19:34:44 INFO  epoch 25 evaluating [time: 2.46s, valid_score: 0.060700]
Tue 14 Oct 2025 19:34:44 INFO  valid result: 
recall@3 : 0.027    recall@5 : 0.0393    recall@10 : 0.0607    recall@20 : 0.0889    ndcg@3 : 0.0163    ndcg@5 : 0.0213    ndcg@10 : 0.0282    ndcg@20 : 0.0353    
Tue 14 Oct 2025 19:34:45 INFO  Saving current best: saved/SASRecD-Oct-14-2025_19-18-01.pth
Tue 14 Oct 2025 19:35:22 INFO  epoch 26 training [time: 37.13s, train loss: 1492.2485]
Tue 14 Oct 2025 19:35:59 INFO  epoch 27 training [time: 37.09s, train loss: 1479.7851]
Tue 14 Oct 2025 19:36:02 INFO  epoch 27 evaluating [time: 2.49s, valid_score: 0.062100]
Tue 14 Oct 2025 19:36:02 INFO  valid result: 
recall@3 : 0.0271    recall@5 : 0.0405    recall@10 : 0.0621    recall@20 : 0.09    ndcg@3 : 0.0164    ndcg@5 : 0.0219    ndcg@10 : 0.0288    ndcg@20 : 0.0358    
Tue 14 Oct 2025 19:36:03 INFO  Saving current best: saved/SASRecD-Oct-14-2025_19-18-01.pth
Tue 14 Oct 2025 19:36:40 INFO  epoch 28 training [time: 37.11s, train loss: 1468.5860]
Tue 14 Oct 2025 19:37:16 INFO  epoch 29 training [time: 35.85s, train loss: 1457.0722]
Tue 14 Oct 2025 19:37:18 INFO  epoch 29 evaluating [time: 2.48s, valid_score: 0.062900]
Tue 14 Oct 2025 19:37:18 INFO  valid result: 
recall@3 : 0.0281    recall@5 : 0.0406    recall@10 : 0.0629    recall@20 : 0.0919    ndcg@3 : 0.0168    ndcg@5 : 0.022    ndcg@10 : 0.0292    ndcg@20 : 0.0365    
Tue 14 Oct 2025 19:37:19 INFO  Saving current best: saved/SASRecD-Oct-14-2025_19-18-01.pth
Tue 14 Oct 2025 19:37:57 INFO  epoch 30 training [time: 37.27s, train loss: 1445.4790]
Tue 14 Oct 2025 19:38:34 INFO  epoch 31 training [time: 37.10s, train loss: 1434.8752]
Tue 14 Oct 2025 19:38:36 INFO  epoch 31 evaluating [time: 2.30s, valid_score: 0.064200]
Tue 14 Oct 2025 19:38:36 INFO  valid result: 
recall@3 : 0.0281    recall@5 : 0.0412    recall@10 : 0.0642    recall@20 : 0.0931    ndcg@3 : 0.0168    ndcg@5 : 0.0222    ndcg@10 : 0.0296    ndcg@20 : 0.0368    
Tue 14 Oct 2025 19:38:37 INFO  Saving current best: saved/SASRecD-Oct-14-2025_19-18-01.pth
Tue 14 Oct 2025 19:39:14 INFO  epoch 32 training [time: 36.75s, train loss: 1423.4672]
Tue 14 Oct 2025 19:39:50 INFO  epoch 33 training [time: 36.02s, train loss: 1412.8609]
Tue 14 Oct 2025 19:39:52 INFO  epoch 33 evaluating [time: 2.52s, valid_score: 0.064700]
Tue 14 Oct 2025 19:39:52 INFO  valid result: 
recall@3 : 0.0285    recall@5 : 0.0417    recall@10 : 0.0647    recall@20 : 0.0939    ndcg@3 : 0.0171    ndcg@5 : 0.0225    ndcg@10 : 0.0299    ndcg@20 : 0.0372    
Tue 14 Oct 2025 19:39:53 INFO  Saving current best: saved/SASRecD-Oct-14-2025_19-18-01.pth
Tue 14 Oct 2025 19:40:31 INFO  epoch 34 training [time: 37.28s, train loss: 1402.7344]
Tue 14 Oct 2025 19:41:08 INFO  epoch 35 training [time: 37.21s, train loss: 1392.1804]
Tue 14 Oct 2025 19:41:10 INFO  epoch 35 evaluating [time: 2.47s, valid_score: 0.065600]
Tue 14 Oct 2025 19:41:10 INFO  valid result: 
recall@3 : 0.0286    recall@5 : 0.0422    recall@10 : 0.0656    recall@20 : 0.0944    ndcg@3 : 0.0171    ndcg@5 : 0.0227    ndcg@10 : 0.0302    ndcg@20 : 0.0374    
Tue 14 Oct 2025 19:41:11 INFO  Saving current best: saved/SASRecD-Oct-14-2025_19-18-01.pth
Tue 14 Oct 2025 19:41:49 INFO  epoch 36 training [time: 37.16s, train loss: 1381.9161]
Tue 14 Oct 2025 19:42:24 INFO  epoch 37 training [time: 35.86s, train loss: 1372.1244]
Tue 14 Oct 2025 19:42:27 INFO  epoch 37 evaluating [time: 2.48s, valid_score: 0.065200]
Tue 14 Oct 2025 19:42:27 INFO  valid result: 
recall@3 : 0.0287    recall@5 : 0.0424    recall@10 : 0.0652    recall@20 : 0.0948    ndcg@3 : 0.0173    ndcg@5 : 0.023    ndcg@10 : 0.0303    ndcg@20 : 0.0377    
Tue 14 Oct 2025 19:43:04 INFO  epoch 38 training [time: 37.30s, train loss: 1361.7177]
Tue 14 Oct 2025 19:43:42 INFO  epoch 39 training [time: 37.66s, train loss: 1351.6766]
Tue 14 Oct 2025 19:43:44 INFO  epoch 39 evaluating [time: 2.46s, valid_score: 0.065600]
Tue 14 Oct 2025 19:43:44 INFO  valid result: 
recall@3 : 0.0286    recall@5 : 0.0424    recall@10 : 0.0656    recall@20 : 0.0956    ndcg@3 : 0.0172    ndcg@5 : 0.0229    ndcg@10 : 0.0304    ndcg@20 : 0.0379    
Tue 14 Oct 2025 19:44:21 INFO  epoch 40 training [time: 37.01s, train loss: 1341.9052]
Tue 14 Oct 2025 19:44:59 INFO  epoch 41 training [time: 37.23s, train loss: 1331.4073]
Tue 14 Oct 2025 19:45:00 INFO  epoch 41 evaluating [time: 1.32s, valid_score: 0.066100]
Tue 14 Oct 2025 19:45:00 INFO  valid result: 
recall@3 : 0.0293    recall@5 : 0.0423    recall@10 : 0.0661    recall@20 : 0.096    ndcg@3 : 0.0175    ndcg@5 : 0.0229    ndcg@10 : 0.0306    ndcg@20 : 0.0381    
Tue 14 Oct 2025 19:45:01 INFO  Saving current best: saved/SASRecD-Oct-14-2025_19-18-01.pth
Tue 14 Oct 2025 19:45:38 INFO  epoch 42 training [time: 37.08s, train loss: 1321.6716]
Tue 14 Oct 2025 19:46:15 INFO  epoch 43 training [time: 37.00s, train loss: 1311.8882]
Tue 14 Oct 2025 19:46:18 INFO  epoch 43 evaluating [time: 2.51s, valid_score: 0.066400]
Tue 14 Oct 2025 19:46:18 INFO  valid result: 
recall@3 : 0.0291    recall@5 : 0.0426    recall@10 : 0.0664    recall@20 : 0.0965    ndcg@3 : 0.0175    ndcg@5 : 0.023    ndcg@10 : 0.0307    ndcg@20 : 0.0382    
Tue 14 Oct 2025 19:46:19 INFO  Saving current best: saved/SASRecD-Oct-14-2025_19-18-01.pth
Tue 14 Oct 2025 19:46:56 INFO  epoch 44 training [time: 37.10s, train loss: 1301.8422]
Tue 14 Oct 2025 19:47:33 INFO  epoch 45 training [time: 37.12s, train loss: 1292.6368]
Tue 14 Oct 2025 19:47:35 INFO  epoch 45 evaluating [time: 2.45s, valid_score: 0.066300]
Tue 14 Oct 2025 19:47:35 INFO  valid result: 
recall@3 : 0.0289    recall@5 : 0.0434    recall@10 : 0.0663    recall@20 : 0.0971    ndcg@3 : 0.0175    ndcg@5 : 0.0235    ndcg@10 : 0.0309    ndcg@20 : 0.0386    
Tue 14 Oct 2025 19:48:11 INFO  epoch 46 training [time: 35.97s, train loss: 1282.1709]
Tue 14 Oct 2025 19:48:48 INFO  epoch 47 training [time: 37.02s, train loss: 1272.3126]
Tue 14 Oct 2025 19:48:51 INFO  epoch 47 evaluating [time: 2.49s, valid_score: 0.067000]
Tue 14 Oct 2025 19:48:51 INFO  valid result: 
recall@3 : 0.029    recall@5 : 0.0428    recall@10 : 0.067    recall@20 : 0.0965    ndcg@3 : 0.0175    ndcg@5 : 0.0232    ndcg@10 : 0.031    ndcg@20 : 0.0384    
Tue 14 Oct 2025 19:48:52 INFO  Saving current best: saved/SASRecD-Oct-14-2025_19-18-01.pth
Tue 14 Oct 2025 19:49:29 INFO  epoch 48 training [time: 36.98s, train loss: 1262.3126]
Tue 14 Oct 2025 19:50:06 INFO  epoch 49 training [time: 37.16s, train loss: 1252.2905]
Tue 14 Oct 2025 19:50:09 INFO  epoch 49 evaluating [time: 2.48s, valid_score: 0.066900]
Tue 14 Oct 2025 19:50:09 INFO  valid result: 
recall@3 : 0.0293    recall@5 : 0.043    recall@10 : 0.0669    recall@20 : 0.0967    ndcg@3 : 0.0177    ndcg@5 : 0.0233    ndcg@10 : 0.031    ndcg@20 : 0.0385    
Tue 14 Oct 2025 19:50:44 INFO  epoch 50 training [time: 35.92s, train loss: 1242.5043]
Tue 14 Oct 2025 19:51:19 INFO  epoch 51 training [time: 35.00s, train loss: 1232.5688]
Tue 14 Oct 2025 19:51:22 INFO  epoch 51 evaluating [time: 2.30s, valid_score: 0.066900]
Tue 14 Oct 2025 19:51:22 INFO  valid result: 
recall@3 : 0.0287    recall@5 : 0.0435    recall@10 : 0.0669    recall@20 : 0.0971    ndcg@3 : 0.0174    ndcg@5 : 0.0234    ndcg@10 : 0.031    ndcg@20 : 0.0386    
Tue 14 Oct 2025 19:51:57 INFO  epoch 52 training [time: 34.89s, train loss: 1221.9563]
Tue 14 Oct 2025 19:52:32 INFO  epoch 53 training [time: 34.91s, train loss: 1212.0676]
Tue 14 Oct 2025 19:52:34 INFO  epoch 53 evaluating [time: 2.31s, valid_score: 0.067300]
Tue 14 Oct 2025 19:52:34 INFO  valid result: 
recall@3 : 0.0296    recall@5 : 0.0439    recall@10 : 0.0673    recall@20 : 0.0981    ndcg@3 : 0.0178    ndcg@5 : 0.0237    ndcg@10 : 0.0312    ndcg@20 : 0.0389    
Tue 14 Oct 2025 19:52:35 INFO  Saving current best: saved/SASRecD-Oct-14-2025_19-18-01.pth
Tue 14 Oct 2025 19:53:10 INFO  epoch 54 training [time: 34.84s, train loss: 1201.7043]
Tue 14 Oct 2025 19:53:45 INFO  epoch 55 training [time: 34.95s, train loss: 1191.2022]
Tue 14 Oct 2025 19:53:47 INFO  epoch 55 evaluating [time: 2.31s, valid_score: 0.067800]
Tue 14 Oct 2025 19:53:47 INFO  valid result: 
recall@3 : 0.0292    recall@5 : 0.0439    recall@10 : 0.0678    recall@20 : 0.098    ndcg@3 : 0.0178    ndcg@5 : 0.0239    ndcg@10 : 0.0316    ndcg@20 : 0.0392    
Tue 14 Oct 2025 19:53:48 INFO  Saving current best: saved/SASRecD-Oct-14-2025_19-18-01.pth
Tue 14 Oct 2025 19:54:22 INFO  epoch 56 training [time: 33.76s, train loss: 1180.4132]
Tue 14 Oct 2025 19:54:57 INFO  epoch 57 training [time: 34.94s, train loss: 1170.6124]
Tue 14 Oct 2025 19:54:59 INFO  epoch 57 evaluating [time: 2.27s, valid_score: 0.067200]
Tue 14 Oct 2025 19:54:59 INFO  valid result: 
recall@3 : 0.0291    recall@5 : 0.0436    recall@10 : 0.0672    recall@20 : 0.0974    ndcg@3 : 0.0177    ndcg@5 : 0.0237    ndcg@10 : 0.0313    ndcg@20 : 0.0389    
Tue 14 Oct 2025 19:55:34 INFO  epoch 58 training [time: 35.19s, train loss: 1159.4800]
Tue 14 Oct 2025 19:56:09 INFO  epoch 59 training [time: 35.07s, train loss: 1148.4088]
Tue 14 Oct 2025 19:56:12 INFO  epoch 59 evaluating [time: 2.28s, valid_score: 0.067500]
Tue 14 Oct 2025 19:56:12 INFO  valid result: 
recall@3 : 0.0289    recall@5 : 0.0427    recall@10 : 0.0675    recall@20 : 0.0971    ndcg@3 : 0.0176    ndcg@5 : 0.0233    ndcg@10 : 0.0313    ndcg@20 : 0.0387    
Tue 14 Oct 2025 19:56:46 INFO  epoch 60 training [time: 34.95s, train loss: 1138.4898]
Tue 14 Oct 2025 19:57:22 INFO  epoch 61 training [time: 35.39s, train loss: 1127.0391]
Tue 14 Oct 2025 19:57:24 INFO  epoch 61 evaluating [time: 2.29s, valid_score: 0.066500]
Tue 14 Oct 2025 19:57:24 INFO  valid result: 
recall@3 : 0.029    recall@5 : 0.0432    recall@10 : 0.0665    recall@20 : 0.0971    ndcg@3 : 0.0176    ndcg@5 : 0.0234    ndcg@10 : 0.0309    ndcg@20 : 0.0386    
Tue 14 Oct 2025 19:58:00 INFO  epoch 62 training [time: 35.79s, train loss: 1115.7328]
Tue 14 Oct 2025 19:58:50 INFO  epoch 63 training [time: 49.93s, train loss: 1105.0943]
Tue 14 Oct 2025 19:58:53 INFO  epoch 63 evaluating [time: 2.68s, valid_score: 0.067300]
Tue 14 Oct 2025 19:58:53 INFO  valid result: 
recall@3 : 0.0297    recall@5 : 0.0434    recall@10 : 0.0673    recall@20 : 0.0979    ndcg@3 : 0.0179    ndcg@5 : 0.0235    ndcg@10 : 0.0313    ndcg@20 : 0.0389    
Tue 14 Oct 2025 20:01:58 INFO  epoch 64 training [time: 185.71s, train loss: 1094.2869]
Tue 14 Oct 2025 20:05:29 INFO  epoch 65 training [time: 210.27s, train loss: 1082.7168]
Tue 14 Oct 2025 20:05:45 INFO  epoch 65 evaluating [time: 16.24s, valid_score: 0.066700]
Tue 14 Oct 2025 20:05:45 INFO  valid result: 
recall@3 : 0.0293    recall@5 : 0.0433    recall@10 : 0.0667    recall@20 : 0.0971    ndcg@3 : 0.0179    ndcg@5 : 0.0236    ndcg@10 : 0.0311    ndcg@20 : 0.0388    
Tue 14 Oct 2025 20:09:29 INFO  epoch 66 training [time: 224.32s, train loss: 1071.7523]
Tue 14 Oct 2025 20:12:31 INFO  epoch 67 training [time: 182.40s, train loss: 1061.2388]
Tue 14 Oct 2025 20:12:40 INFO  epoch 67 evaluating [time: 8.19s, valid_score: 0.067400]
Tue 14 Oct 2025 20:12:40 INFO  valid result: 
recall@3 : 0.0289    recall@5 : 0.0431    recall@10 : 0.0674    recall@20 : 0.0963    ndcg@3 : 0.0176    ndcg@5 : 0.0234    ndcg@10 : 0.0312    ndcg@20 : 0.0385    
Tue 14 Oct 2025 20:13:53 INFO  epoch 68 training [time: 73.81s, train loss: 1048.3928]
Tue 14 Oct 2025 20:15:06 INFO  epoch 69 training [time: 72.76s, train loss: 1037.8453]
Tue 14 Oct 2025 20:15:14 INFO  epoch 69 evaluating [time: 7.93s, valid_score: 0.067300]
Tue 14 Oct 2025 20:15:14 INFO  valid result: 
recall@3 : 0.0294    recall@5 : 0.044    recall@10 : 0.0673    recall@20 : 0.0977    ndcg@3 : 0.018    ndcg@5 : 0.0239    ndcg@10 : 0.0314    ndcg@20 : 0.0391    
Tue 14 Oct 2025 20:17:03 INFO  epoch 70 training [time: 108.57s, train loss: 1025.4323]
Tue 14 Oct 2025 20:18:15 INFO  epoch 71 training [time: 72.47s, train loss: 1014.3344]
Tue 14 Oct 2025 20:18:23 INFO  epoch 71 evaluating [time: 7.75s, valid_score: 0.066900]
Tue 14 Oct 2025 20:18:23 INFO  valid result: 
recall@3 : 0.0286    recall@5 : 0.0429    recall@10 : 0.0669    recall@20 : 0.0973    ndcg@3 : 0.0176    ndcg@5 : 0.0235    ndcg@10 : 0.0312    ndcg@20 : 0.0388    
Tue 14 Oct 2025 20:21:15 INFO  epoch 72 training [time: 172.05s, train loss: 1002.3152]
Tue 14 Oct 2025 20:24:02 INFO  epoch 73 training [time: 166.75s, train loss: 990.4580]
Tue 14 Oct 2025 20:24:18 INFO  epoch 73 evaluating [time: 15.92s, valid_score: 0.067400]
Tue 14 Oct 2025 20:24:18 INFO  valid result: 
recall@3 : 0.0294    recall@5 : 0.0434    recall@10 : 0.0674    recall@20 : 0.0968    ndcg@3 : 0.0179    ndcg@5 : 0.0236    ndcg@10 : 0.0314    ndcg@20 : 0.0387    
Tue 14 Oct 2025 20:27:49 INFO  epoch 74 training [time: 211.05s, train loss: 977.9524]
Tue 14 Oct 2025 20:31:12 INFO  epoch 75 training [time: 202.74s, train loss: 965.3618]
Tue 14 Oct 2025 20:31:31 INFO  epoch 75 evaluating [time: 19.89s, valid_score: 0.066700]
Tue 14 Oct 2025 20:31:31 INFO  valid result: 
recall@3 : 0.029    recall@5 : 0.0428    recall@10 : 0.0667    recall@20 : 0.0962    ndcg@3 : 0.0177    ndcg@5 : 0.0233    ndcg@10 : 0.031    ndcg@20 : 0.0384    
Tue 14 Oct 2025 20:35:36 INFO  epoch 76 training [time: 244.14s, train loss: 953.4498]
Tue 14 Oct 2025 20:39:44 INFO  epoch 77 training [time: 248.66s, train loss: 941.1835]
Tue 14 Oct 2025 20:40:04 INFO  epoch 77 evaluating [time: 19.83s, valid_score: 0.066600]
Tue 14 Oct 2025 20:40:04 INFO  valid result: 
recall@3 : 0.0288    recall@5 : 0.0432    recall@10 : 0.0666    recall@20 : 0.0962    ndcg@3 : 0.0178    ndcg@5 : 0.0237    ndcg@10 : 0.0313    ndcg@20 : 0.0387    
Tue 14 Oct 2025 20:40:04 INFO  Finished training, best eval result in epoch 55
Tue 14 Oct 2025 20:40:09 INFO  Loading model structure and parameters from saved/SASRecD-Oct-14-2025_19-18-01.pth
Tue 14 Oct 2025 20:40:30 INFO  best valid : {'recall@3': np.float64(0.0292), 'recall@5': np.float64(0.0439), 'recall@10': np.float64(0.0678), 'recall@20': np.float64(0.098), 'ndcg@3': np.float64(0.0178), 'ndcg@5': np.float64(0.0239), 'ndcg@10': np.float64(0.0316), 'ndcg@20': np.float64(0.0392)}
Tue 14 Oct 2025 20:40:30 INFO  test result: {'recall@3': np.float64(0.0235), 'recall@5': np.float64(0.0361), 'recall@10': np.float64(0.0554), 'recall@20': np.float64(0.0796), 'ndcg@3': np.float64(0.0143), 'ndcg@5': np.float64(0.0194), 'ndcg@10': np.float64(0.0256), 'ndcg@20': np.float64(0.0317)}
