Mon 20 Oct 2025 20:54:12 INFO  
General Hyper Parameters:
gpu_id = 0
use_gpu = True
seed = 212
state = INFO
reproducibility = True
data_path = ./recbole/data/dataset/Amazon_Sports_and_Outdoors
show_progress = True
save_dataset = False
save_dataloaders = False
benchmark_filename = None

Training Hyper Parameters:
checkpoint_dir = saved
epochs = 200
train_batch_size = 1024
learner = adam
learning_rate = 0.0001
eval_step = 2
stopping_step = 10
clip_grad_norm = None
weight_decay = 0.0
loss_decimal_place = 4

Evaluation Hyper Parameters:
eval_args = {'split': {'LS': 'valid_and_test'}, 'group_by': 'user', 'order': 'TO', 'mode': 'full'}
metrics = ['Recall', 'NDCG']
topk = [3, 5, 10, 20]
valid_metric = Recall@10
valid_metric_bigger = True
eval_batch_size = 256
metric_decimal_place = 4

Dataset Hyper Parameters:
field_separator = 	
seq_separator =  
USER_ID_FIELD = user_id
ITEM_ID_FIELD = item_id
RATING_FIELD = rating
TIME_FIELD = timestamp
seq_len = None
LABEL_FIELD = label
threshold = None
NEG_PREFIX = neg_
load_col = {'inter': ['user_id', 'item_id', 'rating', 'timestamp'], 'item': ['item_id', 'title', 'sales_rank', 'price', 'brand', 'categories', 'sales_type'], 'image': ['img_id', 'img_emb']}
unload_col = None
unused_col = None
additional_feat_suffix = ['image']
rm_dup_inter = None
val_interval = None
filter_inter_by_user_or_item = True
user_inter_num_interval = [5,inf)
item_inter_num_interval = [5,inf)
alias_of_user_id = None
alias_of_item_id = ['img_id']
alias_of_entity_id = None
alias_of_relation_id = None
preload_weight = {'img_id': 'img_emb'}
normalize_field = None
normalize_all = None
ITEM_LIST_LENGTH_FIELD = item_length
LIST_SUFFIX = _list
MAX_ITEM_LIST_LENGTH = 50
POSITION_FIELD = position_id
HEAD_ENTITY_ID_FIELD = head_id
TAIL_ENTITY_ID_FIELD = tail_id
RELATION_ID_FIELD = relation_id
ENTITY_ID_FIELD = entity_id

Other Hyper Parameters: 
neg_sampling = None
multi_gpus = False
repeatable = True
n_layers = 3
n_heads = 8
hidden_size = 256
attribute_hidden_size = [128, 64]
inner_size = 256
hidden_dropout_prob = 0.5
attn_dropout_prob = 0.3
hidden_act = gelu
layer_norm_eps = 1e-12
initializer_range = 0.02
selected_features = ['img_emb', 'categories']
pooling_mode = sum
loss_type = CE
weight_sharing = not
fusion_type = gate
lamdas = [5, 5]
attribute_predictor = ['cos_sim', 'linear']
MODEL_TYPE = ModelType.SEQUENTIAL
feature_type = ['static', 'categorical']
annealing = False
MODEL_INPUT_TYPE = InputType.POINTWISE
eval_type = EvaluatorType.RANKING
device = cuda
train_neg_sample_args = {'strategy': 'none'}
eval_neg_sample_args = {'strategy': 'full', 'distribution': 'uniform'}


Mon 20 Oct 2025 20:54:13 INFO  Amazon_Sports_and_Outdoors
The number of users: 35599
Average actions of users: 8.324540704533963
The number of items: 18358
Average actions of items: 16.142997221768262
The number of inters: 296337
The sparsity of the dataset: 99.95465569853714%
Remain Fields: ['user_id', 'item_id', 'rating', 'timestamp', 'title', 'price', 'brand', 'categories', 'sales_type', 'sales_rank', 'img_id', 'img_emb']
Mon 20 Oct 2025 20:54:15 INFO  [Training]: train_batch_size = [1024] negative sampling: [None]
Mon 20 Oct 2025 20:54:15 INFO  [Evaluation]: eval_batch_size = [256] eval_args: [{'split': {'LS': 'valid_and_test'}, 'group_by': 'user', 'order': 'TO', 'mode': 'full'}]
Mon 20 Oct 2025 20:54:16 INFO  SASRecD(
  (item_embedding): Embedding(18358, 256, padding_idx=0)
  (position_embedding): Embedding(50, 256)
  (feature_embed_layer_list): ModuleList(
    (0): Embedding(18358, 128)
    (1): FeatureSeqEmbLayer()
  )
  (trm_encoder): DIFTransformerEncoder(
    (layer): ModuleList(
      (0-2): 3 x DIFTransformerLayer(
        (multi_head_attention): DIFMultiHeadAttention(
          (query): Linear(in_features=256, out_features=256, bias=True)
          (key): Linear(in_features=256, out_features=256, bias=True)
          (value): Linear(in_features=256, out_features=256, bias=True)
          (query_p): Linear(in_features=256, out_features=256, bias=True)
          (key_p): Linear(in_features=256, out_features=256, bias=True)
          (query_layers): ModuleList(
            (0): Linear(in_features=128, out_features=128, bias=True)
            (1): Linear(in_features=64, out_features=64, bias=True)
          )
          (key_layers): ModuleList(
            (0): Linear(in_features=128, out_features=128, bias=True)
            (1): Linear(in_features=64, out_features=64, bias=True)
          )
          (fusion_layer): VanillaAttention(
            (projection): Sequential(
              (0): Linear(in_features=50, out_features=50, bias=True)
              (1): ReLU(inplace=True)
              (2): Linear(in_features=50, out_features=1, bias=True)
            )
          )
          (attn_dropout): Dropout(p=0.3, inplace=False)
          (dense): Linear(in_features=256, out_features=256, bias=True)
          (LayerNorm): LayerNorm((256,), eps=1e-12, elementwise_affine=True)
          (out_dropout): Dropout(p=0.5, inplace=False)
        )
        (feed_forward): FeedForward(
          (dense_1): Linear(in_features=256, out_features=256, bias=True)
          (dense_2): Linear(in_features=256, out_features=256, bias=True)
          (LayerNorm): LayerNorm((256,), eps=1e-12, elementwise_affine=True)
          (dropout): Dropout(p=0.5, inplace=False)
        )
      )
    )
  )
  (ap): ModuleList(
    (0): Linear(in_features=256, out_features=128, bias=True)
    (1): Linear(in_features=256, out_features=1876, bias=True)
  )
  (LayerNorm): LayerNorm((256,), eps=1e-12, elementwise_affine=True)
  (dropout): Dropout(p=0.5, inplace=False)
  (loss_fct): CrossEntropyLoss()
  (attribute_loss_fct): BCEWithLogitsLoss()
)
Trainable parameters: 6941903
Mon 20 Oct 2025 20:54:54 INFO  epoch 0 training [time: 37.18s, train loss: 1962.7774]
Mon 20 Oct 2025 20:55:33 INFO  epoch 1 training [time: 38.63s, train loss: 1743.8405]
Mon 20 Oct 2025 20:55:36 INFO  epoch 1 evaluating [time: 3.30s, valid_score: 0.012600]
Mon 20 Oct 2025 20:55:36 INFO  valid result: 
recall@3 : 0.006    recall@5 : 0.0081    recall@10 : 0.0126    recall@20 : 0.0239    ndcg@3 : 0.0044    ndcg@5 : 0.0053    ndcg@10 : 0.0067    ndcg@20 : 0.0095    
Mon 20 Oct 2025 20:55:40 INFO  Saving current best: saved/SASRecD-Oct-20-2025_20-54-16.pth
Mon 20 Oct 2025 20:56:18 INFO  epoch 2 training [time: 37.99s, train loss: 1729.3044]
Mon 20 Oct 2025 20:56:54 INFO  epoch 3 training [time: 36.46s, train loss: 1722.1367]
Mon 20 Oct 2025 20:56:56 INFO  epoch 3 evaluating [time: 2.24s, valid_score: 0.012500]
Mon 20 Oct 2025 20:56:56 INFO  valid result: 
recall@3 : 0.0059    recall@5 : 0.0079    recall@10 : 0.0125    recall@20 : 0.0226    ndcg@3 : 0.0043    ndcg@5 : 0.0051    ndcg@10 : 0.0066    ndcg@20 : 0.0091    
Mon 20 Oct 2025 20:57:33 INFO  epoch 4 training [time: 36.95s, train loss: 1714.2644]
Mon 20 Oct 2025 20:58:10 INFO  epoch 5 training [time: 36.65s, train loss: 1704.3810]
Mon 20 Oct 2025 20:58:12 INFO  epoch 5 evaluating [time: 2.24s, valid_score: 0.013100]
Mon 20 Oct 2025 20:58:12 INFO  valid result: 
recall@3 : 0.0054    recall@5 : 0.0082    recall@10 : 0.0131    recall@20 : 0.0234    ndcg@3 : 0.0038    ndcg@5 : 0.005    ndcg@10 : 0.0065    ndcg@20 : 0.0091    
Mon 20 Oct 2025 20:58:13 INFO  Saving current best: saved/SASRecD-Oct-20-2025_20-54-16.pth
Mon 20 Oct 2025 20:58:52 INFO  epoch 6 training [time: 38.31s, train loss: 1690.7171]
Mon 20 Oct 2025 20:59:33 INFO  epoch 7 training [time: 41.15s, train loss: 1667.9854]
Mon 20 Oct 2025 20:59:35 INFO  epoch 7 evaluating [time: 2.48s, valid_score: 0.019500]
Mon 20 Oct 2025 20:59:35 INFO  valid result: 
recall@3 : 0.0077    recall@5 : 0.0119    recall@10 : 0.0195    recall@20 : 0.0335    ndcg@3 : 0.0053    ndcg@5 : 0.007    ndcg@10 : 0.0094    ndcg@20 : 0.0129    
Mon 20 Oct 2025 20:59:36 INFO  Saving current best: saved/SASRecD-Oct-20-2025_20-54-16.pth
Mon 20 Oct 2025 21:00:15 INFO  epoch 8 training [time: 39.12s, train loss: 1639.4816]
Mon 20 Oct 2025 21:00:55 INFO  epoch 9 training [time: 39.46s, train loss: 1614.1819]
Mon 20 Oct 2025 21:00:57 INFO  epoch 9 evaluating [time: 2.53s, valid_score: 0.025800]
Mon 20 Oct 2025 21:00:57 INFO  valid result: 
recall@3 : 0.01    recall@5 : 0.0151    recall@10 : 0.0258    recall@20 : 0.0443    ndcg@3 : 0.0067    ndcg@5 : 0.0088    ndcg@10 : 0.0122    ndcg@20 : 0.0169    
Mon 20 Oct 2025 21:00:59 INFO  Saving current best: saved/SASRecD-Oct-20-2025_20-54-16.pth
Mon 20 Oct 2025 21:01:38 INFO  epoch 10 training [time: 39.73s, train loss: 1590.2768]
Mon 20 Oct 2025 21:02:18 INFO  epoch 11 training [time: 39.65s, train loss: 1566.6852]
Mon 20 Oct 2025 21:02:20 INFO  epoch 11 evaluating [time: 2.51s, valid_score: 0.034200]
Mon 20 Oct 2025 21:02:20 INFO  valid result: 
recall@3 : 0.0125    recall@5 : 0.0201    recall@10 : 0.0342    recall@20 : 0.0556    ndcg@3 : 0.0082    ndcg@5 : 0.0113    ndcg@10 : 0.0158    ndcg@20 : 0.0212    
Mon 20 Oct 2025 21:02:22 INFO  Saving current best: saved/SASRecD-Oct-20-2025_20-54-16.pth
Mon 20 Oct 2025 21:03:01 INFO  epoch 12 training [time: 39.59s, train loss: 1544.5765]
Mon 20 Oct 2025 21:03:40 INFO  epoch 13 training [time: 38.65s, train loss: 1523.1951]
Mon 20 Oct 2025 21:03:42 INFO  epoch 13 evaluating [time: 2.49s, valid_score: 0.041100]
Mon 20 Oct 2025 21:03:42 INFO  valid result: 
recall@3 : 0.0164    recall@5 : 0.0253    recall@10 : 0.0411    recall@20 : 0.0638    ndcg@3 : 0.0106    ndcg@5 : 0.0142    ndcg@10 : 0.0193    ndcg@20 : 0.025    
Mon 20 Oct 2025 21:03:44 INFO  Saving current best: saved/SASRecD-Oct-20-2025_20-54-16.pth
Mon 20 Oct 2025 21:04:22 INFO  epoch 14 training [time: 38.07s, train loss: 1503.2819]
Mon 20 Oct 2025 21:05:02 INFO  epoch 15 training [time: 40.55s, train loss: 1484.4210]
Mon 20 Oct 2025 21:05:05 INFO  epoch 15 evaluating [time: 2.58s, valid_score: 0.046700]
Mon 20 Oct 2025 21:05:05 INFO  valid result: 
recall@3 : 0.0197    recall@5 : 0.0291    recall@10 : 0.0467    recall@20 : 0.0702    ndcg@3 : 0.0125    ndcg@5 : 0.0164    ndcg@10 : 0.0221    ndcg@20 : 0.028    
Mon 20 Oct 2025 21:05:06 INFO  Saving current best: saved/SASRecD-Oct-20-2025_20-54-16.pth
Mon 20 Oct 2025 21:05:45 INFO  epoch 16 training [time: 38.53s, train loss: 1465.9020]
Mon 20 Oct 2025 21:06:23 INFO  epoch 17 training [time: 37.90s, train loss: 1448.8329]
Mon 20 Oct 2025 21:06:25 INFO  epoch 17 evaluating [time: 2.48s, valid_score: 0.051100]
Mon 20 Oct 2025 21:06:25 INFO  valid result: 
recall@3 : 0.0217    recall@5 : 0.033    recall@10 : 0.0511    recall@20 : 0.0756    ndcg@3 : 0.0135    ndcg@5 : 0.0181    ndcg@10 : 0.0239    ndcg@20 : 0.0301    
Mon 20 Oct 2025 21:06:26 INFO  Saving current best: saved/SASRecD-Oct-20-2025_20-54-16.pth
Mon 20 Oct 2025 21:07:05 INFO  epoch 18 training [time: 38.89s, train loss: 1432.2915]
Mon 20 Oct 2025 21:07:45 INFO  epoch 19 training [time: 39.62s, train loss: 1416.2780]
Mon 20 Oct 2025 21:07:47 INFO  epoch 19 evaluating [time: 2.44s, valid_score: 0.054400]
Mon 20 Oct 2025 21:07:47 INFO  valid result: 
recall@3 : 0.023    recall@5 : 0.0356    recall@10 : 0.0544    recall@20 : 0.0797    ndcg@3 : 0.0143    ndcg@5 : 0.0194    ndcg@10 : 0.0255    ndcg@20 : 0.0318    
Mon 20 Oct 2025 21:07:48 INFO  Saving current best: saved/SASRecD-Oct-20-2025_20-54-16.pth
Mon 20 Oct 2025 21:08:26 INFO  epoch 20 training [time: 37.52s, train loss: 1401.0276]
Mon 20 Oct 2025 21:09:04 INFO  epoch 21 training [time: 37.94s, train loss: 1386.0514]
Mon 20 Oct 2025 21:09:06 INFO  epoch 21 evaluating [time: 2.59s, valid_score: 0.056700]
Mon 20 Oct 2025 21:09:06 INFO  valid result: 
recall@3 : 0.0244    recall@5 : 0.0376    recall@10 : 0.0567    recall@20 : 0.0836    ndcg@3 : 0.015    ndcg@5 : 0.0204    ndcg@10 : 0.0266    ndcg@20 : 0.0333    
Mon 20 Oct 2025 21:09:08 INFO  Saving current best: saved/SASRecD-Oct-20-2025_20-54-16.pth
Mon 20 Oct 2025 21:09:45 INFO  epoch 22 training [time: 37.53s, train loss: 1372.2807]
Mon 20 Oct 2025 21:10:23 INFO  epoch 23 training [time: 38.10s, train loss: 1358.9040]
Mon 20 Oct 2025 21:10:26 INFO  epoch 23 evaluating [time: 2.50s, valid_score: 0.058700]
Mon 20 Oct 2025 21:10:26 INFO  valid result: 
recall@3 : 0.0262    recall@5 : 0.039    recall@10 : 0.0587    recall@20 : 0.086    ndcg@3 : 0.0159    ndcg@5 : 0.0211    ndcg@10 : 0.0275    ndcg@20 : 0.0344    
Mon 20 Oct 2025 21:10:27 INFO  Saving current best: saved/SASRecD-Oct-20-2025_20-54-16.pth
Mon 20 Oct 2025 21:11:06 INFO  epoch 24 training [time: 38.96s, train loss: 1345.3015]
Mon 20 Oct 2025 21:11:46 INFO  epoch 25 training [time: 39.88s, train loss: 1332.9071]
Mon 20 Oct 2025 21:11:48 INFO  epoch 25 evaluating [time: 2.51s, valid_score: 0.060300]
Mon 20 Oct 2025 21:11:48 INFO  valid result: 
recall@3 : 0.0266    recall@5 : 0.0394    recall@10 : 0.0603    recall@20 : 0.0881    ndcg@3 : 0.0161    ndcg@5 : 0.0213    ndcg@10 : 0.0281    ndcg@20 : 0.0351    
Mon 20 Oct 2025 21:11:49 INFO  Saving current best: saved/SASRecD-Oct-20-2025_20-54-16.pth
Mon 20 Oct 2025 21:12:28 INFO  epoch 26 training [time: 39.16s, train loss: 1320.1869]
Mon 20 Oct 2025 21:13:09 INFO  epoch 27 training [time: 40.41s, train loss: 1308.3639]
Mon 20 Oct 2025 21:13:11 INFO  epoch 27 evaluating [time: 2.46s, valid_score: 0.062200]
Mon 20 Oct 2025 21:13:11 INFO  valid result: 
recall@3 : 0.0271    recall@5 : 0.0398    recall@10 : 0.0622    recall@20 : 0.0886    ndcg@3 : 0.0163    ndcg@5 : 0.0215    ndcg@10 : 0.0287    ndcg@20 : 0.0353    
Mon 20 Oct 2025 21:13:13 INFO  Saving current best: saved/SASRecD-Oct-20-2025_20-54-16.pth
Mon 20 Oct 2025 21:13:51 INFO  epoch 28 training [time: 38.38s, train loss: 1296.8203]
Mon 20 Oct 2025 21:14:30 INFO  epoch 29 training [time: 38.55s, train loss: 1285.4420]
Mon 20 Oct 2025 21:14:32 INFO  epoch 29 evaluating [time: 2.45s, valid_score: 0.062900]
Mon 20 Oct 2025 21:14:32 INFO  valid result: 
recall@3 : 0.0278    recall@5 : 0.0409    recall@10 : 0.0629    recall@20 : 0.0909    ndcg@3 : 0.0167    ndcg@5 : 0.022    ndcg@10 : 0.0291    ndcg@20 : 0.0362    
Mon 20 Oct 2025 21:14:33 INFO  Saving current best: saved/SASRecD-Oct-20-2025_20-54-16.pth
Mon 20 Oct 2025 21:15:12 INFO  epoch 30 training [time: 38.35s, train loss: 1273.8122]
Mon 20 Oct 2025 21:15:50 INFO  epoch 31 training [time: 38.54s, train loss: 1263.6735]
Mon 20 Oct 2025 21:15:53 INFO  epoch 31 evaluating [time: 2.49s, valid_score: 0.063700]
Mon 20 Oct 2025 21:15:53 INFO  valid result: 
recall@3 : 0.0285    recall@5 : 0.0411    recall@10 : 0.0637    recall@20 : 0.0912    ndcg@3 : 0.0171    ndcg@5 : 0.0223    ndcg@10 : 0.0296    ndcg@20 : 0.0365    
Mon 20 Oct 2025 21:15:54 INFO  Saving current best: saved/SASRecD-Oct-20-2025_20-54-16.pth
Mon 20 Oct 2025 21:16:34 INFO  epoch 32 training [time: 40.51s, train loss: 1252.4940]
Mon 20 Oct 2025 21:17:14 INFO  epoch 33 training [time: 39.52s, train loss: 1241.8994]
Mon 20 Oct 2025 21:17:16 INFO  epoch 33 evaluating [time: 2.34s, valid_score: 0.064300]
Mon 20 Oct 2025 21:17:16 INFO  valid result: 
recall@3 : 0.0285    recall@5 : 0.0415    recall@10 : 0.0643    recall@20 : 0.0919    ndcg@3 : 0.0171    ndcg@5 : 0.0224    ndcg@10 : 0.0298    ndcg@20 : 0.0367    
Mon 20 Oct 2025 21:17:17 INFO  Saving current best: saved/SASRecD-Oct-20-2025_20-54-16.pth
Mon 20 Oct 2025 21:17:54 INFO  epoch 34 training [time: 36.98s, train loss: 1231.6460]
Mon 20 Oct 2025 21:18:31 INFO  epoch 35 training [time: 36.40s, train loss: 1221.2671]
Mon 20 Oct 2025 21:18:33 INFO  epoch 35 evaluating [time: 2.16s, valid_score: 0.064900]
Mon 20 Oct 2025 21:18:33 INFO  valid result: 
recall@3 : 0.0287    recall@5 : 0.042    recall@10 : 0.0649    recall@20 : 0.0931    ndcg@3 : 0.0173    ndcg@5 : 0.0227    ndcg@10 : 0.0301    ndcg@20 : 0.0372    
Mon 20 Oct 2025 21:18:34 INFO  Saving current best: saved/SASRecD-Oct-20-2025_20-54-16.pth
Mon 20 Oct 2025 21:19:09 INFO  epoch 36 training [time: 35.68s, train loss: 1211.1087]
Mon 20 Oct 2025 21:19:45 INFO  epoch 37 training [time: 35.57s, train loss: 1201.6727]
Mon 20 Oct 2025 21:19:48 INFO  epoch 37 evaluating [time: 2.85s, valid_score: 0.065100]
Mon 20 Oct 2025 21:19:48 INFO  valid result: 
recall@3 : 0.0289    recall@5 : 0.0419    recall@10 : 0.0651    recall@20 : 0.0935    ndcg@3 : 0.0174    ndcg@5 : 0.0227    ndcg@10 : 0.0302    ndcg@20 : 0.0373    
Mon 20 Oct 2025 21:19:49 INFO  Saving current best: saved/SASRecD-Oct-20-2025_20-54-16.pth
Mon 20 Oct 2025 21:20:24 INFO  epoch 38 training [time: 35.68s, train loss: 1191.4452]
Mon 20 Oct 2025 21:21:00 INFO  epoch 39 training [time: 35.61s, train loss: 1181.3797]
Mon 20 Oct 2025 21:21:02 INFO  epoch 39 evaluating [time: 2.15s, valid_score: 0.065500]
Mon 20 Oct 2025 21:21:02 INFO  valid result: 
recall@3 : 0.0287    recall@5 : 0.0418    recall@10 : 0.0655    recall@20 : 0.0943    ndcg@3 : 0.0173    ndcg@5 : 0.0227    ndcg@10 : 0.0303    ndcg@20 : 0.0376    
Mon 20 Oct 2025 21:21:03 INFO  Saving current best: saved/SASRecD-Oct-20-2025_20-54-16.pth
Mon 20 Oct 2025 21:21:39 INFO  epoch 40 training [time: 35.59s, train loss: 1171.6151]
Mon 20 Oct 2025 21:22:14 INFO  epoch 41 training [time: 35.57s, train loss: 1161.4944]
Mon 20 Oct 2025 21:22:17 INFO  epoch 41 evaluating [time: 2.41s, valid_score: 0.065500]
Mon 20 Oct 2025 21:22:17 INFO  valid result: 
recall@3 : 0.0289    recall@5 : 0.0425    recall@10 : 0.0655    recall@20 : 0.0947    ndcg@3 : 0.0173    ndcg@5 : 0.0229    ndcg@10 : 0.0303    ndcg@20 : 0.0377    
Mon 20 Oct 2025 21:22:52 INFO  epoch 42 training [time: 35.59s, train loss: 1151.5518]
Mon 20 Oct 2025 21:23:28 INFO  epoch 43 training [time: 35.68s, train loss: 1141.9762]
Mon 20 Oct 2025 21:23:30 INFO  epoch 43 evaluating [time: 2.19s, valid_score: 0.065600]
Mon 20 Oct 2025 21:23:30 INFO  valid result: 
recall@3 : 0.0292    recall@5 : 0.0423    recall@10 : 0.0656    recall@20 : 0.094    ndcg@3 : 0.0175    ndcg@5 : 0.0229    ndcg@10 : 0.0304    ndcg@20 : 0.0376    
Mon 20 Oct 2025 21:23:31 INFO  Saving current best: saved/SASRecD-Oct-20-2025_20-54-16.pth
Mon 20 Oct 2025 21:24:07 INFO  epoch 44 training [time: 35.71s, train loss: 1132.3877]
Mon 20 Oct 2025 21:24:43 INFO  epoch 45 training [time: 35.64s, train loss: 1123.1663]
Mon 20 Oct 2025 21:24:45 INFO  epoch 45 evaluating [time: 2.83s, valid_score: 0.065900]
Mon 20 Oct 2025 21:24:45 INFO  valid result: 
recall@3 : 0.0292    recall@5 : 0.0428    recall@10 : 0.0659    recall@20 : 0.0951    ndcg@3 : 0.0176    ndcg@5 : 0.0232    ndcg@10 : 0.0307    ndcg@20 : 0.038    
Mon 20 Oct 2025 21:24:46 INFO  Saving current best: saved/SASRecD-Oct-20-2025_20-54-16.pth
Mon 20 Oct 2025 21:25:22 INFO  epoch 46 training [time: 35.65s, train loss: 1112.5928]
Mon 20 Oct 2025 21:25:58 INFO  epoch 47 training [time: 35.60s, train loss: 1102.6124]
Mon 20 Oct 2025 21:26:00 INFO  epoch 47 evaluating [time: 2.19s, valid_score: 0.066900]
Mon 20 Oct 2025 21:26:00 INFO  valid result: 
recall@3 : 0.0288    recall@5 : 0.0431    recall@10 : 0.0669    recall@20 : 0.0952    ndcg@3 : 0.0174    ndcg@5 : 0.0233    ndcg@10 : 0.031    ndcg@20 : 0.0381    
Mon 20 Oct 2025 21:26:01 INFO  Saving current best: saved/SASRecD-Oct-20-2025_20-54-16.pth
Mon 20 Oct 2025 21:26:36 INFO  epoch 48 training [time: 35.66s, train loss: 1092.8209]
Mon 20 Oct 2025 21:27:12 INFO  epoch 49 training [time: 35.59s, train loss: 1082.7606]
Mon 20 Oct 2025 21:27:14 INFO  epoch 49 evaluating [time: 2.17s, valid_score: 0.066800]
Mon 20 Oct 2025 21:27:14 INFO  valid result: 
recall@3 : 0.029    recall@5 : 0.0431    recall@10 : 0.0668    recall@20 : 0.0954    ndcg@3 : 0.0175    ndcg@5 : 0.0233    ndcg@10 : 0.031    ndcg@20 : 0.0382    
Mon 20 Oct 2025 21:27:50 INFO  epoch 50 training [time: 35.64s, train loss: 1072.7233]
Mon 20 Oct 2025 21:28:25 INFO  epoch 51 training [time: 35.58s, train loss: 1062.9860]
Mon 20 Oct 2025 21:28:28 INFO  epoch 51 evaluating [time: 2.15s, valid_score: 0.066600]
Mon 20 Oct 2025 21:28:28 INFO  valid result: 
recall@3 : 0.0292    recall@5 : 0.0432    recall@10 : 0.0666    recall@20 : 0.0959    ndcg@3 : 0.0177    ndcg@5 : 0.0234    ndcg@10 : 0.0309    ndcg@20 : 0.0383    
Mon 20 Oct 2025 21:29:03 INFO  epoch 52 training [time: 35.68s, train loss: 1052.6177]
Mon 20 Oct 2025 21:29:40 INFO  epoch 53 training [time: 36.25s, train loss: 1042.8213]
Mon 20 Oct 2025 21:29:42 INFO  epoch 53 evaluating [time: 2.15s, valid_score: 0.066700]
Mon 20 Oct 2025 21:29:42 INFO  valid result: 
recall@3 : 0.0295    recall@5 : 0.0437    recall@10 : 0.0667    recall@20 : 0.0959    ndcg@3 : 0.0177    ndcg@5 : 0.0236    ndcg@10 : 0.031    ndcg@20 : 0.0383    
Mon 20 Oct 2025 21:30:17 INFO  epoch 54 training [time: 35.61s, train loss: 1032.3126]
Mon 20 Oct 2025 21:30:53 INFO  epoch 55 training [time: 35.68s, train loss: 1022.2527]
Mon 20 Oct 2025 21:30:55 INFO  epoch 55 evaluating [time: 2.14s, valid_score: 0.067300]
Mon 20 Oct 2025 21:30:55 INFO  valid result: 
recall@3 : 0.0296    recall@5 : 0.0435    recall@10 : 0.0673    recall@20 : 0.097    ndcg@3 : 0.018    ndcg@5 : 0.0237    ndcg@10 : 0.0313    ndcg@20 : 0.0388    
Mon 20 Oct 2025 21:30:56 INFO  Saving current best: saved/SASRecD-Oct-20-2025_20-54-16.pth
Mon 20 Oct 2025 21:31:32 INFO  epoch 56 training [time: 35.56s, train loss: 1011.1476]
Mon 20 Oct 2025 21:32:07 INFO  epoch 57 training [time: 35.57s, train loss: 1001.6681]
Mon 20 Oct 2025 21:32:09 INFO  epoch 57 evaluating [time: 2.15s, valid_score: 0.067000]
Mon 20 Oct 2025 21:32:09 INFO  valid result: 
recall@3 : 0.0294    recall@5 : 0.0432    recall@10 : 0.067    recall@20 : 0.0967    ndcg@3 : 0.0179    ndcg@5 : 0.0235    ndcg@10 : 0.0312    ndcg@20 : 0.0387    
Mon 20 Oct 2025 21:32:45 INFO  epoch 58 training [time: 35.60s, train loss: 990.6331]
Mon 20 Oct 2025 21:33:21 INFO  epoch 59 training [time: 35.58s, train loss: 979.2152]
Mon 20 Oct 2025 21:33:23 INFO  epoch 59 evaluating [time: 2.16s, valid_score: 0.066400]
Mon 20 Oct 2025 21:33:23 INFO  valid result: 
recall@3 : 0.029    recall@5 : 0.0429    recall@10 : 0.0664    recall@20 : 0.0969    ndcg@3 : 0.0177    ndcg@5 : 0.0233    ndcg@10 : 0.0309    ndcg@20 : 0.0386    
Mon 20 Oct 2025 21:33:58 INFO  epoch 60 training [time: 35.70s, train loss: 969.1707]
Mon 20 Oct 2025 21:34:34 INFO  epoch 61 training [time: 35.62s, train loss: 958.1514]
Mon 20 Oct 2025 21:34:37 INFO  epoch 61 evaluating [time: 2.77s, valid_score: 0.066500]
Mon 20 Oct 2025 21:34:37 INFO  valid result: 
recall@3 : 0.0289    recall@5 : 0.0432    recall@10 : 0.0665    recall@20 : 0.096    ndcg@3 : 0.0176    ndcg@5 : 0.0235    ndcg@10 : 0.031    ndcg@20 : 0.0384    
Mon 20 Oct 2025 21:35:12 INFO  epoch 62 training [time: 35.64s, train loss: 947.2607]
Mon 20 Oct 2025 21:35:48 INFO  epoch 63 training [time: 35.70s, train loss: 936.3776]
Mon 20 Oct 2025 21:35:50 INFO  epoch 63 evaluating [time: 2.17s, valid_score: 0.066500]
Mon 20 Oct 2025 21:35:50 INFO  valid result: 
recall@3 : 0.0292    recall@5 : 0.0438    recall@10 : 0.0665    recall@20 : 0.0978    ndcg@3 : 0.0179    ndcg@5 : 0.0239    ndcg@10 : 0.0312    ndcg@20 : 0.0391    
Mon 20 Oct 2025 21:36:27 INFO  epoch 64 training [time: 36.38s, train loss: 925.4229]
Mon 20 Oct 2025 21:37:02 INFO  epoch 65 training [time: 35.56s, train loss: 914.2565]
Mon 20 Oct 2025 21:37:04 INFO  epoch 65 evaluating [time: 2.20s, valid_score: 0.066200]
Mon 20 Oct 2025 21:37:04 INFO  valid result: 
recall@3 : 0.0292    recall@5 : 0.0435    recall@10 : 0.0662    recall@20 : 0.097    ndcg@3 : 0.0179    ndcg@5 : 0.0238    ndcg@10 : 0.0311    ndcg@20 : 0.0388    
Mon 20 Oct 2025 21:37:40 INFO  epoch 66 training [time: 35.65s, train loss: 903.0421]
Mon 20 Oct 2025 21:38:16 INFO  epoch 67 training [time: 35.63s, train loss: 892.3213]
Mon 20 Oct 2025 21:38:18 INFO  epoch 67 evaluating [time: 2.16s, valid_score: 0.066100]
Mon 20 Oct 2025 21:38:18 INFO  valid result: 
recall@3 : 0.0292    recall@5 : 0.0433    recall@10 : 0.0661    recall@20 : 0.0959    ndcg@3 : 0.0181    ndcg@5 : 0.0239    ndcg@10 : 0.0312    ndcg@20 : 0.0388    
Mon 20 Oct 2025 21:38:54 INFO  epoch 68 training [time: 35.62s, train loss: 880.1925]
Mon 20 Oct 2025 21:39:29 INFO  epoch 69 training [time: 35.64s, train loss: 869.0391]
Mon 20 Oct 2025 21:39:32 INFO  epoch 69 evaluating [time: 2.86s, valid_score: 0.066500]
Mon 20 Oct 2025 21:39:32 INFO  valid result: 
recall@3 : 0.0285    recall@5 : 0.0433    recall@10 : 0.0665    recall@20 : 0.0971    ndcg@3 : 0.0176    ndcg@5 : 0.0237    ndcg@10 : 0.0312    ndcg@20 : 0.0389    
Mon 20 Oct 2025 21:40:08 INFO  epoch 70 training [time: 35.68s, train loss: 856.8819]
Mon 20 Oct 2025 21:40:43 INFO  epoch 71 training [time: 35.61s, train loss: 845.9767]
Mon 20 Oct 2025 21:40:45 INFO  epoch 71 evaluating [time: 2.15s, valid_score: 0.065800]
Mon 20 Oct 2025 21:40:45 INFO  valid result: 
recall@3 : 0.0284    recall@5 : 0.0433    recall@10 : 0.0658    recall@20 : 0.0971    ndcg@3 : 0.0178    ndcg@5 : 0.0239    ndcg@10 : 0.0311    ndcg@20 : 0.039    
Mon 20 Oct 2025 21:41:21 INFO  epoch 72 training [time: 35.61s, train loss: 833.7657]
Mon 20 Oct 2025 21:41:57 INFO  epoch 73 training [time: 35.61s, train loss: 821.7666]
Mon 20 Oct 2025 21:41:59 INFO  epoch 73 evaluating [time: 2.15s, valid_score: 0.066600]
Mon 20 Oct 2025 21:41:59 INFO  valid result: 
recall@3 : 0.0294    recall@5 : 0.0436    recall@10 : 0.0666    recall@20 : 0.0964    ndcg@3 : 0.0178    ndcg@5 : 0.0236    ndcg@10 : 0.031    ndcg@20 : 0.0385    
Mon 20 Oct 2025 21:42:34 INFO  epoch 74 training [time: 35.63s, train loss: 809.4612]
Mon 20 Oct 2025 21:43:10 INFO  epoch 75 training [time: 35.62s, train loss: 797.2656]
Mon 20 Oct 2025 21:43:12 INFO  epoch 75 evaluating [time: 2.24s, valid_score: 0.065700]
Mon 20 Oct 2025 21:43:12 INFO  valid result: 
recall@3 : 0.029    recall@5 : 0.0428    recall@10 : 0.0657    recall@20 : 0.0962    ndcg@3 : 0.0178    ndcg@5 : 0.0234    ndcg@10 : 0.0308    ndcg@20 : 0.0385    
Mon 20 Oct 2025 21:43:48 INFO  epoch 76 training [time: 35.68s, train loss: 784.8985]
Mon 20 Oct 2025 21:44:24 INFO  epoch 77 training [time: 35.66s, train loss: 772.7163]
Mon 20 Oct 2025 21:44:26 INFO  epoch 77 evaluating [time: 2.16s, valid_score: 0.065600]
Mon 20 Oct 2025 21:44:26 INFO  valid result: 
recall@3 : 0.0287    recall@5 : 0.0433    recall@10 : 0.0656    recall@20 : 0.0967    ndcg@3 : 0.0178    ndcg@5 : 0.0238    ndcg@10 : 0.031    ndcg@20 : 0.0388    
Mon 20 Oct 2025 21:44:26 INFO  Finished training, best eval result in epoch 55
Mon 20 Oct 2025 21:44:27 INFO  Loading model structure and parameters from saved/SASRecD-Oct-20-2025_20-54-16.pth
Mon 20 Oct 2025 21:44:30 INFO  best valid : {'recall@3': np.float64(0.0296), 'recall@5': np.float64(0.0435), 'recall@10': np.float64(0.0673), 'recall@20': np.float64(0.097), 'ndcg@3': np.float64(0.018), 'ndcg@5': np.float64(0.0237), 'ndcg@10': np.float64(0.0313), 'ndcg@20': np.float64(0.0388)}
Mon 20 Oct 2025 21:44:30 INFO  test result: {'recall@3': np.float64(0.023), 'recall@5': np.float64(0.0353), 'recall@10': np.float64(0.0543), 'recall@20': np.float64(0.0794), 'ndcg@3': np.float64(0.0141), 'ndcg@5': np.float64(0.0191), 'ndcg@10': np.float64(0.0252), 'ndcg@20': np.float64(0.0315)}
