Wed 15 Oct 2025 15:52:31 INFO  
General Hyper Parameters:
gpu_id = 0
use_gpu = True
seed = 212
state = INFO
reproducibility = True
data_path = ./recbole/data/dataset/Amazon_Sports_and_Outdoors
show_progress = True
save_dataset = False
save_dataloaders = False
benchmark_filename = None

Training Hyper Parameters:
checkpoint_dir = saved
epochs = 200
train_batch_size = 1024
learner = adam
learning_rate = 0.0001
eval_step = 2
stopping_step = 10
clip_grad_norm = None
weight_decay = 0.0
loss_decimal_place = 4

Evaluation Hyper Parameters:
eval_args = {'split': {'LS': 'valid_and_test'}, 'group_by': 'user', 'order': 'TO', 'mode': 'full'}
metrics = ['Recall', 'NDCG']
topk = [3, 5, 10, 20]
valid_metric = Recall@10
valid_metric_bigger = True
eval_batch_size = 256
metric_decimal_place = 4

Dataset Hyper Parameters:
field_separator = 	
seq_separator =  
USER_ID_FIELD = user_id
ITEM_ID_FIELD = item_id
RATING_FIELD = rating
TIME_FIELD = timestamp
seq_len = None
LABEL_FIELD = label
threshold = None
NEG_PREFIX = neg_
load_col = {'inter': ['user_id', 'item_id', 'rating', 'timestamp'], 'item': ['item_id', 'title', 'sales_rank', 'price', 'brand', 'categories', 'sales_type'], 'title': ['ent_id', 'ent_emb'], 'image': ['img_id', 'img_emb']}
unload_col = None
unused_col = None
additional_feat_suffix = ['title', 'image']
rm_dup_inter = None
val_interval = None
filter_inter_by_user_or_item = True
user_inter_num_interval = [5,inf)
item_inter_num_interval = [5,inf)
alias_of_user_id = None
alias_of_item_id = ['ent_id', 'img_id']
alias_of_entity_id = None
alias_of_relation_id = None
preload_weight = {'ent_id': 'ent_emb', 'img_id': 'img_emb'}
normalize_field = None
normalize_all = None
ITEM_LIST_LENGTH_FIELD = item_length
LIST_SUFFIX = _list
MAX_ITEM_LIST_LENGTH = 50
POSITION_FIELD = position_id
HEAD_ENTITY_ID_FIELD = head_id
TAIL_ENTITY_ID_FIELD = tail_id
RELATION_ID_FIELD = relation_id
ENTITY_ID_FIELD = entity_id

Other Hyper Parameters: 
neg_sampling = None
multi_gpus = False
repeatable = True
n_layers = 3
n_heads = 8
hidden_size = 256
attribute_hidden_size = [128, 128, 64]
inner_size = 256
hidden_dropout_prob = 0.5
attn_dropout_prob = 0.3
hidden_act = gelu
layer_norm_eps = 1e-12
initializer_range = 0.02
selected_features = ['ent_emb', 'img_emb', 'categories']
pooling_mode = sum
loss_type = CE
weight_sharing = not
fusion_type = gate
lamdas = [5, 5, 5]
attribute_predictor = ['cos_sim', 'cos_sim', 'linear']
MODEL_TYPE = ModelType.SEQUENTIAL
feature_type = ['static', 'static', 'categorical']
annealing = False
MODEL_INPUT_TYPE = InputType.POINTWISE
eval_type = EvaluatorType.RANKING
device = cuda
train_neg_sample_args = {'strategy': 'none'}
eval_neg_sample_args = {'strategy': 'full', 'distribution': 'uniform'}


Wed 15 Oct 2025 15:52:32 INFO  Amazon_Sports_and_Outdoors
The number of users: 35599
Average actions of users: 8.324540704533963
The number of items: 18358
Average actions of items: 16.142997221768262
The number of inters: 296337
The sparsity of the dataset: 99.95465569853714%
Remain Fields: ['user_id', 'item_id', 'rating', 'timestamp', 'title', 'price', 'brand', 'categories', 'sales_type', 'sales_rank', 'ent_id', 'ent_emb', 'img_id', 'img_emb']
Wed 15 Oct 2025 15:52:35 INFO  [Training]: train_batch_size = [1024] negative sampling: [None]
Wed 15 Oct 2025 15:52:35 INFO  [Evaluation]: eval_batch_size = [256] eval_args: [{'split': {'LS': 'valid_and_test'}, 'group_by': 'user', 'order': 'TO', 'mode': 'full'}]
Wed 15 Oct 2025 15:52:35 INFO  SASRecD(
  (item_embedding): Embedding(18358, 256, padding_idx=0)
  (position_embedding): Embedding(50, 256)
  (feature_embed_layer_list): ModuleList(
    (0-1): 2 x Embedding(18358, 128)
    (2): FeatureSeqEmbLayer()
  )
  (trm_encoder): DIFTransformerEncoder(
    (layer): ModuleList(
      (0-2): 3 x DIFTransformerLayer(
        (multi_head_attention): DIFMultiHeadAttention(
          (query): Linear(in_features=256, out_features=256, bias=True)
          (key): Linear(in_features=256, out_features=256, bias=True)
          (value): Linear(in_features=256, out_features=256, bias=True)
          (query_p): Linear(in_features=256, out_features=256, bias=True)
          (key_p): Linear(in_features=256, out_features=256, bias=True)
          (query_layers): ModuleList(
            (0-1): 2 x Linear(in_features=128, out_features=128, bias=True)
            (2): Linear(in_features=64, out_features=64, bias=True)
          )
          (key_layers): ModuleList(
            (0-1): 2 x Linear(in_features=128, out_features=128, bias=True)
            (2): Linear(in_features=64, out_features=64, bias=True)
          )
          (fusion_layer): VanillaAttention(
            (projection): Sequential(
              (0): Linear(in_features=50, out_features=50, bias=True)
              (1): ReLU(inplace=True)
              (2): Linear(in_features=50, out_features=1, bias=True)
            )
          )
          (attn_dropout): Dropout(p=0.3, inplace=False)
          (dense): Linear(in_features=256, out_features=256, bias=True)
          (LayerNorm): LayerNorm((256,), eps=1e-12, elementwise_affine=True)
          (out_dropout): Dropout(p=0.5, inplace=False)
        )
        (feed_forward): FeedForward(
          (dense_1): Linear(in_features=256, out_features=256, bias=True)
          (dense_2): Linear(in_features=256, out_features=256, bias=True)
          (LayerNorm): LayerNorm((256,), eps=1e-12, elementwise_affine=True)
          (dropout): Dropout(p=0.5, inplace=False)
        )
      )
    )
  )
  (ap): ModuleList(
    (0-1): 2 x Linear(in_features=256, out_features=128, bias=True)
    (2): Linear(in_features=256, out_features=1876, bias=True)
  )
  (LayerNorm): LayerNorm((256,), eps=1e-12, elementwise_affine=True)
  (dropout): Dropout(p=0.5, inplace=False)
  (loss_fct): CrossEntropyLoss()
  (attribute_loss_fct): BCEWithLogitsLoss()
)
Trainable parameters: 7073871
Wed 15 Oct 2025 15:53:16 INFO  epoch 0 training [time: 40.02s, train loss: 2127.6554]
Wed 15 Oct 2025 15:53:55 INFO  epoch 1 training [time: 39.60s, train loss: 1915.8241]
Wed 15 Oct 2025 15:53:58 INFO  epoch 1 evaluating [time: 2.62s, valid_score: 0.012600]
Wed 15 Oct 2025 15:53:58 INFO  valid result: 
recall@3 : 0.006    recall@5 : 0.0079    recall@10 : 0.0126    recall@20 : 0.0245    ndcg@3 : 0.0044    ndcg@5 : 0.0052    ndcg@10 : 0.0067    ndcg@20 : 0.0097    
Wed 15 Oct 2025 15:53:59 INFO  Saving current best: saved/SASRecD-Oct-15-2025_15-52-35.pth
Wed 15 Oct 2025 15:54:39 INFO  epoch 2 training [time: 39.65s, train loss: 1902.2565]
Wed 15 Oct 2025 15:55:19 INFO  epoch 3 training [time: 39.43s, train loss: 1896.4515]
Wed 15 Oct 2025 15:55:21 INFO  epoch 3 evaluating [time: 2.51s, valid_score: 0.012400]
Wed 15 Oct 2025 15:55:21 INFO  valid result: 
recall@3 : 0.0056    recall@5 : 0.0078    recall@10 : 0.0124    recall@20 : 0.0237    ndcg@3 : 0.0042    ndcg@5 : 0.0051    ndcg@10 : 0.0066    ndcg@20 : 0.0094    
Wed 15 Oct 2025 15:56:00 INFO  epoch 4 training [time: 39.28s, train loss: 1889.4311]
Wed 15 Oct 2025 15:56:40 INFO  epoch 5 training [time: 39.39s, train loss: 1879.3419]
Wed 15 Oct 2025 15:56:42 INFO  epoch 5 evaluating [time: 2.54s, valid_score: 0.014000]
Wed 15 Oct 2025 15:56:42 INFO  valid result: 
recall@3 : 0.0052    recall@5 : 0.0081    recall@10 : 0.014    recall@20 : 0.025    ndcg@3 : 0.0038    ndcg@5 : 0.0051    ndcg@10 : 0.0069    ndcg@20 : 0.0097    
Wed 15 Oct 2025 15:56:43 INFO  Saving current best: saved/SASRecD-Oct-15-2025_15-52-35.pth
Wed 15 Oct 2025 15:57:23 INFO  epoch 6 training [time: 39.56s, train loss: 1858.8145]
Wed 15 Oct 2025 15:58:02 INFO  epoch 7 training [time: 39.33s, train loss: 1828.2440]
Wed 15 Oct 2025 15:58:05 INFO  epoch 7 evaluating [time: 2.54s, valid_score: 0.021000]
Wed 15 Oct 2025 15:58:05 INFO  valid result: 
recall@3 : 0.0076    recall@5 : 0.0115    recall@10 : 0.021    recall@20 : 0.0356    ndcg@3 : 0.0054    ndcg@5 : 0.007    ndcg@10 : 0.01    ndcg@20 : 0.0137    
Wed 15 Oct 2025 15:58:06 INFO  Saving current best: saved/SASRecD-Oct-15-2025_15-52-35.pth
Wed 15 Oct 2025 15:58:46 INFO  epoch 8 training [time: 39.47s, train loss: 1803.1072]
Wed 15 Oct 2025 15:59:25 INFO  epoch 9 training [time: 39.49s, train loss: 1780.9962]
Wed 15 Oct 2025 15:59:28 INFO  epoch 9 evaluating [time: 2.58s, valid_score: 0.026300]
Wed 15 Oct 2025 15:59:28 INFO  valid result: 
recall@3 : 0.0088    recall@5 : 0.0146    recall@10 : 0.0263    recall@20 : 0.0436    ndcg@3 : 0.0061    ndcg@5 : 0.0084    ndcg@10 : 0.0122    ndcg@20 : 0.0165    
Wed 15 Oct 2025 15:59:29 INFO  Saving current best: saved/SASRecD-Oct-15-2025_15-52-35.pth
Wed 15 Oct 2025 16:00:08 INFO  epoch 10 training [time: 39.29s, train loss: 1758.8011]
Wed 15 Oct 2025 16:00:47 INFO  epoch 11 training [time: 39.23s, train loss: 1736.6775]
Wed 15 Oct 2025 16:00:50 INFO  epoch 11 evaluating [time: 2.55s, valid_score: 0.033700]
Wed 15 Oct 2025 16:00:50 INFO  valid result: 
recall@3 : 0.013    recall@5 : 0.0202    recall@10 : 0.0337    recall@20 : 0.054    ndcg@3 : 0.0084    ndcg@5 : 0.0114    ndcg@10 : 0.0157    ndcg@20 : 0.0208    
Wed 15 Oct 2025 16:00:51 INFO  Saving current best: saved/SASRecD-Oct-15-2025_15-52-35.pth
Wed 15 Oct 2025 16:01:31 INFO  epoch 12 training [time: 39.52s, train loss: 1714.6997]
Wed 15 Oct 2025 16:02:10 INFO  epoch 13 training [time: 39.54s, train loss: 1693.7756]
Wed 15 Oct 2025 16:02:13 INFO  epoch 13 evaluating [time: 2.57s, valid_score: 0.040800]
Wed 15 Oct 2025 16:02:13 INFO  valid result: 
recall@3 : 0.0164    recall@5 : 0.0245    recall@10 : 0.0408    recall@20 : 0.0625    ndcg@3 : 0.0105    ndcg@5 : 0.0139    ndcg@10 : 0.0191    ndcg@20 : 0.0246    
Wed 15 Oct 2025 16:02:14 INFO  Saving current best: saved/SASRecD-Oct-15-2025_15-52-35.pth
Wed 15 Oct 2025 16:02:53 INFO  epoch 14 training [time: 39.27s, train loss: 1674.0527]
Wed 15 Oct 2025 16:03:33 INFO  epoch 15 training [time: 39.57s, train loss: 1655.0141]
Wed 15 Oct 2025 16:03:35 INFO  epoch 15 evaluating [time: 2.56s, valid_score: 0.046500]
Wed 15 Oct 2025 16:03:35 INFO  valid result: 
recall@3 : 0.0192    recall@5 : 0.0288    recall@10 : 0.0465    recall@20 : 0.0696    ndcg@3 : 0.0122    ndcg@5 : 0.0162    ndcg@10 : 0.0219    ndcg@20 : 0.0277    
Wed 15 Oct 2025 16:03:36 INFO  Saving current best: saved/SASRecD-Oct-15-2025_15-52-35.pth
Wed 15 Oct 2025 16:04:16 INFO  epoch 16 training [time: 39.56s, train loss: 1636.7981]
Wed 15 Oct 2025 16:04:55 INFO  epoch 17 training [time: 39.53s, train loss: 1619.6962]
Wed 15 Oct 2025 16:04:58 INFO  epoch 17 evaluating [time: 2.44s, valid_score: 0.050900]
Wed 15 Oct 2025 16:04:58 INFO  valid result: 
recall@3 : 0.0211    recall@5 : 0.0327    recall@10 : 0.0509    recall@20 : 0.0758    ndcg@3 : 0.0133    ndcg@5 : 0.0181    ndcg@10 : 0.0239    ndcg@20 : 0.0302    
Wed 15 Oct 2025 16:04:59 INFO  Saving current best: saved/SASRecD-Oct-15-2025_15-52-35.pth
Wed 15 Oct 2025 16:05:38 INFO  epoch 18 training [time: 39.23s, train loss: 1603.1622]
Wed 15 Oct 2025 16:06:18 INFO  epoch 19 training [time: 39.35s, train loss: 1587.5140]
Wed 15 Oct 2025 16:06:20 INFO  epoch 19 evaluating [time: 2.56s, valid_score: 0.054000]
Wed 15 Oct 2025 16:06:20 INFO  valid result: 
recall@3 : 0.023    recall@5 : 0.0355    recall@10 : 0.054    recall@20 : 0.0792    ndcg@3 : 0.0143    ndcg@5 : 0.0194    ndcg@10 : 0.0254    ndcg@20 : 0.0318    
Wed 15 Oct 2025 16:06:21 INFO  Saving current best: saved/SASRecD-Oct-15-2025_15-52-35.pth
Wed 15 Oct 2025 16:07:01 INFO  epoch 20 training [time: 39.34s, train loss: 1572.1898]
Wed 15 Oct 2025 16:07:40 INFO  epoch 21 training [time: 39.24s, train loss: 1558.0153]
Wed 15 Oct 2025 16:07:42 INFO  epoch 21 evaluating [time: 2.54s, valid_score: 0.056400]
Wed 15 Oct 2025 16:07:42 INFO  valid result: 
recall@3 : 0.0252    recall@5 : 0.0367    recall@10 : 0.0564    recall@20 : 0.0837    ndcg@3 : 0.0153    ndcg@5 : 0.02    ndcg@10 : 0.0264    ndcg@20 : 0.0332    
Wed 15 Oct 2025 16:07:43 INFO  Saving current best: saved/SASRecD-Oct-15-2025_15-52-35.pth
Wed 15 Oct 2025 16:08:23 INFO  epoch 22 training [time: 39.20s, train loss: 1544.5385]
Wed 15 Oct 2025 16:09:02 INFO  epoch 23 training [time: 39.40s, train loss: 1531.6137]
Wed 15 Oct 2025 16:09:05 INFO  epoch 23 evaluating [time: 2.59s, valid_score: 0.058500]
Wed 15 Oct 2025 16:09:05 INFO  valid result: 
recall@3 : 0.0268    recall@5 : 0.0387    recall@10 : 0.0585    recall@20 : 0.0857    ndcg@3 : 0.0162    ndcg@5 : 0.0211    ndcg@10 : 0.0274    ndcg@20 : 0.0343    
Wed 15 Oct 2025 16:09:06 INFO  Saving current best: saved/SASRecD-Oct-15-2025_15-52-35.pth
Wed 15 Oct 2025 16:09:45 INFO  epoch 24 training [time: 39.01s, train loss: 1518.4474]
Wed 15 Oct 2025 16:10:24 INFO  epoch 25 training [time: 39.54s, train loss: 1506.5025]
Wed 15 Oct 2025 16:10:27 INFO  epoch 25 evaluating [time: 2.54s, valid_score: 0.060100]
Wed 15 Oct 2025 16:10:27 INFO  valid result: 
recall@3 : 0.0272    recall@5 : 0.0398    recall@10 : 0.0601    recall@20 : 0.0882    ndcg@3 : 0.0164    ndcg@5 : 0.0216    ndcg@10 : 0.0281    ndcg@20 : 0.0352    
Wed 15 Oct 2025 16:10:28 INFO  Saving current best: saved/SASRecD-Oct-15-2025_15-52-35.pth
Wed 15 Oct 2025 16:11:07 INFO  epoch 26 training [time: 39.42s, train loss: 1495.0067]
Wed 15 Oct 2025 16:11:47 INFO  epoch 27 training [time: 39.52s, train loss: 1483.9692]
Wed 15 Oct 2025 16:11:49 INFO  epoch 27 evaluating [time: 2.56s, valid_score: 0.061400]
Wed 15 Oct 2025 16:11:49 INFO  valid result: 
recall@3 : 0.028    recall@5 : 0.04    recall@10 : 0.0614    recall@20 : 0.0893    ndcg@3 : 0.0168    ndcg@5 : 0.0217    ndcg@10 : 0.0286    ndcg@20 : 0.0356    
Wed 15 Oct 2025 16:11:50 INFO  Saving current best: saved/SASRecD-Oct-15-2025_15-52-35.pth
Wed 15 Oct 2025 16:12:30 INFO  epoch 28 training [time: 39.14s, train loss: 1473.2554]
Wed 15 Oct 2025 16:13:09 INFO  epoch 29 training [time: 39.40s, train loss: 1462.6933]
Wed 15 Oct 2025 16:13:12 INFO  epoch 29 evaluating [time: 2.59s, valid_score: 0.062800]
Wed 15 Oct 2025 16:13:12 INFO  valid result: 
recall@3 : 0.0288    recall@5 : 0.0407    recall@10 : 0.0628    recall@20 : 0.091    ndcg@3 : 0.0173    ndcg@5 : 0.0221    ndcg@10 : 0.0292    ndcg@20 : 0.0364    
Wed 15 Oct 2025 16:13:13 INFO  Saving current best: saved/SASRecD-Oct-15-2025_15-52-35.pth
Wed 15 Oct 2025 16:13:52 INFO  epoch 30 training [time: 39.40s, train loss: 1452.7308]
Wed 15 Oct 2025 16:14:31 INFO  epoch 31 training [time: 38.99s, train loss: 1442.7262]
Wed 15 Oct 2025 16:14:34 INFO  epoch 31 evaluating [time: 2.55s, valid_score: 0.063800]
Wed 15 Oct 2025 16:14:34 INFO  valid result: 
recall@3 : 0.0287    recall@5 : 0.0409    recall@10 : 0.0638    recall@20 : 0.0925    ndcg@3 : 0.0172    ndcg@5 : 0.0222    ndcg@10 : 0.0296    ndcg@20 : 0.0368    
Wed 15 Oct 2025 16:14:35 INFO  Saving current best: saved/SASRecD-Oct-15-2025_15-52-35.pth
Wed 15 Oct 2025 16:15:14 INFO  epoch 32 training [time: 39.38s, train loss: 1433.2889]
Wed 15 Oct 2025 16:15:54 INFO  epoch 33 training [time: 39.48s, train loss: 1424.2250]
Wed 15 Oct 2025 16:15:56 INFO  epoch 33 evaluating [time: 2.58s, valid_score: 0.063800]
Wed 15 Oct 2025 16:15:56 INFO  valid result: 
recall@3 : 0.0289    recall@5 : 0.042    recall@10 : 0.0638    recall@20 : 0.0927    ndcg@3 : 0.0174    ndcg@5 : 0.0228    ndcg@10 : 0.0298    ndcg@20 : 0.0371    
Wed 15 Oct 2025 16:16:36 INFO  epoch 34 training [time: 39.39s, train loss: 1414.6616]
Wed 15 Oct 2025 16:17:15 INFO  epoch 35 training [time: 38.96s, train loss: 1406.2336]
Wed 15 Oct 2025 16:17:17 INFO  epoch 35 evaluating [time: 2.51s, valid_score: 0.064800]
Wed 15 Oct 2025 16:17:17 INFO  valid result: 
recall@3 : 0.0287    recall@5 : 0.0422    recall@10 : 0.0648    recall@20 : 0.0941    ndcg@3 : 0.0173    ndcg@5 : 0.0228    ndcg@10 : 0.0301    ndcg@20 : 0.0375    
Wed 15 Oct 2025 16:17:18 INFO  Saving current best: saved/SASRecD-Oct-15-2025_15-52-35.pth
Wed 15 Oct 2025 16:17:58 INFO  epoch 36 training [time: 39.67s, train loss: 1397.5714]
Wed 15 Oct 2025 16:18:37 INFO  epoch 37 training [time: 39.41s, train loss: 1389.6755]
Wed 15 Oct 2025 16:18:40 INFO  epoch 37 evaluating [time: 2.56s, valid_score: 0.065200]
Wed 15 Oct 2025 16:18:40 INFO  valid result: 
recall@3 : 0.0289    recall@5 : 0.0426    recall@10 : 0.0652    recall@20 : 0.0943    ndcg@3 : 0.0174    ndcg@5 : 0.023    ndcg@10 : 0.0303    ndcg@20 : 0.0376    
Wed 15 Oct 2025 16:18:41 INFO  Saving current best: saved/SASRecD-Oct-15-2025_15-52-35.pth
Wed 15 Oct 2025 16:19:20 INFO  epoch 38 training [time: 39.39s, train loss: 1381.6429]
Wed 15 Oct 2025 16:20:00 INFO  epoch 39 training [time: 39.39s, train loss: 1373.4383]
Wed 15 Oct 2025 16:20:02 INFO  epoch 39 evaluating [time: 2.58s, valid_score: 0.065600]
Wed 15 Oct 2025 16:20:02 INFO  valid result: 
recall@3 : 0.0284    recall@5 : 0.043    recall@10 : 0.0656    recall@20 : 0.095    ndcg@3 : 0.0171    ndcg@5 : 0.0231    ndcg@10 : 0.0304    ndcg@20 : 0.0378    
Wed 15 Oct 2025 16:20:03 INFO  Saving current best: saved/SASRecD-Oct-15-2025_15-52-35.pth
Wed 15 Oct 2025 16:20:43 INFO  epoch 40 training [time: 39.59s, train loss: 1365.7921]
Wed 15 Oct 2025 16:21:22 INFO  epoch 41 training [time: 39.39s, train loss: 1358.1087]
Wed 15 Oct 2025 16:21:24 INFO  epoch 41 evaluating [time: 2.05s, valid_score: 0.065900]
Wed 15 Oct 2025 16:21:24 INFO  valid result: 
recall@3 : 0.0289    recall@5 : 0.0433    recall@10 : 0.0659    recall@20 : 0.0955    ndcg@3 : 0.0174    ndcg@5 : 0.0233    ndcg@10 : 0.0305    ndcg@20 : 0.038    
Wed 15 Oct 2025 16:21:26 INFO  Saving current best: saved/SASRecD-Oct-15-2025_15-52-35.pth
Wed 15 Oct 2025 16:22:05 INFO  epoch 42 training [time: 39.72s, train loss: 1350.6554]
Wed 15 Oct 2025 16:22:45 INFO  epoch 43 training [time: 39.57s, train loss: 1343.6459]
Wed 15 Oct 2025 16:22:47 INFO  epoch 43 evaluating [time: 2.58s, valid_score: 0.066500]
Wed 15 Oct 2025 16:22:47 INFO  valid result: 
recall@3 : 0.0295    recall@5 : 0.0435    recall@10 : 0.0665    recall@20 : 0.0955    ndcg@3 : 0.0177    ndcg@5 : 0.0234    ndcg@10 : 0.0309    ndcg@20 : 0.0381    
Wed 15 Oct 2025 16:22:49 INFO  Saving current best: saved/SASRecD-Oct-15-2025_15-52-35.pth
Wed 15 Oct 2025 16:23:28 INFO  epoch 44 training [time: 39.58s, train loss: 1335.8806]
Wed 15 Oct 2025 16:24:07 INFO  epoch 45 training [time: 38.92s, train loss: 1328.6991]
Wed 15 Oct 2025 16:24:10 INFO  epoch 45 evaluating [time: 2.61s, valid_score: 0.066400]
Wed 15 Oct 2025 16:24:10 INFO  valid result: 
recall@3 : 0.0294    recall@5 : 0.0438    recall@10 : 0.0664    recall@20 : 0.0963    ndcg@3 : 0.0177    ndcg@5 : 0.0236    ndcg@10 : 0.0308    ndcg@20 : 0.0384    
Wed 15 Oct 2025 16:24:49 INFO  epoch 46 training [time: 39.41s, train loss: 1321.3288]
Wed 15 Oct 2025 16:25:29 INFO  epoch 47 training [time: 39.57s, train loss: 1314.3867]
Wed 15 Oct 2025 16:25:31 INFO  epoch 47 evaluating [time: 2.59s, valid_score: 0.067300]
Wed 15 Oct 2025 16:25:31 INFO  valid result: 
recall@3 : 0.0294    recall@5 : 0.0442    recall@10 : 0.0673    recall@20 : 0.0966    ndcg@3 : 0.0178    ndcg@5 : 0.0239    ndcg@10 : 0.0313    ndcg@20 : 0.0386    
Wed 15 Oct 2025 16:25:33 INFO  Saving current best: saved/SASRecD-Oct-15-2025_15-52-35.pth
Wed 15 Oct 2025 16:26:12 INFO  epoch 48 training [time: 38.95s, train loss: 1306.7819]
Wed 15 Oct 2025 16:26:51 INFO  epoch 49 training [time: 39.41s, train loss: 1299.5741]
Wed 15 Oct 2025 16:26:54 INFO  epoch 49 evaluating [time: 2.56s, valid_score: 0.067000]
Wed 15 Oct 2025 16:26:54 INFO  valid result: 
recall@3 : 0.0296    recall@5 : 0.0438    recall@10 : 0.067    recall@20 : 0.0966    ndcg@3 : 0.018    ndcg@5 : 0.0239    ndcg@10 : 0.0313    ndcg@20 : 0.0388    
Wed 15 Oct 2025 16:27:33 INFO  epoch 50 training [time: 39.69s, train loss: 1292.2162]
Wed 15 Oct 2025 16:28:13 INFO  epoch 51 training [time: 39.68s, train loss: 1285.4540]
Wed 15 Oct 2025 16:28:16 INFO  epoch 51 evaluating [time: 2.61s, valid_score: 0.066900]
Wed 15 Oct 2025 16:28:16 INFO  valid result: 
recall@3 : 0.0296    recall@5 : 0.0434    recall@10 : 0.0669    recall@20 : 0.0964    ndcg@3 : 0.018    ndcg@5 : 0.0236    ndcg@10 : 0.0312    ndcg@20 : 0.0386    
Wed 15 Oct 2025 16:28:54 INFO  epoch 52 training [time: 38.91s, train loss: 1278.0086]
Wed 15 Oct 2025 16:29:34 INFO  epoch 53 training [time: 39.51s, train loss: 1270.6270]
Wed 15 Oct 2025 16:29:36 INFO  epoch 53 evaluating [time: 2.56s, valid_score: 0.067600]
Wed 15 Oct 2025 16:29:36 INFO  valid result: 
recall@3 : 0.0296    recall@5 : 0.0437    recall@10 : 0.0676    recall@20 : 0.0969    ndcg@3 : 0.0181    ndcg@5 : 0.0239    ndcg@10 : 0.0316    ndcg@20 : 0.0389    
Wed 15 Oct 2025 16:29:38 INFO  Saving current best: saved/SASRecD-Oct-15-2025_15-52-35.pth
Wed 15 Oct 2025 16:30:17 INFO  epoch 54 training [time: 39.45s, train loss: 1263.2621]
Wed 15 Oct 2025 16:30:56 INFO  epoch 55 training [time: 39.06s, train loss: 1256.1450]
Wed 15 Oct 2025 16:30:59 INFO  epoch 55 evaluating [time: 2.56s, valid_score: 0.067200]
Wed 15 Oct 2025 16:30:59 INFO  valid result: 
recall@3 : 0.0292    recall@5 : 0.0441    recall@10 : 0.0672    recall@20 : 0.0958    ndcg@3 : 0.0179    ndcg@5 : 0.024    ndcg@10 : 0.0314    ndcg@20 : 0.0386    
Wed 15 Oct 2025 16:31:38 INFO  epoch 56 training [time: 39.48s, train loss: 1248.3754]
Wed 15 Oct 2025 16:32:18 INFO  epoch 57 training [time: 39.75s, train loss: 1241.1094]
Wed 15 Oct 2025 16:32:21 INFO  epoch 57 evaluating [time: 2.60s, valid_score: 0.067100]
Wed 15 Oct 2025 16:32:21 INFO  valid result: 
recall@3 : 0.0292    recall@5 : 0.0438    recall@10 : 0.0671    recall@20 : 0.097    ndcg@3 : 0.0179    ndcg@5 : 0.0239    ndcg@10 : 0.0314    ndcg@20 : 0.0389    
Wed 15 Oct 2025 16:33:00 INFO  epoch 58 training [time: 39.57s, train loss: 1233.5192]
Wed 15 Oct 2025 16:33:39 INFO  epoch 59 training [time: 39.03s, train loss: 1226.1555]
Wed 15 Oct 2025 16:33:42 INFO  epoch 59 evaluating [time: 2.56s, valid_score: 0.067500]
Wed 15 Oct 2025 16:33:42 INFO  valid result: 
recall@3 : 0.0292    recall@5 : 0.0438    recall@10 : 0.0675    recall@20 : 0.0969    ndcg@3 : 0.018    ndcg@5 : 0.0241    ndcg@10 : 0.0316    ndcg@20 : 0.0391    
Wed 15 Oct 2025 16:34:21 INFO  epoch 60 training [time: 39.50s, train loss: 1218.6982]
Wed 15 Oct 2025 16:35:01 INFO  epoch 61 training [time: 39.45s, train loss: 1210.5371]
Wed 15 Oct 2025 16:35:03 INFO  epoch 61 evaluating [time: 2.61s, valid_score: 0.067300]
Wed 15 Oct 2025 16:35:03 INFO  valid result: 
recall@3 : 0.0294    recall@5 : 0.0432    recall@10 : 0.0673    recall@20 : 0.0966    ndcg@3 : 0.0181    ndcg@5 : 0.0238    ndcg@10 : 0.0315    ndcg@20 : 0.0389    
Wed 15 Oct 2025 16:35:42 INFO  epoch 62 training [time: 38.87s, train loss: 1203.2906]
Wed 15 Oct 2025 16:36:22 INFO  epoch 63 training [time: 39.61s, train loss: 1195.6975]
Wed 15 Oct 2025 16:36:24 INFO  epoch 63 evaluating [time: 2.58s, valid_score: 0.066800]
Wed 15 Oct 2025 16:36:24 INFO  valid result: 
recall@3 : 0.03    recall@5 : 0.0433    recall@10 : 0.0668    recall@20 : 0.0969    ndcg@3 : 0.0184    ndcg@5 : 0.0238    ndcg@10 : 0.0314    ndcg@20 : 0.039    
Wed 15 Oct 2025 16:37:04 INFO  epoch 64 training [time: 39.69s, train loss: 1187.7723]
Wed 15 Oct 2025 16:37:44 INFO  epoch 65 training [time: 39.48s, train loss: 1180.0611]
Wed 15 Oct 2025 16:37:46 INFO  epoch 65 evaluating [time: 2.56s, valid_score: 0.066900]
Wed 15 Oct 2025 16:37:46 INFO  valid result: 
recall@3 : 0.029    recall@5 : 0.0435    recall@10 : 0.0669    recall@20 : 0.097    ndcg@3 : 0.0179    ndcg@5 : 0.0239    ndcg@10 : 0.0314    ndcg@20 : 0.039    
Wed 15 Oct 2025 16:38:25 INFO  epoch 66 training [time: 38.92s, train loss: 1172.7694]
Wed 15 Oct 2025 16:39:05 INFO  epoch 67 training [time: 39.58s, train loss: 1164.2708]
Wed 15 Oct 2025 16:39:07 INFO  epoch 67 evaluating [time: 2.57s, valid_score: 0.066300]
Wed 15 Oct 2025 16:39:07 INFO  valid result: 
recall@3 : 0.0293    recall@5 : 0.0435    recall@10 : 0.0663    recall@20 : 0.0958    ndcg@3 : 0.0181    ndcg@5 : 0.024    ndcg@10 : 0.0313    ndcg@20 : 0.0387    
Wed 15 Oct 2025 16:39:47 INFO  epoch 68 training [time: 39.50s, train loss: 1156.7176]
Wed 15 Oct 2025 16:40:26 INFO  epoch 69 training [time: 39.01s, train loss: 1148.4577]
Wed 15 Oct 2025 16:40:28 INFO  epoch 69 evaluating [time: 2.59s, valid_score: 0.066500]
Wed 15 Oct 2025 16:40:28 INFO  valid result: 
recall@3 : 0.0291    recall@5 : 0.0424    recall@10 : 0.0665    recall@20 : 0.0961    ndcg@3 : 0.018    ndcg@5 : 0.0235    ndcg@10 : 0.0313    ndcg@20 : 0.0387    
Wed 15 Oct 2025 16:41:08 INFO  epoch 70 training [time: 39.67s, train loss: 1139.8792]
Wed 15 Oct 2025 16:41:47 INFO  epoch 71 training [time: 39.42s, train loss: 1131.9997]
Wed 15 Oct 2025 16:41:50 INFO  epoch 71 evaluating [time: 2.59s, valid_score: 0.065900]
Wed 15 Oct 2025 16:41:50 INFO  valid result: 
recall@3 : 0.0292    recall@5 : 0.0433    recall@10 : 0.0659    recall@20 : 0.0955    ndcg@3 : 0.0181    ndcg@5 : 0.0239    ndcg@10 : 0.0312    ndcg@20 : 0.0386    
Wed 15 Oct 2025 16:42:29 INFO  epoch 72 training [time: 39.46s, train loss: 1123.6844]
Wed 15 Oct 2025 16:43:08 INFO  epoch 73 training [time: 39.09s, train loss: 1115.3785]
Wed 15 Oct 2025 16:43:11 INFO  epoch 73 evaluating [time: 2.59s, valid_score: 0.066600]
Wed 15 Oct 2025 16:43:11 INFO  valid result: 
recall@3 : 0.0283    recall@5 : 0.0433    recall@10 : 0.0666    recall@20 : 0.0964    ndcg@3 : 0.0176    ndcg@5 : 0.0238    ndcg@10 : 0.0313    ndcg@20 : 0.0388    
Wed 15 Oct 2025 16:43:51 INFO  epoch 74 training [time: 39.55s, train loss: 1107.2849]
Wed 15 Oct 2025 16:44:30 INFO  epoch 75 training [time: 39.63s, train loss: 1099.4148]
Wed 15 Oct 2025 16:44:33 INFO  epoch 75 evaluating [time: 2.59s, valid_score: 0.066300]
Wed 15 Oct 2025 16:44:33 INFO  valid result: 
recall@3 : 0.0294    recall@5 : 0.0438    recall@10 : 0.0663    recall@20 : 0.0965    ndcg@3 : 0.0182    ndcg@5 : 0.0241    ndcg@10 : 0.0313    ndcg@20 : 0.0389    
Wed 15 Oct 2025 16:44:33 INFO  Finished training, best eval result in epoch 53
Wed 15 Oct 2025 16:44:34 INFO  Loading model structure and parameters from saved/SASRecD-Oct-15-2025_15-52-35.pth
Wed 15 Oct 2025 16:44:36 INFO  best valid : {'recall@3': np.float64(0.0296), 'recall@5': np.float64(0.0437), 'recall@10': np.float64(0.0676), 'recall@20': np.float64(0.0969), 'ndcg@3': np.float64(0.0181), 'ndcg@5': np.float64(0.0239), 'ndcg@10': np.float64(0.0316), 'ndcg@20': np.float64(0.0389)}
Wed 15 Oct 2025 16:44:36 INFO  test result: {'recall@3': np.float64(0.0228), 'recall@5': np.float64(0.0349), 'recall@10': np.float64(0.0532), 'recall@20': np.float64(0.0777), 'ndcg@3': np.float64(0.0138), 'ndcg@5': np.float64(0.0188), 'ndcg@10': np.float64(0.0247), 'ndcg@20': np.float64(0.0309)}
