Thu 16 Oct 2025 16:35:14 INFO  
General Hyper Parameters:
gpu_id = 0
use_gpu = True
seed = 212
state = INFO
reproducibility = True
data_path = ./recbole/data/dataset/Amazon_Sports_and_Outdoors
show_progress = True
save_dataset = False
save_dataloaders = False
benchmark_filename = None

Training Hyper Parameters:
checkpoint_dir = saved
epochs = 200
train_batch_size = 1024
learner = adam
learning_rate = 0.0001
eval_step = 2
stopping_step = 10
clip_grad_norm = None
weight_decay = 0.0
loss_decimal_place = 4

Evaluation Hyper Parameters:
eval_args = {'split': {'LS': 'valid_and_test'}, 'group_by': 'user', 'order': 'TO', 'mode': 'full'}
metrics = ['Recall', 'NDCG']
topk = [3, 5, 10, 20]
valid_metric = Recall@10
valid_metric_bigger = True
eval_batch_size = 256
metric_decimal_place = 4

Dataset Hyper Parameters:
field_separator = 	
seq_separator =  
USER_ID_FIELD = user_id
ITEM_ID_FIELD = item_id
RATING_FIELD = rating
TIME_FIELD = timestamp
seq_len = None
LABEL_FIELD = label
threshold = None
NEG_PREFIX = neg_
load_col = {'inter': ['user_id', 'item_id', 'rating', 'timestamp'], 'item': ['item_id', 'title', 'sales_rank', 'price', 'brand', 'categories', 'sales_type'], 'title': ['ent_id', 'ent_emb'], 'image': ['img_id', 'img_emb']}
unload_col = None
unused_col = None
additional_feat_suffix = ['title', 'image']
rm_dup_inter = None
val_interval = None
filter_inter_by_user_or_item = True
user_inter_num_interval = [5,inf)
item_inter_num_interval = [5,inf)
alias_of_user_id = None
alias_of_item_id = ['ent_id', 'img_id']
alias_of_entity_id = None
alias_of_relation_id = None
preload_weight = {'ent_id': 'ent_emb', 'img_id': 'img_emb'}
normalize_field = None
normalize_all = None
ITEM_LIST_LENGTH_FIELD = item_length
LIST_SUFFIX = _list
MAX_ITEM_LIST_LENGTH = 50
POSITION_FIELD = position_id
HEAD_ENTITY_ID_FIELD = head_id
TAIL_ENTITY_ID_FIELD = tail_id
RELATION_ID_FIELD = relation_id
ENTITY_ID_FIELD = entity_id

Other Hyper Parameters: 
neg_sampling = None
multi_gpus = False
repeatable = True
n_layers = 3
n_heads = 8
hidden_size = 256
attribute_hidden_size = [128, 128, 64]
inner_size = 256
hidden_dropout_prob = 0.5
attn_dropout_prob = 0.3
hidden_act = gelu
layer_norm_eps = 1e-12
initializer_range = 0.02
selected_features = ['ent_emb', 'img_emb', 'categories']
pooling_mode = sum
loss_type = CE
weight_sharing = not
fusion_type = gate
lamdas = [5, 5, 5]
attribute_predictor = ['cos_sim', 'cos_sim', 'linear']
MODEL_TYPE = ModelType.SEQUENTIAL
feature_type = ['static', 'static', 'categorical']
annealing = False
MODEL_INPUT_TYPE = InputType.POINTWISE
eval_type = EvaluatorType.RANKING
device = cuda
train_neg_sample_args = {'strategy': 'none'}
eval_neg_sample_args = {'strategy': 'full', 'distribution': 'uniform'}


Thu 16 Oct 2025 16:35:15 INFO  Amazon_Sports_and_Outdoors
The number of users: 35599
Average actions of users: 8.324540704533963
The number of items: 18358
Average actions of items: 16.142997221768262
The number of inters: 296337
The sparsity of the dataset: 99.95465569853714%
Remain Fields: ['user_id', 'item_id', 'rating', 'timestamp', 'title', 'price', 'brand', 'categories', 'sales_type', 'sales_rank', 'ent_id', 'ent_emb', 'img_id', 'img_emb']
Thu 16 Oct 2025 16:35:17 INFO  [Training]: train_batch_size = [1024] negative sampling: [None]
Thu 16 Oct 2025 16:35:17 INFO  [Evaluation]: eval_batch_size = [256] eval_args: [{'split': {'LS': 'valid_and_test'}, 'group_by': 'user', 'order': 'TO', 'mode': 'full'}]
Thu 16 Oct 2025 16:35:17 INFO  SASRecD(
  (item_embedding): Embedding(18358, 256, padding_idx=0)
  (position_embedding): Embedding(50, 256)
  (feature_embed_layer_list): ModuleList(
    (0-1): 2 x Embedding(18358, 128)
    (2): FeatureSeqEmbLayer()
  )
  (trm_encoder): DIFTransformerEncoder(
    (layer): ModuleList(
      (0-2): 3 x DIFTransformerLayer(
        (multi_head_attention): DIFMultiHeadAttention(
          (query): Linear(in_features=256, out_features=256, bias=True)
          (key): Linear(in_features=256, out_features=256, bias=True)
          (value): Linear(in_features=256, out_features=256, bias=True)
          (query_p): Linear(in_features=256, out_features=256, bias=True)
          (key_p): Linear(in_features=256, out_features=256, bias=True)
          (query_layers): ModuleList(
            (0-1): 2 x Linear(in_features=128, out_features=128, bias=True)
            (2): Linear(in_features=64, out_features=64, bias=True)
          )
          (key_layers): ModuleList(
            (0-1): 2 x Linear(in_features=128, out_features=128, bias=True)
            (2): Linear(in_features=64, out_features=64, bias=True)
          )
          (fusion_layer): VanillaAttention(
            (projection): Sequential(
              (0): Linear(in_features=50, out_features=50, bias=True)
              (1): ReLU(inplace=True)
              (2): Linear(in_features=50, out_features=1, bias=True)
            )
          )
          (attn_dropout): Dropout(p=0.3, inplace=False)
          (dense): Linear(in_features=256, out_features=256, bias=True)
          (LayerNorm): LayerNorm((256,), eps=1e-12, elementwise_affine=True)
          (out_dropout): Dropout(p=0.5, inplace=False)
        )
        (feed_forward): FeedForward(
          (dense_1): Linear(in_features=256, out_features=256, bias=True)
          (dense_2): Linear(in_features=256, out_features=256, bias=True)
          (LayerNorm): LayerNorm((256,), eps=1e-12, elementwise_affine=True)
          (dropout): Dropout(p=0.5, inplace=False)
        )
      )
    )
  )
  (ap): ModuleList(
    (0-1): 2 x Linear(in_features=256, out_features=128, bias=True)
    (2): Linear(in_features=256, out_features=1876, bias=True)
  )
  (LayerNorm): LayerNorm((256,), eps=1e-12, elementwise_affine=True)
  (dropout): Dropout(p=0.5, inplace=False)
  (loss_fct): CrossEntropyLoss()
  (attribute_loss_fct): BCEWithLogitsLoss()
)
Trainable parameters: 7073871
Thu 16 Oct 2025 16:36:01 INFO  epoch 0 training [time: 42.71s, train loss: 1935.4184]
Thu 16 Oct 2025 16:36:43 INFO  epoch 1 training [time: 42.03s, train loss: 1739.4053]
Thu 16 Oct 2025 16:36:46 INFO  epoch 1 evaluating [time: 2.84s, valid_score: 0.012500]
Thu 16 Oct 2025 16:36:46 INFO  valid result: 
recall@3 : 0.006    recall@5 : 0.008    recall@10 : 0.0125    recall@20 : 0.024    ndcg@3 : 0.0044    ndcg@5 : 0.0053    ndcg@10 : 0.0067    ndcg@20 : 0.0096    
Thu 16 Oct 2025 16:36:47 INFO  Saving current best: saved/SASRecD-Oct-16-2025_16-35-17.pth
Thu 16 Oct 2025 16:37:29 INFO  epoch 2 training [time: 41.44s, train loss: 1726.1992]
Thu 16 Oct 2025 16:38:11 INFO  epoch 3 training [time: 42.87s, train loss: 1719.3916]
Thu 16 Oct 2025 16:38:14 INFO  epoch 3 evaluating [time: 2.90s, valid_score: 0.012400]
Thu 16 Oct 2025 16:38:14 INFO  valid result: 
recall@3 : 0.0056    recall@5 : 0.0077    recall@10 : 0.0124    recall@20 : 0.0235    ndcg@3 : 0.0041    ndcg@5 : 0.005    ndcg@10 : 0.0065    ndcg@20 : 0.0093    
Thu 16 Oct 2025 16:38:57 INFO  epoch 4 training [time: 42.43s, train loss: 1711.3506]
Thu 16 Oct 2025 16:39:42 INFO  epoch 5 training [time: 44.72s, train loss: 1700.8292]
Thu 16 Oct 2025 16:39:44 INFO  epoch 5 evaluating [time: 2.97s, valid_score: 0.013500]
Thu 16 Oct 2025 16:39:44 INFO  valid result: 
recall@3 : 0.0054    recall@5 : 0.0081    recall@10 : 0.0135    recall@20 : 0.0247    ndcg@3 : 0.0038    ndcg@5 : 0.005    ndcg@10 : 0.0067    ndcg@20 : 0.0095    
Thu 16 Oct 2025 16:39:46 INFO  Saving current best: saved/SASRecD-Oct-16-2025_16-35-17.pth
Thu 16 Oct 2025 16:40:29 INFO  epoch 6 training [time: 43.29s, train loss: 1686.0691]
Thu 16 Oct 2025 16:41:14 INFO  epoch 7 training [time: 44.66s, train loss: 1659.9109]
Thu 16 Oct 2025 16:41:17 INFO  epoch 7 evaluating [time: 2.98s, valid_score: 0.021300]
Thu 16 Oct 2025 16:41:17 INFO  valid result: 
recall@3 : 0.0078    recall@5 : 0.0119    recall@10 : 0.0213    recall@20 : 0.0355    ndcg@3 : 0.0054    ndcg@5 : 0.0071    ndcg@10 : 0.0101    ndcg@20 : 0.0137    
Thu 16 Oct 2025 16:41:18 INFO  Saving current best: saved/SASRecD-Oct-16-2025_16-35-17.pth
Thu 16 Oct 2025 16:42:01 INFO  epoch 8 training [time: 42.99s, train loss: 1632.4282]
Thu 16 Oct 2025 16:42:46 INFO  epoch 9 training [time: 44.86s, train loss: 1608.1820]
Thu 16 Oct 2025 16:42:49 INFO  epoch 9 evaluating [time: 3.14s, valid_score: 0.028100]
Thu 16 Oct 2025 16:42:49 INFO  valid result: 
recall@3 : 0.0095    recall@5 : 0.0156    recall@10 : 0.0281    recall@20 : 0.0456    ndcg@3 : 0.0065    ndcg@5 : 0.009    ndcg@10 : 0.013    ndcg@20 : 0.0174    
Thu 16 Oct 2025 16:42:50 INFO  Saving current best: saved/SASRecD-Oct-16-2025_16-35-17.pth
Thu 16 Oct 2025 16:43:35 INFO  epoch 10 training [time: 44.17s, train loss: 1584.9739]
Thu 16 Oct 2025 16:44:19 INFO  epoch 11 training [time: 44.51s, train loss: 1562.7413]
Thu 16 Oct 2025 16:44:22 INFO  epoch 11 evaluating [time: 3.08s, valid_score: 0.034600]
Thu 16 Oct 2025 16:44:22 INFO  valid result: 
recall@3 : 0.0139    recall@5 : 0.0209    recall@10 : 0.0346    recall@20 : 0.0544    ndcg@3 : 0.009    ndcg@5 : 0.0119    ndcg@10 : 0.0162    ndcg@20 : 0.0212    
Thu 16 Oct 2025 16:44:24 INFO  Saving current best: saved/SASRecD-Oct-16-2025_16-35-17.pth
Thu 16 Oct 2025 16:45:08 INFO  epoch 12 training [time: 44.77s, train loss: 1541.3785]
Thu 16 Oct 2025 16:45:53 INFO  epoch 13 training [time: 44.38s, train loss: 1521.2441]
Thu 16 Oct 2025 16:45:56 INFO  epoch 13 evaluating [time: 2.88s, valid_score: 0.041200]
Thu 16 Oct 2025 16:45:56 INFO  valid result: 
recall@3 : 0.0171    recall@5 : 0.0257    recall@10 : 0.0412    recall@20 : 0.063    ndcg@3 : 0.0109    ndcg@5 : 0.0144    ndcg@10 : 0.0194    ndcg@20 : 0.0249    
Thu 16 Oct 2025 16:45:57 INFO  Saving current best: saved/SASRecD-Oct-16-2025_16-35-17.pth
Thu 16 Oct 2025 16:46:39 INFO  epoch 14 training [time: 42.17s, train loss: 1501.6790]
Thu 16 Oct 2025 16:47:23 INFO  epoch 15 training [time: 44.34s, train loss: 1483.1617]
Thu 16 Oct 2025 16:47:26 INFO  epoch 15 evaluating [time: 3.11s, valid_score: 0.046500]
Thu 16 Oct 2025 16:47:26 INFO  valid result: 
recall@3 : 0.0201    recall@5 : 0.0295    recall@10 : 0.0465    recall@20 : 0.0708    ndcg@3 : 0.0127    ndcg@5 : 0.0166    ndcg@10 : 0.0221    ndcg@20 : 0.0282    
Thu 16 Oct 2025 16:47:28 INFO  Saving current best: saved/SASRecD-Oct-16-2025_16-35-17.pth
Thu 16 Oct 2025 16:48:11 INFO  epoch 16 training [time: 43.04s, train loss: 1465.2504]
Thu 16 Oct 2025 16:48:55 INFO  epoch 17 training [time: 44.28s, train loss: 1448.4816]
Thu 16 Oct 2025 16:48:58 INFO  epoch 17 evaluating [time: 2.86s, valid_score: 0.050800]
Thu 16 Oct 2025 16:48:58 INFO  valid result: 
recall@3 : 0.0217    recall@5 : 0.0323    recall@10 : 0.0508    recall@20 : 0.0765    ndcg@3 : 0.0137    ndcg@5 : 0.018    ndcg@10 : 0.024    ndcg@20 : 0.0304    
Thu 16 Oct 2025 16:48:59 INFO  Saving current best: saved/SASRecD-Oct-16-2025_16-35-17.pth
Thu 16 Oct 2025 16:49:43 INFO  epoch 18 training [time: 43.81s, train loss: 1432.0940]
Thu 16 Oct 2025 16:50:27 INFO  epoch 19 training [time: 43.84s, train loss: 1416.6356]
Thu 16 Oct 2025 16:50:30 INFO  epoch 19 evaluating [time: 2.97s, valid_score: 0.054000]
Thu 16 Oct 2025 16:50:30 INFO  valid result: 
recall@3 : 0.0232    recall@5 : 0.036    recall@10 : 0.054    recall@20 : 0.0802    ndcg@3 : 0.0144    ndcg@5 : 0.0196    ndcg@10 : 0.0254    ndcg@20 : 0.032    
Thu 16 Oct 2025 16:50:31 INFO  Saving current best: saved/SASRecD-Oct-16-2025_16-35-17.pth
Thu 16 Oct 2025 16:51:14 INFO  epoch 20 training [time: 42.74s, train loss: 1401.6960]
Thu 16 Oct 2025 16:51:58 INFO  epoch 21 training [time: 44.28s, train loss: 1387.6825]
Thu 16 Oct 2025 16:52:01 INFO  epoch 21 evaluating [time: 2.97s, valid_score: 0.055800]
Thu 16 Oct 2025 16:52:01 INFO  valid result: 
recall@3 : 0.0253    recall@5 : 0.0371    recall@10 : 0.0558    recall@20 : 0.0836    ndcg@3 : 0.0154    ndcg@5 : 0.0203    ndcg@10 : 0.0263    ndcg@20 : 0.0333    
Thu 16 Oct 2025 16:52:03 INFO  Saving current best: saved/SASRecD-Oct-16-2025_16-35-17.pth
Thu 16 Oct 2025 16:52:46 INFO  epoch 22 training [time: 43.07s, train loss: 1374.3872]
Thu 16 Oct 2025 16:53:29 INFO  epoch 23 training [time: 43.44s, train loss: 1361.6058]
Thu 16 Oct 2025 16:53:32 INFO  epoch 23 evaluating [time: 2.91s, valid_score: 0.058100]
Thu 16 Oct 2025 16:53:32 INFO  valid result: 
recall@3 : 0.0267    recall@5 : 0.0389    recall@10 : 0.0581    recall@20 : 0.0864    ndcg@3 : 0.0162    ndcg@5 : 0.0212    ndcg@10 : 0.0274    ndcg@20 : 0.0345    
Thu 16 Oct 2025 16:53:33 INFO  Saving current best: saved/SASRecD-Oct-16-2025_16-35-17.pth
Thu 16 Oct 2025 16:54:16 INFO  epoch 24 training [time: 43.02s, train loss: 1348.6919]
Thu 16 Oct 2025 16:55:00 INFO  epoch 25 training [time: 43.72s, train loss: 1336.8459]
Thu 16 Oct 2025 16:55:03 INFO  epoch 25 evaluating [time: 2.98s, valid_score: 0.060100]
Thu 16 Oct 2025 16:55:03 INFO  valid result: 
recall@3 : 0.0269    recall@5 : 0.0394    recall@10 : 0.0601    recall@20 : 0.0882    ndcg@3 : 0.0162    ndcg@5 : 0.0213    ndcg@10 : 0.028    ndcg@20 : 0.0351    
Thu 16 Oct 2025 16:55:04 INFO  Saving current best: saved/SASRecD-Oct-16-2025_16-35-17.pth
Thu 16 Oct 2025 16:55:48 INFO  epoch 26 training [time: 43.99s, train loss: 1325.5111]
Thu 16 Oct 2025 16:56:30 INFO  epoch 27 training [time: 41.67s, train loss: 1314.4775]
Thu 16 Oct 2025 16:56:33 INFO  epoch 27 evaluating [time: 2.92s, valid_score: 0.061600]
Thu 16 Oct 2025 16:56:33 INFO  valid result: 
recall@3 : 0.0276    recall@5 : 0.0404    recall@10 : 0.0616    recall@20 : 0.0906    ndcg@3 : 0.0165    ndcg@5 : 0.0218    ndcg@10 : 0.0286    ndcg@20 : 0.0359    
Thu 16 Oct 2025 16:56:34 INFO  Saving current best: saved/SASRecD-Oct-16-2025_16-35-17.pth
Thu 16 Oct 2025 16:57:17 INFO  epoch 28 training [time: 42.66s, train loss: 1303.9814]
Thu 16 Oct 2025 16:57:59 INFO  epoch 29 training [time: 41.71s, train loss: 1293.3144]
Thu 16 Oct 2025 16:58:01 INFO  epoch 29 evaluating [time: 2.84s, valid_score: 0.062500]
Thu 16 Oct 2025 16:58:01 INFO  valid result: 
recall@3 : 0.0277    recall@5 : 0.0407    recall@10 : 0.0625    recall@20 : 0.0912    ndcg@3 : 0.0166    ndcg@5 : 0.022    ndcg@10 : 0.029    ndcg@20 : 0.0363    
Thu 16 Oct 2025 16:58:03 INFO  Saving current best: saved/SASRecD-Oct-16-2025_16-35-17.pth
Thu 16 Oct 2025 16:58:48 INFO  epoch 30 training [time: 44.65s, train loss: 1283.3607]
Thu 16 Oct 2025 16:59:30 INFO  epoch 31 training [time: 42.76s, train loss: 1273.8932]
Thu 16 Oct 2025 16:59:33 INFO  epoch 31 evaluating [time: 2.85s, valid_score: 0.063000]
Thu 16 Oct 2025 16:59:33 INFO  valid result: 
recall@3 : 0.0281    recall@5 : 0.0414    recall@10 : 0.063    recall@20 : 0.0917    ndcg@3 : 0.0168    ndcg@5 : 0.0223    ndcg@10 : 0.0292    ndcg@20 : 0.0365    
Thu 16 Oct 2025 16:59:35 INFO  Saving current best: saved/SASRecD-Oct-16-2025_16-35-17.pth
Thu 16 Oct 2025 17:00:19 INFO  epoch 32 training [time: 44.11s, train loss: 1264.3760]
Thu 16 Oct 2025 17:01:00 INFO  epoch 33 training [time: 41.42s, train loss: 1255.7168]
Thu 16 Oct 2025 17:01:03 INFO  epoch 33 evaluating [time: 2.98s, valid_score: 0.064100]
Thu 16 Oct 2025 17:01:03 INFO  valid result: 
recall@3 : 0.0281    recall@5 : 0.0414    recall@10 : 0.0641    recall@20 : 0.0928    ndcg@3 : 0.0171    ndcg@5 : 0.0226    ndcg@10 : 0.0299    ndcg@20 : 0.0371    
Thu 16 Oct 2025 17:01:05 INFO  Saving current best: saved/SASRecD-Oct-16-2025_16-35-17.pth
Thu 16 Oct 2025 17:01:48 INFO  epoch 34 training [time: 43.28s, train loss: 1246.3922]
Thu 16 Oct 2025 17:02:31 INFO  epoch 35 training [time: 42.68s, train loss: 1237.7651]
Thu 16 Oct 2025 17:02:34 INFO  epoch 35 evaluating [time: 2.92s, valid_score: 0.064400]
Thu 16 Oct 2025 17:02:34 INFO  valid result: 
recall@3 : 0.0283    recall@5 : 0.0416    recall@10 : 0.0644    recall@20 : 0.0934    ndcg@3 : 0.017    ndcg@5 : 0.0225    ndcg@10 : 0.0299    ndcg@20 : 0.0372    
Thu 16 Oct 2025 17:02:35 INFO  Saving current best: saved/SASRecD-Oct-16-2025_16-35-17.pth
Thu 16 Oct 2025 17:03:18 INFO  epoch 36 training [time: 43.56s, train loss: 1229.7097]
Thu 16 Oct 2025 17:04:00 INFO  epoch 37 training [time: 41.98s, train loss: 1221.8810]
Thu 16 Oct 2025 17:04:03 INFO  epoch 37 evaluating [time: 2.78s, valid_score: 0.065100]
Thu 16 Oct 2025 17:04:03 INFO  valid result: 
recall@3 : 0.0283    recall@5 : 0.0421    recall@10 : 0.0651    recall@20 : 0.094    ndcg@3 : 0.0171    ndcg@5 : 0.0228    ndcg@10 : 0.0302    ndcg@20 : 0.0375    
Thu 16 Oct 2025 17:04:03 INFO  Saving current best: saved/SASRecD-Oct-16-2025_16-35-17.pth
Thu 16 Oct 2025 17:04:45 INFO  epoch 38 training [time: 42.43s, train loss: 1213.9486]
Thu 16 Oct 2025 17:05:30 INFO  epoch 39 training [time: 44.46s, train loss: 1205.8890]
Thu 16 Oct 2025 17:05:33 INFO  epoch 39 evaluating [time: 2.83s, valid_score: 0.065500]
Thu 16 Oct 2025 17:05:33 INFO  valid result: 
recall@3 : 0.0287    recall@5 : 0.0425    recall@10 : 0.0655    recall@20 : 0.0944    ndcg@3 : 0.0173    ndcg@5 : 0.023    ndcg@10 : 0.0304    ndcg@20 : 0.0377    
Thu 16 Oct 2025 17:05:34 INFO  Saving current best: saved/SASRecD-Oct-16-2025_16-35-17.pth
Thu 16 Oct 2025 17:06:15 INFO  epoch 40 training [time: 40.76s, train loss: 1198.6546]
Thu 16 Oct 2025 17:06:57 INFO  epoch 41 training [time: 42.12s, train loss: 1191.1522]
Thu 16 Oct 2025 17:07:00 INFO  epoch 41 evaluating [time: 2.78s, valid_score: 0.065500]
Thu 16 Oct 2025 17:07:00 INFO  valid result: 
recall@3 : 0.0288    recall@5 : 0.0427    recall@10 : 0.0655    recall@20 : 0.0951    ndcg@3 : 0.0174    ndcg@5 : 0.0231    ndcg@10 : 0.0304    ndcg@20 : 0.0379    
Thu 16 Oct 2025 17:07:40 INFO  epoch 42 training [time: 40.30s, train loss: 1183.6139]
Thu 16 Oct 2025 17:08:22 INFO  epoch 43 training [time: 41.90s, train loss: 1177.0171]
Thu 16 Oct 2025 17:08:25 INFO  epoch 43 evaluating [time: 2.80s, valid_score: 0.065700]
Thu 16 Oct 2025 17:08:25 INFO  valid result: 
recall@3 : 0.0291    recall@5 : 0.043    recall@10 : 0.0657    recall@20 : 0.0949    ndcg@3 : 0.0176    ndcg@5 : 0.0233    ndcg@10 : 0.0306    ndcg@20 : 0.038    
Thu 16 Oct 2025 17:08:26 INFO  Saving current best: saved/SASRecD-Oct-16-2025_16-35-17.pth
Thu 16 Oct 2025 17:09:08 INFO  epoch 44 training [time: 41.90s, train loss: 1169.5558]
Thu 16 Oct 2025 17:09:49 INFO  epoch 45 training [time: 40.83s, train loss: 1162.3149]
Thu 16 Oct 2025 17:09:52 INFO  epoch 45 evaluating [time: 2.77s, valid_score: 0.065800]
Thu 16 Oct 2025 17:09:52 INFO  valid result: 
recall@3 : 0.029    recall@5 : 0.0436    recall@10 : 0.0658    recall@20 : 0.0955    ndcg@3 : 0.0175    ndcg@5 : 0.0235    ndcg@10 : 0.0306    ndcg@20 : 0.0381    
Thu 16 Oct 2025 17:09:53 INFO  Saving current best: saved/SASRecD-Oct-16-2025_16-35-17.pth
Thu 16 Oct 2025 17:10:35 INFO  epoch 46 training [time: 42.14s, train loss: 1155.1763]
Thu 16 Oct 2025 17:11:15 INFO  epoch 47 training [time: 40.22s, train loss: 1147.8533]
Thu 16 Oct 2025 17:11:18 INFO  epoch 47 evaluating [time: 2.81s, valid_score: 0.066700]
Thu 16 Oct 2025 17:11:18 INFO  valid result: 
recall@3 : 0.0289    recall@5 : 0.044    recall@10 : 0.0667    recall@20 : 0.096    ndcg@3 : 0.0175    ndcg@5 : 0.0237    ndcg@10 : 0.031    ndcg@20 : 0.0384    
Thu 16 Oct 2025 17:11:19 INFO  Saving current best: saved/SASRecD-Oct-16-2025_16-35-17.pth
Thu 16 Oct 2025 17:12:01 INFO  epoch 48 training [time: 41.72s, train loss: 1140.9437]
Thu 16 Oct 2025 17:12:43 INFO  epoch 49 training [time: 41.94s, train loss: 1133.7494]
Thu 16 Oct 2025 17:12:46 INFO  epoch 49 evaluating [time: 2.84s, valid_score: 0.066400]
Thu 16 Oct 2025 17:12:46 INFO  valid result: 
recall@3 : 0.0288    recall@5 : 0.0433    recall@10 : 0.0664    recall@20 : 0.0953    ndcg@3 : 0.0177    ndcg@5 : 0.0236    ndcg@10 : 0.0311    ndcg@20 : 0.0384    
Thu 16 Oct 2025 17:13:27 INFO  epoch 50 training [time: 40.81s, train loss: 1126.6326]
Thu 16 Oct 2025 17:14:08 INFO  epoch 51 training [time: 41.73s, train loss: 1119.6304]
Thu 16 Oct 2025 17:14:11 INFO  epoch 51 evaluating [time: 2.78s, valid_score: 0.066500]
Thu 16 Oct 2025 17:14:11 INFO  valid result: 
recall@3 : 0.0288    recall@5 : 0.044    recall@10 : 0.0665    recall@20 : 0.0955    ndcg@3 : 0.0175    ndcg@5 : 0.0237    ndcg@10 : 0.0309    ndcg@20 : 0.0382    
Thu 16 Oct 2025 17:14:52 INFO  epoch 52 training [time: 40.65s, train loss: 1112.5246]
Thu 16 Oct 2025 17:15:34 INFO  epoch 53 training [time: 41.74s, train loss: 1105.3205]
Thu 16 Oct 2025 17:15:36 INFO  epoch 53 evaluating [time: 2.79s, valid_score: 0.066300]
Thu 16 Oct 2025 17:15:36 INFO  valid result: 
recall@3 : 0.029    recall@5 : 0.0436    recall@10 : 0.0663    recall@20 : 0.0964    ndcg@3 : 0.0178    ndcg@5 : 0.0238    ndcg@10 : 0.0311    ndcg@20 : 0.0387    
Thu 16 Oct 2025 17:16:18 INFO  epoch 54 training [time: 41.79s, train loss: 1098.1778]
Thu 16 Oct 2025 17:16:58 INFO  epoch 55 training [time: 40.26s, train loss: 1090.5211]
Thu 16 Oct 2025 17:17:01 INFO  epoch 55 evaluating [time: 2.75s, valid_score: 0.066100]
Thu 16 Oct 2025 17:17:01 INFO  valid result: 
recall@3 : 0.0288    recall@5 : 0.0434    recall@10 : 0.0661    recall@20 : 0.0954    ndcg@3 : 0.0177    ndcg@5 : 0.0237    ndcg@10 : 0.031    ndcg@20 : 0.0384    
Thu 16 Oct 2025 17:17:43 INFO  epoch 56 training [time: 42.16s, train loss: 1083.5483]
Thu 16 Oct 2025 17:18:26 INFO  epoch 57 training [time: 42.21s, train loss: 1076.1898]
Thu 16 Oct 2025 17:18:27 INFO  epoch 57 evaluating [time: 1.28s, valid_score: 0.066300]
Thu 16 Oct 2025 17:18:27 INFO  valid result: 
recall@3 : 0.029    recall@5 : 0.0436    recall@10 : 0.0663    recall@20 : 0.0962    ndcg@3 : 0.0178    ndcg@5 : 0.0238    ndcg@10 : 0.0311    ndcg@20 : 0.0386    
Thu 16 Oct 2025 17:19:09 INFO  epoch 58 training [time: 42.38s, train loss: 1068.4199]
Thu 16 Oct 2025 17:19:51 INFO  epoch 59 training [time: 41.71s, train loss: 1061.1948]
Thu 16 Oct 2025 17:19:54 INFO  epoch 59 evaluating [time: 2.76s, valid_score: 0.066500]
Thu 16 Oct 2025 17:19:54 INFO  valid result: 
recall@3 : 0.0287    recall@5 : 0.0428    recall@10 : 0.0665    recall@20 : 0.0954    ndcg@3 : 0.0178    ndcg@5 : 0.0236    ndcg@10 : 0.0313    ndcg@20 : 0.0385    
Thu 16 Oct 2025 17:20:34 INFO  epoch 60 training [time: 40.18s, train loss: 1053.7171]
Thu 16 Oct 2025 17:21:18 INFO  epoch 61 training [time: 43.68s, train loss: 1046.0440]
Thu 16 Oct 2025 17:21:20 INFO  epoch 61 evaluating [time: 2.76s, valid_score: 0.066700]
Thu 16 Oct 2025 17:21:20 INFO  valid result: 
recall@3 : 0.029    recall@5 : 0.0435    recall@10 : 0.0667    recall@20 : 0.0961    ndcg@3 : 0.018    ndcg@5 : 0.0239    ndcg@10 : 0.0314    ndcg@20 : 0.0388    
Thu 16 Oct 2025 17:22:02 INFO  epoch 62 training [time: 41.93s, train loss: 1038.5222]
Thu 16 Oct 2025 17:22:45 INFO  epoch 63 training [time: 42.54s, train loss: 1031.0131]
Thu 16 Oct 2025 17:22:47 INFO  epoch 63 evaluating [time: 2.70s, valid_score: 0.066500]
Thu 16 Oct 2025 17:22:47 INFO  valid result: 
recall@3 : 0.0291    recall@5 : 0.0434    recall@10 : 0.0665    recall@20 : 0.0961    ndcg@3 : 0.0181    ndcg@5 : 0.024    ndcg@10 : 0.0314    ndcg@20 : 0.0389    
Thu 16 Oct 2025 17:23:30 INFO  epoch 64 training [time: 42.84s, train loss: 1022.8410]
Thu 16 Oct 2025 17:24:12 INFO  epoch 65 training [time: 41.21s, train loss: 1015.1645]
Thu 16 Oct 2025 17:24:14 INFO  epoch 65 evaluating [time: 2.70s, valid_score: 0.066500]
Thu 16 Oct 2025 17:24:14 INFO  valid result: 
recall@3 : 0.0287    recall@5 : 0.043    recall@10 : 0.0665    recall@20 : 0.096    ndcg@3 : 0.0178    ndcg@5 : 0.0237    ndcg@10 : 0.0312    ndcg@20 : 0.0387    
Thu 16 Oct 2025 17:24:56 INFO  epoch 66 training [time: 41.62s, train loss: 1008.0334]
Thu 16 Oct 2025 17:25:36 INFO  epoch 67 training [time: 39.97s, train loss: 999.6978]
Thu 16 Oct 2025 17:25:38 INFO  epoch 67 evaluating [time: 2.68s, valid_score: 0.065000]
Thu 16 Oct 2025 17:25:38 INFO  valid result: 
recall@3 : 0.029    recall@5 : 0.0431    recall@10 : 0.065    recall@20 : 0.0949    ndcg@3 : 0.018    ndcg@5 : 0.0238    ndcg@10 : 0.0309    ndcg@20 : 0.0384    
Thu 16 Oct 2025 17:26:21 INFO  epoch 68 training [time: 42.21s, train loss: 992.2112]
Thu 16 Oct 2025 17:27:02 INFO  epoch 69 training [time: 41.78s, train loss: 983.8763]
Thu 16 Oct 2025 17:27:05 INFO  epoch 69 evaluating [time: 2.79s, valid_score: 0.065700]
Thu 16 Oct 2025 17:27:05 INFO  valid result: 
recall@3 : 0.0287    recall@5 : 0.0424    recall@10 : 0.0657    recall@20 : 0.0955    ndcg@3 : 0.0178    ndcg@5 : 0.0235    ndcg@10 : 0.031    ndcg@20 : 0.0385    
Thu 16 Oct 2025 17:27:05 INFO  Finished training, best eval result in epoch 47
Thu 16 Oct 2025 17:27:06 INFO  Loading model structure and parameters from saved/SASRecD-Oct-16-2025_16-35-17.pth
Thu 16 Oct 2025 17:27:08 INFO  best valid : {'recall@3': np.float64(0.0289), 'recall@5': np.float64(0.044), 'recall@10': np.float64(0.0667), 'recall@20': np.float64(0.096), 'ndcg@3': np.float64(0.0175), 'ndcg@5': np.float64(0.0237), 'ndcg@10': np.float64(0.031), 'ndcg@20': np.float64(0.0384)}
Thu 16 Oct 2025 17:27:08 INFO  test result: {'recall@3': np.float64(0.0231), 'recall@5': np.float64(0.0345), 'recall@10': np.float64(0.0529), 'recall@20': np.float64(0.0768), 'ndcg@3': np.float64(0.014), 'ndcg@5': np.float64(0.0187), 'ndcg@10': np.float64(0.0246), 'ndcg@20': np.float64(0.0306)}
