Wed 29 Oct 2025 19:29:58 INFO  
General Hyper Parameters:
gpu_id = 0
use_gpu = True
seed = 212
state = INFO
reproducibility = True
data_path = ./recbole/data/dataset/Amazon_Sports_and_Outdoors
show_progress = True
save_dataset = False
save_dataloaders = False
benchmark_filename = None

Training Hyper Parameters:
checkpoint_dir = saved
epochs = 200
train_batch_size = 1024
learner = adam
learning_rate = 0.0001
eval_step = 2
stopping_step = 10
clip_grad_norm = None
weight_decay = 0.0
loss_decimal_place = 4

Evaluation Hyper Parameters:
eval_args = {'split': {'LS': 'valid_and_test'}, 'group_by': 'user', 'order': 'TO', 'mode': 'full'}
metrics = ['Recall', 'NDCG']
topk = [3, 5, 10, 20]
valid_metric = Recall@10
valid_metric_bigger = True
eval_batch_size = 256
metric_decimal_place = 4

Dataset Hyper Parameters:
field_separator = 	
seq_separator =  
USER_ID_FIELD = user_id
ITEM_ID_FIELD = item_id
RATING_FIELD = rating
TIME_FIELD = timestamp
seq_len = None
LABEL_FIELD = label
threshold = None
NEG_PREFIX = neg_
load_col = {'inter': ['user_id', 'item_id', 'rating', 'timestamp'], 'item': ['item_id', 'title', 'sales_rank', 'price', 'brand', 'categories', 'sales_type'], 'title_original': ['ent_id', 'ent_emb']}
unload_col = None
unused_col = None
additional_feat_suffix = ['title_original']
rm_dup_inter = None
val_interval = None
filter_inter_by_user_or_item = True
user_inter_num_interval = [5,inf)
item_inter_num_interval = [5,inf)
alias_of_user_id = None
alias_of_item_id = ['ent_id']
alias_of_entity_id = None
alias_of_relation_id = None
preload_weight = {'ent_id': 'ent_emb'}
normalize_field = None
normalize_all = None
ITEM_LIST_LENGTH_FIELD = item_length
LIST_SUFFIX = _list
MAX_ITEM_LIST_LENGTH = 50
POSITION_FIELD = position_id
HEAD_ENTITY_ID_FIELD = head_id
TAIL_ENTITY_ID_FIELD = tail_id
RELATION_ID_FIELD = relation_id
ENTITY_ID_FIELD = entity_id

Other Hyper Parameters: 
neg_sampling = None
multi_gpus = False
repeatable = True
n_layers = 3
n_heads = 8
hidden_size = 256
attribute_hidden_size = [1024]
inner_size = 256
hidden_dropout_prob = 0.5
attn_dropout_prob = 0.3
hidden_act = gelu
layer_norm_eps = 1e-12
initializer_range = 0.02
selected_features = ['ent_emb']
pooling_mode = sum
loss_type = CE
weight_sharing = not
fusion_type = gate
lamdas = [5]
attribute_predictor = ['cos_sim']
MODEL_TYPE = ModelType.SEQUENTIAL
orig_attribute_hidden_size = [1024]
feature_type = ['static']
wandb_run_name = orig_title_test
annealing = False
MODEL_INPUT_TYPE = InputType.POINTWISE
eval_type = EvaluatorType.RANKING
device = cuda
train_neg_sample_args = {'strategy': 'none'}
eval_neg_sample_args = {'strategy': 'full', 'distribution': 'uniform'}


Wed 29 Oct 2025 19:30:03 INFO  Amazon_Sports_and_Outdoors
The number of users: 35599
Average actions of users: 8.324540704533963
The number of items: 18358
Average actions of items: 16.142997221768262
The number of inters: 296337
The sparsity of the dataset: 99.95465569853714%
Remain Fields: ['user_id', 'item_id', 'rating', 'timestamp', 'title', 'price', 'brand', 'categories', 'sales_type', 'sales_rank', 'ent_id', 'ent_emb']
Wed 29 Oct 2025 19:30:06 INFO  [Training]: train_batch_size = [1024] negative sampling: [None]
Wed 29 Oct 2025 19:30:06 INFO  [Evaluation]: eval_batch_size = [256] eval_args: [{'split': {'LS': 'valid_and_test'}, 'group_by': 'user', 'order': 'TO', 'mode': 'full'}]
Wed 29 Oct 2025 19:30:08 INFO  SASRecD(
  (item_embedding): Embedding(18358, 256, padding_idx=0)
  (position_embedding): Embedding(50, 256)
  (feature_embed_layer_list): ModuleList(
    (0): Embedding(18358, 1024)
  )
  (trm_encoder): DIFTransformerEncoder(
    (layer): ModuleList(
      (0-2): 3 x DIFTransformerLayer(
        (multi_head_attention): DIFMultiHeadAttention(
          (query): Linear(in_features=256, out_features=256, bias=True)
          (key): Linear(in_features=256, out_features=256, bias=True)
          (value): Linear(in_features=256, out_features=256, bias=True)
          (query_p): Linear(in_features=256, out_features=256, bias=True)
          (key_p): Linear(in_features=256, out_features=256, bias=True)
          (query_layers): ModuleList(
            (0): Linear(in_features=1024, out_features=1024, bias=True)
          )
          (key_layers): ModuleList(
            (0): Linear(in_features=1024, out_features=1024, bias=True)
          )
          (fusion_layer): VanillaAttention(
            (projection): Sequential(
              (0): Linear(in_features=50, out_features=50, bias=True)
              (1): ReLU(inplace=True)
              (2): Linear(in_features=50, out_features=1, bias=True)
            )
          )
          (attn_dropout): Dropout(p=0.3, inplace=False)
          (dense): Linear(in_features=256, out_features=256, bias=True)
          (LayerNorm): LayerNorm((256,), eps=1e-12, elementwise_affine=True)
          (out_dropout): Dropout(p=0.5, inplace=False)
        )
        (feed_forward): FeedForward(
          (dense_1): Linear(in_features=256, out_features=256, bias=True)
          (dense_2): Linear(in_features=256, out_features=256, bias=True)
          (LayerNorm): LayerNorm((256,), eps=1e-12, elementwise_affine=True)
          (dropout): Dropout(p=0.5, inplace=False)
        )
      )
    )
  )
  (ap): ModuleList(
    (0): Linear(in_features=256, out_features=1024, bias=True)
  )
  (LayerNorm): LayerNorm((256,), eps=1e-12, elementwise_affine=True)
  (dropout): Dropout(p=0.5, inplace=False)
  (loss_fct): CrossEntropyLoss()
  (attribute_loss_fct): BCEWithLogitsLoss()
)
Trainable parameters: 12863611
Wed 29 Oct 2025 19:30:51 INFO  epoch 0 training [time: 41.95s, train loss: 2195.2572]
Wed 29 Oct 2025 19:31:36 INFO  epoch 1 training [time: 44.76s, train loss: 1992.1918]
Wed 29 Oct 2025 19:31:39 INFO  epoch 1 evaluating [time: 3.87s, valid_score: 0.012400]
Wed 29 Oct 2025 19:31:39 INFO  valid result: 
recall@3 : 0.006    recall@5 : 0.0081    recall@10 : 0.0124    recall@20 : 0.0234    ndcg@3 : 0.0045    ndcg@5 : 0.0053    ndcg@10 : 0.0067    ndcg@20 : 0.0094    
Wed 29 Oct 2025 19:31:40 INFO  Saving current best: saved/SASRecD-Oct-29-2025_19-30-08.pth
Wed 29 Oct 2025 19:32:25 INFO  epoch 2 training [time: 44.85s, train loss: 1979.4521]
Wed 29 Oct 2025 19:33:09 INFO  epoch 3 training [time: 44.06s, train loss: 1975.0199]
Wed 29 Oct 2025 19:33:12 INFO  epoch 3 evaluating [time: 3.61s, valid_score: 0.012300]
Wed 29 Oct 2025 19:33:12 INFO  valid result: 
recall@3 : 0.0058    recall@5 : 0.0082    recall@10 : 0.0123    recall@20 : 0.0222    ndcg@3 : 0.0043    ndcg@5 : 0.0053    ndcg@10 : 0.0066    ndcg@20 : 0.009    
Wed 29 Oct 2025 19:33:56 INFO  epoch 4 training [time: 44.26s, train loss: 1969.1281]
Wed 29 Oct 2025 19:34:41 INFO  epoch 5 training [time: 44.81s, train loss: 1955.2166]
Wed 29 Oct 2025 19:34:45 INFO  epoch 5 evaluating [time: 3.81s, valid_score: 0.016700]
Wed 29 Oct 2025 19:34:45 INFO  valid result: 
recall@3 : 0.0068    recall@5 : 0.0103    recall@10 : 0.0167    recall@20 : 0.0298    ndcg@3 : 0.0049    ndcg@5 : 0.0064    ndcg@10 : 0.0084    ndcg@20 : 0.0117    
Wed 29 Oct 2025 19:34:45 INFO  Saving current best: saved/SASRecD-Oct-29-2025_19-30-08.pth
Wed 29 Oct 2025 19:35:30 INFO  epoch 6 training [time: 44.91s, train loss: 1920.9355]
Wed 29 Oct 2025 19:36:13 INFO  epoch 7 training [time: 43.21s, train loss: 1893.2733]
Wed 29 Oct 2025 19:36:17 INFO  epoch 7 evaluating [time: 3.69s, valid_score: 0.021200]
Wed 29 Oct 2025 19:36:17 INFO  valid result: 
recall@3 : 0.0079    recall@5 : 0.0119    recall@10 : 0.0212    recall@20 : 0.0365    ndcg@3 : 0.0057    ndcg@5 : 0.0073    ndcg@10 : 0.0103    ndcg@20 : 0.0141    
Wed 29 Oct 2025 19:36:17 INFO  Saving current best: saved/SASRecD-Oct-29-2025_19-30-08.pth
Wed 29 Oct 2025 19:37:00 INFO  epoch 8 training [time: 42.91s, train loss: 1870.2443]
Wed 29 Oct 2025 19:37:42 INFO  epoch 9 training [time: 41.71s, train loss: 1849.2123]
Wed 29 Oct 2025 19:37:45 INFO  epoch 9 evaluating [time: 3.52s, valid_score: 0.024700]
Wed 29 Oct 2025 19:37:45 INFO  valid result: 
recall@3 : 0.009    recall@5 : 0.0143    recall@10 : 0.0247    recall@20 : 0.0425    ndcg@3 : 0.0062    ndcg@5 : 0.0084    ndcg@10 : 0.0118    ndcg@20 : 0.0162    
Wed 29 Oct 2025 19:37:46 INFO  Saving current best: saved/SASRecD-Oct-29-2025_19-30-08.pth
Wed 29 Oct 2025 19:38:29 INFO  epoch 10 training [time: 43.04s, train loss: 1828.2993]
Wed 29 Oct 2025 19:39:11 INFO  epoch 11 training [time: 42.52s, train loss: 1807.2939]
Wed 29 Oct 2025 19:39:15 INFO  epoch 11 evaluating [time: 3.64s, valid_score: 0.032600]
Wed 29 Oct 2025 19:39:15 INFO  valid result: 
recall@3 : 0.0117    recall@5 : 0.0187    recall@10 : 0.0326    recall@20 : 0.0544    ndcg@3 : 0.0079    ndcg@5 : 0.0108    ndcg@10 : 0.0152    ndcg@20 : 0.0207    
Wed 29 Oct 2025 19:39:15 INFO  Saving current best: saved/SASRecD-Oct-29-2025_19-30-08.pth
Wed 29 Oct 2025 19:39:57 INFO  epoch 12 training [time: 41.58s, train loss: 1786.2037]
Wed 29 Oct 2025 19:40:39 INFO  epoch 13 training [time: 42.13s, train loss: 1765.7598]
Wed 29 Oct 2025 19:40:42 INFO  epoch 13 evaluating [time: 3.63s, valid_score: 0.040500]
Wed 29 Oct 2025 19:40:42 INFO  valid result: 
recall@3 : 0.0162    recall@5 : 0.0237    recall@10 : 0.0405    recall@20 : 0.0635    ndcg@3 : 0.0105    ndcg@5 : 0.0135    ndcg@10 : 0.0189    ndcg@20 : 0.0247    
Wed 29 Oct 2025 19:40:43 INFO  Saving current best: saved/SASRecD-Oct-29-2025_19-30-08.pth
Wed 29 Oct 2025 19:41:25 INFO  epoch 14 training [time: 42.30s, train loss: 1746.4764]
Wed 29 Oct 2025 19:42:07 INFO  epoch 15 training [time: 42.06s, train loss: 1728.5463]
Wed 29 Oct 2025 19:42:11 INFO  epoch 15 evaluating [time: 3.64s, valid_score: 0.045600]
Wed 29 Oct 2025 19:42:11 INFO  valid result: 
recall@3 : 0.0191    recall@5 : 0.028    recall@10 : 0.0456    recall@20 : 0.0699    ndcg@3 : 0.0123    ndcg@5 : 0.016    ndcg@10 : 0.0217    ndcg@20 : 0.0278    
Wed 29 Oct 2025 19:42:11 INFO  Saving current best: saved/SASRecD-Oct-29-2025_19-30-08.pth
Wed 29 Oct 2025 19:42:54 INFO  epoch 16 training [time: 43.01s, train loss: 1710.9744]
Wed 29 Oct 2025 19:43:38 INFO  epoch 17 training [time: 43.86s, train loss: 1694.0712]
Wed 29 Oct 2025 19:43:41 INFO  epoch 17 evaluating [time: 3.54s, valid_score: 0.050000]
Wed 29 Oct 2025 19:43:41 INFO  valid result: 
recall@3 : 0.0217    recall@5 : 0.0315    recall@10 : 0.05    recall@20 : 0.0759    ndcg@3 : 0.0137    ndcg@5 : 0.0178    ndcg@10 : 0.0237    ndcg@20 : 0.0302    
Wed 29 Oct 2025 19:43:41 INFO  Saving current best: saved/SASRecD-Oct-29-2025_19-30-08.pth
Wed 29 Oct 2025 19:44:24 INFO  epoch 18 training [time: 42.43s, train loss: 1678.9754]
Wed 29 Oct 2025 19:45:07 INFO  epoch 19 training [time: 42.73s, train loss: 1663.7833]
Wed 29 Oct 2025 19:45:10 INFO  epoch 19 evaluating [time: 3.69s, valid_score: 0.053100]
Wed 29 Oct 2025 19:45:10 INFO  valid result: 
recall@3 : 0.0235    recall@5 : 0.0348    recall@10 : 0.0531    recall@20 : 0.0806    ndcg@3 : 0.0146    ndcg@5 : 0.0192    ndcg@10 : 0.0252    ndcg@20 : 0.0321    
Wed 29 Oct 2025 19:45:10 INFO  Saving current best: saved/SASRecD-Oct-29-2025_19-30-08.pth
Wed 29 Oct 2025 19:45:52 INFO  epoch 20 training [time: 41.73s, train loss: 1650.3710]
Wed 29 Oct 2025 19:46:35 INFO  epoch 21 training [time: 43.17s, train loss: 1636.8396]
Wed 29 Oct 2025 19:46:39 INFO  epoch 21 evaluating [time: 3.75s, valid_score: 0.056800]
Wed 29 Oct 2025 19:46:39 INFO  valid result: 
recall@3 : 0.025    recall@5 : 0.0376    recall@10 : 0.0568    recall@20 : 0.0851    ndcg@3 : 0.0153    ndcg@5 : 0.0205    ndcg@10 : 0.0267    ndcg@20 : 0.0338    
Wed 29 Oct 2025 19:46:39 INFO  Saving current best: saved/SASRecD-Oct-29-2025_19-30-08.pth
Wed 29 Oct 2025 19:47:21 INFO  epoch 22 training [time: 42.06s, train loss: 1623.6353]
Wed 29 Oct 2025 19:48:03 INFO  epoch 23 training [time: 41.75s, train loss: 1611.7530]
Wed 29 Oct 2025 19:48:07 INFO  epoch 23 evaluating [time: 3.56s, valid_score: 0.059800]
Wed 29 Oct 2025 19:48:07 INFO  valid result: 
recall@3 : 0.0264    recall@5 : 0.0392    recall@10 : 0.0598    recall@20 : 0.0876    ndcg@3 : 0.016    ndcg@5 : 0.0213    ndcg@10 : 0.0279    ndcg@20 : 0.0349    
Wed 29 Oct 2025 19:48:07 INFO  Saving current best: saved/SASRecD-Oct-29-2025_19-30-08.pth
Wed 29 Oct 2025 19:48:51 INFO  epoch 24 training [time: 44.18s, train loss: 1599.6840]
Wed 29 Oct 2025 19:49:38 INFO  epoch 25 training [time: 46.89s, train loss: 1588.6372]
Wed 29 Oct 2025 19:49:42 INFO  epoch 25 evaluating [time: 3.86s, valid_score: 0.061000]
Wed 29 Oct 2025 19:49:42 INFO  valid result: 
recall@3 : 0.0277    recall@5 : 0.0407    recall@10 : 0.061    recall@20 : 0.0897    ndcg@3 : 0.0167    ndcg@5 : 0.022    ndcg@10 : 0.0286    ndcg@20 : 0.0357    
Wed 29 Oct 2025 19:49:42 INFO  Saving current best: saved/SASRecD-Oct-29-2025_19-30-08.pth
Wed 29 Oct 2025 19:50:30 INFO  epoch 26 training [time: 47.92s, train loss: 1577.9496]
Wed 29 Oct 2025 19:51:16 INFO  epoch 27 training [time: 45.66s, train loss: 1567.6011]
Wed 29 Oct 2025 19:51:19 INFO  epoch 27 evaluating [time: 3.86s, valid_score: 0.062100]
Wed 29 Oct 2025 19:51:19 INFO  valid result: 
recall@3 : 0.0282    recall@5 : 0.0415    recall@10 : 0.0621    recall@20 : 0.0909    ndcg@3 : 0.0169    ndcg@5 : 0.0223    ndcg@10 : 0.029    ndcg@20 : 0.0362    
Wed 29 Oct 2025 19:51:20 INFO  Saving current best: saved/SASRecD-Oct-29-2025_19-30-08.pth
Wed 29 Oct 2025 19:52:04 INFO  epoch 28 training [time: 44.24s, train loss: 1557.7134]
Wed 29 Oct 2025 19:52:47 INFO  epoch 29 training [time: 42.83s, train loss: 1548.0682]
Wed 29 Oct 2025 19:52:50 INFO  epoch 29 evaluating [time: 3.55s, valid_score: 0.063100]
Wed 29 Oct 2025 19:52:50 INFO  valid result: 
recall@3 : 0.0287    recall@5 : 0.0423    recall@10 : 0.0631    recall@20 : 0.0925    ndcg@3 : 0.0172    ndcg@5 : 0.0228    ndcg@10 : 0.0295    ndcg@20 : 0.0369    
Wed 29 Oct 2025 19:52:50 INFO  Saving current best: saved/SASRecD-Oct-29-2025_19-30-08.pth
Wed 29 Oct 2025 19:53:35 INFO  epoch 30 training [time: 44.29s, train loss: 1539.0948]
Wed 29 Oct 2025 19:54:18 INFO  epoch 31 training [time: 43.32s, train loss: 1530.4033]
Wed 29 Oct 2025 19:54:21 INFO  epoch 31 evaluating [time: 3.33s, valid_score: 0.064500]
Wed 29 Oct 2025 19:54:21 INFO  valid result: 
recall@3 : 0.0294    recall@5 : 0.0428    recall@10 : 0.0645    recall@20 : 0.0938    ndcg@3 : 0.0176    ndcg@5 : 0.0231    ndcg@10 : 0.03    ndcg@20 : 0.0374    
Wed 29 Oct 2025 19:54:22 INFO  Saving current best: saved/SASRecD-Oct-29-2025_19-30-08.pth
Wed 29 Oct 2025 19:55:03 INFO  epoch 32 training [time: 41.75s, train loss: 1522.5444]
Wed 29 Oct 2025 19:55:45 INFO  epoch 33 training [time: 41.63s, train loss: 1514.5981]
Wed 29 Oct 2025 19:55:48 INFO  epoch 33 evaluating [time: 3.52s, valid_score: 0.065200]
Wed 29 Oct 2025 19:55:48 INFO  valid result: 
recall@3 : 0.0296    recall@5 : 0.0428    recall@10 : 0.0652    recall@20 : 0.0949    ndcg@3 : 0.0177    ndcg@5 : 0.0231    ndcg@10 : 0.0303    ndcg@20 : 0.0378    
Wed 29 Oct 2025 19:55:49 INFO  Saving current best: saved/SASRecD-Oct-29-2025_19-30-08.pth
Wed 29 Oct 2025 19:56:33 INFO  epoch 34 training [time: 44.15s, train loss: 1507.3755]
Wed 29 Oct 2025 19:57:15 INFO  epoch 35 training [time: 42.11s, train loss: 1499.7610]
Wed 29 Oct 2025 19:57:18 INFO  epoch 35 evaluating [time: 3.39s, valid_score: 0.065100]
Wed 29 Oct 2025 19:57:18 INFO  valid result: 
recall@3 : 0.0297    recall@5 : 0.0433    recall@10 : 0.0651    recall@20 : 0.0963    ndcg@3 : 0.0178    ndcg@5 : 0.0234    ndcg@10 : 0.0304    ndcg@20 : 0.0382    
Wed 29 Oct 2025 19:58:00 INFO  epoch 36 training [time: 41.27s, train loss: 1492.4697]
Wed 29 Oct 2025 19:58:41 INFO  epoch 37 training [time: 41.25s, train loss: 1486.1297]
Wed 29 Oct 2025 19:58:44 INFO  epoch 37 evaluating [time: 3.36s, valid_score: 0.065900]
Wed 29 Oct 2025 19:58:44 INFO  valid result: 
recall@3 : 0.0299    recall@5 : 0.0433    recall@10 : 0.0659    recall@20 : 0.0963    ndcg@3 : 0.0179    ndcg@5 : 0.0235    ndcg@10 : 0.0307    ndcg@20 : 0.0383    
Wed 29 Oct 2025 19:58:44 INFO  Saving current best: saved/SASRecD-Oct-29-2025_19-30-08.pth
Wed 29 Oct 2025 19:59:28 INFO  epoch 38 training [time: 43.31s, train loss: 1479.9258]
Wed 29 Oct 2025 20:00:11 INFO  epoch 39 training [time: 43.14s, train loss: 1473.2142]
Wed 29 Oct 2025 20:00:14 INFO  epoch 39 evaluating [time: 3.64s, valid_score: 0.066200]
Wed 29 Oct 2025 20:00:14 INFO  valid result: 
recall@3 : 0.03    recall@5 : 0.0433    recall@10 : 0.0662    recall@20 : 0.0962    ndcg@3 : 0.018    ndcg@5 : 0.0235    ndcg@10 : 0.0309    ndcg@20 : 0.0384    
Wed 29 Oct 2025 20:00:15 INFO  Saving current best: saved/SASRecD-Oct-29-2025_19-30-08.pth
Wed 29 Oct 2025 20:00:57 INFO  epoch 40 training [time: 42.63s, train loss: 1467.1425]
Wed 29 Oct 2025 20:01:40 INFO  epoch 41 training [time: 43.21s, train loss: 1461.3836]
Wed 29 Oct 2025 20:01:44 INFO  epoch 41 evaluating [time: 3.61s, valid_score: 0.066100]
Wed 29 Oct 2025 20:01:44 INFO  valid result: 
recall@3 : 0.0301    recall@5 : 0.0433    recall@10 : 0.0661    recall@20 : 0.0968    ndcg@3 : 0.0181    ndcg@5 : 0.0235    ndcg@10 : 0.0309    ndcg@20 : 0.0386    
Wed 29 Oct 2025 20:02:26 INFO  epoch 42 training [time: 42.10s, train loss: 1456.1251]
Wed 29 Oct 2025 20:03:11 INFO  epoch 43 training [time: 44.62s, train loss: 1450.5079]
Wed 29 Oct 2025 20:03:15 INFO  epoch 43 evaluating [time: 3.70s, valid_score: 0.066700]
Wed 29 Oct 2025 20:03:15 INFO  valid result: 
recall@3 : 0.0298    recall@5 : 0.0439    recall@10 : 0.0667    recall@20 : 0.0969    ndcg@3 : 0.0179    ndcg@5 : 0.0237    ndcg@10 : 0.0311    ndcg@20 : 0.0386    
Wed 29 Oct 2025 20:03:15 INFO  Saving current best: saved/SASRecD-Oct-29-2025_19-30-08.pth
Wed 29 Oct 2025 20:03:58 INFO  epoch 44 training [time: 43.55s, train loss: 1445.7149]
Wed 29 Oct 2025 20:04:41 INFO  epoch 45 training [time: 42.77s, train loss: 1440.5235]
Wed 29 Oct 2025 20:04:45 INFO  epoch 45 evaluating [time: 3.64s, valid_score: 0.067100]
Wed 29 Oct 2025 20:04:45 INFO  valid result: 
recall@3 : 0.03    recall@5 : 0.0437    recall@10 : 0.0671    recall@20 : 0.0969    ndcg@3 : 0.018    ndcg@5 : 0.0237    ndcg@10 : 0.0312    ndcg@20 : 0.0387    
Wed 29 Oct 2025 20:04:45 INFO  Saving current best: saved/SASRecD-Oct-29-2025_19-30-08.pth
Wed 29 Oct 2025 20:05:28 INFO  epoch 46 training [time: 43.17s, train loss: 1435.7353]
Wed 29 Oct 2025 20:06:13 INFO  epoch 47 training [time: 45.09s, train loss: 1431.2046]
Wed 29 Oct 2025 20:06:17 INFO  epoch 47 evaluating [time: 3.91s, valid_score: 0.067200]
Wed 29 Oct 2025 20:06:17 INFO  valid result: 
recall@3 : 0.0294    recall@5 : 0.0435    recall@10 : 0.0672    recall@20 : 0.0968    ndcg@3 : 0.0179    ndcg@5 : 0.0237    ndcg@10 : 0.0314    ndcg@20 : 0.0388    
Wed 29 Oct 2025 20:06:17 INFO  Saving current best: saved/SASRecD-Oct-29-2025_19-30-08.pth
Wed 29 Oct 2025 20:07:03 INFO  epoch 48 training [time: 45.65s, train loss: 1426.2363]
Wed 29 Oct 2025 20:07:46 INFO  epoch 49 training [time: 43.57s, train loss: 1421.9580]
Wed 29 Oct 2025 20:07:50 INFO  epoch 49 evaluating [time: 3.53s, valid_score: 0.067300]
Wed 29 Oct 2025 20:07:50 INFO  valid result: 
recall@3 : 0.0292    recall@5 : 0.0433    recall@10 : 0.0673    recall@20 : 0.0962    ndcg@3 : 0.0179    ndcg@5 : 0.0237    ndcg@10 : 0.0314    ndcg@20 : 0.0387    
Wed 29 Oct 2025 20:07:50 INFO  Saving current best: saved/SASRecD-Oct-29-2025_19-30-08.pth
Wed 29 Oct 2025 20:08:33 INFO  epoch 50 training [time: 42.76s, train loss: 1417.5813]
Wed 29 Oct 2025 20:09:17 INFO  epoch 51 training [time: 44.36s, train loss: 1413.1760]
Wed 29 Oct 2025 20:09:21 INFO  epoch 51 evaluating [time: 3.68s, valid_score: 0.067600]
Wed 29 Oct 2025 20:09:21 INFO  valid result: 
recall@3 : 0.0296    recall@5 : 0.0436    recall@10 : 0.0676    recall@20 : 0.0973    ndcg@3 : 0.018    ndcg@5 : 0.0238    ndcg@10 : 0.0315    ndcg@20 : 0.039    
Wed 29 Oct 2025 20:09:21 INFO  Saving current best: saved/SASRecD-Oct-29-2025_19-30-08.pth
Wed 29 Oct 2025 20:10:05 INFO  epoch 52 training [time: 43.63s, train loss: 1408.8564]
Wed 29 Oct 2025 20:10:50 INFO  epoch 53 training [time: 45.45s, train loss: 1404.8633]
Wed 29 Oct 2025 20:10:54 INFO  epoch 53 evaluating [time: 3.94s, valid_score: 0.066600]
Wed 29 Oct 2025 20:10:54 INFO  valid result: 
recall@3 : 0.0292    recall@5 : 0.0436    recall@10 : 0.0666    recall@20 : 0.0967    ndcg@3 : 0.0179    ndcg@5 : 0.0239    ndcg@10 : 0.0313    ndcg@20 : 0.0389    
Wed 29 Oct 2025 20:11:40 INFO  epoch 54 training [time: 46.16s, train loss: 1400.7564]
Wed 29 Oct 2025 20:12:26 INFO  epoch 55 training [time: 46.10s, train loss: 1396.7746]
Wed 29 Oct 2025 20:12:30 INFO  epoch 55 evaluating [time: 3.52s, valid_score: 0.066500]
Wed 29 Oct 2025 20:12:30 INFO  valid result: 
recall@3 : 0.0294    recall@5 : 0.0434    recall@10 : 0.0665    recall@20 : 0.0967    ndcg@3 : 0.0181    ndcg@5 : 0.0239    ndcg@10 : 0.0314    ndcg@20 : 0.039    
Wed 29 Oct 2025 20:13:15 INFO  epoch 56 training [time: 44.57s, train loss: 1393.0487]
Wed 29 Oct 2025 20:13:57 INFO  epoch 57 training [time: 42.89s, train loss: 1388.9058]
Wed 29 Oct 2025 20:14:01 INFO  epoch 57 evaluating [time: 3.65s, valid_score: 0.066800]
Wed 29 Oct 2025 20:14:01 INFO  valid result: 
recall@3 : 0.0297    recall@5 : 0.0434    recall@10 : 0.0668    recall@20 : 0.0964    ndcg@3 : 0.0181    ndcg@5 : 0.0238    ndcg@10 : 0.0313    ndcg@20 : 0.0387    
Wed 29 Oct 2025 20:14:43 INFO  epoch 58 training [time: 41.90s, train loss: 1385.6453]
Wed 29 Oct 2025 20:15:25 INFO  epoch 59 training [time: 42.33s, train loss: 1381.1260]
Wed 29 Oct 2025 20:15:29 INFO  epoch 59 evaluating [time: 3.92s, valid_score: 0.066300]
Wed 29 Oct 2025 20:15:29 INFO  valid result: 
recall@3 : 0.0296    recall@5 : 0.0438    recall@10 : 0.0663    recall@20 : 0.0959    ndcg@3 : 0.0181    ndcg@5 : 0.0239    ndcg@10 : 0.0312    ndcg@20 : 0.0387    
Wed 29 Oct 2025 20:16:13 INFO  epoch 60 training [time: 43.34s, train loss: 1378.5947]
Wed 29 Oct 2025 20:16:56 INFO  epoch 61 training [time: 43.93s, train loss: 1373.6744]
Wed 29 Oct 2025 20:17:00 INFO  epoch 61 evaluating [time: 3.66s, valid_score: 0.065800]
Wed 29 Oct 2025 20:17:00 INFO  valid result: 
recall@3 : 0.0294    recall@5 : 0.0435    recall@10 : 0.0658    recall@20 : 0.096    ndcg@3 : 0.018    ndcg@5 : 0.0239    ndcg@10 : 0.0311    ndcg@20 : 0.0387    
Wed 29 Oct 2025 20:17:44 INFO  epoch 62 training [time: 44.02s, train loss: 1371.3656]
Wed 29 Oct 2025 20:18:27 INFO  epoch 63 training [time: 42.47s, train loss: 1367.0278]
Wed 29 Oct 2025 20:18:30 INFO  epoch 63 evaluating [time: 3.42s, valid_score: 0.065800]
Wed 29 Oct 2025 20:18:30 INFO  valid result: 
recall@3 : 0.0292    recall@5 : 0.0431    recall@10 : 0.0658    recall@20 : 0.0958    ndcg@3 : 0.0181    ndcg@5 : 0.0238    ndcg@10 : 0.0311    ndcg@20 : 0.0387    
Wed 29 Oct 2025 20:19:14 INFO  epoch 64 training [time: 43.70s, train loss: 1363.8347]
Wed 29 Oct 2025 20:19:55 INFO  epoch 65 training [time: 41.61s, train loss: 1360.1436]
Wed 29 Oct 2025 20:19:59 INFO  epoch 65 evaluating [time: 3.61s, valid_score: 0.065800]
Wed 29 Oct 2025 20:19:59 INFO  valid result: 
recall@3 : 0.0295    recall@5 : 0.0437    recall@10 : 0.0658    recall@20 : 0.0945    ndcg@3 : 0.0182    ndcg@5 : 0.024    ndcg@10 : 0.0312    ndcg@20 : 0.0384    
Wed 29 Oct 2025 20:20:43 INFO  epoch 66 training [time: 43.92s, train loss: 1356.4969]
Wed 29 Oct 2025 20:21:24 INFO  epoch 67 training [time: 41.61s, train loss: 1353.7878]
Wed 29 Oct 2025 20:21:28 INFO  epoch 67 evaluating [time: 3.60s, valid_score: 0.065400]
Wed 29 Oct 2025 20:21:28 INFO  valid result: 
recall@3 : 0.029    recall@5 : 0.0435    recall@10 : 0.0654    recall@20 : 0.0942    ndcg@3 : 0.0179    ndcg@5 : 0.0239    ndcg@10 : 0.031    ndcg@20 : 0.0383    
Wed 29 Oct 2025 20:22:10 INFO  epoch 68 training [time: 41.61s, train loss: 1350.1671]
Wed 29 Oct 2025 20:22:53 INFO  epoch 69 training [time: 43.68s, train loss: 1346.3264]
Wed 29 Oct 2025 20:22:57 INFO  epoch 69 evaluating [time: 3.67s, valid_score: 0.065400]
Wed 29 Oct 2025 20:22:57 INFO  valid result: 
recall@3 : 0.0289    recall@5 : 0.0432    recall@10 : 0.0654    recall@20 : 0.0936    ndcg@3 : 0.0179    ndcg@5 : 0.0238    ndcg@10 : 0.031    ndcg@20 : 0.0381    
Wed 29 Oct 2025 20:23:39 INFO  epoch 70 training [time: 42.29s, train loss: 1342.8129]
Wed 29 Oct 2025 20:24:24 INFO  epoch 71 training [time: 44.91s, train loss: 1339.9082]
Wed 29 Oct 2025 20:24:28 INFO  epoch 71 evaluating [time: 3.62s, valid_score: 0.064400]
Wed 29 Oct 2025 20:24:28 INFO  valid result: 
recall@3 : 0.0287    recall@5 : 0.0421    recall@10 : 0.0644    recall@20 : 0.0928    ndcg@3 : 0.0179    ndcg@5 : 0.0234    ndcg@10 : 0.0306    ndcg@20 : 0.0378    
Wed 29 Oct 2025 20:25:11 INFO  epoch 72 training [time: 42.81s, train loss: 1336.2634]
Wed 29 Oct 2025 20:25:54 INFO  epoch 73 training [time: 43.31s, train loss: 1333.0335]
Wed 29 Oct 2025 20:25:58 INFO  epoch 73 evaluating [time: 3.62s, valid_score: 0.064400]
Wed 29 Oct 2025 20:25:58 INFO  valid result: 
recall@3 : 0.0292    recall@5 : 0.0425    recall@10 : 0.0644    recall@20 : 0.0931    ndcg@3 : 0.0181    ndcg@5 : 0.0235    ndcg@10 : 0.0306    ndcg@20 : 0.0379    
Wed 29 Oct 2025 20:25:58 INFO  Finished training, best eval result in epoch 51
Wed 29 Oct 2025 20:25:58 INFO  Loading model structure and parameters from saved/SASRecD-Oct-29-2025_19-30-08.pth
Wed 29 Oct 2025 20:26:02 INFO  best valid : {'recall@3': np.float64(0.0296), 'recall@5': np.float64(0.0436), 'recall@10': np.float64(0.0676), 'recall@20': np.float64(0.0973), 'ndcg@3': np.float64(0.018), 'ndcg@5': np.float64(0.0238), 'ndcg@10': np.float64(0.0315), 'ndcg@20': np.float64(0.039)}
Wed 29 Oct 2025 20:26:02 INFO  test result: {'recall@3': np.float64(0.0235), 'recall@5': np.float64(0.0351), 'recall@10': np.float64(0.0536), 'recall@20': np.float64(0.078), 'ndcg@3': np.float64(0.0141), 'ndcg@5': np.float64(0.0189), 'ndcg@10': np.float64(0.0248), 'ndcg@20': np.float64(0.031)}
