Mon 20 Oct 2025 12:15:34 INFO  
General Hyper Parameters:
gpu_id = 0
use_gpu = True
seed = 212
state = INFO
reproducibility = True
data_path = ./recbole/data/dataset/Amazon_Sports_and_Outdoors
show_progress = True
save_dataset = False
save_dataloaders = False
benchmark_filename = None

Training Hyper Parameters:
checkpoint_dir = saved
epochs = 200
train_batch_size = 1024
learner = adam
learning_rate = 0.0001
eval_step = 2
stopping_step = 10
clip_grad_norm = None
weight_decay = 0.0
loss_decimal_place = 4

Evaluation Hyper Parameters:
eval_args = {'split': {'LS': 'valid_and_test'}, 'group_by': 'user', 'order': 'TO', 'mode': 'full'}
metrics = ['Recall', 'NDCG']
topk = [3, 5, 10, 20]
valid_metric = Recall@10
valid_metric_bigger = True
eval_batch_size = 256
metric_decimal_place = 4

Dataset Hyper Parameters:
field_separator = 	
seq_separator =  
USER_ID_FIELD = user_id
ITEM_ID_FIELD = item_id
RATING_FIELD = rating
TIME_FIELD = timestamp
seq_len = None
LABEL_FIELD = label
threshold = None
NEG_PREFIX = neg_
load_col = {'inter': ['user_id', 'item_id', 'rating', 'timestamp'], 'item': ['item_id', 'title', 'sales_rank', 'price', 'brand', 'categories', 'sales_type'], 'title': ['ent_id', 'ent_emb']}
unload_col = None
unused_col = None
additional_feat_suffix = ['title']
rm_dup_inter = None
val_interval = None
filter_inter_by_user_or_item = True
user_inter_num_interval = [5,inf)
item_inter_num_interval = [5,inf)
alias_of_user_id = None
alias_of_item_id = ['ent_id']
alias_of_entity_id = None
alias_of_relation_id = None
preload_weight = {'ent_id': 'ent_emb'}
normalize_field = None
normalize_all = None
ITEM_LIST_LENGTH_FIELD = item_length
LIST_SUFFIX = _list
MAX_ITEM_LIST_LENGTH = 50
POSITION_FIELD = position_id
HEAD_ENTITY_ID_FIELD = head_id
TAIL_ENTITY_ID_FIELD = tail_id
RELATION_ID_FIELD = relation_id
ENTITY_ID_FIELD = entity_id

Other Hyper Parameters: 
neg_sampling = None
multi_gpus = False
repeatable = True
n_layers = 3
n_heads = 8
hidden_size = 256
attribute_hidden_size = [128]
inner_size = 256
hidden_dropout_prob = 0.5
attn_dropout_prob = 0.3
hidden_act = gelu
layer_norm_eps = 1e-12
initializer_range = 0.02
selected_features = ['ent_emb']
pooling_mode = sum
loss_type = CE
weight_sharing = not
fusion_type = gate
lamdas = [5]
attribute_predictor = ['cos_sim']
MODEL_TYPE = ModelType.SEQUENTIAL
feature_type = ['static']
annealing = False
MODEL_INPUT_TYPE = InputType.POINTWISE
eval_type = EvaluatorType.RANKING
device = cuda
train_neg_sample_args = {'strategy': 'none'}
eval_neg_sample_args = {'strategy': 'full', 'distribution': 'uniform'}


Mon 20 Oct 2025 12:15:34 INFO  Amazon_Sports_and_Outdoors
The number of users: 35599
Average actions of users: 8.324540704533963
The number of items: 18358
Average actions of items: 16.142997221768262
The number of inters: 296337
The sparsity of the dataset: 99.95465569853714%
Remain Fields: ['user_id', 'item_id', 'rating', 'timestamp', 'title', 'price', 'brand', 'categories', 'sales_type', 'sales_rank', 'ent_id', 'ent_emb']
Mon 20 Oct 2025 12:15:37 INFO  [Training]: train_batch_size = [1024] negative sampling: [None]
Mon 20 Oct 2025 12:15:37 INFO  [Evaluation]: eval_batch_size = [256] eval_args: [{'split': {'LS': 'valid_and_test'}, 'group_by': 'user', 'order': 'TO', 'mode': 'full'}]
Mon 20 Oct 2025 12:15:37 INFO  SASRecD(
  (item_embedding): Embedding(18358, 256, padding_idx=0)
  (position_embedding): Embedding(50, 256)
  (feature_embed_layer_list): ModuleList(
    (0): Embedding(18358, 128)
  )
  (trm_encoder): DIFTransformerEncoder(
    (layer): ModuleList(
      (0-2): 3 x DIFTransformerLayer(
        (multi_head_attention): DIFMultiHeadAttention(
          (query): Linear(in_features=256, out_features=256, bias=True)
          (key): Linear(in_features=256, out_features=256, bias=True)
          (value): Linear(in_features=256, out_features=256, bias=True)
          (query_p): Linear(in_features=256, out_features=256, bias=True)
          (key_p): Linear(in_features=256, out_features=256, bias=True)
          (query_layers): ModuleList(
            (0): Linear(in_features=128, out_features=128, bias=True)
          )
          (key_layers): ModuleList(
            (0): Linear(in_features=128, out_features=128, bias=True)
          )
          (fusion_layer): VanillaAttention(
            (projection): Sequential(
              (0): Linear(in_features=50, out_features=50, bias=True)
              (1): ReLU(inplace=True)
              (2): Linear(in_features=50, out_features=1, bias=True)
            )
          )
          (attn_dropout): Dropout(p=0.3, inplace=False)
          (dense): Linear(in_features=256, out_features=256, bias=True)
          (LayerNorm): LayerNorm((256,), eps=1e-12, elementwise_affine=True)
          (out_dropout): Dropout(p=0.5, inplace=False)
        )
        (feed_forward): FeedForward(
          (dense_1): Linear(in_features=256, out_features=256, bias=True)
          (dense_2): Linear(in_features=256, out_features=256, bias=True)
          (LayerNorm): LayerNorm((256,), eps=1e-12, elementwise_affine=True)
          (dropout): Dropout(p=0.5, inplace=False)
        )
      )
    )
  )
  (ap): ModuleList(
    (0): Linear(in_features=256, out_features=128, bias=True)
  )
  (LayerNorm): LayerNorm((256,), eps=1e-12, elementwise_affine=True)
  (dropout): Dropout(p=0.5, inplace=False)
  (loss_fct): CrossEntropyLoss()
  (attribute_loss_fct): BCEWithLogitsLoss()
)
Trainable parameters: 6434811
Mon 20 Oct 2025 12:16:05 INFO  epoch 0 training [time: 27.01s, train loss: 1877.8224]
Mon 20 Oct 2025 12:16:32 INFO  epoch 1 training [time: 26.46s, train loss: 1732.8989]
Mon 20 Oct 2025 12:16:33 INFO  epoch 1 evaluating [time: 1.78s, valid_score: 0.012800]
Mon 20 Oct 2025 12:16:33 INFO  valid result: 
recall@3 : 0.0059    recall@5 : 0.0081    recall@10 : 0.0128    recall@20 : 0.0223    ndcg@3 : 0.0043    ndcg@5 : 0.0052    ndcg@10 : 0.0067    ndcg@20 : 0.0091    
Mon 20 Oct 2025 12:16:34 INFO  Saving current best: saved/SASRecD-Oct-20-2025_12-15-37.pth
Mon 20 Oct 2025 12:17:00 INFO  epoch 2 training [time: 26.54s, train loss: 1719.2087]
Mon 20 Oct 2025 12:17:27 INFO  epoch 3 training [time: 26.54s, train loss: 1711.6248]
Mon 20 Oct 2025 12:17:28 INFO  epoch 3 evaluating [time: 1.72s, valid_score: 0.012300]
Mon 20 Oct 2025 12:17:28 INFO  valid result: 
recall@3 : 0.0056    recall@5 : 0.0075    recall@10 : 0.0123    recall@20 : 0.0228    ndcg@3 : 0.0041    ndcg@5 : 0.0049    ndcg@10 : 0.0064    ndcg@20 : 0.0091    
Mon 20 Oct 2025 12:17:55 INFO  epoch 4 training [time: 26.54s, train loss: 1702.6855]
Mon 20 Oct 2025 12:18:21 INFO  epoch 5 training [time: 26.55s, train loss: 1690.9244]
Mon 20 Oct 2025 12:18:23 INFO  epoch 5 evaluating [time: 1.71s, valid_score: 0.014000]
Mon 20 Oct 2025 12:18:23 INFO  valid result: 
recall@3 : 0.0052    recall@5 : 0.0083    recall@10 : 0.014    recall@20 : 0.0249    ndcg@3 : 0.0035    ndcg@5 : 0.0048    ndcg@10 : 0.0067    ndcg@20 : 0.0094    
Mon 20 Oct 2025 12:18:23 INFO  Saving current best: saved/SASRecD-Oct-20-2025_12-15-37.pth
Mon 20 Oct 2025 12:18:50 INFO  epoch 6 training [time: 26.55s, train loss: 1673.4539]
Mon 20 Oct 2025 12:19:16 INFO  epoch 7 training [time: 26.55s, train loss: 1645.9516]
Mon 20 Oct 2025 12:19:18 INFO  epoch 7 evaluating [time: 1.70s, valid_score: 0.022000]
Mon 20 Oct 2025 12:19:18 INFO  valid result: 
recall@3 : 0.0079    recall@5 : 0.0121    recall@10 : 0.022    recall@20 : 0.0377    ndcg@3 : 0.0054    ndcg@5 : 0.0072    ndcg@10 : 0.0103    ndcg@20 : 0.0143    
Mon 20 Oct 2025 12:19:18 INFO  Saving current best: saved/SASRecD-Oct-20-2025_12-15-37.pth
Mon 20 Oct 2025 12:19:45 INFO  epoch 8 training [time: 26.58s, train loss: 1619.7236]
Mon 20 Oct 2025 12:20:11 INFO  epoch 9 training [time: 26.57s, train loss: 1595.3697]
Mon 20 Oct 2025 12:20:13 INFO  epoch 9 evaluating [time: 1.73s, valid_score: 0.029000]
Mon 20 Oct 2025 12:20:13 INFO  valid result: 
recall@3 : 0.0103    recall@5 : 0.0162    recall@10 : 0.029    recall@20 : 0.05    ndcg@3 : 0.007    ndcg@5 : 0.0094    ndcg@10 : 0.0135    ndcg@20 : 0.0188    
Mon 20 Oct 2025 12:20:13 INFO  Saving current best: saved/SASRecD-Oct-20-2025_12-15-37.pth
Mon 20 Oct 2025 12:20:40 INFO  epoch 10 training [time: 26.56s, train loss: 1572.6904]
Mon 20 Oct 2025 12:21:06 INFO  epoch 11 training [time: 26.58s, train loss: 1551.1080]
Mon 20 Oct 2025 12:21:08 INFO  epoch 11 evaluating [time: 1.71s, valid_score: 0.037300]
Mon 20 Oct 2025 12:21:08 INFO  valid result: 
recall@3 : 0.0145    recall@5 : 0.0215    recall@10 : 0.0373    recall@20 : 0.0587    ndcg@3 : 0.0095    ndcg@5 : 0.0124    ndcg@10 : 0.0174    ndcg@20 : 0.0228    
Mon 20 Oct 2025 12:21:08 INFO  Saving current best: saved/SASRecD-Oct-20-2025_12-15-37.pth
Mon 20 Oct 2025 12:21:35 INFO  epoch 12 training [time: 26.56s, train loss: 1530.8291]
Mon 20 Oct 2025 12:22:01 INFO  epoch 13 training [time: 26.58s, train loss: 1511.8056]
Mon 20 Oct 2025 12:22:03 INFO  epoch 13 evaluating [time: 1.70s, valid_score: 0.043300]
Mon 20 Oct 2025 12:22:03 INFO  valid result: 
recall@3 : 0.0175    recall@5 : 0.0271    recall@10 : 0.0433    recall@20 : 0.0663    ndcg@3 : 0.0113    ndcg@5 : 0.0153    ndcg@10 : 0.0205    ndcg@20 : 0.0263    
Mon 20 Oct 2025 12:22:03 INFO  Saving current best: saved/SASRecD-Oct-20-2025_12-15-37.pth
Mon 20 Oct 2025 12:22:30 INFO  epoch 14 training [time: 26.60s, train loss: 1493.4631]
Mon 20 Oct 2025 12:22:56 INFO  epoch 15 training [time: 26.61s, train loss: 1476.0073]
Mon 20 Oct 2025 12:22:58 INFO  epoch 15 evaluating [time: 1.71s, valid_score: 0.048700]
Mon 20 Oct 2025 12:22:58 INFO  valid result: 
recall@3 : 0.0209    recall@5 : 0.0307    recall@10 : 0.0487    recall@20 : 0.0733    ndcg@3 : 0.013    ndcg@5 : 0.0171    ndcg@10 : 0.0229    ndcg@20 : 0.0291    
Mon 20 Oct 2025 12:22:58 INFO  Saving current best: saved/SASRecD-Oct-20-2025_12-15-37.pth
Mon 20 Oct 2025 12:23:25 INFO  epoch 16 training [time: 26.59s, train loss: 1459.3459]
Mon 20 Oct 2025 12:23:51 INFO  epoch 17 training [time: 26.59s, train loss: 1443.4756]
Mon 20 Oct 2025 12:23:53 INFO  epoch 17 evaluating [time: 1.74s, valid_score: 0.052800]
Mon 20 Oct 2025 12:23:53 INFO  valid result: 
recall@3 : 0.0221    recall@5 : 0.0344    recall@10 : 0.0528    recall@20 : 0.0788    ndcg@3 : 0.0138    ndcg@5 : 0.0188    ndcg@10 : 0.0247    ndcg@20 : 0.0313    
Mon 20 Oct 2025 12:23:53 INFO  Saving current best: saved/SASRecD-Oct-20-2025_12-15-37.pth
Mon 20 Oct 2025 12:24:20 INFO  epoch 18 training [time: 26.58s, train loss: 1428.6685]
Mon 20 Oct 2025 12:24:46 INFO  epoch 19 training [time: 26.58s, train loss: 1413.9007]
Mon 20 Oct 2025 12:24:48 INFO  epoch 19 evaluating [time: 1.77s, valid_score: 0.056200]
Mon 20 Oct 2025 12:24:48 INFO  valid result: 
recall@3 : 0.0231    recall@5 : 0.0362    recall@10 : 0.0562    recall@20 : 0.0817    ndcg@3 : 0.0142    ndcg@5 : 0.0196    ndcg@10 : 0.0261    ndcg@20 : 0.0325    
Mon 20 Oct 2025 12:24:48 INFO  Saving current best: saved/SASRecD-Oct-20-2025_12-15-37.pth
Mon 20 Oct 2025 12:25:15 INFO  epoch 20 training [time: 26.62s, train loss: 1400.4061]
Mon 20 Oct 2025 12:25:41 INFO  epoch 21 training [time: 26.57s, train loss: 1387.1940]
Mon 20 Oct 2025 12:25:43 INFO  epoch 21 evaluating [time: 1.70s, valid_score: 0.058200]
Mon 20 Oct 2025 12:25:43 INFO  valid result: 
recall@3 : 0.0252    recall@5 : 0.0376    recall@10 : 0.0582    recall@20 : 0.0846    ndcg@3 : 0.0153    ndcg@5 : 0.0204    ndcg@10 : 0.027    ndcg@20 : 0.0337    
Mon 20 Oct 2025 12:25:43 INFO  Saving current best: saved/SASRecD-Oct-20-2025_12-15-37.pth
Mon 20 Oct 2025 12:26:10 INFO  epoch 22 training [time: 26.61s, train loss: 1374.5576]
Mon 20 Oct 2025 12:26:36 INFO  epoch 23 training [time: 26.59s, train loss: 1362.6814]
Mon 20 Oct 2025 12:26:38 INFO  epoch 23 evaluating [time: 1.76s, valid_score: 0.060000]
Mon 20 Oct 2025 12:26:38 INFO  valid result: 
recall@3 : 0.0262    recall@5 : 0.039    recall@10 : 0.06    recall@20 : 0.0866    ndcg@3 : 0.0158    ndcg@5 : 0.0211    ndcg@10 : 0.0279    ndcg@20 : 0.0346    
Mon 20 Oct 2025 12:26:38 INFO  Saving current best: saved/SASRecD-Oct-20-2025_12-15-37.pth
Mon 20 Oct 2025 12:27:05 INFO  epoch 24 training [time: 26.62s, train loss: 1350.9351]
Mon 20 Oct 2025 12:27:31 INFO  epoch 25 training [time: 26.61s, train loss: 1339.8333]
Mon 20 Oct 2025 12:27:33 INFO  epoch 25 evaluating [time: 1.72s, valid_score: 0.061200]
Mon 20 Oct 2025 12:27:33 INFO  valid result: 
recall@3 : 0.0272    recall@5 : 0.04    recall@10 : 0.0612    recall@20 : 0.0884    ndcg@3 : 0.0164    ndcg@5 : 0.0216    ndcg@10 : 0.0284    ndcg@20 : 0.0353    
Mon 20 Oct 2025 12:27:33 INFO  Saving current best: saved/SASRecD-Oct-20-2025_12-15-37.pth
Mon 20 Oct 2025 12:28:00 INFO  epoch 26 training [time: 26.63s, train loss: 1330.1170]
Mon 20 Oct 2025 12:28:26 INFO  epoch 27 training [time: 26.62s, train loss: 1319.5046]
Mon 20 Oct 2025 12:28:28 INFO  epoch 27 evaluating [time: 1.77s, valid_score: 0.061400]
Mon 20 Oct 2025 12:28:28 INFO  valid result: 
recall@3 : 0.0273    recall@5 : 0.0403    recall@10 : 0.0614    recall@20 : 0.09    ndcg@3 : 0.0164    ndcg@5 : 0.0217    ndcg@10 : 0.0285    ndcg@20 : 0.0357    
Mon 20 Oct 2025 12:28:28 INFO  Saving current best: saved/SASRecD-Oct-20-2025_12-15-37.pth
Mon 20 Oct 2025 12:28:55 INFO  epoch 28 training [time: 26.61s, train loss: 1309.9261]
Mon 20 Oct 2025 12:29:21 INFO  epoch 29 training [time: 26.60s, train loss: 1301.0683]
Mon 20 Oct 2025 12:29:23 INFO  epoch 29 evaluating [time: 1.73s, valid_score: 0.062300]
Mon 20 Oct 2025 12:29:23 INFO  valid result: 
recall@3 : 0.0278    recall@5 : 0.041    recall@10 : 0.0623    recall@20 : 0.0908    ndcg@3 : 0.0167    ndcg@5 : 0.0221    ndcg@10 : 0.029    ndcg@20 : 0.0362    
Mon 20 Oct 2025 12:29:23 INFO  Saving current best: saved/SASRecD-Oct-20-2025_12-15-37.pth
Mon 20 Oct 2025 12:29:50 INFO  epoch 30 training [time: 26.63s, train loss: 1292.6552]
Mon 20 Oct 2025 12:30:16 INFO  epoch 31 training [time: 26.61s, train loss: 1283.8542]
Mon 20 Oct 2025 12:30:18 INFO  epoch 31 evaluating [time: 1.75s, valid_score: 0.062600]
Mon 20 Oct 2025 12:30:18 INFO  valid result: 
recall@3 : 0.0279    recall@5 : 0.0412    recall@10 : 0.0626    recall@20 : 0.0919    ndcg@3 : 0.0168    ndcg@5 : 0.0223    ndcg@10 : 0.0292    ndcg@20 : 0.0365    
Mon 20 Oct 2025 12:30:18 INFO  Saving current best: saved/SASRecD-Oct-20-2025_12-15-37.pth
Mon 20 Oct 2025 12:30:45 INFO  epoch 32 training [time: 26.61s, train loss: 1275.9643]
Mon 20 Oct 2025 12:31:11 INFO  epoch 33 training [time: 26.61s, train loss: 1268.5168]
Mon 20 Oct 2025 12:31:13 INFO  epoch 33 evaluating [time: 1.73s, valid_score: 0.063300]
Mon 20 Oct 2025 12:31:13 INFO  valid result: 
recall@3 : 0.0287    recall@5 : 0.0415    recall@10 : 0.0633    recall@20 : 0.093    ndcg@3 : 0.0172    ndcg@5 : 0.0225    ndcg@10 : 0.0295    ndcg@20 : 0.037    
Mon 20 Oct 2025 12:31:13 INFO  Saving current best: saved/SASRecD-Oct-20-2025_12-15-37.pth
Mon 20 Oct 2025 12:31:40 INFO  epoch 34 training [time: 26.61s, train loss: 1261.1619]
Mon 20 Oct 2025 12:32:06 INFO  epoch 35 training [time: 26.62s, train loss: 1254.2235]
Mon 20 Oct 2025 12:32:08 INFO  epoch 35 evaluating [time: 1.74s, valid_score: 0.063300]
Mon 20 Oct 2025 12:32:08 INFO  valid result: 
recall@3 : 0.0282    recall@5 : 0.0413    recall@10 : 0.0633    recall@20 : 0.0937    ndcg@3 : 0.017    ndcg@5 : 0.0224    ndcg@10 : 0.0295    ndcg@20 : 0.0371    
Mon 20 Oct 2025 12:32:35 INFO  epoch 36 training [time: 26.59s, train loss: 1247.4397]
Mon 20 Oct 2025 12:33:01 INFO  epoch 37 training [time: 26.61s, train loss: 1241.0720]
Mon 20 Oct 2025 12:33:03 INFO  epoch 37 evaluating [time: 1.76s, valid_score: 0.063600]
Mon 20 Oct 2025 12:33:03 INFO  valid result: 
recall@3 : 0.028    recall@5 : 0.0415    recall@10 : 0.0636    recall@20 : 0.0934    ndcg@3 : 0.0169    ndcg@5 : 0.0224    ndcg@10 : 0.0295    ndcg@20 : 0.037    
Mon 20 Oct 2025 12:33:03 INFO  Saving current best: saved/SASRecD-Oct-20-2025_12-15-37.pth
Mon 20 Oct 2025 12:33:30 INFO  epoch 38 training [time: 26.60s, train loss: 1235.1983]
Mon 20 Oct 2025 12:33:56 INFO  epoch 39 training [time: 26.60s, train loss: 1229.1556]
Mon 20 Oct 2025 12:33:58 INFO  epoch 39 evaluating [time: 1.70s, valid_score: 0.064200]
Mon 20 Oct 2025 12:33:58 INFO  valid result: 
recall@3 : 0.0293    recall@5 : 0.0415    recall@10 : 0.0642    recall@20 : 0.0941    ndcg@3 : 0.0175    ndcg@5 : 0.0226    ndcg@10 : 0.0299    ndcg@20 : 0.0374    
Mon 20 Oct 2025 12:33:58 INFO  Saving current best: saved/SASRecD-Oct-20-2025_12-15-37.pth
Mon 20 Oct 2025 12:34:25 INFO  epoch 40 training [time: 26.60s, train loss: 1223.6890]
Mon 20 Oct 2025 12:34:51 INFO  epoch 41 training [time: 26.61s, train loss: 1218.2549]
Mon 20 Oct 2025 12:34:53 INFO  epoch 41 evaluating [time: 1.73s, valid_score: 0.064200]
Mon 20 Oct 2025 12:34:53 INFO  valid result: 
recall@3 : 0.0287    recall@5 : 0.0415    recall@10 : 0.0642    recall@20 : 0.0946    ndcg@3 : 0.0172    ndcg@5 : 0.0225    ndcg@10 : 0.0298    ndcg@20 : 0.0375    
Mon 20 Oct 2025 12:35:20 INFO  epoch 42 training [time: 26.61s, train loss: 1212.7667]
Mon 20 Oct 2025 12:35:46 INFO  epoch 43 training [time: 26.60s, train loss: 1208.0330]
Mon 20 Oct 2025 12:35:48 INFO  epoch 43 evaluating [time: 1.72s, valid_score: 0.064600]
Mon 20 Oct 2025 12:35:48 INFO  valid result: 
recall@3 : 0.0288    recall@5 : 0.0423    recall@10 : 0.0646    recall@20 : 0.0953    ndcg@3 : 0.0174    ndcg@5 : 0.023    ndcg@10 : 0.0302    ndcg@20 : 0.0379    
Mon 20 Oct 2025 12:35:48 INFO  Saving current best: saved/SASRecD-Oct-20-2025_12-15-37.pth
Mon 20 Oct 2025 12:36:15 INFO  epoch 44 training [time: 26.60s, train loss: 1203.1262]
Mon 20 Oct 2025 12:36:41 INFO  epoch 45 training [time: 26.61s, train loss: 1197.4703]
Mon 20 Oct 2025 12:36:43 INFO  epoch 45 evaluating [time: 1.73s, valid_score: 0.064000]
Mon 20 Oct 2025 12:36:43 INFO  valid result: 
recall@3 : 0.0284    recall@5 : 0.0416    recall@10 : 0.064    recall@20 : 0.0941    ndcg@3 : 0.0173    ndcg@5 : 0.0228    ndcg@10 : 0.03    ndcg@20 : 0.0376    
Mon 20 Oct 2025 12:37:10 INFO  epoch 46 training [time: 26.63s, train loss: 1193.2555]
Mon 20 Oct 2025 12:37:36 INFO  epoch 47 training [time: 26.61s, train loss: 1188.1437]
Mon 20 Oct 2025 12:37:38 INFO  epoch 47 evaluating [time: 1.76s, valid_score: 0.063800]
Mon 20 Oct 2025 12:37:38 INFO  valid result: 
recall@3 : 0.0284    recall@5 : 0.0419    recall@10 : 0.0638    recall@20 : 0.094    ndcg@3 : 0.0173    ndcg@5 : 0.0229    ndcg@10 : 0.0299    ndcg@20 : 0.0375    
Mon 20 Oct 2025 12:38:05 INFO  epoch 48 training [time: 26.61s, train loss: 1184.2990]
Mon 20 Oct 2025 12:38:31 INFO  epoch 49 training [time: 26.57s, train loss: 1180.6091]
Mon 20 Oct 2025 12:38:33 INFO  epoch 49 evaluating [time: 1.75s, valid_score: 0.064500]
Mon 20 Oct 2025 12:38:33 INFO  valid result: 
recall@3 : 0.0283    recall@5 : 0.0422    recall@10 : 0.0645    recall@20 : 0.0946    ndcg@3 : 0.0173    ndcg@5 : 0.023    ndcg@10 : 0.0302    ndcg@20 : 0.0378    
Mon 20 Oct 2025 12:39:00 INFO  epoch 50 training [time: 26.59s, train loss: 1176.2121]
Mon 20 Oct 2025 12:39:26 INFO  epoch 51 training [time: 26.59s, train loss: 1171.6377]
Mon 20 Oct 2025 12:39:28 INFO  epoch 51 evaluating [time: 1.78s, valid_score: 0.064000]
Mon 20 Oct 2025 12:39:28 INFO  valid result: 
recall@3 : 0.0283    recall@5 : 0.0419    recall@10 : 0.064    recall@20 : 0.0945    ndcg@3 : 0.0173    ndcg@5 : 0.0229    ndcg@10 : 0.03    ndcg@20 : 0.0377    
Mon 20 Oct 2025 12:39:55 INFO  epoch 52 training [time: 26.60s, train loss: 1167.4895]
Mon 20 Oct 2025 12:40:21 INFO  epoch 53 training [time: 26.61s, train loss: 1163.4494]
Mon 20 Oct 2025 12:40:23 INFO  epoch 53 evaluating [time: 1.73s, valid_score: 0.064400]
Mon 20 Oct 2025 12:40:23 INFO  valid result: 
recall@3 : 0.0289    recall@5 : 0.0422    recall@10 : 0.0644    recall@20 : 0.0938    ndcg@3 : 0.0178    ndcg@5 : 0.0232    ndcg@10 : 0.0304    ndcg@20 : 0.0378    
Mon 20 Oct 2025 12:40:50 INFO  epoch 54 training [time: 26.62s, train loss: 1159.6848]
Mon 20 Oct 2025 12:41:16 INFO  epoch 55 training [time: 26.58s, train loss: 1155.6873]
Mon 20 Oct 2025 12:41:18 INFO  epoch 55 evaluating [time: 1.71s, valid_score: 0.064100]
Mon 20 Oct 2025 12:41:18 INFO  valid result: 
recall@3 : 0.0282    recall@5 : 0.0418    recall@10 : 0.0641    recall@20 : 0.0943    ndcg@3 : 0.0174    ndcg@5 : 0.023    ndcg@10 : 0.0302    ndcg@20 : 0.0378    
Mon 20 Oct 2025 12:41:44 INFO  epoch 56 training [time: 26.59s, train loss: 1151.8632]
Mon 20 Oct 2025 12:42:11 INFO  epoch 57 training [time: 26.63s, train loss: 1148.7483]
Mon 20 Oct 2025 12:42:13 INFO  epoch 57 evaluating [time: 1.73s, valid_score: 0.063900]
Mon 20 Oct 2025 12:42:13 INFO  valid result: 
recall@3 : 0.0279    recall@5 : 0.0414    recall@10 : 0.0639    recall@20 : 0.0929    ndcg@3 : 0.0172    ndcg@5 : 0.0227    ndcg@10 : 0.03    ndcg@20 : 0.0373    
Mon 20 Oct 2025 12:42:39 INFO  epoch 58 training [time: 26.61s, train loss: 1144.6457]
Mon 20 Oct 2025 12:43:06 INFO  epoch 59 training [time: 26.60s, train loss: 1140.4832]
Mon 20 Oct 2025 12:43:08 INFO  epoch 59 evaluating [time: 1.74s, valid_score: 0.063700]
Mon 20 Oct 2025 12:43:08 INFO  valid result: 
recall@3 : 0.0281    recall@5 : 0.0414    recall@10 : 0.0637    recall@20 : 0.093    ndcg@3 : 0.0174    ndcg@5 : 0.0228    ndcg@10 : 0.03    ndcg@20 : 0.0374    
Mon 20 Oct 2025 12:43:34 INFO  epoch 60 training [time: 26.60s, train loss: 1136.4786]
Mon 20 Oct 2025 12:44:01 INFO  epoch 61 training [time: 26.60s, train loss: 1132.9692]
Mon 20 Oct 2025 12:44:03 INFO  epoch 61 evaluating [time: 1.73s, valid_score: 0.063300]
Mon 20 Oct 2025 12:44:03 INFO  valid result: 
recall@3 : 0.0274    recall@5 : 0.0408    recall@10 : 0.0633    recall@20 : 0.0928    ndcg@3 : 0.017    ndcg@5 : 0.0225    ndcg@10 : 0.0298    ndcg@20 : 0.0372    
Mon 20 Oct 2025 12:44:29 INFO  epoch 62 training [time: 26.61s, train loss: 1130.0490]
Mon 20 Oct 2025 12:44:56 INFO  epoch 63 training [time: 26.62s, train loss: 1126.5007]
Mon 20 Oct 2025 12:44:58 INFO  epoch 63 evaluating [time: 1.72s, valid_score: 0.062800]
Mon 20 Oct 2025 12:44:58 INFO  valid result: 
recall@3 : 0.0275    recall@5 : 0.0409    recall@10 : 0.0628    recall@20 : 0.092    ndcg@3 : 0.0171    ndcg@5 : 0.0226    ndcg@10 : 0.0297    ndcg@20 : 0.037    
Mon 20 Oct 2025 12:45:24 INFO  epoch 64 training [time: 26.60s, train loss: 1122.9623]
Mon 20 Oct 2025 12:45:51 INFO  epoch 65 training [time: 26.59s, train loss: 1119.5150]
Mon 20 Oct 2025 12:45:53 INFO  epoch 65 evaluating [time: 1.72s, valid_score: 0.062800]
Mon 20 Oct 2025 12:45:53 INFO  valid result: 
recall@3 : 0.0277    recall@5 : 0.0407    recall@10 : 0.0628    recall@20 : 0.0916    ndcg@3 : 0.0173    ndcg@5 : 0.0226    ndcg@10 : 0.0297    ndcg@20 : 0.037    
Mon 20 Oct 2025 12:45:53 INFO  Finished training, best eval result in epoch 43
Mon 20 Oct 2025 12:45:53 INFO  Loading model structure and parameters from saved/SASRecD-Oct-20-2025_12-15-37.pth
Mon 20 Oct 2025 12:45:54 INFO  best valid : {'recall@3': np.float64(0.0288), 'recall@5': np.float64(0.0423), 'recall@10': np.float64(0.0646), 'recall@20': np.float64(0.0953), 'ndcg@3': np.float64(0.0174), 'ndcg@5': np.float64(0.023), 'ndcg@10': np.float64(0.0302), 'ndcg@20': np.float64(0.0379)}
Mon 20 Oct 2025 12:45:54 INFO  test result: {'recall@3': np.float64(0.0231), 'recall@5': np.float64(0.0337), 'recall@10': np.float64(0.053), 'recall@20': np.float64(0.077), 'ndcg@3': np.float64(0.0139), 'ndcg@5': np.float64(0.0182), 'ndcg@10': np.float64(0.0244), 'ndcg@20': np.float64(0.0305)}
