Tue 14 Oct 2025 18:10:22 INFO  
General Hyper Parameters:
gpu_id = 0
use_gpu = True
seed = 212
state = INFO
reproducibility = True
data_path = ./recbole/data/dataset/Amazon_Sports_and_Outdoors
show_progress = True
save_dataset = False
save_dataloaders = False
benchmark_filename = None

Training Hyper Parameters:
checkpoint_dir = saved
epochs = 200
train_batch_size = 1024
learner = adam
learning_rate = 0.0001
eval_step = 2
stopping_step = 10
clip_grad_norm = None
weight_decay = 0.0
loss_decimal_place = 4

Evaluation Hyper Parameters:
eval_args = {'split': {'LS': 'valid_and_test'}, 'group_by': 'user', 'order': 'TO', 'mode': 'full'}
metrics = ['Recall', 'NDCG']
topk = [3, 5, 10, 20]
valid_metric = Recall@10
valid_metric_bigger = True
eval_batch_size = 256
metric_decimal_place = 4

Dataset Hyper Parameters:
field_separator = 	
seq_separator =  
USER_ID_FIELD = user_id
ITEM_ID_FIELD = item_id
RATING_FIELD = rating
TIME_FIELD = timestamp
seq_len = None
LABEL_FIELD = label
threshold = None
NEG_PREFIX = neg_
load_col = {'inter': ['user_id', 'item_id', 'rating', 'timestamp'], 'item': ['item_id', 'title', 'sales_rank', 'price', 'brand', 'categories', 'sales_type'], 'title': ['ent_id', 'ent_emb']}
unload_col = None
unused_col = None
additional_feat_suffix = ['title']
rm_dup_inter = None
val_interval = None
filter_inter_by_user_or_item = True
user_inter_num_interval = [5,inf)
item_inter_num_interval = [5,inf)
alias_of_user_id = None
alias_of_item_id = ['ent_id']
alias_of_entity_id = None
alias_of_relation_id = None
preload_weight = {'ent_id': 'ent_emb'}
normalize_field = None
normalize_all = None
ITEM_LIST_LENGTH_FIELD = item_length
LIST_SUFFIX = _list
MAX_ITEM_LIST_LENGTH = 50
POSITION_FIELD = position_id
HEAD_ENTITY_ID_FIELD = head_id
TAIL_ENTITY_ID_FIELD = tail_id
RELATION_ID_FIELD = relation_id
ENTITY_ID_FIELD = entity_id

Other Hyper Parameters: 
neg_sampling = None
multi_gpus = False
repeatable = True
n_layers = 3
n_heads = 8
hidden_size = 256
attribute_hidden_size = [128, 64]
inner_size = 256
hidden_dropout_prob = 0.5
attn_dropout_prob = 0.3
hidden_act = gelu
layer_norm_eps = 1e-12
initializer_range = 0.02
selected_features = ['ent_emb', 'categories']
pooling_mode = sum
loss_type = CE
weight_sharing = not
fusion_type = gate
lamdas = [5, 5]
attribute_predictor = ['cos_sim', 'linear']
MODEL_TYPE = ModelType.SEQUENTIAL
feature_type = ['static', 'categorical']
annealing = False
MODEL_INPUT_TYPE = InputType.POINTWISE
eval_type = EvaluatorType.RANKING
device = cuda
train_neg_sample_args = {'strategy': 'none'}
eval_neg_sample_args = {'strategy': 'full', 'distribution': 'uniform'}


Tue 14 Oct 2025 18:10:22 INFO  Amazon_Sports_and_Outdoors
The number of users: 35599
Average actions of users: 8.324540704533963
The number of items: 18358
Average actions of items: 16.142997221768262
The number of inters: 296337
The sparsity of the dataset: 99.95465569853714%
Remain Fields: ['user_id', 'item_id', 'rating', 'timestamp', 'title', 'price', 'brand', 'categories', 'sales_type', 'sales_rank', 'ent_id', 'ent_emb']
Tue 14 Oct 2025 18:10:25 INFO  [Training]: train_batch_size = [1024] negative sampling: [None]
Tue 14 Oct 2025 18:10:25 INFO  [Evaluation]: eval_batch_size = [256] eval_args: [{'split': {'LS': 'valid_and_test'}, 'group_by': 'user', 'order': 'TO', 'mode': 'full'}]
Tue 14 Oct 2025 18:10:25 INFO  SASRecD(
  (item_embedding): Embedding(18358, 256, padding_idx=0)
  (position_embedding): Embedding(50, 256)
  (feature_embed_layer_list): ModuleList(
    (0): Embedding(18358, 128)
    (1): FeatureSeqEmbLayer()
  )
  (trm_encoder): DIFTransformerEncoder(
    (layer): ModuleList(
      (0-2): 3 x DIFTransformerLayer(
        (multi_head_attention): DIFMultiHeadAttention(
          (query): Linear(in_features=256, out_features=256, bias=True)
          (key): Linear(in_features=256, out_features=256, bias=True)
          (value): Linear(in_features=256, out_features=256, bias=True)
          (query_p): Linear(in_features=256, out_features=256, bias=True)
          (key_p): Linear(in_features=256, out_features=256, bias=True)
          (query_layers): ModuleList(
            (0): Linear(in_features=128, out_features=128, bias=True)
            (1): Linear(in_features=64, out_features=64, bias=True)
          )
          (key_layers): ModuleList(
            (0): Linear(in_features=128, out_features=128, bias=True)
            (1): Linear(in_features=64, out_features=64, bias=True)
          )
          (fusion_layer): VanillaAttention(
            (projection): Sequential(
              (0): Linear(in_features=50, out_features=50, bias=True)
              (1): ReLU(inplace=True)
              (2): Linear(in_features=50, out_features=1, bias=True)
            )
          )
          (attn_dropout): Dropout(p=0.3, inplace=False)
          (dense): Linear(in_features=256, out_features=256, bias=True)
          (LayerNorm): LayerNorm((256,), eps=1e-12, elementwise_affine=True)
          (out_dropout): Dropout(p=0.5, inplace=False)
        )
        (feed_forward): FeedForward(
          (dense_1): Linear(in_features=256, out_features=256, bias=True)
          (dense_2): Linear(in_features=256, out_features=256, bias=True)
          (LayerNorm): LayerNorm((256,), eps=1e-12, elementwise_affine=True)
          (dropout): Dropout(p=0.5, inplace=False)
        )
      )
    )
  )
  (ap): ModuleList(
    (0): Linear(in_features=256, out_features=128, bias=True)
    (1): Linear(in_features=256, out_features=1876, bias=True)
  )
  (LayerNorm): LayerNorm((256,), eps=1e-12, elementwise_affine=True)
  (dropout): Dropout(p=0.5, inplace=False)
  (loss_fct): CrossEntropyLoss()
  (attribute_loss_fct): BCEWithLogitsLoss()
)
Trainable parameters: 6941903
Tue 14 Oct 2025 18:11:02 INFO  epoch 0 training [time: 36.03s, train loss: 2057.0565]
Tue 14 Oct 2025 18:11:37 INFO  epoch 1 training [time: 35.14s, train loss: 1827.6779]
Tue 14 Oct 2025 18:11:40 INFO  epoch 1 evaluating [time: 2.50s, valid_score: 0.012600]
Tue 14 Oct 2025 18:11:40 INFO  valid result: 
recall@3 : 0.006    recall@5 : 0.0082    recall@10 : 0.0126    recall@20 : 0.0238    ndcg@3 : 0.0044    ndcg@5 : 0.0053    ndcg@10 : 0.0067    ndcg@20 : 0.0095    
Tue 14 Oct 2025 18:11:41 INFO  Saving current best: saved/SASRecD-Oct-14-2025_18-10-25.pth
Tue 14 Oct 2025 18:12:16 INFO  epoch 2 training [time: 35.20s, train loss: 1812.6606]
Tue 14 Oct 2025 18:12:51 INFO  epoch 3 training [time: 35.04s, train loss: 1806.1653]
Tue 14 Oct 2025 18:12:53 INFO  epoch 3 evaluating [time: 2.42s, valid_score: 0.012400]
Tue 14 Oct 2025 18:12:53 INFO  valid result: 
recall@3 : 0.0059    recall@5 : 0.0079    recall@10 : 0.0124    recall@20 : 0.0227    ndcg@3 : 0.0043    ndcg@5 : 0.0052    ndcg@10 : 0.0066    ndcg@20 : 0.0092    
Tue 14 Oct 2025 18:13:29 INFO  epoch 4 training [time: 35.86s, train loss: 1799.0835]
Tue 14 Oct 2025 18:14:04 INFO  epoch 5 training [time: 34.25s, train loss: 1789.8433]
Tue 14 Oct 2025 18:14:06 INFO  epoch 5 evaluating [time: 2.41s, valid_score: 0.013000]
Tue 14 Oct 2025 18:14:06 INFO  valid result: 
recall@3 : 0.0056    recall@5 : 0.0081    recall@10 : 0.013    recall@20 : 0.0236    ndcg@3 : 0.0041    ndcg@5 : 0.0051    ndcg@10 : 0.0066    ndcg@20 : 0.0093    
Tue 14 Oct 2025 18:14:07 INFO  Saving current best: saved/SASRecD-Oct-14-2025_18-10-25.pth
Tue 14 Oct 2025 18:14:42 INFO  epoch 6 training [time: 35.11s, train loss: 1772.4301]
Tue 14 Oct 2025 18:15:17 INFO  epoch 7 training [time: 35.10s, train loss: 1742.6128]
Tue 14 Oct 2025 18:15:20 INFO  epoch 7 evaluating [time: 2.45s, valid_score: 0.020100]
Tue 14 Oct 2025 18:15:20 INFO  valid result: 
recall@3 : 0.0079    recall@5 : 0.0119    recall@10 : 0.0201    recall@20 : 0.0349    ndcg@3 : 0.0056    ndcg@5 : 0.0073    ndcg@10 : 0.0099    ndcg@20 : 0.0136    
Tue 14 Oct 2025 18:15:21 INFO  Saving current best: saved/SASRecD-Oct-14-2025_18-10-25.pth
Tue 14 Oct 2025 18:15:56 INFO  epoch 8 training [time: 35.11s, train loss: 1715.6309]
Tue 14 Oct 2025 18:16:31 INFO  epoch 9 training [time: 35.21s, train loss: 1692.2641]
Tue 14 Oct 2025 18:16:33 INFO  epoch 9 evaluating [time: 2.41s, valid_score: 0.025600]
Tue 14 Oct 2025 18:16:33 INFO  valid result: 
recall@3 : 0.0098    recall@5 : 0.0149    recall@10 : 0.0256    recall@20 : 0.0433    ndcg@3 : 0.0067    ndcg@5 : 0.0088    ndcg@10 : 0.0122    ndcg@20 : 0.0167    
Tue 14 Oct 2025 18:16:34 INFO  Saving current best: saved/SASRecD-Oct-14-2025_18-10-25.pth
Tue 14 Oct 2025 18:17:09 INFO  epoch 10 training [time: 34.30s, train loss: 1669.5891]
Tue 14 Oct 2025 18:17:44 INFO  epoch 11 training [time: 35.22s, train loss: 1646.8149]
Tue 14 Oct 2025 18:17:46 INFO  epoch 11 evaluating [time: 2.41s, valid_score: 0.032600]
Tue 14 Oct 2025 18:17:46 INFO  valid result: 
recall@3 : 0.0123    recall@5 : 0.0193    recall@10 : 0.0326    recall@20 : 0.0547    ndcg@3 : 0.0082    ndcg@5 : 0.011    ndcg@10 : 0.0153    ndcg@20 : 0.0208    
Tue 14 Oct 2025 18:17:48 INFO  Saving current best: saved/SASRecD-Oct-14-2025_18-10-25.pth
Tue 14 Oct 2025 18:18:23 INFO  epoch 12 training [time: 35.14s, train loss: 1624.7575]
Tue 14 Oct 2025 18:18:58 INFO  epoch 13 training [time: 35.15s, train loss: 1603.6561]
Tue 14 Oct 2025 18:19:00 INFO  epoch 13 evaluating [time: 2.39s, valid_score: 0.039900]
Tue 14 Oct 2025 18:19:00 INFO  valid result: 
recall@3 : 0.0164    recall@5 : 0.0246    recall@10 : 0.0399    recall@20 : 0.062    ndcg@3 : 0.0106    ndcg@5 : 0.0139    ndcg@10 : 0.0188    ndcg@20 : 0.0244    
Tue 14 Oct 2025 18:19:01 INFO  Saving current best: saved/SASRecD-Oct-14-2025_18-10-25.pth
Tue 14 Oct 2025 18:19:36 INFO  epoch 14 training [time: 35.19s, train loss: 1583.8922]
Tue 14 Oct 2025 18:20:12 INFO  epoch 15 training [time: 35.10s, train loss: 1564.8183]
Tue 14 Oct 2025 18:20:14 INFO  epoch 15 evaluating [time: 2.41s, valid_score: 0.046000]
Tue 14 Oct 2025 18:20:14 INFO  valid result: 
recall@3 : 0.019    recall@5 : 0.0291    recall@10 : 0.046    recall@20 : 0.0691    ndcg@3 : 0.0122    ndcg@5 : 0.0163    ndcg@10 : 0.0218    ndcg@20 : 0.0276    
Tue 14 Oct 2025 18:20:15 INFO  Saving current best: saved/SASRecD-Oct-14-2025_18-10-25.pth
Tue 14 Oct 2025 18:20:49 INFO  epoch 16 training [time: 34.31s, train loss: 1546.4332]
Tue 14 Oct 2025 18:21:24 INFO  epoch 17 training [time: 35.19s, train loss: 1529.0020]
Tue 14 Oct 2025 18:21:27 INFO  epoch 17 evaluating [time: 2.39s, valid_score: 0.050300]
Tue 14 Oct 2025 18:21:27 INFO  valid result: 
recall@3 : 0.0213    recall@5 : 0.0321    recall@10 : 0.0503    recall@20 : 0.0747    ndcg@3 : 0.0133    ndcg@5 : 0.0177    ndcg@10 : 0.0236    ndcg@20 : 0.0297    
Tue 14 Oct 2025 18:21:28 INFO  Saving current best: saved/SASRecD-Oct-14-2025_18-10-25.pth
Tue 14 Oct 2025 18:22:03 INFO  epoch 18 training [time: 35.16s, train loss: 1512.1227]
Tue 14 Oct 2025 18:22:38 INFO  epoch 19 training [time: 35.13s, train loss: 1495.7464]
Tue 14 Oct 2025 18:22:41 INFO  epoch 19 evaluating [time: 2.40s, valid_score: 0.053700]
Tue 14 Oct 2025 18:22:41 INFO  valid result: 
recall@3 : 0.0224    recall@5 : 0.0345    recall@10 : 0.0537    recall@20 : 0.0801    ndcg@3 : 0.0139    ndcg@5 : 0.0188    ndcg@10 : 0.025    ndcg@20 : 0.0317    
Tue 14 Oct 2025 18:22:42 INFO  Saving current best: saved/SASRecD-Oct-14-2025_18-10-25.pth
Tue 14 Oct 2025 18:23:17 INFO  epoch 20 training [time: 35.09s, train loss: 1480.3879]
Tue 14 Oct 2025 18:23:52 INFO  epoch 21 training [time: 35.07s, train loss: 1465.0694]
Tue 14 Oct 2025 18:23:54 INFO  epoch 21 evaluating [time: 2.38s, valid_score: 0.056700]
Tue 14 Oct 2025 18:23:54 INFO  valid result: 
recall@3 : 0.0238    recall@5 : 0.0364    recall@10 : 0.0567    recall@20 : 0.0837    ndcg@3 : 0.0147    ndcg@5 : 0.0199    ndcg@10 : 0.0264    ndcg@20 : 0.0332    
Tue 14 Oct 2025 18:23:55 INFO  Saving current best: saved/SASRecD-Oct-14-2025_18-10-25.pth
Tue 14 Oct 2025 18:24:29 INFO  epoch 22 training [time: 34.10s, train loss: 1451.0677]
Tue 14 Oct 2025 18:25:04 INFO  epoch 23 training [time: 35.19s, train loss: 1437.0650]
Tue 14 Oct 2025 18:25:07 INFO  epoch 23 evaluating [time: 2.44s, valid_score: 0.058800]
Tue 14 Oct 2025 18:25:07 INFO  valid result: 
recall@3 : 0.0257    recall@5 : 0.0386    recall@10 : 0.0588    recall@20 : 0.0862    ndcg@3 : 0.0156    ndcg@5 : 0.0209    ndcg@10 : 0.0274    ndcg@20 : 0.0343    
Tue 14 Oct 2025 18:25:08 INFO  Saving current best: saved/SASRecD-Oct-14-2025_18-10-25.pth
Tue 14 Oct 2025 18:25:43 INFO  epoch 24 training [time: 35.11s, train loss: 1423.7221]
Tue 14 Oct 2025 18:26:18 INFO  epoch 25 training [time: 35.08s, train loss: 1410.8160]
Tue 14 Oct 2025 18:26:20 INFO  epoch 25 evaluating [time: 2.40s, valid_score: 0.060800]
Tue 14 Oct 2025 18:26:20 INFO  valid result: 
recall@3 : 0.0267    recall@5 : 0.0392    recall@10 : 0.0608    recall@20 : 0.0879    ndcg@3 : 0.0162    ndcg@5 : 0.0213    ndcg@10 : 0.0282    ndcg@20 : 0.0351    
Tue 14 Oct 2025 18:26:21 INFO  Saving current best: saved/SASRecD-Oct-14-2025_18-10-25.pth
Tue 14 Oct 2025 18:26:57 INFO  epoch 26 training [time: 35.22s, train loss: 1398.1323]
Tue 14 Oct 2025 18:27:32 INFO  epoch 27 training [time: 35.13s, train loss: 1385.6589]
Tue 14 Oct 2025 18:27:34 INFO  epoch 27 evaluating [time: 2.43s, valid_score: 0.062100]
Tue 14 Oct 2025 18:27:34 INFO  valid result: 
recall@3 : 0.0269    recall@5 : 0.0398    recall@10 : 0.0621    recall@20 : 0.0892    ndcg@3 : 0.0162    ndcg@5 : 0.0215    ndcg@10 : 0.0287    ndcg@20 : 0.0355    
Tue 14 Oct 2025 18:27:34 INFO  Saving current best: saved/SASRecD-Oct-14-2025_18-10-25.pth
Tue 14 Oct 2025 18:28:11 INFO  epoch 28 training [time: 36.33s, train loss: 1374.5572]
Tue 14 Oct 2025 18:28:48 INFO  epoch 29 training [time: 37.45s, train loss: 1362.9096]
Tue 14 Oct 2025 18:28:50 INFO  epoch 29 evaluating [time: 2.29s, valid_score: 0.063300]
Tue 14 Oct 2025 18:28:50 INFO  valid result: 
recall@3 : 0.0272    recall@5 : 0.0402    recall@10 : 0.0633    recall@20 : 0.0911    ndcg@3 : 0.0164    ndcg@5 : 0.0217    ndcg@10 : 0.0291    ndcg@20 : 0.0361    
Tue 14 Oct 2025 18:28:51 INFO  Saving current best: saved/SASRecD-Oct-14-2025_18-10-25.pth
Tue 14 Oct 2025 18:29:32 INFO  epoch 30 training [time: 40.92s, train loss: 1351.3364]
Tue 14 Oct 2025 18:30:46 INFO  epoch 31 training [time: 74.01s, train loss: 1340.7538]
Tue 14 Oct 2025 18:30:49 INFO  epoch 31 evaluating [time: 2.85s, valid_score: 0.064100]
Tue 14 Oct 2025 18:30:49 INFO  valid result: 
recall@3 : 0.0274    recall@5 : 0.0407    recall@10 : 0.0641    recall@20 : 0.0929    ndcg@3 : 0.0164    ndcg@5 : 0.0219    ndcg@10 : 0.0295    ndcg@20 : 0.0367    
Tue 14 Oct 2025 18:30:50 INFO  Saving current best: saved/SASRecD-Oct-14-2025_18-10-25.pth
Tue 14 Oct 2025 18:33:43 INFO  epoch 32 training [time: 172.89s, train loss: 1329.2857]
Tue 14 Oct 2025 18:37:10 INFO  epoch 33 training [time: 206.80s, train loss: 1318.7437]
Tue 14 Oct 2025 18:37:25 INFO  epoch 33 evaluating [time: 15.08s, valid_score: 0.064000]
Tue 14 Oct 2025 18:37:25 INFO  valid result: 
recall@3 : 0.028    recall@5 : 0.0414    recall@10 : 0.064    recall@20 : 0.0934    ndcg@3 : 0.0168    ndcg@5 : 0.0223    ndcg@10 : 0.0296    ndcg@20 : 0.037    
Tue 14 Oct 2025 18:41:32 INFO  epoch 34 training [time: 247.12s, train loss: 1308.5307]
Tue 14 Oct 2025 18:47:31 INFO  epoch 35 training [time: 359.24s, train loss: 1298.0235]
Tue 14 Oct 2025 18:48:07 INFO  epoch 35 evaluating [time: 36.10s, valid_score: 0.065500]
Tue 14 Oct 2025 18:48:07 INFO  valid result: 
recall@3 : 0.0281    recall@5 : 0.0417    recall@10 : 0.0655    recall@20 : 0.0948    ndcg@3 : 0.017    ndcg@5 : 0.0225    ndcg@10 : 0.0302    ndcg@20 : 0.0376    
Tue 14 Oct 2025 18:48:09 INFO  Saving current best: saved/SASRecD-Oct-14-2025_18-10-25.pth
Tue 14 Oct 2025 18:51:17 INFO  epoch 36 training [time: 187.78s, train loss: 1287.7413]
Tue 14 Oct 2025 18:52:06 INFO  epoch 37 training [time: 49.85s, train loss: 1277.9700]
Tue 14 Oct 2025 18:52:09 INFO  epoch 37 evaluating [time: 2.37s, valid_score: 0.065500]
Tue 14 Oct 2025 18:52:09 INFO  valid result: 
recall@3 : 0.0283    recall@5 : 0.0427    recall@10 : 0.0655    recall@20 : 0.0955    ndcg@3 : 0.0171    ndcg@5 : 0.0229    ndcg@10 : 0.0303    ndcg@20 : 0.0378    
Tue 14 Oct 2025 18:52:45 INFO  epoch 38 training [time: 35.83s, train loss: 1267.5260]
Tue 14 Oct 2025 18:53:20 INFO  epoch 39 training [time: 34.98s, train loss: 1257.2937]
Tue 14 Oct 2025 18:53:22 INFO  epoch 39 evaluating [time: 2.27s, valid_score: 0.065400]
Tue 14 Oct 2025 18:53:22 INFO  valid result: 
recall@3 : 0.0284    recall@5 : 0.0423    recall@10 : 0.0654    recall@20 : 0.0953    ndcg@3 : 0.0172    ndcg@5 : 0.0228    ndcg@10 : 0.0303    ndcg@20 : 0.0379    
Tue 14 Oct 2025 18:53:57 INFO  epoch 40 training [time: 35.01s, train loss: 1247.5720]
Tue 14 Oct 2025 18:54:32 INFO  epoch 41 training [time: 34.99s, train loss: 1237.3842]
Tue 14 Oct 2025 18:54:34 INFO  epoch 41 evaluating [time: 2.27s, valid_score: 0.066200]
Tue 14 Oct 2025 18:54:34 INFO  valid result: 
recall@3 : 0.0287    recall@5 : 0.0426    recall@10 : 0.0662    recall@20 : 0.0966    ndcg@3 : 0.0172    ndcg@5 : 0.023    ndcg@10 : 0.0306    ndcg@20 : 0.0382    
Tue 14 Oct 2025 18:54:35 INFO  Saving current best: saved/SASRecD-Oct-14-2025_18-10-25.pth
Tue 14 Oct 2025 18:55:10 INFO  epoch 42 training [time: 34.90s, train loss: 1227.5690]
Tue 14 Oct 2025 18:55:44 INFO  epoch 43 training [time: 33.98s, train loss: 1217.6731]
Tue 14 Oct 2025 18:55:46 INFO  epoch 43 evaluating [time: 2.30s, valid_score: 0.066500]
Tue 14 Oct 2025 18:55:46 INFO  valid result: 
recall@3 : 0.0289    recall@5 : 0.0428    recall@10 : 0.0665    recall@20 : 0.0967    ndcg@3 : 0.0174    ndcg@5 : 0.0231    ndcg@10 : 0.0307    ndcg@20 : 0.0383    
Tue 14 Oct 2025 18:55:47 INFO  Saving current best: saved/SASRecD-Oct-14-2025_18-10-25.pth
Tue 14 Oct 2025 18:56:22 INFO  epoch 44 training [time: 34.95s, train loss: 1207.7155]
Tue 14 Oct 2025 18:56:57 INFO  epoch 45 training [time: 34.92s, train loss: 1198.4381]
Tue 14 Oct 2025 18:57:00 INFO  epoch 45 evaluating [time: 2.28s, valid_score: 0.067000]
Tue 14 Oct 2025 18:57:00 INFO  valid result: 
recall@3 : 0.0288    recall@5 : 0.043    recall@10 : 0.067    recall@20 : 0.0973    ndcg@3 : 0.0175    ndcg@5 : 0.0233    ndcg@10 : 0.0311    ndcg@20 : 0.0387    
Tue 14 Oct 2025 18:57:01 INFO  Saving current best: saved/SASRecD-Oct-14-2025_18-10-25.pth
Tue 14 Oct 2025 18:57:36 INFO  epoch 46 training [time: 34.95s, train loss: 1187.9251]
Tue 14 Oct 2025 18:58:11 INFO  epoch 47 training [time: 35.06s, train loss: 1177.9636]
Tue 14 Oct 2025 18:58:13 INFO  epoch 47 evaluating [time: 2.27s, valid_score: 0.066900]
Tue 14 Oct 2025 18:58:13 INFO  valid result: 
recall@3 : 0.029    recall@5 : 0.0432    recall@10 : 0.0669    recall@20 : 0.0973    ndcg@3 : 0.0175    ndcg@5 : 0.0233    ndcg@10 : 0.0309    ndcg@20 : 0.0386    
Tue 14 Oct 2025 18:58:48 INFO  epoch 48 training [time: 35.00s, train loss: 1168.1342]
Tue 14 Oct 2025 18:59:22 INFO  epoch 49 training [time: 33.84s, train loss: 1158.2153]
Tue 14 Oct 2025 18:59:24 INFO  epoch 49 evaluating [time: 2.25s, valid_score: 0.066400]
Tue 14 Oct 2025 18:59:24 INFO  valid result: 
recall@3 : 0.0292    recall@5 : 0.0431    recall@10 : 0.0664    recall@20 : 0.0978    ndcg@3 : 0.0176    ndcg@5 : 0.0233    ndcg@10 : 0.0308    ndcg@20 : 0.0387    
Tue 14 Oct 2025 18:59:59 INFO  epoch 50 training [time: 35.07s, train loss: 1148.4628]
Tue 14 Oct 2025 19:00:34 INFO  epoch 51 training [time: 35.22s, train loss: 1138.5837]
Tue 14 Oct 2025 19:00:37 INFO  epoch 51 evaluating [time: 2.49s, valid_score: 0.066700]
Tue 14 Oct 2025 19:00:37 INFO  valid result: 
recall@3 : 0.029    recall@5 : 0.0435    recall@10 : 0.0667    recall@20 : 0.0976    ndcg@3 : 0.0175    ndcg@5 : 0.0235    ndcg@10 : 0.031    ndcg@20 : 0.0387    
Tue 14 Oct 2025 19:01:14 INFO  epoch 52 training [time: 37.17s, train loss: 1127.7551]
Tue 14 Oct 2025 19:01:50 INFO  epoch 53 training [time: 36.27s, train loss: 1118.1064]
Tue 14 Oct 2025 19:01:52 INFO  epoch 53 evaluating [time: 2.29s, valid_score: 0.067600]
Tue 14 Oct 2025 19:01:52 INFO  valid result: 
recall@3 : 0.0296    recall@5 : 0.0441    recall@10 : 0.0676    recall@20 : 0.0974    ndcg@3 : 0.0178    ndcg@5 : 0.0237    ndcg@10 : 0.0313    ndcg@20 : 0.0387    
Tue 14 Oct 2025 19:01:53 INFO  Saving current best: saved/SASRecD-Oct-14-2025_18-10-25.pth
Tue 14 Oct 2025 19:02:28 INFO  epoch 54 training [time: 35.02s, train loss: 1107.8123]
Tue 14 Oct 2025 19:03:05 INFO  epoch 55 training [time: 36.41s, train loss: 1097.1197]
Tue 14 Oct 2025 19:03:07 INFO  epoch 55 evaluating [time: 2.55s, valid_score: 0.067900]
Tue 14 Oct 2025 19:03:07 INFO  valid result: 
recall@3 : 0.0293    recall@5 : 0.0435    recall@10 : 0.0679    recall@20 : 0.0982    ndcg@3 : 0.0179    ndcg@5 : 0.0237    ndcg@10 : 0.0316    ndcg@20 : 0.0392    
Tue 14 Oct 2025 19:03:09 INFO  Saving current best: saved/SASRecD-Oct-14-2025_18-10-25.pth
Tue 14 Oct 2025 19:03:45 INFO  epoch 56 training [time: 36.11s, train loss: 1086.4560]
Tue 14 Oct 2025 19:04:22 INFO  epoch 57 training [time: 37.16s, train loss: 1076.3504]
Tue 14 Oct 2025 19:04:24 INFO  epoch 57 evaluating [time: 2.61s, valid_score: 0.067300]
Tue 14 Oct 2025 19:04:24 INFO  valid result: 
recall@3 : 0.0294    recall@5 : 0.0436    recall@10 : 0.0673    recall@20 : 0.0981    ndcg@3 : 0.0178    ndcg@5 : 0.0237    ndcg@10 : 0.0313    ndcg@20 : 0.0391    
Tue 14 Oct 2025 19:05:02 INFO  epoch 58 training [time: 37.39s, train loss: 1065.6600]
Tue 14 Oct 2025 19:05:38 INFO  epoch 59 training [time: 36.35s, train loss: 1054.2807]
Tue 14 Oct 2025 19:05:41 INFO  epoch 59 evaluating [time: 2.47s, valid_score: 0.067200]
Tue 14 Oct 2025 19:05:41 INFO  valid result: 
recall@3 : 0.0292    recall@5 : 0.0437    recall@10 : 0.0672    recall@20 : 0.0973    ndcg@3 : 0.0178    ndcg@5 : 0.0237    ndcg@10 : 0.0312    ndcg@20 : 0.0388    
Tue 14 Oct 2025 19:06:18 INFO  epoch 60 training [time: 36.92s, train loss: 1044.4469]
Tue 14 Oct 2025 19:06:55 INFO  epoch 61 training [time: 37.12s, train loss: 1033.1489]
Tue 14 Oct 2025 19:06:57 INFO  epoch 61 evaluating [time: 2.47s, valid_score: 0.066700]
Tue 14 Oct 2025 19:06:57 INFO  valid result: 
recall@3 : 0.029    recall@5 : 0.0432    recall@10 : 0.0667    recall@20 : 0.0976    ndcg@3 : 0.0176    ndcg@5 : 0.0235    ndcg@10 : 0.031    ndcg@20 : 0.0387    
Tue 14 Oct 2025 19:07:34 INFO  epoch 62 training [time: 36.98s, train loss: 1022.0891]
Tue 14 Oct 2025 19:08:10 INFO  epoch 63 training [time: 36.23s, train loss: 1011.1897]
Tue 14 Oct 2025 19:08:13 INFO  epoch 63 evaluating [time: 2.49s, valid_score: 0.067200]
Tue 14 Oct 2025 19:08:13 INFO  valid result: 
recall@3 : 0.0293    recall@5 : 0.0441    recall@10 : 0.0672    recall@20 : 0.0979    ndcg@3 : 0.018    ndcg@5 : 0.024    ndcg@10 : 0.0314    ndcg@20 : 0.0391    
Tue 14 Oct 2025 19:08:49 INFO  epoch 64 training [time: 36.05s, train loss: 1000.3326]
Tue 14 Oct 2025 19:09:24 INFO  epoch 65 training [time: 35.59s, train loss: 988.9478]
Tue 14 Oct 2025 19:09:27 INFO  epoch 65 evaluating [time: 2.26s, valid_score: 0.067100]
Tue 14 Oct 2025 19:09:27 INFO  valid result: 
recall@3 : 0.0295    recall@5 : 0.0435    recall@10 : 0.0671    recall@20 : 0.0978    ndcg@3 : 0.0182    ndcg@5 : 0.0239    ndcg@10 : 0.0315    ndcg@20 : 0.0392    
Tue 14 Oct 2025 19:10:02 INFO  epoch 66 training [time: 35.40s, train loss: 978.1436]
Tue 14 Oct 2025 19:10:37 INFO  epoch 67 training [time: 35.24s, train loss: 967.4375]
Tue 14 Oct 2025 19:10:40 INFO  epoch 67 evaluating [time: 2.29s, valid_score: 0.066300]
Tue 14 Oct 2025 19:10:40 INFO  valid result: 
recall@3 : 0.0283    recall@5 : 0.0436    recall@10 : 0.0663    recall@20 : 0.0972    ndcg@3 : 0.0176    ndcg@5 : 0.0238    ndcg@10 : 0.0311    ndcg@20 : 0.0389    
Tue 14 Oct 2025 19:11:15 INFO  epoch 68 training [time: 35.52s, train loss: 954.4941]
Tue 14 Oct 2025 19:11:50 INFO  epoch 69 training [time: 34.85s, train loss: 943.7438]
Tue 14 Oct 2025 19:11:52 INFO  epoch 69 evaluating [time: 2.45s, valid_score: 0.067000]
Tue 14 Oct 2025 19:11:52 INFO  valid result: 
recall@3 : 0.0287    recall@5 : 0.044    recall@10 : 0.067    recall@20 : 0.0982    ndcg@3 : 0.0178    ndcg@5 : 0.0241    ndcg@10 : 0.0315    ndcg@20 : 0.0393    
Tue 14 Oct 2025 19:12:28 INFO  epoch 70 training [time: 35.39s, train loss: 931.6071]
Tue 14 Oct 2025 19:13:03 INFO  epoch 71 training [time: 35.13s, train loss: 920.5624]
Tue 14 Oct 2025 19:13:05 INFO  epoch 71 evaluating [time: 2.39s, valid_score: 0.066400]
Tue 14 Oct 2025 19:13:05 INFO  valid result: 
recall@3 : 0.0287    recall@5 : 0.0434    recall@10 : 0.0664    recall@20 : 0.0974    ndcg@3 : 0.0179    ndcg@5 : 0.0239    ndcg@10 : 0.0313    ndcg@20 : 0.0391    
Tue 14 Oct 2025 19:13:41 INFO  epoch 72 training [time: 35.53s, train loss: 908.3073]
Tue 14 Oct 2025 19:14:17 INFO  epoch 73 training [time: 36.40s, train loss: 896.3109]
Tue 14 Oct 2025 19:14:21 INFO  epoch 73 evaluating [time: 3.85s, valid_score: 0.067100]
Tue 14 Oct 2025 19:14:21 INFO  valid result: 
recall@3 : 0.0285    recall@5 : 0.0427    recall@10 : 0.0671    recall@20 : 0.0968    ndcg@3 : 0.0174    ndcg@5 : 0.0233    ndcg@10 : 0.0312    ndcg@20 : 0.0386    
Tue 14 Oct 2025 19:14:57 INFO  epoch 74 training [time: 35.91s, train loss: 884.2272]
Tue 14 Oct 2025 19:15:34 INFO  epoch 75 training [time: 37.07s, train loss: 871.8270]
Tue 14 Oct 2025 19:15:37 INFO  epoch 75 evaluating [time: 2.46s, valid_score: 0.066900]
Tue 14 Oct 2025 19:15:37 INFO  valid result: 
recall@3 : 0.0284    recall@5 : 0.043    recall@10 : 0.0669    recall@20 : 0.0969    ndcg@3 : 0.0175    ndcg@5 : 0.0235    ndcg@10 : 0.0312    ndcg@20 : 0.0387    
Tue 14 Oct 2025 19:16:14 INFO  epoch 76 training [time: 37.03s, train loss: 859.4120]
Tue 14 Oct 2025 19:16:51 INFO  epoch 77 training [time: 37.09s, train loss: 847.3479]
Tue 14 Oct 2025 19:16:53 INFO  epoch 77 evaluating [time: 2.48s, valid_score: 0.066200]
Tue 14 Oct 2025 19:16:53 INFO  valid result: 
recall@3 : 0.0284    recall@5 : 0.0434    recall@10 : 0.0662    recall@20 : 0.097    ndcg@3 : 0.0175    ndcg@5 : 0.0237    ndcg@10 : 0.031    ndcg@20 : 0.0388    
Tue 14 Oct 2025 19:16:53 INFO  Finished training, best eval result in epoch 55
Tue 14 Oct 2025 19:16:54 INFO  Loading model structure and parameters from saved/SASRecD-Oct-14-2025_18-10-25.pth
Tue 14 Oct 2025 19:16:56 INFO  best valid : {'recall@3': np.float64(0.0293), 'recall@5': np.float64(0.0435), 'recall@10': np.float64(0.0679), 'recall@20': np.float64(0.0982), 'ndcg@3': np.float64(0.0179), 'ndcg@5': np.float64(0.0237), 'ndcg@10': np.float64(0.0316), 'ndcg@20': np.float64(0.0392)}
Tue 14 Oct 2025 19:16:56 INFO  test result: {'recall@3': np.float64(0.0236), 'recall@5': np.float64(0.035), 'recall@10': np.float64(0.0551), 'recall@20': np.float64(0.0795), 'ndcg@3': np.float64(0.0143), 'ndcg@5': np.float64(0.019), 'ndcg@10': np.float64(0.0255), 'ndcg@20': np.float64(0.0316)}
