Wed 15 Oct 2025 15:08:29 INFO  
General Hyper Parameters:
gpu_id = 0
use_gpu = True
seed = 212
state = INFO
reproducibility = True
data_path = ./recbole/data/dataset/Amazon_Sports_and_Outdoors
show_progress = True
save_dataset = False
save_dataloaders = False
benchmark_filename = None

Training Hyper Parameters:
checkpoint_dir = saved
epochs = 200
train_batch_size = 1024
learner = adam
learning_rate = 0.0001
eval_step = 2
stopping_step = 10
clip_grad_norm = None
weight_decay = 0.0
loss_decimal_place = 4

Evaluation Hyper Parameters:
eval_args = {'split': {'LS': 'valid_and_test'}, 'group_by': 'user', 'order': 'TO', 'mode': 'full'}
metrics = ['Recall', 'NDCG']
topk = [3, 5, 10, 20]
valid_metric = Recall@10
valid_metric_bigger = True
eval_batch_size = 256
metric_decimal_place = 4

Dataset Hyper Parameters:
field_separator = 	
seq_separator =  
USER_ID_FIELD = user_id
ITEM_ID_FIELD = item_id
RATING_FIELD = rating
TIME_FIELD = timestamp
seq_len = None
LABEL_FIELD = label
threshold = None
NEG_PREFIX = neg_
load_col = {'inter': ['user_id', 'item_id', 'rating', 'timestamp'], 'item': ['item_id', 'title', 'sales_rank', 'price', 'brand', 'categories', 'sales_type'], 'title': ['ent_id', 'ent_emb'], 'image': ['img_id', 'img_emb']}
unload_col = None
unused_col = None
additional_feat_suffix = ['title', 'image']
rm_dup_inter = None
val_interval = None
filter_inter_by_user_or_item = True
user_inter_num_interval = [5,inf)
item_inter_num_interval = [5,inf)
alias_of_user_id = None
alias_of_item_id = ['ent_id', 'img_id']
alias_of_entity_id = None
alias_of_relation_id = None
preload_weight = {'ent_id': 'ent_emb', 'img_id': 'img_emb'}
normalize_field = None
normalize_all = None
ITEM_LIST_LENGTH_FIELD = item_length
LIST_SUFFIX = _list
MAX_ITEM_LIST_LENGTH = 50
POSITION_FIELD = position_id
HEAD_ENTITY_ID_FIELD = head_id
TAIL_ENTITY_ID_FIELD = tail_id
RELATION_ID_FIELD = relation_id
ENTITY_ID_FIELD = entity_id

Other Hyper Parameters: 
neg_sampling = None
multi_gpus = False
repeatable = True
n_layers = 3
n_heads = 8
hidden_size = 256
attribute_hidden_size = [128, 128]
inner_size = 256
hidden_dropout_prob = 0.5
attn_dropout_prob = 0.3
hidden_act = gelu
layer_norm_eps = 1e-12
initializer_range = 0.02
selected_features = ['ent_emb', 'img_emb']
pooling_mode = sum
loss_type = CE
weight_sharing = not
fusion_type = gate
lamdas = [5, 5]
attribute_predictor = ['cos_sim', 'cos_sim']
MODEL_TYPE = ModelType.SEQUENTIAL
feature_type = ['static', 'static']
annealing = False
MODEL_INPUT_TYPE = InputType.POINTWISE
eval_type = EvaluatorType.RANKING
device = cuda
train_neg_sample_args = {'strategy': 'none'}
eval_neg_sample_args = {'strategy': 'full', 'distribution': 'uniform'}


Wed 15 Oct 2025 15:08:30 INFO  Amazon_Sports_and_Outdoors
The number of users: 35599
Average actions of users: 8.324540704533963
The number of items: 18358
Average actions of items: 16.142997221768262
The number of inters: 296337
The sparsity of the dataset: 99.95465569853714%
Remain Fields: ['user_id', 'item_id', 'rating', 'timestamp', 'title', 'price', 'brand', 'categories', 'sales_type', 'sales_rank', 'ent_id', 'ent_emb', 'img_id', 'img_emb']
Wed 15 Oct 2025 15:08:33 INFO  [Training]: train_batch_size = [1024] negative sampling: [None]
Wed 15 Oct 2025 15:08:33 INFO  [Evaluation]: eval_batch_size = [256] eval_args: [{'split': {'LS': 'valid_and_test'}, 'group_by': 'user', 'order': 'TO', 'mode': 'full'}]
Wed 15 Oct 2025 15:08:33 INFO  SASRecD(
  (item_embedding): Embedding(18358, 256, padding_idx=0)
  (position_embedding): Embedding(50, 256)
  (feature_embed_layer_list): ModuleList(
    (0-1): 2 x Embedding(18358, 128)
  )
  (trm_encoder): DIFTransformerEncoder(
    (layer): ModuleList(
      (0-2): 3 x DIFTransformerLayer(
        (multi_head_attention): DIFMultiHeadAttention(
          (query): Linear(in_features=256, out_features=256, bias=True)
          (key): Linear(in_features=256, out_features=256, bias=True)
          (value): Linear(in_features=256, out_features=256, bias=True)
          (query_p): Linear(in_features=256, out_features=256, bias=True)
          (key_p): Linear(in_features=256, out_features=256, bias=True)
          (query_layers): ModuleList(
            (0-1): 2 x Linear(in_features=128, out_features=128, bias=True)
          )
          (key_layers): ModuleList(
            (0-1): 2 x Linear(in_features=128, out_features=128, bias=True)
          )
          (fusion_layer): VanillaAttention(
            (projection): Sequential(
              (0): Linear(in_features=50, out_features=50, bias=True)
              (1): ReLU(inplace=True)
              (2): Linear(in_features=50, out_features=1, bias=True)
            )
          )
          (attn_dropout): Dropout(p=0.3, inplace=False)
          (dense): Linear(in_features=256, out_features=256, bias=True)
          (LayerNorm): LayerNorm((256,), eps=1e-12, elementwise_affine=True)
          (out_dropout): Dropout(p=0.5, inplace=False)
        )
        (feed_forward): FeedForward(
          (dense_1): Linear(in_features=256, out_features=256, bias=True)
          (dense_2): Linear(in_features=256, out_features=256, bias=True)
          (LayerNorm): LayerNorm((256,), eps=1e-12, elementwise_affine=True)
          (dropout): Dropout(p=0.5, inplace=False)
        )
      )
    )
  )
  (ap): ModuleList(
    (0-1): 2 x Linear(in_features=256, out_features=128, bias=True)
  )
  (LayerNorm): LayerNorm((256,), eps=1e-12, elementwise_affine=True)
  (dropout): Dropout(p=0.5, inplace=False)
  (loss_fct): CrossEntropyLoss()
  (attribute_loss_fct): BCEWithLogitsLoss()
)
Trainable parameters: 6566779
Wed 15 Oct 2025 15:09:05 INFO  epoch 0 training [time: 31.09s, train loss: 2173.3064]
Wed 15 Oct 2025 15:09:35 INFO  epoch 1 training [time: 30.44s, train loss: 1999.3656]
Wed 15 Oct 2025 15:09:37 INFO  epoch 1 evaluating [time: 2.07s, valid_score: 0.012100]
Wed 15 Oct 2025 15:09:37 INFO  valid result: 
recall@3 : 0.006    recall@5 : 0.008    recall@10 : 0.0121    recall@20 : 0.0228    ndcg@3 : 0.0044    ndcg@5 : 0.0053    ndcg@10 : 0.0066    ndcg@20 : 0.0093    
Wed 15 Oct 2025 15:09:37 INFO  Saving current best: saved/SASRecD-Oct-15-2025_15-08-33.pth
Wed 15 Oct 2025 15:10:08 INFO  epoch 2 training [time: 30.55s, train loss: 1987.8513]
Wed 15 Oct 2025 15:10:38 INFO  epoch 3 training [time: 30.51s, train loss: 1982.7134]
Wed 15 Oct 2025 15:10:41 INFO  epoch 3 evaluating [time: 2.12s, valid_score: 0.012500]
Wed 15 Oct 2025 15:10:41 INFO  valid result: 
recall@3 : 0.0059    recall@5 : 0.0078    recall@10 : 0.0125    recall@20 : 0.0235    ndcg@3 : 0.0043    ndcg@5 : 0.0051    ndcg@10 : 0.0066    ndcg@20 : 0.0093    
Wed 15 Oct 2025 15:10:41 INFO  Saving current best: saved/SASRecD-Oct-15-2025_15-08-33.pth
Wed 15 Oct 2025 15:11:11 INFO  epoch 4 training [time: 30.73s, train loss: 1975.7579]
Wed 15 Oct 2025 15:11:42 INFO  epoch 5 training [time: 30.68s, train loss: 1965.4611]
Wed 15 Oct 2025 15:11:44 INFO  epoch 5 evaluating [time: 2.00s, valid_score: 0.013700]
Wed 15 Oct 2025 15:11:44 INFO  valid result: 
recall@3 : 0.0059    recall@5 : 0.0085    recall@10 : 0.0137    recall@20 : 0.0248    ndcg@3 : 0.0042    ndcg@5 : 0.0052    ndcg@10 : 0.0069    ndcg@20 : 0.0097    
Wed 15 Oct 2025 15:11:44 INFO  Saving current best: saved/SASRecD-Oct-15-2025_15-08-33.pth
Wed 15 Oct 2025 15:12:15 INFO  epoch 6 training [time: 30.63s, train loss: 1942.1564]
Wed 15 Oct 2025 15:12:45 INFO  epoch 7 training [time: 30.60s, train loss: 1909.7109]
Wed 15 Oct 2025 15:12:47 INFO  epoch 7 evaluating [time: 2.07s, valid_score: 0.021000]
Wed 15 Oct 2025 15:12:47 INFO  valid result: 
recall@3 : 0.0078    recall@5 : 0.0123    recall@10 : 0.021    recall@20 : 0.0381    ndcg@3 : 0.0055    ndcg@5 : 0.0074    ndcg@10 : 0.0101    ndcg@20 : 0.0145    
Wed 15 Oct 2025 15:12:48 INFO  Saving current best: saved/SASRecD-Oct-15-2025_15-08-33.pth
Wed 15 Oct 2025 15:13:18 INFO  epoch 8 training [time: 30.67s, train loss: 1882.8670]
Wed 15 Oct 2025 15:13:49 INFO  epoch 9 training [time: 30.72s, train loss: 1859.5069]
Wed 15 Oct 2025 15:13:51 INFO  epoch 9 evaluating [time: 2.08s, valid_score: 0.028000]
Wed 15 Oct 2025 15:13:51 INFO  valid result: 
recall@3 : 0.0094    recall@5 : 0.0152    recall@10 : 0.028    recall@20 : 0.0468    ndcg@3 : 0.0064    ndcg@5 : 0.0088    ndcg@10 : 0.0129    ndcg@20 : 0.0177    
Wed 15 Oct 2025 15:13:51 INFO  Saving current best: saved/SASRecD-Oct-15-2025_15-08-33.pth
Wed 15 Oct 2025 15:14:22 INFO  epoch 10 training [time: 30.70s, train loss: 1836.7370]
Wed 15 Oct 2025 15:14:52 INFO  epoch 11 training [time: 30.51s, train loss: 1815.3078]
Wed 15 Oct 2025 15:14:54 INFO  epoch 11 evaluating [time: 2.07s, valid_score: 0.034600]
Wed 15 Oct 2025 15:14:54 INFO  valid result: 
recall@3 : 0.014    recall@5 : 0.0205    recall@10 : 0.0346    recall@20 : 0.0558    ndcg@3 : 0.0092    ndcg@5 : 0.0118    ndcg@10 : 0.0163    ndcg@20 : 0.0217    
Wed 15 Oct 2025 15:14:54 INFO  Saving current best: saved/SASRecD-Oct-15-2025_15-08-33.pth
Wed 15 Oct 2025 15:15:25 INFO  epoch 12 training [time: 30.56s, train loss: 1794.6308]
Wed 15 Oct 2025 15:15:56 INFO  epoch 13 training [time: 30.62s, train loss: 1774.3391]
Wed 15 Oct 2025 15:15:58 INFO  epoch 13 evaluating [time: 2.11s, valid_score: 0.041600]
Wed 15 Oct 2025 15:15:58 INFO  valid result: 
recall@3 : 0.0174    recall@5 : 0.0254    recall@10 : 0.0416    recall@20 : 0.0651    ndcg@3 : 0.0111    ndcg@5 : 0.0144    ndcg@10 : 0.0196    ndcg@20 : 0.0255    
Wed 15 Oct 2025 15:15:58 INFO  Saving current best: saved/SASRecD-Oct-15-2025_15-08-33.pth
Wed 15 Oct 2025 15:16:29 INFO  epoch 14 training [time: 30.69s, train loss: 1755.4655]
Wed 15 Oct 2025 15:16:59 INFO  epoch 15 training [time: 30.60s, train loss: 1737.2985]
Wed 15 Oct 2025 15:17:01 INFO  epoch 15 evaluating [time: 2.10s, valid_score: 0.046100]
Wed 15 Oct 2025 15:17:01 INFO  valid result: 
recall@3 : 0.0201    recall@5 : 0.0295    recall@10 : 0.0461    recall@20 : 0.0715    ndcg@3 : 0.0128    ndcg@5 : 0.0166    ndcg@10 : 0.0219    ndcg@20 : 0.0283    
Wed 15 Oct 2025 15:17:01 INFO  Saving current best: saved/SASRecD-Oct-15-2025_15-08-33.pth
Wed 15 Oct 2025 15:17:32 INFO  epoch 16 training [time: 30.56s, train loss: 1719.6284]
Wed 15 Oct 2025 15:18:02 INFO  epoch 17 training [time: 30.55s, train loss: 1703.7006]
Wed 15 Oct 2025 15:18:05 INFO  epoch 17 evaluating [time: 2.05s, valid_score: 0.050600]
Wed 15 Oct 2025 15:18:05 INFO  valid result: 
recall@3 : 0.0223    recall@5 : 0.0321    recall@10 : 0.0506    recall@20 : 0.0762    ndcg@3 : 0.0139    ndcg@5 : 0.0179    ndcg@10 : 0.0239    ndcg@20 : 0.0303    
Wed 15 Oct 2025 15:18:05 INFO  Saving current best: saved/SASRecD-Oct-15-2025_15-08-33.pth
Wed 15 Oct 2025 15:18:35 INFO  epoch 18 training [time: 30.51s, train loss: 1688.4868]
Wed 15 Oct 2025 15:19:06 INFO  epoch 19 training [time: 30.54s, train loss: 1674.0472]
Wed 15 Oct 2025 15:19:08 INFO  epoch 19 evaluating [time: 2.08s, valid_score: 0.054200]
Wed 15 Oct 2025 15:19:08 INFO  valid result: 
recall@3 : 0.0235    recall@5 : 0.0346    recall@10 : 0.0542    recall@20 : 0.0803    ndcg@3 : 0.0145    ndcg@5 : 0.0191    ndcg@10 : 0.0254    ndcg@20 : 0.032    
Wed 15 Oct 2025 15:19:08 INFO  Saving current best: saved/SASRecD-Oct-15-2025_15-08-33.pth
Wed 15 Oct 2025 15:19:39 INFO  epoch 20 training [time: 30.72s, train loss: 1659.9191]
Wed 15 Oct 2025 15:20:09 INFO  epoch 21 training [time: 30.52s, train loss: 1646.5699]
Wed 15 Oct 2025 15:20:11 INFO  epoch 21 evaluating [time: 2.06s, valid_score: 0.056800]
Wed 15 Oct 2025 15:20:11 INFO  valid result: 
recall@3 : 0.0254    recall@5 : 0.0366    recall@10 : 0.0568    recall@20 : 0.0838    ndcg@3 : 0.0156    ndcg@5 : 0.0202    ndcg@10 : 0.0267    ndcg@20 : 0.0335    
Wed 15 Oct 2025 15:20:11 INFO  Saving current best: saved/SASRecD-Oct-15-2025_15-08-33.pth
Wed 15 Oct 2025 15:20:42 INFO  epoch 22 training [time: 30.69s, train loss: 1633.5521]
Wed 15 Oct 2025 15:21:13 INFO  epoch 23 training [time: 30.59s, train loss: 1621.5369]
Wed 15 Oct 2025 15:21:15 INFO  epoch 23 evaluating [time: 2.05s, valid_score: 0.059400]
Wed 15 Oct 2025 15:21:15 INFO  valid result: 
recall@3 : 0.0262    recall@5 : 0.0385    recall@10 : 0.0594    recall@20 : 0.0857    ndcg@3 : 0.0159    ndcg@5 : 0.021    ndcg@10 : 0.0277    ndcg@20 : 0.0343    
Wed 15 Oct 2025 15:21:15 INFO  Saving current best: saved/SASRecD-Oct-15-2025_15-08-33.pth
Wed 15 Oct 2025 15:21:45 INFO  epoch 24 training [time: 30.58s, train loss: 1609.2969]
Wed 15 Oct 2025 15:22:16 INFO  epoch 25 training [time: 30.56s, train loss: 1598.5737]
Wed 15 Oct 2025 15:22:18 INFO  epoch 25 evaluating [time: 2.06s, valid_score: 0.060600]
Wed 15 Oct 2025 15:22:18 INFO  valid result: 
recall@3 : 0.0268    recall@5 : 0.0404    recall@10 : 0.0606    recall@20 : 0.0887    ndcg@3 : 0.0163    ndcg@5 : 0.0219    ndcg@10 : 0.0283    ndcg@20 : 0.0354    
Wed 15 Oct 2025 15:22:18 INFO  Saving current best: saved/SASRecD-Oct-15-2025_15-08-33.pth
Wed 15 Oct 2025 15:22:49 INFO  epoch 26 training [time: 30.57s, train loss: 1588.0214]
Wed 15 Oct 2025 15:23:19 INFO  epoch 27 training [time: 30.58s, train loss: 1578.2308]
Wed 15 Oct 2025 15:23:21 INFO  epoch 27 evaluating [time: 2.04s, valid_score: 0.061300]
Wed 15 Oct 2025 15:23:21 INFO  valid result: 
recall@3 : 0.0271    recall@5 : 0.0408    recall@10 : 0.0613    recall@20 : 0.0895    ndcg@3 : 0.0163    ndcg@5 : 0.0219    ndcg@10 : 0.0285    ndcg@20 : 0.0357    
Wed 15 Oct 2025 15:23:21 INFO  Saving current best: saved/SASRecD-Oct-15-2025_15-08-33.pth
Wed 15 Oct 2025 15:23:52 INFO  epoch 28 training [time: 30.76s, train loss: 1568.0168]
Wed 15 Oct 2025 15:24:23 INFO  epoch 29 training [time: 30.55s, train loss: 1559.2577]
Wed 15 Oct 2025 15:24:25 INFO  epoch 29 evaluating [time: 2.04s, valid_score: 0.062800]
Wed 15 Oct 2025 15:24:25 INFO  valid result: 
recall@3 : 0.0276    recall@5 : 0.0412    recall@10 : 0.0628    recall@20 : 0.0906    ndcg@3 : 0.0166    ndcg@5 : 0.0222    ndcg@10 : 0.0291    ndcg@20 : 0.0361    
Wed 15 Oct 2025 15:24:25 INFO  Saving current best: saved/SASRecD-Oct-15-2025_15-08-33.pth
Wed 15 Oct 2025 15:24:55 INFO  epoch 30 training [time: 30.44s, train loss: 1549.7361]
Wed 15 Oct 2025 15:25:26 INFO  epoch 31 training [time: 30.60s, train loss: 1541.5470]
Wed 15 Oct 2025 15:25:28 INFO  epoch 31 evaluating [time: 2.04s, valid_score: 0.063600]
Wed 15 Oct 2025 15:25:28 INFO  valid result: 
recall@3 : 0.0278    recall@5 : 0.0415    recall@10 : 0.0636    recall@20 : 0.0927    ndcg@3 : 0.0167    ndcg@5 : 0.0223    ndcg@10 : 0.0294    ndcg@20 : 0.0367    
Wed 15 Oct 2025 15:25:28 INFO  Saving current best: saved/SASRecD-Oct-15-2025_15-08-33.pth
Wed 15 Oct 2025 15:25:59 INFO  epoch 32 training [time: 30.71s, train loss: 1533.1103]
Wed 15 Oct 2025 15:26:29 INFO  epoch 33 training [time: 30.72s, train loss: 1525.1554]
Wed 15 Oct 2025 15:26:31 INFO  epoch 33 evaluating [time: 2.14s, valid_score: 0.063900]
Wed 15 Oct 2025 15:26:31 INFO  valid result: 
recall@3 : 0.0276    recall@5 : 0.0421    recall@10 : 0.0639    recall@20 : 0.0928    ndcg@3 : 0.0165    ndcg@5 : 0.0225    ndcg@10 : 0.0295    ndcg@20 : 0.0368    
Wed 15 Oct 2025 15:26:32 INFO  Saving current best: saved/SASRecD-Oct-15-2025_15-08-33.pth
Wed 15 Oct 2025 15:27:02 INFO  epoch 34 training [time: 30.54s, train loss: 1517.6782]
Wed 15 Oct 2025 15:27:33 INFO  epoch 35 training [time: 30.52s, train loss: 1510.6524]
Wed 15 Oct 2025 15:27:35 INFO  epoch 35 evaluating [time: 2.03s, valid_score: 0.064300]
Wed 15 Oct 2025 15:27:35 INFO  valid result: 
recall@3 : 0.0278    recall@5 : 0.0417    recall@10 : 0.0643    recall@20 : 0.0935    ndcg@3 : 0.0167    ndcg@5 : 0.0224    ndcg@10 : 0.0297    ndcg@20 : 0.0371    
Wed 15 Oct 2025 15:27:35 INFO  Saving current best: saved/SASRecD-Oct-15-2025_15-08-33.pth
Wed 15 Oct 2025 15:28:05 INFO  epoch 36 training [time: 30.44s, train loss: 1504.1179]
Wed 15 Oct 2025 15:28:36 INFO  epoch 37 training [time: 30.48s, train loss: 1497.5755]
Wed 15 Oct 2025 15:28:38 INFO  epoch 37 evaluating [time: 2.08s, valid_score: 0.065300]
Wed 15 Oct 2025 15:28:38 INFO  valid result: 
recall@3 : 0.0283    recall@5 : 0.0424    recall@10 : 0.0653    recall@20 : 0.0942    ndcg@3 : 0.0169    ndcg@5 : 0.0227    ndcg@10 : 0.0301    ndcg@20 : 0.0374    
Wed 15 Oct 2025 15:28:38 INFO  Saving current best: saved/SASRecD-Oct-15-2025_15-08-33.pth
Wed 15 Oct 2025 15:29:09 INFO  epoch 38 training [time: 30.70s, train loss: 1491.1207]
Wed 15 Oct 2025 15:29:39 INFO  epoch 39 training [time: 30.71s, train loss: 1484.5123]
Wed 15 Oct 2025 15:29:41 INFO  epoch 39 evaluating [time: 2.06s, valid_score: 0.065600]
Wed 15 Oct 2025 15:29:41 INFO  valid result: 
recall@3 : 0.029    recall@5 : 0.0425    recall@10 : 0.0656    recall@20 : 0.0945    ndcg@3 : 0.0174    ndcg@5 : 0.0229    ndcg@10 : 0.0303    ndcg@20 : 0.0376    
Wed 15 Oct 2025 15:29:41 INFO  Saving current best: saved/SASRecD-Oct-15-2025_15-08-33.pth
Wed 15 Oct 2025 15:30:12 INFO  epoch 40 training [time: 30.49s, train loss: 1478.4331]
Wed 15 Oct 2025 15:30:42 INFO  epoch 41 training [time: 30.44s, train loss: 1473.9546]
Wed 15 Oct 2025 15:30:44 INFO  epoch 41 evaluating [time: 2.05s, valid_score: 0.064800]
Wed 15 Oct 2025 15:30:44 INFO  valid result: 
recall@3 : 0.029    recall@5 : 0.0417    recall@10 : 0.0648    recall@20 : 0.095    ndcg@3 : 0.0173    ndcg@5 : 0.0226    ndcg@10 : 0.03    ndcg@20 : 0.0376    
Wed 15 Oct 2025 15:31:15 INFO  epoch 42 training [time: 30.64s, train loss: 1468.2685]
Wed 15 Oct 2025 15:31:46 INFO  epoch 43 training [time: 30.52s, train loss: 1462.4897]
Wed 15 Oct 2025 15:31:48 INFO  epoch 43 evaluating [time: 2.05s, valid_score: 0.065200]
Wed 15 Oct 2025 15:31:48 INFO  valid result: 
recall@3 : 0.0284    recall@5 : 0.0418    recall@10 : 0.0652    recall@20 : 0.0949    ndcg@3 : 0.0171    ndcg@5 : 0.0227    ndcg@10 : 0.0302    ndcg@20 : 0.0377    
Wed 15 Oct 2025 15:32:18 INFO  epoch 44 training [time: 30.64s, train loss: 1457.3753]
Wed 15 Oct 2025 15:32:49 INFO  epoch 45 training [time: 30.59s, train loss: 1453.0349]
Wed 15 Oct 2025 15:32:51 INFO  epoch 45 evaluating [time: 2.07s, valid_score: 0.065000]
Wed 15 Oct 2025 15:32:51 INFO  valid result: 
recall@3 : 0.0286    recall@5 : 0.0422    recall@10 : 0.065    recall@20 : 0.0953    ndcg@3 : 0.0174    ndcg@5 : 0.0231    ndcg@10 : 0.0304    ndcg@20 : 0.038    
Wed 15 Oct 2025 15:33:21 INFO  epoch 46 training [time: 30.54s, train loss: 1448.2552]
Wed 15 Oct 2025 15:33:52 INFO  epoch 47 training [time: 30.67s, train loss: 1443.6612]
Wed 15 Oct 2025 15:33:54 INFO  epoch 47 evaluating [time: 2.03s, valid_score: 0.065000]
Wed 15 Oct 2025 15:33:54 INFO  valid result: 
recall@3 : 0.0289    recall@5 : 0.042    recall@10 : 0.065    recall@20 : 0.0946    ndcg@3 : 0.0176    ndcg@5 : 0.023    ndcg@10 : 0.0304    ndcg@20 : 0.0379    
Wed 15 Oct 2025 15:34:25 INFO  epoch 48 training [time: 30.80s, train loss: 1439.2299]
Wed 15 Oct 2025 15:34:56 INFO  epoch 49 training [time: 30.63s, train loss: 1434.8529]
Wed 15 Oct 2025 15:34:58 INFO  epoch 49 evaluating [time: 2.04s, valid_score: 0.065400]
Wed 15 Oct 2025 15:34:58 INFO  valid result: 
recall@3 : 0.0283    recall@5 : 0.0423    recall@10 : 0.0654    recall@20 : 0.0944    ndcg@3 : 0.0173    ndcg@5 : 0.0231    ndcg@10 : 0.0305    ndcg@20 : 0.0378    
Wed 15 Oct 2025 15:35:28 INFO  epoch 50 training [time: 30.62s, train loss: 1430.6210]
Wed 15 Oct 2025 15:35:59 INFO  epoch 51 training [time: 30.79s, train loss: 1426.5729]
Wed 15 Oct 2025 15:36:01 INFO  epoch 51 evaluating [time: 2.01s, valid_score: 0.065700]
Wed 15 Oct 2025 15:36:01 INFO  valid result: 
recall@3 : 0.0287    recall@5 : 0.0423    recall@10 : 0.0657    recall@20 : 0.0939    ndcg@3 : 0.0176    ndcg@5 : 0.0232    ndcg@10 : 0.0307    ndcg@20 : 0.0378    
Wed 15 Oct 2025 15:36:01 INFO  Saving current best: saved/SASRecD-Oct-15-2025_15-08-33.pth
Wed 15 Oct 2025 15:36:32 INFO  epoch 52 training [time: 30.67s, train loss: 1421.6204]
Wed 15 Oct 2025 15:37:03 INFO  epoch 53 training [time: 30.71s, train loss: 1417.4525]
Wed 15 Oct 2025 15:37:05 INFO  epoch 53 evaluating [time: 2.03s, valid_score: 0.065400]
Wed 15 Oct 2025 15:37:05 INFO  valid result: 
recall@3 : 0.0288    recall@5 : 0.0424    recall@10 : 0.0654    recall@20 : 0.0942    ndcg@3 : 0.0176    ndcg@5 : 0.0233    ndcg@10 : 0.0306    ndcg@20 : 0.0379    
Wed 15 Oct 2025 15:37:35 INFO  epoch 54 training [time: 30.77s, train loss: 1414.1972]
Wed 15 Oct 2025 15:38:06 INFO  epoch 55 training [time: 30.67s, train loss: 1409.3029]
Wed 15 Oct 2025 15:38:08 INFO  epoch 55 evaluating [time: 2.01s, valid_score: 0.065100]
Wed 15 Oct 2025 15:38:08 INFO  valid result: 
recall@3 : 0.0287    recall@5 : 0.0428    recall@10 : 0.0651    recall@20 : 0.0937    ndcg@3 : 0.0176    ndcg@5 : 0.0233    ndcg@10 : 0.0305    ndcg@20 : 0.0377    
Wed 15 Oct 2025 15:38:39 INFO  epoch 56 training [time: 30.59s, train loss: 1405.4690]
Wed 15 Oct 2025 15:39:09 INFO  epoch 57 training [time: 30.68s, train loss: 1402.4061]
Wed 15 Oct 2025 15:39:11 INFO  epoch 57 evaluating [time: 2.01s, valid_score: 0.065500]
Wed 15 Oct 2025 15:39:11 INFO  valid result: 
recall@3 : 0.0284    recall@5 : 0.0429    recall@10 : 0.0655    recall@20 : 0.0936    ndcg@3 : 0.0175    ndcg@5 : 0.0234    ndcg@10 : 0.0307    ndcg@20 : 0.0377    
Wed 15 Oct 2025 15:39:42 INFO  epoch 58 training [time: 30.56s, train loss: 1398.6211]
Wed 15 Oct 2025 15:40:12 INFO  epoch 59 training [time: 30.60s, train loss: 1394.9995]
Wed 15 Oct 2025 15:40:14 INFO  epoch 59 evaluating [time: 2.01s, valid_score: 0.065200]
Wed 15 Oct 2025 15:40:14 INFO  valid result: 
recall@3 : 0.0289    recall@5 : 0.0423    recall@10 : 0.0652    recall@20 : 0.0936    ndcg@3 : 0.0178    ndcg@5 : 0.0232    ndcg@10 : 0.0306    ndcg@20 : 0.0377    
Wed 15 Oct 2025 15:40:45 INFO  epoch 60 training [time: 30.63s, train loss: 1391.3463]
Wed 15 Oct 2025 15:41:16 INFO  epoch 61 training [time: 30.62s, train loss: 1387.8103]
Wed 15 Oct 2025 15:41:18 INFO  epoch 61 evaluating [time: 2.04s, valid_score: 0.065000]
Wed 15 Oct 2025 15:41:18 INFO  valid result: 
recall@3 : 0.0285    recall@5 : 0.0419    recall@10 : 0.065    recall@20 : 0.0938    ndcg@3 : 0.0175    ndcg@5 : 0.0231    ndcg@10 : 0.0305    ndcg@20 : 0.0377    
Wed 15 Oct 2025 15:41:49 INFO  epoch 62 training [time: 30.78s, train loss: 1383.6970]
Wed 15 Oct 2025 15:42:19 INFO  epoch 63 training [time: 30.59s, train loss: 1380.9187]
Wed 15 Oct 2025 15:42:21 INFO  epoch 63 evaluating [time: 2.01s, valid_score: 0.064400]
Wed 15 Oct 2025 15:42:21 INFO  valid result: 
recall@3 : 0.0282    recall@5 : 0.0422    recall@10 : 0.0644    recall@20 : 0.0933    ndcg@3 : 0.0174    ndcg@5 : 0.0231    ndcg@10 : 0.0303    ndcg@20 : 0.0375    
Wed 15 Oct 2025 15:42:52 INFO  epoch 64 training [time: 30.45s, train loss: 1377.0364]
Wed 15 Oct 2025 15:43:22 INFO  epoch 65 training [time: 30.76s, train loss: 1373.0238]
Wed 15 Oct 2025 15:43:24 INFO  epoch 65 evaluating [time: 2.09s, valid_score: 0.064500]
Wed 15 Oct 2025 15:43:24 INFO  valid result: 
recall@3 : 0.0286    recall@5 : 0.0426    recall@10 : 0.0645    recall@20 : 0.0927    ndcg@3 : 0.0175    ndcg@5 : 0.0233    ndcg@10 : 0.0303    ndcg@20 : 0.0374    
Wed 15 Oct 2025 15:43:55 INFO  epoch 66 training [time: 30.56s, train loss: 1369.9546]
Wed 15 Oct 2025 15:44:26 INFO  epoch 67 training [time: 30.57s, train loss: 1367.7099]
Wed 15 Oct 2025 15:44:28 INFO  epoch 67 evaluating [time: 2.08s, valid_score: 0.064800]
Wed 15 Oct 2025 15:44:28 INFO  valid result: 
recall@3 : 0.0287    recall@5 : 0.0422    recall@10 : 0.0648    recall@20 : 0.0924    ndcg@3 : 0.0177    ndcg@5 : 0.0233    ndcg@10 : 0.0305    ndcg@20 : 0.0375    
Wed 15 Oct 2025 15:44:58 INFO  epoch 68 training [time: 30.51s, train loss: 1363.0699]
Wed 15 Oct 2025 15:45:29 INFO  epoch 69 training [time: 30.58s, train loss: 1360.2378]
Wed 15 Oct 2025 15:45:31 INFO  epoch 69 evaluating [time: 2.07s, valid_score: 0.064400]
Wed 15 Oct 2025 15:45:31 INFO  valid result: 
recall@3 : 0.0277    recall@5 : 0.0423    recall@10 : 0.0644    recall@20 : 0.0921    ndcg@3 : 0.0172    ndcg@5 : 0.0232    ndcg@10 : 0.0303    ndcg@20 : 0.0373    
Wed 15 Oct 2025 15:46:01 INFO  epoch 70 training [time: 30.65s, train loss: 1356.8183]
Wed 15 Oct 2025 15:46:32 INFO  epoch 71 training [time: 30.51s, train loss: 1353.7021]
Wed 15 Oct 2025 15:46:34 INFO  epoch 71 evaluating [time: 2.08s, valid_score: 0.064000]
Wed 15 Oct 2025 15:46:34 INFO  valid result: 
recall@3 : 0.0273    recall@5 : 0.0417    recall@10 : 0.064    recall@20 : 0.0919    ndcg@3 : 0.017    ndcg@5 : 0.0229    ndcg@10 : 0.0301    ndcg@20 : 0.0371    
Wed 15 Oct 2025 15:47:05 INFO  epoch 72 training [time: 30.55s, train loss: 1350.3868]
Wed 15 Oct 2025 15:47:35 INFO  epoch 73 training [time: 30.51s, train loss: 1347.2874]
Wed 15 Oct 2025 15:47:37 INFO  epoch 73 evaluating [time: 2.06s, valid_score: 0.063900]
Wed 15 Oct 2025 15:47:37 INFO  valid result: 
recall@3 : 0.0275    recall@5 : 0.0422    recall@10 : 0.0639    recall@20 : 0.0914    ndcg@3 : 0.0172    ndcg@5 : 0.0232    ndcg@10 : 0.0302    ndcg@20 : 0.0371    
Wed 15 Oct 2025 15:47:37 INFO  Finished training, best eval result in epoch 51
Wed 15 Oct 2025 15:47:37 INFO  Loading model structure and parameters from saved/SASRecD-Oct-15-2025_15-08-33.pth
Wed 15 Oct 2025 15:47:39 INFO  best valid : {'recall@3': np.float64(0.0287), 'recall@5': np.float64(0.0423), 'recall@10': np.float64(0.0657), 'recall@20': np.float64(0.0939), 'ndcg@3': np.float64(0.0176), 'ndcg@5': np.float64(0.0232), 'ndcg@10': np.float64(0.0307), 'ndcg@20': np.float64(0.0378)}
Wed 15 Oct 2025 15:47:39 INFO  test result: {'recall@3': np.float64(0.0223), 'recall@5': np.float64(0.0343), 'recall@10': np.float64(0.0523), 'recall@20': np.float64(0.0785), 'ndcg@3': np.float64(0.0135), 'ndcg@5': np.float64(0.0184), 'ndcg@10': np.float64(0.0242), 'ndcg@20': np.float64(0.0308)}
